{"type":"operationStart","subtype":"profile","data":{"_id":"mbSVsxvd7qCx8jta","timestamp":"2024-02-23T19:15:36.452Z","state":"queued","mode":"standard","creationDate":"2024-02-23T19:15:36.453Z","modificationDate":"2024-02-23T19:15:36.453Z","shortid":"Zwmb5GW","$entitySet":"profiles"},"doDiffs":false,"timestamp":1708715736453,"id":"yyjv05jhgm41ldq","previousOperationId":null,"operationId":"g8h8g9z91z4h7uz"}
{"type":"log","level":"info","message":"Render request 1 queued for execution and waiting for available worker","previousOperationId":"g8h8g9z91z4h7uz","timestamp":1708715736453,"id":"kurf5nwkekljqcy"}
{"type":"operationStart","subtype":"render","name":"TemplateUsers","previousOperationId":"g8h8g9z91z4h7uz","timestamp":1708715736466,"id":"71pf2x5d5hhtlos","previousEventId":"yyjv05jhgm41ldq","operationId":"l5hsey4f5qicy6w"}
{"type":"log","timestamp":1708715736467,"level":"info","message":"Starting rendering request 1","meta":{"rootId":"0rsij7m42wh3nlf","id":"0rsij7m42wh3nlf"},"id":"rzj50s5u50p6lhe","previousOperationId":"l5hsey4f5qicy6w"}
{"type":"log","timestamp":1708715736467,"level":"info","message":"Rendering template { name: TemplateUsers, recipe: chrome-pdf, engine: handlebars, preview: false }","meta":{"rootId":"0rsij7m42wh3nlf","id":"0rsij7m42wh3nlf"},"id":"fzirwdfyrdvqejf","previousOperationId":"l5hsey4f5qicy6w"}
{"type":"log","timestamp":1708715736468,"level":"debug","message":"Inline data specified.","meta":{"rootId":"0rsij7m42wh3nlf","id":"0rsij7m42wh3nlf"},"id":"uwlf9taw5f2hgqp","previousOperationId":"l5hsey4f5qicy6w"}
{"type":"log","timestamp":1708715736470,"level":"debug","message":"Executing script list-data (beforeRender)","meta":{"rootId":"0rsij7m42wh3nlf","id":"0rsij7m42wh3nlf"},"id":"y4rczy0z68xgfcf","previousOperationId":"l5hsey4f5qicy6w"}
{"type":"operationStart","subtype":"scriptsBeforeRender","name":"scripts beforeRender","timestamp":1708715736698,"id":"06wqsvwu5v74p6w","previousEventId":"71pf2x5d5hhtlos","operationId":"89sbie2prrqz1bn","previousOperationId":"l5hsey4f5qicy6w"}
{"type":"operationStart","subtype":"script","name":"scripts list-data","previousOperationId":"89sbie2prrqz1bn","timestamp":1708715736698,"id":"sj8mzc5qx2zwthg","previousEventId":"06wqsvwu5v74p6w","operationId":"unh54hm18x61yib"}
{"type":"log","timestamp":1708715736713,"level":"debug","message":"(console:log) []","meta":{"userLevel":true,"rootId":"0rsij7m42wh3nlf","id":"0rsij7m42wh3nlf"},"id":"t23mofdgulkc47r","previousOperationId":"unh54hm18x61yib"}
{"type":"log","timestamp":1708715736725,"level":"debug","message":"(console:log) [\n  {\n    id: 1,\n    nickname: 'a',\n    is_admin: true,\n    created_at: '2024-02-23T19:14:46.163Z',\n    updated_at: '2024-02-23T19:14:46.163Z',\n    email: 'aa@aa',\n    jti: '91d3f777-c410-4b69-91f1-d374ed9d3894'\n  }\n]","meta":{"userLevel":true,"rootId":"0rsij7m42wh3nlf","id":"0rsij7m42wh3nlf"},"id":"dgz0p4ib11f5j3x","previousOperationId":"unh54hm18x61yib"}
{"type":"operationEnd","operationId":"unh54hm18x61yib","timestamp":1708715736726,"id":"498dwa00vll985m","previousEventId":"71pf2x5d5hhtlos","previousOperationId":"l5hsey4f5qicy6w"}
{"type":"operationEnd","operationId":"89sbie2prrqz1bn","timestamp":1708715736726,"id":"bq6lkeb96rlgm56","previousEventId":"498dwa00vll985m","previousOperationId":"l5hsey4f5qicy6w"}
{"type":"log","timestamp":1708715736726,"level":"debug","message":"Base url not specified, skipping its injection.","meta":{"rootId":"0rsij7m42wh3nlf","id":"0rsij7m42wh3nlf"},"id":"npcs251ia2rs31y","previousOperationId":"89sbie2prrqz1bn"}
{"type":"operationStart","subtype":"engine","name":"handlebars","timestamp":1708715736727,"id":"65en02eo777aa99","previousEventId":"bq6lkeb96rlgm56","operationId":"65x36buvvh5pcz5","previousOperationId":"89sbie2prrqz1bn"}
{"type":"log","timestamp":1708715736727,"level":"debug","message":"Rendering engine handlebars","meta":{"rootId":"0rsij7m42wh3nlf","id":"0rsij7m42wh3nlf"},"id":"mv5rvs89rj9eoke","previousOperationId":"65x36buvvh5pcz5"}
{"type":"operationEnd","operationId":"65x36buvvh5pcz5","timestamp":1708715736909,"id":"uw1c4xauzkthxt8","previousEventId":"65en02eo777aa99","previousOperationId":"65x36buvvh5pcz5"}
{"type":"operationStart","subtype":"recipe","name":"chrome-pdf","timestamp":1708715736910,"id":"qryp1gdlcp6f1tr","previousEventId":"uw1c4xauzkthxt8","operationId":"gmhk5c8veo9fxkf","previousOperationId":"65x36buvvh5pcz5"}
{"type":"log","timestamp":1708715736910,"level":"debug","message":"Executing recipe chrome-pdf","meta":{"rootId":"0rsij7m42wh3nlf","id":"0rsij7m42wh3nlf"},"id":"qf9fbfkzdpxsgov","previousOperationId":"gmhk5c8veo9fxkf"}
{"type":"log","timestamp":1708715737496,"level":"debug","message":"Converting with chrome HeadlessChrome/117.0.5938.149 using chrome-pool strategy","meta":{"rootId":"0rsij7m42wh3nlf","id":"0rsij7m42wh3nlf"},"id":"fzw9az3of8bm3je","previousOperationId":"gmhk5c8veo9fxkf"}
{"type":"log","timestamp":1708715737672,"level":"debug","message":"Page request: GET (document) file:///tmp/jsreport/autocleanup/18c44aec-4ad5-47a5-841e-9f0e2a306f58-chrome-pdf.html","meta":{"rootId":"0rsij7m42wh3nlf","id":"0rsij7m42wh3nlf"},"id":"ohv19t76ysjj6pl","previousOperationId":"gmhk5c8veo9fxkf"}
{"type":"log","timestamp":1708715737686,"level":"debug","message":"Page request: GET (stylesheet) https://cdn.jsdelivr.net/chartist.js/latest/chartist.min.css","meta":{"rootId":"0rsij7m42wh3nlf","id":"0rsij7m42wh3nlf"},"id":"7qwkw6oo18d8heq","previousOperationId":"gmhk5c8veo9fxkf"}
{"type":"log","timestamp":1708715737686,"level":"debug","message":"Page request: GET (script) https://cdn.jsdelivr.net/chartist.js/latest/chartist.min.js","meta":{"rootId":"0rsij7m42wh3nlf","id":"0rsij7m42wh3nlf"},"id":"vuj8di09fz7kez4","previousOperationId":"gmhk5c8veo9fxkf"}
{"type":"log","timestamp":1708715737686,"level":"debug","message":"Page request finished: GET (document) 200 file:///tmp/jsreport/autocleanup/18c44aec-4ad5-47a5-841e-9f0e2a306f58-chrome-pdf.html","meta":{"rootId":"0rsij7m42wh3nlf","id":"0rsij7m42wh3nlf"},"id":"115kss8a3x3msy6","previousOperationId":"gmhk5c8veo9fxkf"}
{"type":"log","timestamp":1708715737872,"level":"debug","message":"Page request finished: GET (stylesheet) 200 https://cdn.jsdelivr.net/chartist.js/latest/chartist.min.css","meta":{"rootId":"0rsij7m42wh3nlf","id":"0rsij7m42wh3nlf"},"id":"dfr6geykus8gfam","previousOperationId":"gmhk5c8veo9fxkf"}
{"type":"log","timestamp":1708715737876,"level":"debug","message":"Page request finished: GET (script) 200 https://cdn.jsdelivr.net/chartist.js/latest/chartist.min.js","meta":{"rootId":"0rsij7m42wh3nlf","id":"0rsij7m42wh3nlf"},"id":"4i5w0pzy572mq0x","previousOperationId":"gmhk5c8veo9fxkf"}
{"type":"log","timestamp":1708715737896,"level":"debug","message":"Running chrome with params {\"printBackground\":true,\"timeout\":59416,\"margin\":{}}","meta":{"rootId":"0rsij7m42wh3nlf","id":"0rsij7m42wh3nlf"},"id":"6j0rlvxd7inx1n5","previousOperationId":"gmhk5c8veo9fxkf"}
{"type":"operationEnd","operationId":"gmhk5c8veo9fxkf","timestamp":1708715737926,"id":"s7d7dzx51umnnu3","previousEventId":"qryp1gdlcp6f1tr","previousOperationId":"gmhk5c8veo9fxkf"}
{"type":"log","timestamp":1708715737926,"level":"debug","message":"Executing script list-data (afterRender)","meta":{"rootId":"0rsij7m42wh3nlf","id":"0rsij7m42wh3nlf"},"id":"ocyouakfsl4anff","previousOperationId":"gmhk5c8veo9fxkf"}
{"type":"operationStart","subtype":"scriptsAfterRender","name":"scripts afterRender","timestamp":1708715737930,"id":"ye1swyyp542r9ha","previousEventId":"s7d7dzx51umnnu3","operationId":"ulb4oqck8mn1z91","previousOperationId":"gmhk5c8veo9fxkf"}
{"type":"operationStart","subtype":"script","name":"scripts list-data","previousOperationId":"ulb4oqck8mn1z91","timestamp":1708715737930,"id":"b1zs3po17lrqzxs","previousEventId":"ye1swyyp542r9ha","operationId":"yvpb55d5po2ry1f"}
{"type":"operationEnd","operationId":"yvpb55d5po2ry1f","timestamp":1708715737934,"id":"mkrexyurn97hqud","previousEventId":"s7d7dzx51umnnu3","previousOperationId":"gmhk5c8veo9fxkf"}
{"type":"operationEnd","operationId":"ulb4oqck8mn1z91","timestamp":1708715737934,"id":"sd9olykdcs1kbta","previousEventId":"mkrexyurn97hqud","previousOperationId":"gmhk5c8veo9fxkf"}
{"type":"log","timestamp":1708715737934,"level":"debug","message":"Skipping storing report.","meta":{"rootId":"0rsij7m42wh3nlf","id":"0rsij7m42wh3nlf"},"id":"s418goxw0nrdzjq","previousOperationId":"ulb4oqck8mn1z91"}
{"type":"log","timestamp":1708715737934,"level":"info","message":"Rendering request 1 finished in 1483 ms","meta":{"rootId":"0rsij7m42wh3nlf","id":"0rsij7m42wh3nlf"},"id":"yml4w7yoktj924x","previousOperationId":"ulb4oqck8mn1z91"}
{"type":"operationEnd","subtype":"render","operationId":"l5hsey4f5qicy6w","timestamp":1708715737934,"id":"3vj9clh349fcnh6","previousEventId":"sd9olykdcs1kbta","previousOperationId":"ulb4oqck8mn1z91"}
{"type":"operationEnd","doDiffs":false,"previousEventId":"yyjv05jhgm41ldq","previousOperationId":"g8h8g9z91z4h7uz","operationId":"g8h8g9z91z4h7uz","timestamp":1708715737936,"id":"w11ek1p6bmeb5i4"}
