{"type":"operationStart","subtype":"profile","data":{"_id":"gcehMUJuw6L1vMfp","timestamp":"2024-02-23T19:16:16.674Z","state":"queued","mode":"standard","creationDate":"2024-02-23T19:16:16.675Z","modificationDate":"2024-02-23T19:16:16.675Z","shortid":"nHNPxvs","$entitySet":"profiles"},"doDiffs":false,"timestamp":1708715776675,"id":"8w5no61wfm32gls","previousOperationId":null,"operationId":"vfkuz8mgs1tl8o2"}
{"type":"log","level":"info","message":"Render request 4 queued for execution and waiting for available worker","previousOperationId":"vfkuz8mgs1tl8o2","timestamp":1708715776675,"id":"mbij5356rbzfdmh"}
{"type":"operationStart","subtype":"render","name":"TemplateUsers","previousOperationId":"vfkuz8mgs1tl8o2","timestamp":1708715776679,"id":"w3izcg5dx6von0h","previousEventId":"8w5no61wfm32gls","operationId":"iwo1xyu19rbgat1"}
{"type":"log","timestamp":1708715776679,"level":"info","message":"Starting rendering request 4","meta":{"rootId":"dng7po75ybsfuad","id":"dng7po75ybsfuad"},"id":"z7o2n4yhh8g3251","previousOperationId":"iwo1xyu19rbgat1"}
{"type":"log","timestamp":1708715776679,"level":"info","message":"Rendering template { name: TemplateUsers, recipe: chrome-pdf, engine: handlebars, preview: false }","meta":{"rootId":"dng7po75ybsfuad","id":"dng7po75ybsfuad"},"id":"0ywv80lubmbqzfj","previousOperationId":"iwo1xyu19rbgat1"}
{"type":"log","timestamp":1708715776680,"level":"debug","message":"Inline data specified.","meta":{"rootId":"dng7po75ybsfuad","id":"dng7po75ybsfuad"},"id":"6sndm8ccibxdnwf","previousOperationId":"iwo1xyu19rbgat1"}
{"type":"log","timestamp":1708715776682,"level":"debug","message":"Executing script list-data (beforeRender)","meta":{"rootId":"dng7po75ybsfuad","id":"dng7po75ybsfuad"},"id":"eccll3ptea7zv51","previousOperationId":"iwo1xyu19rbgat1"}
{"type":"operationStart","subtype":"scriptsBeforeRender","name":"scripts beforeRender","timestamp":1708715776689,"id":"fd303bifdpg08z8","previousEventId":"w3izcg5dx6von0h","operationId":"wm97xhmh8dav2ol","previousOperationId":"iwo1xyu19rbgat1"}
{"type":"operationStart","subtype":"script","name":"scripts list-data","previousOperationId":"wm97xhmh8dav2ol","timestamp":1708715776689,"id":"woxagtqs03el8xm","previousEventId":"fd303bifdpg08z8","operationId":"xuxunibflsao9s3"}
{"type":"log","timestamp":1708715776696,"level":"debug","message":"(console:log) []","meta":{"userLevel":true,"rootId":"dng7po75ybsfuad","id":"dng7po75ybsfuad"},"id":"1qmqu29v4wrwmsy","previousOperationId":"xuxunibflsao9s3"}
{"type":"log","timestamp":1708715776701,"level":"debug","message":"(console:log) [\n  {\n    id: 1,\n    nickname: 'a',\n    is_admin: true,\n    created_at: '2024-02-23T19:14:46.163Z',\n    updated_at: '2024-02-23T19:14:46.163Z',\n    email: 'aa@aa',\n    jti: '91d3f777-c410-4b69-91f1-d374ed9d3894'\n  }\n]","meta":{"userLevel":true,"rootId":"dng7po75ybsfuad","id":"dng7po75ybsfuad"},"id":"ukf35tc2jifj527","previousOperationId":"xuxunibflsao9s3"}
{"type":"operationEnd","operationId":"xuxunibflsao9s3","timestamp":1708715776702,"id":"1zt8l0gratwfssd","previousEventId":"w3izcg5dx6von0h","previousOperationId":"iwo1xyu19rbgat1"}
{"type":"operationEnd","operationId":"wm97xhmh8dav2ol","timestamp":1708715776702,"id":"my8q1ebi2khrcbs","previousEventId":"1zt8l0gratwfssd","previousOperationId":"iwo1xyu19rbgat1"}
{"type":"log","timestamp":1708715776702,"level":"debug","message":"Base url not specified, skipping its injection.","meta":{"rootId":"dng7po75ybsfuad","id":"dng7po75ybsfuad"},"id":"kv2lh6c5e5sskvi","previousOperationId":"wm97xhmh8dav2ol"}
{"type":"operationStart","subtype":"engine","name":"handlebars","timestamp":1708715776702,"id":"bi6dzyjjc0yasfq","previousEventId":"my8q1ebi2khrcbs","operationId":"r99tq28unkryr8h","previousOperationId":"wm97xhmh8dav2ol"}
{"type":"log","timestamp":1708715776702,"level":"debug","message":"Rendering engine handlebars","meta":{"rootId":"dng7po75ybsfuad","id":"dng7po75ybsfuad"},"id":"xnj20oapfqxwv8j","previousOperationId":"r99tq28unkryr8h"}
{"type":"operationEnd","operationId":"r99tq28unkryr8h","timestamp":1708715776713,"id":"18fpd8q5s1c5w1z","previousEventId":"bi6dzyjjc0yasfq","previousOperationId":"r99tq28unkryr8h"}
{"type":"operationStart","subtype":"recipe","name":"chrome-pdf","timestamp":1708715776713,"id":"79wbp00yrxpm9wz","previousEventId":"18fpd8q5s1c5w1z","operationId":"dwr3qdsmtlt9r75","previousOperationId":"r99tq28unkryr8h"}
{"type":"log","timestamp":1708715776713,"level":"debug","message":"Executing recipe chrome-pdf","meta":{"rootId":"dng7po75ybsfuad","id":"dng7po75ybsfuad"},"id":"1a6gvyc1oej7zyk","previousOperationId":"dwr3qdsmtlt9r75"}
{"type":"log","timestamp":1708715776714,"level":"debug","message":"Converting with chrome HeadlessChrome/117.0.5938.149 using chrome-pool strategy","meta":{"rootId":"dng7po75ybsfuad","id":"dng7po75ybsfuad"},"id":"z4qc84qw6f3lnft","previousOperationId":"dwr3qdsmtlt9r75"}
{"type":"log","timestamp":1708715776736,"level":"debug","message":"Page request: GET (document) file:///tmp/jsreport/autocleanup/fc2563f0-ff85-4cf1-9745-203a6e8f92f5-chrome-pdf.html","meta":{"rootId":"dng7po75ybsfuad","id":"dng7po75ybsfuad"},"id":"n17y3jvtfv8gonm","previousOperationId":"dwr3qdsmtlt9r75"}
{"type":"log","timestamp":1708715776741,"level":"debug","message":"Page request: GET (stylesheet) https://cdn.jsdelivr.net/chartist.js/latest/chartist.min.css","meta":{"rootId":"dng7po75ybsfuad","id":"dng7po75ybsfuad"},"id":"fd6mr0684qj3r41","previousOperationId":"dwr3qdsmtlt9r75"}
{"type":"log","timestamp":1708715776742,"level":"debug","message":"Page request: GET (script) https://cdn.jsdelivr.net/chartist.js/latest/chartist.min.js","meta":{"rootId":"dng7po75ybsfuad","id":"dng7po75ybsfuad"},"id":"yb3p9awkhzj4c26","previousOperationId":"dwr3qdsmtlt9r75"}
{"type":"log","timestamp":1708715776742,"level":"debug","message":"Page request finished: GET (document) 200 file:///tmp/jsreport/autocleanup/fc2563f0-ff85-4cf1-9745-203a6e8f92f5-chrome-pdf.html","meta":{"rootId":"dng7po75ybsfuad","id":"dng7po75ybsfuad"},"id":"ntm9an9fsparnri","previousOperationId":"dwr3qdsmtlt9r75"}
{"type":"log","timestamp":1708715776744,"level":"debug","message":"Page request finished: GET (stylesheet) 200 https://cdn.jsdelivr.net/chartist.js/latest/chartist.min.css","meta":{"rootId":"dng7po75ybsfuad","id":"dng7po75ybsfuad"},"id":"dfkrgz2cie85r1i","previousOperationId":"dwr3qdsmtlt9r75"}
{"type":"log","timestamp":1708715776745,"level":"debug","message":"Page request finished: GET (script) 200 https://cdn.jsdelivr.net/chartist.js/latest/chartist.min.js","meta":{"rootId":"dng7po75ybsfuad","id":"dng7po75ybsfuad"},"id":"d287p8qcw5w4s6l","previousOperationId":"dwr3qdsmtlt9r75"}
{"type":"log","timestamp":1708715776753,"level":"debug","message":"Running chrome with params {\"printBackground\":true,\"timeout\":59960,\"margin\":{}}","meta":{"rootId":"dng7po75ybsfuad","id":"dng7po75ybsfuad"},"id":"87t8gct3q2gjghl","previousOperationId":"dwr3qdsmtlt9r75"}
{"type":"operationEnd","operationId":"dwr3qdsmtlt9r75","timestamp":1708715776762,"id":"mz8oj172ukebnzp","previousEventId":"79wbp00yrxpm9wz","previousOperationId":"dwr3qdsmtlt9r75"}
{"type":"log","timestamp":1708715776762,"level":"debug","message":"Executing script list-data (afterRender)","meta":{"rootId":"dng7po75ybsfuad","id":"dng7po75ybsfuad"},"id":"1zd1vchu9hw0p2c","previousOperationId":"dwr3qdsmtlt9r75"}
{"type":"operationStart","subtype":"scriptsAfterRender","name":"scripts afterRender","timestamp":1708715776766,"id":"dzq7q1bgcnhff69","previousEventId":"mz8oj172ukebnzp","operationId":"u5ukvzgfh6knp4g","previousOperationId":"dwr3qdsmtlt9r75"}
{"type":"operationStart","subtype":"script","name":"scripts list-data","previousOperationId":"u5ukvzgfh6knp4g","timestamp":1708715776766,"id":"zulfl1mjw4c120g","previousEventId":"dzq7q1bgcnhff69","operationId":"inzxq0817btftaw"}
{"type":"operationEnd","operationId":"inzxq0817btftaw","timestamp":1708715776768,"id":"hiuo5ai8p1jqifu","previousEventId":"mz8oj172ukebnzp","previousOperationId":"dwr3qdsmtlt9r75"}
{"type":"operationEnd","operationId":"u5ukvzgfh6knp4g","timestamp":1708715776768,"id":"t1qgijokr4izx90","previousEventId":"hiuo5ai8p1jqifu","previousOperationId":"dwr3qdsmtlt9r75"}
{"type":"log","timestamp":1708715776768,"level":"debug","message":"Skipping storing report.","meta":{"rootId":"dng7po75ybsfuad","id":"dng7po75ybsfuad"},"id":"jl80nkixr2yalum","previousOperationId":"u5ukvzgfh6knp4g"}
{"type":"log","timestamp":1708715776768,"level":"info","message":"Rendering request 4 finished in 94 ms","meta":{"rootId":"dng7po75ybsfuad","id":"dng7po75ybsfuad"},"id":"13nyv09xpk9zl6h","previousOperationId":"u5ukvzgfh6knp4g"}
{"type":"operationEnd","subtype":"render","operationId":"iwo1xyu19rbgat1","timestamp":1708715776768,"id":"cgl839x93rz3e5y","previousEventId":"t1qgijokr4izx90","previousOperationId":"u5ukvzgfh6knp4g"}
{"type":"operationEnd","doDiffs":false,"previousEventId":"8w5no61wfm32gls","previousOperationId":"vfkuz8mgs1tl8o2","operationId":"vfkuz8mgs1tl8o2","timestamp":1708715776769,"id":"adloba27hv98ycp"}
