{"type":"operationStart","subtype":"profile","data":{"_id":"A2UxssmYx2njbwzm","timestamp":"2024-02-20T19:40:01.881Z","state":"queued","mode":"standard","creationDate":"2024-02-20T19:40:01.881Z","modificationDate":"2024-02-20T19:40:01.881Z","shortid":"NaTl23i","$entitySet":"profiles"},"doDiffs":false,"timestamp":1708458001881,"id":"2yxc1cm0a9fdkpm","previousOperationId":null,"operationId":"47o6dt8uv1b7t6y"}
{"type":"log","level":"info","message":"Render request 91 queued for execution and waiting for available worker","previousOperationId":"47o6dt8uv1b7t6y","timestamp":1708458001881,"id":"4g4r4su417xjer0"}
{"type":"operationStart","subtype":"render","name":"TemplateUsers","previousOperationId":"47o6dt8uv1b7t6y","timestamp":1708458001885,"id":"6bihs03kq9but01","previousEventId":"2yxc1cm0a9fdkpm","operationId":"093bwphz1e9zm2n"}
{"type":"log","timestamp":1708458001885,"level":"info","message":"Starting rendering request 91","meta":{"rootId":"mjp1i4qft3uulqd","id":"mjp1i4qft3uulqd"},"id":"vsfyspii879in60","previousOperationId":"093bwphz1e9zm2n"}
{"type":"log","timestamp":1708458001885,"level":"info","message":"Rendering template { name: TemplateUsers, recipe: chrome-pdf, engine: handlebars, preview: false }","meta":{"rootId":"mjp1i4qft3uulqd","id":"mjp1i4qft3uulqd"},"id":"gzdeytsfcyl1z35","previousOperationId":"093bwphz1e9zm2n"}
{"type":"log","timestamp":1708458001886,"level":"debug","message":"Data item not defined for this template.","meta":{"rootId":"mjp1i4qft3uulqd","id":"mjp1i4qft3uulqd"},"id":"y25ccfrsjhe5t49","previousOperationId":"093bwphz1e9zm2n"}
{"type":"log","timestamp":1708458001887,"level":"debug","message":"Executing script list-data (beforeRender)","meta":{"rootId":"mjp1i4qft3uulqd","id":"mjp1i4qft3uulqd"},"id":"itg9kkuumwn3avo","previousOperationId":"093bwphz1e9zm2n"}
{"type":"operationStart","subtype":"scriptsBeforeRender","name":"scripts beforeRender","timestamp":1708458001890,"id":"nu4lez9z7hve1lo","previousEventId":"6bihs03kq9but01","operationId":"2vlald6a6vynwnc","previousOperationId":"093bwphz1e9zm2n"}
{"type":"operationStart","subtype":"script","name":"scripts list-data","previousOperationId":"2vlald6a6vynwnc","timestamp":1708458001890,"id":"n38su8258xoi98u","previousEventId":"nu4lez9z7hve1lo","operationId":"i5zeln511rt2xlp"}
{"type":"log","timestamp":1708458001908,"level":"debug","message":"(console:log) [\n  {\n    list_description: {\n      id: 2,\n      list_name: 'sarshisha',\n      list_current_number: 13,\n      list_limit_number: 0\n    },\n    list_image: {\n      url: 'http://localhost:4000/rails/active_storage/blobs/redirect/eyJfcmFpbHMiOnsiZGF0YSI6MywicHVyIjoiYmxvYl9pZCJ9fQ==--07183cfade35ce6ffe715f60749642919ec61f5d/charcuteria.png'\n    }\n  },\n  {\n    list_description: {\n      id: 3,\n      list_name: 'stjsjshtshn',\n      list_current_number: 4,\n      list_limit_number: 0\n    },\n    list_image: {\n      url: 'http://localhost:4000/rails/active_storage/blobs/redirect/eyJfcmFpbHMiOnsiZGF0YSI6NCwicHVyIjoiYmxvYl9pZCJ9fQ==--023aae65cb60b3f6c6d73a9c76e14c0b0df6ad86/dibujoadrian.jpg'\n    }\n  },\n  {\n    list_description: {\n      id: 1,\n      list_name: 'charcuteria',\n      list_current_number: 1,\n      list_limit_number: 0\n    },\n    list_image: {\n      url: 'http://localhost:4000/rails/active_storage/blobs/redirect/eyJfcmFpbHMiOnsiZGF0YSI6MiwicHVyIjoiYmxvYl9pZCJ9fQ==--ee6d56bf52163135b48a4ba2c22b11a93e94d3b3/charcuteria.png'\n    }\n  }\n]","meta":{"userLevel":true,"rootId":"mjp1i4qft3uulqd","id":"mjp1i4qft3uulqd"},"id":"rq8sbn92836g7lh","previousOperationId":"i5zeln511rt2xlp"}
{"type":"log","timestamp":1708458001916,"level":"debug","message":"(console:log) [\n  {\n    id: 1,\n    nickname: 'a',\n    is_admin: true,\n    suscriptor: null,\n    created_at: '2024-02-20T16:45:37.609Z',\n    updated_at: '2024-02-20T16:45:37.729Z',\n    email: 'a@a.a',\n    jti: '6a2b57ca-af4b-47a0-8285-477cffafa34b'\n  }\n]","meta":{"userLevel":true,"rootId":"mjp1i4qft3uulqd","id":"mjp1i4qft3uulqd"},"id":"plwibi9bpd9ao88","previousOperationId":"i5zeln511rt2xlp"}
{"type":"operationEnd","operationId":"i5zeln511rt2xlp","timestamp":1708458001916,"id":"w6xfb5jz4u6c3t0","previousEventId":"6bihs03kq9but01","previousOperationId":"093bwphz1e9zm2n"}
{"type":"operationEnd","operationId":"2vlald6a6vynwnc","timestamp":1708458001916,"id":"d0iykwhx1e5ky63","previousEventId":"w6xfb5jz4u6c3t0","previousOperationId":"093bwphz1e9zm2n"}
{"type":"log","timestamp":1708458001916,"level":"debug","message":"Base url not specified, skipping its injection.","meta":{"rootId":"mjp1i4qft3uulqd","id":"mjp1i4qft3uulqd"},"id":"4rf3mapk47touqz","previousOperationId":"2vlald6a6vynwnc"}
{"type":"operationStart","subtype":"engine","name":"handlebars","timestamp":1708458001916,"id":"7urtj9mqye37gp5","previousEventId":"d0iykwhx1e5ky63","operationId":"0js3j2u4tsqmvvn","previousOperationId":"2vlald6a6vynwnc"}
{"type":"log","timestamp":1708458001916,"level":"debug","message":"Rendering engine handlebars","meta":{"rootId":"mjp1i4qft3uulqd","id":"mjp1i4qft3uulqd"},"id":"pxz77eg9fjpxlof","previousOperationId":"0js3j2u4tsqmvvn"}
{"type":"operationEnd","operationId":"0js3j2u4tsqmvvn","timestamp":1708458001922,"id":"fumqzi7od0yuq22","previousEventId":"7urtj9mqye37gp5","previousOperationId":"0js3j2u4tsqmvvn"}
{"type":"operationStart","subtype":"recipe","name":"chrome-pdf","timestamp":1708458001922,"id":"o57ia0tdvh95ega","previousEventId":"fumqzi7od0yuq22","operationId":"wk36stjk2hmsf93","previousOperationId":"0js3j2u4tsqmvvn"}
{"type":"log","timestamp":1708458001922,"level":"debug","message":"Executing recipe chrome-pdf","meta":{"rootId":"mjp1i4qft3uulqd","id":"mjp1i4qft3uulqd"},"id":"u3vy9fwo9xc6p67","previousOperationId":"wk36stjk2hmsf93"}
{"type":"log","timestamp":1708458001924,"level":"debug","message":"Converting with chrome HeadlessChrome/117.0.5938.149 using chrome-pool strategy","meta":{"rootId":"mjp1i4qft3uulqd","id":"mjp1i4qft3uulqd"},"id":"beg69z9a9erzfw3","previousOperationId":"wk36stjk2hmsf93"}
{"type":"log","timestamp":1708458001956,"level":"debug","message":"Page request: GET (document) file:///tmp/jsreport/autocleanup/0b4b49b8-aa5d-4eeb-bde1-1a3a1f32255c-chrome-pdf.html","meta":{"rootId":"mjp1i4qft3uulqd","id":"mjp1i4qft3uulqd"},"id":"shm0kb4ootpudjn","previousOperationId":"wk36stjk2hmsf93"}
{"type":"log","timestamp":1708458001965,"level":"debug","message":"Page request: GET (stylesheet) https://cdn.jsdelivr.net/chartist.js/latest/chartist.min.css","meta":{"rootId":"mjp1i4qft3uulqd","id":"mjp1i4qft3uulqd"},"id":"76b0hdoa1n1ebr7","previousOperationId":"wk36stjk2hmsf93"}
{"type":"log","timestamp":1708458001965,"level":"debug","message":"Page request: GET (script) https://cdn.jsdelivr.net/chartist.js/latest/chartist.min.js","meta":{"rootId":"mjp1i4qft3uulqd","id":"mjp1i4qft3uulqd"},"id":"qcqve7n44cvdtc1","previousOperationId":"wk36stjk2hmsf93"}
{"type":"log","timestamp":1708458001965,"level":"debug","message":"Page request finished: GET (document) 200 file:///tmp/jsreport/autocleanup/0b4b49b8-aa5d-4eeb-bde1-1a3a1f32255c-chrome-pdf.html","meta":{"rootId":"mjp1i4qft3uulqd","id":"mjp1i4qft3uulqd"},"id":"kq795ysd2k4s4qq","previousOperationId":"wk36stjk2hmsf93"}
{"type":"log","timestamp":1708458001968,"level":"debug","message":"Page request finished: GET (stylesheet) 200 https://cdn.jsdelivr.net/chartist.js/latest/chartist.min.css","meta":{"rootId":"mjp1i4qft3uulqd","id":"mjp1i4qft3uulqd"},"id":"k97xq8bxfyyjs08","previousOperationId":"wk36stjk2hmsf93"}
{"type":"log","timestamp":1708458001969,"level":"debug","message":"Page request finished: GET (script) 200 https://cdn.jsdelivr.net/chartist.js/latest/chartist.min.js","meta":{"rootId":"mjp1i4qft3uulqd","id":"mjp1i4qft3uulqd"},"id":"2r7svbt15yctyzy","previousOperationId":"wk36stjk2hmsf93"}
{"type":"log","timestamp":1708458001974,"level":"debug","message":"Running chrome with params {\"printBackground\":true,\"timeout\":59957,\"margin\":{}}","meta":{"rootId":"mjp1i4qft3uulqd","id":"mjp1i4qft3uulqd"},"id":"2oqy9fb0q9p8b6k","previousOperationId":"wk36stjk2hmsf93"}
{"type":"operationEnd","operationId":"wk36stjk2hmsf93","timestamp":1708458001984,"id":"hnlmsf0mhifanjw","previousEventId":"o57ia0tdvh95ega","previousOperationId":"wk36stjk2hmsf93"}
{"type":"log","timestamp":1708458001984,"level":"debug","message":"Skipping storing report.","meta":{"rootId":"mjp1i4qft3uulqd","id":"mjp1i4qft3uulqd"},"id":"g995aheoyjzg452","previousOperationId":"wk36stjk2hmsf93"}
{"type":"log","timestamp":1708458001984,"level":"info","message":"Rendering request 91 finished in 104 ms","meta":{"rootId":"mjp1i4qft3uulqd","id":"mjp1i4qft3uulqd"},"id":"3448a6nk1ao4lth","previousOperationId":"wk36stjk2hmsf93"}
{"type":"operationEnd","subtype":"render","operationId":"093bwphz1e9zm2n","timestamp":1708458001985,"id":"q29ucxxhxtjgqs2","previousEventId":"hnlmsf0mhifanjw","previousOperationId":"wk36stjk2hmsf93"}
{"type":"operationEnd","doDiffs":false,"previousEventId":"2yxc1cm0a9fdkpm","previousOperationId":"47o6dt8uv1b7t6y","operationId":"47o6dt8uv1b7t6y","timestamp":1708458001987,"id":"vp5l2svom4eig5p"}
