{"type":"operationStart","subtype":"profile","data":{"_id":"o8npxgUibhbF30dh","timestamp":"2024-02-20T19:30:57.275Z","state":"queued","mode":"standard","creationDate":"2024-02-20T19:30:57.275Z","modificationDate":"2024-02-20T19:30:57.275Z","shortid":"OY9AiAv","$entitySet":"profiles"},"doDiffs":false,"timestamp":1708457457275,"id":"qs72xbvoj34ytlz","previousOperationId":null,"operationId":"mvr71dyjvd80wub"}
{"type":"log","level":"info","message":"Render request 86 queued for execution and waiting for available worker","previousOperationId":"mvr71dyjvd80wub","timestamp":1708457457275,"id":"nkn24b6knub5fxf"}
{"type":"operationStart","subtype":"render","name":"TemplateUsers","previousOperationId":"mvr71dyjvd80wub","timestamp":1708457457279,"id":"4f02wjng1j3fmo5","previousEventId":"qs72xbvoj34ytlz","operationId":"h6btmmxm45amxnu"}
{"type":"log","timestamp":1708457457279,"level":"info","message":"Starting rendering request 86","meta":{"rootId":"ruagng163g0fsrj","id":"ruagng163g0fsrj"},"id":"kf7z4pv7alg31fr","previousOperationId":"h6btmmxm45amxnu"}
{"type":"log","timestamp":1708457457279,"level":"info","message":"Rendering template { name: TemplateUsers, recipe: chrome-pdf, engine: handlebars, preview: true }","meta":{"rootId":"ruagng163g0fsrj","id":"ruagng163g0fsrj"},"id":"b25vwr5pmijm959","previousOperationId":"h6btmmxm45amxnu"}
{"type":"log","timestamp":1708457457280,"level":"debug","message":"Data item not defined for this template.","meta":{"rootId":"ruagng163g0fsrj","id":"ruagng163g0fsrj"},"id":"jjzzgzqj2r1anbv","previousOperationId":"h6btmmxm45amxnu"}
{"type":"log","timestamp":1708457457281,"level":"debug","message":"Executing script list-data (beforeRender)","meta":{"rootId":"ruagng163g0fsrj","id":"ruagng163g0fsrj"},"id":"zdkdhxvos6uy5yg","previousOperationId":"h6btmmxm45amxnu"}
{"type":"operationStart","subtype":"scriptsBeforeRender","name":"scripts beforeRender","timestamp":1708457457285,"id":"mbmwfex6k9v5s46","previousEventId":"4f02wjng1j3fmo5","operationId":"w4eea8j3irznze0","previousOperationId":"h6btmmxm45amxnu"}
{"type":"operationStart","subtype":"script","name":"scripts list-data","previousOperationId":"w4eea8j3irznze0","timestamp":1708457457285,"id":"o7nzrixvbidezgy","previousEventId":"mbmwfex6k9v5s46","operationId":"9nduqjkah7ztb2i"}
{"type":"log","timestamp":1708457457307,"level":"debug","message":"(console:log) [\n  {\n    list_description: {\n      id: 2,\n      list_name: 'sarshisha',\n      list_current_number: 13,\n      list_limit_number: 0\n    },\n    list_image: {\n      url: 'http://localhost:4000/rails/active_storage/blobs/redirect/eyJfcmFpbHMiOnsiZGF0YSI6MywicHVyIjoiYmxvYl9pZCJ9fQ==--07183cfade35ce6ffe715f60749642919ec61f5d/charcuteria.png'\n    }\n  },\n  {\n    list_description: {\n      id: 3,\n      list_name: 'stjsjshtshn',\n      list_current_number: 4,\n      list_limit_number: 0\n    },\n    list_image: {\n      url: 'http://localhost:4000/rails/active_storage/blobs/redirect/eyJfcmFpbHMiOnsiZGF0YSI6NCwicHVyIjoiYmxvYl9pZCJ9fQ==--023aae65cb60b3f6c6d73a9c76e14c0b0df6ad86/dibujoadrian.jpg'\n    }\n  },\n  {\n    list_description: {\n      id: 1,\n      list_name: 'charcuteria',\n      list_current_number: 1,\n      list_limit_number: 0\n    },\n    list_image: {\n      url: 'http://localhost:4000/rails/active_storage/blobs/redirect/eyJfcmFpbHMiOnsiZGF0YSI6MiwicHVyIjoiYmxvYl9pZCJ9fQ==--ee6d56bf52163135b48a4ba2c22b11a93e94d3b3/charcuteria.png'\n    }\n  }\n]","meta":{"userLevel":true,"rootId":"ruagng163g0fsrj","id":"ruagng163g0fsrj"},"id":"ahswn0edu0hs6bx","previousOperationId":"9nduqjkah7ztb2i"}
{"type":"log","timestamp":1708457457315,"level":"debug","message":"(console:log) [\n  {\n    id: 1,\n    nickname: 'a',\n    is_admin: true,\n    suscriptor: null,\n    created_at: '2024-02-20T16:45:37.609Z',\n    updated_at: '2024-02-20T16:45:37.729Z',\n    email: 'a@a.a',\n    jti: '6a2b57ca-af4b-47a0-8285-477cffafa34b'\n  }\n]","meta":{"userLevel":true,"rootId":"ruagng163g0fsrj","id":"ruagng163g0fsrj"},"id":"wanpgaio5504gi6","previousOperationId":"9nduqjkah7ztb2i"}
{"type":"operationEnd","operationId":"9nduqjkah7ztb2i","timestamp":1708457457315,"id":"p3xsu8ng933rexm","previousEventId":"4f02wjng1j3fmo5","previousOperationId":"h6btmmxm45amxnu"}
{"type":"operationEnd","operationId":"w4eea8j3irznze0","timestamp":1708457457315,"id":"3fmgl6d3qq96f98","previousEventId":"p3xsu8ng933rexm","previousOperationId":"h6btmmxm45amxnu"}
{"type":"log","timestamp":1708457457315,"level":"debug","message":"Base url not specified, skipping its injection.","meta":{"rootId":"ruagng163g0fsrj","id":"ruagng163g0fsrj"},"id":"q3qwc37nsk9usgx","previousOperationId":"w4eea8j3irznze0"}
{"type":"operationStart","subtype":"engine","name":"handlebars","timestamp":1708457457315,"id":"bzf4062n3r2yl65","previousEventId":"3fmgl6d3qq96f98","operationId":"hvd3eln1wbciit7","previousOperationId":"w4eea8j3irznze0"}
{"type":"log","timestamp":1708457457315,"level":"debug","message":"Rendering engine handlebars","meta":{"rootId":"ruagng163g0fsrj","id":"ruagng163g0fsrj"},"id":"xmc4k7g3rsav2gd","previousOperationId":"hvd3eln1wbciit7"}
{"type":"operationEnd","operationId":"hvd3eln1wbciit7","timestamp":1708457457326,"id":"uucvqfsgs0im3u6","previousEventId":"bzf4062n3r2yl65","previousOperationId":"hvd3eln1wbciit7"}
{"type":"operationStart","subtype":"recipe","name":"chrome-pdf","timestamp":1708457457327,"id":"eag6mxukcgvazk9","previousEventId":"uucvqfsgs0im3u6","operationId":"vt4cqm2m8f5vvm1","previousOperationId":"hvd3eln1wbciit7"}
{"type":"log","timestamp":1708457457327,"level":"debug","message":"Executing recipe chrome-pdf","meta":{"rootId":"ruagng163g0fsrj","id":"ruagng163g0fsrj"},"id":"6vjrkpgg1ypb4bx","previousOperationId":"vt4cqm2m8f5vvm1"}
{"type":"log","timestamp":1708457457329,"level":"debug","message":"Converting with chrome HeadlessChrome/117.0.5938.149 using chrome-pool strategy","meta":{"rootId":"ruagng163g0fsrj","id":"ruagng163g0fsrj"},"id":"umigu8svvfkvtax","previousOperationId":"vt4cqm2m8f5vvm1"}
{"type":"log","timestamp":1708457457377,"level":"debug","message":"Page request: GET (document) file:///tmp/jsreport/autocleanup/f1f43131-5319-4ffe-8d12-5e4f8f9b3f85-chrome-pdf.html","meta":{"rootId":"ruagng163g0fsrj","id":"ruagng163g0fsrj"},"id":"pk2qdq0d8kl84ig","previousOperationId":"vt4cqm2m8f5vvm1"}
{"type":"log","timestamp":1708457457384,"level":"debug","message":"Page request: GET (stylesheet) https://cdn.jsdelivr.net/chartist.js/latest/chartist.min.css","meta":{"rootId":"ruagng163g0fsrj","id":"ruagng163g0fsrj"},"id":"h5eez6mlsef7w6d","previousOperationId":"vt4cqm2m8f5vvm1"}
{"type":"log","timestamp":1708457457384,"level":"debug","message":"Page request: GET (script) https://cdn.jsdelivr.net/chartist.js/latest/chartist.min.js","meta":{"rootId":"ruagng163g0fsrj","id":"ruagng163g0fsrj"},"id":"o85ytzfzwh1690v","previousOperationId":"vt4cqm2m8f5vvm1"}
{"type":"log","timestamp":1708457457385,"level":"debug","message":"Page request finished: GET (document) 200 file:///tmp/jsreport/autocleanup/f1f43131-5319-4ffe-8d12-5e4f8f9b3f85-chrome-pdf.html","meta":{"rootId":"ruagng163g0fsrj","id":"ruagng163g0fsrj"},"id":"42ucd21083ytxy8","previousOperationId":"vt4cqm2m8f5vvm1"}
{"type":"log","timestamp":1708457457387,"level":"debug","message":"Page request finished: GET (stylesheet) 200 https://cdn.jsdelivr.net/chartist.js/latest/chartist.min.css","meta":{"rootId":"ruagng163g0fsrj","id":"ruagng163g0fsrj"},"id":"p0wzccjudh5d0wr","previousOperationId":"vt4cqm2m8f5vvm1"}
{"type":"log","timestamp":1708457457387,"level":"debug","message":"Page request finished: GET (script) 200 https://cdn.jsdelivr.net/chartist.js/latest/chartist.min.js","meta":{"rootId":"ruagng163g0fsrj","id":"ruagng163g0fsrj"},"id":"ekk6pkd67xkmlzf","previousOperationId":"vt4cqm2m8f5vvm1"}
{"type":"log","timestamp":1708457457391,"level":"debug","message":"Running chrome with params {\"printBackground\":true,\"timeout\":59947,\"margin\":{}}","meta":{"rootId":"ruagng163g0fsrj","id":"ruagng163g0fsrj"},"id":"vynvucyog9w79wv","previousOperationId":"vt4cqm2m8f5vvm1"}
{"type":"operationEnd","operationId":"vt4cqm2m8f5vvm1","timestamp":1708457457400,"id":"ar4h9ltgm4td5dy","previousEventId":"eag6mxukcgvazk9","previousOperationId":"vt4cqm2m8f5vvm1"}
{"type":"log","timestamp":1708457457400,"level":"debug","message":"Skipping storing report.","meta":{"rootId":"ruagng163g0fsrj","id":"ruagng163g0fsrj"},"id":"sefogqgp225qxxe","previousOperationId":"vt4cqm2m8f5vvm1"}
{"type":"log","timestamp":1708457457400,"level":"info","message":"Rendering request 86 finished in 125 ms","meta":{"rootId":"ruagng163g0fsrj","id":"ruagng163g0fsrj"},"id":"hiqea6f8ret3eiw","previousOperationId":"vt4cqm2m8f5vvm1"}
{"type":"operationEnd","subtype":"render","operationId":"h6btmmxm45amxnu","timestamp":1708457457400,"id":"sntucig6v9gav5f","previousEventId":"ar4h9ltgm4td5dy","previousOperationId":"vt4cqm2m8f5vvm1"}
{"type":"operationEnd","doDiffs":false,"previousEventId":"qs72xbvoj34ytlz","previousOperationId":"mvr71dyjvd80wub","operationId":"mvr71dyjvd80wub","timestamp":1708457457404,"id":"j5all80ido30bw3"}
