{"type":"operationStart","subtype":"profile","data":{"_id":"4qtjlOK014kSNdEF","timestamp":"2024-02-23T19:26:38.828Z","state":"queued","mode":"standard","creationDate":"2024-02-23T19:26:38.829Z","modificationDate":"2024-02-23T19:26:38.829Z","shortid":"mG9TGil","$entitySet":"profiles"},"doDiffs":false,"timestamp":1708716398828,"id":"xmou0w90id1heic","previousOperationId":null,"operationId":"8oxfxflvpvhy8hj"}
{"type":"log","level":"info","message":"Render request 1 queued for execution and waiting for available worker","previousOperationId":"8oxfxflvpvhy8hj","timestamp":1708716398828,"id":"gse8p8lwk7vr55t"}
{"type":"operationStart","subtype":"render","name":"TemplateUsers","previousOperationId":"8oxfxflvpvhy8hj","timestamp":1708716398843,"id":"4edg050z27klbfk","previousEventId":"xmou0w90id1heic","operationId":"lclp6qoy0hkrjpv"}
{"type":"log","timestamp":1708716398843,"level":"info","message":"Starting rendering request 1","meta":{"rootId":"tmd2wkaokvvexzm","id":"tmd2wkaokvvexzm"},"id":"56ukrsmuksirk4d","previousOperationId":"lclp6qoy0hkrjpv"}
{"type":"log","timestamp":1708716398843,"level":"info","message":"Rendering template { name: TemplateUsers, recipe: chrome-pdf, engine: handlebars, preview: false }","meta":{"rootId":"tmd2wkaokvvexzm","id":"tmd2wkaokvvexzm"},"id":"wi7schh0n8rz0un","previousOperationId":"lclp6qoy0hkrjpv"}
{"type":"log","timestamp":1708716398845,"level":"debug","message":"Inline data specified.","meta":{"rootId":"tmd2wkaokvvexzm","id":"tmd2wkaokvvexzm"},"id":"06rnwtqehpysoi6","previousOperationId":"lclp6qoy0hkrjpv"}
{"type":"log","timestamp":1708716398847,"level":"debug","message":"Executing script list-data (beforeRender)","meta":{"rootId":"tmd2wkaokvvexzm","id":"tmd2wkaokvvexzm"},"id":"ys197zxrllvnzw6","previousOperationId":"lclp6qoy0hkrjpv"}
{"type":"operationStart","subtype":"scriptsBeforeRender","name":"scripts beforeRender","timestamp":1708716399079,"id":"tp8q8pd8qbdffep","previousEventId":"4edg050z27klbfk","operationId":"ndvpfq8ffugdcc8","previousOperationId":"lclp6qoy0hkrjpv"}
{"type":"operationStart","subtype":"script","name":"scripts list-data","previousOperationId":"ndvpfq8ffugdcc8","timestamp":1708716399079,"id":"eoi3fegrsow5avi","previousEventId":"tp8q8pd8qbdffep","operationId":"0yzwt7oj1s9txh8"}
{"type":"log","timestamp":1708716399093,"level":"debug","message":"(console:log) []","meta":{"userLevel":true,"rootId":"tmd2wkaokvvexzm","id":"tmd2wkaokvvexzm"},"id":"oppftopo70sydm5","previousOperationId":"0yzwt7oj1s9txh8"}
{"type":"log","timestamp":1708716399105,"level":"debug","message":"(console:log) [\n  {\n    id: 1,\n    nickname: 'a',\n    is_admin: true,\n    created_at: '2024-02-23T19:14:46.163Z',\n    updated_at: '2024-02-23T19:14:46.163Z',\n    email: 'aa@aa',\n    jti: '7d063848-c0b0-4f26-996a-27f50d4f2951'\n  }\n]","meta":{"userLevel":true,"rootId":"tmd2wkaokvvexzm","id":"tmd2wkaokvvexzm"},"id":"hou4os6y6hdtl9y","previousOperationId":"0yzwt7oj1s9txh8"}
{"type":"operationEnd","operationId":"0yzwt7oj1s9txh8","timestamp":1708716399106,"id":"8qsls83sem7ohj6","previousEventId":"4edg050z27klbfk","previousOperationId":"lclp6qoy0hkrjpv"}
{"type":"operationEnd","operationId":"ndvpfq8ffugdcc8","timestamp":1708716399106,"id":"c9u671pg32h9it3","previousEventId":"8qsls83sem7ohj6","previousOperationId":"lclp6qoy0hkrjpv"}
{"type":"log","timestamp":1708716399106,"level":"debug","message":"Base url not specified, skipping its injection.","meta":{"rootId":"tmd2wkaokvvexzm","id":"tmd2wkaokvvexzm"},"id":"h9h81h6te3gn1so","previousOperationId":"ndvpfq8ffugdcc8"}
{"type":"operationStart","subtype":"engine","name":"handlebars","timestamp":1708716399107,"id":"tb72zlqz5l04971","previousEventId":"c9u671pg32h9it3","operationId":"9o7xt6umz3344mi","previousOperationId":"ndvpfq8ffugdcc8"}
{"type":"log","timestamp":1708716399107,"level":"debug","message":"Rendering engine handlebars","meta":{"rootId":"tmd2wkaokvvexzm","id":"tmd2wkaokvvexzm"},"id":"54xkf4jqlcaksoq","previousOperationId":"9o7xt6umz3344mi"}
{"type":"operationEnd","operationId":"9o7xt6umz3344mi","timestamp":1708716399278,"id":"ud9tyv6ezua2s4e","previousEventId":"tb72zlqz5l04971","previousOperationId":"9o7xt6umz3344mi"}
{"type":"operationStart","subtype":"recipe","name":"chrome-pdf","timestamp":1708716399279,"id":"7aeyc4gqnrwhoi8","previousEventId":"ud9tyv6ezua2s4e","operationId":"2sve0gp2r2cyg9x","previousOperationId":"9o7xt6umz3344mi"}
{"type":"log","timestamp":1708716399279,"level":"debug","message":"Executing recipe chrome-pdf","meta":{"rootId":"tmd2wkaokvvexzm","id":"tmd2wkaokvvexzm"},"id":"cyyii5vnfwbxiwa","previousOperationId":"2sve0gp2r2cyg9x"}
{"type":"log","timestamp":1708716399947,"level":"debug","message":"Converting with chrome HeadlessChrome/117.0.5938.149 using chrome-pool strategy","meta":{"rootId":"tmd2wkaokvvexzm","id":"tmd2wkaokvvexzm"},"id":"3az6vb4qkrtnwvn","previousOperationId":"2sve0gp2r2cyg9x"}
{"type":"log","timestamp":1708716400092,"level":"debug","message":"Page request: GET (document) file:///tmp/jsreport/autocleanup/b9c8ef2f-c203-4165-941e-5a44b08f0d51-chrome-pdf.html","meta":{"rootId":"tmd2wkaokvvexzm","id":"tmd2wkaokvvexzm"},"id":"jm66rnaiww578xm","previousOperationId":"2sve0gp2r2cyg9x"}
{"type":"log","timestamp":1708716400107,"level":"debug","message":"Page request: GET (stylesheet) https://cdn.jsdelivr.net/chartist.js/latest/chartist.min.css","meta":{"rootId":"tmd2wkaokvvexzm","id":"tmd2wkaokvvexzm"},"id":"pvfmo5d2e9fn2b3","previousOperationId":"2sve0gp2r2cyg9x"}
{"type":"log","timestamp":1708716400107,"level":"debug","message":"Page request: GET (script) https://cdn.jsdelivr.net/chartist.js/latest/chartist.min.js","meta":{"rootId":"tmd2wkaokvvexzm","id":"tmd2wkaokvvexzm"},"id":"olqd3f8nldv8o39","previousOperationId":"2sve0gp2r2cyg9x"}
{"type":"log","timestamp":1708716400107,"level":"debug","message":"Page request finished: GET (document) 200 file:///tmp/jsreport/autocleanup/b9c8ef2f-c203-4165-941e-5a44b08f0d51-chrome-pdf.html","meta":{"rootId":"tmd2wkaokvvexzm","id":"tmd2wkaokvvexzm"},"id":"phds1ly1m64urz5","previousOperationId":"2sve0gp2r2cyg9x"}
{"type":"log","timestamp":1708716400273,"level":"debug","message":"Page request finished: GET (stylesheet) 200 https://cdn.jsdelivr.net/chartist.js/latest/chartist.min.css","meta":{"rootId":"tmd2wkaokvvexzm","id":"tmd2wkaokvvexzm"},"id":"ku9skzdmumcye84","previousOperationId":"2sve0gp2r2cyg9x"}
{"type":"log","timestamp":1708716400281,"level":"debug","message":"Page request finished: GET (script) 200 https://cdn.jsdelivr.net/chartist.js/latest/chartist.min.js","meta":{"rootId":"tmd2wkaokvvexzm","id":"tmd2wkaokvvexzm"},"id":"k7qvhufkee58v7x","previousOperationId":"2sve0gp2r2cyg9x"}
{"type":"log","timestamp":1708716400301,"level":"debug","message":"Running chrome with params {\"printBackground\":true,\"timeout\":59426,\"margin\":{}}","meta":{"rootId":"tmd2wkaokvvexzm","id":"tmd2wkaokvvexzm"},"id":"ll0uvub3d5pklks","previousOperationId":"2sve0gp2r2cyg9x"}
{"type":"operationEnd","operationId":"2sve0gp2r2cyg9x","timestamp":1708716400330,"id":"pj27nz26kmetovs","previousEventId":"7aeyc4gqnrwhoi8","previousOperationId":"2sve0gp2r2cyg9x"}
{"type":"log","timestamp":1708716400330,"level":"debug","message":"Executing script list-data (afterRender)","meta":{"rootId":"tmd2wkaokvvexzm","id":"tmd2wkaokvvexzm"},"id":"biuixphtd9okyxe","previousOperationId":"2sve0gp2r2cyg9x"}
{"type":"operationStart","subtype":"scriptsAfterRender","name":"scripts afterRender","timestamp":1708716400333,"id":"4no7ogw3342dicr","previousEventId":"pj27nz26kmetovs","operationId":"2feajngwqhfqzh1","previousOperationId":"2sve0gp2r2cyg9x"}
{"type":"operationStart","subtype":"script","name":"scripts list-data","previousOperationId":"2feajngwqhfqzh1","timestamp":1708716400334,"id":"vlgalgzjoiwmtql","previousEventId":"4no7ogw3342dicr","operationId":"kcovmiwzbp9w4ho"}
{"type":"operationEnd","operationId":"kcovmiwzbp9w4ho","timestamp":1708716400338,"id":"7flo42kk2sqofw5","previousEventId":"pj27nz26kmetovs","previousOperationId":"2sve0gp2r2cyg9x"}
{"type":"operationEnd","operationId":"2feajngwqhfqzh1","timestamp":1708716400338,"id":"hpan7lym4clws6o","previousEventId":"7flo42kk2sqofw5","previousOperationId":"2sve0gp2r2cyg9x"}
{"type":"log","timestamp":1708716400338,"level":"debug","message":"Skipping storing report.","meta":{"rootId":"tmd2wkaokvvexzm","id":"tmd2wkaokvvexzm"},"id":"k6bkio9dtsttlth","previousOperationId":"2feajngwqhfqzh1"}
{"type":"log","timestamp":1708716400338,"level":"info","message":"Rendering request 1 finished in 1511 ms","meta":{"rootId":"tmd2wkaokvvexzm","id":"tmd2wkaokvvexzm"},"id":"wqqgf2z794bsxhe","previousOperationId":"2feajngwqhfqzh1"}
{"type":"operationEnd","subtype":"render","operationId":"lclp6qoy0hkrjpv","timestamp":1708716400338,"id":"67r0qbbqi8uv7bo","previousEventId":"hpan7lym4clws6o","previousOperationId":"2feajngwqhfqzh1"}
{"type":"operationEnd","doDiffs":false,"previousEventId":"xmou0w90id1heic","previousOperationId":"8oxfxflvpvhy8hj","operationId":"8oxfxflvpvhy8hj","timestamp":1708716400339,"id":"fld6b5fdxjn38k8"}
