{"type":"operationStart","subtype":"profile","data":{"_id":"bNCHygLJm3uUKqg8","timestamp":"2024-02-20T19:41:55.507Z","state":"queued","mode":"standard","creationDate":"2024-02-20T19:41:55.508Z","modificationDate":"2024-02-20T19:41:55.508Z","shortid":"wp8r4b9","$entitySet":"profiles"},"doDiffs":false,"timestamp":1708458115508,"id":"98e4jkjqlzbyw5f","previousOperationId":null,"operationId":"0w9wssoyg6lmj03"}
{"type":"log","level":"info","message":"Render request 93 queued for execution and waiting for available worker","previousOperationId":"0w9wssoyg6lmj03","timestamp":1708458115508,"id":"myo8jh60sr4x5ud"}
{"type":"operationStart","subtype":"render","name":"TemplateUsers","previousOperationId":"0w9wssoyg6lmj03","timestamp":1708458115512,"id":"yc9d8v66csa2j2b","previousEventId":"98e4jkjqlzbyw5f","operationId":"fghct1uyqn77orr"}
{"type":"log","timestamp":1708458115512,"level":"info","message":"Starting rendering request 93","meta":{"rootId":"ukha10fhukxp8ga","id":"ukha10fhukxp8ga"},"id":"28ae8om7cpn2ktg","previousOperationId":"fghct1uyqn77orr"}
{"type":"log","timestamp":1708458115512,"level":"info","message":"Rendering template { name: TemplateUsers, recipe: chrome-pdf, engine: handlebars, preview: false }","meta":{"rootId":"ukha10fhukxp8ga","id":"ukha10fhukxp8ga"},"id":"yzazqzxud6sgq1l","previousOperationId":"fghct1uyqn77orr"}
{"type":"log","timestamp":1708458115513,"level":"debug","message":"Data item not defined for this template.","meta":{"rootId":"ukha10fhukxp8ga","id":"ukha10fhukxp8ga"},"id":"955gamc0nzi1obv","previousOperationId":"fghct1uyqn77orr"}
{"type":"log","timestamp":1708458115514,"level":"debug","message":"Executing script list-data (beforeRender)","meta":{"rootId":"ukha10fhukxp8ga","id":"ukha10fhukxp8ga"},"id":"40js3rlfzpcba6u","previousOperationId":"fghct1uyqn77orr"}
{"type":"operationStart","subtype":"scriptsBeforeRender","name":"scripts beforeRender","timestamp":1708458115518,"id":"yoz3hjktf2fbmag","previousEventId":"yc9d8v66csa2j2b","operationId":"kgt0f05rnu08xfu","previousOperationId":"fghct1uyqn77orr"}
{"type":"operationStart","subtype":"script","name":"scripts list-data","previousOperationId":"kgt0f05rnu08xfu","timestamp":1708458115518,"id":"vjfpykd01itf9tn","previousEventId":"yoz3hjktf2fbmag","operationId":"d0n5zx0d4cdj50p"}
{"type":"log","timestamp":1708458115543,"level":"debug","message":"(console:log) [\n  {\n    list_description: {\n      id: 2,\n      list_name: 'sarshisha',\n      list_current_number: 13,\n      list_limit_number: 0\n    },\n    list_image: {\n      url: 'http://localhost:4000/rails/active_storage/blobs/redirect/eyJfcmFpbHMiOnsiZGF0YSI6MywicHVyIjoiYmxvYl9pZCJ9fQ==--07183cfade35ce6ffe715f60749642919ec61f5d/charcuteria.png'\n    }\n  },\n  {\n    list_description: {\n      id: 3,\n      list_name: 'stjsjshtshn',\n      list_current_number: 4,\n      list_limit_number: 0\n    },\n    list_image: {\n      url: 'http://localhost:4000/rails/active_storage/blobs/redirect/eyJfcmFpbHMiOnsiZGF0YSI6NCwicHVyIjoiYmxvYl9pZCJ9fQ==--023aae65cb60b3f6c6d73a9c76e14c0b0df6ad86/dibujoadrian.jpg'\n    }\n  },\n  {\n    list_description: {\n      id: 1,\n      list_name: 'charcuteria',\n      list_current_number: 1,\n      list_limit_number: 0\n    },\n    list_image: {\n      url: 'http://localhost:4000/rails/active_storage/blobs/redirect/eyJfcmFpbHMiOnsiZGF0YSI6MiwicHVyIjoiYmxvYl9pZCJ9fQ==--ee6d56bf52163135b48a4ba2c22b11a93e94d3b3/charcuteria.png'\n    }\n  }\n]","meta":{"userLevel":true,"rootId":"ukha10fhukxp8ga","id":"ukha10fhukxp8ga"},"id":"76dao9nj9tyhdvn","previousOperationId":"d0n5zx0d4cdj50p"}
{"type":"log","timestamp":1708458115552,"level":"debug","message":"(console:log) [\n  {\n    id: 1,\n    nickname: 'a',\n    is_admin: true,\n    suscriptor: null,\n    created_at: '2024-02-20T16:45:37.609Z',\n    updated_at: '2024-02-20T16:45:37.729Z',\n    email: 'a@a.a',\n    jti: '6a2b57ca-af4b-47a0-8285-477cffafa34b'\n  }\n]","meta":{"userLevel":true,"rootId":"ukha10fhukxp8ga","id":"ukha10fhukxp8ga"},"id":"0sw27qzm7scjoap","previousOperationId":"d0n5zx0d4cdj50p"}
{"type":"operationEnd","operationId":"d0n5zx0d4cdj50p","timestamp":1708458115553,"id":"v4d0ddty6ekvvrw","previousEventId":"yc9d8v66csa2j2b","previousOperationId":"fghct1uyqn77orr"}
{"type":"operationEnd","operationId":"kgt0f05rnu08xfu","timestamp":1708458115553,"id":"6pjxu1ibsezrlxm","previousEventId":"v4d0ddty6ekvvrw","previousOperationId":"fghct1uyqn77orr"}
{"type":"log","timestamp":1708458115553,"level":"debug","message":"Base url not specified, skipping its injection.","meta":{"rootId":"ukha10fhukxp8ga","id":"ukha10fhukxp8ga"},"id":"atls7uzjypjsp76","previousOperationId":"kgt0f05rnu08xfu"}
{"type":"operationStart","subtype":"engine","name":"handlebars","timestamp":1708458115553,"id":"tpfebplpvxkcnmj","previousEventId":"6pjxu1ibsezrlxm","operationId":"491xtusxzo45wrv","previousOperationId":"kgt0f05rnu08xfu"}
{"type":"log","timestamp":1708458115553,"level":"debug","message":"Rendering engine handlebars","meta":{"rootId":"ukha10fhukxp8ga","id":"ukha10fhukxp8ga"},"id":"spmm2cusfllc60u","previousOperationId":"491xtusxzo45wrv"}
{"type":"operationEnd","operationId":"491xtusxzo45wrv","timestamp":1708458115560,"id":"jox7cpeguukj4y9","previousEventId":"tpfebplpvxkcnmj","previousOperationId":"491xtusxzo45wrv"}
{"type":"operationStart","subtype":"recipe","name":"chrome-pdf","timestamp":1708458115561,"id":"n101o0owojfn36a","previousEventId":"jox7cpeguukj4y9","operationId":"8oksy2baobng5r8","previousOperationId":"491xtusxzo45wrv"}
{"type":"log","timestamp":1708458115561,"level":"debug","message":"Executing recipe chrome-pdf","meta":{"rootId":"ukha10fhukxp8ga","id":"ukha10fhukxp8ga"},"id":"sr1cdfzxm6ljcn9","previousOperationId":"8oksy2baobng5r8"}
{"type":"log","timestamp":1708458115562,"level":"debug","message":"Converting with chrome HeadlessChrome/117.0.5938.149 using chrome-pool strategy","meta":{"rootId":"ukha10fhukxp8ga","id":"ukha10fhukxp8ga"},"id":"wuld38pr9lmyo5l","previousOperationId":"8oksy2baobng5r8"}
{"type":"log","timestamp":1708458115593,"level":"debug","message":"Page request: GET (document) file:///tmp/jsreport/autocleanup/bf001bb9-abf8-4235-a9b7-196716bd1c23-chrome-pdf.html","meta":{"rootId":"ukha10fhukxp8ga","id":"ukha10fhukxp8ga"},"id":"8goe7ls4mlcgnfx","previousOperationId":"8oksy2baobng5r8"}
{"type":"log","timestamp":1708458115599,"level":"debug","message":"Page request: GET (stylesheet) https://cdn.jsdelivr.net/chartist.js/latest/chartist.min.css","meta":{"rootId":"ukha10fhukxp8ga","id":"ukha10fhukxp8ga"},"id":"nqbvu9g2611yj41","previousOperationId":"8oksy2baobng5r8"}
{"type":"log","timestamp":1708458115600,"level":"debug","message":"Page request: GET (script) https://cdn.jsdelivr.net/chartist.js/latest/chartist.min.js","meta":{"rootId":"ukha10fhukxp8ga","id":"ukha10fhukxp8ga"},"id":"3kegjop58kkpte6","previousOperationId":"8oksy2baobng5r8"}
{"type":"log","timestamp":1708458115600,"level":"debug","message":"Page request finished: GET (document) 200 file:///tmp/jsreport/autocleanup/bf001bb9-abf8-4235-a9b7-196716bd1c23-chrome-pdf.html","meta":{"rootId":"ukha10fhukxp8ga","id":"ukha10fhukxp8ga"},"id":"w4ng5vvhjhanagt","previousOperationId":"8oksy2baobng5r8"}
{"type":"log","timestamp":1708458115602,"level":"debug","message":"Page request finished: GET (stylesheet) 200 https://cdn.jsdelivr.net/chartist.js/latest/chartist.min.css","meta":{"rootId":"ukha10fhukxp8ga","id":"ukha10fhukxp8ga"},"id":"fcbsosnpzpoay29","previousOperationId":"8oksy2baobng5r8"}
{"type":"log","timestamp":1708458115603,"level":"debug","message":"Page request finished: GET (script) 200 https://cdn.jsdelivr.net/chartist.js/latest/chartist.min.js","meta":{"rootId":"ukha10fhukxp8ga","id":"ukha10fhukxp8ga"},"id":"cgxz4cv8gbldr4j","previousOperationId":"8oksy2baobng5r8"}
{"type":"log","timestamp":1708458115607,"level":"debug","message":"Running chrome with params {\"printBackground\":true,\"timeout\":59946,\"margin\":{}}","meta":{"rootId":"ukha10fhukxp8ga","id":"ukha10fhukxp8ga"},"id":"sj1lmdqm9m6cnv1","previousOperationId":"8oksy2baobng5r8"}
{"type":"operationEnd","operationId":"8oksy2baobng5r8","timestamp":1708458115616,"id":"vtznih99ktvaa01","previousEventId":"n101o0owojfn36a","previousOperationId":"8oksy2baobng5r8"}
{"type":"log","timestamp":1708458115616,"level":"debug","message":"Skipping storing report.","meta":{"rootId":"ukha10fhukxp8ga","id":"ukha10fhukxp8ga"},"id":"wre63veo74pfqo0","previousOperationId":"8oksy2baobng5r8"}
{"type":"log","timestamp":1708458115616,"level":"info","message":"Rendering request 93 finished in 109 ms","meta":{"rootId":"ukha10fhukxp8ga","id":"ukha10fhukxp8ga"},"id":"x1dps728mhqolht","previousOperationId":"8oksy2baobng5r8"}
{"type":"operationEnd","subtype":"render","operationId":"fghct1uyqn77orr","timestamp":1708458115616,"id":"pb2czx3my4zabde","previousEventId":"vtznih99ktvaa01","previousOperationId":"8oksy2baobng5r8"}
{"type":"operationEnd","doDiffs":false,"previousEventId":"98e4jkjqlzbyw5f","previousOperationId":"0w9wssoyg6lmj03","operationId":"0w9wssoyg6lmj03","timestamp":1708458115618,"id":"wlatg8jl38uplxe"}
