{"type":"operationStart","subtype":"profile","data":{"_id":"q6JWkVPaPV2kUMdD","timestamp":"2024-02-20T19:38:34.210Z","state":"queued","mode":"standard","creationDate":"2024-02-20T19:38:34.211Z","modificationDate":"2024-02-20T19:38:34.211Z","shortid":"sgdjtKu","$entitySet":"profiles"},"doDiffs":false,"timestamp":1708457914211,"id":"k98ccrryb3kq7ce","previousOperationId":null,"operationId":"lkhhej8z206b81a"}
{"type":"log","level":"info","message":"Render request 89 queued for execution and waiting for available worker","previousOperationId":"lkhhej8z206b81a","timestamp":1708457914211,"id":"vldfps997bbzb9k"}
{"type":"operationStart","subtype":"render","name":"TemplateUsers","previousOperationId":"lkhhej8z206b81a","timestamp":1708457914215,"id":"8xyzloi8y7iyq91","previousEventId":"k98ccrryb3kq7ce","operationId":"7qvl7fzs5xwi35i"}
{"type":"log","timestamp":1708457914215,"level":"info","message":"Starting rendering request 89","meta":{"rootId":"wj8zzan879pbfia","id":"wj8zzan879pbfia"},"id":"thdvf624zqvfzgp","previousOperationId":"7qvl7fzs5xwi35i"}
{"type":"log","timestamp":1708457914215,"level":"info","message":"Rendering template { name: TemplateUsers, recipe: chrome-pdf, engine: handlebars, preview: false }","meta":{"rootId":"wj8zzan879pbfia","id":"wj8zzan879pbfia"},"id":"quqgmv4t6ue9n1t","previousOperationId":"7qvl7fzs5xwi35i"}
{"type":"log","timestamp":1708457914216,"level":"debug","message":"Data item not defined for this template.","meta":{"rootId":"wj8zzan879pbfia","id":"wj8zzan879pbfia"},"id":"2n85q2t2qavg8jk","previousOperationId":"7qvl7fzs5xwi35i"}
{"type":"log","timestamp":1708457914217,"level":"debug","message":"Executing script list-data (beforeRender)","meta":{"rootId":"wj8zzan879pbfia","id":"wj8zzan879pbfia"},"id":"qy5uuqsnn5wx8sh","previousOperationId":"7qvl7fzs5xwi35i"}
{"type":"operationStart","subtype":"scriptsBeforeRender","name":"scripts beforeRender","timestamp":1708457914224,"id":"my4bmj0pkfzv4l1","previousEventId":"8xyzloi8y7iyq91","operationId":"iqspw2yaa3efxpu","previousOperationId":"7qvl7fzs5xwi35i"}
{"type":"operationStart","subtype":"script","name":"scripts list-data","previousOperationId":"iqspw2yaa3efxpu","timestamp":1708457914224,"id":"cggyl1awil416oh","previousEventId":"my4bmj0pkfzv4l1","operationId":"129v8pxyw2fk6qd"}
{"type":"log","timestamp":1708457914249,"level":"debug","message":"(console:log) [\n  {\n    list_description: {\n      id: 2,\n      list_name: 'sarshisha',\n      list_current_number: 13,\n      list_limit_number: 0\n    },\n    list_image: {\n      url: 'http://localhost:4000/rails/active_storage/blobs/redirect/eyJfcmFpbHMiOnsiZGF0YSI6MywicHVyIjoiYmxvYl9pZCJ9fQ==--07183cfade35ce6ffe715f60749642919ec61f5d/charcuteria.png'\n    }\n  },\n  {\n    list_description: {\n      id: 3,\n      list_name: 'stjsjshtshn',\n      list_current_number: 4,\n      list_limit_number: 0\n    },\n    list_image: {\n      url: 'http://localhost:4000/rails/active_storage/blobs/redirect/eyJfcmFpbHMiOnsiZGF0YSI6NCwicHVyIjoiYmxvYl9pZCJ9fQ==--023aae65cb60b3f6c6d73a9c76e14c0b0df6ad86/dibujoadrian.jpg'\n    }\n  },\n  {\n    list_description: {\n      id: 1,\n      list_name: 'charcuteria',\n      list_current_number: 1,\n      list_limit_number: 0\n    },\n    list_image: {\n      url: 'http://localhost:4000/rails/active_storage/blobs/redirect/eyJfcmFpbHMiOnsiZGF0YSI6MiwicHVyIjoiYmxvYl9pZCJ9fQ==--ee6d56bf52163135b48a4ba2c22b11a93e94d3b3/charcuteria.png'\n    }\n  }\n]","meta":{"userLevel":true,"rootId":"wj8zzan879pbfia","id":"wj8zzan879pbfia"},"id":"y1gvqaqwimz8sp4","previousOperationId":"129v8pxyw2fk6qd"}
{"type":"log","timestamp":1708457914258,"level":"debug","message":"(console:log) [\n  {\n    id: 1,\n    nickname: 'a',\n    is_admin: true,\n    suscriptor: null,\n    created_at: '2024-02-20T16:45:37.609Z',\n    updated_at: '2024-02-20T16:45:37.729Z',\n    email: 'a@a.a',\n    jti: '6a2b57ca-af4b-47a0-8285-477cffafa34b'\n  }\n]","meta":{"userLevel":true,"rootId":"wj8zzan879pbfia","id":"wj8zzan879pbfia"},"id":"ileggjf37rinx2e","previousOperationId":"129v8pxyw2fk6qd"}
{"type":"operationEnd","operationId":"129v8pxyw2fk6qd","timestamp":1708457914258,"id":"sh43qc8sbiw4zh1","previousEventId":"8xyzloi8y7iyq91","previousOperationId":"7qvl7fzs5xwi35i"}
{"type":"operationEnd","operationId":"iqspw2yaa3efxpu","timestamp":1708457914258,"id":"ky7ca2sbym263n5","previousEventId":"sh43qc8sbiw4zh1","previousOperationId":"7qvl7fzs5xwi35i"}
{"type":"log","timestamp":1708457914258,"level":"debug","message":"Base url not specified, skipping its injection.","meta":{"rootId":"wj8zzan879pbfia","id":"wj8zzan879pbfia"},"id":"cvaykwhzaq3xqp1","previousOperationId":"iqspw2yaa3efxpu"}
{"type":"operationStart","subtype":"engine","name":"handlebars","timestamp":1708457914258,"id":"rv6fh84afrbgccz","previousEventId":"ky7ca2sbym263n5","operationId":"vxk9ynbiry20etn","previousOperationId":"iqspw2yaa3efxpu"}
{"type":"log","timestamp":1708457914258,"level":"debug","message":"Rendering engine handlebars","meta":{"rootId":"wj8zzan879pbfia","id":"wj8zzan879pbfia"},"id":"f4a8wdri57sibra","previousOperationId":"vxk9ynbiry20etn"}
{"type":"operationEnd","operationId":"vxk9ynbiry20etn","timestamp":1708457914268,"id":"20rbhptmy9t1ud6","previousEventId":"rv6fh84afrbgccz","previousOperationId":"vxk9ynbiry20etn"}
{"type":"operationStart","subtype":"recipe","name":"chrome-pdf","timestamp":1708457914269,"id":"gvw4x91nl92usvo","previousEventId":"20rbhptmy9t1ud6","operationId":"rosyoa1rsyxx15m","previousOperationId":"vxk9ynbiry20etn"}
{"type":"log","timestamp":1708457914269,"level":"debug","message":"Executing recipe chrome-pdf","meta":{"rootId":"wj8zzan879pbfia","id":"wj8zzan879pbfia"},"id":"194tb9uywzavxes","previousOperationId":"rosyoa1rsyxx15m"}
{"type":"log","timestamp":1708457914270,"level":"debug","message":"Converting with chrome HeadlessChrome/117.0.5938.149 using chrome-pool strategy","meta":{"rootId":"wj8zzan879pbfia","id":"wj8zzan879pbfia"},"id":"rzwol4pgupekrb8","previousOperationId":"rosyoa1rsyxx15m"}
{"type":"log","timestamp":1708457914303,"level":"debug","message":"Page request: GET (document) file:///tmp/jsreport/autocleanup/cbb93777-b28b-4ab2-b990-dd7b9ca59891-chrome-pdf.html","meta":{"rootId":"wj8zzan879pbfia","id":"wj8zzan879pbfia"},"id":"2s8mzwk2wutnho1","previousOperationId":"rosyoa1rsyxx15m"}
{"type":"log","timestamp":1708457914310,"level":"debug","message":"Page request: GET (stylesheet) https://cdn.jsdelivr.net/chartist.js/latest/chartist.min.css","meta":{"rootId":"wj8zzan879pbfia","id":"wj8zzan879pbfia"},"id":"7d5wko9h0tsjame","previousOperationId":"rosyoa1rsyxx15m"}
{"type":"log","timestamp":1708457914311,"level":"debug","message":"Page request: GET (script) https://cdn.jsdelivr.net/chartist.js/latest/chartist.min.js","meta":{"rootId":"wj8zzan879pbfia","id":"wj8zzan879pbfia"},"id":"0qi6fk3hit5tvvp","previousOperationId":"rosyoa1rsyxx15m"}
{"type":"log","timestamp":1708457914311,"level":"debug","message":"Page request finished: GET (document) 200 file:///tmp/jsreport/autocleanup/cbb93777-b28b-4ab2-b990-dd7b9ca59891-chrome-pdf.html","meta":{"rootId":"wj8zzan879pbfia","id":"wj8zzan879pbfia"},"id":"dzh1hkt3ttkpjc5","previousOperationId":"rosyoa1rsyxx15m"}
{"type":"log","timestamp":1708457914313,"level":"debug","message":"Page request finished: GET (stylesheet) 200 https://cdn.jsdelivr.net/chartist.js/latest/chartist.min.css","meta":{"rootId":"wj8zzan879pbfia","id":"wj8zzan879pbfia"},"id":"r90ftuzh5k5ib7r","previousOperationId":"rosyoa1rsyxx15m"}
{"type":"log","timestamp":1708457914313,"level":"debug","message":"Page request finished: GET (script) 200 https://cdn.jsdelivr.net/chartist.js/latest/chartist.min.js","meta":{"rootId":"wj8zzan879pbfia","id":"wj8zzan879pbfia"},"id":"cuz1p0dsqa7vax0","previousOperationId":"rosyoa1rsyxx15m"}
{"type":"log","timestamp":1708457914318,"level":"debug","message":"Running chrome with params {\"printBackground\":true,\"timeout\":59941,\"margin\":{}}","meta":{"rootId":"wj8zzan879pbfia","id":"wj8zzan879pbfia"},"id":"rmqrnd9zuydsbpt","previousOperationId":"rosyoa1rsyxx15m"}
{"type":"operationEnd","operationId":"rosyoa1rsyxx15m","timestamp":1708457914328,"id":"mnnpyqdne4fot8d","previousEventId":"gvw4x91nl92usvo","previousOperationId":"rosyoa1rsyxx15m"}
{"type":"log","timestamp":1708457914328,"level":"debug","message":"Skipping storing report.","meta":{"rootId":"wj8zzan879pbfia","id":"wj8zzan879pbfia"},"id":"ts33ghpp19nodfh","previousOperationId":"rosyoa1rsyxx15m"}
{"type":"log","timestamp":1708457914328,"level":"info","message":"Rendering request 89 finished in 118 ms","meta":{"rootId":"wj8zzan879pbfia","id":"wj8zzan879pbfia"},"id":"fmp49763o3dlves","previousOperationId":"rosyoa1rsyxx15m"}
{"type":"operationEnd","subtype":"render","operationId":"7qvl7fzs5xwi35i","timestamp":1708457914328,"id":"ygxda5bz2pw1qi4","previousEventId":"mnnpyqdne4fot8d","previousOperationId":"rosyoa1rsyxx15m"}
{"type":"operationEnd","doDiffs":false,"previousEventId":"k98ccrryb3kq7ce","previousOperationId":"lkhhej8z206b81a","operationId":"lkhhej8z206b81a","timestamp":1708457914331,"id":"hti110azq1evozs"}
