{"type":"operationStart","subtype":"profile","data":{"_id":"QuLxGsbgMfKsUUxK","timestamp":"2024-02-20T18:13:55.705Z","state":"queued","mode":"standard","creationDate":"2024-02-20T18:13:55.705Z","modificationDate":"2024-02-20T18:13:55.705Z","shortid":"fL1pdFx","$entitySet":"profiles"},"doDiffs":false,"timestamp":1708452835705,"id":"ugtgtxxumwn5fnu","previousOperationId":null,"operationId":"2cstqcc1epsca8w"}
{"type":"log","level":"info","message":"Render request 14 queued for execution and waiting for available worker","previousOperationId":"2cstqcc1epsca8w","timestamp":1708452835705,"id":"5gofpa5qq1r9wc3"}
{"type":"operationStart","subtype":"render","name":"TemplateList","previousOperationId":"2cstqcc1epsca8w","timestamp":1708452835709,"id":"j40oa2lrkcadgge","previousEventId":"ugtgtxxumwn5fnu","operationId":"sqcd2z7awel0fkj"}
{"type":"log","timestamp":1708452835709,"level":"info","message":"Starting rendering request 14","meta":{"rootId":"0083n87nzqqykyh","id":"0083n87nzqqykyh"},"id":"kq4zpxzc87nhhz4","previousOperationId":"sqcd2z7awel0fkj"}
{"type":"log","timestamp":1708452835709,"level":"info","message":"Rendering template { name: TemplateList, recipe: chrome-pdf, engine: handlebars, preview: true }","meta":{"rootId":"0083n87nzqqykyh","id":"0083n87nzqqykyh"},"id":"pxatkergjbzm537","previousOperationId":"sqcd2z7awel0fkj"}
{"type":"log","timestamp":1708452835710,"level":"debug","message":"Data item not defined for this template.","meta":{"rootId":"0083n87nzqqykyh","id":"0083n87nzqqykyh"},"id":"bhbsngghs4jgobs","previousOperationId":"sqcd2z7awel0fkj"}
{"type":"log","timestamp":1708452835711,"level":"debug","message":"Executing script list-data (beforeRender)","meta":{"rootId":"0083n87nzqqykyh","id":"0083n87nzqqykyh"},"id":"jpkrhop1f6kkks0","previousOperationId":"sqcd2z7awel0fkj"}
{"type":"operationStart","subtype":"scriptsBeforeRender","name":"scripts beforeRender","timestamp":1708452835715,"id":"8wt10t3yyeadw4p","previousEventId":"j40oa2lrkcadgge","operationId":"ew3by33b5krzjyx","previousOperationId":"sqcd2z7awel0fkj"}
{"type":"operationStart","subtype":"script","name":"scripts list-data","previousOperationId":"ew3by33b5krzjyx","timestamp":1708452835715,"id":"rnoct03r4aeabf6","previousEventId":"8wt10t3yyeadw4p","operationId":"swlsvloq4mcrmh8"}
{"type":"log","timestamp":1708452835736,"level":"debug","message":"(console:log) [\n  {\n    list_description: {\n      id: 1,\n      list_name: 'charcuteria',\n      list_current_number: 0,\n      list_limit_number: 0\n    },\n    list_image: {\n      url: 'http://localhost:4000/rails/active_storage/blobs/redirect/eyJfcmFpbHMiOnsiZGF0YSI6MiwicHVyIjoiYmxvYl9pZCJ9fQ==--ee6d56bf52163135b48a4ba2c22b11a93e94d3b3/charcuteria.png'\n    }\n  },\n  {\n    list_description: {\n      id: 2,\n      list_name: 'sarshisha',\n      list_current_number: 0,\n      list_limit_number: 0\n    },\n    list_image: {\n      url: 'http://localhost:4000/rails/active_storage/blobs/redirect/eyJfcmFpbHMiOnsiZGF0YSI6MywicHVyIjoiYmxvYl9pZCJ9fQ==--07183cfade35ce6ffe715f60749642919ec61f5d/charcuteria.png'\n    }\n  },\n  {\n    list_description: {\n      id: 3,\n      list_name: 'stjsjshtshn',\n      list_current_number: 0,\n      list_limit_number: 0\n    },\n    list_image: {\n      url: 'http://localhost:4000/rails/active_storage/blobs/redirect/eyJfcmFpbHMiOnsiZGF0YSI6NCwicHVyIjoiYmxvYl9pZCJ9fQ==--023aae65cb60b3f6c6d73a9c76e14c0b0df6ad86/dibujoadrian.jpg'\n    }\n  }\n]","meta":{"userLevel":true,"rootId":"0083n87nzqqykyh","id":"0083n87nzqqykyh"},"id":"x8qufgmt667bd9l","previousOperationId":"swlsvloq4mcrmh8"}
{"type":"log","timestamp":1708452835745,"level":"debug","message":"(console:log) [\n  {\n    id: 1,\n    nickname: 'a',\n    is_admin: true,\n    suscriptor: null,\n    created_at: '2024-02-20T16:45:37.609Z',\n    updated_at: '2024-02-20T16:45:37.729Z',\n    email: 'a@a.a',\n    jti: '6a2b57ca-af4b-47a0-8285-477cffafa34b'\n  }\n]","meta":{"userLevel":true,"rootId":"0083n87nzqqykyh","id":"0083n87nzqqykyh"},"id":"mx4spojee59xm8h","previousOperationId":"swlsvloq4mcrmh8"}
{"type":"operationEnd","operationId":"swlsvloq4mcrmh8","timestamp":1708452835745,"id":"n1yrgwume69okrt","previousEventId":"j40oa2lrkcadgge","previousOperationId":"sqcd2z7awel0fkj"}
{"type":"operationEnd","operationId":"ew3by33b5krzjyx","timestamp":1708452835745,"id":"3lgcg308g509aif","previousEventId":"n1yrgwume69okrt","previousOperationId":"sqcd2z7awel0fkj"}
{"type":"log","timestamp":1708452835745,"level":"debug","message":"Base url not specified, skipping its injection.","meta":{"rootId":"0083n87nzqqykyh","id":"0083n87nzqqykyh"},"id":"9yn559eplr7p4o6","previousOperationId":"ew3by33b5krzjyx"}
{"type":"operationStart","subtype":"engine","name":"handlebars","timestamp":1708452835745,"id":"974bkgtk3mcscmc","previousEventId":"3lgcg308g509aif","operationId":"o44qeto1be39zsk","previousOperationId":"ew3by33b5krzjyx"}
{"type":"log","timestamp":1708452835745,"level":"debug","message":"Rendering engine handlebars","meta":{"rootId":"0083n87nzqqykyh","id":"0083n87nzqqykyh"},"id":"n6o7q8lbw9af7dy","previousOperationId":"o44qeto1be39zsk"}
{"type":"operationEnd","operationId":"o44qeto1be39zsk","timestamp":1708452835758,"id":"mcs0wmcmk63gc2g","previousEventId":"974bkgtk3mcscmc","previousOperationId":"o44qeto1be39zsk"}
{"type":"operationStart","subtype":"recipe","name":"chrome-pdf","timestamp":1708452835758,"id":"xibp173g32loqaq","previousEventId":"mcs0wmcmk63gc2g","operationId":"ydjienj2xujgtg6","previousOperationId":"o44qeto1be39zsk"}
{"type":"log","timestamp":1708452835758,"level":"debug","message":"Executing recipe chrome-pdf","meta":{"rootId":"0083n87nzqqykyh","id":"0083n87nzqqykyh"},"id":"293dw4sv69iqw2x","previousOperationId":"ydjienj2xujgtg6"}
{"type":"log","timestamp":1708452835760,"level":"debug","message":"Converting with chrome HeadlessChrome/117.0.5938.149 using chrome-pool strategy","meta":{"rootId":"0083n87nzqqykyh","id":"0083n87nzqqykyh"},"id":"9vvpsy4o4lpmlwk","previousOperationId":"ydjienj2xujgtg6"}
{"type":"log","timestamp":1708452835794,"level":"debug","message":"Page request: GET (document) file:///tmp/jsreport/autocleanup/e1a5728b-c9bc-472e-81b5-0d4da849fc0d-chrome-pdf.html","meta":{"rootId":"0083n87nzqqykyh","id":"0083n87nzqqykyh"},"id":"iqz5hyuen160ckr","previousOperationId":"ydjienj2xujgtg6"}
{"type":"log","timestamp":1708452835803,"level":"debug","message":"Page request: GET (stylesheet) https://cdn.jsdelivr.net/chartist.js/latest/chartist.min.css","meta":{"rootId":"0083n87nzqqykyh","id":"0083n87nzqqykyh"},"id":"4ifxnq89gx0proj","previousOperationId":"ydjienj2xujgtg6"}
{"type":"log","timestamp":1708452835803,"level":"debug","message":"Page request: GET (script) https://cdn.jsdelivr.net/chartist.js/latest/chartist.min.js","meta":{"rootId":"0083n87nzqqykyh","id":"0083n87nzqqykyh"},"id":"s2zsemowthlp4u7","previousOperationId":"ydjienj2xujgtg6"}
{"type":"log","timestamp":1708452835804,"level":"debug","message":"Page request: GET (script) https://code.jquery.com/jquery-3.6.0.min.js","meta":{"rootId":"0083n87nzqqykyh","id":"0083n87nzqqykyh"},"id":"7ytbifsgykziv4t","previousOperationId":"ydjienj2xujgtg6"}
{"type":"log","timestamp":1708452835804,"level":"debug","message":"Page request finished: GET (document) 200 file:///tmp/jsreport/autocleanup/e1a5728b-c9bc-472e-81b5-0d4da849fc0d-chrome-pdf.html","meta":{"rootId":"0083n87nzqqykyh","id":"0083n87nzqqykyh"},"id":"0w2euhvng2s0m2k","previousOperationId":"ydjienj2xujgtg6"}
{"type":"log","timestamp":1708452835806,"level":"debug","message":"Page request finished: GET (stylesheet) 200 https://cdn.jsdelivr.net/chartist.js/latest/chartist.min.css","meta":{"rootId":"0083n87nzqqykyh","id":"0083n87nzqqykyh"},"id":"2cqjyrv2jtt5ouv","previousOperationId":"ydjienj2xujgtg6"}
{"type":"log","timestamp":1708452835809,"level":"debug","message":"Page request finished: GET (script) 200 https://cdn.jsdelivr.net/chartist.js/latest/chartist.min.js","meta":{"rootId":"0083n87nzqqykyh","id":"0083n87nzqqykyh"},"id":"ifa8ie5f81au82b","previousOperationId":"ydjienj2xujgtg6"}
{"type":"log","timestamp":1708452835810,"level":"debug","message":"Page request finished: GET (script) 200 https://code.jquery.com/jquery-3.6.0.min.js","meta":{"rootId":"0083n87nzqqykyh","id":"0083n87nzqqykyh"},"id":"6kv94x34x1oi5xn","previousOperationId":"ydjienj2xujgtg6"}
{"type":"log","timestamp":1708452835816,"level":"warn","message":"Page error: Unexpected identifier 'Object' , stack: SyntaxError: Unexpected identifier 'Object'","meta":{"rootId":"0083n87nzqqykyh","id":"0083n87nzqqykyh"},"id":"yzunjgevy8l66an","previousOperationId":"ydjienj2xujgtg6"}
{"type":"log","timestamp":1708452835820,"level":"debug","message":"Running chrome with params {\"printBackground\":true,\"timeout\":59945,\"margin\":{}}","meta":{"rootId":"0083n87nzqqykyh","id":"0083n87nzqqykyh"},"id":"filf4yej05gew7z","previousOperationId":"ydjienj2xujgtg6"}
{"type":"operationEnd","operationId":"ydjienj2xujgtg6","timestamp":1708452835835,"id":"i4y81mxbvkuxs3l","previousEventId":"xibp173g32loqaq","previousOperationId":"ydjienj2xujgtg6"}
{"type":"log","timestamp":1708452835835,"level":"debug","message":"Skipping storing report.","meta":{"rootId":"0083n87nzqqykyh","id":"0083n87nzqqykyh"},"id":"w7au3o3dsio8zb9","previousOperationId":"ydjienj2xujgtg6"}
{"type":"log","timestamp":1708452835835,"level":"info","message":"Rendering request 14 finished in 131 ms","meta":{"rootId":"0083n87nzqqykyh","id":"0083n87nzqqykyh"},"id":"kwju2y7g18uat2t","previousOperationId":"ydjienj2xujgtg6"}
{"type":"operationEnd","subtype":"render","operationId":"sqcd2z7awel0fkj","timestamp":1708452835835,"id":"3183pi00iv48emr","previousEventId":"i4y81mxbvkuxs3l","previousOperationId":"ydjienj2xujgtg6"}
{"type":"operationEnd","doDiffs":false,"previousEventId":"ugtgtxxumwn5fnu","previousOperationId":"2cstqcc1epsca8w","operationId":"2cstqcc1epsca8w","timestamp":1708452835842,"id":"ypvdfw5fabzcicp"}
