{"type":"operationStart","subtype":"profile","data":{"_id":"zjTDXbxZlvx4uNtR","timestamp":"2024-02-20T19:17:52.415Z","state":"queued","mode":"standard","creationDate":"2024-02-20T19:17:52.415Z","modificationDate":"2024-02-20T19:17:52.415Z","shortid":"jkrMV2q","$entitySet":"profiles"},"doDiffs":false,"timestamp":1708456672415,"id":"vgkv0j2m0nu7bj0","previousOperationId":null,"operationId":"y9xetcu44lwptay"}
{"type":"log","level":"info","message":"Render request 63 queued for execution and waiting for available worker","previousOperationId":"y9xetcu44lwptay","timestamp":1708456672415,"id":"zu74j4o2sexwh6m"}
{"type":"operationStart","subtype":"render","name":"TemplateList","previousOperationId":"y9xetcu44lwptay","timestamp":1708456672420,"id":"6m90czejci3tajx","previousEventId":"vgkv0j2m0nu7bj0","operationId":"9abf979ywjrsofy"}
{"type":"log","timestamp":1708456672420,"level":"info","message":"Starting rendering request 63","meta":{"rootId":"00ri756kf5z9piz","id":"00ri756kf5z9piz"},"id":"9gtsl2kv1v3izqg","previousOperationId":"9abf979ywjrsofy"}
{"type":"log","timestamp":1708456672420,"level":"info","message":"Rendering template { name: TemplateList, recipe: chrome-pdf, engine: handlebars, preview: true }","meta":{"rootId":"00ri756kf5z9piz","id":"00ri756kf5z9piz"},"id":"j5g2503um625qyh","previousOperationId":"9abf979ywjrsofy"}
{"type":"log","timestamp":1708456672420,"level":"debug","message":"Data item not defined for this template.","meta":{"rootId":"00ri756kf5z9piz","id":"00ri756kf5z9piz"},"id":"9f7cbtjfxsfzvrz","previousOperationId":"9abf979ywjrsofy"}
{"type":"log","timestamp":1708456672422,"level":"debug","message":"Executing script list-data (beforeRender)","meta":{"rootId":"00ri756kf5z9piz","id":"00ri756kf5z9piz"},"id":"kx5fx8o0eef6zu8","previousOperationId":"9abf979ywjrsofy"}
{"type":"operationStart","subtype":"scriptsBeforeRender","name":"scripts beforeRender","timestamp":1708456672425,"id":"0q3ott3wb8ewtp1","previousEventId":"6m90czejci3tajx","operationId":"s9yo1m7sbyd4cvh","previousOperationId":"9abf979ywjrsofy"}
{"type":"operationStart","subtype":"script","name":"scripts list-data","previousOperationId":"s9yo1m7sbyd4cvh","timestamp":1708456672425,"id":"x8g8kaeyadeuzvb","previousEventId":"0q3ott3wb8ewtp1","operationId":"0m1okad84kip39d"}
{"type":"log","timestamp":1708456672442,"level":"debug","message":"(console:log) [\n  {\n    list_description: {\n      id: 2,\n      list_name: 'sarshisha',\n      list_current_number: 13,\n      list_limit_number: 0\n    },\n    list_image: {\n      url: 'http://localhost:4000/rails/active_storage/blobs/redirect/eyJfcmFpbHMiOnsiZGF0YSI6MywicHVyIjoiYmxvYl9pZCJ9fQ==--07183cfade35ce6ffe715f60749642919ec61f5d/charcuteria.png'\n    }\n  },\n  {\n    list_description: {\n      id: 3,\n      list_name: 'stjsjshtshn',\n      list_current_number: 4,\n      list_limit_number: 0\n    },\n    list_image: {\n      url: 'http://localhost:4000/rails/active_storage/blobs/redirect/eyJfcmFpbHMiOnsiZGF0YSI6NCwicHVyIjoiYmxvYl9pZCJ9fQ==--023aae65cb60b3f6c6d73a9c76e14c0b0df6ad86/dibujoadrian.jpg'\n    }\n  },\n  {\n    list_description: {\n      id: 1,\n      list_name: 'charcuteria',\n      list_current_number: 1,\n      list_limit_number: 0\n    },\n    list_image: {\n      url: 'http://localhost:4000/rails/active_storage/blobs/redirect/eyJfcmFpbHMiOnsiZGF0YSI6MiwicHVyIjoiYmxvYl9pZCJ9fQ==--ee6d56bf52163135b48a4ba2c22b11a93e94d3b3/charcuteria.png'\n    }\n  }\n]","meta":{"userLevel":true,"rootId":"00ri756kf5z9piz","id":"00ri756kf5z9piz"},"id":"237f0st3wvlwtuz","previousOperationId":"0m1okad84kip39d"}
{"type":"log","timestamp":1708456672449,"level":"debug","message":"(console:log) [\n  {\n    id: 1,\n    nickname: 'a',\n    is_admin: true,\n    suscriptor: null,\n    created_at: '2024-02-20T16:45:37.609Z',\n    updated_at: '2024-02-20T16:45:37.729Z',\n    email: 'a@a.a',\n    jti: '6a2b57ca-af4b-47a0-8285-477cffafa34b'\n  }\n]","meta":{"userLevel":true,"rootId":"00ri756kf5z9piz","id":"00ri756kf5z9piz"},"id":"6iekhkimglc2i3q","previousOperationId":"0m1okad84kip39d"}
{"type":"operationEnd","operationId":"0m1okad84kip39d","timestamp":1708456672449,"id":"0x98li3ckuasqoo","previousEventId":"6m90czejci3tajx","previousOperationId":"9abf979ywjrsofy"}
{"type":"operationEnd","operationId":"s9yo1m7sbyd4cvh","timestamp":1708456672449,"id":"9xtz6om13rsbdjo","previousEventId":"0x98li3ckuasqoo","previousOperationId":"9abf979ywjrsofy"}
{"type":"log","timestamp":1708456672449,"level":"debug","message":"Base url not specified, skipping its injection.","meta":{"rootId":"00ri756kf5z9piz","id":"00ri756kf5z9piz"},"id":"3g2wnt8nlva70lb","previousOperationId":"s9yo1m7sbyd4cvh"}
{"type":"operationStart","subtype":"engine","name":"handlebars","timestamp":1708456672450,"id":"jqf02m3ycuvgho9","previousEventId":"9xtz6om13rsbdjo","operationId":"wnrbfb7s8j8qpf4","previousOperationId":"s9yo1m7sbyd4cvh"}
{"type":"log","timestamp":1708456672450,"level":"debug","message":"Rendering engine handlebars","meta":{"rootId":"00ri756kf5z9piz","id":"00ri756kf5z9piz"},"id":"9ds6nv71lm1r4gu","previousOperationId":"wnrbfb7s8j8qpf4"}
{"type":"operationEnd","operationId":"wnrbfb7s8j8qpf4","timestamp":1708456672461,"id":"nkgm9whxt6ickjb","previousEventId":"jqf02m3ycuvgho9","previousOperationId":"wnrbfb7s8j8qpf4"}
{"type":"operationStart","subtype":"recipe","name":"chrome-pdf","timestamp":1708456672461,"id":"764j0r8w14yb87q","previousEventId":"nkgm9whxt6ickjb","operationId":"ezw8sleuj3j7vpf","previousOperationId":"wnrbfb7s8j8qpf4"}
{"type":"log","timestamp":1708456672461,"level":"debug","message":"Executing recipe chrome-pdf","meta":{"rootId":"00ri756kf5z9piz","id":"00ri756kf5z9piz"},"id":"jikcn1ss3fx9rbv","previousOperationId":"ezw8sleuj3j7vpf"}
{"type":"log","timestamp":1708456672463,"level":"debug","message":"Converting with chrome HeadlessChrome/117.0.5938.149 using chrome-pool strategy","meta":{"rootId":"00ri756kf5z9piz","id":"00ri756kf5z9piz"},"id":"puzgj89yn37vw3u","previousOperationId":"ezw8sleuj3j7vpf"}
{"type":"log","timestamp":1708456672501,"level":"debug","message":"Page request: GET (document) file:///tmp/jsreport/autocleanup/10d4cf85-94da-4640-970b-4c6cf76891b4-chrome-pdf.html","meta":{"rootId":"00ri756kf5z9piz","id":"00ri756kf5z9piz"},"id":"1x59gu7axi7pmgf","previousOperationId":"ezw8sleuj3j7vpf"}
{"type":"log","timestamp":1708456672508,"level":"debug","message":"Page request: GET (stylesheet) https://cdn.jsdelivr.net/chartist.js/latest/chartist.min.css","meta":{"rootId":"00ri756kf5z9piz","id":"00ri756kf5z9piz"},"id":"w1ahqn4p02fheyw","previousOperationId":"ezw8sleuj3j7vpf"}
{"type":"log","timestamp":1708456672508,"level":"debug","message":"Page request: GET (script) https://cdn.jsdelivr.net/chartist.js/latest/chartist.min.js","meta":{"rootId":"00ri756kf5z9piz","id":"00ri756kf5z9piz"},"id":"0zzyoxql0k5q8hi","previousOperationId":"ezw8sleuj3j7vpf"}
{"type":"log","timestamp":1708456672509,"level":"debug","message":"Page request finished: GET (document) 200 file:///tmp/jsreport/autocleanup/10d4cf85-94da-4640-970b-4c6cf76891b4-chrome-pdf.html","meta":{"rootId":"00ri756kf5z9piz","id":"00ri756kf5z9piz"},"id":"0l3f441vn917ean","previousOperationId":"ezw8sleuj3j7vpf"}
{"type":"log","timestamp":1708456672511,"level":"debug","message":"Page request finished: GET (stylesheet) 200 https://cdn.jsdelivr.net/chartist.js/latest/chartist.min.css","meta":{"rootId":"00ri756kf5z9piz","id":"00ri756kf5z9piz"},"id":"me3r19jdiu0br5v","previousOperationId":"ezw8sleuj3j7vpf"}
{"type":"log","timestamp":1708456672512,"level":"debug","message":"Page request finished: GET (script) 200 https://cdn.jsdelivr.net/chartist.js/latest/chartist.min.js","meta":{"rootId":"00ri756kf5z9piz","id":"00ri756kf5z9piz"},"id":"amjpivy7jg8gshw","previousOperationId":"ezw8sleuj3j7vpf"}
{"type":"log","timestamp":1708456672521,"level":"debug","message":"Running chrome with params {\"printBackground\":true,\"timeout\":59952,\"margin\":{}}","meta":{"rootId":"00ri756kf5z9piz","id":"00ri756kf5z9piz"},"id":"r63ncf8ddc87xnw","previousOperationId":"ezw8sleuj3j7vpf"}
{"type":"operationEnd","operationId":"ezw8sleuj3j7vpf","timestamp":1708456672538,"id":"ck7fz4x5effd5s0","previousEventId":"764j0r8w14yb87q","previousOperationId":"ezw8sleuj3j7vpf"}
{"type":"log","timestamp":1708456672539,"level":"debug","message":"Skipping storing report.","meta":{"rootId":"00ri756kf5z9piz","id":"00ri756kf5z9piz"},"id":"pjk5x29s4ei3xpe","previousOperationId":"ezw8sleuj3j7vpf"}
{"type":"log","timestamp":1708456672539,"level":"info","message":"Rendering request 63 finished in 125 ms","meta":{"rootId":"00ri756kf5z9piz","id":"00ri756kf5z9piz"},"id":"lagccffy8l0xbst","previousOperationId":"ezw8sleuj3j7vpf"}
{"type":"operationEnd","subtype":"render","operationId":"9abf979ywjrsofy","timestamp":1708456672539,"id":"8dbmnstl74snko7","previousEventId":"ck7fz4x5effd5s0","previousOperationId":"ezw8sleuj3j7vpf"}
{"type":"operationEnd","doDiffs":false,"previousEventId":"vgkv0j2m0nu7bj0","previousOperationId":"y9xetcu44lwptay","operationId":"y9xetcu44lwptay","timestamp":1708456672543,"id":"5lkr1lh6li34g75"}
