{"type":"operationStart","subtype":"profile","data":{"_id":"qpUQx4bbmAS1gIW4","timestamp":"2024-02-20T17:16:13.074Z","state":"queued","mode":"standard","creationDate":"2024-02-20T17:16:13.075Z","modificationDate":"2024-02-20T17:16:13.075Z","shortid":"s_QYbPl","$entitySet":"profiles"},"doDiffs":false,"timestamp":1708449373075,"id":"qgd8xqexau0slpb","previousOperationId":null,"operationId":"648sshnaje91sam"}
{"type":"log","level":"info","message":"Render request 43 queued for execution and waiting for available worker","previousOperationId":"648sshnaje91sam","timestamp":1708449373075,"id":"fxro6iz4ah73fi8"}
{"type":"operationStart","subtype":"render","name":"TemplateList","previousOperationId":"648sshnaje91sam","timestamp":1708449373080,"id":"mvvt6xr7sia9om2","previousEventId":"qgd8xqexau0slpb","operationId":"3oy1bbn8otsgs4r"}
{"type":"log","timestamp":1708449373080,"level":"info","message":"Starting rendering request 43","meta":{"rootId":"105guvu3k3hv61f","id":"105guvu3k3hv61f"},"id":"m7pwjssgj1i5xhe","previousOperationId":"3oy1bbn8otsgs4r"}
{"type":"log","timestamp":1708449373080,"level":"info","message":"Rendering template { name: TemplateList, recipe: chrome-pdf, engine: handlebars, preview: true }","meta":{"rootId":"105guvu3k3hv61f","id":"105guvu3k3hv61f"},"id":"w8xnfm8tt0ym059","previousOperationId":"3oy1bbn8otsgs4r"}
{"type":"log","timestamp":1708449373080,"level":"debug","message":"Data item not defined for this template.","meta":{"rootId":"105guvu3k3hv61f","id":"105guvu3k3hv61f"},"id":"0giyrtstw9a9oqv","previousOperationId":"3oy1bbn8otsgs4r"}
{"type":"log","timestamp":1708449373082,"level":"debug","message":"Base url not specified, skipping its injection.","meta":{"rootId":"105guvu3k3hv61f","id":"105guvu3k3hv61f"},"id":"ykmsjki7kucasvl","previousOperationId":"3oy1bbn8otsgs4r"}
{"type":"operationStart","subtype":"engine","name":"handlebars","timestamp":1708449373082,"id":"drrylrazuolz86b","previousEventId":"mvvt6xr7sia9om2","operationId":"thc2g3859ult3pf","previousOperationId":"3oy1bbn8otsgs4r"}
{"type":"log","timestamp":1708449373082,"level":"debug","message":"Rendering engine handlebars","meta":{"rootId":"105guvu3k3hv61f","id":"105guvu3k3hv61f"},"id":"28h68zahk3nhxlj","previousOperationId":"thc2g3859ult3pf"}
{"type":"operationEnd","operationId":"thc2g3859ult3pf","timestamp":1708449373090,"id":"k9e9qxsjmmcpnwe","previousEventId":"drrylrazuolz86b","previousOperationId":"thc2g3859ult3pf"}
{"type":"operationStart","subtype":"recipe","name":"chrome-pdf","timestamp":1708449373091,"id":"wd157m6i8zz3le7","previousEventId":"k9e9qxsjmmcpnwe","operationId":"wu2t68dtr1ghv1o","previousOperationId":"thc2g3859ult3pf"}
{"type":"log","timestamp":1708449373091,"level":"debug","message":"Executing recipe chrome-pdf","meta":{"rootId":"105guvu3k3hv61f","id":"105guvu3k3hv61f"},"id":"ap8ob637va65tgs","previousOperationId":"wu2t68dtr1ghv1o"}
{"type":"log","timestamp":1708449373092,"level":"debug","message":"Converting with chrome HeadlessChrome/117.0.5938.149 using chrome-pool strategy","meta":{"rootId":"105guvu3k3hv61f","id":"105guvu3k3hv61f"},"id":"vawafzsr1aakp6e","previousOperationId":"wu2t68dtr1ghv1o"}
{"type":"log","timestamp":1708449373133,"level":"debug","message":"Page request: GET (document) file:///tmp/jsreport/autocleanup/3bdb1fe7-9150-4081-9f78-a0fc69884cb5-chrome-pdf.html","meta":{"rootId":"105guvu3k3hv61f","id":"105guvu3k3hv61f"},"id":"njkvy5s3qpxfqiy","previousOperationId":"wu2t68dtr1ghv1o"}
{"type":"log","timestamp":1708449373140,"level":"debug","message":"Page request: GET (stylesheet) https://cdn.jsdelivr.net/chartist.js/latest/chartist.min.css","meta":{"rootId":"105guvu3k3hv61f","id":"105guvu3k3hv61f"},"id":"ybl9vbjwhyt75ay","previousOperationId":"wu2t68dtr1ghv1o"}
{"type":"log","timestamp":1708449373140,"level":"debug","message":"Page request: GET (script) https://cdn.jsdelivr.net/chartist.js/latest/chartist.min.js","meta":{"rootId":"105guvu3k3hv61f","id":"105guvu3k3hv61f"},"id":"ol46bkcfrrwff5p","previousOperationId":"wu2t68dtr1ghv1o"}
{"type":"log","timestamp":1708449373142,"level":"debug","message":"Page request: GET (script) https://code.jquery.com/jquery-3.6.0.min.js","meta":{"rootId":"105guvu3k3hv61f","id":"105guvu3k3hv61f"},"id":"b4u23p67m1bpuf1","previousOperationId":"wu2t68dtr1ghv1o"}
{"type":"log","timestamp":1708449373142,"level":"debug","message":"Page request finished: GET (document) 200 file:///tmp/jsreport/autocleanup/3bdb1fe7-9150-4081-9f78-a0fc69884cb5-chrome-pdf.html","meta":{"rootId":"105guvu3k3hv61f","id":"105guvu3k3hv61f"},"id":"5o3hgr4d1falw3h","previousOperationId":"wu2t68dtr1ghv1o"}
{"type":"log","timestamp":1708449373143,"level":"debug","message":"Page request finished: GET (stylesheet) 200 https://cdn.jsdelivr.net/chartist.js/latest/chartist.min.css","meta":{"rootId":"105guvu3k3hv61f","id":"105guvu3k3hv61f"},"id":"83r5h0wzqn61ak0","previousOperationId":"wu2t68dtr1ghv1o"}
{"type":"log","timestamp":1708449373145,"level":"debug","message":"Page request finished: GET (script) 200 https://cdn.jsdelivr.net/chartist.js/latest/chartist.min.js","meta":{"rootId":"105guvu3k3hv61f","id":"105guvu3k3hv61f"},"id":"q4e51gxtnavsh0v","previousOperationId":"wu2t68dtr1ghv1o"}
{"type":"log","timestamp":1708449373146,"level":"debug","message":"Page request finished: GET (script) 200 https://code.jquery.com/jquery-3.6.0.min.js","meta":{"rootId":"105guvu3k3hv61f","id":"105guvu3k3hv61f"},"id":"q7xmn0twz08ybef","previousOperationId":"wu2t68dtr1ghv1o"}
{"type":"log","timestamp":1708449373150,"level":"debug","message":"(console:log) Lists: ","meta":{"userLevel":true,"rootId":"105guvu3k3hv61f","id":"105guvu3k3hv61f"},"id":"hgr32q7dnjmzwyv","previousOperationId":"wu2t68dtr1ghv1o"}
{"type":"log","timestamp":1708449373153,"level":"debug","message":"Running chrome with params {\"printBackground\":true,\"timeout\":59983,\"margin\":{}}","meta":{"rootId":"105guvu3k3hv61f","id":"105guvu3k3hv61f"},"id":"9cxywuubl5fm6gx","previousOperationId":"wu2t68dtr1ghv1o"}
{"type":"operationEnd","operationId":"wu2t68dtr1ghv1o","timestamp":1708449373160,"id":"0u5oj122dn909b0","previousEventId":"wd157m6i8zz3le7","previousOperationId":"wu2t68dtr1ghv1o"}
{"type":"log","timestamp":1708449373160,"level":"debug","message":"Skipping storing report.","meta":{"rootId":"105guvu3k3hv61f","id":"105guvu3k3hv61f"},"id":"agd4hbj4w4w9uap","previousOperationId":"wu2t68dtr1ghv1o"}
{"type":"log","timestamp":1708449373160,"level":"info","message":"Rendering request 43 finished in 86 ms","meta":{"rootId":"105guvu3k3hv61f","id":"105guvu3k3hv61f"},"id":"o4x16001vczk3es","previousOperationId":"wu2t68dtr1ghv1o"}
{"type":"operationEnd","subtype":"render","operationId":"3oy1bbn8otsgs4r","timestamp":1708449373160,"id":"tipklfjdbdb7y0v","previousEventId":"0u5oj122dn909b0","previousOperationId":"wu2t68dtr1ghv1o"}
{"type":"operationEnd","doDiffs":false,"previousEventId":"qgd8xqexau0slpb","previousOperationId":"648sshnaje91sam","operationId":"648sshnaje91sam","timestamp":1708449373166,"id":"lerq7iu1ncbljpm"}
