{"type":"operationStart","subtype":"profile","data":{"_id":"kZ9TjPb2RHbnrBmO","timestamp":"2024-02-20T18:38:27.925Z","state":"queued","mode":"standard","creationDate":"2024-02-20T18:38:27.926Z","modificationDate":"2024-02-20T18:38:27.926Z","shortid":"dULUDM5","$entitySet":"profiles"},"doDiffs":false,"timestamp":1708454307925,"id":"2w7m6i7z3tk616g","previousOperationId":null,"operationId":"hz18obp8r4pv9mf"}
{"type":"log","level":"info","message":"Render request 4 queued for execution and waiting for available worker","previousOperationId":"hz18obp8r4pv9mf","timestamp":1708454307926,"id":"m2ph0mlydj56wen"}
{"type":"operationStart","subtype":"render","name":"TemplateList","previousOperationId":"hz18obp8r4pv9mf","timestamp":1708454307932,"id":"ethlw6x44hvpaiq","previousEventId":"2w7m6i7z3tk616g","operationId":"xhxp2bxubdg7r0o"}
{"type":"log","timestamp":1708454307932,"level":"info","message":"Starting rendering request 4","meta":{"rootId":"1g8xns9o7m3blts","id":"1g8xns9o7m3blts"},"id":"fipn0lu9d4kmlk1","previousOperationId":"xhxp2bxubdg7r0o"}
{"type":"log","timestamp":1708454307932,"level":"info","message":"Rendering template { name: TemplateList, recipe: chrome-pdf, engine: handlebars, preview: true }","meta":{"rootId":"1g8xns9o7m3blts","id":"1g8xns9o7m3blts"},"id":"on78sogic6p4r16","previousOperationId":"xhxp2bxubdg7r0o"}
{"type":"log","timestamp":1708454307933,"level":"debug","message":"Data item not defined for this template.","meta":{"rootId":"1g8xns9o7m3blts","id":"1g8xns9o7m3blts"},"id":"w6fa6ivkacixzo5","previousOperationId":"xhxp2bxubdg7r0o"}
{"type":"log","timestamp":1708454307935,"level":"debug","message":"Executing script list-data (beforeRender)","meta":{"rootId":"1g8xns9o7m3blts","id":"1g8xns9o7m3blts"},"id":"rwv80bj4pl96g8t","previousOperationId":"xhxp2bxubdg7r0o"}
{"type":"operationStart","subtype":"scriptsBeforeRender","name":"scripts beforeRender","timestamp":1708454307941,"id":"pi3bf74uj3241pn","previousEventId":"ethlw6x44hvpaiq","operationId":"hiaagpm9ec1bt83","previousOperationId":"xhxp2bxubdg7r0o"}
{"type":"operationStart","subtype":"script","name":"scripts list-data","previousOperationId":"hiaagpm9ec1bt83","timestamp":1708454307941,"id":"ubnfic5n7zd0h8s","previousEventId":"pi3bf74uj3241pn","operationId":"ub8wptoncaqjacv"}
{"type":"log","timestamp":1708454307977,"level":"debug","message":"(console:log) [\n  {\n    list_description: {\n      id: 3,\n      list_name: 'stjsjshtshn',\n      list_current_number: 0,\n      list_limit_number: 0\n    },\n    list_image: {\n      url: 'http://localhost:4000/rails/active_storage/blobs/redirect/eyJfcmFpbHMiOnsiZGF0YSI6NCwicHVyIjoiYmxvYl9pZCJ9fQ==--023aae65cb60b3f6c6d73a9c76e14c0b0df6ad86/dibujoadrian.jpg'\n    }\n  },\n  {\n    list_description: {\n      id: 1,\n      list_name: 'charcuteria',\n      list_current_number: 0,\n      list_limit_number: 0\n    },\n    list_image: {\n      url: 'http://localhost:4000/rails/active_storage/blobs/redirect/eyJfcmFpbHMiOnsiZGF0YSI6MiwicHVyIjoiYmxvYl9pZCJ9fQ==--ee6d56bf52163135b48a4ba2c22b11a93e94d3b3/charcuteria.png'\n    }\n  },\n  {\n    list_description: {\n      id: 2,\n      list_name: 'sarshisha',\n      list_current_number: 13,\n      list_limit_number: 0\n    },\n    list_image: {\n      url: 'http://localhost:4000/rails/active_storage/blobs/redirect/eyJfcmFpbHMiOnsiZGF0YSI6MywicHVyIjoiYmxvYl9pZCJ9fQ==--07183cfade35ce6ffe715f60749642919ec61f5d/charcuteria.png'\n    }\n  }\n]","meta":{"userLevel":true,"rootId":"1g8xns9o7m3blts","id":"1g8xns9o7m3blts"},"id":"udcvboa56pfesxt","previousOperationId":"ub8wptoncaqjacv"}
{"type":"log","timestamp":1708454307986,"level":"debug","message":"(console:log) [\n  {\n    id: 1,\n    nickname: 'a',\n    is_admin: true,\n    suscriptor: null,\n    created_at: '2024-02-20T16:45:37.609Z',\n    updated_at: '2024-02-20T16:45:37.729Z',\n    email: 'a@a.a',\n    jti: '6a2b57ca-af4b-47a0-8285-477cffafa34b'\n  }\n]","meta":{"userLevel":true,"rootId":"1g8xns9o7m3blts","id":"1g8xns9o7m3blts"},"id":"8qkbnbo9y5w0ge9","previousOperationId":"ub8wptoncaqjacv"}
{"type":"operationEnd","operationId":"ub8wptoncaqjacv","timestamp":1708454307986,"id":"aoil0ks4jwzb256","previousEventId":"ethlw6x44hvpaiq","previousOperationId":"xhxp2bxubdg7r0o"}
{"type":"operationEnd","operationId":"hiaagpm9ec1bt83","timestamp":1708454307986,"id":"x24atcejiah7d8u","previousEventId":"aoil0ks4jwzb256","previousOperationId":"xhxp2bxubdg7r0o"}
{"type":"log","timestamp":1708454307986,"level":"debug","message":"Base url not specified, skipping its injection.","meta":{"rootId":"1g8xns9o7m3blts","id":"1g8xns9o7m3blts"},"id":"2n5wrz8e9dad810","previousOperationId":"hiaagpm9ec1bt83"}
{"type":"operationStart","subtype":"engine","name":"handlebars","timestamp":1708454307987,"id":"gr5pxo4rd51269f","previousEventId":"x24atcejiah7d8u","operationId":"r1kxv2jqkkh3d73","previousOperationId":"hiaagpm9ec1bt83"}
{"type":"log","timestamp":1708454307987,"level":"debug","message":"Rendering engine handlebars","meta":{"rootId":"1g8xns9o7m3blts","id":"1g8xns9o7m3blts"},"id":"ybgqfrqjncxofnp","previousOperationId":"r1kxv2jqkkh3d73"}
{"type":"operationEnd","operationId":"r1kxv2jqkkh3d73","timestamp":1708454308017,"id":"0vuxo3kvcnsmuup","previousEventId":"gr5pxo4rd51269f","previousOperationId":"r1kxv2jqkkh3d73"}
{"type":"operationStart","subtype":"recipe","name":"chrome-pdf","timestamp":1708454308017,"id":"b769xl30z7205yj","previousEventId":"0vuxo3kvcnsmuup","operationId":"8imiz7z3ks77y18","previousOperationId":"r1kxv2jqkkh3d73"}
{"type":"log","timestamp":1708454308017,"level":"debug","message":"Executing recipe chrome-pdf","meta":{"rootId":"1g8xns9o7m3blts","id":"1g8xns9o7m3blts"},"id":"fy0lb06iuap4619","previousOperationId":"8imiz7z3ks77y18"}
{"type":"log","timestamp":1708454308020,"level":"debug","message":"Converting with chrome HeadlessChrome/117.0.5938.149 using chrome-pool strategy","meta":{"rootId":"1g8xns9o7m3blts","id":"1g8xns9o7m3blts"},"id":"vrmq2227o3ufjpk","previousOperationId":"8imiz7z3ks77y18"}
{"type":"log","timestamp":1708454308053,"level":"debug","message":"Page request: GET (document) file:///tmp/jsreport/autocleanup/35aa202c-461e-45b6-bee4-2a354f7b3c64-chrome-pdf.html","meta":{"rootId":"1g8xns9o7m3blts","id":"1g8xns9o7m3blts"},"id":"4f7r8nay5muq4ta","previousOperationId":"8imiz7z3ks77y18"}
{"type":"log","timestamp":1708454308066,"level":"debug","message":"Page request: GET (stylesheet) https://cdn.jsdelivr.net/chartist.js/latest/chartist.min.css","meta":{"rootId":"1g8xns9o7m3blts","id":"1g8xns9o7m3blts"},"id":"rgcummtd6hfbwqg","previousOperationId":"8imiz7z3ks77y18"}
{"type":"log","timestamp":1708454308066,"level":"debug","message":"Page request: GET (script) https://cdn.jsdelivr.net/chartist.js/latest/chartist.min.js","meta":{"rootId":"1g8xns9o7m3blts","id":"1g8xns9o7m3blts"},"id":"oaocjiqg27faulc","previousOperationId":"8imiz7z3ks77y18"}
{"type":"log","timestamp":1708454308067,"level":"debug","message":"Page request finished: GET (document) 200 file:///tmp/jsreport/autocleanup/35aa202c-461e-45b6-bee4-2a354f7b3c64-chrome-pdf.html","meta":{"rootId":"1g8xns9o7m3blts","id":"1g8xns9o7m3blts"},"id":"t6mioq6btxty85t","previousOperationId":"8imiz7z3ks77y18"}
{"type":"log","timestamp":1708454308067,"level":"debug","message":"Page request: GET (script) https://code.jquery.com/jquery-3.6.0.min.js","meta":{"rootId":"1g8xns9o7m3blts","id":"1g8xns9o7m3blts"},"id":"hxqvb4fvj66i0jt","previousOperationId":"8imiz7z3ks77y18"}
{"type":"log","timestamp":1708454308067,"level":"debug","message":"Page request: GET (script) https://cdn.jsdelivr.net/npm/chart.js","meta":{"rootId":"1g8xns9o7m3blts","id":"1g8xns9o7m3blts"},"id":"ctoupf3kf5qy4qd","previousOperationId":"8imiz7z3ks77y18"}
{"type":"log","timestamp":1708454308071,"level":"debug","message":"Page request finished: GET (stylesheet) 200 https://cdn.jsdelivr.net/chartist.js/latest/chartist.min.css","meta":{"rootId":"1g8xns9o7m3blts","id":"1g8xns9o7m3blts"},"id":"ozzveuof52ni5di","previousOperationId":"8imiz7z3ks77y18"}
{"type":"log","timestamp":1708454308074,"level":"debug","message":"Page request finished: GET (script) 200 https://cdn.jsdelivr.net/chartist.js/latest/chartist.min.js","meta":{"rootId":"1g8xns9o7m3blts","id":"1g8xns9o7m3blts"},"id":"lq656wg5ni14thi","previousOperationId":"8imiz7z3ks77y18"}
{"type":"log","timestamp":1708454308079,"level":"debug","message":"Page request finished: GET (script) 200 https://code.jquery.com/jquery-3.6.0.min.js","meta":{"rootId":"1g8xns9o7m3blts","id":"1g8xns9o7m3blts"},"id":"mu4xn53ckwy94ur","previousOperationId":"8imiz7z3ks77y18"}
{"type":"log","timestamp":1708454308091,"level":"debug","message":"Page request finished: GET (script) 200 https://cdn.jsdelivr.net/npm/chart.js","meta":{"rootId":"1g8xns9o7m3blts","id":"1g8xns9o7m3blts"},"id":"b6mqm3lr4syek05","previousOperationId":"8imiz7z3ks77y18"}
{"type":"log","timestamp":1708454308144,"level":"debug","message":"Running chrome with params {\"printBackground\":true,\"timeout\":59906,\"margin\":{}}","meta":{"rootId":"1g8xns9o7m3blts","id":"1g8xns9o7m3blts"},"id":"h95wyfi9qb6nsod","previousOperationId":"8imiz7z3ks77y18"}
{"type":"operationEnd","operationId":"8imiz7z3ks77y18","timestamp":1708454308180,"id":"fguuxpc5m1bhq05","previousEventId":"b769xl30z7205yj","previousOperationId":"8imiz7z3ks77y18"}
{"type":"log","timestamp":1708454308180,"level":"debug","message":"Skipping storing report.","meta":{"rootId":"1g8xns9o7m3blts","id":"1g8xns9o7m3blts"},"id":"voham6rfdkufgof","previousOperationId":"8imiz7z3ks77y18"}
{"type":"log","timestamp":1708454308180,"level":"info","message":"Rendering request 4 finished in 255 ms","meta":{"rootId":"1g8xns9o7m3blts","id":"1g8xns9o7m3blts"},"id":"526dudbgr2kd546","previousOperationId":"8imiz7z3ks77y18"}
{"type":"operationEnd","subtype":"render","operationId":"xhxp2bxubdg7r0o","timestamp":1708454308180,"id":"plgtjcnbiaob9w6","previousEventId":"fguuxpc5m1bhq05","previousOperationId":"8imiz7z3ks77y18"}
{"type":"operationEnd","doDiffs":false,"previousEventId":"2w7m6i7z3tk616g","previousOperationId":"hz18obp8r4pv9mf","operationId":"hz18obp8r4pv9mf","timestamp":1708454308183,"id":"4jc2a1sepv1nvzf"}
