{"type":"operationStart","subtype":"profile","data":{"_id":"xpqo3To1JeGUmVV6","timestamp":"2024-02-20T19:14:27.265Z","state":"queued","mode":"standard","creationDate":"2024-02-20T19:14:27.266Z","modificationDate":"2024-02-20T19:14:27.266Z","shortid":"8uT75Hd","$entitySet":"profiles"},"doDiffs":false,"timestamp":1708456467265,"id":"xlbha8pn8nh0vya","previousOperationId":null,"operationId":"wnps32fn8cz50j5"}
{"type":"log","level":"info","message":"Render request 59 queued for execution and waiting for available worker","previousOperationId":"wnps32fn8cz50j5","timestamp":1708456467265,"id":"kvfv898ay5n3nqj"}
{"type":"operationStart","subtype":"render","name":"TemplateList","previousOperationId":"wnps32fn8cz50j5","timestamp":1708456467270,"id":"s3hs8jaaxb0er4y","previousEventId":"xlbha8pn8nh0vya","operationId":"n540b5u3f1w97mm"}
{"type":"log","timestamp":1708456467270,"level":"info","message":"Starting rendering request 59","meta":{"rootId":"1wnrjrpvbaqytpm","id":"1wnrjrpvbaqytpm"},"id":"df6be5u2z75yc8d","previousOperationId":"n540b5u3f1w97mm"}
{"type":"log","timestamp":1708456467270,"level":"info","message":"Rendering template { name: TemplateList, recipe: chrome-pdf, engine: handlebars, preview: true }","meta":{"rootId":"1wnrjrpvbaqytpm","id":"1wnrjrpvbaqytpm"},"id":"m9t7ld23tbai8cs","previousOperationId":"n540b5u3f1w97mm"}
{"type":"log","timestamp":1708456467271,"level":"debug","message":"Data item not defined for this template.","meta":{"rootId":"1wnrjrpvbaqytpm","id":"1wnrjrpvbaqytpm"},"id":"xhet5vn8ryn41bz","previousOperationId":"n540b5u3f1w97mm"}
{"type":"log","timestamp":1708456467272,"level":"debug","message":"Executing script list-data (beforeRender)","meta":{"rootId":"1wnrjrpvbaqytpm","id":"1wnrjrpvbaqytpm"},"id":"8shnvc9ga77b74d","previousOperationId":"n540b5u3f1w97mm"}
{"type":"operationStart","subtype":"scriptsBeforeRender","name":"scripts beforeRender","timestamp":1708456467275,"id":"63zxnzih95g8gvj","previousEventId":"s3hs8jaaxb0er4y","operationId":"1gb8bhsedbo3gcz","previousOperationId":"n540b5u3f1w97mm"}
{"type":"operationStart","subtype":"script","name":"scripts list-data","previousOperationId":"1gb8bhsedbo3gcz","timestamp":1708456467275,"id":"facbxi0kxrtrifa","previousEventId":"63zxnzih95g8gvj","operationId":"8jefugxuigsq0x7"}
{"type":"log","timestamp":1708456467295,"level":"debug","message":"(console:log) [\n  {\n    list_description: {\n      id: 2,\n      list_name: 'sarshisha',\n      list_current_number: 13,\n      list_limit_number: 0\n    },\n    list_image: {\n      url: 'http://localhost:4000/rails/active_storage/blobs/redirect/eyJfcmFpbHMiOnsiZGF0YSI6MywicHVyIjoiYmxvYl9pZCJ9fQ==--07183cfade35ce6ffe715f60749642919ec61f5d/charcuteria.png'\n    }\n  },\n  {\n    list_description: {\n      id: 3,\n      list_name: 'stjsjshtshn',\n      list_current_number: 4,\n      list_limit_number: 0\n    },\n    list_image: {\n      url: 'http://localhost:4000/rails/active_storage/blobs/redirect/eyJfcmFpbHMiOnsiZGF0YSI6NCwicHVyIjoiYmxvYl9pZCJ9fQ==--023aae65cb60b3f6c6d73a9c76e14c0b0df6ad86/dibujoadrian.jpg'\n    }\n  },\n  {\n    list_description: {\n      id: 1,\n      list_name: 'charcuteria',\n      list_current_number: 1,\n      list_limit_number: 0\n    },\n    list_image: {\n      url: 'http://localhost:4000/rails/active_storage/blobs/redirect/eyJfcmFpbHMiOnsiZGF0YSI6MiwicHVyIjoiYmxvYl9pZCJ9fQ==--ee6d56bf52163135b48a4ba2c22b11a93e94d3b3/charcuteria.png'\n    }\n  }\n]","meta":{"userLevel":true,"rootId":"1wnrjrpvbaqytpm","id":"1wnrjrpvbaqytpm"},"id":"vu5iv0z17dfkclr","previousOperationId":"8jefugxuigsq0x7"}
{"type":"log","timestamp":1708456467302,"level":"debug","message":"(console:log) [\n  {\n    id: 1,\n    nickname: 'a',\n    is_admin: true,\n    suscriptor: null,\n    created_at: '2024-02-20T16:45:37.609Z',\n    updated_at: '2024-02-20T16:45:37.729Z',\n    email: 'a@a.a',\n    jti: '6a2b57ca-af4b-47a0-8285-477cffafa34b'\n  }\n]","meta":{"userLevel":true,"rootId":"1wnrjrpvbaqytpm","id":"1wnrjrpvbaqytpm"},"id":"0oacecyirev2834","previousOperationId":"8jefugxuigsq0x7"}
{"type":"operationEnd","operationId":"8jefugxuigsq0x7","timestamp":1708456467302,"id":"h2e325tokwv28bf","previousEventId":"s3hs8jaaxb0er4y","previousOperationId":"n540b5u3f1w97mm"}
{"type":"operationEnd","operationId":"1gb8bhsedbo3gcz","timestamp":1708456467302,"id":"pgsn6djm2eg55wu","previousEventId":"h2e325tokwv28bf","previousOperationId":"n540b5u3f1w97mm"}
{"type":"log","timestamp":1708456467302,"level":"debug","message":"Base url not specified, skipping its injection.","meta":{"rootId":"1wnrjrpvbaqytpm","id":"1wnrjrpvbaqytpm"},"id":"esv26xihtlegxha","previousOperationId":"1gb8bhsedbo3gcz"}
{"type":"operationStart","subtype":"engine","name":"handlebars","timestamp":1708456467302,"id":"p66dw8st2r8c8q0","previousEventId":"pgsn6djm2eg55wu","operationId":"twrs42uwkm2jwod","previousOperationId":"1gb8bhsedbo3gcz"}
{"type":"log","timestamp":1708456467302,"level":"debug","message":"Rendering engine handlebars","meta":{"rootId":"1wnrjrpvbaqytpm","id":"1wnrjrpvbaqytpm"},"id":"7n6o5ft4a5q9dx5","previousOperationId":"twrs42uwkm2jwod"}
{"type":"operationEnd","operationId":"twrs42uwkm2jwod","timestamp":1708456467314,"id":"85gajgb9qh68qkm","previousEventId":"p66dw8st2r8c8q0","previousOperationId":"twrs42uwkm2jwod"}
{"type":"operationStart","subtype":"recipe","name":"chrome-pdf","timestamp":1708456467315,"id":"j8txye3noerftuh","previousEventId":"85gajgb9qh68qkm","operationId":"olfqfrxknuu0cdn","previousOperationId":"twrs42uwkm2jwod"}
{"type":"log","timestamp":1708456467315,"level":"debug","message":"Executing recipe chrome-pdf","meta":{"rootId":"1wnrjrpvbaqytpm","id":"1wnrjrpvbaqytpm"},"id":"a7ts2ylz5btm9gq","previousOperationId":"olfqfrxknuu0cdn"}
{"type":"log","timestamp":1708456467316,"level":"debug","message":"Converting with chrome HeadlessChrome/117.0.5938.149 using chrome-pool strategy","meta":{"rootId":"1wnrjrpvbaqytpm","id":"1wnrjrpvbaqytpm"},"id":"ijzkrbh4e1u09u6","previousOperationId":"olfqfrxknuu0cdn"}
{"type":"log","timestamp":1708456467351,"level":"debug","message":"Page request: GET (document) file:///tmp/jsreport/autocleanup/97c80bb1-f42d-4769-994b-2e5a6d64943f-chrome-pdf.html","meta":{"rootId":"1wnrjrpvbaqytpm","id":"1wnrjrpvbaqytpm"},"id":"tedtijzfjc8prjc","previousOperationId":"olfqfrxknuu0cdn"}
{"type":"log","timestamp":1708456467366,"level":"debug","message":"Page request: GET (stylesheet) https://cdn.jsdelivr.net/chartist.js/latest/chartist.min.css","meta":{"rootId":"1wnrjrpvbaqytpm","id":"1wnrjrpvbaqytpm"},"id":"lmus3gl9u65gasq","previousOperationId":"olfqfrxknuu0cdn"}
{"type":"log","timestamp":1708456467367,"level":"debug","message":"Page request: GET (script) https://cdn.jsdelivr.net/chartist.js/latest/chartist.min.js","meta":{"rootId":"1wnrjrpvbaqytpm","id":"1wnrjrpvbaqytpm"},"id":"cb7l3r2zfn6gksc","previousOperationId":"olfqfrxknuu0cdn"}
{"type":"log","timestamp":1708456467367,"level":"debug","message":"Page request: GET (script) https://code.jquery.com/jquery-3.6.0.min.js","meta":{"rootId":"1wnrjrpvbaqytpm","id":"1wnrjrpvbaqytpm"},"id":"ya3fnwu9f324ssy","previousOperationId":"olfqfrxknuu0cdn"}
{"type":"log","timestamp":1708456467367,"level":"debug","message":"Page request: GET (script) https://cdn.jsdelivr.net/npm/chart.js","meta":{"rootId":"1wnrjrpvbaqytpm","id":"1wnrjrpvbaqytpm"},"id":"fq9ofz1s58ci3kl","previousOperationId":"olfqfrxknuu0cdn"}
{"type":"log","timestamp":1708456467367,"level":"debug","message":"Page request finished: GET (document) 200 file:///tmp/jsreport/autocleanup/97c80bb1-f42d-4769-994b-2e5a6d64943f-chrome-pdf.html","meta":{"rootId":"1wnrjrpvbaqytpm","id":"1wnrjrpvbaqytpm"},"id":"aby3izkldds47r7","previousOperationId":"olfqfrxknuu0cdn"}
{"type":"log","timestamp":1708456467374,"level":"debug","message":"Page request finished: GET (stylesheet) 200 https://cdn.jsdelivr.net/chartist.js/latest/chartist.min.css","meta":{"rootId":"1wnrjrpvbaqytpm","id":"1wnrjrpvbaqytpm"},"id":"1b17a6bo2m8nj1x","previousOperationId":"olfqfrxknuu0cdn"}
{"type":"log","timestamp":1708456467374,"level":"debug","message":"Page request finished: GET (script) 200 https://cdn.jsdelivr.net/chartist.js/latest/chartist.min.js","meta":{"rootId":"1wnrjrpvbaqytpm","id":"1wnrjrpvbaqytpm"},"id":"d3pe8uyj77tegmf","previousOperationId":"olfqfrxknuu0cdn"}
{"type":"log","timestamp":1708456467377,"level":"debug","message":"Page request finished: GET (script) 200 https://code.jquery.com/jquery-3.6.0.min.js","meta":{"rootId":"1wnrjrpvbaqytpm","id":"1wnrjrpvbaqytpm"},"id":"lr9fza2ygtyewr0","previousOperationId":"olfqfrxknuu0cdn"}
{"type":"log","timestamp":1708456467382,"level":"debug","message":"Page request finished: GET (script) 200 https://cdn.jsdelivr.net/npm/chart.js","meta":{"rootId":"1wnrjrpvbaqytpm","id":"1wnrjrpvbaqytpm"},"id":"y7wwwkz8b9mvm7h","previousOperationId":"olfqfrxknuu0cdn"}
{"type":"log","timestamp":1708456467430,"level":"debug","message":"Running chrome with params {\"printBackground\":true,\"timeout\":59950,\"margin\":{}}","meta":{"rootId":"1wnrjrpvbaqytpm","id":"1wnrjrpvbaqytpm"},"id":"nhvhqf4bxgbn2z9","previousOperationId":"olfqfrxknuu0cdn"}
{"type":"operationEnd","operationId":"olfqfrxknuu0cdn","timestamp":1708456467455,"id":"wfu2eaieprdo2qn","previousEventId":"j8txye3noerftuh","previousOperationId":"olfqfrxknuu0cdn"}
{"type":"log","timestamp":1708456467455,"level":"debug","message":"Skipping storing report.","meta":{"rootId":"1wnrjrpvbaqytpm","id":"1wnrjrpvbaqytpm"},"id":"5at4a480g5jy8l2","previousOperationId":"olfqfrxknuu0cdn"}
{"type":"log","timestamp":1708456467455,"level":"info","message":"Rendering request 59 finished in 190 ms","meta":{"rootId":"1wnrjrpvbaqytpm","id":"1wnrjrpvbaqytpm"},"id":"rgs1lcp2qzqjgh6","previousOperationId":"olfqfrxknuu0cdn"}
{"type":"operationEnd","subtype":"render","operationId":"n540b5u3f1w97mm","timestamp":1708456467456,"id":"vzswselrkxeaq5p","previousEventId":"wfu2eaieprdo2qn","previousOperationId":"olfqfrxknuu0cdn"}
{"type":"operationEnd","doDiffs":false,"previousEventId":"xlbha8pn8nh0vya","previousOperationId":"wnps32fn8cz50j5","operationId":"wnps32fn8cz50j5","timestamp":1708456467457,"id":"3yrqfliuhuhprw3"}
