{"type":"operationStart","subtype":"profile","data":{"_id":"8O36K0YHg19wDyeE","timestamp":"2024-02-20T18:53:36.568Z","state":"queued","mode":"standard","creationDate":"2024-02-20T18:53:36.569Z","modificationDate":"2024-02-20T18:53:36.569Z","shortid":"p-z3soG","$entitySet":"profiles"},"doDiffs":false,"timestamp":1708455216569,"id":"wqr3twdz8jp0dhs","previousOperationId":null,"operationId":"p55vjetw6qcrqcd"}
{"type":"log","level":"info","message":"Render request 31 queued for execution and waiting for available worker","previousOperationId":"p55vjetw6qcrqcd","timestamp":1708455216569,"id":"onlhcmupmfe23dq"}
{"type":"operationStart","subtype":"render","name":"TemplateList","previousOperationId":"p55vjetw6qcrqcd","timestamp":1708455216574,"id":"umzfvo2geunztu7","previousEventId":"wqr3twdz8jp0dhs","operationId":"309oo3u7537hyik"}
{"type":"log","timestamp":1708455216574,"level":"info","message":"Starting rendering request 31","meta":{"rootId":"1zib0gls77exugc","id":"1zib0gls77exugc"},"id":"ls0wycvx8n7z01f","previousOperationId":"309oo3u7537hyik"}
{"type":"log","timestamp":1708455216574,"level":"info","message":"Rendering template { name: TemplateList, recipe: chrome-pdf, engine: handlebars, preview: true }","meta":{"rootId":"1zib0gls77exugc","id":"1zib0gls77exugc"},"id":"vri3djree43on80","previousOperationId":"309oo3u7537hyik"}
{"type":"log","timestamp":1708455216575,"level":"debug","message":"Data item not defined for this template.","meta":{"rootId":"1zib0gls77exugc","id":"1zib0gls77exugc"},"id":"tyy6g2s5f5qb8mg","previousOperationId":"309oo3u7537hyik"}
{"type":"log","timestamp":1708455216577,"level":"debug","message":"Executing script list-data (beforeRender)","meta":{"rootId":"1zib0gls77exugc","id":"1zib0gls77exugc"},"id":"n6uusergli8txhm","previousOperationId":"309oo3u7537hyik"}
{"type":"operationStart","subtype":"scriptsBeforeRender","name":"scripts beforeRender","timestamp":1708455216581,"id":"oqmpqd6fk03mg1y","previousEventId":"umzfvo2geunztu7","operationId":"k33octrxf4b7vku","previousOperationId":"309oo3u7537hyik"}
{"type":"operationStart","subtype":"script","name":"scripts list-data","previousOperationId":"k33octrxf4b7vku","timestamp":1708455216581,"id":"8yelrjd64x9kguo","previousEventId":"oqmpqd6fk03mg1y","operationId":"m7mdpkbdgkuqoky"}
{"type":"log","timestamp":1708455216600,"level":"debug","message":"(console:log) [\n  {\n    list_description: {\n      id: 2,\n      list_name: 'sarshisha',\n      list_current_number: 13,\n      list_limit_number: 0\n    },\n    list_image: {\n      url: 'http://localhost:4000/rails/active_storage/blobs/redirect/eyJfcmFpbHMiOnsiZGF0YSI6MywicHVyIjoiYmxvYl9pZCJ9fQ==--07183cfade35ce6ffe715f60749642919ec61f5d/charcuteria.png'\n    }\n  },\n  {\n    list_description: {\n      id: 3,\n      list_name: 'stjsjshtshn',\n      list_current_number: 4,\n      list_limit_number: 0\n    },\n    list_image: {\n      url: 'http://localhost:4000/rails/active_storage/blobs/redirect/eyJfcmFpbHMiOnsiZGF0YSI6NCwicHVyIjoiYmxvYl9pZCJ9fQ==--023aae65cb60b3f6c6d73a9c76e14c0b0df6ad86/dibujoadrian.jpg'\n    }\n  },\n  {\n    list_description: {\n      id: 1,\n      list_name: 'charcuteria',\n      list_current_number: 1,\n      list_limit_number: 0\n    },\n    list_image: {\n      url: 'http://localhost:4000/rails/active_storage/blobs/redirect/eyJfcmFpbHMiOnsiZGF0YSI6MiwicHVyIjoiYmxvYl9pZCJ9fQ==--ee6d56bf52163135b48a4ba2c22b11a93e94d3b3/charcuteria.png'\n    }\n  }\n]","meta":{"userLevel":true,"rootId":"1zib0gls77exugc","id":"1zib0gls77exugc"},"id":"j0ua1qekygcovsb","previousOperationId":"m7mdpkbdgkuqoky"}
{"type":"log","timestamp":1708455216607,"level":"debug","message":"(console:log) [\n  {\n    id: 1,\n    nickname: 'a',\n    is_admin: true,\n    suscriptor: null,\n    created_at: '2024-02-20T16:45:37.609Z',\n    updated_at: '2024-02-20T16:45:37.729Z',\n    email: 'a@a.a',\n    jti: '6a2b57ca-af4b-47a0-8285-477cffafa34b'\n  }\n]","meta":{"userLevel":true,"rootId":"1zib0gls77exugc","id":"1zib0gls77exugc"},"id":"le0yh1hcui48qfb","previousOperationId":"m7mdpkbdgkuqoky"}
{"type":"operationEnd","operationId":"m7mdpkbdgkuqoky","timestamp":1708455216607,"id":"bu0gxg52rc78wpy","previousEventId":"umzfvo2geunztu7","previousOperationId":"309oo3u7537hyik"}
{"type":"operationEnd","operationId":"k33octrxf4b7vku","timestamp":1708455216607,"id":"j7sm41p8dw1e2iw","previousEventId":"bu0gxg52rc78wpy","previousOperationId":"309oo3u7537hyik"}
{"type":"log","timestamp":1708455216607,"level":"debug","message":"Base url not specified, skipping its injection.","meta":{"rootId":"1zib0gls77exugc","id":"1zib0gls77exugc"},"id":"hbhj9f46os7dfk5","previousOperationId":"k33octrxf4b7vku"}
{"type":"operationStart","subtype":"engine","name":"handlebars","timestamp":1708455216607,"id":"1dndmvs6uie49dg","previousEventId":"j7sm41p8dw1e2iw","operationId":"717ppyyarjm6ya2","previousOperationId":"k33octrxf4b7vku"}
{"type":"log","timestamp":1708455216607,"level":"debug","message":"Rendering engine handlebars","meta":{"rootId":"1zib0gls77exugc","id":"1zib0gls77exugc"},"id":"pgmh4zd26ow1sxw","previousOperationId":"717ppyyarjm6ya2"}
{"type":"operationEnd","operationId":"717ppyyarjm6ya2","timestamp":1708455216613,"id":"4d6kl8xd4y8gqbg","previousEventId":"1dndmvs6uie49dg","previousOperationId":"717ppyyarjm6ya2"}
{"type":"operationStart","subtype":"recipe","name":"chrome-pdf","timestamp":1708455216613,"id":"wzb4cwl49m4gih0","previousEventId":"4d6kl8xd4y8gqbg","operationId":"3sejd9zldgf6ydg","previousOperationId":"717ppyyarjm6ya2"}
{"type":"log","timestamp":1708455216613,"level":"debug","message":"Executing recipe chrome-pdf","meta":{"rootId":"1zib0gls77exugc","id":"1zib0gls77exugc"},"id":"qnae8ps2onjc3wg","previousOperationId":"3sejd9zldgf6ydg"}
{"type":"log","timestamp":1708455216614,"level":"debug","message":"Converting with chrome HeadlessChrome/117.0.5938.149 using chrome-pool strategy","meta":{"rootId":"1zib0gls77exugc","id":"1zib0gls77exugc"},"id":"q2zk9ti63w2azol","previousOperationId":"3sejd9zldgf6ydg"}
{"type":"log","timestamp":1708455216644,"level":"debug","message":"Page request: GET (document) file:///tmp/jsreport/autocleanup/803f7050-34b3-46f1-a2c5-db55f1438ccf-chrome-pdf.html","meta":{"rootId":"1zib0gls77exugc","id":"1zib0gls77exugc"},"id":"oiqy40o27z2y7k3","previousOperationId":"3sejd9zldgf6ydg"}
{"type":"log","timestamp":1708455216654,"level":"debug","message":"Page request: GET (stylesheet) https://cdn.jsdelivr.net/chartist.js/latest/chartist.min.css","meta":{"rootId":"1zib0gls77exugc","id":"1zib0gls77exugc"},"id":"7xgyurkygnn1afz","previousOperationId":"3sejd9zldgf6ydg"}
{"type":"log","timestamp":1708455216654,"level":"debug","message":"Page request: GET (script) https://cdn.jsdelivr.net/chartist.js/latest/chartist.min.js","meta":{"rootId":"1zib0gls77exugc","id":"1zib0gls77exugc"},"id":"je9xi0w2r5t1wrq","previousOperationId":"3sejd9zldgf6ydg"}
{"type":"log","timestamp":1708455216654,"level":"debug","message":"Page request: GET (script) https://code.jquery.com/jquery-3.6.0.min.js","meta":{"rootId":"1zib0gls77exugc","id":"1zib0gls77exugc"},"id":"qevn2h1lmq9a7ot","previousOperationId":"3sejd9zldgf6ydg"}
{"type":"log","timestamp":1708455216654,"level":"debug","message":"Page request: GET (script) https://cdn.jsdelivr.net/npm/chart.js","meta":{"rootId":"1zib0gls77exugc","id":"1zib0gls77exugc"},"id":"wiv5z3lysd96aju","previousOperationId":"3sejd9zldgf6ydg"}
{"type":"log","timestamp":1708455216655,"level":"debug","message":"Page request finished: GET (document) 200 file:///tmp/jsreport/autocleanup/803f7050-34b3-46f1-a2c5-db55f1438ccf-chrome-pdf.html","meta":{"rootId":"1zib0gls77exugc","id":"1zib0gls77exugc"},"id":"npgu70oaq5fasfc","previousOperationId":"3sejd9zldgf6ydg"}
{"type":"log","timestamp":1708455216656,"level":"debug","message":"Page request finished: GET (stylesheet) 200 https://cdn.jsdelivr.net/chartist.js/latest/chartist.min.css","meta":{"rootId":"1zib0gls77exugc","id":"1zib0gls77exugc"},"id":"dayx6x75crpj59j","previousOperationId":"3sejd9zldgf6ydg"}
{"type":"log","timestamp":1708455216657,"level":"debug","message":"Page request finished: GET (script) 200 https://cdn.jsdelivr.net/chartist.js/latest/chartist.min.js","meta":{"rootId":"1zib0gls77exugc","id":"1zib0gls77exugc"},"id":"k6lzd8w3p94l0av","previousOperationId":"3sejd9zldgf6ydg"}
{"type":"log","timestamp":1708455216660,"level":"debug","message":"Page request finished: GET (script) 200 https://code.jquery.com/jquery-3.6.0.min.js","meta":{"rootId":"1zib0gls77exugc","id":"1zib0gls77exugc"},"id":"zrvlqis21d55pz5","previousOperationId":"3sejd9zldgf6ydg"}
{"type":"log","timestamp":1708455216663,"level":"debug","message":"Page request finished: GET (script) 200 https://cdn.jsdelivr.net/npm/chart.js","meta":{"rootId":"1zib0gls77exugc","id":"1zib0gls77exugc"},"id":"ybdp5iokf6s6f8r","previousOperationId":"3sejd9zldgf6ydg"}
{"type":"log","timestamp":1708455216705,"level":"debug","message":"Running chrome with params {\"printBackground\":true,\"timeout\":59954,\"margin\":{}}","meta":{"rootId":"1zib0gls77exugc","id":"1zib0gls77exugc"},"id":"1iebzchuc93srgu","previousOperationId":"3sejd9zldgf6ydg"}
{"type":"operationEnd","operationId":"3sejd9zldgf6ydg","timestamp":1708455216740,"id":"wkj7hdit3hvlpr5","previousEventId":"wzb4cwl49m4gih0","previousOperationId":"3sejd9zldgf6ydg"}
{"type":"log","timestamp":1708455216740,"level":"debug","message":"Skipping storing report.","meta":{"rootId":"1zib0gls77exugc","id":"1zib0gls77exugc"},"id":"z63yij7t77a1u4y","previousOperationId":"3sejd9zldgf6ydg"}
{"type":"log","timestamp":1708455216740,"level":"info","message":"Rendering request 31 finished in 172 ms","meta":{"rootId":"1zib0gls77exugc","id":"1zib0gls77exugc"},"id":"evdiqvw7ybjq7gd","previousOperationId":"3sejd9zldgf6ydg"}
{"type":"operationEnd","subtype":"render","operationId":"309oo3u7537hyik","timestamp":1708455216740,"id":"skhrcii49d89m67","previousEventId":"wkj7hdit3hvlpr5","previousOperationId":"3sejd9zldgf6ydg"}
{"type":"operationEnd","doDiffs":false,"previousEventId":"wqr3twdz8jp0dhs","previousOperationId":"p55vjetw6qcrqcd","operationId":"p55vjetw6qcrqcd","timestamp":1708455216742,"id":"dt88o016q5a0hb7"}
