{"type":"operationStart","subtype":"profile","data":{"_id":"PEtBpobB1FSWfDJa","timestamp":"2024-02-20T17:50:48.465Z","state":"queued","mode":"standard","creationDate":"2024-02-20T17:50:48.467Z","modificationDate":"2024-02-20T17:50:48.467Z","shortid":"oZMoFxA","$entitySet":"profiles"},"doDiffs":false,"timestamp":1708451448466,"id":"nuszi3wgk7fiuyo","previousOperationId":null,"operationId":"jftu4iuycajj393"}
{"type":"log","level":"info","message":"Render request 2 queued for execution and waiting for available worker","previousOperationId":"jftu4iuycajj393","timestamp":1708451448466,"id":"rb0ofaahff8w392"}
{"type":"operationStart","subtype":"render","name":"TemplateList","previousOperationId":"jftu4iuycajj393","timestamp":1708451448473,"id":"s8slv3uhp38s7bb","previousEventId":"nuszi3wgk7fiuyo","operationId":"2w6yykv852k3gn8"}
{"type":"log","timestamp":1708451448473,"level":"info","message":"Starting rendering request 2","meta":{"rootId":"22092ltcv694cu3","id":"22092ltcv694cu3"},"id":"hg6p7doese8s5dv","previousOperationId":"2w6yykv852k3gn8"}
{"type":"log","timestamp":1708451448474,"level":"info","message":"Rendering template { name: TemplateList, recipe: chrome-pdf, engine: handlebars, preview: true }","meta":{"rootId":"22092ltcv694cu3","id":"22092ltcv694cu3"},"id":"qlmayhz17fyzq0o","previousOperationId":"2w6yykv852k3gn8"}
{"type":"log","timestamp":1708451448475,"level":"debug","message":"Data item not defined for this template.","meta":{"rootId":"22092ltcv694cu3","id":"22092ltcv694cu3"},"id":"k993o8iad926zn8","previousOperationId":"2w6yykv852k3gn8"}
{"type":"log","timestamp":1708451448477,"level":"debug","message":"Executing script list-data (beforeRender)","meta":{"rootId":"22092ltcv694cu3","id":"22092ltcv694cu3"},"id":"5riaom1n8dcyek6","previousOperationId":"2w6yykv852k3gn8"}
{"type":"operationStart","subtype":"scriptsBeforeRender","name":"scripts beforeRender","timestamp":1708451448623,"id":"y82o8qq3l8aftid","previousEventId":"s8slv3uhp38s7bb","operationId":"sofx8ee1iidjd8l","previousOperationId":"2w6yykv852k3gn8"}
{"type":"operationStart","subtype":"script","name":"scripts list-data","previousOperationId":"sofx8ee1iidjd8l","timestamp":1708451448623,"id":"xjttbt3glg11fb1","previousEventId":"y82o8qq3l8aftid","operationId":"6tjy6kidj59ox1j"}
{"type":"log","timestamp":1708451448653,"level":"debug","message":"(console:log) [\n  {\n    list_description: {\n      id: 1,\n      list_name: 'charcuteria',\n      list_current_number: 0,\n      list_limit_number: 0\n    },\n    list_image: {\n      url: 'http://localhost:4000/rails/active_storage/blobs/redirect/eyJfcmFpbHMiOnsiZGF0YSI6MiwicHVyIjoiYmxvYl9pZCJ9fQ==--ee6d56bf52163135b48a4ba2c22b11a93e94d3b3/charcuteria.png'\n    }\n  },\n  {\n    list_description: {\n      id: 2,\n      list_name: 'sarshisha',\n      list_current_number: 0,\n      list_limit_number: 0\n    },\n    list_image: {\n      url: 'http://localhost:4000/rails/active_storage/blobs/redirect/eyJfcmFpbHMiOnsiZGF0YSI6MywicHVyIjoiYmxvYl9pZCJ9fQ==--07183cfade35ce6ffe715f60749642919ec61f5d/charcuteria.png'\n    }\n  },\n  {\n    list_description: {\n      id: 3,\n      list_name: 'stjsjshtshn',\n      list_current_number: 0,\n      list_limit_number: 0\n    },\n    list_image: {\n      url: 'http://localhost:4000/rails/active_storage/blobs/redirect/eyJfcmFpbHMiOnsiZGF0YSI6NCwicHVyIjoiYmxvYl9pZCJ9fQ==--023aae65cb60b3f6c6d73a9c76e14c0b0df6ad86/dibujoadrian.jpg'\n    }\n  }\n]","meta":{"userLevel":true,"rootId":"22092ltcv694cu3","id":"22092ltcv694cu3"},"id":"plrxwfvewww7i5b","previousOperationId":"6tjy6kidj59ox1j"}
{"type":"log","timestamp":1708451448653,"level":"debug","message":"(console:log) undefined","meta":{"userLevel":true,"rootId":"22092ltcv694cu3","id":"22092ltcv694cu3"},"id":"24jmdh3hck8k3js","previousOperationId":"6tjy6kidj59ox1j"}
{"type":"operationEnd","operationId":"6tjy6kidj59ox1j","timestamp":1708451448654,"id":"bemt8tclxdbwqvq","previousEventId":"s8slv3uhp38s7bb","previousOperationId":"2w6yykv852k3gn8"}
{"type":"operationEnd","operationId":"sofx8ee1iidjd8l","timestamp":1708451448654,"id":"lastrl614vsz9x6","previousEventId":"bemt8tclxdbwqvq","previousOperationId":"2w6yykv852k3gn8"}
{"type":"log","timestamp":1708451448654,"level":"debug","message":"Base url not specified, skipping its injection.","meta":{"rootId":"22092ltcv694cu3","id":"22092ltcv694cu3"},"id":"oeb2vl9js4ge7r5","previousOperationId":"sofx8ee1iidjd8l"}
{"type":"operationStart","subtype":"engine","name":"handlebars","timestamp":1708451448655,"id":"z2edjsf62txcjwc","previousEventId":"lastrl614vsz9x6","operationId":"cqla3efmjgshvdg","previousOperationId":"sofx8ee1iidjd8l"}
{"type":"log","timestamp":1708451448655,"level":"debug","message":"Rendering engine handlebars","meta":{"rootId":"22092ltcv694cu3","id":"22092ltcv694cu3"},"id":"faesi7zjirb6nfx","previousOperationId":"cqla3efmjgshvdg"}
{"type":"operationEnd","operationId":"cqla3efmjgshvdg","timestamp":1708451448873,"id":"21kfzpnbhu5m9a6","previousEventId":"z2edjsf62txcjwc","previousOperationId":"cqla3efmjgshvdg"}
{"type":"operationStart","subtype":"recipe","name":"chrome-pdf","timestamp":1708451448874,"id":"ab8u4ni0qk9cyzb","previousEventId":"21kfzpnbhu5m9a6","operationId":"4i6g1ys4n5m9vsb","previousOperationId":"cqla3efmjgshvdg"}
{"type":"log","timestamp":1708451448874,"level":"debug","message":"Executing recipe chrome-pdf","meta":{"rootId":"22092ltcv694cu3","id":"22092ltcv694cu3"},"id":"yzengs9eprx4kg3","previousOperationId":"4i6g1ys4n5m9vsb"}
{"type":"log","timestamp":1708451449158,"level":"debug","message":"Converting with chrome HeadlessChrome/117.0.5938.149 using chrome-pool strategy","meta":{"rootId":"22092ltcv694cu3","id":"22092ltcv694cu3"},"id":"2oklbn473zpssjn","previousOperationId":"4i6g1ys4n5m9vsb"}
{"type":"log","timestamp":1708451449210,"level":"debug","message":"Page request: GET (document) file:///tmp/jsreport/autocleanup/c5b881b7-8c02-4a52-9a25-5f4d352097dc-chrome-pdf.html","meta":{"rootId":"22092ltcv694cu3","id":"22092ltcv694cu3"},"id":"wae59edm35g0hu4","previousOperationId":"4i6g1ys4n5m9vsb"}
{"type":"log","timestamp":1708451449217,"level":"debug","message":"Page request: GET (stylesheet) https://cdn.jsdelivr.net/chartist.js/latest/chartist.min.css","meta":{"rootId":"22092ltcv694cu3","id":"22092ltcv694cu3"},"id":"4el66496nym9n9i","previousOperationId":"4i6g1ys4n5m9vsb"}
{"type":"log","timestamp":1708451449218,"level":"debug","message":"Page request: GET (script) https://cdn.jsdelivr.net/chartist.js/latest/chartist.min.js","meta":{"rootId":"22092ltcv694cu3","id":"22092ltcv694cu3"},"id":"k5x8oasous0q7jy","previousOperationId":"4i6g1ys4n5m9vsb"}
{"type":"log","timestamp":1708451449218,"level":"debug","message":"Page request: GET (script) https://code.jquery.com/jquery-3.6.0.min.js","meta":{"rootId":"22092ltcv694cu3","id":"22092ltcv694cu3"},"id":"m8sm2gj5cklbpwo","previousOperationId":"4i6g1ys4n5m9vsb"}
{"type":"log","timestamp":1708451449219,"level":"debug","message":"Page request finished: GET (document) 200 file:///tmp/jsreport/autocleanup/c5b881b7-8c02-4a52-9a25-5f4d352097dc-chrome-pdf.html","meta":{"rootId":"22092ltcv694cu3","id":"22092ltcv694cu3"},"id":"ftatu8x2ynh3g59","previousOperationId":"4i6g1ys4n5m9vsb"}
{"type":"log","timestamp":1708451449399,"level":"debug","message":"Page request finished: GET (stylesheet) 200 https://cdn.jsdelivr.net/chartist.js/latest/chartist.min.css","meta":{"rootId":"22092ltcv694cu3","id":"22092ltcv694cu3"},"id":"40ucrqf0ay7387g","previousOperationId":"4i6g1ys4n5m9vsb"}
{"type":"log","timestamp":1708451449406,"level":"debug","message":"Page request finished: GET (script) 200 https://cdn.jsdelivr.net/chartist.js/latest/chartist.min.js","meta":{"rootId":"22092ltcv694cu3","id":"22092ltcv694cu3"},"id":"dvpur2gg8roa99a","previousOperationId":"4i6g1ys4n5m9vsb"}
{"type":"log","timestamp":1708451449434,"level":"debug","message":"Page request finished: GET (script) 200 https://code.jquery.com/jquery-3.6.0.min.js","meta":{"rootId":"22092ltcv694cu3","id":"22092ltcv694cu3"},"id":"zs2d9fwaqzlkn2a","previousOperationId":"4i6g1ys4n5m9vsb"}
{"type":"log","timestamp":1708451449442,"level":"warn","message":"Page error: Unexpected identifier 'Object' , stack: SyntaxError: Unexpected identifier 'Object'","meta":{"rootId":"22092ltcv694cu3","id":"22092ltcv694cu3"},"id":"8gi2bznriw8ubtb","previousOperationId":"4i6g1ys4n5m9vsb"}
{"type":"log","timestamp":1708451449451,"level":"debug","message":"Running chrome with params {\"printBackground\":true,\"timeout\":59439,\"margin\":{}}","meta":{"rootId":"22092ltcv694cu3","id":"22092ltcv694cu3"},"id":"gbmnlr9p31kmu68","previousOperationId":"4i6g1ys4n5m9vsb"}
{"type":"operationEnd","operationId":"4i6g1ys4n5m9vsb","timestamp":1708451449465,"id":"q8y21lmgr7pgmls","previousEventId":"ab8u4ni0qk9cyzb","previousOperationId":"4i6g1ys4n5m9vsb"}
{"type":"log","timestamp":1708451449466,"level":"debug","message":"Skipping storing report.","meta":{"rootId":"22092ltcv694cu3","id":"22092ltcv694cu3"},"id":"6yoeymtci5fclnm","previousOperationId":"4i6g1ys4n5m9vsb"}
{"type":"log","timestamp":1708451449466,"level":"info","message":"Rendering request 2 finished in 1001 ms","meta":{"rootId":"22092ltcv694cu3","id":"22092ltcv694cu3"},"id":"7z5hhi8ba40434i","previousOperationId":"4i6g1ys4n5m9vsb"}
{"type":"operationEnd","subtype":"render","operationId":"2w6yykv852k3gn8","timestamp":1708451449466,"id":"upsepoyap2ou8jg","previousEventId":"q8y21lmgr7pgmls","previousOperationId":"4i6g1ys4n5m9vsb"}
{"type":"operationEnd","doDiffs":false,"previousEventId":"nuszi3wgk7fiuyo","previousOperationId":"jftu4iuycajj393","operationId":"jftu4iuycajj393","timestamp":1708451449471,"id":"ptmo0icyz740hy7"}
