{"type":"operationStart","subtype":"profile","data":{"_id":"G2BlvKvwCCrUWZDY","timestamp":"2024-02-20T18:42:18.345Z","state":"queued","mode":"standard","creationDate":"2024-02-20T18:42:18.346Z","modificationDate":"2024-02-20T18:42:18.346Z","shortid":"5a-vo1o","$entitySet":"profiles"},"doDiffs":false,"timestamp":1708454538345,"id":"8xborwoiba5ovwm","previousOperationId":null,"operationId":"aj2xwiuyvnkjctv"}
{"type":"log","level":"info","message":"Render request 10 queued for execution and waiting for available worker","previousOperationId":"aj2xwiuyvnkjctv","timestamp":1708454538345,"id":"sbndavt5s6mwiva"}
{"type":"operationStart","subtype":"render","name":"TemplateList","previousOperationId":"aj2xwiuyvnkjctv","timestamp":1708454538350,"id":"itguuhkzuzs1ykc","previousEventId":"8xborwoiba5ovwm","operationId":"9kui2m3976cjx5p"}
{"type":"log","timestamp":1708454538350,"level":"info","message":"Starting rendering request 10","meta":{"rootId":"228e6n67hhcswf5","id":"228e6n67hhcswf5"},"id":"bzu5xjfz4ptaqhu","previousOperationId":"9kui2m3976cjx5p"}
{"type":"log","timestamp":1708454538350,"level":"info","message":"Rendering template { name: TemplateList, recipe: chrome-pdf, engine: handlebars, preview: true }","meta":{"rootId":"228e6n67hhcswf5","id":"228e6n67hhcswf5"},"id":"308z3en5o6wr2bs","previousOperationId":"9kui2m3976cjx5p"}
{"type":"log","timestamp":1708454538350,"level":"debug","message":"Data item not defined for this template.","meta":{"rootId":"228e6n67hhcswf5","id":"228e6n67hhcswf5"},"id":"vhmb0ca8itkgdu7","previousOperationId":"9kui2m3976cjx5p"}
{"type":"log","timestamp":1708454538352,"level":"debug","message":"Executing script list-data (beforeRender)","meta":{"rootId":"228e6n67hhcswf5","id":"228e6n67hhcswf5"},"id":"x0b3oiw6nxvll2h","previousOperationId":"9kui2m3976cjx5p"}
{"type":"operationStart","subtype":"scriptsBeforeRender","name":"scripts beforeRender","timestamp":1708454538356,"id":"en2y98r8bxu64yp","previousEventId":"itguuhkzuzs1ykc","operationId":"b375cbbylzoy1xm","previousOperationId":"9kui2m3976cjx5p"}
{"type":"operationStart","subtype":"script","name":"scripts list-data","previousOperationId":"b375cbbylzoy1xm","timestamp":1708454538356,"id":"azrw4eoh99d4veu","previousEventId":"en2y98r8bxu64yp","operationId":"fdvraljcv34xkru"}
{"type":"log","timestamp":1708454538455,"level":"debug","message":"(console:log) [\n  {\n    list_description: {\n      id: 3,\n      list_name: 'stjsjshtshn',\n      list_current_number: 0,\n      list_limit_number: 0\n    },\n    list_image: {\n      url: 'http://localhost:4000/rails/active_storage/blobs/redirect/eyJfcmFpbHMiOnsiZGF0YSI6NCwicHVyIjoiYmxvYl9pZCJ9fQ==--023aae65cb60b3f6c6d73a9c76e14c0b0df6ad86/dibujoadrian.jpg'\n    }\n  },\n  {\n    list_description: {\n      id: 1,\n      list_name: 'charcuteria',\n      list_current_number: 0,\n      list_limit_number: 0\n    },\n    list_image: {\n      url: 'http://localhost:4000/rails/active_storage/blobs/redirect/eyJfcmFpbHMiOnsiZGF0YSI6MiwicHVyIjoiYmxvYl9pZCJ9fQ==--ee6d56bf52163135b48a4ba2c22b11a93e94d3b3/charcuteria.png'\n    }\n  },\n  {\n    list_description: {\n      id: 2,\n      list_name: 'sarshisha',\n      list_current_number: 13,\n      list_limit_number: 0\n    },\n    list_image: {\n      url: 'http://localhost:4000/rails/active_storage/blobs/redirect/eyJfcmFpbHMiOnsiZGF0YSI6MywicHVyIjoiYmxvYl9pZCJ9fQ==--07183cfade35ce6ffe715f60749642919ec61f5d/charcuteria.png'\n    }\n  }\n]","meta":{"userLevel":true,"rootId":"228e6n67hhcswf5","id":"228e6n67hhcswf5"},"id":"x0vbxxra62lvyot","previousOperationId":"fdvraljcv34xkru"}
{"type":"log","timestamp":1708454538471,"level":"debug","message":"(console:log) [\n  {\n    id: 1,\n    nickname: 'a',\n    is_admin: true,\n    suscriptor: null,\n    created_at: '2024-02-20T16:45:37.609Z',\n    updated_at: '2024-02-20T16:45:37.729Z',\n    email: 'a@a.a',\n    jti: '6a2b57ca-af4b-47a0-8285-477cffafa34b'\n  }\n]","meta":{"userLevel":true,"rootId":"228e6n67hhcswf5","id":"228e6n67hhcswf5"},"id":"qzjhbausuj9ezgw","previousOperationId":"fdvraljcv34xkru"}
{"type":"operationEnd","operationId":"fdvraljcv34xkru","timestamp":1708454538472,"id":"3j42081r9edk98c","previousEventId":"itguuhkzuzs1ykc","previousOperationId":"9kui2m3976cjx5p"}
{"type":"operationEnd","operationId":"b375cbbylzoy1xm","timestamp":1708454538472,"id":"nbdipatqolo9u08","previousEventId":"3j42081r9edk98c","previousOperationId":"9kui2m3976cjx5p"}
{"type":"log","timestamp":1708454538472,"level":"debug","message":"Base url not specified, skipping its injection.","meta":{"rootId":"228e6n67hhcswf5","id":"228e6n67hhcswf5"},"id":"c3mx4191s0h9rrc","previousOperationId":"b375cbbylzoy1xm"}
{"type":"operationStart","subtype":"engine","name":"handlebars","timestamp":1708454538472,"id":"jswmzolhyfm20ol","previousEventId":"nbdipatqolo9u08","operationId":"h6vndaqc4kxwpvv","previousOperationId":"b375cbbylzoy1xm"}
{"type":"log","timestamp":1708454538472,"level":"debug","message":"Rendering engine handlebars","meta":{"rootId":"228e6n67hhcswf5","id":"228e6n67hhcswf5"},"id":"cyg413ia7cmdr6b","previousOperationId":"h6vndaqc4kxwpvv"}
{"type":"operationEnd","operationId":"h6vndaqc4kxwpvv","timestamp":1708454538488,"id":"qs63lwqp1s7bbm2","previousEventId":"jswmzolhyfm20ol","previousOperationId":"h6vndaqc4kxwpvv"}
{"type":"operationStart","subtype":"recipe","name":"chrome-pdf","timestamp":1708454538488,"id":"mx3ein2w2znfobg","previousEventId":"qs63lwqp1s7bbm2","operationId":"iq2lw92atpt81by","previousOperationId":"h6vndaqc4kxwpvv"}
{"type":"log","timestamp":1708454538488,"level":"debug","message":"Executing recipe chrome-pdf","meta":{"rootId":"228e6n67hhcswf5","id":"228e6n67hhcswf5"},"id":"hy7ocmmo96utut8","previousOperationId":"iq2lw92atpt81by"}
{"type":"log","timestamp":1708454538490,"level":"debug","message":"Converting with chrome HeadlessChrome/117.0.5938.149 using chrome-pool strategy","meta":{"rootId":"228e6n67hhcswf5","id":"228e6n67hhcswf5"},"id":"dlgtwausl4lu5vl","previousOperationId":"iq2lw92atpt81by"}
{"type":"log","timestamp":1708454538525,"level":"debug","message":"Page request: GET (document) file:///tmp/jsreport/autocleanup/650bc096-d54e-4730-8cf3-156b44e18af5-chrome-pdf.html","meta":{"rootId":"228e6n67hhcswf5","id":"228e6n67hhcswf5"},"id":"lmmjn6jm46pbj1x","previousOperationId":"iq2lw92atpt81by"}
{"type":"log","timestamp":1708454538532,"level":"debug","message":"Page request: GET (stylesheet) https://cdn.jsdelivr.net/chartist.js/latest/chartist.min.css","meta":{"rootId":"228e6n67hhcswf5","id":"228e6n67hhcswf5"},"id":"8uc6rv07novicgc","previousOperationId":"iq2lw92atpt81by"}
{"type":"log","timestamp":1708454538533,"level":"debug","message":"Page request: GET (script) https://cdn.jsdelivr.net/chartist.js/latest/chartist.min.js","meta":{"rootId":"228e6n67hhcswf5","id":"228e6n67hhcswf5"},"id":"u1ovmr829w8h6za","previousOperationId":"iq2lw92atpt81by"}
{"type":"log","timestamp":1708454538533,"level":"debug","message":"Page request: GET (script) https://code.jquery.com/jquery-3.6.0.min.js","meta":{"rootId":"228e6n67hhcswf5","id":"228e6n67hhcswf5"},"id":"kvljtfq07cjhjq9","previousOperationId":"iq2lw92atpt81by"}
{"type":"log","timestamp":1708454538534,"level":"debug","message":"Page request: GET (script) https://cdn.jsdelivr.net/npm/chart.js","meta":{"rootId":"228e6n67hhcswf5","id":"228e6n67hhcswf5"},"id":"tdu7ycz3yizv9q8","previousOperationId":"iq2lw92atpt81by"}
{"type":"log","timestamp":1708454538534,"level":"debug","message":"Page request finished: GET (document) 200 file:///tmp/jsreport/autocleanup/650bc096-d54e-4730-8cf3-156b44e18af5-chrome-pdf.html","meta":{"rootId":"228e6n67hhcswf5","id":"228e6n67hhcswf5"},"id":"cpsyui0t3imeq11","previousOperationId":"iq2lw92atpt81by"}
{"type":"log","timestamp":1708454538535,"level":"debug","message":"Page request finished: GET (stylesheet) 200 https://cdn.jsdelivr.net/chartist.js/latest/chartist.min.css","meta":{"rootId":"228e6n67hhcswf5","id":"228e6n67hhcswf5"},"id":"ibdbhypweklme89","previousOperationId":"iq2lw92atpt81by"}
{"type":"log","timestamp":1708454538537,"level":"debug","message":"Page request finished: GET (script) 200 https://cdn.jsdelivr.net/chartist.js/latest/chartist.min.js","meta":{"rootId":"228e6n67hhcswf5","id":"228e6n67hhcswf5"},"id":"2khfheb8dr4v9lz","previousOperationId":"iq2lw92atpt81by"}
{"type":"log","timestamp":1708454538539,"level":"debug","message":"Page request finished: GET (script) 200 https://code.jquery.com/jquery-3.6.0.min.js","meta":{"rootId":"228e6n67hhcswf5","id":"228e6n67hhcswf5"},"id":"nrndq0vewnpk8hy","previousOperationId":"iq2lw92atpt81by"}
{"type":"log","timestamp":1708454538544,"level":"debug","message":"Page request finished: GET (script) 200 https://cdn.jsdelivr.net/npm/chart.js","meta":{"rootId":"228e6n67hhcswf5","id":"228e6n67hhcswf5"},"id":"qn8gkz6pvlob5qi","previousOperationId":"iq2lw92atpt81by"}
{"type":"log","timestamp":1708454538592,"level":"debug","message":"Running chrome with params {\"printBackground\":true,\"timeout\":59856,\"margin\":{}}","meta":{"rootId":"228e6n67hhcswf5","id":"228e6n67hhcswf5"},"id":"rah6pmexxt2horn","previousOperationId":"iq2lw92atpt81by"}
{"type":"operationEnd","operationId":"iq2lw92atpt81by","timestamp":1708454538628,"id":"06rbd50l7t8cv0a","previousEventId":"mx3ein2w2znfobg","previousOperationId":"iq2lw92atpt81by"}
{"type":"log","timestamp":1708454538628,"level":"debug","message":"Skipping storing report.","meta":{"rootId":"228e6n67hhcswf5","id":"228e6n67hhcswf5"},"id":"p10lrnhv556c7s4","previousOperationId":"iq2lw92atpt81by"}
{"type":"log","timestamp":1708454538628,"level":"info","message":"Rendering request 10 finished in 283 ms","meta":{"rootId":"228e6n67hhcswf5","id":"228e6n67hhcswf5"},"id":"0dsbqo2cz9fo9jp","previousOperationId":"iq2lw92atpt81by"}
{"type":"operationEnd","subtype":"render","operationId":"9kui2m3976cjx5p","timestamp":1708454538628,"id":"wz9qvqkzhq4erdt","previousEventId":"06rbd50l7t8cv0a","previousOperationId":"iq2lw92atpt81by"}
{"type":"operationEnd","doDiffs":false,"previousEventId":"8xborwoiba5ovwm","previousOperationId":"aj2xwiuyvnkjctv","operationId":"aj2xwiuyvnkjctv","timestamp":1708454538631,"id":"yzlxqiy0dbelbeh"}
