{"type":"operationStart","subtype":"profile","data":{"_id":"T3mGLWCKMKhDiNMc","timestamp":"2024-02-20T17:42:43.384Z","state":"queued","mode":"standard","creationDate":"2024-02-20T17:42:43.385Z","modificationDate":"2024-02-20T17:42:43.385Z","shortid":"WTNRum0","$entitySet":"profiles"},"doDiffs":false,"timestamp":1708450963384,"id":"1exipptdpizi33q","previousOperationId":null,"operationId":"bik8hdt4mvoxnh3"}
{"type":"log","level":"info","message":"Render request 19 queued for execution and waiting for available worker","previousOperationId":"bik8hdt4mvoxnh3","timestamp":1708450963385,"id":"vx4uqzlgppgcua3"}
{"type":"operationStart","subtype":"render","name":"TemplateList","previousOperationId":"bik8hdt4mvoxnh3","timestamp":1708450963389,"id":"puehda2q8s3xwqm","previousEventId":"1exipptdpizi33q","operationId":"29u0o1g3sx4rew8"}
{"type":"log","timestamp":1708450963389,"level":"info","message":"Starting rendering request 19","meta":{"rootId":"2f9h79wgasajek4","id":"2f9h79wgasajek4"},"id":"6ikq96khl3nj81l","previousOperationId":"29u0o1g3sx4rew8"}
{"type":"log","timestamp":1708450963389,"level":"info","message":"Rendering template { name: TemplateList, recipe: chrome-pdf, engine: handlebars, preview: false }","meta":{"rootId":"2f9h79wgasajek4","id":"2f9h79wgasajek4"},"id":"wmqrnpiq2cuf111","previousOperationId":"29u0o1g3sx4rew8"}
{"type":"log","timestamp":1708450963389,"level":"debug","message":"Data item not defined for this template.","meta":{"rootId":"2f9h79wgasajek4","id":"2f9h79wgasajek4"},"id":"vlko2jy7v0oazfe","previousOperationId":"29u0o1g3sx4rew8"}
{"type":"log","timestamp":1708450963391,"level":"debug","message":"Executing script list-data (beforeRender)","meta":{"rootId":"2f9h79wgasajek4","id":"2f9h79wgasajek4"},"id":"rbt9nehed6k0w70","previousOperationId":"29u0o1g3sx4rew8"}
{"type":"operationStart","subtype":"scriptsBeforeRender","name":"scripts beforeRender","timestamp":1708450963395,"id":"dfe5ax6us3x30ys","previousEventId":"puehda2q8s3xwqm","operationId":"2lpokbh0hds45ml","previousOperationId":"29u0o1g3sx4rew8"}
{"type":"operationStart","subtype":"script","name":"scripts list-data","previousOperationId":"2lpokbh0hds45ml","timestamp":1708450963395,"id":"x1n8te2wgeibdzc","previousEventId":"dfe5ax6us3x30ys","operationId":"938jaecmj80tu4c"}
{"type":"log","timestamp":1708450963418,"level":"debug","message":"(console:log) [\n  {\n    list_description: {\n      id: 1,\n      list_name: 'charcuteria',\n      list_current_number: 0,\n      list_limit_number: 0\n    },\n    list_image: {\n      url: 'http://localhost:4000/rails/active_storage/blobs/redirect/eyJfcmFpbHMiOnsiZGF0YSI6MiwicHVyIjoiYmxvYl9pZCJ9fQ==--ee6d56bf52163135b48a4ba2c22b11a93e94d3b3/charcuteria.png'\n    }\n  },\n  {\n    list_description: {\n      id: 2,\n      list_name: 'sarshisha',\n      list_current_number: 0,\n      list_limit_number: 0\n    },\n    list_image: {\n      url: 'http://localhost:4000/rails/active_storage/blobs/redirect/eyJfcmFpbHMiOnsiZGF0YSI6MywicHVyIjoiYmxvYl9pZCJ9fQ==--07183cfade35ce6ffe715f60749642919ec61f5d/charcuteria.png'\n    }\n  },\n  {\n    list_description: {\n      id: 3,\n      list_name: 'stjsjshtshn',\n      list_current_number: 0,\n      list_limit_number: 0\n    },\n    list_image: {\n      url: 'http://localhost:4000/rails/active_storage/blobs/redirect/eyJfcmFpbHMiOnsiZGF0YSI6NCwicHVyIjoiYmxvYl9pZCJ9fQ==--023aae65cb60b3f6c6d73a9c76e14c0b0df6ad86/dibujoadrian.jpg'\n    }\n  }\n]","meta":{"userLevel":true,"rootId":"2f9h79wgasajek4","id":"2f9h79wgasajek4"},"id":"zm9u4muygkc2rln","previousOperationId":"938jaecmj80tu4c"}
{"type":"operationEnd","operationId":"938jaecmj80tu4c","timestamp":1708450963419,"id":"ojvh5ncdj3glac8","previousEventId":"puehda2q8s3xwqm","previousOperationId":"29u0o1g3sx4rew8"}
{"type":"operationEnd","operationId":"2lpokbh0hds45ml","timestamp":1708450963419,"id":"h6gaxbl088ma6ar","previousEventId":"ojvh5ncdj3glac8","previousOperationId":"29u0o1g3sx4rew8"}
{"type":"log","timestamp":1708450963419,"level":"debug","message":"Base url not specified, skipping its injection.","meta":{"rootId":"2f9h79wgasajek4","id":"2f9h79wgasajek4"},"id":"jb92cuyh0gd7ivx","previousOperationId":"2lpokbh0hds45ml"}
{"type":"operationStart","subtype":"engine","name":"handlebars","timestamp":1708450963419,"id":"yof1n6ad3kdhpps","previousEventId":"h6gaxbl088ma6ar","operationId":"ladqvxdh8ev1fpb","previousOperationId":"2lpokbh0hds45ml"}
{"type":"log","timestamp":1708450963419,"level":"debug","message":"Rendering engine handlebars","meta":{"rootId":"2f9h79wgasajek4","id":"2f9h79wgasajek4"},"id":"nv41hojhulg1rtf","previousOperationId":"ladqvxdh8ev1fpb"}
{"type":"operationEnd","operationId":"ladqvxdh8ev1fpb","timestamp":1708450963425,"id":"t7j9if17do31qvc","previousEventId":"yof1n6ad3kdhpps","previousOperationId":"ladqvxdh8ev1fpb"}
{"type":"operationStart","subtype":"recipe","name":"chrome-pdf","timestamp":1708450963425,"id":"927flxs5dt3jsen","previousEventId":"t7j9if17do31qvc","operationId":"h9pngw9olj9m7nq","previousOperationId":"ladqvxdh8ev1fpb"}
{"type":"log","timestamp":1708450963425,"level":"debug","message":"Executing recipe chrome-pdf","meta":{"rootId":"2f9h79wgasajek4","id":"2f9h79wgasajek4"},"id":"m1zyaa9jwk2098c","previousOperationId":"h9pngw9olj9m7nq"}
{"type":"log","timestamp":1708450963427,"level":"debug","message":"Converting with chrome HeadlessChrome/117.0.5938.149 using chrome-pool strategy","meta":{"rootId":"2f9h79wgasajek4","id":"2f9h79wgasajek4"},"id":"wzo7sb7473i8ltj","previousOperationId":"h9pngw9olj9m7nq"}
{"type":"log","timestamp":1708450963461,"level":"debug","message":"Page request: GET (document) file:///tmp/jsreport/autocleanup/470e1fc5-7d2f-43e2-8a56-4f9a030355d2-chrome-pdf.html","meta":{"rootId":"2f9h79wgasajek4","id":"2f9h79wgasajek4"},"id":"9y2h6mtq0o2zr9r","previousOperationId":"h9pngw9olj9m7nq"}
{"type":"log","timestamp":1708450963469,"level":"debug","message":"Page request: GET (stylesheet) https://cdn.jsdelivr.net/chartist.js/latest/chartist.min.css","meta":{"rootId":"2f9h79wgasajek4","id":"2f9h79wgasajek4"},"id":"r6l0qk7uhvn3z4n","previousOperationId":"h9pngw9olj9m7nq"}
{"type":"log","timestamp":1708450963470,"level":"debug","message":"Page request: GET (script) https://cdn.jsdelivr.net/chartist.js/latest/chartist.min.js","meta":{"rootId":"2f9h79wgasajek4","id":"2f9h79wgasajek4"},"id":"hge0dyaatiui93c","previousOperationId":"h9pngw9olj9m7nq"}
{"type":"log","timestamp":1708450963470,"level":"debug","message":"Page request: GET (script) https://code.jquery.com/jquery-3.6.0.min.js","meta":{"rootId":"2f9h79wgasajek4","id":"2f9h79wgasajek4"},"id":"hkj2jf5xz23gh9a","previousOperationId":"h9pngw9olj9m7nq"}
{"type":"log","timestamp":1708450963470,"level":"debug","message":"Page request finished: GET (document) 200 file:///tmp/jsreport/autocleanup/470e1fc5-7d2f-43e2-8a56-4f9a030355d2-chrome-pdf.html","meta":{"rootId":"2f9h79wgasajek4","id":"2f9h79wgasajek4"},"id":"m7gyutxfi90cp37","previousOperationId":"h9pngw9olj9m7nq"}
{"type":"log","timestamp":1708450963472,"level":"debug","message":"Page request finished: GET (stylesheet) 200 https://cdn.jsdelivr.net/chartist.js/latest/chartist.min.css","meta":{"rootId":"2f9h79wgasajek4","id":"2f9h79wgasajek4"},"id":"g2bbs2egykuer6g","previousOperationId":"h9pngw9olj9m7nq"}
{"type":"log","timestamp":1708450963475,"level":"debug","message":"Page request finished: GET (script) 200 https://cdn.jsdelivr.net/chartist.js/latest/chartist.min.js","meta":{"rootId":"2f9h79wgasajek4","id":"2f9h79wgasajek4"},"id":"u9z5fduc3u4jrbo","previousOperationId":"h9pngw9olj9m7nq"}
{"type":"log","timestamp":1708450963476,"level":"debug","message":"Page request finished: GET (script) 200 https://code.jquery.com/jquery-3.6.0.min.js","meta":{"rootId":"2f9h79wgasajek4","id":"2f9h79wgasajek4"},"id":"m1sprp8wpa9fryp","previousOperationId":"h9pngw9olj9m7nq"}
{"type":"log","timestamp":1708450963480,"level":"warn","message":"Page error: Unexpected identifier 'Object' , stack: SyntaxError: Unexpected identifier 'Object'","meta":{"rootId":"2f9h79wgasajek4","id":"2f9h79wgasajek4"},"id":"1ft94c47npqg7sv","previousOperationId":"h9pngw9olj9m7nq"}
{"type":"log","timestamp":1708450963483,"level":"debug","message":"Running chrome with params {\"printBackground\":true,\"timeout\":59958,\"margin\":{}}","meta":{"rootId":"2f9h79wgasajek4","id":"2f9h79wgasajek4"},"id":"6vz9hiuyjcgkeq4","previousOperationId":"h9pngw9olj9m7nq"}
{"type":"operationEnd","operationId":"h9pngw9olj9m7nq","timestamp":1708450963492,"id":"8d11qdavnazgofu","previousEventId":"927flxs5dt3jsen","previousOperationId":"h9pngw9olj9m7nq"}
{"type":"log","timestamp":1708450963492,"level":"debug","message":"Skipping storing report.","meta":{"rootId":"2f9h79wgasajek4","id":"2f9h79wgasajek4"},"id":"idczf4qmku9yuan","previousOperationId":"h9pngw9olj9m7nq"}
{"type":"log","timestamp":1708450963492,"level":"info","message":"Rendering request 19 finished in 108 ms","meta":{"rootId":"2f9h79wgasajek4","id":"2f9h79wgasajek4"},"id":"0n1dn84xmzm5tyk","previousOperationId":"h9pngw9olj9m7nq"}
{"type":"operationEnd","subtype":"render","operationId":"29u0o1g3sx4rew8","timestamp":1708450963492,"id":"43fjq9u7sgnwvs9","previousEventId":"8d11qdavnazgofu","previousOperationId":"h9pngw9olj9m7nq"}
{"type":"operationEnd","doDiffs":false,"previousEventId":"1exipptdpizi33q","previousOperationId":"bik8hdt4mvoxnh3","operationId":"bik8hdt4mvoxnh3","timestamp":1708450963496,"id":"shn5845616n45dn"}
