{"type":"operationStart","subtype":"profile","data":{"_id":"4lUwZG8Ce5iG1X8h","timestamp":"2024-02-20T17:56:17.945Z","state":"queued","mode":"standard","creationDate":"2024-02-20T17:56:17.947Z","modificationDate":"2024-02-20T17:56:17.947Z","shortid":"x-rxlng","$entitySet":"profiles"},"doDiffs":false,"timestamp":1708451777946,"id":"bct1wdzo403wrh9","previousOperationId":null,"operationId":"9yfnsco5bklq75i"}
{"type":"log","level":"info","message":"Render request 2 queued for execution and waiting for available worker","previousOperationId":"9yfnsco5bklq75i","timestamp":1708451777946,"id":"5it0fe9v6b0azrn"}
{"type":"operationStart","subtype":"render","name":"TemplateList","previousOperationId":"9yfnsco5bklq75i","timestamp":1708451777955,"id":"iferuscno2mm2z6","previousEventId":"bct1wdzo403wrh9","operationId":"hn9wsyc3lv84p4h"}
{"type":"log","timestamp":1708451777956,"level":"info","message":"Starting rendering request 2","meta":{"rootId":"2fndlbdutljy9it","id":"2fndlbdutljy9it"},"id":"m69fett2jxy98vi","previousOperationId":"hn9wsyc3lv84p4h"}
{"type":"log","timestamp":1708451777957,"level":"info","message":"Rendering template { name: TemplateList, recipe: chrome-pdf, engine: handlebars, preview: true }","meta":{"rootId":"2fndlbdutljy9it","id":"2fndlbdutljy9it"},"id":"p7gb0u0ixjo4paw","previousOperationId":"hn9wsyc3lv84p4h"}
{"type":"log","timestamp":1708451777958,"level":"debug","message":"Data item not defined for this template.","meta":{"rootId":"2fndlbdutljy9it","id":"2fndlbdutljy9it"},"id":"lbm3ms66xsjuwrq","previousOperationId":"hn9wsyc3lv84p4h"}
{"type":"log","timestamp":1708451777959,"level":"debug","message":"Executing script list-data (beforeRender)","meta":{"rootId":"2fndlbdutljy9it","id":"2fndlbdutljy9it"},"id":"e7b8cw9lmsey2qg","previousOperationId":"hn9wsyc3lv84p4h"}
{"type":"operationStart","subtype":"scriptsBeforeRender","name":"scripts beforeRender","timestamp":1708451778105,"id":"qkbdbboatdcetns","previousEventId":"iferuscno2mm2z6","operationId":"hf0k8zr4m23yqp5","previousOperationId":"hn9wsyc3lv84p4h"}
{"type":"operationStart","subtype":"script","name":"scripts list-data","previousOperationId":"hf0k8zr4m23yqp5","timestamp":1708451778105,"id":"78kyu2unp5c7slt","previousEventId":"qkbdbboatdcetns","operationId":"mdigaostei5i3t6"}
{"type":"log","timestamp":1708451778183,"level":"debug","message":"(console:log) [\n  {\n    list_description: {\n      id: 1,\n      list_name: 'charcuteria',\n      list_current_number: 0,\n      list_limit_number: 0\n    },\n    list_image: {\n      url: 'http://localhost:4000/rails/active_storage/blobs/redirect/eyJfcmFpbHMiOnsiZGF0YSI6MiwicHVyIjoiYmxvYl9pZCJ9fQ==--ee6d56bf52163135b48a4ba2c22b11a93e94d3b3/charcuteria.png'\n    }\n  },\n  {\n    list_description: {\n      id: 2,\n      list_name: 'sarshisha',\n      list_current_number: 0,\n      list_limit_number: 0\n    },\n    list_image: {\n      url: 'http://localhost:4000/rails/active_storage/blobs/redirect/eyJfcmFpbHMiOnsiZGF0YSI6MywicHVyIjoiYmxvYl9pZCJ9fQ==--07183cfade35ce6ffe715f60749642919ec61f5d/charcuteria.png'\n    }\n  },\n  {\n    list_description: {\n      id: 3,\n      list_name: 'stjsjshtshn',\n      list_current_number: 0,\n      list_limit_number: 0\n    },\n    list_image: {\n      url: 'http://localhost:4000/rails/active_storage/blobs/redirect/eyJfcmFpbHMiOnsiZGF0YSI6NCwicHVyIjoiYmxvYl9pZCJ9fQ==--023aae65cb60b3f6c6d73a9c76e14c0b0df6ad86/dibujoadrian.jpg'\n    }\n  }\n]","meta":{"userLevel":true,"rootId":"2fndlbdutljy9it","id":"2fndlbdutljy9it"},"id":"ooqzz0d6ocajlgj","previousOperationId":"mdigaostei5i3t6"}
{"type":"log","timestamp":1708451778183,"level":"debug","message":"(console:log) undefined","meta":{"userLevel":true,"rootId":"2fndlbdutljy9it","id":"2fndlbdutljy9it"},"id":"2b7nd20nxt1vinj","previousOperationId":"mdigaostei5i3t6"}
{"type":"operationEnd","operationId":"mdigaostei5i3t6","timestamp":1708451778184,"id":"f463nrjfnywjbbh","previousEventId":"iferuscno2mm2z6","previousOperationId":"hn9wsyc3lv84p4h"}
{"type":"operationEnd","operationId":"hf0k8zr4m23yqp5","timestamp":1708451778184,"id":"4sjxtzvqzmlqg1i","previousEventId":"f463nrjfnywjbbh","previousOperationId":"hn9wsyc3lv84p4h"}
{"type":"log","timestamp":1708451778184,"level":"debug","message":"Base url not specified, skipping its injection.","meta":{"rootId":"2fndlbdutljy9it","id":"2fndlbdutljy9it"},"id":"lnlwb6uj541glrm","previousOperationId":"hf0k8zr4m23yqp5"}
{"type":"operationStart","subtype":"engine","name":"handlebars","timestamp":1708451778185,"id":"p3ezi1yq96cr1c1","previousEventId":"4sjxtzvqzmlqg1i","operationId":"zewpv3wuotqxqxd","previousOperationId":"hf0k8zr4m23yqp5"}
{"type":"log","timestamp":1708451778185,"level":"debug","message":"Rendering engine handlebars","meta":{"rootId":"2fndlbdutljy9it","id":"2fndlbdutljy9it"},"id":"vd1ydk7zzvz9t2p","previousOperationId":"zewpv3wuotqxqxd"}
{"type":"operationEnd","operationId":"zewpv3wuotqxqxd","timestamp":1708451778369,"id":"t6vt7dfwgd5sk41","previousEventId":"p3ezi1yq96cr1c1","previousOperationId":"zewpv3wuotqxqxd"}
{"type":"operationStart","subtype":"recipe","name":"chrome-pdf","timestamp":1708451778369,"id":"9yag52dmb398zsw","previousEventId":"t6vt7dfwgd5sk41","operationId":"6ngtjphi1d97oj9","previousOperationId":"zewpv3wuotqxqxd"}
{"type":"log","timestamp":1708451778369,"level":"debug","message":"Executing recipe chrome-pdf","meta":{"rootId":"2fndlbdutljy9it","id":"2fndlbdutljy9it"},"id":"kdoz48f14e1ga6u","previousOperationId":"6ngtjphi1d97oj9"}
{"type":"log","timestamp":1708451778618,"level":"debug","message":"Converting with chrome HeadlessChrome/117.0.5938.149 using chrome-pool strategy","meta":{"rootId":"2fndlbdutljy9it","id":"2fndlbdutljy9it"},"id":"58mdibbg10l071b","previousOperationId":"6ngtjphi1d97oj9"}
{"type":"log","timestamp":1708451778669,"level":"debug","message":"Page request: GET (document) file:///tmp/jsreport/autocleanup/a21096a6-e2bc-4d30-a2e2-c928408c847b-chrome-pdf.html","meta":{"rootId":"2fndlbdutljy9it","id":"2fndlbdutljy9it"},"id":"8xnuinv5htotx1f","previousOperationId":"6ngtjphi1d97oj9"}
{"type":"log","timestamp":1708451778676,"level":"debug","message":"Page request: GET (stylesheet) https://cdn.jsdelivr.net/chartist.js/latest/chartist.min.css","meta":{"rootId":"2fndlbdutljy9it","id":"2fndlbdutljy9it"},"id":"pt3hfr3uv4koy8f","previousOperationId":"6ngtjphi1d97oj9"}
{"type":"log","timestamp":1708451778676,"level":"debug","message":"Page request: GET (script) https://cdn.jsdelivr.net/chartist.js/latest/chartist.min.js","meta":{"rootId":"2fndlbdutljy9it","id":"2fndlbdutljy9it"},"id":"sl784ak9ycnfyg4","previousOperationId":"6ngtjphi1d97oj9"}
{"type":"log","timestamp":1708451778677,"level":"debug","message":"Page request: GET (script) https://code.jquery.com/jquery-3.6.0.min.js","meta":{"rootId":"2fndlbdutljy9it","id":"2fndlbdutljy9it"},"id":"a872ok84rz8lvr6","previousOperationId":"6ngtjphi1d97oj9"}
{"type":"log","timestamp":1708451778677,"level":"debug","message":"Page request finished: GET (document) 200 file:///tmp/jsreport/autocleanup/a21096a6-e2bc-4d30-a2e2-c928408c847b-chrome-pdf.html","meta":{"rootId":"2fndlbdutljy9it","id":"2fndlbdutljy9it"},"id":"ojgq6e1izrq9rkv","previousOperationId":"6ngtjphi1d97oj9"}
{"type":"log","timestamp":1708451778857,"level":"debug","message":"Page request finished: GET (stylesheet) 200 https://cdn.jsdelivr.net/chartist.js/latest/chartist.min.css","meta":{"rootId":"2fndlbdutljy9it","id":"2fndlbdutljy9it"},"id":"0p0h2lcbc9m62rh","previousOperationId":"6ngtjphi1d97oj9"}
{"type":"log","timestamp":1708451778862,"level":"debug","message":"Page request finished: GET (script) 200 https://cdn.jsdelivr.net/chartist.js/latest/chartist.min.js","meta":{"rootId":"2fndlbdutljy9it","id":"2fndlbdutljy9it"},"id":"zk08h8jkkwf67z6","previousOperationId":"6ngtjphi1d97oj9"}
{"type":"log","timestamp":1708451778900,"level":"debug","message":"Page request finished: GET (script) 200 https://code.jquery.com/jquery-3.6.0.min.js","meta":{"rootId":"2fndlbdutljy9it","id":"2fndlbdutljy9it"},"id":"wsq8u6hnf1j7h93","previousOperationId":"6ngtjphi1d97oj9"}
{"type":"log","timestamp":1708451778907,"level":"warn","message":"Page error: Unexpected identifier 'Object' , stack: SyntaxError: Unexpected identifier 'Object'","meta":{"rootId":"2fndlbdutljy9it","id":"2fndlbdutljy9it"},"id":"r8apn7haopd9ars","previousOperationId":"6ngtjphi1d97oj9"}
{"type":"log","timestamp":1708451778915,"level":"debug","message":"Running chrome with params {\"printBackground\":true,\"timeout\":59435,\"margin\":{}}","meta":{"rootId":"2fndlbdutljy9it","id":"2fndlbdutljy9it"},"id":"5qbb60d2xp4kpnq","previousOperationId":"6ngtjphi1d97oj9"}
{"type":"operationEnd","operationId":"6ngtjphi1d97oj9","timestamp":1708451778932,"id":"2dxutrffkqb4fst","previousEventId":"9yag52dmb398zsw","previousOperationId":"6ngtjphi1d97oj9"}
{"type":"log","timestamp":1708451778933,"level":"debug","message":"Skipping storing report.","meta":{"rootId":"2fndlbdutljy9it","id":"2fndlbdutljy9it"},"id":"sk4be0o9xvs1rp8","previousOperationId":"6ngtjphi1d97oj9"}
{"type":"log","timestamp":1708451778933,"level":"info","message":"Rendering request 2 finished in 988 ms","meta":{"rootId":"2fndlbdutljy9it","id":"2fndlbdutljy9it"},"id":"wrl6j47o0bajzhj","previousOperationId":"6ngtjphi1d97oj9"}
{"type":"operationEnd","subtype":"render","operationId":"hn9wsyc3lv84p4h","timestamp":1708451778933,"id":"sd4w78bvqso5lfn","previousEventId":"2dxutrffkqb4fst","previousOperationId":"6ngtjphi1d97oj9"}
{"type":"operationEnd","doDiffs":false,"previousEventId":"bct1wdzo403wrh9","previousOperationId":"9yfnsco5bklq75i","operationId":"9yfnsco5bklq75i","timestamp":1708451778939,"id":"rueaqugcsz39ogu"}
