{"type":"operationStart","subtype":"profile","data":{"_id":"mNNveAiiKvQV9GKJ","timestamp":"2024-02-20T18:50:59.335Z","state":"queued","mode":"standard","creationDate":"2024-02-20T18:50:59.336Z","modificationDate":"2024-02-20T18:50:59.336Z","shortid":"aBFgN6m","$entitySet":"profiles"},"doDiffs":false,"timestamp":1708455059335,"id":"188x0j3nwa2pbcu","previousOperationId":null,"operationId":"fmxlgkrjys439kp"}
{"type":"log","level":"info","message":"Render request 20 queued for execution and waiting for available worker","previousOperationId":"fmxlgkrjys439kp","timestamp":1708455059335,"id":"xzmjgm3d7jddtwr"}
{"type":"operationStart","subtype":"render","name":"TemplateList","previousOperationId":"fmxlgkrjys439kp","timestamp":1708455059341,"id":"jyyf14alurk1i9z","previousEventId":"188x0j3nwa2pbcu","operationId":"p71askwanuyv795"}
{"type":"log","timestamp":1708455059341,"level":"info","message":"Starting rendering request 20","meta":{"rootId":"2kbmjts85cbehj9","id":"2kbmjts85cbehj9"},"id":"2evhapnz4ietu6p","previousOperationId":"p71askwanuyv795"}
{"type":"log","timestamp":1708455059341,"level":"info","message":"Rendering template { name: TemplateList, recipe: chrome-pdf, engine: handlebars, preview: true }","meta":{"rootId":"2kbmjts85cbehj9","id":"2kbmjts85cbehj9"},"id":"bj9exko0h7ug23p","previousOperationId":"p71askwanuyv795"}
{"type":"log","timestamp":1708455059342,"level":"debug","message":"Data item not defined for this template.","meta":{"rootId":"2kbmjts85cbehj9","id":"2kbmjts85cbehj9"},"id":"299sj73qsyxkydf","previousOperationId":"p71askwanuyv795"}
{"type":"log","timestamp":1708455059344,"level":"debug","message":"Executing script list-data (beforeRender)","meta":{"rootId":"2kbmjts85cbehj9","id":"2kbmjts85cbehj9"},"id":"oykg0ww54vcdxbo","previousOperationId":"p71askwanuyv795"}
{"type":"operationStart","subtype":"scriptsBeforeRender","name":"scripts beforeRender","timestamp":1708455059346,"id":"7zlhid302cp1q0n","previousEventId":"jyyf14alurk1i9z","operationId":"9rcee40ezy9w5l3","previousOperationId":"p71askwanuyv795"}
{"type":"operationStart","subtype":"script","name":"scripts list-data","previousOperationId":"9rcee40ezy9w5l3","timestamp":1708455059346,"id":"hii7oeoige0zv1o","previousEventId":"7zlhid302cp1q0n","operationId":"s7u6hc2nztjsdjj"}
{"type":"log","timestamp":1708455059367,"level":"debug","message":"(console:log) [\n  {\n    list_description: {\n      id: 3,\n      list_name: 'stjsjshtshn',\n      list_current_number: 0,\n      list_limit_number: 0\n    },\n    list_image: {\n      url: 'http://localhost:4000/rails/active_storage/blobs/redirect/eyJfcmFpbHMiOnsiZGF0YSI6NCwicHVyIjoiYmxvYl9pZCJ9fQ==--023aae65cb60b3f6c6d73a9c76e14c0b0df6ad86/dibujoadrian.jpg'\n    }\n  },\n  {\n    list_description: {\n      id: 1,\n      list_name: 'charcuteria',\n      list_current_number: 0,\n      list_limit_number: 0\n    },\n    list_image: {\n      url: 'http://localhost:4000/rails/active_storage/blobs/redirect/eyJfcmFpbHMiOnsiZGF0YSI6MiwicHVyIjoiYmxvYl9pZCJ9fQ==--ee6d56bf52163135b48a4ba2c22b11a93e94d3b3/charcuteria.png'\n    }\n  },\n  {\n    list_description: {\n      id: 2,\n      list_name: 'sarshisha',\n      list_current_number: 13,\n      list_limit_number: 0\n    },\n    list_image: {\n      url: 'http://localhost:4000/rails/active_storage/blobs/redirect/eyJfcmFpbHMiOnsiZGF0YSI6MywicHVyIjoiYmxvYl9pZCJ9fQ==--07183cfade35ce6ffe715f60749642919ec61f5d/charcuteria.png'\n    }\n  }\n]","meta":{"userLevel":true,"rootId":"2kbmjts85cbehj9","id":"2kbmjts85cbehj9"},"id":"i1pbua41i182v0f","previousOperationId":"s7u6hc2nztjsdjj"}
{"type":"log","timestamp":1708455059374,"level":"debug","message":"(console:log) [\n  {\n    id: 1,\n    nickname: 'a',\n    is_admin: true,\n    suscriptor: null,\n    created_at: '2024-02-20T16:45:37.609Z',\n    updated_at: '2024-02-20T16:45:37.729Z',\n    email: 'a@a.a',\n    jti: '6a2b57ca-af4b-47a0-8285-477cffafa34b'\n  }\n]","meta":{"userLevel":true,"rootId":"2kbmjts85cbehj9","id":"2kbmjts85cbehj9"},"id":"d4srul3elif819m","previousOperationId":"s7u6hc2nztjsdjj"}
{"type":"operationEnd","operationId":"s7u6hc2nztjsdjj","timestamp":1708455059374,"id":"55ho958279pwzla","previousEventId":"jyyf14alurk1i9z","previousOperationId":"p71askwanuyv795"}
{"type":"operationEnd","operationId":"9rcee40ezy9w5l3","timestamp":1708455059374,"id":"ojhgwykcbrmtfv9","previousEventId":"55ho958279pwzla","previousOperationId":"p71askwanuyv795"}
{"type":"log","timestamp":1708455059374,"level":"debug","message":"Base url not specified, skipping its injection.","meta":{"rootId":"2kbmjts85cbehj9","id":"2kbmjts85cbehj9"},"id":"043egnkq0xp7shd","previousOperationId":"9rcee40ezy9w5l3"}
{"type":"operationStart","subtype":"engine","name":"handlebars","timestamp":1708455059374,"id":"5trvmwhgibn57tb","previousEventId":"ojhgwykcbrmtfv9","operationId":"uhhf2ruhi5fhefl","previousOperationId":"9rcee40ezy9w5l3"}
{"type":"log","timestamp":1708455059374,"level":"debug","message":"Rendering engine handlebars","meta":{"rootId":"2kbmjts85cbehj9","id":"2kbmjts85cbehj9"},"id":"7ys36cxtul6rzz7","previousOperationId":"uhhf2ruhi5fhefl"}
{"type":"operationEnd","operationId":"uhhf2ruhi5fhefl","timestamp":1708455059387,"id":"re4zmr09dofc53r","previousEventId":"5trvmwhgibn57tb","previousOperationId":"uhhf2ruhi5fhefl"}
{"type":"operationStart","subtype":"recipe","name":"chrome-pdf","timestamp":1708455059387,"id":"i5x9sywqd0wea7c","previousEventId":"re4zmr09dofc53r","operationId":"wrkrmbmv33t1h12","previousOperationId":"uhhf2ruhi5fhefl"}
{"type":"log","timestamp":1708455059387,"level":"debug","message":"Executing recipe chrome-pdf","meta":{"rootId":"2kbmjts85cbehj9","id":"2kbmjts85cbehj9"},"id":"i4bf46mas5kwe3f","previousOperationId":"wrkrmbmv33t1h12"}
{"type":"log","timestamp":1708455059388,"level":"debug","message":"Converting with chrome HeadlessChrome/117.0.5938.149 using chrome-pool strategy","meta":{"rootId":"2kbmjts85cbehj9","id":"2kbmjts85cbehj9"},"id":"y5kqfy7qbc87xu0","previousOperationId":"wrkrmbmv33t1h12"}
{"type":"log","timestamp":1708455059421,"level":"debug","message":"Page request: GET (document) file:///tmp/jsreport/autocleanup/38b2b322-ad9c-4607-94ee-226f97abcf4a-chrome-pdf.html","meta":{"rootId":"2kbmjts85cbehj9","id":"2kbmjts85cbehj9"},"id":"6p5t55a7vth8fbu","previousOperationId":"wrkrmbmv33t1h12"}
{"type":"log","timestamp":1708455059429,"level":"debug","message":"Page request: GET (stylesheet) https://cdn.jsdelivr.net/chartist.js/latest/chartist.min.css","meta":{"rootId":"2kbmjts85cbehj9","id":"2kbmjts85cbehj9"},"id":"jzan3vgd1x3poqr","previousOperationId":"wrkrmbmv33t1h12"}
{"type":"log","timestamp":1708455059429,"level":"debug","message":"Page request: GET (script) https://cdn.jsdelivr.net/chartist.js/latest/chartist.min.js","meta":{"rootId":"2kbmjts85cbehj9","id":"2kbmjts85cbehj9"},"id":"3aa8e4v5okqw51b","previousOperationId":"wrkrmbmv33t1h12"}
{"type":"log","timestamp":1708455059430,"level":"debug","message":"Page request: GET (script) https://code.jquery.com/jquery-3.6.0.min.js","meta":{"rootId":"2kbmjts85cbehj9","id":"2kbmjts85cbehj9"},"id":"i56oo35mrelgdx7","previousOperationId":"wrkrmbmv33t1h12"}
{"type":"log","timestamp":1708455059430,"level":"debug","message":"Page request: GET (script) https://cdn.jsdelivr.net/npm/chart.js","meta":{"rootId":"2kbmjts85cbehj9","id":"2kbmjts85cbehj9"},"id":"dv0pb21mzipa4je","previousOperationId":"wrkrmbmv33t1h12"}
{"type":"log","timestamp":1708455059430,"level":"debug","message":"Page request finished: GET (document) 200 file:///tmp/jsreport/autocleanup/38b2b322-ad9c-4607-94ee-226f97abcf4a-chrome-pdf.html","meta":{"rootId":"2kbmjts85cbehj9","id":"2kbmjts85cbehj9"},"id":"5gjfl0a16e0rj9i","previousOperationId":"wrkrmbmv33t1h12"}
{"type":"log","timestamp":1708455059432,"level":"debug","message":"Page request finished: GET (stylesheet) 200 https://cdn.jsdelivr.net/chartist.js/latest/chartist.min.css","meta":{"rootId":"2kbmjts85cbehj9","id":"2kbmjts85cbehj9"},"id":"b8ogb8euvshy1nd","previousOperationId":"wrkrmbmv33t1h12"}
{"type":"log","timestamp":1708455059433,"level":"debug","message":"Page request finished: GET (script) 200 https://cdn.jsdelivr.net/chartist.js/latest/chartist.min.js","meta":{"rootId":"2kbmjts85cbehj9","id":"2kbmjts85cbehj9"},"id":"hcsnws56ee92rmk","previousOperationId":"wrkrmbmv33t1h12"}
{"type":"log","timestamp":1708455059435,"level":"debug","message":"Page request finished: GET (script) 200 https://code.jquery.com/jquery-3.6.0.min.js","meta":{"rootId":"2kbmjts85cbehj9","id":"2kbmjts85cbehj9"},"id":"xu4yt3et1pt3r6x","previousOperationId":"wrkrmbmv33t1h12"}
{"type":"log","timestamp":1708455059439,"level":"debug","message":"Page request finished: GET (script) 200 https://cdn.jsdelivr.net/npm/chart.js","meta":{"rootId":"2kbmjts85cbehj9","id":"2kbmjts85cbehj9"},"id":"kxd310jqjx52xi2","previousOperationId":"wrkrmbmv33t1h12"}
{"type":"log","timestamp":1708455059484,"level":"debug","message":"Running chrome with params {\"printBackground\":true,\"timeout\":59947,\"margin\":{}}","meta":{"rootId":"2kbmjts85cbehj9","id":"2kbmjts85cbehj9"},"id":"c23lyrzsgl4cs5m","previousOperationId":"wrkrmbmv33t1h12"}
{"type":"operationEnd","operationId":"wrkrmbmv33t1h12","timestamp":1708455059509,"id":"be408bdf7tbfl7w","previousEventId":"i5x9sywqd0wea7c","previousOperationId":"wrkrmbmv33t1h12"}
{"type":"log","timestamp":1708455059509,"level":"debug","message":"Skipping storing report.","meta":{"rootId":"2kbmjts85cbehj9","id":"2kbmjts85cbehj9"},"id":"16lejsolh6ur6jt","previousOperationId":"wrkrmbmv33t1h12"}
{"type":"log","timestamp":1708455059509,"level":"info","message":"Rendering request 20 finished in 174 ms","meta":{"rootId":"2kbmjts85cbehj9","id":"2kbmjts85cbehj9"},"id":"fjqlm50xh74ze8p","previousOperationId":"wrkrmbmv33t1h12"}
{"type":"operationEnd","subtype":"render","operationId":"p71askwanuyv795","timestamp":1708455059510,"id":"gxedbne8wkz45ef","previousEventId":"be408bdf7tbfl7w","previousOperationId":"wrkrmbmv33t1h12"}
{"type":"operationEnd","doDiffs":false,"previousEventId":"188x0j3nwa2pbcu","previousOperationId":"fmxlgkrjys439kp","operationId":"fmxlgkrjys439kp","timestamp":1708455059512,"id":"5o3123al37jtt2a"}
