{"type":"operationStart","subtype":"profile","data":{"_id":"pl8frB6Uo1yjETUm","timestamp":"2024-02-20T19:21:22.204Z","state":"queued","mode":"standard","creationDate":"2024-02-20T19:21:22.205Z","modificationDate":"2024-02-20T19:21:22.205Z","shortid":"C9EhRCY","$entitySet":"profiles"},"doDiffs":false,"timestamp":1708456882205,"id":"zyxsioxal2v9h9g","previousOperationId":null,"operationId":"ih784wd2zeoxyqy"}
{"type":"log","level":"info","message":"Render request 74 queued for execution and waiting for available worker","previousOperationId":"ih784wd2zeoxyqy","timestamp":1708456882205,"id":"3w2aqeyjpbi0loq"}
{"type":"operationStart","subtype":"render","name":"TemplateList","previousOperationId":"ih784wd2zeoxyqy","timestamp":1708456882209,"id":"ll6b3mtgs1tr117","previousEventId":"zyxsioxal2v9h9g","operationId":"mpw2vlpeedfn6gi"}
{"type":"log","timestamp":1708456882209,"level":"info","message":"Starting rendering request 74","meta":{"rootId":"2kimtkzu64pn1ne","id":"2kimtkzu64pn1ne"},"id":"cx7uh48um1lmqcw","previousOperationId":"mpw2vlpeedfn6gi"}
{"type":"log","timestamp":1708456882209,"level":"info","message":"Rendering template { name: TemplateList, recipe: chrome-pdf, engine: handlebars, preview: true }","meta":{"rootId":"2kimtkzu64pn1ne","id":"2kimtkzu64pn1ne"},"id":"ywq9t7r4m86el8r","previousOperationId":"mpw2vlpeedfn6gi"}
{"type":"log","timestamp":1708456882210,"level":"debug","message":"Data item not defined for this template.","meta":{"rootId":"2kimtkzu64pn1ne","id":"2kimtkzu64pn1ne"},"id":"o01t4dgn4lg2otq","previousOperationId":"mpw2vlpeedfn6gi"}
{"type":"log","timestamp":1708456882211,"level":"debug","message":"Executing script list-data (beforeRender)","meta":{"rootId":"2kimtkzu64pn1ne","id":"2kimtkzu64pn1ne"},"id":"dsyve4cviknidvg","previousOperationId":"mpw2vlpeedfn6gi"}
{"type":"operationStart","subtype":"scriptsBeforeRender","name":"scripts beforeRender","timestamp":1708456882214,"id":"5f86i8um34nzxqk","previousEventId":"ll6b3mtgs1tr117","operationId":"mggdka4wphp0hx0","previousOperationId":"mpw2vlpeedfn6gi"}
{"type":"operationStart","subtype":"script","name":"scripts list-data","previousOperationId":"mggdka4wphp0hx0","timestamp":1708456882214,"id":"jtbjmbu8bu96pn3","previousEventId":"5f86i8um34nzxqk","operationId":"4e38p9b660ejfwd"}
{"type":"log","timestamp":1708456882233,"level":"debug","message":"(console:log) [\n  {\n    list_description: {\n      id: 2,\n      list_name: 'sarshisha',\n      list_current_number: 13,\n      list_limit_number: 0\n    },\n    list_image: {\n      url: 'http://localhost:4000/rails/active_storage/blobs/redirect/eyJfcmFpbHMiOnsiZGF0YSI6MywicHVyIjoiYmxvYl9pZCJ9fQ==--07183cfade35ce6ffe715f60749642919ec61f5d/charcuteria.png'\n    }\n  },\n  {\n    list_description: {\n      id: 3,\n      list_name: 'stjsjshtshn',\n      list_current_number: 4,\n      list_limit_number: 0\n    },\n    list_image: {\n      url: 'http://localhost:4000/rails/active_storage/blobs/redirect/eyJfcmFpbHMiOnsiZGF0YSI6NCwicHVyIjoiYmxvYl9pZCJ9fQ==--023aae65cb60b3f6c6d73a9c76e14c0b0df6ad86/dibujoadrian.jpg'\n    }\n  },\n  {\n    list_description: {\n      id: 1,\n      list_name: 'charcuteria',\n      list_current_number: 1,\n      list_limit_number: 0\n    },\n    list_image: {\n      url: 'http://localhost:4000/rails/active_storage/blobs/redirect/eyJfcmFpbHMiOnsiZGF0YSI6MiwicHVyIjoiYmxvYl9pZCJ9fQ==--ee6d56bf52163135b48a4ba2c22b11a93e94d3b3/charcuteria.png'\n    }\n  }\n]","meta":{"userLevel":true,"rootId":"2kimtkzu64pn1ne","id":"2kimtkzu64pn1ne"},"id":"fuz1uvs5txt08hy","previousOperationId":"4e38p9b660ejfwd"}
{"type":"log","timestamp":1708456882242,"level":"debug","message":"(console:log) [\n  {\n    id: 1,\n    nickname: 'a',\n    is_admin: true,\n    suscriptor: null,\n    created_at: '2024-02-20T16:45:37.609Z',\n    updated_at: '2024-02-20T16:45:37.729Z',\n    email: 'a@a.a',\n    jti: '6a2b57ca-af4b-47a0-8285-477cffafa34b'\n  }\n]","meta":{"userLevel":true,"rootId":"2kimtkzu64pn1ne","id":"2kimtkzu64pn1ne"},"id":"y9gdqipijw325y2","previousOperationId":"4e38p9b660ejfwd"}
{"type":"operationEnd","operationId":"4e38p9b660ejfwd","timestamp":1708456882242,"id":"mg0143cupx9gdzk","previousEventId":"ll6b3mtgs1tr117","previousOperationId":"mpw2vlpeedfn6gi"}
{"type":"operationEnd","operationId":"mggdka4wphp0hx0","timestamp":1708456882242,"id":"41gs2fqfzzpk948","previousEventId":"mg0143cupx9gdzk","previousOperationId":"mpw2vlpeedfn6gi"}
{"type":"log","timestamp":1708456882242,"level":"debug","message":"Base url not specified, skipping its injection.","meta":{"rootId":"2kimtkzu64pn1ne","id":"2kimtkzu64pn1ne"},"id":"vqy8rvj1mlpn3z6","previousOperationId":"mggdka4wphp0hx0"}
{"type":"operationStart","subtype":"engine","name":"handlebars","timestamp":1708456882242,"id":"m477x46vs32on0h","previousEventId":"41gs2fqfzzpk948","operationId":"f9r20bdypm7w84h","previousOperationId":"mggdka4wphp0hx0"}
{"type":"log","timestamp":1708456882242,"level":"debug","message":"Rendering engine handlebars","meta":{"rootId":"2kimtkzu64pn1ne","id":"2kimtkzu64pn1ne"},"id":"sd21vzlw01g4h47","previousOperationId":"f9r20bdypm7w84h"}
{"type":"operationEnd","operationId":"f9r20bdypm7w84h","timestamp":1708456882250,"id":"9lyq9wjou0fmebd","previousEventId":"m477x46vs32on0h","previousOperationId":"f9r20bdypm7w84h"}
{"type":"operationStart","subtype":"recipe","name":"chrome-pdf","timestamp":1708456882250,"id":"laqlreif62ad8q8","previousEventId":"9lyq9wjou0fmebd","operationId":"mcztdgev7weakuv","previousOperationId":"f9r20bdypm7w84h"}
{"type":"log","timestamp":1708456882250,"level":"debug","message":"Executing recipe chrome-pdf","meta":{"rootId":"2kimtkzu64pn1ne","id":"2kimtkzu64pn1ne"},"id":"ibi5g84am8tq27h","previousOperationId":"mcztdgev7weakuv"}
{"type":"log","timestamp":1708456882251,"level":"debug","message":"Converting with chrome HeadlessChrome/117.0.5938.149 using chrome-pool strategy","meta":{"rootId":"2kimtkzu64pn1ne","id":"2kimtkzu64pn1ne"},"id":"pmv7lt65b3zzuvn","previousOperationId":"mcztdgev7weakuv"}
{"type":"log","timestamp":1708456882285,"level":"debug","message":"Page request: GET (document) file:///tmp/jsreport/autocleanup/00076389-48fb-466b-87be-d2594a1a24c6-chrome-pdf.html","meta":{"rootId":"2kimtkzu64pn1ne","id":"2kimtkzu64pn1ne"},"id":"5cf5j7x5i7jy92m","previousOperationId":"mcztdgev7weakuv"}
{"type":"log","timestamp":1708456882292,"level":"debug","message":"Page request: GET (stylesheet) https://cdn.jsdelivr.net/chartist.js/latest/chartist.min.css","meta":{"rootId":"2kimtkzu64pn1ne","id":"2kimtkzu64pn1ne"},"id":"1tb6n6ql55cai8u","previousOperationId":"mcztdgev7weakuv"}
{"type":"log","timestamp":1708456882293,"level":"debug","message":"Page request: GET (script) https://cdn.jsdelivr.net/chartist.js/latest/chartist.min.js","meta":{"rootId":"2kimtkzu64pn1ne","id":"2kimtkzu64pn1ne"},"id":"vxymr927xbwtt9r","previousOperationId":"mcztdgev7weakuv"}
{"type":"log","timestamp":1708456882293,"level":"debug","message":"Page request finished: GET (document) 200 file:///tmp/jsreport/autocleanup/00076389-48fb-466b-87be-d2594a1a24c6-chrome-pdf.html","meta":{"rootId":"2kimtkzu64pn1ne","id":"2kimtkzu64pn1ne"},"id":"17s23ecoz4xerdy","previousOperationId":"mcztdgev7weakuv"}
{"type":"log","timestamp":1708456882295,"level":"debug","message":"Page request finished: GET (stylesheet) 200 https://cdn.jsdelivr.net/chartist.js/latest/chartist.min.css","meta":{"rootId":"2kimtkzu64pn1ne","id":"2kimtkzu64pn1ne"},"id":"qpa1orpbp2gzhr0","previousOperationId":"mcztdgev7weakuv"}
{"type":"log","timestamp":1708456882296,"level":"debug","message":"Page request finished: GET (script) 200 https://cdn.jsdelivr.net/chartist.js/latest/chartist.min.js","meta":{"rootId":"2kimtkzu64pn1ne","id":"2kimtkzu64pn1ne"},"id":"vbj4kdezwx21iou","previousOperationId":"mcztdgev7weakuv"}
{"type":"log","timestamp":1708456882306,"level":"debug","message":"Running chrome with params {\"printBackground\":true,\"timeout\":59953,\"margin\":{}}","meta":{"rootId":"2kimtkzu64pn1ne","id":"2kimtkzu64pn1ne"},"id":"rojgf4z0u1wd0ni","previousOperationId":"mcztdgev7weakuv"}
{"type":"operationEnd","operationId":"mcztdgev7weakuv","timestamp":1708456882319,"id":"hhfz8207fzj3el7","previousEventId":"laqlreif62ad8q8","previousOperationId":"mcztdgev7weakuv"}
{"type":"log","timestamp":1708456882319,"level":"debug","message":"Skipping storing report.","meta":{"rootId":"2kimtkzu64pn1ne","id":"2kimtkzu64pn1ne"},"id":"375zpjuqioqzzqo","previousOperationId":"mcztdgev7weakuv"}
{"type":"log","timestamp":1708456882319,"level":"info","message":"Rendering request 74 finished in 115 ms","meta":{"rootId":"2kimtkzu64pn1ne","id":"2kimtkzu64pn1ne"},"id":"65ja8xfi0jw57j0","previousOperationId":"mcztdgev7weakuv"}
{"type":"operationEnd","subtype":"render","operationId":"mpw2vlpeedfn6gi","timestamp":1708456882319,"id":"eczzz8w79v5rojs","previousEventId":"hhfz8207fzj3el7","previousOperationId":"mcztdgev7weakuv"}
{"type":"operationEnd","doDiffs":false,"previousEventId":"zyxsioxal2v9h9g","previousOperationId":"ih784wd2zeoxyqy","operationId":"ih784wd2zeoxyqy","timestamp":1708456882324,"id":"vtf0mt61nvasvox"}
