{"type":"operationStart","subtype":"profile","data":{"_id":"7bxvizwPRqlr9Bkl","timestamp":"2024-02-20T18:04:54.945Z","state":"queued","mode":"standard","creationDate":"2024-02-20T18:04:54.946Z","modificationDate":"2024-02-20T18:04:54.946Z","shortid":"5zbSG5R","$entitySet":"profiles"},"doDiffs":false,"timestamp":1708452294945,"id":"agcpqcn5057xe8g","previousOperationId":null,"operationId":"1974j3hv8w20bjz"}
{"type":"log","level":"info","message":"Render request 4 queued for execution and waiting for available worker","previousOperationId":"1974j3hv8w20bjz","timestamp":1708452294945,"id":"rfwehfv5vno2ypn"}
{"type":"operationStart","subtype":"render","name":"TemplateList","previousOperationId":"1974j3hv8w20bjz","timestamp":1708452294951,"id":"9znlwtc9cmz4p6g","previousEventId":"agcpqcn5057xe8g","operationId":"36vjgmx28bbjw2c"}
{"type":"log","timestamp":1708452294951,"level":"info","message":"Starting rendering request 4","meta":{"rootId":"2y25x9zqd2aliyk","id":"2y25x9zqd2aliyk"},"id":"0ala15yq17stqc3","previousOperationId":"36vjgmx28bbjw2c"}
{"type":"log","timestamp":1708452294951,"level":"info","message":"Rendering template { name: TemplateList, recipe: chrome-pdf, engine: handlebars, preview: true }","meta":{"rootId":"2y25x9zqd2aliyk","id":"2y25x9zqd2aliyk"},"id":"ecd2k0c5qily934","previousOperationId":"36vjgmx28bbjw2c"}
{"type":"log","timestamp":1708452294951,"level":"debug","message":"Data item not defined for this template.","meta":{"rootId":"2y25x9zqd2aliyk","id":"2y25x9zqd2aliyk"},"id":"7bv2bk2ph99xzt1","previousOperationId":"36vjgmx28bbjw2c"}
{"type":"log","timestamp":1708452294952,"level":"debug","message":"Executing script list-data (beforeRender)","meta":{"rootId":"2y25x9zqd2aliyk","id":"2y25x9zqd2aliyk"},"id":"6wegvb3og2wfgo2","previousOperationId":"36vjgmx28bbjw2c"}
{"type":"operationStart","subtype":"scriptsBeforeRender","name":"scripts beforeRender","timestamp":1708452294965,"id":"iiojrqdqutub6m4","previousEventId":"9znlwtc9cmz4p6g","operationId":"44p6v6m31sjdvsg","previousOperationId":"36vjgmx28bbjw2c"}
{"type":"operationStart","subtype":"script","name":"scripts list-data","previousOperationId":"44p6v6m31sjdvsg","timestamp":1708452294965,"id":"nr6qjzlkua58gur","previousEventId":"iiojrqdqutub6m4","operationId":"wexabjqhqkg871w"}
{"type":"log","timestamp":1708452294997,"level":"debug","message":"(console:log) [\n  {\n    list_description: {\n      id: 1,\n      list_name: 'charcuteria',\n      list_current_number: 0,\n      list_limit_number: 0\n    },\n    list_image: {\n      url: 'http://localhost:4000/rails/active_storage/blobs/redirect/eyJfcmFpbHMiOnsiZGF0YSI6MiwicHVyIjoiYmxvYl9pZCJ9fQ==--ee6d56bf52163135b48a4ba2c22b11a93e94d3b3/charcuteria.png'\n    }\n  },\n  {\n    list_description: {\n      id: 2,\n      list_name: 'sarshisha',\n      list_current_number: 0,\n      list_limit_number: 0\n    },\n    list_image: {\n      url: 'http://localhost:4000/rails/active_storage/blobs/redirect/eyJfcmFpbHMiOnsiZGF0YSI6MywicHVyIjoiYmxvYl9pZCJ9fQ==--07183cfade35ce6ffe715f60749642919ec61f5d/charcuteria.png'\n    }\n  },\n  {\n    list_description: {\n      id: 3,\n      list_name: 'stjsjshtshn',\n      list_current_number: 0,\n      list_limit_number: 0\n    },\n    list_image: {\n      url: 'http://localhost:4000/rails/active_storage/blobs/redirect/eyJfcmFpbHMiOnsiZGF0YSI6NCwicHVyIjoiYmxvYl9pZCJ9fQ==--023aae65cb60b3f6c6d73a9c76e14c0b0df6ad86/dibujoadrian.jpg'\n    }\n  }\n]","meta":{"userLevel":true,"rootId":"2y25x9zqd2aliyk","id":"2y25x9zqd2aliyk"},"id":"emuavv4dbi6aed9","previousOperationId":"wexabjqhqkg871w"}
{"type":"operationEnd","operationId":"wexabjqhqkg871w","timestamp":1708452294997,"id":"0bzpjuuhyd8nlz6","previousEventId":"9znlwtc9cmz4p6g","previousOperationId":"36vjgmx28bbjw2c"}
{"type":"operationEnd","operationId":"44p6v6m31sjdvsg","timestamp":1708452294997,"id":"ms7htzx1uqxkd1i","previousEventId":"0bzpjuuhyd8nlz6","previousOperationId":"36vjgmx28bbjw2c"}
{"type":"log","timestamp":1708452294998,"level":"debug","message":"Base url not specified, skipping its injection.","meta":{"rootId":"2y25x9zqd2aliyk","id":"2y25x9zqd2aliyk"},"id":"55cgj18jroirsis","previousOperationId":"44p6v6m31sjdvsg"}
{"type":"operationStart","subtype":"engine","name":"handlebars","timestamp":1708452294998,"id":"rwknrg5gmdzbs04","previousEventId":"ms7htzx1uqxkd1i","operationId":"5hrnddo7h4bwkry","previousOperationId":"44p6v6m31sjdvsg"}
{"type":"log","timestamp":1708452294998,"level":"debug","message":"Rendering engine handlebars","meta":{"rootId":"2y25x9zqd2aliyk","id":"2y25x9zqd2aliyk"},"id":"48dnb276tt6wlr5","previousOperationId":"5hrnddo7h4bwkry"}
{"type":"operationEnd","operationId":"5hrnddo7h4bwkry","timestamp":1708452295011,"id":"6im15cjmx2fx7ab","previousEventId":"rwknrg5gmdzbs04","previousOperationId":"5hrnddo7h4bwkry"}
{"type":"operationStart","subtype":"recipe","name":"chrome-pdf","timestamp":1708452295011,"id":"j39f9eazlyd27rq","previousEventId":"6im15cjmx2fx7ab","operationId":"qrkzqwi2p3k9kiw","previousOperationId":"5hrnddo7h4bwkry"}
{"type":"log","timestamp":1708452295011,"level":"debug","message":"Executing recipe chrome-pdf","meta":{"rootId":"2y25x9zqd2aliyk","id":"2y25x9zqd2aliyk"},"id":"zxxc3s8nb4kcck1","previousOperationId":"qrkzqwi2p3k9kiw"}
{"type":"log","timestamp":1708452295013,"level":"debug","message":"Converting with chrome HeadlessChrome/117.0.5938.149 using chrome-pool strategy","meta":{"rootId":"2y25x9zqd2aliyk","id":"2y25x9zqd2aliyk"},"id":"hmjk98jkxlqpuq3","previousOperationId":"qrkzqwi2p3k9kiw"}
{"type":"log","timestamp":1708452295053,"level":"debug","message":"Page request: GET (document) file:///tmp/jsreport/autocleanup/8bf3a86a-1a43-4ebb-a72c-7dcc9ec6a239-chrome-pdf.html","meta":{"rootId":"2y25x9zqd2aliyk","id":"2y25x9zqd2aliyk"},"id":"i9uskchq9a3mkkr","previousOperationId":"qrkzqwi2p3k9kiw"}
{"type":"log","timestamp":1708452295063,"level":"debug","message":"Page request: GET (stylesheet) https://cdn.jsdelivr.net/chartist.js/latest/chartist.min.css","meta":{"rootId":"2y25x9zqd2aliyk","id":"2y25x9zqd2aliyk"},"id":"zbty5eq2f6x7xe2","previousOperationId":"qrkzqwi2p3k9kiw"}
{"type":"log","timestamp":1708452295063,"level":"debug","message":"Page request: GET (script) https://cdn.jsdelivr.net/chartist.js/latest/chartist.min.js","meta":{"rootId":"2y25x9zqd2aliyk","id":"2y25x9zqd2aliyk"},"id":"now038gf6qv3c73","previousOperationId":"qrkzqwi2p3k9kiw"}
{"type":"log","timestamp":1708452295063,"level":"debug","message":"Page request: GET (script) https://code.jquery.com/jquery-3.6.0.min.js","meta":{"rootId":"2y25x9zqd2aliyk","id":"2y25x9zqd2aliyk"},"id":"r22er9v4zbfzauu","previousOperationId":"qrkzqwi2p3k9kiw"}
{"type":"log","timestamp":1708452295064,"level":"debug","message":"Page request finished: GET (document) 200 file:///tmp/jsreport/autocleanup/8bf3a86a-1a43-4ebb-a72c-7dcc9ec6a239-chrome-pdf.html","meta":{"rootId":"2y25x9zqd2aliyk","id":"2y25x9zqd2aliyk"},"id":"2ostgmuihoerytg","previousOperationId":"qrkzqwi2p3k9kiw"}
{"type":"log","timestamp":1708452295075,"level":"debug","message":"Page request finished: GET (stylesheet) 200 https://cdn.jsdelivr.net/chartist.js/latest/chartist.min.css","meta":{"rootId":"2y25x9zqd2aliyk","id":"2y25x9zqd2aliyk"},"id":"ixap6jr3xs1firj","previousOperationId":"qrkzqwi2p3k9kiw"}
{"type":"log","timestamp":1708452295076,"level":"debug","message":"Page request finished: GET (script) 200 https://cdn.jsdelivr.net/chartist.js/latest/chartist.min.js","meta":{"rootId":"2y25x9zqd2aliyk","id":"2y25x9zqd2aliyk"},"id":"kr8dyqc6mj1u0ky","previousOperationId":"qrkzqwi2p3k9kiw"}
{"type":"log","timestamp":1708452295081,"level":"debug","message":"Page request finished: GET (script) 200 https://code.jquery.com/jquery-3.6.0.min.js","meta":{"rootId":"2y25x9zqd2aliyk","id":"2y25x9zqd2aliyk"},"id":"0mxox78ndtmmavt","previousOperationId":"qrkzqwi2p3k9kiw"}
{"type":"log","timestamp":1708452295092,"level":"warn","message":"Page error: Unexpected identifier 'Object' , stack: SyntaxError: Unexpected identifier 'Object'","meta":{"rootId":"2y25x9zqd2aliyk","id":"2y25x9zqd2aliyk"},"id":"zxraaudv4ry7ycp","previousOperationId":"qrkzqwi2p3k9kiw"}
{"type":"log","timestamp":1708452295100,"level":"debug","message":"Running chrome with params {\"printBackground\":true,\"timeout\":59933,\"margin\":{}}","meta":{"rootId":"2y25x9zqd2aliyk","id":"2y25x9zqd2aliyk"},"id":"gfwck6e3ix0udb5","previousOperationId":"qrkzqwi2p3k9kiw"}
{"type":"operationEnd","operationId":"qrkzqwi2p3k9kiw","timestamp":1708452295111,"id":"3ub75gojv0a2sxi","previousEventId":"j39f9eazlyd27rq","previousOperationId":"qrkzqwi2p3k9kiw"}
{"type":"log","timestamp":1708452295111,"level":"debug","message":"Skipping storing report.","meta":{"rootId":"2y25x9zqd2aliyk","id":"2y25x9zqd2aliyk"},"id":"ldtwsungvxq63z8","previousOperationId":"qrkzqwi2p3k9kiw"}
{"type":"log","timestamp":1708452295111,"level":"info","message":"Rendering request 4 finished in 166 ms","meta":{"rootId":"2y25x9zqd2aliyk","id":"2y25x9zqd2aliyk"},"id":"3cwfjoaf06w4t60","previousOperationId":"qrkzqwi2p3k9kiw"}
{"type":"operationEnd","subtype":"render","operationId":"36vjgmx28bbjw2c","timestamp":1708452295111,"id":"8dag8log80my5af","previousEventId":"3ub75gojv0a2sxi","previousOperationId":"qrkzqwi2p3k9kiw"}
{"type":"operationEnd","doDiffs":false,"previousEventId":"agcpqcn5057xe8g","previousOperationId":"1974j3hv8w20bjz","operationId":"1974j3hv8w20bjz","timestamp":1708452295123,"id":"dkfe7wnjcuvn0uh"}
