{"type":"operationStart","subtype":"profile","data":{"_id":"MLZCjxfOJZu3CHgY","timestamp":"2024-02-20T18:41:07.505Z","state":"queued","mode":"standard","creationDate":"2024-02-20T18:41:07.505Z","modificationDate":"2024-02-20T18:41:07.505Z","shortid":"Q9rw6As","$entitySet":"profiles"},"doDiffs":false,"timestamp":1708454467505,"id":"g0xmdo7jzdqpng2","previousOperationId":null,"operationId":"f155z0kwiafnyr0"}
{"type":"log","level":"info","message":"Render request 8 queued for execution and waiting for available worker","previousOperationId":"f155z0kwiafnyr0","timestamp":1708454467505,"id":"6z5dzcc19eskz2o"}
{"type":"operationStart","subtype":"render","name":"TemplateList","previousOperationId":"f155z0kwiafnyr0","timestamp":1708454467510,"id":"ck3dp4wwue49c6t","previousEventId":"g0xmdo7jzdqpng2","operationId":"ypsiqwma2inejt5"}
{"type":"log","timestamp":1708454467510,"level":"info","message":"Starting rendering request 8","meta":{"rootId":"2ybogzxxgg3v462","id":"2ybogzxxgg3v462"},"id":"7uv3mqzagu7bzfj","previousOperationId":"ypsiqwma2inejt5"}
{"type":"log","timestamp":1708454467510,"level":"info","message":"Rendering template { name: TemplateList, recipe: chrome-pdf, engine: handlebars, preview: true }","meta":{"rootId":"2ybogzxxgg3v462","id":"2ybogzxxgg3v462"},"id":"tliiaje9dqulvt0","previousOperationId":"ypsiqwma2inejt5"}
{"type":"log","timestamp":1708454467511,"level":"debug","message":"Data item not defined for this template.","meta":{"rootId":"2ybogzxxgg3v462","id":"2ybogzxxgg3v462"},"id":"xlqyhs0tdtyo57i","previousOperationId":"ypsiqwma2inejt5"}
{"type":"log","timestamp":1708454467512,"level":"debug","message":"Executing script list-data (beforeRender)","meta":{"rootId":"2ybogzxxgg3v462","id":"2ybogzxxgg3v462"},"id":"mceuzmzxgncnigz","previousOperationId":"ypsiqwma2inejt5"}
{"type":"operationStart","subtype":"scriptsBeforeRender","name":"scripts beforeRender","timestamp":1708454467517,"id":"2nrtwgjbkwn6xxk","previousEventId":"ck3dp4wwue49c6t","operationId":"5t483ibrndqfswj","previousOperationId":"ypsiqwma2inejt5"}
{"type":"operationStart","subtype":"script","name":"scripts list-data","previousOperationId":"5t483ibrndqfswj","timestamp":1708454467517,"id":"p1jotsbs49x14vi","previousEventId":"2nrtwgjbkwn6xxk","operationId":"7h67b3a7uq82o9n"}
{"type":"log","timestamp":1708454467540,"level":"debug","message":"(console:log) [\n  {\n    list_description: {\n      id: 3,\n      list_name: 'stjsjshtshn',\n      list_current_number: 0,\n      list_limit_number: 0\n    },\n    list_image: {\n      url: 'http://localhost:4000/rails/active_storage/blobs/redirect/eyJfcmFpbHMiOnsiZGF0YSI6NCwicHVyIjoiYmxvYl9pZCJ9fQ==--023aae65cb60b3f6c6d73a9c76e14c0b0df6ad86/dibujoadrian.jpg'\n    }\n  },\n  {\n    list_description: {\n      id: 1,\n      list_name: 'charcuteria',\n      list_current_number: 0,\n      list_limit_number: 0\n    },\n    list_image: {\n      url: 'http://localhost:4000/rails/active_storage/blobs/redirect/eyJfcmFpbHMiOnsiZGF0YSI6MiwicHVyIjoiYmxvYl9pZCJ9fQ==--ee6d56bf52163135b48a4ba2c22b11a93e94d3b3/charcuteria.png'\n    }\n  },\n  {\n    list_description: {\n      id: 2,\n      list_name: 'sarshisha',\n      list_current_number: 13,\n      list_limit_number: 0\n    },\n    list_image: {\n      url: 'http://localhost:4000/rails/active_storage/blobs/redirect/eyJfcmFpbHMiOnsiZGF0YSI6MywicHVyIjoiYmxvYl9pZCJ9fQ==--07183cfade35ce6ffe715f60749642919ec61f5d/charcuteria.png'\n    }\n  }\n]","meta":{"userLevel":true,"rootId":"2ybogzxxgg3v462","id":"2ybogzxxgg3v462"},"id":"j8uso4quyh2fwfm","previousOperationId":"7h67b3a7uq82o9n"}
{"type":"log","timestamp":1708454467547,"level":"debug","message":"(console:log) [\n  {\n    id: 1,\n    nickname: 'a',\n    is_admin: true,\n    suscriptor: null,\n    created_at: '2024-02-20T16:45:37.609Z',\n    updated_at: '2024-02-20T16:45:37.729Z',\n    email: 'a@a.a',\n    jti: '6a2b57ca-af4b-47a0-8285-477cffafa34b'\n  }\n]","meta":{"userLevel":true,"rootId":"2ybogzxxgg3v462","id":"2ybogzxxgg3v462"},"id":"igh4x77qrrlgptk","previousOperationId":"7h67b3a7uq82o9n"}
{"type":"operationEnd","operationId":"7h67b3a7uq82o9n","timestamp":1708454467548,"id":"bncg2ncjizo3dhf","previousEventId":"ck3dp4wwue49c6t","previousOperationId":"ypsiqwma2inejt5"}
{"type":"operationEnd","operationId":"5t483ibrndqfswj","timestamp":1708454467548,"id":"zzibv8tinitf6fh","previousEventId":"bncg2ncjizo3dhf","previousOperationId":"ypsiqwma2inejt5"}
{"type":"log","timestamp":1708454467548,"level":"debug","message":"Base url not specified, skipping its injection.","meta":{"rootId":"2ybogzxxgg3v462","id":"2ybogzxxgg3v462"},"id":"cs2noc7tubtikdj","previousOperationId":"5t483ibrndqfswj"}
{"type":"operationStart","subtype":"engine","name":"handlebars","timestamp":1708454467548,"id":"eehb7wov4aut9r2","previousEventId":"zzibv8tinitf6fh","operationId":"tgtgiypc5s33vrj","previousOperationId":"5t483ibrndqfswj"}
{"type":"log","timestamp":1708454467548,"level":"debug","message":"Rendering engine handlebars","meta":{"rootId":"2ybogzxxgg3v462","id":"2ybogzxxgg3v462"},"id":"jzq9ic870pvyf3q","previousOperationId":"tgtgiypc5s33vrj"}
{"type":"operationEnd","operationId":"tgtgiypc5s33vrj","timestamp":1708454467563,"id":"1ie6qq9k2vczshc","previousEventId":"eehb7wov4aut9r2","previousOperationId":"tgtgiypc5s33vrj"}
{"type":"operationStart","subtype":"recipe","name":"chrome-pdf","timestamp":1708454467563,"id":"h03b0dx17rtt705","previousEventId":"1ie6qq9k2vczshc","operationId":"3fxwonvc7vgpcvs","previousOperationId":"tgtgiypc5s33vrj"}
{"type":"log","timestamp":1708454467563,"level":"debug","message":"Executing recipe chrome-pdf","meta":{"rootId":"2ybogzxxgg3v462","id":"2ybogzxxgg3v462"},"id":"c7jtzqcyhr6bqdj","previousOperationId":"3fxwonvc7vgpcvs"}
{"type":"log","timestamp":1708454467564,"level":"debug","message":"Converting with chrome HeadlessChrome/117.0.5938.149 using chrome-pool strategy","meta":{"rootId":"2ybogzxxgg3v462","id":"2ybogzxxgg3v462"},"id":"8xgk1dx6qcb4sef","previousOperationId":"3fxwonvc7vgpcvs"}
{"type":"log","timestamp":1708454467604,"level":"debug","message":"Page request: GET (document) file:///tmp/jsreport/autocleanup/36dea3f2-b149-4060-839b-dc27373c162d-chrome-pdf.html","meta":{"rootId":"2ybogzxxgg3v462","id":"2ybogzxxgg3v462"},"id":"18qewwao3hl8yxy","previousOperationId":"3fxwonvc7vgpcvs"}
{"type":"log","timestamp":1708454467613,"level":"debug","message":"Page request: GET (stylesheet) https://cdn.jsdelivr.net/chartist.js/latest/chartist.min.css","meta":{"rootId":"2ybogzxxgg3v462","id":"2ybogzxxgg3v462"},"id":"u3so5htl4agpcx9","previousOperationId":"3fxwonvc7vgpcvs"}
{"type":"log","timestamp":1708454467613,"level":"debug","message":"Page request: GET (script) https://cdn.jsdelivr.net/chartist.js/latest/chartist.min.js","meta":{"rootId":"2ybogzxxgg3v462","id":"2ybogzxxgg3v462"},"id":"d6u0fvhmv22ybtb","previousOperationId":"3fxwonvc7vgpcvs"}
{"type":"log","timestamp":1708454467613,"level":"debug","message":"Page request: GET (script) https://code.jquery.com/jquery-3.6.0.min.js","meta":{"rootId":"2ybogzxxgg3v462","id":"2ybogzxxgg3v462"},"id":"f6ztcfxjt1tgyhn","previousOperationId":"3fxwonvc7vgpcvs"}
{"type":"log","timestamp":1708454467614,"level":"debug","message":"Page request: GET (script) https://cdn.jsdelivr.net/npm/chart.js","meta":{"rootId":"2ybogzxxgg3v462","id":"2ybogzxxgg3v462"},"id":"lonl6qtpkw5adgh","previousOperationId":"3fxwonvc7vgpcvs"}
{"type":"log","timestamp":1708454467614,"level":"debug","message":"Page request finished: GET (document) 200 file:///tmp/jsreport/autocleanup/36dea3f2-b149-4060-839b-dc27373c162d-chrome-pdf.html","meta":{"rootId":"2ybogzxxgg3v462","id":"2ybogzxxgg3v462"},"id":"6pv1mygkm7v8bnp","previousOperationId":"3fxwonvc7vgpcvs"}
{"type":"log","timestamp":1708454467615,"level":"debug","message":"Page request finished: GET (stylesheet) 200 https://cdn.jsdelivr.net/chartist.js/latest/chartist.min.css","meta":{"rootId":"2ybogzxxgg3v462","id":"2ybogzxxgg3v462"},"id":"881lrg8tavjb52d","previousOperationId":"3fxwonvc7vgpcvs"}
{"type":"log","timestamp":1708454467617,"level":"debug","message":"Page request finished: GET (script) 200 https://cdn.jsdelivr.net/chartist.js/latest/chartist.min.js","meta":{"rootId":"2ybogzxxgg3v462","id":"2ybogzxxgg3v462"},"id":"0e57ggw265rg33a","previousOperationId":"3fxwonvc7vgpcvs"}
{"type":"log","timestamp":1708454467618,"level":"debug","message":"Page request finished: GET (script) 200 https://code.jquery.com/jquery-3.6.0.min.js","meta":{"rootId":"2ybogzxxgg3v462","id":"2ybogzxxgg3v462"},"id":"yyux5v65lrnqtyz","previousOperationId":"3fxwonvc7vgpcvs"}
{"type":"log","timestamp":1708454467625,"level":"debug","message":"Page request finished: GET (script) 200 https://cdn.jsdelivr.net/npm/chart.js","meta":{"rootId":"2ybogzxxgg3v462","id":"2ybogzxxgg3v462"},"id":"tqgha13azn052g5","previousOperationId":"3fxwonvc7vgpcvs"}
{"type":"log","timestamp":1708454467668,"level":"debug","message":"Running chrome with params {\"printBackground\":true,\"timeout\":59940,\"margin\":{}}","meta":{"rootId":"2ybogzxxgg3v462","id":"2ybogzxxgg3v462"},"id":"r19u3cbvn6apa40","previousOperationId":"3fxwonvc7vgpcvs"}
{"type":"operationEnd","operationId":"3fxwonvc7vgpcvs","timestamp":1708454467704,"id":"p2tj040b9imakav","previousEventId":"h03b0dx17rtt705","previousOperationId":"3fxwonvc7vgpcvs"}
{"type":"log","timestamp":1708454467704,"level":"debug","message":"Skipping storing report.","meta":{"rootId":"2ybogzxxgg3v462","id":"2ybogzxxgg3v462"},"id":"ujwvqq1esohxm42","previousOperationId":"3fxwonvc7vgpcvs"}
{"type":"log","timestamp":1708454467704,"level":"info","message":"Rendering request 8 finished in 200 ms","meta":{"rootId":"2ybogzxxgg3v462","id":"2ybogzxxgg3v462"},"id":"sw9nj073um6s3rk","previousOperationId":"3fxwonvc7vgpcvs"}
{"type":"operationEnd","subtype":"render","operationId":"ypsiqwma2inejt5","timestamp":1708454467704,"id":"0h382seri54b4h6","previousEventId":"p2tj040b9imakav","previousOperationId":"3fxwonvc7vgpcvs"}
{"type":"operationEnd","doDiffs":false,"previousEventId":"g0xmdo7jzdqpng2","previousOperationId":"f155z0kwiafnyr0","operationId":"f155z0kwiafnyr0","timestamp":1708454467707,"id":"sze7y4sm4bvo048"}
