{"type":"operationStart","subtype":"profile","data":{"_id":"2p3BHR1OHzGIaziw","timestamp":"2024-02-20T18:26:00.284Z","state":"queued","mode":"standard","creationDate":"2024-02-20T18:26:00.285Z","modificationDate":"2024-02-20T18:26:00.285Z","shortid":"3i4_FJt","$entitySet":"profiles"},"doDiffs":false,"timestamp":1708453560285,"id":"d0q9yl2eoiebl6d","previousOperationId":null,"operationId":"4xpbls6h7yogc8i"}
{"type":"log","level":"info","message":"Render request 25 queued for execution and waiting for available worker","previousOperationId":"4xpbls6h7yogc8i","timestamp":1708453560285,"id":"gkbcsfzhr8gupxy"}
{"type":"operationStart","subtype":"render","name":"TemplateList","previousOperationId":"4xpbls6h7yogc8i","timestamp":1708453560290,"id":"tzq3pv5z5bz6u9i","previousEventId":"d0q9yl2eoiebl6d","operationId":"klc299fkkarcuqg"}
{"type":"log","timestamp":1708453560290,"level":"info","message":"Starting rendering request 25","meta":{"rootId":"378j6b6zgxsunqu","id":"378j6b6zgxsunqu"},"id":"gdvw5r432q452iq","previousOperationId":"klc299fkkarcuqg"}
{"type":"log","timestamp":1708453560290,"level":"info","message":"Rendering template { name: TemplateList, recipe: chrome-pdf, engine: handlebars, preview: true }","meta":{"rootId":"378j6b6zgxsunqu","id":"378j6b6zgxsunqu"},"id":"3dz6ud1g974mz3k","previousOperationId":"klc299fkkarcuqg"}
{"type":"log","timestamp":1708453560290,"level":"debug","message":"Data item not defined for this template.","meta":{"rootId":"378j6b6zgxsunqu","id":"378j6b6zgxsunqu"},"id":"b4ga6kuc42azs8j","previousOperationId":"klc299fkkarcuqg"}
{"type":"log","timestamp":1708453560292,"level":"debug","message":"Executing script list-data (beforeRender)","meta":{"rootId":"378j6b6zgxsunqu","id":"378j6b6zgxsunqu"},"id":"dgy2appz9jj2r1d","previousOperationId":"klc299fkkarcuqg"}
{"type":"operationStart","subtype":"scriptsBeforeRender","name":"scripts beforeRender","timestamp":1708453560296,"id":"04w8h8zb7ib5qr5","previousEventId":"tzq3pv5z5bz6u9i","operationId":"m2hwlrhcug46hqf","previousOperationId":"klc299fkkarcuqg"}
{"type":"operationStart","subtype":"script","name":"scripts list-data","previousOperationId":"m2hwlrhcug46hqf","timestamp":1708453560296,"id":"9bjs0p63857jko4","previousEventId":"04w8h8zb7ib5qr5","operationId":"ctx7z76osm2u789"}
{"type":"log","timestamp":1708453560319,"level":"debug","message":"(console:log) [\n  {\n    list_description: {\n      id: 1,\n      list_name: 'charcuteria',\n      list_current_number: 0,\n      list_limit_number: 0\n    },\n    list_image: {\n      url: 'http://localhost:4000/rails/active_storage/blobs/redirect/eyJfcmFpbHMiOnsiZGF0YSI6MiwicHVyIjoiYmxvYl9pZCJ9fQ==--ee6d56bf52163135b48a4ba2c22b11a93e94d3b3/charcuteria.png'\n    }\n  },\n  {\n    list_description: {\n      id: 2,\n      list_name: 'sarshisha',\n      list_current_number: 0,\n      list_limit_number: 0\n    },\n    list_image: {\n      url: 'http://localhost:4000/rails/active_storage/blobs/redirect/eyJfcmFpbHMiOnsiZGF0YSI6MywicHVyIjoiYmxvYl9pZCJ9fQ==--07183cfade35ce6ffe715f60749642919ec61f5d/charcuteria.png'\n    }\n  },\n  {\n    list_description: {\n      id: 3,\n      list_name: 'stjsjshtshn',\n      list_current_number: 0,\n      list_limit_number: 0\n    },\n    list_image: {\n      url: 'http://localhost:4000/rails/active_storage/blobs/redirect/eyJfcmFpbHMiOnsiZGF0YSI6NCwicHVyIjoiYmxvYl9pZCJ9fQ==--023aae65cb60b3f6c6d73a9c76e14c0b0df6ad86/dibujoadrian.jpg'\n    }\n  }\n]","meta":{"userLevel":true,"rootId":"378j6b6zgxsunqu","id":"378j6b6zgxsunqu"},"id":"iegohq2omnpogz2","previousOperationId":"ctx7z76osm2u789"}
{"type":"log","timestamp":1708453560327,"level":"debug","message":"(console:log) [\n  {\n    id: 1,\n    nickname: 'a',\n    is_admin: true,\n    suscriptor: null,\n    created_at: '2024-02-20T16:45:37.609Z',\n    updated_at: '2024-02-20T16:45:37.729Z',\n    email: 'a@a.a',\n    jti: '6a2b57ca-af4b-47a0-8285-477cffafa34b'\n  }\n]","meta":{"userLevel":true,"rootId":"378j6b6zgxsunqu","id":"378j6b6zgxsunqu"},"id":"uiv7hciikwg6sa9","previousOperationId":"ctx7z76osm2u789"}
{"type":"operationEnd","operationId":"ctx7z76osm2u789","timestamp":1708453560327,"id":"gs35bov173nsbsb","previousEventId":"tzq3pv5z5bz6u9i","previousOperationId":"klc299fkkarcuqg"}
{"type":"operationEnd","operationId":"m2hwlrhcug46hqf","timestamp":1708453560327,"id":"o7tf8v8jm80pr1e","previousEventId":"gs35bov173nsbsb","previousOperationId":"klc299fkkarcuqg"}
{"type":"log","timestamp":1708453560327,"level":"debug","message":"Base url not specified, skipping its injection.","meta":{"rootId":"378j6b6zgxsunqu","id":"378j6b6zgxsunqu"},"id":"n0vzy57ag3ewkg1","previousOperationId":"m2hwlrhcug46hqf"}
{"type":"operationStart","subtype":"engine","name":"handlebars","timestamp":1708453560327,"id":"7irdxvqefoybybv","previousEventId":"o7tf8v8jm80pr1e","operationId":"ry7b8afcskidiox","previousOperationId":"m2hwlrhcug46hqf"}
{"type":"log","timestamp":1708453560327,"level":"debug","message":"Rendering engine handlebars","meta":{"rootId":"378j6b6zgxsunqu","id":"378j6b6zgxsunqu"},"id":"sawo093iwanre69","previousOperationId":"ry7b8afcskidiox"}
{"type":"operationEnd","operationId":"ry7b8afcskidiox","timestamp":1708453560341,"id":"csef99lzyojwpj8","previousEventId":"7irdxvqefoybybv","previousOperationId":"ry7b8afcskidiox"}
{"type":"operationStart","subtype":"recipe","name":"chrome-pdf","timestamp":1708453560341,"id":"c79bd45or083mww","previousEventId":"csef99lzyojwpj8","operationId":"jtepdyx9gc4vqr6","previousOperationId":"ry7b8afcskidiox"}
{"type":"log","timestamp":1708453560341,"level":"debug","message":"Executing recipe chrome-pdf","meta":{"rootId":"378j6b6zgxsunqu","id":"378j6b6zgxsunqu"},"id":"gs01yd6tf9l7ls6","previousOperationId":"jtepdyx9gc4vqr6"}
{"type":"log","timestamp":1708453560343,"level":"debug","message":"Converting with chrome HeadlessChrome/117.0.5938.149 using chrome-pool strategy","meta":{"rootId":"378j6b6zgxsunqu","id":"378j6b6zgxsunqu"},"id":"741xcu79g0nlajy","previousOperationId":"jtepdyx9gc4vqr6"}
{"type":"log","timestamp":1708453560382,"level":"debug","message":"Page request: GET (document) file:///tmp/jsreport/autocleanup/1978c051-7fa8-46c7-a227-5896d1ed5455-chrome-pdf.html","meta":{"rootId":"378j6b6zgxsunqu","id":"378j6b6zgxsunqu"},"id":"e8ynzmulgzkyhow","previousOperationId":"jtepdyx9gc4vqr6"}
{"type":"log","timestamp":1708453560391,"level":"debug","message":"Page request: GET (stylesheet) https://cdn.jsdelivr.net/chartist.js/latest/chartist.min.css","meta":{"rootId":"378j6b6zgxsunqu","id":"378j6b6zgxsunqu"},"id":"k76smhsrvfw7ih0","previousOperationId":"jtepdyx9gc4vqr6"}
{"type":"log","timestamp":1708453560391,"level":"debug","message":"Page request: GET (script) https://cdn.jsdelivr.net/chartist.js/latest/chartist.min.js","meta":{"rootId":"378j6b6zgxsunqu","id":"378j6b6zgxsunqu"},"id":"ynskrp2r4gw2d9t","previousOperationId":"jtepdyx9gc4vqr6"}
{"type":"log","timestamp":1708453560391,"level":"debug","message":"Page request: GET (script) https://code.jquery.com/jquery-3.6.0.min.js","meta":{"rootId":"378j6b6zgxsunqu","id":"378j6b6zgxsunqu"},"id":"7nbcop212rfwuxz","previousOperationId":"jtepdyx9gc4vqr6"}
{"type":"log","timestamp":1708453560391,"level":"debug","message":"Page request: GET (script) https://cdn.jsdelivr.net/npm/chart.js","meta":{"rootId":"378j6b6zgxsunqu","id":"378j6b6zgxsunqu"},"id":"r1kfzlq7ocnfa2q","previousOperationId":"jtepdyx9gc4vqr6"}
{"type":"log","timestamp":1708453560392,"level":"debug","message":"Page request finished: GET (document) 200 file:///tmp/jsreport/autocleanup/1978c051-7fa8-46c7-a227-5896d1ed5455-chrome-pdf.html","meta":{"rootId":"378j6b6zgxsunqu","id":"378j6b6zgxsunqu"},"id":"rsyh1uien5dma5z","previousOperationId":"jtepdyx9gc4vqr6"}
{"type":"log","timestamp":1708453560393,"level":"debug","message":"Page request finished: GET (stylesheet) 200 https://cdn.jsdelivr.net/chartist.js/latest/chartist.min.css","meta":{"rootId":"378j6b6zgxsunqu","id":"378j6b6zgxsunqu"},"id":"hcmc76tniwh0yuy","previousOperationId":"jtepdyx9gc4vqr6"}
{"type":"log","timestamp":1708453560395,"level":"debug","message":"Page request finished: GET (script) 200 https://cdn.jsdelivr.net/chartist.js/latest/chartist.min.js","meta":{"rootId":"378j6b6zgxsunqu","id":"378j6b6zgxsunqu"},"id":"914gqbcn2kdpxt2","previousOperationId":"jtepdyx9gc4vqr6"}
{"type":"log","timestamp":1708453560398,"level":"debug","message":"Page request finished: GET (script) 200 https://code.jquery.com/jquery-3.6.0.min.js","meta":{"rootId":"378j6b6zgxsunqu","id":"378j6b6zgxsunqu"},"id":"mz0qoysfvbj36ic","previousOperationId":"jtepdyx9gc4vqr6"}
{"type":"log","timestamp":1708453560405,"level":"debug","message":"Page request finished: GET (script) 200 https://cdn.jsdelivr.net/npm/chart.js","meta":{"rootId":"378j6b6zgxsunqu","id":"378j6b6zgxsunqu"},"id":"bpmua3rmhyzl6f6","previousOperationId":"jtepdyx9gc4vqr6"}
{"type":"log","timestamp":1708453560411,"level":"warn","message":"Page error: Unexpected identifier 'Object' , stack: SyntaxError: Unexpected identifier 'Object'","meta":{"rootId":"378j6b6zgxsunqu","id":"378j6b6zgxsunqu"},"id":"72zpv45ydf71nt5","previousOperationId":"jtepdyx9gc4vqr6"}
{"type":"log","timestamp":1708453560453,"level":"debug","message":"Running chrome with params {\"printBackground\":true,\"timeout\":59942,\"margin\":{}}","meta":{"rootId":"378j6b6zgxsunqu","id":"378j6b6zgxsunqu"},"id":"5cywi25bkgo4p85","previousOperationId":"jtepdyx9gc4vqr6"}
{"type":"operationEnd","operationId":"jtepdyx9gc4vqr6","timestamp":1708453560491,"id":"8b0ssruroevd02a","previousEventId":"c79bd45or083mww","previousOperationId":"jtepdyx9gc4vqr6"}
{"type":"log","timestamp":1708453560491,"level":"debug","message":"Skipping storing report.","meta":{"rootId":"378j6b6zgxsunqu","id":"378j6b6zgxsunqu"},"id":"vjn2z2ssqzgzh60","previousOperationId":"jtepdyx9gc4vqr6"}
{"type":"log","timestamp":1708453560492,"level":"info","message":"Rendering request 25 finished in 208 ms","meta":{"rootId":"378j6b6zgxsunqu","id":"378j6b6zgxsunqu"},"id":"s8qrxs5rvvxpqcy","previousOperationId":"jtepdyx9gc4vqr6"}
{"type":"operationEnd","subtype":"render","operationId":"klc299fkkarcuqg","timestamp":1708453560492,"id":"wlqm18ghx6c8e89","previousEventId":"8b0ssruroevd02a","previousOperationId":"jtepdyx9gc4vqr6"}
{"type":"operationEnd","doDiffs":false,"previousEventId":"d0q9yl2eoiebl6d","previousOperationId":"4xpbls6h7yogc8i","operationId":"4xpbls6h7yogc8i","timestamp":1708453560495,"id":"3cu11oy7n163f1x"}
