{"type":"operationStart","subtype":"profile","data":{"_id":"RMzM5b3DppbjMIBO","timestamp":"2024-02-21T15:17:47.183Z","state":"queued","mode":"standard","creationDate":"2024-02-21T15:17:47.184Z","modificationDate":"2024-02-21T15:17:47.184Z","shortid":"WZyvfJH","$entitySet":"profiles"},"doDiffs":false,"timestamp":1708528667184,"id":"8w9y7c9ejwz92oy","previousOperationId":null,"operationId":"dunowm7fhoge2h1"}
{"type":"log","level":"info","message":"Render request 4 queued for execution and waiting for available worker","previousOperationId":"dunowm7fhoge2h1","timestamp":1708528667184,"id":"sasqljhrvglg28z"}
{"type":"operationStart","subtype":"render","name":"TemplateList","previousOperationId":"dunowm7fhoge2h1","timestamp":1708528667188,"id":"ystglewwyzoltjn","previousEventId":"8w9y7c9ejwz92oy","operationId":"guwxti699xfgmgc"}
{"type":"log","timestamp":1708528667188,"level":"info","message":"Starting rendering request 4","meta":{"rootId":"3m96ad908x66lw0","id":"3m96ad908x66lw0"},"id":"l5b5yz2as4y2hvc","previousOperationId":"guwxti699xfgmgc"}
{"type":"log","timestamp":1708528667188,"level":"info","message":"Rendering template { name: TemplateList, recipe: chrome-pdf, engine: handlebars, preview: false }","meta":{"rootId":"3m96ad908x66lw0","id":"3m96ad908x66lw0"},"id":"hw8adzkuoyg4pus","previousOperationId":"guwxti699xfgmgc"}
{"type":"log","timestamp":1708528667188,"level":"debug","message":"Data item not defined for this template.","meta":{"rootId":"3m96ad908x66lw0","id":"3m96ad908x66lw0"},"id":"fsncldjiqhklasz","previousOperationId":"guwxti699xfgmgc"}
{"type":"log","timestamp":1708528667189,"level":"debug","message":"Executing script list-data (beforeRender)","meta":{"rootId":"3m96ad908x66lw0","id":"3m96ad908x66lw0"},"id":"u6fwa383ilob0kx","previousOperationId":"guwxti699xfgmgc"}
{"type":"operationStart","subtype":"scriptsBeforeRender","name":"scripts beforeRender","timestamp":1708528667192,"id":"8979w70pkbl3sn1","previousEventId":"ystglewwyzoltjn","operationId":"jk6kapw7fn24ylp","previousOperationId":"guwxti699xfgmgc"}
{"type":"operationStart","subtype":"script","name":"scripts list-data","previousOperationId":"jk6kapw7fn24ylp","timestamp":1708528667192,"id":"nlwppfpr44delkj","previousEventId":"8979w70pkbl3sn1","operationId":"j1rc67klldwpc4w"}
{"type":"log","timestamp":1708528667200,"level":"debug","message":"(console:log) [\n  {\n    list_description: {\n      id: 2,\n      list_name: 'a',\n      list_current_number: 0,\n      list_limit_number: 0\n    },\n    list_image: null\n  }\n]","meta":{"userLevel":true,"rootId":"3m96ad908x66lw0","id":"3m96ad908x66lw0"},"id":"m9ja5khbj7ty1xv","previousOperationId":"j1rc67klldwpc4w"}
{"type":"log","timestamp":1708528667207,"level":"debug","message":"(console:log) [\n  {\n    id: 1,\n    nickname: 'a',\n    is_admin: true,\n    suscriptor: null,\n    created_at: '2024-02-21T15:10:53.705Z',\n    updated_at: '2024-02-21T15:10:53.705Z',\n    email: 'aa@aa',\n    jti: '19ae21bd-9ffc-485b-939b-487af72659c6'\n  }\n]","meta":{"userLevel":true,"rootId":"3m96ad908x66lw0","id":"3m96ad908x66lw0"},"id":"enpup9dlounwkf8","previousOperationId":"j1rc67klldwpc4w"}
{"type":"operationEnd","operationId":"j1rc67klldwpc4w","timestamp":1708528667207,"id":"rkut11iesax78qy","previousEventId":"ystglewwyzoltjn","previousOperationId":"guwxti699xfgmgc"}
{"type":"operationEnd","operationId":"jk6kapw7fn24ylp","timestamp":1708528667207,"id":"im93f7941e733zc","previousEventId":"rkut11iesax78qy","previousOperationId":"guwxti699xfgmgc"}
{"type":"log","timestamp":1708528667207,"level":"debug","message":"Base url not specified, skipping its injection.","meta":{"rootId":"3m96ad908x66lw0","id":"3m96ad908x66lw0"},"id":"7erbyh2vvbsnmmk","previousOperationId":"jk6kapw7fn24ylp"}
{"type":"operationStart","subtype":"engine","name":"handlebars","timestamp":1708528667208,"id":"x3z3owl6pdgouz8","previousEventId":"im93f7941e733zc","operationId":"2ucyzddeq7rxejt","previousOperationId":"jk6kapw7fn24ylp"}
{"type":"log","timestamp":1708528667208,"level":"debug","message":"Rendering engine handlebars","meta":{"rootId":"3m96ad908x66lw0","id":"3m96ad908x66lw0"},"id":"4a73ouu72rsqi6x","previousOperationId":"2ucyzddeq7rxejt"}
{"type":"operationEnd","operationId":"2ucyzddeq7rxejt","timestamp":1708528667213,"id":"xvv2ayl6udhvnyr","previousEventId":"x3z3owl6pdgouz8","previousOperationId":"2ucyzddeq7rxejt"}
{"type":"operationStart","subtype":"recipe","name":"chrome-pdf","timestamp":1708528667213,"id":"e1hh1n7e3fwr2gi","previousEventId":"xvv2ayl6udhvnyr","operationId":"uyf0utjdodpzgv6","previousOperationId":"2ucyzddeq7rxejt"}
{"type":"log","timestamp":1708528667213,"level":"debug","message":"Executing recipe chrome-pdf","meta":{"rootId":"3m96ad908x66lw0","id":"3m96ad908x66lw0"},"id":"35n7mw3ltzeo4lf","previousOperationId":"uyf0utjdodpzgv6"}
{"type":"log","timestamp":1708528667214,"level":"debug","message":"Converting with chrome HeadlessChrome/117.0.5938.149 using chrome-pool strategy","meta":{"rootId":"3m96ad908x66lw0","id":"3m96ad908x66lw0"},"id":"4d8ufq26g25pivu","previousOperationId":"uyf0utjdodpzgv6"}
{"type":"log","timestamp":1708528667235,"level":"debug","message":"Page request: GET (document) file:///tmp/jsreport/autocleanup/6c8cf2fe-4d1b-4ea5-9874-54b4cf1542d8-chrome-pdf.html","meta":{"rootId":"3m96ad908x66lw0","id":"3m96ad908x66lw0"},"id":"0umx13r97e2ds5f","previousOperationId":"uyf0utjdodpzgv6"}
{"type":"log","timestamp":1708528667240,"level":"debug","message":"Page request: GET (stylesheet) https://cdn.jsdelivr.net/chartist.js/latest/chartist.min.css","meta":{"rootId":"3m96ad908x66lw0","id":"3m96ad908x66lw0"},"id":"2yysgtq4n9pwh1w","previousOperationId":"uyf0utjdodpzgv6"}
{"type":"log","timestamp":1708528667241,"level":"debug","message":"Page request: GET (script) https://cdn.jsdelivr.net/chartist.js/latest/chartist.min.js","meta":{"rootId":"3m96ad908x66lw0","id":"3m96ad908x66lw0"},"id":"37qbv9i3digax6r","previousOperationId":"uyf0utjdodpzgv6"}
{"type":"log","timestamp":1708528667241,"level":"debug","message":"Page request finished: GET (document) 200 file:///tmp/jsreport/autocleanup/6c8cf2fe-4d1b-4ea5-9874-54b4cf1542d8-chrome-pdf.html","meta":{"rootId":"3m96ad908x66lw0","id":"3m96ad908x66lw0"},"id":"cv5syi6mvjl6460","previousOperationId":"uyf0utjdodpzgv6"}
{"type":"log","timestamp":1708528667242,"level":"debug","message":"Page request finished: GET (stylesheet) 200 https://cdn.jsdelivr.net/chartist.js/latest/chartist.min.css","meta":{"rootId":"3m96ad908x66lw0","id":"3m96ad908x66lw0"},"id":"dlkqoggz19kgr6i","previousOperationId":"uyf0utjdodpzgv6"}
{"type":"log","timestamp":1708528667243,"level":"debug","message":"Page request finished: GET (script) 200 https://cdn.jsdelivr.net/chartist.js/latest/chartist.min.js","meta":{"rootId":"3m96ad908x66lw0","id":"3m96ad908x66lw0"},"id":"evs7rwb4v5jjy0i","previousOperationId":"uyf0utjdodpzgv6"}
{"type":"log","timestamp":1708528667251,"level":"debug","message":"Running chrome with params {\"printBackground\":true,\"timeout\":59969,\"margin\":{}}","meta":{"rootId":"3m96ad908x66lw0","id":"3m96ad908x66lw0"},"id":"ojzmil56qofo0ty","previousOperationId":"uyf0utjdodpzgv6"}
{"type":"operationEnd","operationId":"uyf0utjdodpzgv6","timestamp":1708528667259,"id":"4nj4z9t110bqctb","previousEventId":"e1hh1n7e3fwr2gi","previousOperationId":"uyf0utjdodpzgv6"}
{"type":"log","timestamp":1708528667259,"level":"debug","message":"Skipping storing report.","meta":{"rootId":"3m96ad908x66lw0","id":"3m96ad908x66lw0"},"id":"j8s9i7kidegd732","previousOperationId":"uyf0utjdodpzgv6"}
{"type":"log","timestamp":1708528667259,"level":"info","message":"Rendering request 4 finished in 76 ms","meta":{"rootId":"3m96ad908x66lw0","id":"3m96ad908x66lw0"},"id":"oxqwkwj1plfu7rl","previousOperationId":"uyf0utjdodpzgv6"}
{"type":"operationEnd","subtype":"render","operationId":"guwxti699xfgmgc","timestamp":1708528667259,"id":"3h2bleggnnyrmmb","previousEventId":"4nj4z9t110bqctb","previousOperationId":"uyf0utjdodpzgv6"}
{"type":"operationEnd","doDiffs":false,"previousEventId":"8w9y7c9ejwz92oy","previousOperationId":"dunowm7fhoge2h1","operationId":"dunowm7fhoge2h1","timestamp":1708528667261,"id":"f1fa8duk4wguqcj"}
