{"type":"operationStart","subtype":"profile","data":{"_id":"XJLk3X5bti8jqrS2","timestamp":"2024-02-20T19:16:27.944Z","state":"queued","mode":"standard","creationDate":"2024-02-20T19:16:27.945Z","modificationDate":"2024-02-20T19:16:27.945Z","shortid":"1iYBNu1","$entitySet":"profiles"},"doDiffs":false,"timestamp":1708456587945,"id":"p4cdiin5t4glo9j","previousOperationId":null,"operationId":"z1qv7742ewf2hu3"}
{"type":"log","level":"info","message":"Render request 62 queued for execution and waiting for available worker","previousOperationId":"z1qv7742ewf2hu3","timestamp":1708456587945,"id":"50nxy15v6u3z832"}
{"type":"operationStart","subtype":"render","name":"TemplateList","previousOperationId":"z1qv7742ewf2hu3","timestamp":1708456587949,"id":"e8bwh850djax8ol","previousEventId":"p4cdiin5t4glo9j","operationId":"kjwzeyy9y3e5c8n"}
{"type":"log","timestamp":1708456587949,"level":"info","message":"Starting rendering request 62","meta":{"rootId":"3w95jsmta45z5j4","id":"3w95jsmta45z5j4"},"id":"xrzw4rps4m2ouwa","previousOperationId":"kjwzeyy9y3e5c8n"}
{"type":"log","timestamp":1708456587949,"level":"info","message":"Rendering template { name: TemplateList, recipe: chrome-pdf, engine: handlebars, preview: true }","meta":{"rootId":"3w95jsmta45z5j4","id":"3w95jsmta45z5j4"},"id":"ty6wdxx2sbbzfv9","previousOperationId":"kjwzeyy9y3e5c8n"}
{"type":"log","timestamp":1708456587949,"level":"debug","message":"Data item not defined for this template.","meta":{"rootId":"3w95jsmta45z5j4","id":"3w95jsmta45z5j4"},"id":"4lxhaw016rno9c9","previousOperationId":"kjwzeyy9y3e5c8n"}
{"type":"log","timestamp":1708456587951,"level":"debug","message":"Executing script list-data (beforeRender)","meta":{"rootId":"3w95jsmta45z5j4","id":"3w95jsmta45z5j4"},"id":"q785a65ay4m1vjs","previousOperationId":"kjwzeyy9y3e5c8n"}
{"type":"operationStart","subtype":"scriptsBeforeRender","name":"scripts beforeRender","timestamp":1708456587955,"id":"5lsfl9dpzlnezi9","previousEventId":"e8bwh850djax8ol","operationId":"y4nt4v7q59sa8as","previousOperationId":"kjwzeyy9y3e5c8n"}
{"type":"operationStart","subtype":"script","name":"scripts list-data","previousOperationId":"y4nt4v7q59sa8as","timestamp":1708456587955,"id":"8ouotn1qrmp1dop","previousEventId":"5lsfl9dpzlnezi9","operationId":"ekyadz4ffo3786q"}
{"type":"log","timestamp":1708456587973,"level":"debug","message":"(console:log) [\n  {\n    list_description: {\n      id: 2,\n      list_name: 'sarshisha',\n      list_current_number: 13,\n      list_limit_number: 0\n    },\n    list_image: {\n      url: 'http://localhost:4000/rails/active_storage/blobs/redirect/eyJfcmFpbHMiOnsiZGF0YSI6MywicHVyIjoiYmxvYl9pZCJ9fQ==--07183cfade35ce6ffe715f60749642919ec61f5d/charcuteria.png'\n    }\n  },\n  {\n    list_description: {\n      id: 3,\n      list_name: 'stjsjshtshn',\n      list_current_number: 4,\n      list_limit_number: 0\n    },\n    list_image: {\n      url: 'http://localhost:4000/rails/active_storage/blobs/redirect/eyJfcmFpbHMiOnsiZGF0YSI6NCwicHVyIjoiYmxvYl9pZCJ9fQ==--023aae65cb60b3f6c6d73a9c76e14c0b0df6ad86/dibujoadrian.jpg'\n    }\n  },\n  {\n    list_description: {\n      id: 1,\n      list_name: 'charcuteria',\n      list_current_number: 1,\n      list_limit_number: 0\n    },\n    list_image: {\n      url: 'http://localhost:4000/rails/active_storage/blobs/redirect/eyJfcmFpbHMiOnsiZGF0YSI6MiwicHVyIjoiYmxvYl9pZCJ9fQ==--ee6d56bf52163135b48a4ba2c22b11a93e94d3b3/charcuteria.png'\n    }\n  }\n]","meta":{"userLevel":true,"rootId":"3w95jsmta45z5j4","id":"3w95jsmta45z5j4"},"id":"0fcvyu1a4ngnfs5","previousOperationId":"ekyadz4ffo3786q"}
{"type":"log","timestamp":1708456587986,"level":"debug","message":"(console:log) [\n  {\n    id: 1,\n    nickname: 'a',\n    is_admin: true,\n    suscriptor: null,\n    created_at: '2024-02-20T16:45:37.609Z',\n    updated_at: '2024-02-20T16:45:37.729Z',\n    email: 'a@a.a',\n    jti: '6a2b57ca-af4b-47a0-8285-477cffafa34b'\n  }\n]","meta":{"userLevel":true,"rootId":"3w95jsmta45z5j4","id":"3w95jsmta45z5j4"},"id":"97emdaevgi408k1","previousOperationId":"ekyadz4ffo3786q"}
{"type":"operationEnd","operationId":"ekyadz4ffo3786q","timestamp":1708456587986,"id":"ptfnqe2vtgx19k2","previousEventId":"e8bwh850djax8ol","previousOperationId":"kjwzeyy9y3e5c8n"}
{"type":"operationEnd","operationId":"y4nt4v7q59sa8as","timestamp":1708456587986,"id":"izy2n6m539a0rvl","previousEventId":"ptfnqe2vtgx19k2","previousOperationId":"kjwzeyy9y3e5c8n"}
{"type":"log","timestamp":1708456587992,"level":"debug","message":"Base url not specified, skipping its injection.","meta":{"rootId":"3w95jsmta45z5j4","id":"3w95jsmta45z5j4"},"id":"rlhaqq67vfors1y","previousOperationId":"y4nt4v7q59sa8as"}
{"type":"operationStart","subtype":"engine","name":"handlebars","timestamp":1708456587992,"id":"sw6p5kci69071xn","previousEventId":"izy2n6m539a0rvl","operationId":"z9udvo3wjebcke3","previousOperationId":"y4nt4v7q59sa8as"}
{"type":"log","timestamp":1708456587992,"level":"debug","message":"Rendering engine handlebars","meta":{"rootId":"3w95jsmta45z5j4","id":"3w95jsmta45z5j4"},"id":"ewnsd8lkmwzoz1x","previousOperationId":"z9udvo3wjebcke3"}
{"type":"operationEnd","operationId":"z9udvo3wjebcke3","timestamp":1708456588010,"id":"qf32nm0qkw6dnqp","previousEventId":"sw6p5kci69071xn","previousOperationId":"z9udvo3wjebcke3"}
{"type":"operationStart","subtype":"recipe","name":"chrome-pdf","timestamp":1708456588010,"id":"jsukiulqi67co0t","previousEventId":"qf32nm0qkw6dnqp","operationId":"p8r2tkl5p3425ve","previousOperationId":"z9udvo3wjebcke3"}
{"type":"log","timestamp":1708456588010,"level":"debug","message":"Executing recipe chrome-pdf","meta":{"rootId":"3w95jsmta45z5j4","id":"3w95jsmta45z5j4"},"id":"r7bkfhw5fdyllai","previousOperationId":"p8r2tkl5p3425ve"}
{"type":"log","timestamp":1708456588012,"level":"debug","message":"Converting with chrome HeadlessChrome/117.0.5938.149 using chrome-pool strategy","meta":{"rootId":"3w95jsmta45z5j4","id":"3w95jsmta45z5j4"},"id":"7pnywlb5pew1nxg","previousOperationId":"p8r2tkl5p3425ve"}
{"type":"log","timestamp":1708456588049,"level":"debug","message":"Page request: GET (document) file:///tmp/jsreport/autocleanup/720fb5c6-8e9d-4479-955a-a36181f4b0c0-chrome-pdf.html","meta":{"rootId":"3w95jsmta45z5j4","id":"3w95jsmta45z5j4"},"id":"cfzpd7oj1206pnl","previousOperationId":"p8r2tkl5p3425ve"}
{"type":"log","timestamp":1708456588056,"level":"debug","message":"Page request: GET (stylesheet) https://cdn.jsdelivr.net/chartist.js/latest/chartist.min.css","meta":{"rootId":"3w95jsmta45z5j4","id":"3w95jsmta45z5j4"},"id":"9xurhl8n1o86swu","previousOperationId":"p8r2tkl5p3425ve"}
{"type":"log","timestamp":1708456588056,"level":"debug","message":"Page request: GET (script) https://cdn.jsdelivr.net/chartist.js/latest/chartist.min.js","meta":{"rootId":"3w95jsmta45z5j4","id":"3w95jsmta45z5j4"},"id":"jw2zsg2kvtwz4tz","previousOperationId":"p8r2tkl5p3425ve"}
{"type":"log","timestamp":1708456588056,"level":"debug","message":"Page request finished: GET (document) 200 file:///tmp/jsreport/autocleanup/720fb5c6-8e9d-4479-955a-a36181f4b0c0-chrome-pdf.html","meta":{"rootId":"3w95jsmta45z5j4","id":"3w95jsmta45z5j4"},"id":"b9g0f1yal1xkko4","previousOperationId":"p8r2tkl5p3425ve"}
{"type":"log","timestamp":1708456588059,"level":"debug","message":"Page request finished: GET (stylesheet) 200 https://cdn.jsdelivr.net/chartist.js/latest/chartist.min.css","meta":{"rootId":"3w95jsmta45z5j4","id":"3w95jsmta45z5j4"},"id":"v3r4lix2pagz1va","previousOperationId":"p8r2tkl5p3425ve"}
{"type":"log","timestamp":1708456588061,"level":"debug","message":"Page request finished: GET (script) 200 https://cdn.jsdelivr.net/chartist.js/latest/chartist.min.js","meta":{"rootId":"3w95jsmta45z5j4","id":"3w95jsmta45z5j4"},"id":"wbz4x79tg1ic4iq","previousOperationId":"p8r2tkl5p3425ve"}
{"type":"log","timestamp":1708456588072,"level":"debug","message":"Running chrome with params {\"printBackground\":true,\"timeout\":59933,\"margin\":{}}","meta":{"rootId":"3w95jsmta45z5j4","id":"3w95jsmta45z5j4"},"id":"0q4e54dgdsw6mgt","previousOperationId":"p8r2tkl5p3425ve"}
{"type":"operationEnd","operationId":"p8r2tkl5p3425ve","timestamp":1708456588086,"id":"uzb0zh8woy73f6g","previousEventId":"jsukiulqi67co0t","previousOperationId":"p8r2tkl5p3425ve"}
{"type":"log","timestamp":1708456588086,"level":"debug","message":"Skipping storing report.","meta":{"rootId":"3w95jsmta45z5j4","id":"3w95jsmta45z5j4"},"id":"8re1a4dyd7zzzdj","previousOperationId":"p8r2tkl5p3425ve"}
{"type":"log","timestamp":1708456588086,"level":"info","message":"Rendering request 62 finished in 142 ms","meta":{"rootId":"3w95jsmta45z5j4","id":"3w95jsmta45z5j4"},"id":"mnqxs7sm3ylsrrw","previousOperationId":"p8r2tkl5p3425ve"}
{"type":"operationEnd","subtype":"render","operationId":"kjwzeyy9y3e5c8n","timestamp":1708456588086,"id":"tqzxmfw781jbcuw","previousEventId":"uzb0zh8woy73f6g","previousOperationId":"p8r2tkl5p3425ve"}
{"type":"operationEnd","doDiffs":false,"previousEventId":"p4cdiin5t4glo9j","previousOperationId":"z1qv7742ewf2hu3","operationId":"z1qv7742ewf2hu3","timestamp":1708456588090,"id":"kb1civ6nsu3qwj1"}
