{"type":"operationStart","subtype":"profile","data":{"_id":"BIVDWxywIbZZh1An","timestamp":"2024-02-20T19:14:22.085Z","state":"queued","mode":"standard","creationDate":"2024-02-20T19:14:22.085Z","modificationDate":"2024-02-20T19:14:22.085Z","shortid":"utUyJBw","$entitySet":"profiles"},"doDiffs":false,"timestamp":1708456462085,"id":"35firq8c4l4cnej","previousOperationId":null,"operationId":"ni912do1dk45egs"}
{"type":"log","level":"info","message":"Render request 58 queued for execution and waiting for available worker","previousOperationId":"ni912do1dk45egs","timestamp":1708456462085,"id":"i1bpwxn5c70tyed"}
{"type":"operationStart","subtype":"render","name":"TemplateList","previousOperationId":"ni912do1dk45egs","timestamp":1708456462089,"id":"kykacvtj8796iim","previousEventId":"35firq8c4l4cnej","operationId":"g4iml1oofevyhnt"}
{"type":"log","timestamp":1708456462089,"level":"info","message":"Starting rendering request 58","meta":{"rootId":"40qnuq17hy93my0","id":"40qnuq17hy93my0"},"id":"d56i0mr6dkwb0qp","previousOperationId":"g4iml1oofevyhnt"}
{"type":"log","timestamp":1708456462089,"level":"info","message":"Rendering template { name: TemplateList, recipe: chrome-pdf, engine: handlebars, preview: true }","meta":{"rootId":"40qnuq17hy93my0","id":"40qnuq17hy93my0"},"id":"djb78lguu69v747","previousOperationId":"g4iml1oofevyhnt"}
{"type":"log","timestamp":1708456462090,"level":"debug","message":"Data item not defined for this template.","meta":{"rootId":"40qnuq17hy93my0","id":"40qnuq17hy93my0"},"id":"582db3dwtk6gs65","previousOperationId":"g4iml1oofevyhnt"}
{"type":"log","timestamp":1708456462091,"level":"debug","message":"Executing script list-data (beforeRender)","meta":{"rootId":"40qnuq17hy93my0","id":"40qnuq17hy93my0"},"id":"caovd5b9rggarcr","previousOperationId":"g4iml1oofevyhnt"}
{"type":"operationStart","subtype":"scriptsBeforeRender","name":"scripts beforeRender","timestamp":1708456462096,"id":"nytl8sydnxysfnd","previousEventId":"kykacvtj8796iim","operationId":"ns9a06ltnl6bop4","previousOperationId":"g4iml1oofevyhnt"}
{"type":"operationStart","subtype":"script","name":"scripts list-data","previousOperationId":"ns9a06ltnl6bop4","timestamp":1708456462096,"id":"fatl34vmet2rfbh","previousEventId":"nytl8sydnxysfnd","operationId":"4ru75b81ha1m88n"}
{"type":"log","timestamp":1708456462130,"level":"debug","message":"(console:log) [\n  {\n    list_description: {\n      id: 2,\n      list_name: 'sarshisha',\n      list_current_number: 13,\n      list_limit_number: 0\n    },\n    list_image: {\n      url: 'http://localhost:4000/rails/active_storage/blobs/redirect/eyJfcmFpbHMiOnsiZGF0YSI6MywicHVyIjoiYmxvYl9pZCJ9fQ==--07183cfade35ce6ffe715f60749642919ec61f5d/charcuteria.png'\n    }\n  },\n  {\n    list_description: {\n      id: 3,\n      list_name: 'stjsjshtshn',\n      list_current_number: 4,\n      list_limit_number: 0\n    },\n    list_image: {\n      url: 'http://localhost:4000/rails/active_storage/blobs/redirect/eyJfcmFpbHMiOnsiZGF0YSI6NCwicHVyIjoiYmxvYl9pZCJ9fQ==--023aae65cb60b3f6c6d73a9c76e14c0b0df6ad86/dibujoadrian.jpg'\n    }\n  },\n  {\n    list_description: {\n      id: 1,\n      list_name: 'charcuteria',\n      list_current_number: 1,\n      list_limit_number: 0\n    },\n    list_image: {\n      url: 'http://localhost:4000/rails/active_storage/blobs/redirect/eyJfcmFpbHMiOnsiZGF0YSI6MiwicHVyIjoiYmxvYl9pZCJ9fQ==--ee6d56bf52163135b48a4ba2c22b11a93e94d3b3/charcuteria.png'\n    }\n  }\n]","meta":{"userLevel":true,"rootId":"40qnuq17hy93my0","id":"40qnuq17hy93my0"},"id":"8x4srbk57w1glkq","previousOperationId":"4ru75b81ha1m88n"}
{"type":"log","timestamp":1708456462139,"level":"debug","message":"(console:log) [\n  {\n    id: 1,\n    nickname: 'a',\n    is_admin: true,\n    suscriptor: null,\n    created_at: '2024-02-20T16:45:37.609Z',\n    updated_at: '2024-02-20T16:45:37.729Z',\n    email: 'a@a.a',\n    jti: '6a2b57ca-af4b-47a0-8285-477cffafa34b'\n  }\n]","meta":{"userLevel":true,"rootId":"40qnuq17hy93my0","id":"40qnuq17hy93my0"},"id":"85pg15w86yv3yo5","previousOperationId":"4ru75b81ha1m88n"}
{"type":"operationEnd","operationId":"4ru75b81ha1m88n","timestamp":1708456462139,"id":"1r8z60pnkq3xs2d","previousEventId":"kykacvtj8796iim","previousOperationId":"g4iml1oofevyhnt"}
{"type":"operationEnd","operationId":"ns9a06ltnl6bop4","timestamp":1708456462139,"id":"b1wgx97qvx7ui1h","previousEventId":"1r8z60pnkq3xs2d","previousOperationId":"g4iml1oofevyhnt"}
{"type":"log","timestamp":1708456462139,"level":"debug","message":"Base url not specified, skipping its injection.","meta":{"rootId":"40qnuq17hy93my0","id":"40qnuq17hy93my0"},"id":"sfaxdonehc4a3zw","previousOperationId":"ns9a06ltnl6bop4"}
{"type":"operationStart","subtype":"engine","name":"handlebars","timestamp":1708456462139,"id":"9kt1zzc515tk4ff","previousEventId":"b1wgx97qvx7ui1h","operationId":"3civzvgs69o2225","previousOperationId":"ns9a06ltnl6bop4"}
{"type":"log","timestamp":1708456462139,"level":"debug","message":"Rendering engine handlebars","meta":{"rootId":"40qnuq17hy93my0","id":"40qnuq17hy93my0"},"id":"jqjx0c8jx3oia69","previousOperationId":"3civzvgs69o2225"}
{"type":"operationEnd","operationId":"3civzvgs69o2225","timestamp":1708456462150,"id":"1bikjyjurohyjps","previousEventId":"9kt1zzc515tk4ff","previousOperationId":"3civzvgs69o2225"}
{"type":"operationStart","subtype":"recipe","name":"chrome-pdf","timestamp":1708456462150,"id":"cgcg6jlcyxpf4lo","previousEventId":"1bikjyjurohyjps","operationId":"h0plecr9ahqmdls","previousOperationId":"3civzvgs69o2225"}
{"type":"log","timestamp":1708456462150,"level":"debug","message":"Executing recipe chrome-pdf","meta":{"rootId":"40qnuq17hy93my0","id":"40qnuq17hy93my0"},"id":"z6ulpkuaapy1k0a","previousOperationId":"h0plecr9ahqmdls"}
{"type":"log","timestamp":1708456462153,"level":"debug","message":"Converting with chrome HeadlessChrome/117.0.5938.149 using chrome-pool strategy","meta":{"rootId":"40qnuq17hy93my0","id":"40qnuq17hy93my0"},"id":"hl8iek7ghtnu5cd","previousOperationId":"h0plecr9ahqmdls"}
{"type":"log","timestamp":1708456462184,"level":"debug","message":"Page request: GET (document) file:///tmp/jsreport/autocleanup/b5cf66b5-6cf6-4533-b05c-fa43e28fab65-chrome-pdf.html","meta":{"rootId":"40qnuq17hy93my0","id":"40qnuq17hy93my0"},"id":"csrjm7ts979fwl0","previousOperationId":"h0plecr9ahqmdls"}
{"type":"log","timestamp":1708456462191,"level":"debug","message":"Page request: GET (stylesheet) https://cdn.jsdelivr.net/chartist.js/latest/chartist.min.css","meta":{"rootId":"40qnuq17hy93my0","id":"40qnuq17hy93my0"},"id":"svn7fvb6ioiw1kg","previousOperationId":"h0plecr9ahqmdls"}
{"type":"log","timestamp":1708456462192,"level":"debug","message":"Page request: GET (script) https://cdn.jsdelivr.net/chartist.js/latest/chartist.min.js","meta":{"rootId":"40qnuq17hy93my0","id":"40qnuq17hy93my0"},"id":"gulsweonjzhlw94","previousOperationId":"h0plecr9ahqmdls"}
{"type":"log","timestamp":1708456462192,"level":"debug","message":"Page request finished: GET (document) 200 file:///tmp/jsreport/autocleanup/b5cf66b5-6cf6-4533-b05c-fa43e28fab65-chrome-pdf.html","meta":{"rootId":"40qnuq17hy93my0","id":"40qnuq17hy93my0"},"id":"i2t6u924ylu2dfg","previousOperationId":"h0plecr9ahqmdls"}
{"type":"log","timestamp":1708456462195,"level":"debug","message":"Page request finished: GET (stylesheet) 200 https://cdn.jsdelivr.net/chartist.js/latest/chartist.min.css","meta":{"rootId":"40qnuq17hy93my0","id":"40qnuq17hy93my0"},"id":"f2ly3erqrb1qno5","previousOperationId":"h0plecr9ahqmdls"}
{"type":"log","timestamp":1708456462195,"level":"debug","message":"Page request finished: GET (script) 200 https://cdn.jsdelivr.net/chartist.js/latest/chartist.min.js","meta":{"rootId":"40qnuq17hy93my0","id":"40qnuq17hy93my0"},"id":"3ex3vgfaczslda1","previousOperationId":"h0plecr9ahqmdls"}
{"type":"log","timestamp":1708456462197,"level":"warn","message":"Page error: Chart is not defined , stack: ReferenceError: Chart is not defined\n    at <anonymous> (file:///tmp/jsreport/autocleanup/b5cf66b5-6cf6-4533-b05c-fa43e28fab65-chrome-pdf.html:90:23)","meta":{"rootId":"40qnuq17hy93my0","id":"40qnuq17hy93my0"},"id":"umqm7c2hq11owid","previousOperationId":"h0plecr9ahqmdls"}
{"type":"log","timestamp":1708456462202,"level":"debug","message":"Running chrome with params {\"printBackground\":true,\"timeout\":59934,\"margin\":{}}","meta":{"rootId":"40qnuq17hy93my0","id":"40qnuq17hy93my0"},"id":"1lf07zifcsrfwys","previousOperationId":"h0plecr9ahqmdls"}
{"type":"operationEnd","operationId":"h0plecr9ahqmdls","timestamp":1708456462212,"id":"34qaqamcptt0rl9","previousEventId":"cgcg6jlcyxpf4lo","previousOperationId":"h0plecr9ahqmdls"}
{"type":"log","timestamp":1708456462212,"level":"debug","message":"Skipping storing report.","meta":{"rootId":"40qnuq17hy93my0","id":"40qnuq17hy93my0"},"id":"y9zoo4txr0rfip5","previousOperationId":"h0plecr9ahqmdls"}
{"type":"log","timestamp":1708456462212,"level":"info","message":"Rendering request 58 finished in 127 ms","meta":{"rootId":"40qnuq17hy93my0","id":"40qnuq17hy93my0"},"id":"ib30oba2ir7289v","previousOperationId":"h0plecr9ahqmdls"}
{"type":"operationEnd","subtype":"render","operationId":"g4iml1oofevyhnt","timestamp":1708456462212,"id":"h23umsmymfyzccn","previousEventId":"34qaqamcptt0rl9","previousOperationId":"h0plecr9ahqmdls"}
{"type":"operationEnd","doDiffs":false,"previousEventId":"35firq8c4l4cnej","previousOperationId":"ni912do1dk45egs","operationId":"ni912do1dk45egs","timestamp":1708456462217,"id":"eewskfpx80uzxms"}
