{"type":"operationStart","subtype":"profile","data":{"_id":"OIM1XzHmHeLwdxuR","timestamp":"2024-02-20T19:20:07.175Z","state":"queued","mode":"standard","creationDate":"2024-02-20T19:20:07.175Z","modificationDate":"2024-02-20T19:20:07.175Z","shortid":"3hhp99N","$entitySet":"profiles"},"doDiffs":false,"timestamp":1708456807175,"id":"n1imr48b0762hfv","previousOperationId":null,"operationId":"nh7xbv8j9nqlagr"}
{"type":"log","level":"info","message":"Render request 70 queued for execution and waiting for available worker","previousOperationId":"nh7xbv8j9nqlagr","timestamp":1708456807175,"id":"1i4bmj2dyo638dl"}
{"type":"operationStart","subtype":"render","name":"TemplateList","previousOperationId":"nh7xbv8j9nqlagr","timestamp":1708456807179,"id":"y5id321vuotjzfc","previousEventId":"n1imr48b0762hfv","operationId":"pj7tv2xhr41uz6y"}
{"type":"log","timestamp":1708456807179,"level":"info","message":"Starting rendering request 70","meta":{"rootId":"415ukhn0oefnncz","id":"415ukhn0oefnncz"},"id":"0v4bodqkepjwyml","previousOperationId":"pj7tv2xhr41uz6y"}
{"type":"log","timestamp":1708456807179,"level":"info","message":"Rendering template { name: TemplateList, recipe: chrome-pdf, engine: handlebars, preview: true }","meta":{"rootId":"415ukhn0oefnncz","id":"415ukhn0oefnncz"},"id":"mdea7gpbby6bmne","previousOperationId":"pj7tv2xhr41uz6y"}
{"type":"log","timestamp":1708456807179,"level":"debug","message":"Data item not defined for this template.","meta":{"rootId":"415ukhn0oefnncz","id":"415ukhn0oefnncz"},"id":"fgaa3ufw11i3s3b","previousOperationId":"pj7tv2xhr41uz6y"}
{"type":"log","timestamp":1708456807181,"level":"debug","message":"Executing script list-data (beforeRender)","meta":{"rootId":"415ukhn0oefnncz","id":"415ukhn0oefnncz"},"id":"blzxe7c1uq8yef4","previousOperationId":"pj7tv2xhr41uz6y"}
{"type":"operationStart","subtype":"scriptsBeforeRender","name":"scripts beforeRender","timestamp":1708456807185,"id":"t7vy1i5i2jxcvch","previousEventId":"y5id321vuotjzfc","operationId":"alq60dqyh4htmnb","previousOperationId":"pj7tv2xhr41uz6y"}
{"type":"operationStart","subtype":"script","name":"scripts list-data","previousOperationId":"alq60dqyh4htmnb","timestamp":1708456807185,"id":"q3ikr2xnvd44t8i","previousEventId":"t7vy1i5i2jxcvch","operationId":"74115tmb2wt62cr"}
{"type":"log","timestamp":1708456807203,"level":"debug","message":"(console:log) [\n  {\n    list_description: {\n      id: 2,\n      list_name: 'sarshisha',\n      list_current_number: 13,\n      list_limit_number: 0\n    },\n    list_image: {\n      url: 'http://localhost:4000/rails/active_storage/blobs/redirect/eyJfcmFpbHMiOnsiZGF0YSI6MywicHVyIjoiYmxvYl9pZCJ9fQ==--07183cfade35ce6ffe715f60749642919ec61f5d/charcuteria.png'\n    }\n  },\n  {\n    list_description: {\n      id: 3,\n      list_name: 'stjsjshtshn',\n      list_current_number: 4,\n      list_limit_number: 0\n    },\n    list_image: {\n      url: 'http://localhost:4000/rails/active_storage/blobs/redirect/eyJfcmFpbHMiOnsiZGF0YSI6NCwicHVyIjoiYmxvYl9pZCJ9fQ==--023aae65cb60b3f6c6d73a9c76e14c0b0df6ad86/dibujoadrian.jpg'\n    }\n  },\n  {\n    list_description: {\n      id: 1,\n      list_name: 'charcuteria',\n      list_current_number: 1,\n      list_limit_number: 0\n    },\n    list_image: {\n      url: 'http://localhost:4000/rails/active_storage/blobs/redirect/eyJfcmFpbHMiOnsiZGF0YSI6MiwicHVyIjoiYmxvYl9pZCJ9fQ==--ee6d56bf52163135b48a4ba2c22b11a93e94d3b3/charcuteria.png'\n    }\n  }\n]","meta":{"userLevel":true,"rootId":"415ukhn0oefnncz","id":"415ukhn0oefnncz"},"id":"rxrasyudaeuqics","previousOperationId":"74115tmb2wt62cr"}
{"type":"log","timestamp":1708456807211,"level":"debug","message":"(console:log) [\n  {\n    id: 1,\n    nickname: 'a',\n    is_admin: true,\n    suscriptor: null,\n    created_at: '2024-02-20T16:45:37.609Z',\n    updated_at: '2024-02-20T16:45:37.729Z',\n    email: 'a@a.a',\n    jti: '6a2b57ca-af4b-47a0-8285-477cffafa34b'\n  }\n]","meta":{"userLevel":true,"rootId":"415ukhn0oefnncz","id":"415ukhn0oefnncz"},"id":"20m14895jrgv8gm","previousOperationId":"74115tmb2wt62cr"}
{"type":"operationEnd","operationId":"74115tmb2wt62cr","timestamp":1708456807211,"id":"1fctjw9zx1r03dx","previousEventId":"y5id321vuotjzfc","previousOperationId":"pj7tv2xhr41uz6y"}
{"type":"operationEnd","operationId":"alq60dqyh4htmnb","timestamp":1708456807211,"id":"iaz8jtrpzxdjkx6","previousEventId":"1fctjw9zx1r03dx","previousOperationId":"pj7tv2xhr41uz6y"}
{"type":"log","timestamp":1708456807211,"level":"debug","message":"Base url not specified, skipping its injection.","meta":{"rootId":"415ukhn0oefnncz","id":"415ukhn0oefnncz"},"id":"bb5a0cxba3e9d1e","previousOperationId":"alq60dqyh4htmnb"}
{"type":"operationStart","subtype":"engine","name":"handlebars","timestamp":1708456807211,"id":"xok7vpnf1y6zjvo","previousEventId":"iaz8jtrpzxdjkx6","operationId":"9s4zhqutmz1p3iu","previousOperationId":"alq60dqyh4htmnb"}
{"type":"log","timestamp":1708456807211,"level":"debug","message":"Rendering engine handlebars","meta":{"rootId":"415ukhn0oefnncz","id":"415ukhn0oefnncz"},"id":"db31klhbu84kjx8","previousOperationId":"9s4zhqutmz1p3iu"}
{"type":"operationEnd","operationId":"9s4zhqutmz1p3iu","timestamp":1708456807219,"id":"yqpb2palzfs7ar9","previousEventId":"xok7vpnf1y6zjvo","previousOperationId":"9s4zhqutmz1p3iu"}
{"type":"operationStart","subtype":"recipe","name":"chrome-pdf","timestamp":1708456807220,"id":"m7n1h4h251bq214","previousEventId":"yqpb2palzfs7ar9","operationId":"wlhew0bss5m6xe0","previousOperationId":"9s4zhqutmz1p3iu"}
{"type":"log","timestamp":1708456807220,"level":"debug","message":"Executing recipe chrome-pdf","meta":{"rootId":"415ukhn0oefnncz","id":"415ukhn0oefnncz"},"id":"yfnxdbz8jh504hr","previousOperationId":"wlhew0bss5m6xe0"}
{"type":"log","timestamp":1708456807221,"level":"debug","message":"Converting with chrome HeadlessChrome/117.0.5938.149 using chrome-pool strategy","meta":{"rootId":"415ukhn0oefnncz","id":"415ukhn0oefnncz"},"id":"jjkkkxlo86vs8oo","previousOperationId":"wlhew0bss5m6xe0"}
{"type":"log","timestamp":1708456807272,"level":"debug","message":"Page request: GET (document) file:///tmp/jsreport/autocleanup/e208288a-fe63-43b9-aaa9-117e8a5d7fe8-chrome-pdf.html","meta":{"rootId":"415ukhn0oefnncz","id":"415ukhn0oefnncz"},"id":"f5opx4aiyq3i0gi","previousOperationId":"wlhew0bss5m6xe0"}
{"type":"log","timestamp":1708456807282,"level":"debug","message":"Page request: GET (stylesheet) https://cdn.jsdelivr.net/chartist.js/latest/chartist.min.css","meta":{"rootId":"415ukhn0oefnncz","id":"415ukhn0oefnncz"},"id":"2rj4atp9yl6vp0u","previousOperationId":"wlhew0bss5m6xe0"}
{"type":"log","timestamp":1708456807282,"level":"debug","message":"Page request: GET (script) https://cdn.jsdelivr.net/chartist.js/latest/chartist.min.js","meta":{"rootId":"415ukhn0oefnncz","id":"415ukhn0oefnncz"},"id":"h01ccbh7049nkwd","previousOperationId":"wlhew0bss5m6xe0"}
{"type":"log","timestamp":1708456807283,"level":"debug","message":"Page request finished: GET (document) 200 file:///tmp/jsreport/autocleanup/e208288a-fe63-43b9-aaa9-117e8a5d7fe8-chrome-pdf.html","meta":{"rootId":"415ukhn0oefnncz","id":"415ukhn0oefnncz"},"id":"yhphz4xr2vxelkp","previousOperationId":"wlhew0bss5m6xe0"}
{"type":"log","timestamp":1708456807286,"level":"debug","message":"Page request finished: GET (stylesheet) 200 https://cdn.jsdelivr.net/chartist.js/latest/chartist.min.css","meta":{"rootId":"415ukhn0oefnncz","id":"415ukhn0oefnncz"},"id":"za5a6e8wgkmxqep","previousOperationId":"wlhew0bss5m6xe0"}
{"type":"log","timestamp":1708456807288,"level":"debug","message":"Page request finished: GET (script) 200 https://cdn.jsdelivr.net/chartist.js/latest/chartist.min.js","meta":{"rootId":"415ukhn0oefnncz","id":"415ukhn0oefnncz"},"id":"txh5fuhub0k8mso","previousOperationId":"wlhew0bss5m6xe0"}
{"type":"log","timestamp":1708456807300,"level":"debug","message":"Running chrome with params {\"printBackground\":true,\"timeout\":59955,\"margin\":{}}","meta":{"rootId":"415ukhn0oefnncz","id":"415ukhn0oefnncz"},"id":"s1cauo0a4obc3su","previousOperationId":"wlhew0bss5m6xe0"}
{"type":"operationEnd","operationId":"wlhew0bss5m6xe0","timestamp":1708456807318,"id":"hbbfr3h4qkf7a5w","previousEventId":"m7n1h4h251bq214","previousOperationId":"wlhew0bss5m6xe0"}
{"type":"log","timestamp":1708456807318,"level":"debug","message":"Skipping storing report.","meta":{"rootId":"415ukhn0oefnncz","id":"415ukhn0oefnncz"},"id":"g71jvfh67q4snho","previousOperationId":"wlhew0bss5m6xe0"}
{"type":"log","timestamp":1708456807318,"level":"info","message":"Rendering request 70 finished in 143 ms","meta":{"rootId":"415ukhn0oefnncz","id":"415ukhn0oefnncz"},"id":"xwvfoj0nibsdxmc","previousOperationId":"wlhew0bss5m6xe0"}
{"type":"operationEnd","subtype":"render","operationId":"pj7tv2xhr41uz6y","timestamp":1708456807318,"id":"hodmzhqtqbv9rdd","previousEventId":"hbbfr3h4qkf7a5w","previousOperationId":"wlhew0bss5m6xe0"}
{"type":"operationEnd","doDiffs":false,"previousEventId":"n1imr48b0762hfv","previousOperationId":"nh7xbv8j9nqlagr","operationId":"nh7xbv8j9nqlagr","timestamp":1708456807323,"id":"q1a0tkvjhrgwpib"}
