{"type":"operationStart","subtype":"profile","data":{"_id":"LB6S1y0D9SYGk7Ca","timestamp":"2024-02-20T19:11:10.694Z","state":"queued","mode":"standard","creationDate":"2024-02-20T19:11:10.695Z","modificationDate":"2024-02-20T19:11:10.695Z","shortid":"DizGt4Z","$entitySet":"profiles"},"doDiffs":false,"timestamp":1708456270695,"id":"v5zxapc66oa3se5","previousOperationId":null,"operationId":"mb7vdhuvs05uc32"}
{"type":"log","level":"info","message":"Render request 51 queued for execution and waiting for available worker","previousOperationId":"mb7vdhuvs05uc32","timestamp":1708456270695,"id":"nnf59sguxmt9img"}
{"type":"operationStart","subtype":"render","name":"TemplateList","previousOperationId":"mb7vdhuvs05uc32","timestamp":1708456270699,"id":"42rjbl3i9p2a09z","previousEventId":"v5zxapc66oa3se5","operationId":"fqj66qqc252ugpo"}
{"type":"log","timestamp":1708456270699,"level":"info","message":"Starting rendering request 51","meta":{"rootId":"42679ax3c6jzctd","id":"42679ax3c6jzctd"},"id":"7xd6pgeay5esa8d","previousOperationId":"fqj66qqc252ugpo"}
{"type":"log","timestamp":1708456270699,"level":"info","message":"Rendering template { name: TemplateList, recipe: chrome-pdf, engine: handlebars, preview: true }","meta":{"rootId":"42679ax3c6jzctd","id":"42679ax3c6jzctd"},"id":"0xlww728yxy4ltg","previousOperationId":"fqj66qqc252ugpo"}
{"type":"log","timestamp":1708456270700,"level":"debug","message":"Data item not defined for this template.","meta":{"rootId":"42679ax3c6jzctd","id":"42679ax3c6jzctd"},"id":"hl6jqmekml7vari","previousOperationId":"fqj66qqc252ugpo"}
{"type":"log","timestamp":1708456270701,"level":"debug","message":"Executing script list-data (beforeRender)","meta":{"rootId":"42679ax3c6jzctd","id":"42679ax3c6jzctd"},"id":"s5kau5o9kyx6vd1","previousOperationId":"fqj66qqc252ugpo"}
{"type":"operationStart","subtype":"scriptsBeforeRender","name":"scripts beforeRender","timestamp":1708456270704,"id":"swwcooh3v1jb9d7","previousEventId":"42rjbl3i9p2a09z","operationId":"pgm8j456qeou409","previousOperationId":"fqj66qqc252ugpo"}
{"type":"operationStart","subtype":"script","name":"scripts list-data","previousOperationId":"pgm8j456qeou409","timestamp":1708456270704,"id":"4uq7ygivr8b2kvf","previousEventId":"swwcooh3v1jb9d7","operationId":"6txaz5780c9q55b"}
{"type":"log","timestamp":1708456270725,"level":"debug","message":"(console:log) [\n  {\n    list_description: {\n      id: 2,\n      list_name: 'sarshisha',\n      list_current_number: 13,\n      list_limit_number: 0\n    },\n    list_image: {\n      url: 'http://localhost:4000/rails/active_storage/blobs/redirect/eyJfcmFpbHMiOnsiZGF0YSI6MywicHVyIjoiYmxvYl9pZCJ9fQ==--07183cfade35ce6ffe715f60749642919ec61f5d/charcuteria.png'\n    }\n  },\n  {\n    list_description: {\n      id: 3,\n      list_name: 'stjsjshtshn',\n      list_current_number: 4,\n      list_limit_number: 0\n    },\n    list_image: {\n      url: 'http://localhost:4000/rails/active_storage/blobs/redirect/eyJfcmFpbHMiOnsiZGF0YSI6NCwicHVyIjoiYmxvYl9pZCJ9fQ==--023aae65cb60b3f6c6d73a9c76e14c0b0df6ad86/dibujoadrian.jpg'\n    }\n  },\n  {\n    list_description: {\n      id: 1,\n      list_name: 'charcuteria',\n      list_current_number: 1,\n      list_limit_number: 0\n    },\n    list_image: {\n      url: 'http://localhost:4000/rails/active_storage/blobs/redirect/eyJfcmFpbHMiOnsiZGF0YSI6MiwicHVyIjoiYmxvYl9pZCJ9fQ==--ee6d56bf52163135b48a4ba2c22b11a93e94d3b3/charcuteria.png'\n    }\n  }\n]","meta":{"userLevel":true,"rootId":"42679ax3c6jzctd","id":"42679ax3c6jzctd"},"id":"rrmlk98ku2yoxja","previousOperationId":"6txaz5780c9q55b"}
{"type":"log","timestamp":1708456270733,"level":"debug","message":"(console:log) [\n  {\n    id: 1,\n    nickname: 'a',\n    is_admin: true,\n    suscriptor: null,\n    created_at: '2024-02-20T16:45:37.609Z',\n    updated_at: '2024-02-20T16:45:37.729Z',\n    email: 'a@a.a',\n    jti: '6a2b57ca-af4b-47a0-8285-477cffafa34b'\n  }\n]","meta":{"userLevel":true,"rootId":"42679ax3c6jzctd","id":"42679ax3c6jzctd"},"id":"az87nyq0el33up5","previousOperationId":"6txaz5780c9q55b"}
{"type":"operationEnd","operationId":"6txaz5780c9q55b","timestamp":1708456270733,"id":"98b8l4uzsdzyzot","previousEventId":"42rjbl3i9p2a09z","previousOperationId":"fqj66qqc252ugpo"}
{"type":"operationEnd","operationId":"pgm8j456qeou409","timestamp":1708456270733,"id":"0qldxogfieewhc8","previousEventId":"98b8l4uzsdzyzot","previousOperationId":"fqj66qqc252ugpo"}
{"type":"log","timestamp":1708456270733,"level":"debug","message":"Base url not specified, skipping its injection.","meta":{"rootId":"42679ax3c6jzctd","id":"42679ax3c6jzctd"},"id":"sn7w6005rpsnnwh","previousOperationId":"pgm8j456qeou409"}
{"type":"operationStart","subtype":"engine","name":"handlebars","timestamp":1708456270733,"id":"lky94j0mba9xz7p","previousEventId":"0qldxogfieewhc8","operationId":"ocx6xakxc95q9ld","previousOperationId":"pgm8j456qeou409"}
{"type":"log","timestamp":1708456270733,"level":"debug","message":"Rendering engine handlebars","meta":{"rootId":"42679ax3c6jzctd","id":"42679ax3c6jzctd"},"id":"xh32hcziwk6mqjv","previousOperationId":"ocx6xakxc95q9ld"}
{"type":"operationEnd","operationId":"ocx6xakxc95q9ld","timestamp":1708456270744,"id":"07nd9vud36eabyu","previousEventId":"lky94j0mba9xz7p","previousOperationId":"ocx6xakxc95q9ld"}
{"type":"operationStart","subtype":"recipe","name":"chrome-pdf","timestamp":1708456270744,"id":"qhe1djp1xcu0xve","previousEventId":"07nd9vud36eabyu","operationId":"b7ur9bk25x81p3p","previousOperationId":"ocx6xakxc95q9ld"}
{"type":"log","timestamp":1708456270744,"level":"debug","message":"Executing recipe chrome-pdf","meta":{"rootId":"42679ax3c6jzctd","id":"42679ax3c6jzctd"},"id":"mc7r4ad9xb3bibv","previousOperationId":"b7ur9bk25x81p3p"}
{"type":"log","timestamp":1708456270745,"level":"debug","message":"Converting with chrome HeadlessChrome/117.0.5938.149 using chrome-pool strategy","meta":{"rootId":"42679ax3c6jzctd","id":"42679ax3c6jzctd"},"id":"16ur5pxgh3p4v4u","previousOperationId":"b7ur9bk25x81p3p"}
{"type":"log","timestamp":1708456270784,"level":"debug","message":"Page request: GET (document) file:///tmp/jsreport/autocleanup/a8afdf4e-75e6-4174-9ca3-a8370a040c73-chrome-pdf.html","meta":{"rootId":"42679ax3c6jzctd","id":"42679ax3c6jzctd"},"id":"twdn2zm00ooccoq","previousOperationId":"b7ur9bk25x81p3p"}
{"type":"log","timestamp":1708456270791,"level":"debug","message":"Page request: GET (stylesheet) https://cdn.jsdelivr.net/chartist.js/latest/chartist.min.css","meta":{"rootId":"42679ax3c6jzctd","id":"42679ax3c6jzctd"},"id":"6ogsvockdu8etg7","previousOperationId":"b7ur9bk25x81p3p"}
{"type":"log","timestamp":1708456270792,"level":"debug","message":"Page request: GET (script) https://cdn.jsdelivr.net/chartist.js/latest/chartist.min.js","meta":{"rootId":"42679ax3c6jzctd","id":"42679ax3c6jzctd"},"id":"ae4yf6u1lnjjono","previousOperationId":"b7ur9bk25x81p3p"}
{"type":"log","timestamp":1708456270792,"level":"debug","message":"Page request: GET (script) https://code.jquery.com/jquery-3.6.0.min.js","meta":{"rootId":"42679ax3c6jzctd","id":"42679ax3c6jzctd"},"id":"2kl7j3w7wgj8lde","previousOperationId":"b7ur9bk25x81p3p"}
{"type":"log","timestamp":1708456270792,"level":"debug","message":"Page request: GET (script) https://cdn.jsdelivr.net/npm/chart.js","meta":{"rootId":"42679ax3c6jzctd","id":"42679ax3c6jzctd"},"id":"pydo4id0aebv1bd","previousOperationId":"b7ur9bk25x81p3p"}
{"type":"log","timestamp":1708456270792,"level":"debug","message":"Page request finished: GET (document) 200 file:///tmp/jsreport/autocleanup/a8afdf4e-75e6-4174-9ca3-a8370a040c73-chrome-pdf.html","meta":{"rootId":"42679ax3c6jzctd","id":"42679ax3c6jzctd"},"id":"0bvky7rwnkc6jzi","previousOperationId":"b7ur9bk25x81p3p"}
{"type":"log","timestamp":1708456270796,"level":"debug","message":"Page request finished: GET (stylesheet) 200 https://cdn.jsdelivr.net/chartist.js/latest/chartist.min.css","meta":{"rootId":"42679ax3c6jzctd","id":"42679ax3c6jzctd"},"id":"gdo362h3uvmuqzz","previousOperationId":"b7ur9bk25x81p3p"}
{"type":"log","timestamp":1708456270798,"level":"debug","message":"Page request finished: GET (script) 200 https://cdn.jsdelivr.net/chartist.js/latest/chartist.min.js","meta":{"rootId":"42679ax3c6jzctd","id":"42679ax3c6jzctd"},"id":"m0dekxa3odotxsd","previousOperationId":"b7ur9bk25x81p3p"}
{"type":"log","timestamp":1708456270800,"level":"debug","message":"Page request finished: GET (script) 200 https://code.jquery.com/jquery-3.6.0.min.js","meta":{"rootId":"42679ax3c6jzctd","id":"42679ax3c6jzctd"},"id":"cnxfrq3077powlj","previousOperationId":"b7ur9bk25x81p3p"}
{"type":"log","timestamp":1708456270804,"level":"debug","message":"Page request finished: GET (script) 200 https://cdn.jsdelivr.net/npm/chart.js","meta":{"rootId":"42679ax3c6jzctd","id":"42679ax3c6jzctd"},"id":"ho8jbvrkz1831xl","previousOperationId":"b7ur9bk25x81p3p"}
{"type":"log","timestamp":1708456270853,"level":"debug","message":"Running chrome with params {\"printBackground\":true,\"timeout\":59950,\"margin\":{}}","meta":{"rootId":"42679ax3c6jzctd","id":"42679ax3c6jzctd"},"id":"9e2g1003u9cdcqq","previousOperationId":"b7ur9bk25x81p3p"}
{"type":"operationEnd","operationId":"b7ur9bk25x81p3p","timestamp":1708456270887,"id":"6f7tfdshjyrtv2z","previousEventId":"qhe1djp1xcu0xve","previousOperationId":"b7ur9bk25x81p3p"}
{"type":"log","timestamp":1708456270887,"level":"debug","message":"Skipping storing report.","meta":{"rootId":"42679ax3c6jzctd","id":"42679ax3c6jzctd"},"id":"x91bgrrnqx024gi","previousOperationId":"b7ur9bk25x81p3p"}
{"type":"log","timestamp":1708456270887,"level":"info","message":"Rendering request 51 finished in 193 ms","meta":{"rootId":"42679ax3c6jzctd","id":"42679ax3c6jzctd"},"id":"6r94af7n7y3uh1k","previousOperationId":"b7ur9bk25x81p3p"}
{"type":"operationEnd","subtype":"render","operationId":"fqj66qqc252ugpo","timestamp":1708456270887,"id":"ff65xny6cexhucq","previousEventId":"6f7tfdshjyrtv2z","previousOperationId":"b7ur9bk25x81p3p"}
{"type":"operationEnd","doDiffs":false,"previousEventId":"v5zxapc66oa3se5","previousOperationId":"mb7vdhuvs05uc32","operationId":"mb7vdhuvs05uc32","timestamp":1708456270891,"id":"we7v3947gg4xh8v"}
