{"type":"operationStart","subtype":"profile","data":{"_id":"P068k1XXIzfzJsUJ","timestamp":"2024-02-20T18:45:57.235Z","state":"queued","mode":"standard","creationDate":"2024-02-20T18:45:57.236Z","modificationDate":"2024-02-20T18:45:57.236Z","shortid":"DlLW60r","$entitySet":"profiles"},"doDiffs":false,"timestamp":1708454757235,"id":"o9cigqzt1na3fn8","previousOperationId":null,"operationId":"z9hfhonjo9yhdpe"}
{"type":"log","level":"info","message":"Render request 13 queued for execution and waiting for available worker","previousOperationId":"z9hfhonjo9yhdpe","timestamp":1708454757235,"id":"frhkcn91roo6jdw"}
{"type":"operationStart","subtype":"render","name":"TemplateList","previousOperationId":"z9hfhonjo9yhdpe","timestamp":1708454757240,"id":"57qmq38ifijjkg1","previousEventId":"o9cigqzt1na3fn8","operationId":"sxmmio7yw0tfd53"}
{"type":"log","timestamp":1708454757240,"level":"info","message":"Starting rendering request 13","meta":{"rootId":"4cgttnwi8ny8is5","id":"4cgttnwi8ny8is5"},"id":"j1jitiv5zp2wn3j","previousOperationId":"sxmmio7yw0tfd53"}
{"type":"log","timestamp":1708454757240,"level":"info","message":"Rendering template { name: TemplateList, recipe: chrome-pdf, engine: handlebars, preview: true }","meta":{"rootId":"4cgttnwi8ny8is5","id":"4cgttnwi8ny8is5"},"id":"pglpswumrnvr36p","previousOperationId":"sxmmio7yw0tfd53"}
{"type":"log","timestamp":1708454757241,"level":"debug","message":"Data item not defined for this template.","meta":{"rootId":"4cgttnwi8ny8is5","id":"4cgttnwi8ny8is5"},"id":"3745bvdchcvdcnh","previousOperationId":"sxmmio7yw0tfd53"}
{"type":"log","timestamp":1708454757243,"level":"debug","message":"Executing script list-data (beforeRender)","meta":{"rootId":"4cgttnwi8ny8is5","id":"4cgttnwi8ny8is5"},"id":"nyvx2f3aa759egz","previousOperationId":"sxmmio7yw0tfd53"}
{"type":"operationStart","subtype":"scriptsBeforeRender","name":"scripts beforeRender","timestamp":1708454757248,"id":"7yt90fnovhgsgcm","previousEventId":"57qmq38ifijjkg1","operationId":"2qd5u0u8goalgin","previousOperationId":"sxmmio7yw0tfd53"}
{"type":"operationStart","subtype":"script","name":"scripts list-data","previousOperationId":"2qd5u0u8goalgin","timestamp":1708454757248,"id":"dw7q18nituz0j2l","previousEventId":"7yt90fnovhgsgcm","operationId":"gixvouei5pej68o"}
{"type":"log","timestamp":1708454757269,"level":"debug","message":"(console:log) [\n  {\n    list_description: {\n      id: 3,\n      list_name: 'stjsjshtshn',\n      list_current_number: 0,\n      list_limit_number: 0\n    },\n    list_image: {\n      url: 'http://localhost:4000/rails/active_storage/blobs/redirect/eyJfcmFpbHMiOnsiZGF0YSI6NCwicHVyIjoiYmxvYl9pZCJ9fQ==--023aae65cb60b3f6c6d73a9c76e14c0b0df6ad86/dibujoadrian.jpg'\n    }\n  },\n  {\n    list_description: {\n      id: 1,\n      list_name: 'charcuteria',\n      list_current_number: 0,\n      list_limit_number: 0\n    },\n    list_image: {\n      url: 'http://localhost:4000/rails/active_storage/blobs/redirect/eyJfcmFpbHMiOnsiZGF0YSI6MiwicHVyIjoiYmxvYl9pZCJ9fQ==--ee6d56bf52163135b48a4ba2c22b11a93e94d3b3/charcuteria.png'\n    }\n  },\n  {\n    list_description: {\n      id: 2,\n      list_name: 'sarshisha',\n      list_current_number: 13,\n      list_limit_number: 0\n    },\n    list_image: {\n      url: 'http://localhost:4000/rails/active_storage/blobs/redirect/eyJfcmFpbHMiOnsiZGF0YSI6MywicHVyIjoiYmxvYl9pZCJ9fQ==--07183cfade35ce6ffe715f60749642919ec61f5d/charcuteria.png'\n    }\n  }\n]","meta":{"userLevel":true,"rootId":"4cgttnwi8ny8is5","id":"4cgttnwi8ny8is5"},"id":"fqcxv52r2tuelqy","previousOperationId":"gixvouei5pej68o"}
{"type":"log","timestamp":1708454757275,"level":"debug","message":"(console:log) [\n  {\n    id: 1,\n    nickname: 'a',\n    is_admin: true,\n    suscriptor: null,\n    created_at: '2024-02-20T16:45:37.609Z',\n    updated_at: '2024-02-20T16:45:37.729Z',\n    email: 'a@a.a',\n    jti: '6a2b57ca-af4b-47a0-8285-477cffafa34b'\n  }\n]","meta":{"userLevel":true,"rootId":"4cgttnwi8ny8is5","id":"4cgttnwi8ny8is5"},"id":"aubyvl8pasm24gg","previousOperationId":"gixvouei5pej68o"}
{"type":"operationEnd","operationId":"gixvouei5pej68o","timestamp":1708454757275,"id":"gkz2wt9x71nv2sj","previousEventId":"57qmq38ifijjkg1","previousOperationId":"sxmmio7yw0tfd53"}
{"type":"operationEnd","operationId":"2qd5u0u8goalgin","timestamp":1708454757275,"id":"maclusy3in2bhrt","previousEventId":"gkz2wt9x71nv2sj","previousOperationId":"sxmmio7yw0tfd53"}
{"type":"log","timestamp":1708454757275,"level":"debug","message":"Base url not specified, skipping its injection.","meta":{"rootId":"4cgttnwi8ny8is5","id":"4cgttnwi8ny8is5"},"id":"kxj588zrvkgmixm","previousOperationId":"2qd5u0u8goalgin"}
{"type":"operationStart","subtype":"engine","name":"handlebars","timestamp":1708454757276,"id":"ncs1wp6q1rfeu5e","previousEventId":"maclusy3in2bhrt","operationId":"4vsyweogmqwpsep","previousOperationId":"2qd5u0u8goalgin"}
{"type":"log","timestamp":1708454757276,"level":"debug","message":"Rendering engine handlebars","meta":{"rootId":"4cgttnwi8ny8is5","id":"4cgttnwi8ny8is5"},"id":"8mdk9n7gzhjnmu1","previousOperationId":"4vsyweogmqwpsep"}
{"type":"operationEnd","operationId":"4vsyweogmqwpsep","timestamp":1708454757290,"id":"iwb3gy43yn5char","previousEventId":"ncs1wp6q1rfeu5e","previousOperationId":"4vsyweogmqwpsep"}
{"type":"operationStart","subtype":"recipe","name":"chrome-pdf","timestamp":1708454757290,"id":"lc6buq38kawy3sw","previousEventId":"iwb3gy43yn5char","operationId":"xu8w4ppc9r23b67","previousOperationId":"4vsyweogmqwpsep"}
{"type":"log","timestamp":1708454757290,"level":"debug","message":"Executing recipe chrome-pdf","meta":{"rootId":"4cgttnwi8ny8is5","id":"4cgttnwi8ny8is5"},"id":"9kglhm4r4c8g0cq","previousOperationId":"xu8w4ppc9r23b67"}
{"type":"log","timestamp":1708454757292,"level":"debug","message":"Converting with chrome HeadlessChrome/117.0.5938.149 using chrome-pool strategy","meta":{"rootId":"4cgttnwi8ny8is5","id":"4cgttnwi8ny8is5"},"id":"hkdrqux8y5bdfce","previousOperationId":"xu8w4ppc9r23b67"}
{"type":"log","timestamp":1708454757327,"level":"debug","message":"Page request: GET (document) file:///tmp/jsreport/autocleanup/63956391-9d7a-4029-9977-b5be4352ff7c-chrome-pdf.html","meta":{"rootId":"4cgttnwi8ny8is5","id":"4cgttnwi8ny8is5"},"id":"088svqkegszot6u","previousOperationId":"xu8w4ppc9r23b67"}
{"type":"log","timestamp":1708454757336,"level":"debug","message":"Page request: GET (stylesheet) https://cdn.jsdelivr.net/chartist.js/latest/chartist.min.css","meta":{"rootId":"4cgttnwi8ny8is5","id":"4cgttnwi8ny8is5"},"id":"xul6ieyyjqib7er","previousOperationId":"xu8w4ppc9r23b67"}
{"type":"log","timestamp":1708454757336,"level":"debug","message":"Page request: GET (script) https://cdn.jsdelivr.net/chartist.js/latest/chartist.min.js","meta":{"rootId":"4cgttnwi8ny8is5","id":"4cgttnwi8ny8is5"},"id":"xtwqk7u8zl34upj","previousOperationId":"xu8w4ppc9r23b67"}
{"type":"log","timestamp":1708454757336,"level":"debug","message":"Page request: GET (script) https://code.jquery.com/jquery-3.6.0.min.js","meta":{"rootId":"4cgttnwi8ny8is5","id":"4cgttnwi8ny8is5"},"id":"853kw0vlbon6u6x","previousOperationId":"xu8w4ppc9r23b67"}
{"type":"log","timestamp":1708454757336,"level":"debug","message":"Page request: GET (script) https://cdn.jsdelivr.net/npm/chart.js","meta":{"rootId":"4cgttnwi8ny8is5","id":"4cgttnwi8ny8is5"},"id":"cgkmenowhw6jsq6","previousOperationId":"xu8w4ppc9r23b67"}
{"type":"log","timestamp":1708454757336,"level":"debug","message":"Page request finished: GET (document) 200 file:///tmp/jsreport/autocleanup/63956391-9d7a-4029-9977-b5be4352ff7c-chrome-pdf.html","meta":{"rootId":"4cgttnwi8ny8is5","id":"4cgttnwi8ny8is5"},"id":"mcp1eu6cjzpfg9g","previousOperationId":"xu8w4ppc9r23b67"}
{"type":"log","timestamp":1708454757338,"level":"debug","message":"Page request finished: GET (stylesheet) 200 https://cdn.jsdelivr.net/chartist.js/latest/chartist.min.css","meta":{"rootId":"4cgttnwi8ny8is5","id":"4cgttnwi8ny8is5"},"id":"q5j5a22e2qvk2ge","previousOperationId":"xu8w4ppc9r23b67"}
{"type":"log","timestamp":1708454757339,"level":"debug","message":"Page request finished: GET (script) 200 https://cdn.jsdelivr.net/chartist.js/latest/chartist.min.js","meta":{"rootId":"4cgttnwi8ny8is5","id":"4cgttnwi8ny8is5"},"id":"i19jjtr7b1xwltc","previousOperationId":"xu8w4ppc9r23b67"}
{"type":"log","timestamp":1708454757342,"level":"debug","message":"Page request finished: GET (script) 200 https://code.jquery.com/jquery-3.6.0.min.js","meta":{"rootId":"4cgttnwi8ny8is5","id":"4cgttnwi8ny8is5"},"id":"huzf0sqo7oz4utg","previousOperationId":"xu8w4ppc9r23b67"}
{"type":"log","timestamp":1708454757347,"level":"debug","message":"Page request finished: GET (script) 200 https://cdn.jsdelivr.net/npm/chart.js","meta":{"rootId":"4cgttnwi8ny8is5","id":"4cgttnwi8ny8is5"},"id":"xzz5pu7xqp7hyxq","previousOperationId":"xu8w4ppc9r23b67"}
{"type":"log","timestamp":1708454757351,"level":"warn","message":"Page error: Unexpected token '*' , stack: SyntaxError: Unexpected token '*'","meta":{"rootId":"4cgttnwi8ny8is5","id":"4cgttnwi8ny8is5"},"id":"ewkr6l1c1bd4e7l","previousOperationId":"xu8w4ppc9r23b67"}
{"type":"log","timestamp":1708454757355,"level":"debug","message":"Running chrome with params {\"printBackground\":true,\"timeout\":59944,\"margin\":{}}","meta":{"rootId":"4cgttnwi8ny8is5","id":"4cgttnwi8ny8is5"},"id":"dzslo0f8l8ydqp2","previousOperationId":"xu8w4ppc9r23b67"}
{"type":"operationEnd","operationId":"xu8w4ppc9r23b67","timestamp":1708454757366,"id":"po0e7tpcmzvwzer","previousEventId":"lc6buq38kawy3sw","previousOperationId":"xu8w4ppc9r23b67"}
{"type":"log","timestamp":1708454757366,"level":"debug","message":"Skipping storing report.","meta":{"rootId":"4cgttnwi8ny8is5","id":"4cgttnwi8ny8is5"},"id":"hgiltb7eliowl19","previousOperationId":"xu8w4ppc9r23b67"}
{"type":"log","timestamp":1708454757366,"level":"info","message":"Rendering request 13 finished in 131 ms","meta":{"rootId":"4cgttnwi8ny8is5","id":"4cgttnwi8ny8is5"},"id":"l0eawgy8or8m2kx","previousOperationId":"xu8w4ppc9r23b67"}
{"type":"operationEnd","subtype":"render","operationId":"sxmmio7yw0tfd53","timestamp":1708454757366,"id":"50n1ejue6fp42l5","previousEventId":"po0e7tpcmzvwzer","previousOperationId":"xu8w4ppc9r23b67"}
{"type":"operationEnd","doDiffs":false,"previousEventId":"o9cigqzt1na3fn8","previousOperationId":"z9hfhonjo9yhdpe","operationId":"z9hfhonjo9yhdpe","timestamp":1708454757373,"id":"wdyd2b0js1tp45i"}
