{"type":"operationStart","subtype":"profile","data":{"_id":"Fq9AkaSHvGmwP9ni","timestamp":"2024-02-20T18:21:04.604Z","state":"queued","mode":"standard","creationDate":"2024-02-20T18:21:04.606Z","modificationDate":"2024-02-20T18:21:04.606Z","shortid":"7EYdtrX","$entitySet":"profiles"},"doDiffs":false,"timestamp":1708453264605,"id":"37z2xz5q99j1mlp","previousOperationId":null,"operationId":"vkv8u4y4g0b13ii"}
{"type":"log","level":"info","message":"Render request 19 queued for execution and waiting for available worker","previousOperationId":"vkv8u4y4g0b13ii","timestamp":1708453264605,"id":"6yxo9fij7f4orq6"}
{"type":"operationStart","subtype":"render","name":"TemplateList","previousOperationId":"vkv8u4y4g0b13ii","timestamp":1708453264610,"id":"eo155ydh21qhi53","previousEventId":"37z2xz5q99j1mlp","operationId":"o6bmu1hvynerojj"}
{"type":"log","timestamp":1708453264610,"level":"info","message":"Starting rendering request 19","meta":{"rootId":"4j32t036su35b1d","id":"4j32t036su35b1d"},"id":"qustuu5387g7lsu","previousOperationId":"o6bmu1hvynerojj"}
{"type":"log","timestamp":1708453264611,"level":"info","message":"Rendering template { name: TemplateList, recipe: chrome-pdf, engine: handlebars, preview: true }","meta":{"rootId":"4j32t036su35b1d","id":"4j32t036su35b1d"},"id":"szulbukd2xcd2vi","previousOperationId":"o6bmu1hvynerojj"}
{"type":"log","timestamp":1708453264611,"level":"debug","message":"Data item not defined for this template.","meta":{"rootId":"4j32t036su35b1d","id":"4j32t036su35b1d"},"id":"ou8dtvyb9e5kves","previousOperationId":"o6bmu1hvynerojj"}
{"type":"log","timestamp":1708453264614,"level":"debug","message":"Executing script list-data (beforeRender)","meta":{"rootId":"4j32t036su35b1d","id":"4j32t036su35b1d"},"id":"jgkq877awghyzs3","previousOperationId":"o6bmu1hvynerojj"}
{"type":"operationStart","subtype":"scriptsBeforeRender","name":"scripts beforeRender","timestamp":1708453264618,"id":"d9m1aase4puclz0","previousEventId":"eo155ydh21qhi53","operationId":"jz0fff4klyyj49l","previousOperationId":"o6bmu1hvynerojj"}
{"type":"operationStart","subtype":"script","name":"scripts list-data","previousOperationId":"jz0fff4klyyj49l","timestamp":1708453264618,"id":"a17lyu965t4q9hz","previousEventId":"d9m1aase4puclz0","operationId":"cnceyeyqj3xglmc"}
{"type":"log","timestamp":1708453264644,"level":"debug","message":"(console:log) [\n  {\n    list_description: {\n      id: 1,\n      list_name: 'charcuteria',\n      list_current_number: 0,\n      list_limit_number: 0\n    },\n    list_image: {\n      url: 'http://localhost:4000/rails/active_storage/blobs/redirect/eyJfcmFpbHMiOnsiZGF0YSI6MiwicHVyIjoiYmxvYl9pZCJ9fQ==--ee6d56bf52163135b48a4ba2c22b11a93e94d3b3/charcuteria.png'\n    }\n  },\n  {\n    list_description: {\n      id: 2,\n      list_name: 'sarshisha',\n      list_current_number: 0,\n      list_limit_number: 0\n    },\n    list_image: {\n      url: 'http://localhost:4000/rails/active_storage/blobs/redirect/eyJfcmFpbHMiOnsiZGF0YSI6MywicHVyIjoiYmxvYl9pZCJ9fQ==--07183cfade35ce6ffe715f60749642919ec61f5d/charcuteria.png'\n    }\n  },\n  {\n    list_description: {\n      id: 3,\n      list_name: 'stjsjshtshn',\n      list_current_number: 0,\n      list_limit_number: 0\n    },\n    list_image: {\n      url: 'http://localhost:4000/rails/active_storage/blobs/redirect/eyJfcmFpbHMiOnsiZGF0YSI6NCwicHVyIjoiYmxvYl9pZCJ9fQ==--023aae65cb60b3f6c6d73a9c76e14c0b0df6ad86/dibujoadrian.jpg'\n    }\n  }\n]","meta":{"userLevel":true,"rootId":"4j32t036su35b1d","id":"4j32t036su35b1d"},"id":"u4u5bq0ev9qzrfs","previousOperationId":"cnceyeyqj3xglmc"}
{"type":"log","timestamp":1708453264652,"level":"debug","message":"(console:log) [\n  {\n    id: 1,\n    nickname: 'a',\n    is_admin: true,\n    suscriptor: null,\n    created_at: '2024-02-20T16:45:37.609Z',\n    updated_at: '2024-02-20T16:45:37.729Z',\n    email: 'a@a.a',\n    jti: '6a2b57ca-af4b-47a0-8285-477cffafa34b'\n  }\n]","meta":{"userLevel":true,"rootId":"4j32t036su35b1d","id":"4j32t036su35b1d"},"id":"jh58vd81vkg9htg","previousOperationId":"cnceyeyqj3xglmc"}
{"type":"operationEnd","operationId":"cnceyeyqj3xglmc","timestamp":1708453264652,"id":"vvcj6i6dl4619l9","previousEventId":"eo155ydh21qhi53","previousOperationId":"o6bmu1hvynerojj"}
{"type":"operationEnd","operationId":"jz0fff4klyyj49l","timestamp":1708453264652,"id":"8zpc92v7hcil5ko","previousEventId":"vvcj6i6dl4619l9","previousOperationId":"o6bmu1hvynerojj"}
{"type":"log","timestamp":1708453264652,"level":"debug","message":"Base url not specified, skipping its injection.","meta":{"rootId":"4j32t036su35b1d","id":"4j32t036su35b1d"},"id":"6smgky1xnq7in84","previousOperationId":"jz0fff4klyyj49l"}
{"type":"operationStart","subtype":"engine","name":"handlebars","timestamp":1708453264652,"id":"atdoggrk7yucqo7","previousEventId":"8zpc92v7hcil5ko","operationId":"mqmgmqsj354qfbp","previousOperationId":"jz0fff4klyyj49l"}
{"type":"log","timestamp":1708453264652,"level":"debug","message":"Rendering engine handlebars","meta":{"rootId":"4j32t036su35b1d","id":"4j32t036su35b1d"},"id":"eimzk2paro4d326","previousOperationId":"mqmgmqsj354qfbp"}
{"type":"operationEnd","operationId":"mqmgmqsj354qfbp","timestamp":1708453264675,"id":"dg633vyop8h8zew","previousEventId":"atdoggrk7yucqo7","previousOperationId":"mqmgmqsj354qfbp"}
{"type":"operationStart","subtype":"recipe","name":"chrome-pdf","timestamp":1708453264676,"id":"xgqgtl9ivcgkho1","previousEventId":"dg633vyop8h8zew","operationId":"nfsrrq9g36cjam7","previousOperationId":"mqmgmqsj354qfbp"}
{"type":"log","timestamp":1708453264676,"level":"debug","message":"Executing recipe chrome-pdf","meta":{"rootId":"4j32t036su35b1d","id":"4j32t036su35b1d"},"id":"4jkqlgpqne955mo","previousOperationId":"nfsrrq9g36cjam7"}
{"type":"log","timestamp":1708453264682,"level":"debug","message":"Converting with chrome HeadlessChrome/117.0.5938.149 using chrome-pool strategy","meta":{"rootId":"4j32t036su35b1d","id":"4j32t036su35b1d"},"id":"8wr9fxruugibvhn","previousOperationId":"nfsrrq9g36cjam7"}
{"type":"log","timestamp":1708453264736,"level":"debug","message":"Page request: GET (document) file:///tmp/jsreport/autocleanup/f4682e00-06b3-4750-8261-de1fe1e2f3a1-chrome-pdf.html","meta":{"rootId":"4j32t036su35b1d","id":"4j32t036su35b1d"},"id":"kpir5srpzfpi7yw","previousOperationId":"nfsrrq9g36cjam7"}
{"type":"log","timestamp":1708453264746,"level":"debug","message":"Page request: GET (stylesheet) https://cdn.jsdelivr.net/chartist.js/latest/chartist.min.css","meta":{"rootId":"4j32t036su35b1d","id":"4j32t036su35b1d"},"id":"mskqih6luauqhme","previousOperationId":"nfsrrq9g36cjam7"}
{"type":"log","timestamp":1708453264746,"level":"debug","message":"Page request: GET (script) https://cdn.jsdelivr.net/chartist.js/latest/chartist.min.js","meta":{"rootId":"4j32t036su35b1d","id":"4j32t036su35b1d"},"id":"y5a5cgxpvi953ez","previousOperationId":"nfsrrq9g36cjam7"}
{"type":"log","timestamp":1708453264747,"level":"debug","message":"Page request: GET (script) https://code.jquery.com/jquery-3.6.0.min.js","meta":{"rootId":"4j32t036su35b1d","id":"4j32t036su35b1d"},"id":"sd2whf3kyvuq1mx","previousOperationId":"nfsrrq9g36cjam7"}
{"type":"log","timestamp":1708453264747,"level":"debug","message":"Page request finished: GET (document) 200 file:///tmp/jsreport/autocleanup/f4682e00-06b3-4750-8261-de1fe1e2f3a1-chrome-pdf.html","meta":{"rootId":"4j32t036su35b1d","id":"4j32t036su35b1d"},"id":"5b6ilfd1465kr4c","previousOperationId":"nfsrrq9g36cjam7"}
{"type":"log","timestamp":1708453264749,"level":"debug","message":"Page request finished: GET (stylesheet) 200 https://cdn.jsdelivr.net/chartist.js/latest/chartist.min.css","meta":{"rootId":"4j32t036su35b1d","id":"4j32t036su35b1d"},"id":"014vssmjb66x53n","previousOperationId":"nfsrrq9g36cjam7"}
{"type":"log","timestamp":1708453264749,"level":"debug","message":"Page request finished: GET (script) 200 https://cdn.jsdelivr.net/chartist.js/latest/chartist.min.js","meta":{"rootId":"4j32t036su35b1d","id":"4j32t036su35b1d"},"id":"wemx4rxko0q2euk","previousOperationId":"nfsrrq9g36cjam7"}
{"type":"log","timestamp":1708453264751,"level":"debug","message":"Page request finished: GET (script) 200 https://code.jquery.com/jquery-3.6.0.min.js","meta":{"rootId":"4j32t036su35b1d","id":"4j32t036su35b1d"},"id":"zwtlqpawgr9re3f","previousOperationId":"nfsrrq9g36cjam7"}
{"type":"log","timestamp":1708453264756,"level":"warn","message":"Page error: Unexpected identifier 'Object' , stack: SyntaxError: Unexpected identifier 'Object'","meta":{"rootId":"4j32t036su35b1d","id":"4j32t036su35b1d"},"id":"oql4ong6o34z8la","previousOperationId":"nfsrrq9g36cjam7"}
{"type":"log","timestamp":1708453264764,"level":"debug","message":"Running chrome with params {\"printBackground\":true,\"timeout\":59925,\"margin\":{}}","meta":{"rootId":"4j32t036su35b1d","id":"4j32t036su35b1d"},"id":"rgs3hiselqqmsw4","previousOperationId":"nfsrrq9g36cjam7"}
{"type":"operationEnd","operationId":"nfsrrq9g36cjam7","timestamp":1708453264785,"id":"7dnqy2eoz3957ry","previousEventId":"xgqgtl9ivcgkho1","previousOperationId":"nfsrrq9g36cjam7"}
{"type":"log","timestamp":1708453264785,"level":"debug","message":"Skipping storing report.","meta":{"rootId":"4j32t036su35b1d","id":"4j32t036su35b1d"},"id":"j8zk70ymou6ti5t","previousOperationId":"nfsrrq9g36cjam7"}
{"type":"log","timestamp":1708453264785,"level":"info","message":"Rendering request 19 finished in 181 ms","meta":{"rootId":"4j32t036su35b1d","id":"4j32t036su35b1d"},"id":"d77kezmc0mwcmyb","previousOperationId":"nfsrrq9g36cjam7"}
{"type":"operationEnd","subtype":"render","operationId":"o6bmu1hvynerojj","timestamp":1708453264785,"id":"05vx38t4cqmp69s","previousEventId":"7dnqy2eoz3957ry","previousOperationId":"nfsrrq9g36cjam7"}
{"type":"operationEnd","doDiffs":false,"previousEventId":"37z2xz5q99j1mlp","previousOperationId":"vkv8u4y4g0b13ii","operationId":"vkv8u4y4g0b13ii","timestamp":1708453264791,"id":"qqf2fiwtr7cg5qv"}
