{"type":"operationStart","subtype":"profile","data":{"_id":"Yz5dEUpDGK8Zwr1t","timestamp":"2024-02-20T18:58:05.730Z","state":"queued","mode":"standard","creationDate":"2024-02-20T18:58:05.731Z","modificationDate":"2024-02-20T18:58:05.731Z","shortid":"yGji9g6","$entitySet":"profiles"},"doDiffs":false,"timestamp":1708455485730,"id":"7xp05ps3c4v6di4","previousOperationId":null,"operationId":"4c2w80l3y1n34u0"}
{"type":"log","level":"info","message":"Render request 38 queued for execution and waiting for available worker","previousOperationId":"4c2w80l3y1n34u0","timestamp":1708455485730,"id":"osers6wkqcfuxyv"}
{"type":"operationStart","subtype":"render","name":"TemplateList","previousOperationId":"4c2w80l3y1n34u0","timestamp":1708455485736,"id":"kes69ugmvknqrz0","previousEventId":"7xp05ps3c4v6di4","operationId":"cj3vmiixs792dn0"}
{"type":"log","timestamp":1708455485736,"level":"info","message":"Starting rendering request 38","meta":{"rootId":"4m740gif0dfsjjm","id":"4m740gif0dfsjjm"},"id":"pjxau6zii02wlpe","previousOperationId":"cj3vmiixs792dn0"}
{"type":"log","timestamp":1708455485736,"level":"info","message":"Rendering template { name: TemplateList, recipe: chrome-pdf, engine: handlebars, preview: true }","meta":{"rootId":"4m740gif0dfsjjm","id":"4m740gif0dfsjjm"},"id":"6f7hb7yars8vpix","previousOperationId":"cj3vmiixs792dn0"}
{"type":"log","timestamp":1708455485737,"level":"debug","message":"Data item not defined for this template.","meta":{"rootId":"4m740gif0dfsjjm","id":"4m740gif0dfsjjm"},"id":"qstdebguaxr9h3u","previousOperationId":"cj3vmiixs792dn0"}
{"type":"log","timestamp":1708455485739,"level":"debug","message":"Executing script list-data (beforeRender)","meta":{"rootId":"4m740gif0dfsjjm","id":"4m740gif0dfsjjm"},"id":"hvdb4kf89e4v1sy","previousOperationId":"cj3vmiixs792dn0"}
{"type":"operationStart","subtype":"scriptsBeforeRender","name":"scripts beforeRender","timestamp":1708455485743,"id":"lbl40orqv3uiu7y","previousEventId":"kes69ugmvknqrz0","operationId":"8xpfe215coq4hn2","previousOperationId":"cj3vmiixs792dn0"}
{"type":"operationStart","subtype":"script","name":"scripts list-data","previousOperationId":"8xpfe215coq4hn2","timestamp":1708455485743,"id":"ctwpr5f63v24dd9","previousEventId":"lbl40orqv3uiu7y","operationId":"kdc7suzzy76hd5o"}
{"type":"log","timestamp":1708455485762,"level":"debug","message":"(console:log) [\n  {\n    list_description: {\n      id: 2,\n      list_name: 'sarshisha',\n      list_current_number: 13,\n      list_limit_number: 0\n    },\n    list_image: {\n      url: 'http://localhost:4000/rails/active_storage/blobs/redirect/eyJfcmFpbHMiOnsiZGF0YSI6MywicHVyIjoiYmxvYl9pZCJ9fQ==--07183cfade35ce6ffe715f60749642919ec61f5d/charcuteria.png'\n    }\n  },\n  {\n    list_description: {\n      id: 3,\n      list_name: 'stjsjshtshn',\n      list_current_number: 4,\n      list_limit_number: 0\n    },\n    list_image: {\n      url: 'http://localhost:4000/rails/active_storage/blobs/redirect/eyJfcmFpbHMiOnsiZGF0YSI6NCwicHVyIjoiYmxvYl9pZCJ9fQ==--023aae65cb60b3f6c6d73a9c76e14c0b0df6ad86/dibujoadrian.jpg'\n    }\n  },\n  {\n    list_description: {\n      id: 1,\n      list_name: 'charcuteria',\n      list_current_number: 1,\n      list_limit_number: 0\n    },\n    list_image: {\n      url: 'http://localhost:4000/rails/active_storage/blobs/redirect/eyJfcmFpbHMiOnsiZGF0YSI6MiwicHVyIjoiYmxvYl9pZCJ9fQ==--ee6d56bf52163135b48a4ba2c22b11a93e94d3b3/charcuteria.png'\n    }\n  }\n]","meta":{"userLevel":true,"rootId":"4m740gif0dfsjjm","id":"4m740gif0dfsjjm"},"id":"cbvffg1nppuzg2d","previousOperationId":"kdc7suzzy76hd5o"}
{"type":"log","timestamp":1708455485769,"level":"debug","message":"(console:log) [\n  {\n    id: 1,\n    nickname: 'a',\n    is_admin: true,\n    suscriptor: null,\n    created_at: '2024-02-20T16:45:37.609Z',\n    updated_at: '2024-02-20T16:45:37.729Z',\n    email: 'a@a.a',\n    jti: '6a2b57ca-af4b-47a0-8285-477cffafa34b'\n  }\n]","meta":{"userLevel":true,"rootId":"4m740gif0dfsjjm","id":"4m740gif0dfsjjm"},"id":"ldogzit4r2oouhg","previousOperationId":"kdc7suzzy76hd5o"}
{"type":"operationEnd","operationId":"kdc7suzzy76hd5o","timestamp":1708455485769,"id":"brcy0cbn8bfmwfj","previousEventId":"kes69ugmvknqrz0","previousOperationId":"cj3vmiixs792dn0"}
{"type":"operationEnd","operationId":"8xpfe215coq4hn2","timestamp":1708455485769,"id":"ve4nmibfydpjwjp","previousEventId":"brcy0cbn8bfmwfj","previousOperationId":"cj3vmiixs792dn0"}
{"type":"log","timestamp":1708455485769,"level":"debug","message":"Base url not specified, skipping its injection.","meta":{"rootId":"4m740gif0dfsjjm","id":"4m740gif0dfsjjm"},"id":"51qglyxru43j0bd","previousOperationId":"8xpfe215coq4hn2"}
{"type":"operationStart","subtype":"engine","name":"handlebars","timestamp":1708455485770,"id":"mqp11jejhxd7qrt","previousEventId":"ve4nmibfydpjwjp","operationId":"m2bxklw7mvw0t1k","previousOperationId":"8xpfe215coq4hn2"}
{"type":"log","timestamp":1708455485770,"level":"debug","message":"Rendering engine handlebars","meta":{"rootId":"4m740gif0dfsjjm","id":"4m740gif0dfsjjm"},"id":"zq6wqpc8qzsaagj","previousOperationId":"m2bxklw7mvw0t1k"}
{"type":"operationEnd","operationId":"m2bxklw7mvw0t1k","timestamp":1708455485782,"id":"eyn86kk4m41tf1g","previousEventId":"mqp11jejhxd7qrt","previousOperationId":"m2bxklw7mvw0t1k"}
{"type":"operationStart","subtype":"recipe","name":"chrome-pdf","timestamp":1708455485782,"id":"0004itxzxpuhbxz","previousEventId":"eyn86kk4m41tf1g","operationId":"q815jthu22dkbje","previousOperationId":"m2bxklw7mvw0t1k"}
{"type":"log","timestamp":1708455485782,"level":"debug","message":"Executing recipe chrome-pdf","meta":{"rootId":"4m740gif0dfsjjm","id":"4m740gif0dfsjjm"},"id":"44nth6fbhcrr1b0","previousOperationId":"q815jthu22dkbje"}
{"type":"log","timestamp":1708455485783,"level":"debug","message":"Converting with chrome HeadlessChrome/117.0.5938.149 using chrome-pool strategy","meta":{"rootId":"4m740gif0dfsjjm","id":"4m740gif0dfsjjm"},"id":"tqqx285pvn9rrpq","previousOperationId":"q815jthu22dkbje"}
{"type":"log","timestamp":1708455485817,"level":"debug","message":"Page request: GET (document) file:///tmp/jsreport/autocleanup/45ef1be3-c973-436d-8afb-47ed69bd4c77-chrome-pdf.html","meta":{"rootId":"4m740gif0dfsjjm","id":"4m740gif0dfsjjm"},"id":"lo31cs2jqpna29v","previousOperationId":"q815jthu22dkbje"}
{"type":"log","timestamp":1708455485826,"level":"debug","message":"Page request: GET (stylesheet) https://cdn.jsdelivr.net/chartist.js/latest/chartist.min.css","meta":{"rootId":"4m740gif0dfsjjm","id":"4m740gif0dfsjjm"},"id":"qs54ovecrit6wk5","previousOperationId":"q815jthu22dkbje"}
{"type":"log","timestamp":1708455485826,"level":"debug","message":"Page request: GET (script) https://cdn.jsdelivr.net/chartist.js/latest/chartist.min.js","meta":{"rootId":"4m740gif0dfsjjm","id":"4m740gif0dfsjjm"},"id":"3lbpxt449wf7uko","previousOperationId":"q815jthu22dkbje"}
{"type":"log","timestamp":1708455485826,"level":"debug","message":"Page request: GET (script) https://code.jquery.com/jquery-3.6.0.min.js","meta":{"rootId":"4m740gif0dfsjjm","id":"4m740gif0dfsjjm"},"id":"lnmu9jg7tlrgvmz","previousOperationId":"q815jthu22dkbje"}
{"type":"log","timestamp":1708455485827,"level":"debug","message":"Page request: GET (script) https://cdn.jsdelivr.net/npm/chart.js","meta":{"rootId":"4m740gif0dfsjjm","id":"4m740gif0dfsjjm"},"id":"0w9o0p52wyonb3p","previousOperationId":"q815jthu22dkbje"}
{"type":"log","timestamp":1708455485827,"level":"debug","message":"Page request finished: GET (document) 200 file:///tmp/jsreport/autocleanup/45ef1be3-c973-436d-8afb-47ed69bd4c77-chrome-pdf.html","meta":{"rootId":"4m740gif0dfsjjm","id":"4m740gif0dfsjjm"},"id":"j3fjrw11ykjasx1","previousOperationId":"q815jthu22dkbje"}
{"type":"log","timestamp":1708455485829,"level":"debug","message":"Page request finished: GET (stylesheet) 200 https://cdn.jsdelivr.net/chartist.js/latest/chartist.min.css","meta":{"rootId":"4m740gif0dfsjjm","id":"4m740gif0dfsjjm"},"id":"q76z8ucufqka86v","previousOperationId":"q815jthu22dkbje"}
{"type":"log","timestamp":1708455485831,"level":"debug","message":"Page request finished: GET (script) 200 https://cdn.jsdelivr.net/chartist.js/latest/chartist.min.js","meta":{"rootId":"4m740gif0dfsjjm","id":"4m740gif0dfsjjm"},"id":"8wpg3yliqjsj1he","previousOperationId":"q815jthu22dkbje"}
{"type":"log","timestamp":1708455485832,"level":"debug","message":"Page request finished: GET (script) 200 https://code.jquery.com/jquery-3.6.0.min.js","meta":{"rootId":"4m740gif0dfsjjm","id":"4m740gif0dfsjjm"},"id":"on9de14hykchfrc","previousOperationId":"q815jthu22dkbje"}
{"type":"log","timestamp":1708455485837,"level":"debug","message":"Page request finished: GET (script) 200 https://cdn.jsdelivr.net/npm/chart.js","meta":{"rootId":"4m740gif0dfsjjm","id":"4m740gif0dfsjjm"},"id":"spwj0h4bhj109qc","previousOperationId":"q815jthu22dkbje"}
{"type":"log","timestamp":1708455485840,"level":"warn","message":"Page error: Unexpected token ',' , stack: SyntaxError: Unexpected token ','","meta":{"rootId":"4m740gif0dfsjjm","id":"4m740gif0dfsjjm"},"id":"s0zj8jabxdrvegz","previousOperationId":"q815jthu22dkbje"}
{"type":"log","timestamp":1708455485845,"level":"debug","message":"Running chrome with params {\"printBackground\":true,\"timeout\":59948,\"margin\":{}}","meta":{"rootId":"4m740gif0dfsjjm","id":"4m740gif0dfsjjm"},"id":"oeodid5ido53ngt","previousOperationId":"q815jthu22dkbje"}
{"type":"operationEnd","operationId":"q815jthu22dkbje","timestamp":1708455485855,"id":"h2tkqp2lushjv8k","previousEventId":"0004itxzxpuhbxz","previousOperationId":"q815jthu22dkbje"}
{"type":"log","timestamp":1708455485855,"level":"debug","message":"Skipping storing report.","meta":{"rootId":"4m740gif0dfsjjm","id":"4m740gif0dfsjjm"},"id":"qne4sg4ybm5f0qu","previousOperationId":"q815jthu22dkbje"}
{"type":"log","timestamp":1708455485855,"level":"info","message":"Rendering request 38 finished in 125 ms","meta":{"rootId":"4m740gif0dfsjjm","id":"4m740gif0dfsjjm"},"id":"0vtngmzusueo6ib","previousOperationId":"q815jthu22dkbje"}
{"type":"operationEnd","subtype":"render","operationId":"cj3vmiixs792dn0","timestamp":1708455485855,"id":"sdt1ef16foo45zy","previousEventId":"h2tkqp2lushjv8k","previousOperationId":"q815jthu22dkbje"}
{"type":"operationEnd","doDiffs":false,"previousEventId":"7xp05ps3c4v6di4","previousOperationId":"4c2w80l3y1n34u0","operationId":"4c2w80l3y1n34u0","timestamp":1708455485862,"id":"1gefv69negk6u1t"}
