{"type":"operationStart","subtype":"profile","data":{"_id":"cshyJh8r1olRXq9j","timestamp":"2024-02-20T18:52:35.215Z","state":"queued","mode":"standard","creationDate":"2024-02-20T18:52:35.216Z","modificationDate":"2024-02-20T18:52:35.216Z","shortid":"qsrJwvw","$entitySet":"profiles"},"doDiffs":false,"timestamp":1708455155216,"id":"p7mdj39cocmuhqq","previousOperationId":null,"operationId":"wyyooi4yu74fceq"}
{"type":"log","level":"info","message":"Render request 29 queued for execution and waiting for available worker","previousOperationId":"wyyooi4yu74fceq","timestamp":1708455155216,"id":"n4loy9rjwfsdg3m"}
{"type":"operationStart","subtype":"render","name":"TemplateList","previousOperationId":"wyyooi4yu74fceq","timestamp":1708455155221,"id":"mj2kqn035hhyf2t","previousEventId":"p7mdj39cocmuhqq","operationId":"xbua71ugsb7bjx5"}
{"type":"log","timestamp":1708455155221,"level":"info","message":"Starting rendering request 29","meta":{"rootId":"56fq9guvtyzq4dk","id":"56fq9guvtyzq4dk"},"id":"49xt7pye7ayrsw2","previousOperationId":"xbua71ugsb7bjx5"}
{"type":"log","timestamp":1708455155222,"level":"info","message":"Rendering template { name: TemplateList, recipe: chrome-pdf, engine: handlebars, preview: true }","meta":{"rootId":"56fq9guvtyzq4dk","id":"56fq9guvtyzq4dk"},"id":"nety1yup48vvx0y","previousOperationId":"xbua71ugsb7bjx5"}
{"type":"log","timestamp":1708455155222,"level":"debug","message":"Data item not defined for this template.","meta":{"rootId":"56fq9guvtyzq4dk","id":"56fq9guvtyzq4dk"},"id":"zomwpdv4orrbzzw","previousOperationId":"xbua71ugsb7bjx5"}
{"type":"log","timestamp":1708455155224,"level":"debug","message":"Executing script list-data (beforeRender)","meta":{"rootId":"56fq9guvtyzq4dk","id":"56fq9guvtyzq4dk"},"id":"ppfeo6rn6kiqnsu","previousOperationId":"xbua71ugsb7bjx5"}
{"type":"operationStart","subtype":"scriptsBeforeRender","name":"scripts beforeRender","timestamp":1708455155231,"id":"huaceaisnyk92gi","previousEventId":"mj2kqn035hhyf2t","operationId":"tesc68vhdrh1m3y","previousOperationId":"xbua71ugsb7bjx5"}
{"type":"operationStart","subtype":"script","name":"scripts list-data","previousOperationId":"tesc68vhdrh1m3y","timestamp":1708455155231,"id":"pwe5zom7loczjjv","previousEventId":"huaceaisnyk92gi","operationId":"ktfb81g4iaz9ewg"}
{"type":"log","timestamp":1708455155257,"level":"debug","message":"(console:log) [\n  {\n    list_description: {\n      id: 3,\n      list_name: 'stjsjshtshn',\n      list_current_number: 0,\n      list_limit_number: 0\n    },\n    list_image: {\n      url: 'http://localhost:4000/rails/active_storage/blobs/redirect/eyJfcmFpbHMiOnsiZGF0YSI6NCwicHVyIjoiYmxvYl9pZCJ9fQ==--023aae65cb60b3f6c6d73a9c76e14c0b0df6ad86/dibujoadrian.jpg'\n    }\n  },\n  {\n    list_description: {\n      id: 1,\n      list_name: 'charcuteria',\n      list_current_number: 0,\n      list_limit_number: 0\n    },\n    list_image: {\n      url: 'http://localhost:4000/rails/active_storage/blobs/redirect/eyJfcmFpbHMiOnsiZGF0YSI6MiwicHVyIjoiYmxvYl9pZCJ9fQ==--ee6d56bf52163135b48a4ba2c22b11a93e94d3b3/charcuteria.png'\n    }\n  },\n  {\n    list_description: {\n      id: 2,\n      list_name: 'sarshisha',\n      list_current_number: 13,\n      list_limit_number: 0\n    },\n    list_image: {\n      url: 'http://localhost:4000/rails/active_storage/blobs/redirect/eyJfcmFpbHMiOnsiZGF0YSI6MywicHVyIjoiYmxvYl9pZCJ9fQ==--07183cfade35ce6ffe715f60749642919ec61f5d/charcuteria.png'\n    }\n  }\n]","meta":{"userLevel":true,"rootId":"56fq9guvtyzq4dk","id":"56fq9guvtyzq4dk"},"id":"tsgwowyfvuo708u","previousOperationId":"ktfb81g4iaz9ewg"}
{"type":"log","timestamp":1708455155269,"level":"debug","message":"(console:log) [\n  {\n    id: 1,\n    nickname: 'a',\n    is_admin: true,\n    suscriptor: null,\n    created_at: '2024-02-20T16:45:37.609Z',\n    updated_at: '2024-02-20T16:45:37.729Z',\n    email: 'a@a.a',\n    jti: '6a2b57ca-af4b-47a0-8285-477cffafa34b'\n  }\n]","meta":{"userLevel":true,"rootId":"56fq9guvtyzq4dk","id":"56fq9guvtyzq4dk"},"id":"7u45b2ltrqamgmm","previousOperationId":"ktfb81g4iaz9ewg"}
{"type":"operationEnd","operationId":"ktfb81g4iaz9ewg","timestamp":1708455155269,"id":"9xv1xcw18t7uvyf","previousEventId":"mj2kqn035hhyf2t","previousOperationId":"xbua71ugsb7bjx5"}
{"type":"operationEnd","operationId":"tesc68vhdrh1m3y","timestamp":1708455155269,"id":"age5zo00janjs3t","previousEventId":"9xv1xcw18t7uvyf","previousOperationId":"xbua71ugsb7bjx5"}
{"type":"log","timestamp":1708455155269,"level":"debug","message":"Base url not specified, skipping its injection.","meta":{"rootId":"56fq9guvtyzq4dk","id":"56fq9guvtyzq4dk"},"id":"q5clepc9nc2x9eu","previousOperationId":"tesc68vhdrh1m3y"}
{"type":"operationStart","subtype":"engine","name":"handlebars","timestamp":1708455155269,"id":"xo3i3gv0d6m9o1c","previousEventId":"age5zo00janjs3t","operationId":"s1s8gc9pz1jj5o4","previousOperationId":"tesc68vhdrh1m3y"}
{"type":"log","timestamp":1708455155269,"level":"debug","message":"Rendering engine handlebars","meta":{"rootId":"56fq9guvtyzq4dk","id":"56fq9guvtyzq4dk"},"id":"4jrijwqfgg9qa3w","previousOperationId":"s1s8gc9pz1jj5o4"}
{"type":"operationEnd","operationId":"s1s8gc9pz1jj5o4","timestamp":1708455155282,"id":"vvq6l1821mshjbl","previousEventId":"xo3i3gv0d6m9o1c","previousOperationId":"s1s8gc9pz1jj5o4"}
{"type":"operationStart","subtype":"recipe","name":"chrome-pdf","timestamp":1708455155285,"id":"uh094pstig4rkzl","previousEventId":"vvq6l1821mshjbl","operationId":"d8ih674g145jufe","previousOperationId":"s1s8gc9pz1jj5o4"}
{"type":"log","timestamp":1708455155285,"level":"debug","message":"Executing recipe chrome-pdf","meta":{"rootId":"56fq9guvtyzq4dk","id":"56fq9guvtyzq4dk"},"id":"s42p6xw51rz5qbr","previousOperationId":"d8ih674g145jufe"}
{"type":"log","timestamp":1708455155286,"level":"debug","message":"Converting with chrome HeadlessChrome/117.0.5938.149 using chrome-pool strategy","meta":{"rootId":"56fq9guvtyzq4dk","id":"56fq9guvtyzq4dk"},"id":"90tlicpplooyu0j","previousOperationId":"d8ih674g145jufe"}
{"type":"log","timestamp":1708455155322,"level":"debug","message":"Page request: GET (document) file:///tmp/jsreport/autocleanup/7f172aa5-3810-49e3-80c8-1c2f3f760eef-chrome-pdf.html","meta":{"rootId":"56fq9guvtyzq4dk","id":"56fq9guvtyzq4dk"},"id":"qizyhdpx9pqav72","previousOperationId":"d8ih674g145jufe"}
{"type":"log","timestamp":1708455155330,"level":"debug","message":"Page request: GET (stylesheet) https://cdn.jsdelivr.net/chartist.js/latest/chartist.min.css","meta":{"rootId":"56fq9guvtyzq4dk","id":"56fq9guvtyzq4dk"},"id":"z497yl49ua6kaha","previousOperationId":"d8ih674g145jufe"}
{"type":"log","timestamp":1708455155330,"level":"debug","message":"Page request: GET (script) https://cdn.jsdelivr.net/chartist.js/latest/chartist.min.js","meta":{"rootId":"56fq9guvtyzq4dk","id":"56fq9guvtyzq4dk"},"id":"ocscm2khnzt1vxa","previousOperationId":"d8ih674g145jufe"}
{"type":"log","timestamp":1708455155330,"level":"debug","message":"Page request: GET (script) https://code.jquery.com/jquery-3.6.0.min.js","meta":{"rootId":"56fq9guvtyzq4dk","id":"56fq9guvtyzq4dk"},"id":"l0eds2h7tvqdvrm","previousOperationId":"d8ih674g145jufe"}
{"type":"log","timestamp":1708455155331,"level":"debug","message":"Page request: GET (script) https://cdn.jsdelivr.net/npm/chart.js","meta":{"rootId":"56fq9guvtyzq4dk","id":"56fq9guvtyzq4dk"},"id":"21w7hfli76chf9v","previousOperationId":"d8ih674g145jufe"}
{"type":"log","timestamp":1708455155331,"level":"debug","message":"Page request finished: GET (document) 200 file:///tmp/jsreport/autocleanup/7f172aa5-3810-49e3-80c8-1c2f3f760eef-chrome-pdf.html","meta":{"rootId":"56fq9guvtyzq4dk","id":"56fq9guvtyzq4dk"},"id":"ed4qlwerjkn1bi9","previousOperationId":"d8ih674g145jufe"}
{"type":"log","timestamp":1708455155332,"level":"debug","message":"Page request finished: GET (stylesheet) 200 https://cdn.jsdelivr.net/chartist.js/latest/chartist.min.css","meta":{"rootId":"56fq9guvtyzq4dk","id":"56fq9guvtyzq4dk"},"id":"vjf4nuuzvxi0ox9","previousOperationId":"d8ih674g145jufe"}
{"type":"log","timestamp":1708455155333,"level":"debug","message":"Page request finished: GET (script) 200 https://cdn.jsdelivr.net/chartist.js/latest/chartist.min.js","meta":{"rootId":"56fq9guvtyzq4dk","id":"56fq9guvtyzq4dk"},"id":"jzxdkngx04qf4hi","previousOperationId":"d8ih674g145jufe"}
{"type":"log","timestamp":1708455155335,"level":"debug","message":"Page request finished: GET (script) 200 https://code.jquery.com/jquery-3.6.0.min.js","meta":{"rootId":"56fq9guvtyzq4dk","id":"56fq9guvtyzq4dk"},"id":"c6rtul42u0m6rey","previousOperationId":"d8ih674g145jufe"}
{"type":"log","timestamp":1708455155341,"level":"debug","message":"Page request finished: GET (script) 200 https://cdn.jsdelivr.net/npm/chart.js","meta":{"rootId":"56fq9guvtyzq4dk","id":"56fq9guvtyzq4dk"},"id":"41nwmsbucw66r2s","previousOperationId":"d8ih674g145jufe"}
{"type":"log","timestamp":1708455155389,"level":"debug","message":"Running chrome with params {\"printBackground\":true,\"timeout\":59929,\"margin\":{}}","meta":{"rootId":"56fq9guvtyzq4dk","id":"56fq9guvtyzq4dk"},"id":"w19txd3hrpzqjno","previousOperationId":"d8ih674g145jufe"}
{"type":"operationEnd","operationId":"d8ih674g145jufe","timestamp":1708455155411,"id":"ee7rjpuy6ehci3k","previousEventId":"uh094pstig4rkzl","previousOperationId":"d8ih674g145jufe"}
{"type":"log","timestamp":1708455155412,"level":"debug","message":"Skipping storing report.","meta":{"rootId":"56fq9guvtyzq4dk","id":"56fq9guvtyzq4dk"},"id":"jy13ah2k8lwdajz","previousOperationId":"d8ih674g145jufe"}
{"type":"log","timestamp":1708455155412,"level":"info","message":"Rendering request 29 finished in 197 ms","meta":{"rootId":"56fq9guvtyzq4dk","id":"56fq9guvtyzq4dk"},"id":"gdgcwghta4wrsgp","previousOperationId":"d8ih674g145jufe"}
{"type":"operationEnd","subtype":"render","operationId":"xbua71ugsb7bjx5","timestamp":1708455155412,"id":"nl2b84914i68inj","previousEventId":"ee7rjpuy6ehci3k","previousOperationId":"d8ih674g145jufe"}
{"type":"operationEnd","doDiffs":false,"previousEventId":"p7mdj39cocmuhqq","previousOperationId":"wyyooi4yu74fceq","operationId":"wyyooi4yu74fceq","timestamp":1708455155414,"id":"ckabb6cd27pl5d7"}
