{"type":"operationStart","subtype":"profile","data":{"_id":"FwPrzYOCJtLonv5a","timestamp":"2024-02-20T18:54:54.994Z","state":"queued","mode":"standard","creationDate":"2024-02-20T18:54:54.995Z","modificationDate":"2024-02-20T18:54:54.995Z","shortid":"MBSHBzp","$entitySet":"profiles"},"doDiffs":false,"timestamp":1708455294995,"id":"hufktukk43rqzf3","previousOperationId":null,"operationId":"hpqltdxikghfozq"}
{"type":"log","level":"info","message":"Render request 33 queued for execution and waiting for available worker","previousOperationId":"hpqltdxikghfozq","timestamp":1708455294995,"id":"9hn5a6mdbzsrmib"}
{"type":"operationStart","subtype":"render","name":"TemplateList","previousOperationId":"hpqltdxikghfozq","timestamp":1708455294999,"id":"9l6qog3noe94i9h","previousEventId":"hufktukk43rqzf3","operationId":"qns1tgexwzo5wp9"}
{"type":"log","timestamp":1708455294999,"level":"info","message":"Starting rendering request 33","meta":{"rootId":"5kegkmy4f8wfyzr","id":"5kegkmy4f8wfyzr"},"id":"t9cow05n5yedozn","previousOperationId":"qns1tgexwzo5wp9"}
{"type":"log","timestamp":1708455294999,"level":"info","message":"Rendering template { name: TemplateList, recipe: chrome-pdf, engine: handlebars, preview: true }","meta":{"rootId":"5kegkmy4f8wfyzr","id":"5kegkmy4f8wfyzr"},"id":"cyrp2p9qnuqrxm5","previousOperationId":"qns1tgexwzo5wp9"}
{"type":"log","timestamp":1708455294999,"level":"debug","message":"Data item not defined for this template.","meta":{"rootId":"5kegkmy4f8wfyzr","id":"5kegkmy4f8wfyzr"},"id":"qcwrdsj17kgvb9u","previousOperationId":"qns1tgexwzo5wp9"}
{"type":"log","timestamp":1708455295000,"level":"debug","message":"Executing script list-data (beforeRender)","meta":{"rootId":"5kegkmy4f8wfyzr","id":"5kegkmy4f8wfyzr"},"id":"q96s7iwepdj0734","previousOperationId":"qns1tgexwzo5wp9"}
{"type":"operationStart","subtype":"scriptsBeforeRender","name":"scripts beforeRender","timestamp":1708455295005,"id":"z1t3scv739wfyu2","previousEventId":"9l6qog3noe94i9h","operationId":"v47qn7vvldpho3a","previousOperationId":"qns1tgexwzo5wp9"}
{"type":"operationStart","subtype":"script","name":"scripts list-data","previousOperationId":"v47qn7vvldpho3a","timestamp":1708455295005,"id":"era5o7d29y1w7zj","previousEventId":"z1t3scv739wfyu2","operationId":"rhb3kjrn7t732eo"}
{"type":"log","timestamp":1708455295022,"level":"debug","message":"(console:log) [\n  {\n    list_description: {\n      id: 2,\n      list_name: 'sarshisha',\n      list_current_number: 13,\n      list_limit_number: 0\n    },\n    list_image: {\n      url: 'http://localhost:4000/rails/active_storage/blobs/redirect/eyJfcmFpbHMiOnsiZGF0YSI6MywicHVyIjoiYmxvYl9pZCJ9fQ==--07183cfade35ce6ffe715f60749642919ec61f5d/charcuteria.png'\n    }\n  },\n  {\n    list_description: {\n      id: 3,\n      list_name: 'stjsjshtshn',\n      list_current_number: 4,\n      list_limit_number: 0\n    },\n    list_image: {\n      url: 'http://localhost:4000/rails/active_storage/blobs/redirect/eyJfcmFpbHMiOnsiZGF0YSI6NCwicHVyIjoiYmxvYl9pZCJ9fQ==--023aae65cb60b3f6c6d73a9c76e14c0b0df6ad86/dibujoadrian.jpg'\n    }\n  },\n  {\n    list_description: {\n      id: 1,\n      list_name: 'charcuteria',\n      list_current_number: 1,\n      list_limit_number: 0\n    },\n    list_image: {\n      url: 'http://localhost:4000/rails/active_storage/blobs/redirect/eyJfcmFpbHMiOnsiZGF0YSI6MiwicHVyIjoiYmxvYl9pZCJ9fQ==--ee6d56bf52163135b48a4ba2c22b11a93e94d3b3/charcuteria.png'\n    }\n  }\n]","meta":{"userLevel":true,"rootId":"5kegkmy4f8wfyzr","id":"5kegkmy4f8wfyzr"},"id":"l6n15mn8axgbglo","previousOperationId":"rhb3kjrn7t732eo"}
{"type":"log","timestamp":1708455295029,"level":"debug","message":"(console:log) [\n  {\n    id: 1,\n    nickname: 'a',\n    is_admin: true,\n    suscriptor: null,\n    created_at: '2024-02-20T16:45:37.609Z',\n    updated_at: '2024-02-20T16:45:37.729Z',\n    email: 'a@a.a',\n    jti: '6a2b57ca-af4b-47a0-8285-477cffafa34b'\n  }\n]","meta":{"userLevel":true,"rootId":"5kegkmy4f8wfyzr","id":"5kegkmy4f8wfyzr"},"id":"puedfap2tun9wbq","previousOperationId":"rhb3kjrn7t732eo"}
{"type":"operationEnd","operationId":"rhb3kjrn7t732eo","timestamp":1708455295030,"id":"35sn8fiwdx0q44i","previousEventId":"9l6qog3noe94i9h","previousOperationId":"qns1tgexwzo5wp9"}
{"type":"operationEnd","operationId":"v47qn7vvldpho3a","timestamp":1708455295030,"id":"g0nfnhgwn0xss7s","previousEventId":"35sn8fiwdx0q44i","previousOperationId":"qns1tgexwzo5wp9"}
{"type":"log","timestamp":1708455295030,"level":"debug","message":"Base url not specified, skipping its injection.","meta":{"rootId":"5kegkmy4f8wfyzr","id":"5kegkmy4f8wfyzr"},"id":"tzd366jszeazhj9","previousOperationId":"v47qn7vvldpho3a"}
{"type":"operationStart","subtype":"engine","name":"handlebars","timestamp":1708455295030,"id":"7zkyjabnt7n4k9c","previousEventId":"g0nfnhgwn0xss7s","operationId":"ozjacy7dnkb30qz","previousOperationId":"v47qn7vvldpho3a"}
{"type":"log","timestamp":1708455295030,"level":"debug","message":"Rendering engine handlebars","meta":{"rootId":"5kegkmy4f8wfyzr","id":"5kegkmy4f8wfyzr"},"id":"ocl17gocbhg44z2","previousOperationId":"ozjacy7dnkb30qz"}
{"type":"operationEnd","operationId":"ozjacy7dnkb30qz","timestamp":1708455295042,"id":"bodezm1nmefymdm","previousEventId":"7zkyjabnt7n4k9c","previousOperationId":"ozjacy7dnkb30qz"}
{"type":"operationStart","subtype":"recipe","name":"chrome-pdf","timestamp":1708455295042,"id":"7b5seit706nv5g5","previousEventId":"bodezm1nmefymdm","operationId":"9cn2dzdw8rz1nbj","previousOperationId":"ozjacy7dnkb30qz"}
{"type":"log","timestamp":1708455295042,"level":"debug","message":"Executing recipe chrome-pdf","meta":{"rootId":"5kegkmy4f8wfyzr","id":"5kegkmy4f8wfyzr"},"id":"efipmi6msl76c7v","previousOperationId":"9cn2dzdw8rz1nbj"}
{"type":"log","timestamp":1708455295044,"level":"debug","message":"Converting with chrome HeadlessChrome/117.0.5938.149 using chrome-pool strategy","meta":{"rootId":"5kegkmy4f8wfyzr","id":"5kegkmy4f8wfyzr"},"id":"vuopesizr6j0hvr","previousOperationId":"9cn2dzdw8rz1nbj"}
{"type":"log","timestamp":1708455295081,"level":"debug","message":"Page request: GET (document) file:///tmp/jsreport/autocleanup/75dedf03-5f1e-4f78-bfe7-8b030825decd-chrome-pdf.html","meta":{"rootId":"5kegkmy4f8wfyzr","id":"5kegkmy4f8wfyzr"},"id":"5au0tbgbe8dkp4g","previousOperationId":"9cn2dzdw8rz1nbj"}
{"type":"log","timestamp":1708455295091,"level":"debug","message":"Page request: GET (stylesheet) https://cdn.jsdelivr.net/chartist.js/latest/chartist.min.css","meta":{"rootId":"5kegkmy4f8wfyzr","id":"5kegkmy4f8wfyzr"},"id":"ap4a50o3qyt3fwq","previousOperationId":"9cn2dzdw8rz1nbj"}
{"type":"log","timestamp":1708455295092,"level":"debug","message":"Page request: GET (script) https://cdn.jsdelivr.net/chartist.js/latest/chartist.min.js","meta":{"rootId":"5kegkmy4f8wfyzr","id":"5kegkmy4f8wfyzr"},"id":"lrleubug1rzny47","previousOperationId":"9cn2dzdw8rz1nbj"}
{"type":"log","timestamp":1708455295092,"level":"debug","message":"Page request: GET (script) https://code.jquery.com/jquery-3.6.0.min.js","meta":{"rootId":"5kegkmy4f8wfyzr","id":"5kegkmy4f8wfyzr"},"id":"humi4dkiz3n3l2o","previousOperationId":"9cn2dzdw8rz1nbj"}
{"type":"log","timestamp":1708455295093,"level":"debug","message":"Page request: GET (script) https://cdn.jsdelivr.net/npm/chart.js","meta":{"rootId":"5kegkmy4f8wfyzr","id":"5kegkmy4f8wfyzr"},"id":"40hfyp19ecxlcvj","previousOperationId":"9cn2dzdw8rz1nbj"}
{"type":"log","timestamp":1708455295093,"level":"debug","message":"Page request finished: GET (document) 200 file:///tmp/jsreport/autocleanup/75dedf03-5f1e-4f78-bfe7-8b030825decd-chrome-pdf.html","meta":{"rootId":"5kegkmy4f8wfyzr","id":"5kegkmy4f8wfyzr"},"id":"9usb99ufrl7vdig","previousOperationId":"9cn2dzdw8rz1nbj"}
{"type":"log","timestamp":1708455295095,"level":"debug","message":"Page request finished: GET (stylesheet) 200 https://cdn.jsdelivr.net/chartist.js/latest/chartist.min.css","meta":{"rootId":"5kegkmy4f8wfyzr","id":"5kegkmy4f8wfyzr"},"id":"eei8skwlwq93oxh","previousOperationId":"9cn2dzdw8rz1nbj"}
{"type":"log","timestamp":1708455295096,"level":"debug","message":"Page request finished: GET (script) 200 https://cdn.jsdelivr.net/chartist.js/latest/chartist.min.js","meta":{"rootId":"5kegkmy4f8wfyzr","id":"5kegkmy4f8wfyzr"},"id":"v8qfx83itfpf7pa","previousOperationId":"9cn2dzdw8rz1nbj"}
{"type":"log","timestamp":1708455295100,"level":"debug","message":"Page request finished: GET (script) 200 https://code.jquery.com/jquery-3.6.0.min.js","meta":{"rootId":"5kegkmy4f8wfyzr","id":"5kegkmy4f8wfyzr"},"id":"i74has8crhq0nyw","previousOperationId":"9cn2dzdw8rz1nbj"}
{"type":"log","timestamp":1708455295105,"level":"debug","message":"Page request finished: GET (script) 200 https://cdn.jsdelivr.net/npm/chart.js","meta":{"rootId":"5kegkmy4f8wfyzr","id":"5kegkmy4f8wfyzr"},"id":"oxytpefvig37zer","previousOperationId":"9cn2dzdw8rz1nbj"}
{"type":"log","timestamp":1708455295154,"level":"debug","message":"Running chrome with params {\"printBackground\":true,\"timeout\":59951,\"margin\":{}}","meta":{"rootId":"5kegkmy4f8wfyzr","id":"5kegkmy4f8wfyzr"},"id":"wtks8mfi9vycgsp","previousOperationId":"9cn2dzdw8rz1nbj"}
{"type":"operationEnd","operationId":"9cn2dzdw8rz1nbj","timestamp":1708455295180,"id":"e82244ijtx12mfz","previousEventId":"7b5seit706nv5g5","previousOperationId":"9cn2dzdw8rz1nbj"}
{"type":"log","timestamp":1708455295181,"level":"debug","message":"Skipping storing report.","meta":{"rootId":"5kegkmy4f8wfyzr","id":"5kegkmy4f8wfyzr"},"id":"syzthphxm95fj01","previousOperationId":"9cn2dzdw8rz1nbj"}
{"type":"log","timestamp":1708455295181,"level":"info","message":"Rendering request 33 finished in 187 ms","meta":{"rootId":"5kegkmy4f8wfyzr","id":"5kegkmy4f8wfyzr"},"id":"ae4r5k939s9cnig","previousOperationId":"9cn2dzdw8rz1nbj"}
{"type":"operationEnd","subtype":"render","operationId":"qns1tgexwzo5wp9","timestamp":1708455295181,"id":"c7ndy4wq9588ol6","previousEventId":"e82244ijtx12mfz","previousOperationId":"9cn2dzdw8rz1nbj"}
{"type":"operationEnd","doDiffs":false,"previousEventId":"hufktukk43rqzf3","previousOperationId":"hpqltdxikghfozq","operationId":"hpqltdxikghfozq","timestamp":1708455295183,"id":"dfn1uuj6km1httj"}
