{"type":"operationStart","subtype":"profile","data":{"_id":"Xr0itmKJisotROli","timestamp":"2024-02-20T18:51:08.135Z","state":"queued","mode":"standard","creationDate":"2024-02-20T18:51:08.135Z","modificationDate":"2024-02-20T18:51:08.135Z","shortid":"JNWRcZF","$entitySet":"profiles"},"doDiffs":false,"timestamp":1708455068135,"id":"c3d8zz4n6dcf5i7","previousOperationId":null,"operationId":"eyetg9an52mim35"}
{"type":"log","level":"info","message":"Render request 21 queued for execution and waiting for available worker","previousOperationId":"eyetg9an52mim35","timestamp":1708455068135,"id":"a73284kwpw0yemi"}
{"type":"operationStart","subtype":"render","name":"TemplateList","previousOperationId":"eyetg9an52mim35","timestamp":1708455068140,"id":"wud414ua5fuhwr0","previousEventId":"c3d8zz4n6dcf5i7","operationId":"dix5dax18r0uf21"}
{"type":"log","timestamp":1708455068140,"level":"info","message":"Starting rendering request 21","meta":{"rootId":"5pj8yes2zcu1fxw","id":"5pj8yes2zcu1fxw"},"id":"ufj12a9obw5tpv6","previousOperationId":"dix5dax18r0uf21"}
{"type":"log","timestamp":1708455068140,"level":"info","message":"Rendering template { name: TemplateList, recipe: chrome-pdf, engine: handlebars, preview: true }","meta":{"rootId":"5pj8yes2zcu1fxw","id":"5pj8yes2zcu1fxw"},"id":"ee1h630xye6vxx0","previousOperationId":"dix5dax18r0uf21"}
{"type":"log","timestamp":1708455068140,"level":"debug","message":"Data item not defined for this template.","meta":{"rootId":"5pj8yes2zcu1fxw","id":"5pj8yes2zcu1fxw"},"id":"fv8sm32tssust0c","previousOperationId":"dix5dax18r0uf21"}
{"type":"log","timestamp":1708455068141,"level":"debug","message":"Executing script list-data (beforeRender)","meta":{"rootId":"5pj8yes2zcu1fxw","id":"5pj8yes2zcu1fxw"},"id":"qs043ji07zw3b6d","previousOperationId":"dix5dax18r0uf21"}
{"type":"operationStart","subtype":"scriptsBeforeRender","name":"scripts beforeRender","timestamp":1708455068146,"id":"2gevo3pr6rh6483","previousEventId":"wud414ua5fuhwr0","operationId":"dd2u82xbze3twl2","previousOperationId":"dix5dax18r0uf21"}
{"type":"operationStart","subtype":"script","name":"scripts list-data","previousOperationId":"dd2u82xbze3twl2","timestamp":1708455068146,"id":"k7ajwijb1gejcsb","previousEventId":"2gevo3pr6rh6483","operationId":"u260p5bgjjjd2l8"}
{"type":"log","timestamp":1708455068168,"level":"debug","message":"(console:log) [\n  {\n    list_description: {\n      id: 3,\n      list_name: 'stjsjshtshn',\n      list_current_number: 0,\n      list_limit_number: 0\n    },\n    list_image: {\n      url: 'http://localhost:4000/rails/active_storage/blobs/redirect/eyJfcmFpbHMiOnsiZGF0YSI6NCwicHVyIjoiYmxvYl9pZCJ9fQ==--023aae65cb60b3f6c6d73a9c76e14c0b0df6ad86/dibujoadrian.jpg'\n    }\n  },\n  {\n    list_description: {\n      id: 1,\n      list_name: 'charcuteria',\n      list_current_number: 0,\n      list_limit_number: 0\n    },\n    list_image: {\n      url: 'http://localhost:4000/rails/active_storage/blobs/redirect/eyJfcmFpbHMiOnsiZGF0YSI6MiwicHVyIjoiYmxvYl9pZCJ9fQ==--ee6d56bf52163135b48a4ba2c22b11a93e94d3b3/charcuteria.png'\n    }\n  },\n  {\n    list_description: {\n      id: 2,\n      list_name: 'sarshisha',\n      list_current_number: 13,\n      list_limit_number: 0\n    },\n    list_image: {\n      url: 'http://localhost:4000/rails/active_storage/blobs/redirect/eyJfcmFpbHMiOnsiZGF0YSI6MywicHVyIjoiYmxvYl9pZCJ9fQ==--07183cfade35ce6ffe715f60749642919ec61f5d/charcuteria.png'\n    }\n  }\n]","meta":{"userLevel":true,"rootId":"5pj8yes2zcu1fxw","id":"5pj8yes2zcu1fxw"},"id":"ilui7go3hu8vw1c","previousOperationId":"u260p5bgjjjd2l8"}
{"type":"log","timestamp":1708455068174,"level":"debug","message":"(console:log) [\n  {\n    id: 1,\n    nickname: 'a',\n    is_admin: true,\n    suscriptor: null,\n    created_at: '2024-02-20T16:45:37.609Z',\n    updated_at: '2024-02-20T16:45:37.729Z',\n    email: 'a@a.a',\n    jti: '6a2b57ca-af4b-47a0-8285-477cffafa34b'\n  }\n]","meta":{"userLevel":true,"rootId":"5pj8yes2zcu1fxw","id":"5pj8yes2zcu1fxw"},"id":"5h3fofp1z6hqqq5","previousOperationId":"u260p5bgjjjd2l8"}
{"type":"operationEnd","operationId":"u260p5bgjjjd2l8","timestamp":1708455068175,"id":"1ahcumb60d2ybrw","previousEventId":"wud414ua5fuhwr0","previousOperationId":"dix5dax18r0uf21"}
{"type":"operationEnd","operationId":"dd2u82xbze3twl2","timestamp":1708455068175,"id":"m8ea4njjjj2s3r6","previousEventId":"1ahcumb60d2ybrw","previousOperationId":"dix5dax18r0uf21"}
{"type":"log","timestamp":1708455068175,"level":"debug","message":"Base url not specified, skipping its injection.","meta":{"rootId":"5pj8yes2zcu1fxw","id":"5pj8yes2zcu1fxw"},"id":"asa4yveemd42wrj","previousOperationId":"dd2u82xbze3twl2"}
{"type":"operationStart","subtype":"engine","name":"handlebars","timestamp":1708455068175,"id":"1zgybv9n1yfcwk4","previousEventId":"m8ea4njjjj2s3r6","operationId":"8agspxqth5q07yo","previousOperationId":"dd2u82xbze3twl2"}
{"type":"log","timestamp":1708455068175,"level":"debug","message":"Rendering engine handlebars","meta":{"rootId":"5pj8yes2zcu1fxw","id":"5pj8yes2zcu1fxw"},"id":"njmxd3eem5v82xu","previousOperationId":"8agspxqth5q07yo"}
{"type":"operationEnd","operationId":"8agspxqth5q07yo","timestamp":1708455068188,"id":"x5dxc03cof426f0","previousEventId":"1zgybv9n1yfcwk4","previousOperationId":"8agspxqth5q07yo"}
{"type":"operationStart","subtype":"recipe","name":"chrome-pdf","timestamp":1708455068188,"id":"d6bmcuvqq2yz23e","previousEventId":"x5dxc03cof426f0","operationId":"w7thn7sr9vwb6cl","previousOperationId":"8agspxqth5q07yo"}
{"type":"log","timestamp":1708455068188,"level":"debug","message":"Executing recipe chrome-pdf","meta":{"rootId":"5pj8yes2zcu1fxw","id":"5pj8yes2zcu1fxw"},"id":"wbfd6ikpgm588ja","previousOperationId":"w7thn7sr9vwb6cl"}
{"type":"log","timestamp":1708455068190,"level":"debug","message":"Converting with chrome HeadlessChrome/117.0.5938.149 using chrome-pool strategy","meta":{"rootId":"5pj8yes2zcu1fxw","id":"5pj8yes2zcu1fxw"},"id":"y6a6h9jo5y2ws43","previousOperationId":"w7thn7sr9vwb6cl"}
{"type":"log","timestamp":1708455068225,"level":"debug","message":"Page request: GET (document) file:///tmp/jsreport/autocleanup/e74ed224-2a80-445b-ac59-23b9a52a9269-chrome-pdf.html","meta":{"rootId":"5pj8yes2zcu1fxw","id":"5pj8yes2zcu1fxw"},"id":"uvd6y2hs2isuvec","previousOperationId":"w7thn7sr9vwb6cl"}
{"type":"log","timestamp":1708455068234,"level":"debug","message":"Page request: GET (stylesheet) https://cdn.jsdelivr.net/chartist.js/latest/chartist.min.css","meta":{"rootId":"5pj8yes2zcu1fxw","id":"5pj8yes2zcu1fxw"},"id":"86e2xr7w0ap8esm","previousOperationId":"w7thn7sr9vwb6cl"}
{"type":"log","timestamp":1708455068234,"level":"debug","message":"Page request: GET (script) https://cdn.jsdelivr.net/chartist.js/latest/chartist.min.js","meta":{"rootId":"5pj8yes2zcu1fxw","id":"5pj8yes2zcu1fxw"},"id":"x5rh02mt9rgbq7l","previousOperationId":"w7thn7sr9vwb6cl"}
{"type":"log","timestamp":1708455068235,"level":"debug","message":"Page request: GET (script) https://code.jquery.com/jquery-3.6.0.min.js","meta":{"rootId":"5pj8yes2zcu1fxw","id":"5pj8yes2zcu1fxw"},"id":"t3esfim55h5ht3k","previousOperationId":"w7thn7sr9vwb6cl"}
{"type":"log","timestamp":1708455068235,"level":"debug","message":"Page request: GET (script) https://cdn.jsdelivr.net/npm/chart.js","meta":{"rootId":"5pj8yes2zcu1fxw","id":"5pj8yes2zcu1fxw"},"id":"dnf4dg2dblt0b2v","previousOperationId":"w7thn7sr9vwb6cl"}
{"type":"log","timestamp":1708455068235,"level":"debug","message":"Page request finished: GET (document) 200 file:///tmp/jsreport/autocleanup/e74ed224-2a80-445b-ac59-23b9a52a9269-chrome-pdf.html","meta":{"rootId":"5pj8yes2zcu1fxw","id":"5pj8yes2zcu1fxw"},"id":"ud2nw2hbr6pzu7z","previousOperationId":"w7thn7sr9vwb6cl"}
{"type":"log","timestamp":1708455068237,"level":"debug","message":"Page request finished: GET (stylesheet) 200 https://cdn.jsdelivr.net/chartist.js/latest/chartist.min.css","meta":{"rootId":"5pj8yes2zcu1fxw","id":"5pj8yes2zcu1fxw"},"id":"2ur1n4z73dddplh","previousOperationId":"w7thn7sr9vwb6cl"}
{"type":"log","timestamp":1708455068240,"level":"debug","message":"Page request finished: GET (script) 200 https://cdn.jsdelivr.net/chartist.js/latest/chartist.min.js","meta":{"rootId":"5pj8yes2zcu1fxw","id":"5pj8yes2zcu1fxw"},"id":"2v9r94elg0g4yi1","previousOperationId":"w7thn7sr9vwb6cl"}
{"type":"log","timestamp":1708455068241,"level":"debug","message":"Page request finished: GET (script) 200 https://code.jquery.com/jquery-3.6.0.min.js","meta":{"rootId":"5pj8yes2zcu1fxw","id":"5pj8yes2zcu1fxw"},"id":"3w6lqfqi9vjsygf","previousOperationId":"w7thn7sr9vwb6cl"}
{"type":"log","timestamp":1708455068246,"level":"debug","message":"Page request finished: GET (script) 200 https://cdn.jsdelivr.net/npm/chart.js","meta":{"rootId":"5pj8yes2zcu1fxw","id":"5pj8yes2zcu1fxw"},"id":"rvwm76vpxgu61gs","previousOperationId":"w7thn7sr9vwb6cl"}
{"type":"log","timestamp":1708455068295,"level":"debug","message":"Running chrome with params {\"printBackground\":true,\"timeout\":59945,\"margin\":{}}","meta":{"rootId":"5pj8yes2zcu1fxw","id":"5pj8yes2zcu1fxw"},"id":"iy7k0h7eo87a927","previousOperationId":"w7thn7sr9vwb6cl"}
{"type":"operationEnd","operationId":"w7thn7sr9vwb6cl","timestamp":1708455068321,"id":"3pu10c04rnvwlcp","previousEventId":"d6bmcuvqq2yz23e","previousOperationId":"w7thn7sr9vwb6cl"}
{"type":"log","timestamp":1708455068321,"level":"debug","message":"Skipping storing report.","meta":{"rootId":"5pj8yes2zcu1fxw","id":"5pj8yes2zcu1fxw"},"id":"axuvs3zvaaicw11","previousOperationId":"w7thn7sr9vwb6cl"}
{"type":"log","timestamp":1708455068322,"level":"info","message":"Rendering request 21 finished in 188 ms","meta":{"rootId":"5pj8yes2zcu1fxw","id":"5pj8yes2zcu1fxw"},"id":"kpkpvp5vlrcgkbp","previousOperationId":"w7thn7sr9vwb6cl"}
{"type":"operationEnd","subtype":"render","operationId":"dix5dax18r0uf21","timestamp":1708455068322,"id":"8vj8gsybfjano3b","previousEventId":"3pu10c04rnvwlcp","previousOperationId":"w7thn7sr9vwb6cl"}
{"type":"operationEnd","doDiffs":false,"previousEventId":"c3d8zz4n6dcf5i7","previousOperationId":"eyetg9an52mim35","operationId":"eyetg9an52mim35","timestamp":1708455068324,"id":"4k449of5x89nrci"}
