{"type":"operationStart","subtype":"profile","data":{"_id":"HTXm102axBoBMlu3","timestamp":"2024-02-20T17:17:25.866Z","state":"queued","mode":"standard","creationDate":"2024-02-20T17:17:25.870Z","modificationDate":"2024-02-20T17:17:25.870Z","shortid":"ludsyby","$entitySet":"profiles"},"doDiffs":false,"timestamp":1708449445868,"id":"e3zhf1uzt6c6w7p","previousOperationId":null,"operationId":"rvhcojxbl7m2ql5"}
{"type":"log","level":"info","message":"Render request 45 queued for execution and waiting for available worker","previousOperationId":"rvhcojxbl7m2ql5","timestamp":1708449445868,"id":"yk5yyw4v013sj2z"}
{"type":"operationStart","subtype":"render","name":"TemplateList","previousOperationId":"rvhcojxbl7m2ql5","timestamp":1708449445876,"id":"p13plz6dk76grr7","previousEventId":"e3zhf1uzt6c6w7p","operationId":"2xbkxjm4ziroioo"}
{"type":"log","timestamp":1708449445876,"level":"info","message":"Starting rendering request 45","meta":{"rootId":"5rm9a45vj9mzqzg","id":"5rm9a45vj9mzqzg"},"id":"lyynut2aqomadfm","previousOperationId":"2xbkxjm4ziroioo"}
{"type":"log","timestamp":1708449445876,"level":"info","message":"Rendering template { name: TemplateList, recipe: chrome-pdf, engine: handlebars, preview: true }","meta":{"rootId":"5rm9a45vj9mzqzg","id":"5rm9a45vj9mzqzg"},"id":"hwx9h0m300xlcih","previousOperationId":"2xbkxjm4ziroioo"}
{"type":"log","timestamp":1708449445877,"level":"debug","message":"Data item not defined for this template.","meta":{"rootId":"5rm9a45vj9mzqzg","id":"5rm9a45vj9mzqzg"},"id":"p5lmmlnu42twkv2","previousOperationId":"2xbkxjm4ziroioo"}
{"type":"log","timestamp":1708449445881,"level":"debug","message":"Base url not specified, skipping its injection.","meta":{"rootId":"5rm9a45vj9mzqzg","id":"5rm9a45vj9mzqzg"},"id":"cel06idvux6eks2","previousOperationId":"2xbkxjm4ziroioo"}
{"type":"operationStart","subtype":"engine","name":"handlebars","timestamp":1708449445881,"id":"xfgcnrjwjb4oagg","previousEventId":"p13plz6dk76grr7","operationId":"gdo52zu2uqzqpj4","previousOperationId":"2xbkxjm4ziroioo"}
{"type":"log","timestamp":1708449445881,"level":"debug","message":"Rendering engine handlebars","meta":{"rootId":"5rm9a45vj9mzqzg","id":"5rm9a45vj9mzqzg"},"id":"nm5nwtzdno02yz6","previousOperationId":"gdo52zu2uqzqpj4"}
{"type":"operationEnd","operationId":"gdo52zu2uqzqpj4","timestamp":1708449445890,"id":"0tk0rtx4txfmr56","previousEventId":"xfgcnrjwjb4oagg","previousOperationId":"gdo52zu2uqzqpj4"}
{"type":"operationStart","subtype":"recipe","name":"chrome-pdf","timestamp":1708449445890,"id":"9ts5avag3eqvp9e","previousEventId":"0tk0rtx4txfmr56","operationId":"pi3028u46rwbies","previousOperationId":"gdo52zu2uqzqpj4"}
{"type":"log","timestamp":1708449445890,"level":"debug","message":"Executing recipe chrome-pdf","meta":{"rootId":"5rm9a45vj9mzqzg","id":"5rm9a45vj9mzqzg"},"id":"emj82vv0fix0g0z","previousOperationId":"pi3028u46rwbies"}
{"type":"log","timestamp":1708449445892,"level":"debug","message":"Converting with chrome HeadlessChrome/117.0.5938.149 using chrome-pool strategy","meta":{"rootId":"5rm9a45vj9mzqzg","id":"5rm9a45vj9mzqzg"},"id":"tlmygu4u8io7500","previousOperationId":"pi3028u46rwbies"}
{"type":"log","timestamp":1708449445923,"level":"debug","message":"Page request: GET (document) file:///tmp/jsreport/autocleanup/b0fc13f7-f301-452d-9972-2abd1a6b7755-chrome-pdf.html","meta":{"rootId":"5rm9a45vj9mzqzg","id":"5rm9a45vj9mzqzg"},"id":"da2wdy36o83nl2p","previousOperationId":"pi3028u46rwbies"}
{"type":"log","timestamp":1708449445930,"level":"debug","message":"Page request: GET (stylesheet) https://cdn.jsdelivr.net/chartist.js/latest/chartist.min.css","meta":{"rootId":"5rm9a45vj9mzqzg","id":"5rm9a45vj9mzqzg"},"id":"sdlvk1ywjxea38l","previousOperationId":"pi3028u46rwbies"}
{"type":"log","timestamp":1708449445930,"level":"debug","message":"Page request: GET (script) https://cdn.jsdelivr.net/chartist.js/latest/chartist.min.js","meta":{"rootId":"5rm9a45vj9mzqzg","id":"5rm9a45vj9mzqzg"},"id":"if2z244snuu885e","previousOperationId":"pi3028u46rwbies"}
{"type":"log","timestamp":1708449445931,"level":"debug","message":"Page request: GET (script) https://code.jquery.com/jquery-3.6.0.min.js","meta":{"rootId":"5rm9a45vj9mzqzg","id":"5rm9a45vj9mzqzg"},"id":"t6nar779mwql71i","previousOperationId":"pi3028u46rwbies"}
{"type":"log","timestamp":1708449445931,"level":"debug","message":"Page request finished: GET (document) 200 file:///tmp/jsreport/autocleanup/b0fc13f7-f301-452d-9972-2abd1a6b7755-chrome-pdf.html","meta":{"rootId":"5rm9a45vj9mzqzg","id":"5rm9a45vj9mzqzg"},"id":"jfpl4x44go3my9q","previousOperationId":"pi3028u46rwbies"}
{"type":"log","timestamp":1708449445933,"level":"debug","message":"Page request finished: GET (stylesheet) 200 https://cdn.jsdelivr.net/chartist.js/latest/chartist.min.css","meta":{"rootId":"5rm9a45vj9mzqzg","id":"5rm9a45vj9mzqzg"},"id":"ls8866uv23ml22s","previousOperationId":"pi3028u46rwbies"}
{"type":"log","timestamp":1708449445935,"level":"debug","message":"Page request finished: GET (script) 200 https://cdn.jsdelivr.net/chartist.js/latest/chartist.min.js","meta":{"rootId":"5rm9a45vj9mzqzg","id":"5rm9a45vj9mzqzg"},"id":"8i62w0v6vkoqig1","previousOperationId":"pi3028u46rwbies"}
{"type":"log","timestamp":1708449445936,"level":"debug","message":"Page request finished: GET (script) 200 https://code.jquery.com/jquery-3.6.0.min.js","meta":{"rootId":"5rm9a45vj9mzqzg","id":"5rm9a45vj9mzqzg"},"id":"ynforry264fjstl","previousOperationId":"pi3028u46rwbies"}
{"type":"log","timestamp":1708449445941,"level":"debug","message":"(console:log) Lists: ","meta":{"userLevel":true,"rootId":"5rm9a45vj9mzqzg","id":"5rm9a45vj9mzqzg"},"id":"x1ild6rl5fj0lpp","previousOperationId":"pi3028u46rwbies"}
{"type":"log","timestamp":1708449445943,"level":"debug","message":"Running chrome with params {\"printBackground\":true,\"timeout\":59975,\"margin\":{}}","meta":{"rootId":"5rm9a45vj9mzqzg","id":"5rm9a45vj9mzqzg"},"id":"0frkf4a4qtnowm1","previousOperationId":"pi3028u46rwbies"}
{"type":"operationEnd","operationId":"pi3028u46rwbies","timestamp":1708449445950,"id":"wpncmj7m8vblna9","previousEventId":"9ts5avag3eqvp9e","previousOperationId":"pi3028u46rwbies"}
{"type":"log","timestamp":1708449445950,"level":"debug","message":"Skipping storing report.","meta":{"rootId":"5rm9a45vj9mzqzg","id":"5rm9a45vj9mzqzg"},"id":"umf1mgr7gkwi8mo","previousOperationId":"pi3028u46rwbies"}
{"type":"log","timestamp":1708449445950,"level":"info","message":"Rendering request 45 finished in 84 ms","meta":{"rootId":"5rm9a45vj9mzqzg","id":"5rm9a45vj9mzqzg"},"id":"8uamen9e1is5a2d","previousOperationId":"pi3028u46rwbies"}
{"type":"operationEnd","subtype":"render","operationId":"2xbkxjm4ziroioo","timestamp":1708449445951,"id":"pnkpja27qha45o4","previousEventId":"wpncmj7m8vblna9","previousOperationId":"pi3028u46rwbies"}
{"type":"operationEnd","doDiffs":false,"previousEventId":"e3zhf1uzt6c6w7p","previousOperationId":"rvhcojxbl7m2ql5","operationId":"rvhcojxbl7m2ql5","timestamp":1708449445958,"id":"nkrvmtlyqy15opt"}
