{"type":"operationStart","subtype":"profile","data":{"_id":"Mkks77m7l7dRKMpt","timestamp":"2024-02-20T18:09:16.397Z","state":"queued","mode":"standard","creationDate":"2024-02-20T18:09:16.398Z","modificationDate":"2024-02-20T18:09:16.398Z","shortid":"4S6uMtQ","$entitySet":"profiles"},"doDiffs":false,"timestamp":1708452556397,"id":"rxhm5wb8kt65ibn","previousOperationId":null,"operationId":"h987jjr1z6ef3ej"}
{"type":"log","level":"info","message":"Render request 9 queued for execution and waiting for available worker","previousOperationId":"h987jjr1z6ef3ej","timestamp":1708452556397,"id":"azxhg4r7gl98hax"}
{"type":"operationStart","subtype":"render","name":"TemplateList","previousOperationId":"h987jjr1z6ef3ej","timestamp":1708452556404,"id":"j1e6dx0lk0kuoiz","previousEventId":"rxhm5wb8kt65ibn","operationId":"e1fj6766uuz50x4"}
{"type":"log","timestamp":1708452556404,"level":"info","message":"Starting rendering request 9","meta":{"rootId":"5vu7kkmimn1fmw0","id":"5vu7kkmimn1fmw0"},"id":"twbhb0h0w6muh8w","previousOperationId":"e1fj6766uuz50x4"}
{"type":"log","timestamp":1708452556404,"level":"info","message":"Rendering template { name: TemplateList, recipe: chrome-pdf, engine: handlebars, preview: true }","meta":{"rootId":"5vu7kkmimn1fmw0","id":"5vu7kkmimn1fmw0"},"id":"0episz0bngyjzrx","previousOperationId":"e1fj6766uuz50x4"}
{"type":"log","timestamp":1708452556405,"level":"debug","message":"Data item not defined for this template.","meta":{"rootId":"5vu7kkmimn1fmw0","id":"5vu7kkmimn1fmw0"},"id":"sdppu21x2r5zja7","previousOperationId":"e1fj6766uuz50x4"}
{"type":"log","timestamp":1708452556407,"level":"debug","message":"Executing script list-data (beforeRender)","meta":{"rootId":"5vu7kkmimn1fmw0","id":"5vu7kkmimn1fmw0"},"id":"djvxau0tl94iwwp","previousOperationId":"e1fj6766uuz50x4"}
{"type":"operationStart","subtype":"scriptsBeforeRender","name":"scripts beforeRender","timestamp":1708452556422,"id":"p3q1z7m0b4vb68a","previousEventId":"j1e6dx0lk0kuoiz","operationId":"ljdbqxw2ckf4n7y","previousOperationId":"e1fj6766uuz50x4"}
{"type":"operationStart","subtype":"script","name":"scripts list-data","previousOperationId":"ljdbqxw2ckf4n7y","timestamp":1708452556422,"id":"lsiy4xi73eo0sut","previousEventId":"p3q1z7m0b4vb68a","operationId":"2zsyhpa1obe44p3"}
{"type":"log","timestamp":1708452556451,"level":"debug","message":"(console:log) [\n  {\n    list_description: {\n      id: 1,\n      list_name: 'charcuteria',\n      list_current_number: 0,\n      list_limit_number: 0\n    },\n    list_image: {\n      url: 'http://localhost:4000/rails/active_storage/blobs/redirect/eyJfcmFpbHMiOnsiZGF0YSI6MiwicHVyIjoiYmxvYl9pZCJ9fQ==--ee6d56bf52163135b48a4ba2c22b11a93e94d3b3/charcuteria.png'\n    }\n  },\n  {\n    list_description: {\n      id: 2,\n      list_name: 'sarshisha',\n      list_current_number: 0,\n      list_limit_number: 0\n    },\n    list_image: {\n      url: 'http://localhost:4000/rails/active_storage/blobs/redirect/eyJfcmFpbHMiOnsiZGF0YSI6MywicHVyIjoiYmxvYl9pZCJ9fQ==--07183cfade35ce6ffe715f60749642919ec61f5d/charcuteria.png'\n    }\n  },\n  {\n    list_description: {\n      id: 3,\n      list_name: 'stjsjshtshn',\n      list_current_number: 0,\n      list_limit_number: 0\n    },\n    list_image: {\n      url: 'http://localhost:4000/rails/active_storage/blobs/redirect/eyJfcmFpbHMiOnsiZGF0YSI6NCwicHVyIjoiYmxvYl9pZCJ9fQ==--023aae65cb60b3f6c6d73a9c76e14c0b0df6ad86/dibujoadrian.jpg'\n    }\n  }\n]","meta":{"userLevel":true,"rootId":"5vu7kkmimn1fmw0","id":"5vu7kkmimn1fmw0"},"id":"ea925uvwesqk12x","previousOperationId":"2zsyhpa1obe44p3"}
{"type":"log","timestamp":1708452556458,"level":"debug","message":"(console:log) undefined","meta":{"userLevel":true,"rootId":"5vu7kkmimn1fmw0","id":"5vu7kkmimn1fmw0"},"id":"tzeflaracu4d9m8","previousOperationId":"2zsyhpa1obe44p3"}
{"type":"operationEnd","operationId":"2zsyhpa1obe44p3","timestamp":1708452556458,"id":"i7r2gpilgnsnlko","previousEventId":"j1e6dx0lk0kuoiz","previousOperationId":"e1fj6766uuz50x4"}
{"type":"operationEnd","operationId":"ljdbqxw2ckf4n7y","timestamp":1708452556458,"id":"bmg8wjrl8qzms31","previousEventId":"i7r2gpilgnsnlko","previousOperationId":"e1fj6766uuz50x4"}
{"type":"log","timestamp":1708452556458,"level":"debug","message":"Base url not specified, skipping its injection.","meta":{"rootId":"5vu7kkmimn1fmw0","id":"5vu7kkmimn1fmw0"},"id":"zvbmj734i75aaeu","previousOperationId":"ljdbqxw2ckf4n7y"}
{"type":"operationStart","subtype":"engine","name":"handlebars","timestamp":1708452556458,"id":"r5it3pfomc3zmkp","previousEventId":"bmg8wjrl8qzms31","operationId":"7qdb2nz6fht1vrg","previousOperationId":"ljdbqxw2ckf4n7y"}
{"type":"log","timestamp":1708452556458,"level":"debug","message":"Rendering engine handlebars","meta":{"rootId":"5vu7kkmimn1fmw0","id":"5vu7kkmimn1fmw0"},"id":"15q14qf17gitls5","previousOperationId":"7qdb2nz6fht1vrg"}
{"type":"operationEnd","operationId":"7qdb2nz6fht1vrg","timestamp":1708452556468,"id":"c1kzz3xewebmu25","previousEventId":"r5it3pfomc3zmkp","previousOperationId":"7qdb2nz6fht1vrg"}
{"type":"operationStart","subtype":"recipe","name":"chrome-pdf","timestamp":1708452556469,"id":"how6dsyv8fb642q","previousEventId":"c1kzz3xewebmu25","operationId":"tqxmevb7x88ik2w","previousOperationId":"7qdb2nz6fht1vrg"}
{"type":"log","timestamp":1708452556469,"level":"debug","message":"Executing recipe chrome-pdf","meta":{"rootId":"5vu7kkmimn1fmw0","id":"5vu7kkmimn1fmw0"},"id":"0cjy3qvfnkdqc8o","previousOperationId":"tqxmevb7x88ik2w"}
{"type":"log","timestamp":1708452556470,"level":"debug","message":"Converting with chrome HeadlessChrome/117.0.5938.149 using chrome-pool strategy","meta":{"rootId":"5vu7kkmimn1fmw0","id":"5vu7kkmimn1fmw0"},"id":"o40dhmpp69c4w7n","previousOperationId":"tqxmevb7x88ik2w"}
{"type":"log","timestamp":1708452556507,"level":"debug","message":"Page request: GET (document) file:///tmp/jsreport/autocleanup/8c08e921-8364-457c-9581-6307f49be069-chrome-pdf.html","meta":{"rootId":"5vu7kkmimn1fmw0","id":"5vu7kkmimn1fmw0"},"id":"yixve70x4oupixi","previousOperationId":"tqxmevb7x88ik2w"}
{"type":"log","timestamp":1708452556517,"level":"debug","message":"Page request: GET (stylesheet) https://cdn.jsdelivr.net/chartist.js/latest/chartist.min.css","meta":{"rootId":"5vu7kkmimn1fmw0","id":"5vu7kkmimn1fmw0"},"id":"g5pj92emidiyggl","previousOperationId":"tqxmevb7x88ik2w"}
{"type":"log","timestamp":1708452556517,"level":"debug","message":"Page request: GET (script) https://cdn.jsdelivr.net/chartist.js/latest/chartist.min.js","meta":{"rootId":"5vu7kkmimn1fmw0","id":"5vu7kkmimn1fmw0"},"id":"kibnwogp1a8ka6v","previousOperationId":"tqxmevb7x88ik2w"}
{"type":"log","timestamp":1708452556517,"level":"debug","message":"Page request: GET (script) https://code.jquery.com/jquery-3.6.0.min.js","meta":{"rootId":"5vu7kkmimn1fmw0","id":"5vu7kkmimn1fmw0"},"id":"3d9nc411pmerv0k","previousOperationId":"tqxmevb7x88ik2w"}
{"type":"log","timestamp":1708452556517,"level":"debug","message":"Page request finished: GET (document) 200 file:///tmp/jsreport/autocleanup/8c08e921-8364-457c-9581-6307f49be069-chrome-pdf.html","meta":{"rootId":"5vu7kkmimn1fmw0","id":"5vu7kkmimn1fmw0"},"id":"ckmah76xgzo1gkt","previousOperationId":"tqxmevb7x88ik2w"}
{"type":"log","timestamp":1708452556520,"level":"debug","message":"Page request finished: GET (stylesheet) 200 https://cdn.jsdelivr.net/chartist.js/latest/chartist.min.css","meta":{"rootId":"5vu7kkmimn1fmw0","id":"5vu7kkmimn1fmw0"},"id":"bpcv0t7ks5vnpnp","previousOperationId":"tqxmevb7x88ik2w"}
{"type":"log","timestamp":1708452556521,"level":"debug","message":"Page request finished: GET (script) 200 https://cdn.jsdelivr.net/chartist.js/latest/chartist.min.js","meta":{"rootId":"5vu7kkmimn1fmw0","id":"5vu7kkmimn1fmw0"},"id":"f1itf5l3o1txq8i","previousOperationId":"tqxmevb7x88ik2w"}
{"type":"log","timestamp":1708452556522,"level":"debug","message":"Page request finished: GET (script) 200 https://code.jquery.com/jquery-3.6.0.min.js","meta":{"rootId":"5vu7kkmimn1fmw0","id":"5vu7kkmimn1fmw0"},"id":"aa59ywszmwu7dzx","previousOperationId":"tqxmevb7x88ik2w"}
{"type":"log","timestamp":1708452556529,"level":"warn","message":"Page error: Unexpected identifier 'Object' , stack: SyntaxError: Unexpected identifier 'Object'","meta":{"rootId":"5vu7kkmimn1fmw0","id":"5vu7kkmimn1fmw0"},"id":"vckxej8swaupnux","previousOperationId":"tqxmevb7x88ik2w"}
{"type":"log","timestamp":1708452556533,"level":"debug","message":"Running chrome with params {\"printBackground\":true,\"timeout\":59928,\"margin\":{}}","meta":{"rootId":"5vu7kkmimn1fmw0","id":"5vu7kkmimn1fmw0"},"id":"fgmxvjvowrnemdi","previousOperationId":"tqxmevb7x88ik2w"}
{"type":"operationEnd","operationId":"tqxmevb7x88ik2w","timestamp":1708452556547,"id":"qttpk7gtjv9huq0","previousEventId":"how6dsyv8fb642q","previousOperationId":"tqxmevb7x88ik2w"}
{"type":"log","timestamp":1708452556547,"level":"debug","message":"Skipping storing report.","meta":{"rootId":"5vu7kkmimn1fmw0","id":"5vu7kkmimn1fmw0"},"id":"p3xz2js62qk6n75","previousOperationId":"tqxmevb7x88ik2w"}
{"type":"log","timestamp":1708452556547,"level":"info","message":"Rendering request 9 finished in 150 ms","meta":{"rootId":"5vu7kkmimn1fmw0","id":"5vu7kkmimn1fmw0"},"id":"z1g55vvgq12imh0","previousOperationId":"tqxmevb7x88ik2w"}
{"type":"operationEnd","subtype":"render","operationId":"e1fj6766uuz50x4","timestamp":1708452556547,"id":"f6kdtxlmmf7ml4g","previousEventId":"qttpk7gtjv9huq0","previousOperationId":"tqxmevb7x88ik2w"}
{"type":"operationEnd","doDiffs":false,"previousEventId":"rxhm5wb8kt65ibn","previousOperationId":"h987jjr1z6ef3ej","operationId":"h987jjr1z6ef3ej","timestamp":1708452556553,"id":"td53zrmtcxhqugd"}
