{"type":"operationStart","subtype":"profile","data":{"_id":"lVgyxwKFkGO3OMBA","timestamp":"2024-02-20T19:42:21.831Z","state":"queued","mode":"standard","creationDate":"2024-02-20T19:42:21.832Z","modificationDate":"2024-02-20T19:42:21.832Z","shortid":"vEj2zwJ","$entitySet":"profiles"},"doDiffs":false,"timestamp":1708458141831,"id":"57z8jgon2d555k6","previousOperationId":null,"operationId":"x1uccycm2sgx5f2"}
{"type":"log","level":"info","message":"Render request 94 queued for execution and waiting for available worker","previousOperationId":"x1uccycm2sgx5f2","timestamp":1708458141831,"id":"4hwfjycnnsdehv3"}
{"type":"operationStart","subtype":"render","name":"TemplateList","previousOperationId":"x1uccycm2sgx5f2","timestamp":1708458141839,"id":"finbibha2g0kfuq","previousEventId":"57z8jgon2d555k6","operationId":"bd17f72nkwmy6vf"}
{"type":"log","timestamp":1708458141839,"level":"info","message":"Starting rendering request 94","meta":{"rootId":"68rkgms0v8q1mgp","id":"68rkgms0v8q1mgp"},"id":"ezmt1itc1pxm0bz","previousOperationId":"bd17f72nkwmy6vf"}
{"type":"log","timestamp":1708458141839,"level":"info","message":"Rendering template { name: TemplateList, recipe: chrome-pdf, engine: handlebars, preview: false }","meta":{"rootId":"68rkgms0v8q1mgp","id":"68rkgms0v8q1mgp"},"id":"tnt8x1bp9tdk1b0","previousOperationId":"bd17f72nkwmy6vf"}
{"type":"log","timestamp":1708458141840,"level":"debug","message":"Data item not defined for this template.","meta":{"rootId":"68rkgms0v8q1mgp","id":"68rkgms0v8q1mgp"},"id":"6byyxnmtn7xkyb0","previousOperationId":"bd17f72nkwmy6vf"}
{"type":"log","timestamp":1708458141842,"level":"debug","message":"Executing script list-data (beforeRender)","meta":{"rootId":"68rkgms0v8q1mgp","id":"68rkgms0v8q1mgp"},"id":"7c5airqbo7nqasj","previousOperationId":"bd17f72nkwmy6vf"}
{"type":"operationStart","subtype":"scriptsBeforeRender","name":"scripts beforeRender","timestamp":1708458141845,"id":"dw0bcdyb0lwhm2v","previousEventId":"finbibha2g0kfuq","operationId":"h1hjo7ck8wg8ze4","previousOperationId":"bd17f72nkwmy6vf"}
{"type":"operationStart","subtype":"script","name":"scripts list-data","previousOperationId":"h1hjo7ck8wg8ze4","timestamp":1708458141845,"id":"w04iww5h9wgmn66","previousEventId":"dw0bcdyb0lwhm2v","operationId":"qgwoxjnzq9lv4ka"}
{"type":"log","timestamp":1708458141865,"level":"debug","message":"(console:log) [\n  {\n    list_description: {\n      id: 2,\n      list_name: 'sarshisha',\n      list_current_number: 13,\n      list_limit_number: 0\n    },\n    list_image: {\n      url: 'http://localhost:4000/rails/active_storage/blobs/redirect/eyJfcmFpbHMiOnsiZGF0YSI6MywicHVyIjoiYmxvYl9pZCJ9fQ==--07183cfade35ce6ffe715f60749642919ec61f5d/charcuteria.png'\n    }\n  },\n  {\n    list_description: {\n      id: 3,\n      list_name: 'stjsjshtshn',\n      list_current_number: 4,\n      list_limit_number: 0\n    },\n    list_image: {\n      url: 'http://localhost:4000/rails/active_storage/blobs/redirect/eyJfcmFpbHMiOnsiZGF0YSI6NCwicHVyIjoiYmxvYl9pZCJ9fQ==--023aae65cb60b3f6c6d73a9c76e14c0b0df6ad86/dibujoadrian.jpg'\n    }\n  },\n  {\n    list_description: {\n      id: 1,\n      list_name: 'charcuteria',\n      list_current_number: 1,\n      list_limit_number: 0\n    },\n    list_image: {\n      url: 'http://localhost:4000/rails/active_storage/blobs/redirect/eyJfcmFpbHMiOnsiZGF0YSI6MiwicHVyIjoiYmxvYl9pZCJ9fQ==--ee6d56bf52163135b48a4ba2c22b11a93e94d3b3/charcuteria.png'\n    }\n  }\n]","meta":{"userLevel":true,"rootId":"68rkgms0v8q1mgp","id":"68rkgms0v8q1mgp"},"id":"y0jjll9dq8hsk0v","previousOperationId":"qgwoxjnzq9lv4ka"}
{"type":"log","timestamp":1708458141872,"level":"debug","message":"(console:log) [\n  {\n    id: 1,\n    nickname: 'a',\n    is_admin: true,\n    suscriptor: null,\n    created_at: '2024-02-20T16:45:37.609Z',\n    updated_at: '2024-02-20T16:45:37.729Z',\n    email: 'a@a.a',\n    jti: '6a2b57ca-af4b-47a0-8285-477cffafa34b'\n  }\n]","meta":{"userLevel":true,"rootId":"68rkgms0v8q1mgp","id":"68rkgms0v8q1mgp"},"id":"eka1iek36a2l3yx","previousOperationId":"qgwoxjnzq9lv4ka"}
{"type":"operationEnd","operationId":"qgwoxjnzq9lv4ka","timestamp":1708458141873,"id":"v5god56095th1dg","previousEventId":"finbibha2g0kfuq","previousOperationId":"bd17f72nkwmy6vf"}
{"type":"operationEnd","operationId":"h1hjo7ck8wg8ze4","timestamp":1708458141873,"id":"i8vs47tuqw7bcxa","previousEventId":"v5god56095th1dg","previousOperationId":"bd17f72nkwmy6vf"}
{"type":"log","timestamp":1708458141873,"level":"debug","message":"Base url not specified, skipping its injection.","meta":{"rootId":"68rkgms0v8q1mgp","id":"68rkgms0v8q1mgp"},"id":"xnkb63b6fngxtgh","previousOperationId":"h1hjo7ck8wg8ze4"}
{"type":"operationStart","subtype":"engine","name":"handlebars","timestamp":1708458141873,"id":"u2hwgsnsugh4ffy","previousEventId":"i8vs47tuqw7bcxa","operationId":"581gbdwgmde62l7","previousOperationId":"h1hjo7ck8wg8ze4"}
{"type":"log","timestamp":1708458141873,"level":"debug","message":"Rendering engine handlebars","meta":{"rootId":"68rkgms0v8q1mgp","id":"68rkgms0v8q1mgp"},"id":"icwso25qzhwb0wb","previousOperationId":"581gbdwgmde62l7"}
{"type":"operationEnd","operationId":"581gbdwgmde62l7","timestamp":1708458141879,"id":"b9vl54036bc79c0","previousEventId":"u2hwgsnsugh4ffy","previousOperationId":"581gbdwgmde62l7"}
{"type":"operationStart","subtype":"recipe","name":"chrome-pdf","timestamp":1708458141879,"id":"wy1zz9btdyg9oec","previousEventId":"b9vl54036bc79c0","operationId":"hpsw2lk20t0mgnh","previousOperationId":"581gbdwgmde62l7"}
{"type":"log","timestamp":1708458141879,"level":"debug","message":"Executing recipe chrome-pdf","meta":{"rootId":"68rkgms0v8q1mgp","id":"68rkgms0v8q1mgp"},"id":"se1hu9extiqr2l5","previousOperationId":"hpsw2lk20t0mgnh"}
{"type":"log","timestamp":1708458141881,"level":"debug","message":"Converting with chrome HeadlessChrome/117.0.5938.149 using chrome-pool strategy","meta":{"rootId":"68rkgms0v8q1mgp","id":"68rkgms0v8q1mgp"},"id":"yh48flm0b9uzr88","previousOperationId":"hpsw2lk20t0mgnh"}
{"type":"log","timestamp":1708458141908,"level":"debug","message":"Page request: GET (document) file:///tmp/jsreport/autocleanup/8ad924f7-c730-409f-8349-e70708f614ac-chrome-pdf.html","meta":{"rootId":"68rkgms0v8q1mgp","id":"68rkgms0v8q1mgp"},"id":"xyfjg6hrred8vwu","previousOperationId":"hpsw2lk20t0mgnh"}
{"type":"log","timestamp":1708458141916,"level":"debug","message":"Page request: GET (stylesheet) https://cdn.jsdelivr.net/chartist.js/latest/chartist.min.css","meta":{"rootId":"68rkgms0v8q1mgp","id":"68rkgms0v8q1mgp"},"id":"y5v6bl610rn4zn5","previousOperationId":"hpsw2lk20t0mgnh"}
{"type":"log","timestamp":1708458141917,"level":"debug","message":"Page request: GET (script) https://cdn.jsdelivr.net/chartist.js/latest/chartist.min.js","meta":{"rootId":"68rkgms0v8q1mgp","id":"68rkgms0v8q1mgp"},"id":"gb1s1ilqqs90m64","previousOperationId":"hpsw2lk20t0mgnh"}
{"type":"log","timestamp":1708458141917,"level":"debug","message":"Page request finished: GET (document) 200 file:///tmp/jsreport/autocleanup/8ad924f7-c730-409f-8349-e70708f614ac-chrome-pdf.html","meta":{"rootId":"68rkgms0v8q1mgp","id":"68rkgms0v8q1mgp"},"id":"vbmu7j7zlnvd0mj","previousOperationId":"hpsw2lk20t0mgnh"}
{"type":"log","timestamp":1708458141920,"level":"debug","message":"Page request finished: GET (stylesheet) 200 https://cdn.jsdelivr.net/chartist.js/latest/chartist.min.css","meta":{"rootId":"68rkgms0v8q1mgp","id":"68rkgms0v8q1mgp"},"id":"uqgw0sjgyinc999","previousOperationId":"hpsw2lk20t0mgnh"}
{"type":"log","timestamp":1708458141920,"level":"debug","message":"Page request finished: GET (script) 200 https://cdn.jsdelivr.net/chartist.js/latest/chartist.min.js","meta":{"rootId":"68rkgms0v8q1mgp","id":"68rkgms0v8q1mgp"},"id":"siovtoy3shdcl10","previousOperationId":"hpsw2lk20t0mgnh"}
{"type":"log","timestamp":1708458141925,"level":"debug","message":"Running chrome with params {\"printBackground\":true,\"timeout\":59950,\"margin\":{}}","meta":{"rootId":"68rkgms0v8q1mgp","id":"68rkgms0v8q1mgp"},"id":"yhs50jn77c96v5f","previousOperationId":"hpsw2lk20t0mgnh"}
{"type":"operationEnd","operationId":"hpsw2lk20t0mgnh","timestamp":1708458141935,"id":"a0yitkfjhu8ubnu","previousEventId":"wy1zz9btdyg9oec","previousOperationId":"hpsw2lk20t0mgnh"}
{"type":"log","timestamp":1708458141935,"level":"debug","message":"Skipping storing report.","meta":{"rootId":"68rkgms0v8q1mgp","id":"68rkgms0v8q1mgp"},"id":"75l8n4afctjac17","previousOperationId":"hpsw2lk20t0mgnh"}
{"type":"log","timestamp":1708458141935,"level":"info","message":"Rendering request 94 finished in 105 ms","meta":{"rootId":"68rkgms0v8q1mgp","id":"68rkgms0v8q1mgp"},"id":"p9apd87z8blqnct","previousOperationId":"hpsw2lk20t0mgnh"}
{"type":"operationEnd","subtype":"render","operationId":"bd17f72nkwmy6vf","timestamp":1708458141935,"id":"vm45q1bw8hz9w7q","previousEventId":"a0yitkfjhu8ubnu","previousOperationId":"hpsw2lk20t0mgnh"}
{"type":"operationEnd","doDiffs":false,"previousEventId":"57z8jgon2d555k6","previousOperationId":"x1uccycm2sgx5f2","operationId":"x1uccycm2sgx5f2","timestamp":1708458141937,"id":"3yghknxmgw7ej0j"}
