{"type":"operationStart","subtype":"profile","data":{"_id":"V4HkhyBK03i1sAY1","timestamp":"2024-02-20T18:09:37.755Z","state":"queued","mode":"standard","creationDate":"2024-02-20T18:09:37.756Z","modificationDate":"2024-02-20T18:09:37.756Z","shortid":"JVy4rYD","$entitySet":"profiles"},"doDiffs":false,"timestamp":1708452577755,"id":"j7w9r6pzq10wzdm","previousOperationId":null,"operationId":"h7lod2xeg8q9kfm"}
{"type":"log","level":"info","message":"Render request 10 queued for execution and waiting for available worker","previousOperationId":"h7lod2xeg8q9kfm","timestamp":1708452577755,"id":"l0uhtc7im488l2a"}
{"type":"operationStart","subtype":"render","name":"TemplateList","previousOperationId":"h7lod2xeg8q9kfm","timestamp":1708452577760,"id":"fldihv4ym2k9lyb","previousEventId":"j7w9r6pzq10wzdm","operationId":"9kauyprmjdbce33"}
{"type":"log","timestamp":1708452577761,"level":"info","message":"Starting rendering request 10","meta":{"rootId":"6itleb83l5umsk6","id":"6itleb83l5umsk6"},"id":"3o6ohcerilo1w9e","previousOperationId":"9kauyprmjdbce33"}
{"type":"log","timestamp":1708452577761,"level":"info","message":"Rendering template { name: TemplateList, recipe: chrome-pdf, engine: handlebars, preview: true }","meta":{"rootId":"6itleb83l5umsk6","id":"6itleb83l5umsk6"},"id":"1j09wpyoaor38bg","previousOperationId":"9kauyprmjdbce33"}
{"type":"log","timestamp":1708452577761,"level":"debug","message":"Data item not defined for this template.","meta":{"rootId":"6itleb83l5umsk6","id":"6itleb83l5umsk6"},"id":"76n3g4zkr9anqoj","previousOperationId":"9kauyprmjdbce33"}
{"type":"log","timestamp":1708452577763,"level":"debug","message":"Executing script list-data (beforeRender)","meta":{"rootId":"6itleb83l5umsk6","id":"6itleb83l5umsk6"},"id":"0vizf3n2p8et8gr","previousOperationId":"9kauyprmjdbce33"}
{"type":"operationStart","subtype":"scriptsBeforeRender","name":"scripts beforeRender","timestamp":1708452577772,"id":"x6d9apv19vsa73j","previousEventId":"fldihv4ym2k9lyb","operationId":"ytzdja7wev87ihg","previousOperationId":"9kauyprmjdbce33"}
{"type":"operationStart","subtype":"script","name":"scripts list-data","previousOperationId":"ytzdja7wev87ihg","timestamp":1708452577772,"id":"v6j92zao9sufi8x","previousEventId":"x6d9apv19vsa73j","operationId":"mn0zqvxs1u320f0"}
{"type":"log","timestamp":1708452577781,"level":"debug","message":"(console:log) undefined","meta":{"userLevel":true,"rootId":"6itleb83l5umsk6","id":"6itleb83l5umsk6"},"id":"b0zbd2qtlguz1a8","previousOperationId":"mn0zqvxs1u320f0"}
{"type":"log","timestamp":1708452577801,"level":"debug","message":"(console:log) [\n  {\n    list_description: {\n      id: 1,\n      list_name: 'charcuteria',\n      list_current_number: 0,\n      list_limit_number: 0\n    },\n    list_image: {\n      url: 'http://localhost:4000/rails/active_storage/blobs/redirect/eyJfcmFpbHMiOnsiZGF0YSI6MiwicHVyIjoiYmxvYl9pZCJ9fQ==--ee6d56bf52163135b48a4ba2c22b11a93e94d3b3/charcuteria.png'\n    }\n  },\n  {\n    list_description: {\n      id: 2,\n      list_name: 'sarshisha',\n      list_current_number: 0,\n      list_limit_number: 0\n    },\n    list_image: {\n      url: 'http://localhost:4000/rails/active_storage/blobs/redirect/eyJfcmFpbHMiOnsiZGF0YSI6MywicHVyIjoiYmxvYl9pZCJ9fQ==--07183cfade35ce6ffe715f60749642919ec61f5d/charcuteria.png'\n    }\n  },\n  {\n    list_description: {\n      id: 3,\n      list_name: 'stjsjshtshn',\n      list_current_number: 0,\n      list_limit_number: 0\n    },\n    list_image: {\n      url: 'http://localhost:4000/rails/active_storage/blobs/redirect/eyJfcmFpbHMiOnsiZGF0YSI6NCwicHVyIjoiYmxvYl9pZCJ9fQ==--023aae65cb60b3f6c6d73a9c76e14c0b0df6ad86/dibujoadrian.jpg'\n    }\n  }\n]","meta":{"userLevel":true,"rootId":"6itleb83l5umsk6","id":"6itleb83l5umsk6"},"id":"loxzkp3hl7zwo1o","previousOperationId":"mn0zqvxs1u320f0"}
{"type":"operationEnd","operationId":"mn0zqvxs1u320f0","timestamp":1708452577801,"id":"lacblyvcz6mdvqf","previousEventId":"fldihv4ym2k9lyb","previousOperationId":"9kauyprmjdbce33"}
{"type":"operationEnd","operationId":"ytzdja7wev87ihg","timestamp":1708452577801,"id":"ck5fr0t9a64w65t","previousEventId":"lacblyvcz6mdvqf","previousOperationId":"9kauyprmjdbce33"}
{"type":"log","timestamp":1708452577801,"level":"debug","message":"Base url not specified, skipping its injection.","meta":{"rootId":"6itleb83l5umsk6","id":"6itleb83l5umsk6"},"id":"3o5hs7wt9xcymv3","previousOperationId":"ytzdja7wev87ihg"}
{"type":"operationStart","subtype":"engine","name":"handlebars","timestamp":1708452577801,"id":"pkz5sw77f8n5onh","previousEventId":"ck5fr0t9a64w65t","operationId":"7sgxlyic9o7lrda","previousOperationId":"ytzdja7wev87ihg"}
{"type":"log","timestamp":1708452577801,"level":"debug","message":"Rendering engine handlebars","meta":{"rootId":"6itleb83l5umsk6","id":"6itleb83l5umsk6"},"id":"i5hx8w3lxektvdj","previousOperationId":"7sgxlyic9o7lrda"}
{"type":"operationEnd","operationId":"7sgxlyic9o7lrda","timestamp":1708452577811,"id":"pjcw0xh3s5y13wf","previousEventId":"pkz5sw77f8n5onh","previousOperationId":"7sgxlyic9o7lrda"}
{"type":"operationStart","subtype":"recipe","name":"chrome-pdf","timestamp":1708452577812,"id":"6jv30s86mbhx5t2","previousEventId":"pjcw0xh3s5y13wf","operationId":"4pwwv8awgv876gu","previousOperationId":"7sgxlyic9o7lrda"}
{"type":"log","timestamp":1708452577812,"level":"debug","message":"Executing recipe chrome-pdf","meta":{"rootId":"6itleb83l5umsk6","id":"6itleb83l5umsk6"},"id":"mt112yprmgn8e1f","previousOperationId":"4pwwv8awgv876gu"}
{"type":"log","timestamp":1708452577813,"level":"debug","message":"Converting with chrome HeadlessChrome/117.0.5938.149 using chrome-pool strategy","meta":{"rootId":"6itleb83l5umsk6","id":"6itleb83l5umsk6"},"id":"6sugo2lz0ksqf1j","previousOperationId":"4pwwv8awgv876gu"}
{"type":"log","timestamp":1708452577846,"level":"debug","message":"Page request: GET (document) file:///tmp/jsreport/autocleanup/53bb8dfe-185e-4639-ac6c-5667536688c3-chrome-pdf.html","meta":{"rootId":"6itleb83l5umsk6","id":"6itleb83l5umsk6"},"id":"4ve4v6soliywv19","previousOperationId":"4pwwv8awgv876gu"}
{"type":"log","timestamp":1708452577855,"level":"debug","message":"Page request: GET (stylesheet) https://cdn.jsdelivr.net/chartist.js/latest/chartist.min.css","meta":{"rootId":"6itleb83l5umsk6","id":"6itleb83l5umsk6"},"id":"e610w1msfj03wy4","previousOperationId":"4pwwv8awgv876gu"}
{"type":"log","timestamp":1708452577855,"level":"debug","message":"Page request: GET (script) https://cdn.jsdelivr.net/chartist.js/latest/chartist.min.js","meta":{"rootId":"6itleb83l5umsk6","id":"6itleb83l5umsk6"},"id":"qhz6ydiqxuiiv1z","previousOperationId":"4pwwv8awgv876gu"}
{"type":"log","timestamp":1708452577855,"level":"debug","message":"Page request: GET (script) https://code.jquery.com/jquery-3.6.0.min.js","meta":{"rootId":"6itleb83l5umsk6","id":"6itleb83l5umsk6"},"id":"41cv7e0931gy2aa","previousOperationId":"4pwwv8awgv876gu"}
{"type":"log","timestamp":1708452577855,"level":"debug","message":"Page request finished: GET (document) 200 file:///tmp/jsreport/autocleanup/53bb8dfe-185e-4639-ac6c-5667536688c3-chrome-pdf.html","meta":{"rootId":"6itleb83l5umsk6","id":"6itleb83l5umsk6"},"id":"m1hygjcz5clsp6d","previousOperationId":"4pwwv8awgv876gu"}
{"type":"log","timestamp":1708452577857,"level":"debug","message":"Page request finished: GET (stylesheet) 200 https://cdn.jsdelivr.net/chartist.js/latest/chartist.min.css","meta":{"rootId":"6itleb83l5umsk6","id":"6itleb83l5umsk6"},"id":"1afbrf495ljr3a6","previousOperationId":"4pwwv8awgv876gu"}
{"type":"log","timestamp":1708452577858,"level":"debug","message":"Page request finished: GET (script) 200 https://cdn.jsdelivr.net/chartist.js/latest/chartist.min.js","meta":{"rootId":"6itleb83l5umsk6","id":"6itleb83l5umsk6"},"id":"op9f5l1478hilm1","previousOperationId":"4pwwv8awgv876gu"}
{"type":"log","timestamp":1708452577860,"level":"debug","message":"Page request finished: GET (script) 200 https://code.jquery.com/jquery-3.6.0.min.js","meta":{"rootId":"6itleb83l5umsk6","id":"6itleb83l5umsk6"},"id":"ffb4lzza39zhq6c","previousOperationId":"4pwwv8awgv876gu"}
{"type":"log","timestamp":1708452577865,"level":"warn","message":"Page error: Unexpected identifier 'Object' , stack: SyntaxError: Unexpected identifier 'Object'","meta":{"rootId":"6itleb83l5umsk6","id":"6itleb83l5umsk6"},"id":"7jghjv9wmass0e5","previousOperationId":"4pwwv8awgv876gu"}
{"type":"log","timestamp":1708452577870,"level":"debug","message":"Running chrome with params {\"printBackground\":true,\"timeout\":59942,\"margin\":{}}","meta":{"rootId":"6itleb83l5umsk6","id":"6itleb83l5umsk6"},"id":"dl2nwxruupg9ad2","previousOperationId":"4pwwv8awgv876gu"}
{"type":"operationEnd","operationId":"4pwwv8awgv876gu","timestamp":1708452577881,"id":"avk2koyatr2wkdb","previousEventId":"6jv30s86mbhx5t2","previousOperationId":"4pwwv8awgv876gu"}
{"type":"log","timestamp":1708452577881,"level":"debug","message":"Skipping storing report.","meta":{"rootId":"6itleb83l5umsk6","id":"6itleb83l5umsk6"},"id":"ludv1tb7bbt9v50","previousOperationId":"4pwwv8awgv876gu"}
{"type":"log","timestamp":1708452577881,"level":"info","message":"Rendering request 10 finished in 126 ms","meta":{"rootId":"6itleb83l5umsk6","id":"6itleb83l5umsk6"},"id":"0xus3iyoi3im94q","previousOperationId":"4pwwv8awgv876gu"}
{"type":"operationEnd","subtype":"render","operationId":"9kauyprmjdbce33","timestamp":1708452577881,"id":"5ncl75fbiacjtpg","previousEventId":"avk2koyatr2wkdb","previousOperationId":"4pwwv8awgv876gu"}
{"type":"operationEnd","doDiffs":false,"previousEventId":"j7w9r6pzq10wzdm","previousOperationId":"h7lod2xeg8q9kfm","operationId":"h7lod2xeg8q9kfm","timestamp":1708452577887,"id":"0m51raeov0b0jvc"}
