{"type":"operationStart","subtype":"profile","data":{"_id":"XWre9u5uJsY1GaTH","timestamp":"2024-02-20T18:51:38.955Z","state":"queued","mode":"standard","creationDate":"2024-02-20T18:51:38.955Z","modificationDate":"2024-02-20T18:51:38.955Z","shortid":"G00UGel","$entitySet":"profiles"},"doDiffs":false,"timestamp":1708455098955,"id":"aih0pun9z8qttoi","previousOperationId":null,"operationId":"3whr5ozzbuxt62f"}
{"type":"log","level":"info","message":"Render request 24 queued for execution and waiting for available worker","previousOperationId":"3whr5ozzbuxt62f","timestamp":1708455098955,"id":"nuuhpgh4oubbbv7"}
{"type":"operationStart","subtype":"render","name":"TemplateList","previousOperationId":"3whr5ozzbuxt62f","timestamp":1708455098960,"id":"brvmm8erdewexs3","previousEventId":"aih0pun9z8qttoi","operationId":"zm2dm0rg6d6goz5"}
{"type":"log","timestamp":1708455098960,"level":"info","message":"Starting rendering request 24","meta":{"rootId":"70t8ujlrb880a76","id":"70t8ujlrb880a76"},"id":"dqhfe419dmyks97","previousOperationId":"zm2dm0rg6d6goz5"}
{"type":"log","timestamp":1708455098960,"level":"info","message":"Rendering template { name: TemplateList, recipe: chrome-pdf, engine: handlebars, preview: true }","meta":{"rootId":"70t8ujlrb880a76","id":"70t8ujlrb880a76"},"id":"g1dnah6nkbehlqa","previousOperationId":"zm2dm0rg6d6goz5"}
{"type":"log","timestamp":1708455098960,"level":"debug","message":"Data item not defined for this template.","meta":{"rootId":"70t8ujlrb880a76","id":"70t8ujlrb880a76"},"id":"pkrvumvg0kf9led","previousOperationId":"zm2dm0rg6d6goz5"}
{"type":"log","timestamp":1708455098962,"level":"debug","message":"Executing script list-data (beforeRender)","meta":{"rootId":"70t8ujlrb880a76","id":"70t8ujlrb880a76"},"id":"yhardekv7lbb6dg","previousOperationId":"zm2dm0rg6d6goz5"}
{"type":"operationStart","subtype":"scriptsBeforeRender","name":"scripts beforeRender","timestamp":1708455098966,"id":"708l5vk4yst5viw","previousEventId":"brvmm8erdewexs3","operationId":"ihcpw5hq2ywl40h","previousOperationId":"zm2dm0rg6d6goz5"}
{"type":"operationStart","subtype":"script","name":"scripts list-data","previousOperationId":"ihcpw5hq2ywl40h","timestamp":1708455098966,"id":"xnpy2ppe5j191yu","previousEventId":"708l5vk4yst5viw","operationId":"t36lpushi34yqu7"}
{"type":"log","timestamp":1708455098985,"level":"debug","message":"(console:log) [\n  {\n    list_description: {\n      id: 3,\n      list_name: 'stjsjshtshn',\n      list_current_number: 0,\n      list_limit_number: 0\n    },\n    list_image: {\n      url: 'http://localhost:4000/rails/active_storage/blobs/redirect/eyJfcmFpbHMiOnsiZGF0YSI6NCwicHVyIjoiYmxvYl9pZCJ9fQ==--023aae65cb60b3f6c6d73a9c76e14c0b0df6ad86/dibujoadrian.jpg'\n    }\n  },\n  {\n    list_description: {\n      id: 1,\n      list_name: 'charcuteria',\n      list_current_number: 0,\n      list_limit_number: 0\n    },\n    list_image: {\n      url: 'http://localhost:4000/rails/active_storage/blobs/redirect/eyJfcmFpbHMiOnsiZGF0YSI6MiwicHVyIjoiYmxvYl9pZCJ9fQ==--ee6d56bf52163135b48a4ba2c22b11a93e94d3b3/charcuteria.png'\n    }\n  },\n  {\n    list_description: {\n      id: 2,\n      list_name: 'sarshisha',\n      list_current_number: 13,\n      list_limit_number: 0\n    },\n    list_image: {\n      url: 'http://localhost:4000/rails/active_storage/blobs/redirect/eyJfcmFpbHMiOnsiZGF0YSI6MywicHVyIjoiYmxvYl9pZCJ9fQ==--07183cfade35ce6ffe715f60749642919ec61f5d/charcuteria.png'\n    }\n  }\n]","meta":{"userLevel":true,"rootId":"70t8ujlrb880a76","id":"70t8ujlrb880a76"},"id":"ukzupk12sv9jh4y","previousOperationId":"t36lpushi34yqu7"}
{"type":"log","timestamp":1708455098994,"level":"debug","message":"(console:log) [\n  {\n    id: 1,\n    nickname: 'a',\n    is_admin: true,\n    suscriptor: null,\n    created_at: '2024-02-20T16:45:37.609Z',\n    updated_at: '2024-02-20T16:45:37.729Z',\n    email: 'a@a.a',\n    jti: '6a2b57ca-af4b-47a0-8285-477cffafa34b'\n  }\n]","meta":{"userLevel":true,"rootId":"70t8ujlrb880a76","id":"70t8ujlrb880a76"},"id":"4bkcrkrjzhz275y","previousOperationId":"t36lpushi34yqu7"}
{"type":"operationEnd","operationId":"t36lpushi34yqu7","timestamp":1708455098994,"id":"il1rcnfkj7b8dsv","previousEventId":"brvmm8erdewexs3","previousOperationId":"zm2dm0rg6d6goz5"}
{"type":"operationEnd","operationId":"ihcpw5hq2ywl40h","timestamp":1708455098994,"id":"tpksoy1ru7awule","previousEventId":"il1rcnfkj7b8dsv","previousOperationId":"zm2dm0rg6d6goz5"}
{"type":"log","timestamp":1708455098994,"level":"debug","message":"Base url not specified, skipping its injection.","meta":{"rootId":"70t8ujlrb880a76","id":"70t8ujlrb880a76"},"id":"smwm96bj8egiwtq","previousOperationId":"ihcpw5hq2ywl40h"}
{"type":"operationStart","subtype":"engine","name":"handlebars","timestamp":1708455098994,"id":"flomb24umkvcaj7","previousEventId":"tpksoy1ru7awule","operationId":"fc7owoe13gn2spi","previousOperationId":"ihcpw5hq2ywl40h"}
{"type":"log","timestamp":1708455098994,"level":"debug","message":"Rendering engine handlebars","meta":{"rootId":"70t8ujlrb880a76","id":"70t8ujlrb880a76"},"id":"vrkgyrnsi20x1jx","previousOperationId":"fc7owoe13gn2spi"}
{"type":"operationEnd","operationId":"fc7owoe13gn2spi","timestamp":1708455099006,"id":"01pvxqnwe8ughqc","previousEventId":"flomb24umkvcaj7","previousOperationId":"fc7owoe13gn2spi"}
{"type":"operationStart","subtype":"recipe","name":"chrome-pdf","timestamp":1708455099006,"id":"8kf97ueikz56krq","previousEventId":"01pvxqnwe8ughqc","operationId":"ljw26q69pxeiao7","previousOperationId":"fc7owoe13gn2spi"}
{"type":"log","timestamp":1708455099006,"level":"debug","message":"Executing recipe chrome-pdf","meta":{"rootId":"70t8ujlrb880a76","id":"70t8ujlrb880a76"},"id":"rxdu2ejsczmk0if","previousOperationId":"ljw26q69pxeiao7"}
{"type":"log","timestamp":1708455099008,"level":"debug","message":"Converting with chrome HeadlessChrome/117.0.5938.149 using chrome-pool strategy","meta":{"rootId":"70t8ujlrb880a76","id":"70t8ujlrb880a76"},"id":"2ol53pr1ch8i8lu","previousOperationId":"ljw26q69pxeiao7"}
{"type":"log","timestamp":1708455099038,"level":"debug","message":"Page request: GET (document) file:///tmp/jsreport/autocleanup/922b63ec-c087-4a94-abdd-950e880bbcd3-chrome-pdf.html","meta":{"rootId":"70t8ujlrb880a76","id":"70t8ujlrb880a76"},"id":"4e7nzqu46ffemug","previousOperationId":"ljw26q69pxeiao7"}
{"type":"log","timestamp":1708455099046,"level":"debug","message":"Page request: GET (stylesheet) https://cdn.jsdelivr.net/chartist.js/latest/chartist.min.css","meta":{"rootId":"70t8ujlrb880a76","id":"70t8ujlrb880a76"},"id":"7argv3fip8fcda1","previousOperationId":"ljw26q69pxeiao7"}
{"type":"log","timestamp":1708455099047,"level":"debug","message":"Page request: GET (script) https://cdn.jsdelivr.net/chartist.js/latest/chartist.min.js","meta":{"rootId":"70t8ujlrb880a76","id":"70t8ujlrb880a76"},"id":"etohygfcads922h","previousOperationId":"ljw26q69pxeiao7"}
{"type":"log","timestamp":1708455099047,"level":"debug","message":"Page request: GET (script) https://code.jquery.com/jquery-3.6.0.min.js","meta":{"rootId":"70t8ujlrb880a76","id":"70t8ujlrb880a76"},"id":"0f6kf5i6d83mztu","previousOperationId":"ljw26q69pxeiao7"}
{"type":"log","timestamp":1708455099047,"level":"debug","message":"Page request: GET (script) https://cdn.jsdelivr.net/npm/chart.js","meta":{"rootId":"70t8ujlrb880a76","id":"70t8ujlrb880a76"},"id":"cmnrbp7yubq2qlo","previousOperationId":"ljw26q69pxeiao7"}
{"type":"log","timestamp":1708455099047,"level":"debug","message":"Page request finished: GET (document) 200 file:///tmp/jsreport/autocleanup/922b63ec-c087-4a94-abdd-950e880bbcd3-chrome-pdf.html","meta":{"rootId":"70t8ujlrb880a76","id":"70t8ujlrb880a76"},"id":"8icqa5ab2jkil61","previousOperationId":"ljw26q69pxeiao7"}
{"type":"log","timestamp":1708455099050,"level":"debug","message":"Page request finished: GET (stylesheet) 200 https://cdn.jsdelivr.net/chartist.js/latest/chartist.min.css","meta":{"rootId":"70t8ujlrb880a76","id":"70t8ujlrb880a76"},"id":"7oxf50j0kdf1u49","previousOperationId":"ljw26q69pxeiao7"}
{"type":"log","timestamp":1708455099052,"level":"debug","message":"Page request finished: GET (script) 200 https://cdn.jsdelivr.net/chartist.js/latest/chartist.min.js","meta":{"rootId":"70t8ujlrb880a76","id":"70t8ujlrb880a76"},"id":"eqk6hu6181v2k2r","previousOperationId":"ljw26q69pxeiao7"}
{"type":"log","timestamp":1708455099053,"level":"debug","message":"Page request finished: GET (script) 200 https://code.jquery.com/jquery-3.6.0.min.js","meta":{"rootId":"70t8ujlrb880a76","id":"70t8ujlrb880a76"},"id":"nz654qkmmx6j5cz","previousOperationId":"ljw26q69pxeiao7"}
{"type":"log","timestamp":1708455099057,"level":"debug","message":"Page request finished: GET (script) 200 https://cdn.jsdelivr.net/npm/chart.js","meta":{"rootId":"70t8ujlrb880a76","id":"70t8ujlrb880a76"},"id":"m9z3i3kbg7lj9ry","previousOperationId":"ljw26q69pxeiao7"}
{"type":"log","timestamp":1708455099101,"level":"debug","message":"Running chrome with params {\"printBackground\":true,\"timeout\":59947,\"margin\":{}}","meta":{"rootId":"70t8ujlrb880a76","id":"70t8ujlrb880a76"},"id":"a03ge69eqnngpv3","previousOperationId":"ljw26q69pxeiao7"}
{"type":"operationEnd","operationId":"ljw26q69pxeiao7","timestamp":1708455099127,"id":"5ra1d021tpa9hx6","previousEventId":"8kf97ueikz56krq","previousOperationId":"ljw26q69pxeiao7"}
{"type":"log","timestamp":1708455099127,"level":"debug","message":"Skipping storing report.","meta":{"rootId":"70t8ujlrb880a76","id":"70t8ujlrb880a76"},"id":"e8mevmp336x1x42","previousOperationId":"ljw26q69pxeiao7"}
{"type":"log","timestamp":1708455099127,"level":"info","message":"Rendering request 24 finished in 173 ms","meta":{"rootId":"70t8ujlrb880a76","id":"70t8ujlrb880a76"},"id":"5e5wmoi16y5s2rq","previousOperationId":"ljw26q69pxeiao7"}
{"type":"operationEnd","subtype":"render","operationId":"zm2dm0rg6d6goz5","timestamp":1708455099127,"id":"hpouj8m75m9gzci","previousEventId":"5ra1d021tpa9hx6","previousOperationId":"ljw26q69pxeiao7"}
{"type":"operationEnd","doDiffs":false,"previousEventId":"aih0pun9z8qttoi","previousOperationId":"3whr5ozzbuxt62f","operationId":"3whr5ozzbuxt62f","timestamp":1708455099132,"id":"s84kprxfvq6ec16"}
