{"type":"operationStart","subtype":"profile","data":{"_id":"35GD5xfYBng132kI","timestamp":"2024-02-20T19:23:34.885Z","state":"queued","mode":"standard","creationDate":"2024-02-20T19:23:34.886Z","modificationDate":"2024-02-20T19:23:34.886Z","shortid":"sp1ZHtW","$entitySet":"profiles"},"doDiffs":false,"timestamp":1708457014886,"id":"kh60wn2ya9qg88c","previousOperationId":null,"operationId":"7c2q2q9em0dvkqw"}
{"type":"log","level":"info","message":"Render request 78 queued for execution and waiting for available worker","previousOperationId":"7c2q2q9em0dvkqw","timestamp":1708457014886,"id":"br65q67b96jtrcb"}
{"type":"operationStart","subtype":"render","name":"TemplateList","previousOperationId":"7c2q2q9em0dvkqw","timestamp":1708457014892,"id":"6cg1j8e1jmhuxjp","previousEventId":"kh60wn2ya9qg88c","operationId":"z4ie2nqc3qe5ytd"}
{"type":"log","timestamp":1708457014892,"level":"info","message":"Starting rendering request 78","meta":{"rootId":"72k87px6oiddug8","id":"72k87px6oiddug8"},"id":"figbisbhijsu2b2","previousOperationId":"z4ie2nqc3qe5ytd"}
{"type":"log","timestamp":1708457014892,"level":"info","message":"Rendering template { name: TemplateList, recipe: chrome-pdf, engine: handlebars, preview: true }","meta":{"rootId":"72k87px6oiddug8","id":"72k87px6oiddug8"},"id":"qjeep6sr0j88x6i","previousOperationId":"z4ie2nqc3qe5ytd"}
{"type":"log","timestamp":1708457014892,"level":"debug","message":"Data item not defined for this template.","meta":{"rootId":"72k87px6oiddug8","id":"72k87px6oiddug8"},"id":"k5j4dvr47jixs8y","previousOperationId":"z4ie2nqc3qe5ytd"}
{"type":"log","timestamp":1708457014894,"level":"debug","message":"Executing script list-data (beforeRender)","meta":{"rootId":"72k87px6oiddug8","id":"72k87px6oiddug8"},"id":"akvm1zvn59w8pk2","previousOperationId":"z4ie2nqc3qe5ytd"}
{"type":"operationStart","subtype":"scriptsBeforeRender","name":"scripts beforeRender","timestamp":1708457014898,"id":"60kkgd4egct8nr7","previousEventId":"6cg1j8e1jmhuxjp","operationId":"25vz3wd609xgi4d","previousOperationId":"z4ie2nqc3qe5ytd"}
{"type":"operationStart","subtype":"script","name":"scripts list-data","previousOperationId":"25vz3wd609xgi4d","timestamp":1708457014898,"id":"hkaau0o311tyrpv","previousEventId":"60kkgd4egct8nr7","operationId":"oips8zxr1w73kxu"}
{"type":"log","timestamp":1708457014916,"level":"debug","message":"(console:log) [\n  {\n    list_description: {\n      id: 2,\n      list_name: 'sarshisha',\n      list_current_number: 13,\n      list_limit_number: 0\n    },\n    list_image: {\n      url: 'http://localhost:4000/rails/active_storage/blobs/redirect/eyJfcmFpbHMiOnsiZGF0YSI6MywicHVyIjoiYmxvYl9pZCJ9fQ==--07183cfade35ce6ffe715f60749642919ec61f5d/charcuteria.png'\n    }\n  },\n  {\n    list_description: {\n      id: 3,\n      list_name: 'stjsjshtshn',\n      list_current_number: 4,\n      list_limit_number: 0\n    },\n    list_image: {\n      url: 'http://localhost:4000/rails/active_storage/blobs/redirect/eyJfcmFpbHMiOnsiZGF0YSI6NCwicHVyIjoiYmxvYl9pZCJ9fQ==--023aae65cb60b3f6c6d73a9c76e14c0b0df6ad86/dibujoadrian.jpg'\n    }\n  },\n  {\n    list_description: {\n      id: 1,\n      list_name: 'charcuteria',\n      list_current_number: 1,\n      list_limit_number: 0\n    },\n    list_image: {\n      url: 'http://localhost:4000/rails/active_storage/blobs/redirect/eyJfcmFpbHMiOnsiZGF0YSI6MiwicHVyIjoiYmxvYl9pZCJ9fQ==--ee6d56bf52163135b48a4ba2c22b11a93e94d3b3/charcuteria.png'\n    }\n  }\n]","meta":{"userLevel":true,"rootId":"72k87px6oiddug8","id":"72k87px6oiddug8"},"id":"aauo133abszc6b0","previousOperationId":"oips8zxr1w73kxu"}
{"type":"log","timestamp":1708457014923,"level":"debug","message":"(console:log) [\n  {\n    id: 1,\n    nickname: 'a',\n    is_admin: true,\n    suscriptor: null,\n    created_at: '2024-02-20T16:45:37.609Z',\n    updated_at: '2024-02-20T16:45:37.729Z',\n    email: 'a@a.a',\n    jti: '6a2b57ca-af4b-47a0-8285-477cffafa34b'\n  }\n]","meta":{"userLevel":true,"rootId":"72k87px6oiddug8","id":"72k87px6oiddug8"},"id":"ikmqgkc7pnk95wh","previousOperationId":"oips8zxr1w73kxu"}
{"type":"operationEnd","operationId":"oips8zxr1w73kxu","timestamp":1708457014923,"id":"y8i8vsmaw37smqj","previousEventId":"6cg1j8e1jmhuxjp","previousOperationId":"z4ie2nqc3qe5ytd"}
{"type":"operationEnd","operationId":"25vz3wd609xgi4d","timestamp":1708457014923,"id":"icl4nsjbz1ot6r0","previousEventId":"y8i8vsmaw37smqj","previousOperationId":"z4ie2nqc3qe5ytd"}
{"type":"log","timestamp":1708457014923,"level":"debug","message":"Base url not specified, skipping its injection.","meta":{"rootId":"72k87px6oiddug8","id":"72k87px6oiddug8"},"id":"1qi6m4jl82cypec","previousOperationId":"25vz3wd609xgi4d"}
{"type":"operationStart","subtype":"engine","name":"handlebars","timestamp":1708457014923,"id":"ehc5e0ndyg0mr6e","previousEventId":"icl4nsjbz1ot6r0","operationId":"prv8n0fu8tze0o3","previousOperationId":"25vz3wd609xgi4d"}
{"type":"log","timestamp":1708457014923,"level":"debug","message":"Rendering engine handlebars","meta":{"rootId":"72k87px6oiddug8","id":"72k87px6oiddug8"},"id":"5xxvnnu4jce2nkc","previousOperationId":"prv8n0fu8tze0o3"}
{"type":"operationEnd","operationId":"prv8n0fu8tze0o3","timestamp":1708457014935,"id":"szxw2bv2k27b8kj","previousEventId":"ehc5e0ndyg0mr6e","previousOperationId":"prv8n0fu8tze0o3"}
{"type":"operationStart","subtype":"recipe","name":"chrome-pdf","timestamp":1708457014935,"id":"munrg90wwqcqxq2","previousEventId":"szxw2bv2k27b8kj","operationId":"l93lcvnamcxwiv1","previousOperationId":"prv8n0fu8tze0o3"}
{"type":"log","timestamp":1708457014935,"level":"debug","message":"Executing recipe chrome-pdf","meta":{"rootId":"72k87px6oiddug8","id":"72k87px6oiddug8"},"id":"u9u2s5621wx24kx","previousOperationId":"l93lcvnamcxwiv1"}
{"type":"log","timestamp":1708457014936,"level":"debug","message":"Converting with chrome HeadlessChrome/117.0.5938.149 using chrome-pool strategy","meta":{"rootId":"72k87px6oiddug8","id":"72k87px6oiddug8"},"id":"9q81x94qrq0s07q","previousOperationId":"l93lcvnamcxwiv1"}
{"type":"log","timestamp":1708457014970,"level":"debug","message":"Page request: GET (document) file:///tmp/jsreport/autocleanup/1eb81dff-077b-4562-b4f9-227d789748aa-chrome-pdf.html","meta":{"rootId":"72k87px6oiddug8","id":"72k87px6oiddug8"},"id":"83xw9say7q8gr7o","previousOperationId":"l93lcvnamcxwiv1"}
{"type":"log","timestamp":1708457014980,"level":"debug","message":"Page request: GET (stylesheet) https://cdn.jsdelivr.net/chartist.js/latest/chartist.min.css","meta":{"rootId":"72k87px6oiddug8","id":"72k87px6oiddug8"},"id":"mw0wkp1swb51mpc","previousOperationId":"l93lcvnamcxwiv1"}
{"type":"log","timestamp":1708457014981,"level":"debug","message":"Page request: GET (script) https://cdn.jsdelivr.net/chartist.js/latest/chartist.min.js","meta":{"rootId":"72k87px6oiddug8","id":"72k87px6oiddug8"},"id":"pspw87h89wmiqzk","previousOperationId":"l93lcvnamcxwiv1"}
{"type":"log","timestamp":1708457014981,"level":"debug","message":"Page request finished: GET (document) 200 file:///tmp/jsreport/autocleanup/1eb81dff-077b-4562-b4f9-227d789748aa-chrome-pdf.html","meta":{"rootId":"72k87px6oiddug8","id":"72k87px6oiddug8"},"id":"bt882tvvwrsy1me","previousOperationId":"l93lcvnamcxwiv1"}
{"type":"log","timestamp":1708457014984,"level":"debug","message":"Page request finished: GET (stylesheet) 200 https://cdn.jsdelivr.net/chartist.js/latest/chartist.min.css","meta":{"rootId":"72k87px6oiddug8","id":"72k87px6oiddug8"},"id":"c7bin8dsz0bye28","previousOperationId":"l93lcvnamcxwiv1"}
{"type":"log","timestamp":1708457014984,"level":"debug","message":"Page request finished: GET (script) 200 https://cdn.jsdelivr.net/chartist.js/latest/chartist.min.js","meta":{"rootId":"72k87px6oiddug8","id":"72k87px6oiddug8"},"id":"ay8nz22svikavv4","previousOperationId":"l93lcvnamcxwiv1"}
{"type":"log","timestamp":1708457014987,"level":"warn","message":"Page error: Unexpected identifier 'width' , stack: SyntaxError: Unexpected identifier 'width'","meta":{"rootId":"72k87px6oiddug8","id":"72k87px6oiddug8"},"id":"o7b6mkwzh03zks6","previousOperationId":"l93lcvnamcxwiv1"}
{"type":"log","timestamp":1708457014995,"level":"debug","message":"Running chrome with params {\"printBackground\":true,\"timeout\":59950,\"margin\":{}}","meta":{"rootId":"72k87px6oiddug8","id":"72k87px6oiddug8"},"id":"drvb3xpk72812r2","previousOperationId":"l93lcvnamcxwiv1"}
{"type":"operationEnd","operationId":"l93lcvnamcxwiv1","timestamp":1708457015013,"id":"d69qmsqksrnps9q","previousEventId":"munrg90wwqcqxq2","previousOperationId":"l93lcvnamcxwiv1"}
{"type":"log","timestamp":1708457015013,"level":"debug","message":"Skipping storing report.","meta":{"rootId":"72k87px6oiddug8","id":"72k87px6oiddug8"},"id":"stzdg63njrb0zm5","previousOperationId":"l93lcvnamcxwiv1"}
{"type":"log","timestamp":1708457015013,"level":"info","message":"Rendering request 78 finished in 128 ms","meta":{"rootId":"72k87px6oiddug8","id":"72k87px6oiddug8"},"id":"51l7ec2mfb5rlu0","previousOperationId":"l93lcvnamcxwiv1"}
{"type":"operationEnd","subtype":"render","operationId":"z4ie2nqc3qe5ytd","timestamp":1708457015013,"id":"ejwe8h4mob1qoor","previousEventId":"d69qmsqksrnps9q","previousOperationId":"l93lcvnamcxwiv1"}
{"type":"operationEnd","doDiffs":false,"previousEventId":"kh60wn2ya9qg88c","previousOperationId":"7c2q2q9em0dvkqw","operationId":"7c2q2q9em0dvkqw","timestamp":1708457015020,"id":"9sm4ei7gaa47l9u"}
