{"type":"operationStart","subtype":"profile","data":{"_id":"MS7VOXJ2uJDRrLx6","timestamp":"2024-02-20T18:57:07.076Z","state":"queued","mode":"standard","creationDate":"2024-02-20T18:57:07.082Z","modificationDate":"2024-02-20T18:57:07.082Z","shortid":"2ApXHK7","$entitySet":"profiles"},"doDiffs":false,"timestamp":1708455427081,"id":"1g4khz8nsxonk8a","previousOperationId":null,"operationId":"i3g69c0hu7ukm2v"}
{"type":"log","level":"info","message":"Render request 35 queued for execution and waiting for available worker","previousOperationId":"i3g69c0hu7ukm2v","timestamp":1708455427081,"id":"96gu21ummb9tkb7"}
{"type":"operationStart","subtype":"render","name":"TemplateList","previousOperationId":"i3g69c0hu7ukm2v","timestamp":1708455427106,"id":"f7nncptdvg6jn1a","previousEventId":"1g4khz8nsxonk8a","operationId":"o2gowfdvbhzurd6"}
{"type":"log","timestamp":1708455427106,"level":"info","message":"Starting rendering request 35","meta":{"rootId":"74timbv2idcnj3o","id":"74timbv2idcnj3o"},"id":"uljszqlz9hhz4hw","previousOperationId":"o2gowfdvbhzurd6"}
{"type":"log","timestamp":1708455427106,"level":"info","message":"Rendering template { name: TemplateList, recipe: chrome-pdf, engine: handlebars, preview: true }","meta":{"rootId":"74timbv2idcnj3o","id":"74timbv2idcnj3o"},"id":"67tilqwo4z9n85l","previousOperationId":"o2gowfdvbhzurd6"}
{"type":"log","timestamp":1708455427107,"level":"debug","message":"Data item not defined for this template.","meta":{"rootId":"74timbv2idcnj3o","id":"74timbv2idcnj3o"},"id":"g7jc71mgjfl69ms","previousOperationId":"o2gowfdvbhzurd6"}
{"type":"log","timestamp":1708455427110,"level":"debug","message":"Executing script list-data (beforeRender)","meta":{"rootId":"74timbv2idcnj3o","id":"74timbv2idcnj3o"},"id":"io4xwp1l2x8aa9v","previousOperationId":"o2gowfdvbhzurd6"}
{"type":"operationStart","subtype":"scriptsBeforeRender","name":"scripts beforeRender","timestamp":1708455427117,"id":"2eguhqqhl0zzb4o","previousEventId":"f7nncptdvg6jn1a","operationId":"794vhfvtu23y5ez","previousOperationId":"o2gowfdvbhzurd6"}
{"type":"operationStart","subtype":"script","name":"scripts list-data","previousOperationId":"794vhfvtu23y5ez","timestamp":1708455427117,"id":"5qy9ieob8hmrcyh","previousEventId":"2eguhqqhl0zzb4o","operationId":"20j0wfvts6vg5tc"}
{"type":"log","timestamp":1708455427139,"level":"debug","message":"(console:log) [\n  {\n    list_description: {\n      id: 2,\n      list_name: 'sarshisha',\n      list_current_number: 13,\n      list_limit_number: 0\n    },\n    list_image: {\n      url: 'http://localhost:4000/rails/active_storage/blobs/redirect/eyJfcmFpbHMiOnsiZGF0YSI6MywicHVyIjoiYmxvYl9pZCJ9fQ==--07183cfade35ce6ffe715f60749642919ec61f5d/charcuteria.png'\n    }\n  },\n  {\n    list_description: {\n      id: 3,\n      list_name: 'stjsjshtshn',\n      list_current_number: 4,\n      list_limit_number: 0\n    },\n    list_image: {\n      url: 'http://localhost:4000/rails/active_storage/blobs/redirect/eyJfcmFpbHMiOnsiZGF0YSI6NCwicHVyIjoiYmxvYl9pZCJ9fQ==--023aae65cb60b3f6c6d73a9c76e14c0b0df6ad86/dibujoadrian.jpg'\n    }\n  },\n  {\n    list_description: {\n      id: 1,\n      list_name: 'charcuteria',\n      list_current_number: 1,\n      list_limit_number: 0\n    },\n    list_image: {\n      url: 'http://localhost:4000/rails/active_storage/blobs/redirect/eyJfcmFpbHMiOnsiZGF0YSI6MiwicHVyIjoiYmxvYl9pZCJ9fQ==--ee6d56bf52163135b48a4ba2c22b11a93e94d3b3/charcuteria.png'\n    }\n  }\n]","meta":{"userLevel":true,"rootId":"74timbv2idcnj3o","id":"74timbv2idcnj3o"},"id":"iiob6deqht5s411","previousOperationId":"20j0wfvts6vg5tc"}
{"type":"log","timestamp":1708455427147,"level":"debug","message":"(console:log) [\n  {\n    id: 1,\n    nickname: 'a',\n    is_admin: true,\n    suscriptor: null,\n    created_at: '2024-02-20T16:45:37.609Z',\n    updated_at: '2024-02-20T16:45:37.729Z',\n    email: 'a@a.a',\n    jti: '6a2b57ca-af4b-47a0-8285-477cffafa34b'\n  }\n]","meta":{"userLevel":true,"rootId":"74timbv2idcnj3o","id":"74timbv2idcnj3o"},"id":"4m2cuzszqfn2w8s","previousOperationId":"20j0wfvts6vg5tc"}
{"type":"operationEnd","operationId":"20j0wfvts6vg5tc","timestamp":1708455427147,"id":"9atdalrpn9duknl","previousEventId":"f7nncptdvg6jn1a","previousOperationId":"o2gowfdvbhzurd6"}
{"type":"operationEnd","operationId":"794vhfvtu23y5ez","timestamp":1708455427147,"id":"05ezpmwsno3zkyz","previousEventId":"9atdalrpn9duknl","previousOperationId":"o2gowfdvbhzurd6"}
{"type":"log","timestamp":1708455427147,"level":"debug","message":"Base url not specified, skipping its injection.","meta":{"rootId":"74timbv2idcnj3o","id":"74timbv2idcnj3o"},"id":"f94k8yo7kp6xkkm","previousOperationId":"794vhfvtu23y5ez"}
{"type":"operationStart","subtype":"engine","name":"handlebars","timestamp":1708455427148,"id":"s478h1kjdqj28o8","previousEventId":"05ezpmwsno3zkyz","operationId":"hbtb67ridhpz3zx","previousOperationId":"794vhfvtu23y5ez"}
{"type":"log","timestamp":1708455427148,"level":"debug","message":"Rendering engine handlebars","meta":{"rootId":"74timbv2idcnj3o","id":"74timbv2idcnj3o"},"id":"u95vg3h9obmlykg","previousOperationId":"hbtb67ridhpz3zx"}
{"type":"operationEnd","operationId":"hbtb67ridhpz3zx","timestamp":1708455427162,"id":"ddkn7837dzn7kf8","previousEventId":"s478h1kjdqj28o8","previousOperationId":"hbtb67ridhpz3zx"}
{"type":"operationStart","subtype":"recipe","name":"chrome-pdf","timestamp":1708455427162,"id":"lqx6a69rfg165kn","previousEventId":"ddkn7837dzn7kf8","operationId":"jc2vx0zdnxsayha","previousOperationId":"hbtb67ridhpz3zx"}
{"type":"log","timestamp":1708455427162,"level":"debug","message":"Executing recipe chrome-pdf","meta":{"rootId":"74timbv2idcnj3o","id":"74timbv2idcnj3o"},"id":"piywc6a57quphz3","previousOperationId":"jc2vx0zdnxsayha"}
{"type":"log","timestamp":1708455427164,"level":"debug","message":"Converting with chrome HeadlessChrome/117.0.5938.149 using chrome-pool strategy","meta":{"rootId":"74timbv2idcnj3o","id":"74timbv2idcnj3o"},"id":"71seuxjs6gxjac3","previousOperationId":"jc2vx0zdnxsayha"}
{"type":"log","timestamp":1708455427201,"level":"debug","message":"Page request: GET (document) file:///tmp/jsreport/autocleanup/6a9d60c6-22f4-4b98-b2d6-c05e3d120b5c-chrome-pdf.html","meta":{"rootId":"74timbv2idcnj3o","id":"74timbv2idcnj3o"},"id":"xu34i5gqc4eg4r3","previousOperationId":"jc2vx0zdnxsayha"}
{"type":"log","timestamp":1708455427209,"level":"debug","message":"Page request: GET (stylesheet) https://cdn.jsdelivr.net/chartist.js/latest/chartist.min.css","meta":{"rootId":"74timbv2idcnj3o","id":"74timbv2idcnj3o"},"id":"6fmpspqhvkrbzwo","previousOperationId":"jc2vx0zdnxsayha"}
{"type":"log","timestamp":1708455427209,"level":"debug","message":"Page request: GET (script) https://cdn.jsdelivr.net/chartist.js/latest/chartist.min.js","meta":{"rootId":"74timbv2idcnj3o","id":"74timbv2idcnj3o"},"id":"zvv7rivnyr4rgye","previousOperationId":"jc2vx0zdnxsayha"}
{"type":"log","timestamp":1708455427210,"level":"debug","message":"Page request: GET (script) https://code.jquery.com/jquery-3.6.0.min.js","meta":{"rootId":"74timbv2idcnj3o","id":"74timbv2idcnj3o"},"id":"2ckgd5wjljln5wv","previousOperationId":"jc2vx0zdnxsayha"}
{"type":"log","timestamp":1708455427210,"level":"debug","message":"Page request: GET (script) https://cdn.jsdelivr.net/npm/chart.js","meta":{"rootId":"74timbv2idcnj3o","id":"74timbv2idcnj3o"},"id":"w46tbvvv4yz738c","previousOperationId":"jc2vx0zdnxsayha"}
{"type":"log","timestamp":1708455427210,"level":"debug","message":"Page request finished: GET (document) 200 file:///tmp/jsreport/autocleanup/6a9d60c6-22f4-4b98-b2d6-c05e3d120b5c-chrome-pdf.html","meta":{"rootId":"74timbv2idcnj3o","id":"74timbv2idcnj3o"},"id":"ivkx9iw1d3muihw","previousOperationId":"jc2vx0zdnxsayha"}
{"type":"log","timestamp":1708455427213,"level":"debug","message":"Page request finished: GET (stylesheet) 200 https://cdn.jsdelivr.net/chartist.js/latest/chartist.min.css","meta":{"rootId":"74timbv2idcnj3o","id":"74timbv2idcnj3o"},"id":"zh5fiq7zl4ywivc","previousOperationId":"jc2vx0zdnxsayha"}
{"type":"log","timestamp":1708455427214,"level":"debug","message":"Page request finished: GET (script) 200 https://cdn.jsdelivr.net/chartist.js/latest/chartist.min.js","meta":{"rootId":"74timbv2idcnj3o","id":"74timbv2idcnj3o"},"id":"ha2k05ayi2q0zk4","previousOperationId":"jc2vx0zdnxsayha"}
{"type":"log","timestamp":1708455427217,"level":"debug","message":"Page request finished: GET (script) 200 https://code.jquery.com/jquery-3.6.0.min.js","meta":{"rootId":"74timbv2idcnj3o","id":"74timbv2idcnj3o"},"id":"nbtjffz4f6f6yue","previousOperationId":"jc2vx0zdnxsayha"}
{"type":"log","timestamp":1708455427223,"level":"debug","message":"Page request finished: GET (script) 200 https://cdn.jsdelivr.net/npm/chart.js","meta":{"rootId":"74timbv2idcnj3o","id":"74timbv2idcnj3o"},"id":"94kckytwn19kpvx","previousOperationId":"jc2vx0zdnxsayha"}
{"type":"log","timestamp":1708455427227,"level":"warn","message":"Page error: Unexpected token ',' , stack: SyntaxError: Unexpected token ','","meta":{"rootId":"74timbv2idcnj3o","id":"74timbv2idcnj3o"},"id":"17hm723tj2mt65c","previousOperationId":"jc2vx0zdnxsayha"}
{"type":"log","timestamp":1708455427233,"level":"debug","message":"Running chrome with params {\"printBackground\":true,\"timeout\":59913,\"margin\":{}}","meta":{"rootId":"74timbv2idcnj3o","id":"74timbv2idcnj3o"},"id":"z4cq9i1jpzwghp7","previousOperationId":"jc2vx0zdnxsayha"}
{"type":"operationEnd","operationId":"jc2vx0zdnxsayha","timestamp":1708455427247,"id":"d45epenm4p6q9de","previousEventId":"lqx6a69rfg165kn","previousOperationId":"jc2vx0zdnxsayha"}
{"type":"log","timestamp":1708455427247,"level":"debug","message":"Skipping storing report.","meta":{"rootId":"74timbv2idcnj3o","id":"74timbv2idcnj3o"},"id":"hxl758unwb94tao","previousOperationId":"jc2vx0zdnxsayha"}
{"type":"log","timestamp":1708455427247,"level":"info","message":"Rendering request 35 finished in 171 ms","meta":{"rootId":"74timbv2idcnj3o","id":"74timbv2idcnj3o"},"id":"5kkrjr92osvuaxc","previousOperationId":"jc2vx0zdnxsayha"}
{"type":"operationEnd","subtype":"render","operationId":"o2gowfdvbhzurd6","timestamp":1708455427247,"id":"atjgj29ex6dgene","previousEventId":"d45epenm4p6q9de","previousOperationId":"jc2vx0zdnxsayha"}
{"type":"operationEnd","doDiffs":false,"previousEventId":"1g4khz8nsxonk8a","previousOperationId":"i3g69c0hu7ukm2v","operationId":"i3g69c0hu7ukm2v","timestamp":1708455427255,"id":"1c8df620iqbtvht"}
