{"type":"operationStart","subtype":"profile","data":{"_id":"6I6W8snUM81191QV","timestamp":"2024-02-20T18:43:42.605Z","state":"queued","mode":"standard","creationDate":"2024-02-20T18:43:42.606Z","modificationDate":"2024-02-20T18:43:42.606Z","shortid":"bNvtL_9","$entitySet":"profiles"},"doDiffs":false,"timestamp":1708454622606,"id":"f4trnxcv885xntw","previousOperationId":null,"operationId":"8t4pk2kpbbggzt8"}
{"type":"log","level":"info","message":"Render request 11 queued for execution and waiting for available worker","previousOperationId":"8t4pk2kpbbggzt8","timestamp":1708454622606,"id":"qecbmpjdooez6ek"}
{"type":"operationStart","subtype":"render","name":"TemplateList","previousOperationId":"8t4pk2kpbbggzt8","timestamp":1708454622610,"id":"qa801254n34x3bv","previousEventId":"f4trnxcv885xntw","operationId":"d4o7ny51mqxav0u"}
{"type":"log","timestamp":1708454622610,"level":"info","message":"Starting rendering request 11","meta":{"rootId":"757vtu9ndohc96l","id":"757vtu9ndohc96l"},"id":"gcqwzul40y8pkqv","previousOperationId":"d4o7ny51mqxav0u"}
{"type":"log","timestamp":1708454622610,"level":"info","message":"Rendering template { name: TemplateList, recipe: chrome-pdf, engine: handlebars, preview: true }","meta":{"rootId":"757vtu9ndohc96l","id":"757vtu9ndohc96l"},"id":"451lhfjdbzv0paj","previousOperationId":"d4o7ny51mqxav0u"}
{"type":"log","timestamp":1708454622611,"level":"debug","message":"Data item not defined for this template.","meta":{"rootId":"757vtu9ndohc96l","id":"757vtu9ndohc96l"},"id":"h52bm62gg4weour","previousOperationId":"d4o7ny51mqxav0u"}
{"type":"log","timestamp":1708454622612,"level":"debug","message":"Executing script list-data (beforeRender)","meta":{"rootId":"757vtu9ndohc96l","id":"757vtu9ndohc96l"},"id":"5soqo58rhojy5pr","previousOperationId":"d4o7ny51mqxav0u"}
{"type":"operationStart","subtype":"scriptsBeforeRender","name":"scripts beforeRender","timestamp":1708454622618,"id":"mq78vogneqe7mzs","previousEventId":"qa801254n34x3bv","operationId":"udqz1rhgjfstab9","previousOperationId":"d4o7ny51mqxav0u"}
{"type":"operationStart","subtype":"script","name":"scripts list-data","previousOperationId":"udqz1rhgjfstab9","timestamp":1708454622618,"id":"cwy5vdd9myomcsc","previousEventId":"mq78vogneqe7mzs","operationId":"v5658z7805pdfsj"}
{"type":"log","timestamp":1708454622645,"level":"debug","message":"(console:log) [\n  {\n    list_description: {\n      id: 3,\n      list_name: 'stjsjshtshn',\n      list_current_number: 0,\n      list_limit_number: 0\n    },\n    list_image: {\n      url: 'http://localhost:4000/rails/active_storage/blobs/redirect/eyJfcmFpbHMiOnsiZGF0YSI6NCwicHVyIjoiYmxvYl9pZCJ9fQ==--023aae65cb60b3f6c6d73a9c76e14c0b0df6ad86/dibujoadrian.jpg'\n    }\n  },\n  {\n    list_description: {\n      id: 1,\n      list_name: 'charcuteria',\n      list_current_number: 0,\n      list_limit_number: 0\n    },\n    list_image: {\n      url: 'http://localhost:4000/rails/active_storage/blobs/redirect/eyJfcmFpbHMiOnsiZGF0YSI6MiwicHVyIjoiYmxvYl9pZCJ9fQ==--ee6d56bf52163135b48a4ba2c22b11a93e94d3b3/charcuteria.png'\n    }\n  },\n  {\n    list_description: {\n      id: 2,\n      list_name: 'sarshisha',\n      list_current_number: 13,\n      list_limit_number: 0\n    },\n    list_image: {\n      url: 'http://localhost:4000/rails/active_storage/blobs/redirect/eyJfcmFpbHMiOnsiZGF0YSI6MywicHVyIjoiYmxvYl9pZCJ9fQ==--07183cfade35ce6ffe715f60749642919ec61f5d/charcuteria.png'\n    }\n  }\n]","meta":{"userLevel":true,"rootId":"757vtu9ndohc96l","id":"757vtu9ndohc96l"},"id":"jdlpusbd75m54hd","previousOperationId":"v5658z7805pdfsj"}
{"type":"log","timestamp":1708454622654,"level":"debug","message":"(console:log) [\n  {\n    id: 1,\n    nickname: 'a',\n    is_admin: true,\n    suscriptor: null,\n    created_at: '2024-02-20T16:45:37.609Z',\n    updated_at: '2024-02-20T16:45:37.729Z',\n    email: 'a@a.a',\n    jti: '6a2b57ca-af4b-47a0-8285-477cffafa34b'\n  }\n]","meta":{"userLevel":true,"rootId":"757vtu9ndohc96l","id":"757vtu9ndohc96l"},"id":"r9cykzrewazalay","previousOperationId":"v5658z7805pdfsj"}
{"type":"operationEnd","operationId":"v5658z7805pdfsj","timestamp":1708454622655,"id":"6jyyhov81d74qlx","previousEventId":"qa801254n34x3bv","previousOperationId":"d4o7ny51mqxav0u"}
{"type":"operationEnd","operationId":"udqz1rhgjfstab9","timestamp":1708454622655,"id":"khpjdbhhoofc6kj","previousEventId":"6jyyhov81d74qlx","previousOperationId":"d4o7ny51mqxav0u"}
{"type":"log","timestamp":1708454622655,"level":"debug","message":"Base url not specified, skipping its injection.","meta":{"rootId":"757vtu9ndohc96l","id":"757vtu9ndohc96l"},"id":"z69qjqkkri6aqte","previousOperationId":"udqz1rhgjfstab9"}
{"type":"operationStart","subtype":"engine","name":"handlebars","timestamp":1708454622655,"id":"y5b56cu2y3h7x91","previousEventId":"khpjdbhhoofc6kj","operationId":"fgl2xdgu4utexrc","previousOperationId":"udqz1rhgjfstab9"}
{"type":"log","timestamp":1708454622655,"level":"debug","message":"Rendering engine handlebars","meta":{"rootId":"757vtu9ndohc96l","id":"757vtu9ndohc96l"},"id":"pow5sbnlbb6pnvw","previousOperationId":"fgl2xdgu4utexrc"}
{"type":"operationEnd","operationId":"fgl2xdgu4utexrc","timestamp":1708454622671,"id":"2tgdmk93klhhtve","previousEventId":"y5b56cu2y3h7x91","previousOperationId":"fgl2xdgu4utexrc"}
{"type":"operationStart","subtype":"recipe","name":"chrome-pdf","timestamp":1708454622671,"id":"bt31aqdjc2hiugh","previousEventId":"2tgdmk93klhhtve","operationId":"oasfjvu6q9ist0f","previousOperationId":"fgl2xdgu4utexrc"}
{"type":"log","timestamp":1708454622671,"level":"debug","message":"Executing recipe chrome-pdf","meta":{"rootId":"757vtu9ndohc96l","id":"757vtu9ndohc96l"},"id":"c91nm5quiaj0pgz","previousOperationId":"oasfjvu6q9ist0f"}
{"type":"log","timestamp":1708454622673,"level":"debug","message":"Converting with chrome HeadlessChrome/117.0.5938.149 using chrome-pool strategy","meta":{"rootId":"757vtu9ndohc96l","id":"757vtu9ndohc96l"},"id":"o856go9xxlm34ef","previousOperationId":"oasfjvu6q9ist0f"}
{"type":"log","timestamp":1708454622706,"level":"debug","message":"Page request: GET (document) file:///tmp/jsreport/autocleanup/2c2ea342-5157-4370-bd29-03842839cdbb-chrome-pdf.html","meta":{"rootId":"757vtu9ndohc96l","id":"757vtu9ndohc96l"},"id":"b4i8fcku56szuwz","previousOperationId":"oasfjvu6q9ist0f"}
{"type":"log","timestamp":1708454622715,"level":"debug","message":"Page request: GET (stylesheet) https://cdn.jsdelivr.net/chartist.js/latest/chartist.min.css","meta":{"rootId":"757vtu9ndohc96l","id":"757vtu9ndohc96l"},"id":"ayts4v42jgtmr39","previousOperationId":"oasfjvu6q9ist0f"}
{"type":"log","timestamp":1708454622716,"level":"debug","message":"Page request: GET (script) https://cdn.jsdelivr.net/chartist.js/latest/chartist.min.js","meta":{"rootId":"757vtu9ndohc96l","id":"757vtu9ndohc96l"},"id":"y1gwkx1vqhdkene","previousOperationId":"oasfjvu6q9ist0f"}
{"type":"log","timestamp":1708454622716,"level":"debug","message":"Page request: GET (script) https://code.jquery.com/jquery-3.6.0.min.js","meta":{"rootId":"757vtu9ndohc96l","id":"757vtu9ndohc96l"},"id":"hp830yfr9ntywpo","previousOperationId":"oasfjvu6q9ist0f"}
{"type":"log","timestamp":1708454622716,"level":"debug","message":"Page request: GET (script) https://cdn.jsdelivr.net/npm/chart.js","meta":{"rootId":"757vtu9ndohc96l","id":"757vtu9ndohc96l"},"id":"vpkutcl9dodu010","previousOperationId":"oasfjvu6q9ist0f"}
{"type":"log","timestamp":1708454622717,"level":"debug","message":"Page request finished: GET (document) 200 file:///tmp/jsreport/autocleanup/2c2ea342-5157-4370-bd29-03842839cdbb-chrome-pdf.html","meta":{"rootId":"757vtu9ndohc96l","id":"757vtu9ndohc96l"},"id":"0vm31q9g6txflz7","previousOperationId":"oasfjvu6q9ist0f"}
{"type":"log","timestamp":1708454622719,"level":"debug","message":"Page request finished: GET (stylesheet) 200 https://cdn.jsdelivr.net/chartist.js/latest/chartist.min.css","meta":{"rootId":"757vtu9ndohc96l","id":"757vtu9ndohc96l"},"id":"s9ykry4b0lx3hvf","previousOperationId":"oasfjvu6q9ist0f"}
{"type":"log","timestamp":1708454622720,"level":"debug","message":"Page request finished: GET (script) 200 https://cdn.jsdelivr.net/chartist.js/latest/chartist.min.js","meta":{"rootId":"757vtu9ndohc96l","id":"757vtu9ndohc96l"},"id":"gpdkkvszy4jgry7","previousOperationId":"oasfjvu6q9ist0f"}
{"type":"log","timestamp":1708454622723,"level":"debug","message":"Page request finished: GET (script) 200 https://code.jquery.com/jquery-3.6.0.min.js","meta":{"rootId":"757vtu9ndohc96l","id":"757vtu9ndohc96l"},"id":"33nrpqyscg6wbw2","previousOperationId":"oasfjvu6q9ist0f"}
{"type":"log","timestamp":1708454622729,"level":"debug","message":"Page request finished: GET (script) 200 https://cdn.jsdelivr.net/npm/chart.js","meta":{"rootId":"757vtu9ndohc96l","id":"757vtu9ndohc96l"},"id":"kbrgmkkiwiqyfob","previousOperationId":"oasfjvu6q9ist0f"}
{"type":"log","timestamp":1708454622793,"level":"debug","message":"Running chrome with params {\"printBackground\":true,\"timeout\":59933,\"margin\":{}}","meta":{"rootId":"757vtu9ndohc96l","id":"757vtu9ndohc96l"},"id":"0ezqvrzbpwopjcw","previousOperationId":"oasfjvu6q9ist0f"}
{"type":"operationEnd","operationId":"oasfjvu6q9ist0f","timestamp":1708454622829,"id":"09r9v2peauk2eiu","previousEventId":"bt31aqdjc2hiugh","previousOperationId":"oasfjvu6q9ist0f"}
{"type":"log","timestamp":1708454622830,"level":"debug","message":"Skipping storing report.","meta":{"rootId":"757vtu9ndohc96l","id":"757vtu9ndohc96l"},"id":"08p4fraxoszsyfr","previousOperationId":"oasfjvu6q9ist0f"}
{"type":"log","timestamp":1708454622830,"level":"info","message":"Rendering request 11 finished in 225 ms","meta":{"rootId":"757vtu9ndohc96l","id":"757vtu9ndohc96l"},"id":"6g7a6bz5b75evpi","previousOperationId":"oasfjvu6q9ist0f"}
{"type":"operationEnd","subtype":"render","operationId":"d4o7ny51mqxav0u","timestamp":1708454622830,"id":"d3te3ww0k9idsob","previousEventId":"09r9v2peauk2eiu","previousOperationId":"oasfjvu6q9ist0f"}
{"type":"operationEnd","doDiffs":false,"previousEventId":"f4trnxcv885xntw","previousOperationId":"8t4pk2kpbbggzt8","operationId":"8t4pk2kpbbggzt8","timestamp":1708454622832,"id":"txmkcy1ngw4bd1r"}
