{"type":"operationStart","subtype":"profile","data":{"_id":"XZ0cHYQBovzavcMU","timestamp":"2024-02-20T19:11:38.344Z","state":"queued","mode":"standard","creationDate":"2024-02-20T19:11:38.345Z","modificationDate":"2024-02-20T19:11:38.345Z","shortid":"Mvjnj1h","$entitySet":"profiles"},"doDiffs":false,"timestamp":1708456298345,"id":"5g9qcx1yax9ddv7","previousOperationId":null,"operationId":"mii03z5emnn9b2n"}
{"type":"log","level":"info","message":"Render request 54 queued for execution and waiting for available worker","previousOperationId":"mii03z5emnn9b2n","timestamp":1708456298345,"id":"ou2en8rv3pp3sr5"}
{"type":"operationStart","subtype":"render","name":"TemplateList","previousOperationId":"mii03z5emnn9b2n","timestamp":1708456298351,"id":"n9afb3ezfct1drv","previousEventId":"5g9qcx1yax9ddv7","operationId":"xfnx1pzpfimzplv"}
{"type":"log","timestamp":1708456298351,"level":"info","message":"Starting rendering request 54","meta":{"rootId":"7mav128msactgwf","id":"7mav128msactgwf"},"id":"40xi5litqci6w5n","previousOperationId":"xfnx1pzpfimzplv"}
{"type":"log","timestamp":1708456298352,"level":"info","message":"Rendering template { name: TemplateList, recipe: chrome-pdf, engine: handlebars, preview: true }","meta":{"rootId":"7mav128msactgwf","id":"7mav128msactgwf"},"id":"7wq9c62jg26jia9","previousOperationId":"xfnx1pzpfimzplv"}
{"type":"log","timestamp":1708456298352,"level":"debug","message":"Data item not defined for this template.","meta":{"rootId":"7mav128msactgwf","id":"7mav128msactgwf"},"id":"isrrus26et6nuep","previousOperationId":"xfnx1pzpfimzplv"}
{"type":"log","timestamp":1708456298354,"level":"debug","message":"Executing script list-data (beforeRender)","meta":{"rootId":"7mav128msactgwf","id":"7mav128msactgwf"},"id":"dkziuwold5tmhe1","previousOperationId":"xfnx1pzpfimzplv"}
{"type":"operationStart","subtype":"scriptsBeforeRender","name":"scripts beforeRender","timestamp":1708456298359,"id":"66kuhjudq3y76w4","previousEventId":"n9afb3ezfct1drv","operationId":"rqm7qqj0imm0jqb","previousOperationId":"xfnx1pzpfimzplv"}
{"type":"operationStart","subtype":"script","name":"scripts list-data","previousOperationId":"rqm7qqj0imm0jqb","timestamp":1708456298359,"id":"6ip9zis2njwybce","previousEventId":"66kuhjudq3y76w4","operationId":"jl5qxj0keucfn8g"}
{"type":"log","timestamp":1708456298389,"level":"debug","message":"(console:log) [\n  {\n    list_description: {\n      id: 2,\n      list_name: 'sarshisha',\n      list_current_number: 13,\n      list_limit_number: 0\n    },\n    list_image: {\n      url: 'http://localhost:4000/rails/active_storage/blobs/redirect/eyJfcmFpbHMiOnsiZGF0YSI6MywicHVyIjoiYmxvYl9pZCJ9fQ==--07183cfade35ce6ffe715f60749642919ec61f5d/charcuteria.png'\n    }\n  },\n  {\n    list_description: {\n      id: 3,\n      list_name: 'stjsjshtshn',\n      list_current_number: 4,\n      list_limit_number: 0\n    },\n    list_image: {\n      url: 'http://localhost:4000/rails/active_storage/blobs/redirect/eyJfcmFpbHMiOnsiZGF0YSI6NCwicHVyIjoiYmxvYl9pZCJ9fQ==--023aae65cb60b3f6c6d73a9c76e14c0b0df6ad86/dibujoadrian.jpg'\n    }\n  },\n  {\n    list_description: {\n      id: 1,\n      list_name: 'charcuteria',\n      list_current_number: 1,\n      list_limit_number: 0\n    },\n    list_image: {\n      url: 'http://localhost:4000/rails/active_storage/blobs/redirect/eyJfcmFpbHMiOnsiZGF0YSI6MiwicHVyIjoiYmxvYl9pZCJ9fQ==--ee6d56bf52163135b48a4ba2c22b11a93e94d3b3/charcuteria.png'\n    }\n  }\n]","meta":{"userLevel":true,"rootId":"7mav128msactgwf","id":"7mav128msactgwf"},"id":"ts0x28w3h1mlxyw","previousOperationId":"jl5qxj0keucfn8g"}
{"type":"log","timestamp":1708456298397,"level":"debug","message":"(console:log) [\n  {\n    id: 1,\n    nickname: 'a',\n    is_admin: true,\n    suscriptor: null,\n    created_at: '2024-02-20T16:45:37.609Z',\n    updated_at: '2024-02-20T16:45:37.729Z',\n    email: 'a@a.a',\n    jti: '6a2b57ca-af4b-47a0-8285-477cffafa34b'\n  }\n]","meta":{"userLevel":true,"rootId":"7mav128msactgwf","id":"7mav128msactgwf"},"id":"1acp3whhagtp6fh","previousOperationId":"jl5qxj0keucfn8g"}
{"type":"operationEnd","operationId":"jl5qxj0keucfn8g","timestamp":1708456298398,"id":"mx0zox7dl7y5mz6","previousEventId":"n9afb3ezfct1drv","previousOperationId":"xfnx1pzpfimzplv"}
{"type":"operationEnd","operationId":"rqm7qqj0imm0jqb","timestamp":1708456298398,"id":"7f79g0exi8p2xm8","previousEventId":"mx0zox7dl7y5mz6","previousOperationId":"xfnx1pzpfimzplv"}
{"type":"log","timestamp":1708456298398,"level":"debug","message":"Base url not specified, skipping its injection.","meta":{"rootId":"7mav128msactgwf","id":"7mav128msactgwf"},"id":"jtpozaaie3p3n1p","previousOperationId":"rqm7qqj0imm0jqb"}
{"type":"operationStart","subtype":"engine","name":"handlebars","timestamp":1708456298398,"id":"mups060ityqygka","previousEventId":"7f79g0exi8p2xm8","operationId":"6kik3l307lbarbu","previousOperationId":"rqm7qqj0imm0jqb"}
{"type":"log","timestamp":1708456298398,"level":"debug","message":"Rendering engine handlebars","meta":{"rootId":"7mav128msactgwf","id":"7mav128msactgwf"},"id":"3p9cx4fgv5knd6s","previousOperationId":"6kik3l307lbarbu"}
{"type":"operationEnd","operationId":"6kik3l307lbarbu","timestamp":1708456298411,"id":"2calquhkhpw2qrg","previousEventId":"mups060ityqygka","previousOperationId":"6kik3l307lbarbu"}
{"type":"operationStart","subtype":"recipe","name":"chrome-pdf","timestamp":1708456298411,"id":"yee3kf0ydi5qpng","previousEventId":"2calquhkhpw2qrg","operationId":"sr0v7jqeo3ckk7y","previousOperationId":"6kik3l307lbarbu"}
{"type":"log","timestamp":1708456298411,"level":"debug","message":"Executing recipe chrome-pdf","meta":{"rootId":"7mav128msactgwf","id":"7mav128msactgwf"},"id":"635gegqsm32bddx","previousOperationId":"sr0v7jqeo3ckk7y"}
{"type":"log","timestamp":1708456298413,"level":"debug","message":"Converting with chrome HeadlessChrome/117.0.5938.149 using chrome-pool strategy","meta":{"rootId":"7mav128msactgwf","id":"7mav128msactgwf"},"id":"at1q8vprvdnajmx","previousOperationId":"sr0v7jqeo3ckk7y"}
{"type":"log","timestamp":1708456298447,"level":"debug","message":"Page request: GET (document) file:///tmp/jsreport/autocleanup/fafdcf2f-28c4-40e0-affa-0d3c9e07e7a5-chrome-pdf.html","meta":{"rootId":"7mav128msactgwf","id":"7mav128msactgwf"},"id":"qpkosrcib9b81y9","previousOperationId":"sr0v7jqeo3ckk7y"}
{"type":"log","timestamp":1708456298456,"level":"debug","message":"Page request: GET (stylesheet) https://cdn.jsdelivr.net/chartist.js/latest/chartist.min.css","meta":{"rootId":"7mav128msactgwf","id":"7mav128msactgwf"},"id":"1tsm4pdxajp9emo","previousOperationId":"sr0v7jqeo3ckk7y"}
{"type":"log","timestamp":1708456298456,"level":"debug","message":"Page request: GET (script) https://cdn.jsdelivr.net/chartist.js/latest/chartist.min.js","meta":{"rootId":"7mav128msactgwf","id":"7mav128msactgwf"},"id":"pkkp3q8zqjkuufm","previousOperationId":"sr0v7jqeo3ckk7y"}
{"type":"log","timestamp":1708456298456,"level":"debug","message":"Page request: GET (script) https://code.jquery.com/jquery-3.6.0.min.js","meta":{"rootId":"7mav128msactgwf","id":"7mav128msactgwf"},"id":"epuy8llwscmx32e","previousOperationId":"sr0v7jqeo3ckk7y"}
{"type":"log","timestamp":1708456298457,"level":"debug","message":"Page request: GET (script) https://cdn.jsdelivr.net/npm/chart.js","meta":{"rootId":"7mav128msactgwf","id":"7mav128msactgwf"},"id":"z42j0e6syg31hat","previousOperationId":"sr0v7jqeo3ckk7y"}
{"type":"log","timestamp":1708456298457,"level":"debug","message":"Page request finished: GET (document) 200 file:///tmp/jsreport/autocleanup/fafdcf2f-28c4-40e0-affa-0d3c9e07e7a5-chrome-pdf.html","meta":{"rootId":"7mav128msactgwf","id":"7mav128msactgwf"},"id":"3yntdglztvlygkt","previousOperationId":"sr0v7jqeo3ckk7y"}
{"type":"log","timestamp":1708456298458,"level":"debug","message":"Page request finished: GET (stylesheet) 200 https://cdn.jsdelivr.net/chartist.js/latest/chartist.min.css","meta":{"rootId":"7mav128msactgwf","id":"7mav128msactgwf"},"id":"6y8j9hnltmdq97k","previousOperationId":"sr0v7jqeo3ckk7y"}
{"type":"log","timestamp":1708456298460,"level":"debug","message":"Page request finished: GET (script) 200 https://cdn.jsdelivr.net/chartist.js/latest/chartist.min.js","meta":{"rootId":"7mav128msactgwf","id":"7mav128msactgwf"},"id":"ds7c57c890y20b8","previousOperationId":"sr0v7jqeo3ckk7y"}
{"type":"log","timestamp":1708456298462,"level":"debug","message":"Page request finished: GET (script) 200 https://code.jquery.com/jquery-3.6.0.min.js","meta":{"rootId":"7mav128msactgwf","id":"7mav128msactgwf"},"id":"r9xtfdrcw8nk1gq","previousOperationId":"sr0v7jqeo3ckk7y"}
{"type":"log","timestamp":1708456298467,"level":"debug","message":"Page request finished: GET (script) 200 https://cdn.jsdelivr.net/npm/chart.js","meta":{"rootId":"7mav128msactgwf","id":"7mav128msactgwf"},"id":"l4kaedrv0x0o0d6","previousOperationId":"sr0v7jqeo3ckk7y"}
{"type":"log","timestamp":1708456298517,"level":"debug","message":"Running chrome with params {\"printBackground\":true,\"timeout\":59932,\"margin\":{}}","meta":{"rootId":"7mav128msactgwf","id":"7mav128msactgwf"},"id":"i7ki29v7nx0gkxe","previousOperationId":"sr0v7jqeo3ckk7y"}
{"type":"operationEnd","operationId":"sr0v7jqeo3ckk7y","timestamp":1708456298547,"id":"1jy2a57gjhxpycv","previousEventId":"yee3kf0ydi5qpng","previousOperationId":"sr0v7jqeo3ckk7y"}
{"type":"log","timestamp":1708456298548,"level":"debug","message":"Skipping storing report.","meta":{"rootId":"7mav128msactgwf","id":"7mav128msactgwf"},"id":"jnchz1ua3btag8y","previousOperationId":"sr0v7jqeo3ckk7y"}
{"type":"log","timestamp":1708456298548,"level":"info","message":"Rendering request 54 finished in 204 ms","meta":{"rootId":"7mav128msactgwf","id":"7mav128msactgwf"},"id":"3f4gweefmlejjp2","previousOperationId":"sr0v7jqeo3ckk7y"}
{"type":"operationEnd","subtype":"render","operationId":"xfnx1pzpfimzplv","timestamp":1708456298548,"id":"kkuee19vu0bep38","previousEventId":"1jy2a57gjhxpycv","previousOperationId":"sr0v7jqeo3ckk7y"}
{"type":"operationEnd","doDiffs":false,"previousEventId":"5g9qcx1yax9ddv7","previousOperationId":"mii03z5emnn9b2n","operationId":"mii03z5emnn9b2n","timestamp":1708456298550,"id":"9o3btgrosf8h6rb"}
