{"type":"operationStart","subtype":"profile","data":{"_id":"6WdH8lsRDUg6uIjy","timestamp":"2024-02-20T19:39:58.766Z","state":"queued","mode":"standard","creationDate":"2024-02-20T19:39:58.767Z","modificationDate":"2024-02-20T19:39:58.767Z","shortid":"dT1oJ-7","$entitySet":"profiles"},"doDiffs":false,"timestamp":1708457998767,"id":"t5gnvf7lh0eowrx","previousOperationId":null,"operationId":"u9cl89nayvdeaz6"}
{"type":"log","level":"info","message":"Render request 90 queued for execution and waiting for available worker","previousOperationId":"u9cl89nayvdeaz6","timestamp":1708457998767,"id":"5vooi1ixjbv0irp"}
{"type":"operationStart","subtype":"render","name":"TemplateList","previousOperationId":"u9cl89nayvdeaz6","timestamp":1708457998771,"id":"7lymi0p5ao8kmzc","previousEventId":"t5gnvf7lh0eowrx","operationId":"52bp8960797il0l"}
{"type":"log","timestamp":1708457998771,"level":"info","message":"Starting rendering request 90","meta":{"rootId":"7n92z9zamn35yzz","id":"7n92z9zamn35yzz"},"id":"36e5lbnn0u36tu3","previousOperationId":"52bp8960797il0l"}
{"type":"log","timestamp":1708457998771,"level":"info","message":"Rendering template { name: TemplateList, recipe: chrome-pdf, engine: handlebars, preview: false }","meta":{"rootId":"7n92z9zamn35yzz","id":"7n92z9zamn35yzz"},"id":"fadr1ko4n4iibfn","previousOperationId":"52bp8960797il0l"}
{"type":"log","timestamp":1708457998771,"level":"debug","message":"Data item not defined for this template.","meta":{"rootId":"7n92z9zamn35yzz","id":"7n92z9zamn35yzz"},"id":"eul6wc5dl6320ug","previousOperationId":"52bp8960797il0l"}
{"type":"log","timestamp":1708457998773,"level":"debug","message":"Executing script list-data (beforeRender)","meta":{"rootId":"7n92z9zamn35yzz","id":"7n92z9zamn35yzz"},"id":"m52lvmtgz6k0z42","previousOperationId":"52bp8960797il0l"}
{"type":"operationStart","subtype":"scriptsBeforeRender","name":"scripts beforeRender","timestamp":1708457998777,"id":"sebsezq8s88ra1n","previousEventId":"7lymi0p5ao8kmzc","operationId":"jcko46jbnht79d2","previousOperationId":"52bp8960797il0l"}
{"type":"operationStart","subtype":"script","name":"scripts list-data","previousOperationId":"jcko46jbnht79d2","timestamp":1708457998777,"id":"mzps46742rtt7ea","previousEventId":"sebsezq8s88ra1n","operationId":"034s2izsj17626y"}
{"type":"log","timestamp":1708457998802,"level":"debug","message":"(console:log) [\n  {\n    list_description: {\n      id: 2,\n      list_name: 'sarshisha',\n      list_current_number: 13,\n      list_limit_number: 0\n    },\n    list_image: {\n      url: 'http://localhost:4000/rails/active_storage/blobs/redirect/eyJfcmFpbHMiOnsiZGF0YSI6MywicHVyIjoiYmxvYl9pZCJ9fQ==--07183cfade35ce6ffe715f60749642919ec61f5d/charcuteria.png'\n    }\n  },\n  {\n    list_description: {\n      id: 3,\n      list_name: 'stjsjshtshn',\n      list_current_number: 4,\n      list_limit_number: 0\n    },\n    list_image: {\n      url: 'http://localhost:4000/rails/active_storage/blobs/redirect/eyJfcmFpbHMiOnsiZGF0YSI6NCwicHVyIjoiYmxvYl9pZCJ9fQ==--023aae65cb60b3f6c6d73a9c76e14c0b0df6ad86/dibujoadrian.jpg'\n    }\n  },\n  {\n    list_description: {\n      id: 1,\n      list_name: 'charcuteria',\n      list_current_number: 1,\n      list_limit_number: 0\n    },\n    list_image: {\n      url: 'http://localhost:4000/rails/active_storage/blobs/redirect/eyJfcmFpbHMiOnsiZGF0YSI6MiwicHVyIjoiYmxvYl9pZCJ9fQ==--ee6d56bf52163135b48a4ba2c22b11a93e94d3b3/charcuteria.png'\n    }\n  }\n]","meta":{"userLevel":true,"rootId":"7n92z9zamn35yzz","id":"7n92z9zamn35yzz"},"id":"hi834yn0a6o0hnx","previousOperationId":"034s2izsj17626y"}
{"type":"log","timestamp":1708457998809,"level":"debug","message":"(console:log) [\n  {\n    id: 1,\n    nickname: 'a',\n    is_admin: true,\n    suscriptor: null,\n    created_at: '2024-02-20T16:45:37.609Z',\n    updated_at: '2024-02-20T16:45:37.729Z',\n    email: 'a@a.a',\n    jti: '6a2b57ca-af4b-47a0-8285-477cffafa34b'\n  }\n]","meta":{"userLevel":true,"rootId":"7n92z9zamn35yzz","id":"7n92z9zamn35yzz"},"id":"v8twa7xocz1e7oa","previousOperationId":"034s2izsj17626y"}
{"type":"operationEnd","operationId":"034s2izsj17626y","timestamp":1708457998809,"id":"fr3mi9r4dgo9096","previousEventId":"7lymi0p5ao8kmzc","previousOperationId":"52bp8960797il0l"}
{"type":"operationEnd","operationId":"jcko46jbnht79d2","timestamp":1708457998809,"id":"atq8fpz2cnarrcd","previousEventId":"fr3mi9r4dgo9096","previousOperationId":"52bp8960797il0l"}
{"type":"log","timestamp":1708457998809,"level":"debug","message":"Base url not specified, skipping its injection.","meta":{"rootId":"7n92z9zamn35yzz","id":"7n92z9zamn35yzz"},"id":"mglq01hp2yh6mmf","previousOperationId":"jcko46jbnht79d2"}
{"type":"operationStart","subtype":"engine","name":"handlebars","timestamp":1708457998809,"id":"0e2aodjmi54quwx","previousEventId":"atq8fpz2cnarrcd","operationId":"odg3020etabycw7","previousOperationId":"jcko46jbnht79d2"}
{"type":"log","timestamp":1708457998809,"level":"debug","message":"Rendering engine handlebars","meta":{"rootId":"7n92z9zamn35yzz","id":"7n92z9zamn35yzz"},"id":"1vir794a0ykbq47","previousOperationId":"odg3020etabycw7"}
{"type":"operationEnd","operationId":"odg3020etabycw7","timestamp":1708457998817,"id":"5ljjm9a06052h12","previousEventId":"0e2aodjmi54quwx","previousOperationId":"odg3020etabycw7"}
{"type":"operationStart","subtype":"recipe","name":"chrome-pdf","timestamp":1708457998817,"id":"muddn6s2v4br50d","previousEventId":"5ljjm9a06052h12","operationId":"61vedruipb63ghm","previousOperationId":"odg3020etabycw7"}
{"type":"log","timestamp":1708457998817,"level":"debug","message":"Executing recipe chrome-pdf","meta":{"rootId":"7n92z9zamn35yzz","id":"7n92z9zamn35yzz"},"id":"v5bkmlbizu6eprh","previousOperationId":"61vedruipb63ghm"}
{"type":"log","timestamp":1708457998819,"level":"debug","message":"Converting with chrome HeadlessChrome/117.0.5938.149 using chrome-pool strategy","meta":{"rootId":"7n92z9zamn35yzz","id":"7n92z9zamn35yzz"},"id":"ipwudfnh0hte3fe","previousOperationId":"61vedruipb63ghm"}
{"type":"log","timestamp":1708457998846,"level":"debug","message":"Page request: GET (document) file:///tmp/jsreport/autocleanup/631d2062-81b2-4705-95ed-71a58ac81576-chrome-pdf.html","meta":{"rootId":"7n92z9zamn35yzz","id":"7n92z9zamn35yzz"},"id":"4unihwilk4oom6j","previousOperationId":"61vedruipb63ghm"}
{"type":"log","timestamp":1708457998853,"level":"debug","message":"Page request: GET (stylesheet) https://cdn.jsdelivr.net/chartist.js/latest/chartist.min.css","meta":{"rootId":"7n92z9zamn35yzz","id":"7n92z9zamn35yzz"},"id":"0bzt5qv4zf3lucc","previousOperationId":"61vedruipb63ghm"}
{"type":"log","timestamp":1708457998853,"level":"debug","message":"Page request: GET (script) https://cdn.jsdelivr.net/chartist.js/latest/chartist.min.js","meta":{"rootId":"7n92z9zamn35yzz","id":"7n92z9zamn35yzz"},"id":"0zhtdt7qm86st2y","previousOperationId":"61vedruipb63ghm"}
{"type":"log","timestamp":1708457998854,"level":"debug","message":"Page request finished: GET (document) 200 file:///tmp/jsreport/autocleanup/631d2062-81b2-4705-95ed-71a58ac81576-chrome-pdf.html","meta":{"rootId":"7n92z9zamn35yzz","id":"7n92z9zamn35yzz"},"id":"zondr3mtb1fnmur","previousOperationId":"61vedruipb63ghm"}
{"type":"log","timestamp":1708457998855,"level":"debug","message":"Page request finished: GET (stylesheet) 200 https://cdn.jsdelivr.net/chartist.js/latest/chartist.min.css","meta":{"rootId":"7n92z9zamn35yzz","id":"7n92z9zamn35yzz"},"id":"kxd3cdobtstdm5i","previousOperationId":"61vedruipb63ghm"}
{"type":"log","timestamp":1708457998856,"level":"debug","message":"Page request finished: GET (script) 200 https://cdn.jsdelivr.net/chartist.js/latest/chartist.min.js","meta":{"rootId":"7n92z9zamn35yzz","id":"7n92z9zamn35yzz"},"id":"nxt4hadrnrq2up7","previousOperationId":"61vedruipb63ghm"}
{"type":"log","timestamp":1708457998860,"level":"debug","message":"Running chrome with params {\"printBackground\":true,\"timeout\":59948,\"margin\":{}}","meta":{"rootId":"7n92z9zamn35yzz","id":"7n92z9zamn35yzz"},"id":"2f970gnflx9qi91","previousOperationId":"61vedruipb63ghm"}
{"type":"operationEnd","operationId":"61vedruipb63ghm","timestamp":1708457998868,"id":"vh9qr1l4wbzajb8","previousEventId":"muddn6s2v4br50d","previousOperationId":"61vedruipb63ghm"}
{"type":"log","timestamp":1708457998868,"level":"debug","message":"Skipping storing report.","meta":{"rootId":"7n92z9zamn35yzz","id":"7n92z9zamn35yzz"},"id":"ypkkag69zt5yp94","previousOperationId":"61vedruipb63ghm"}
{"type":"log","timestamp":1708457998869,"level":"info","message":"Rendering request 90 finished in 103 ms","meta":{"rootId":"7n92z9zamn35yzz","id":"7n92z9zamn35yzz"},"id":"hhdk2fl7jchfzu9","previousOperationId":"61vedruipb63ghm"}
{"type":"operationEnd","subtype":"render","operationId":"52bp8960797il0l","timestamp":1708457998869,"id":"twcrlz6eh7nd9zk","previousEventId":"vh9qr1l4wbzajb8","previousOperationId":"61vedruipb63ghm"}
{"type":"operationEnd","doDiffs":false,"previousEventId":"t5gnvf7lh0eowrx","previousOperationId":"u9cl89nayvdeaz6","operationId":"u9cl89nayvdeaz6","timestamp":1708457998871,"id":"gxbic3amz3fbwri"}
