{"type":"operationStart","subtype":"profile","data":{"_id":"S7CHos7PKzanIsh0","timestamp":"2024-02-20T19:11:03.274Z","state":"queued","mode":"standard","creationDate":"2024-02-20T19:11:03.275Z","modificationDate":"2024-02-20T19:11:03.275Z","shortid":"pw3U41S","$entitySet":"profiles"},"doDiffs":false,"timestamp":1708456263275,"id":"zsu98s1hsm12dtc","previousOperationId":null,"operationId":"86xeieikefay0eq"}
{"type":"log","level":"info","message":"Render request 50 queued for execution and waiting for available worker","previousOperationId":"86xeieikefay0eq","timestamp":1708456263275,"id":"fe5earbxzllrino"}
{"type":"operationStart","subtype":"render","name":"TemplateList","previousOperationId":"86xeieikefay0eq","timestamp":1708456263279,"id":"sgsib9xsg6vn92e","previousEventId":"zsu98s1hsm12dtc","operationId":"8w4s1ozk3yh3zoc"}
{"type":"log","timestamp":1708456263279,"level":"info","message":"Starting rendering request 50","meta":{"rootId":"7nczqqygrsmwqpn","id":"7nczqqygrsmwqpn"},"id":"px8e1qcm4wkf91i","previousOperationId":"8w4s1ozk3yh3zoc"}
{"type":"log","timestamp":1708456263279,"level":"info","message":"Rendering template { name: TemplateList, recipe: chrome-pdf, engine: handlebars, preview: true }","meta":{"rootId":"7nczqqygrsmwqpn","id":"7nczqqygrsmwqpn"},"id":"0n087bgyj699mef","previousOperationId":"8w4s1ozk3yh3zoc"}
{"type":"log","timestamp":1708456263280,"level":"debug","message":"Data item not defined for this template.","meta":{"rootId":"7nczqqygrsmwqpn","id":"7nczqqygrsmwqpn"},"id":"3y8y8mlns440038","previousOperationId":"8w4s1ozk3yh3zoc"}
{"type":"log","timestamp":1708456263281,"level":"debug","message":"Executing script list-data (beforeRender)","meta":{"rootId":"7nczqqygrsmwqpn","id":"7nczqqygrsmwqpn"},"id":"fgxomf5l3i2p4kx","previousOperationId":"8w4s1ozk3yh3zoc"}
{"type":"operationStart","subtype":"scriptsBeforeRender","name":"scripts beforeRender","timestamp":1708456263285,"id":"0uccxcvjdwvkpgn","previousEventId":"sgsib9xsg6vn92e","operationId":"vtjj1macewgw0mp","previousOperationId":"8w4s1ozk3yh3zoc"}
{"type":"operationStart","subtype":"script","name":"scripts list-data","previousOperationId":"vtjj1macewgw0mp","timestamp":1708456263285,"id":"jqsfrkd8ton3ssc","previousEventId":"0uccxcvjdwvkpgn","operationId":"rzgahxlnxscglxb"}
{"type":"log","timestamp":1708456263310,"level":"debug","message":"(console:log) [\n  {\n    list_description: {\n      id: 2,\n      list_name: 'sarshisha',\n      list_current_number: 13,\n      list_limit_number: 0\n    },\n    list_image: {\n      url: 'http://localhost:4000/rails/active_storage/blobs/redirect/eyJfcmFpbHMiOnsiZGF0YSI6MywicHVyIjoiYmxvYl9pZCJ9fQ==--07183cfade35ce6ffe715f60749642919ec61f5d/charcuteria.png'\n    }\n  },\n  {\n    list_description: {\n      id: 3,\n      list_name: 'stjsjshtshn',\n      list_current_number: 4,\n      list_limit_number: 0\n    },\n    list_image: {\n      url: 'http://localhost:4000/rails/active_storage/blobs/redirect/eyJfcmFpbHMiOnsiZGF0YSI6NCwicHVyIjoiYmxvYl9pZCJ9fQ==--023aae65cb60b3f6c6d73a9c76e14c0b0df6ad86/dibujoadrian.jpg'\n    }\n  },\n  {\n    list_description: {\n      id: 1,\n      list_name: 'charcuteria',\n      list_current_number: 1,\n      list_limit_number: 0\n    },\n    list_image: {\n      url: 'http://localhost:4000/rails/active_storage/blobs/redirect/eyJfcmFpbHMiOnsiZGF0YSI6MiwicHVyIjoiYmxvYl9pZCJ9fQ==--ee6d56bf52163135b48a4ba2c22b11a93e94d3b3/charcuteria.png'\n    }\n  }\n]","meta":{"userLevel":true,"rootId":"7nczqqygrsmwqpn","id":"7nczqqygrsmwqpn"},"id":"ke3e5eyvp8j6ltf","previousOperationId":"rzgahxlnxscglxb"}
{"type":"log","timestamp":1708456263317,"level":"debug","message":"(console:log) [\n  {\n    id: 1,\n    nickname: 'a',\n    is_admin: true,\n    suscriptor: null,\n    created_at: '2024-02-20T16:45:37.609Z',\n    updated_at: '2024-02-20T16:45:37.729Z',\n    email: 'a@a.a',\n    jti: '6a2b57ca-af4b-47a0-8285-477cffafa34b'\n  }\n]","meta":{"userLevel":true,"rootId":"7nczqqygrsmwqpn","id":"7nczqqygrsmwqpn"},"id":"cakta215tgx6s35","previousOperationId":"rzgahxlnxscglxb"}
{"type":"operationEnd","operationId":"rzgahxlnxscglxb","timestamp":1708456263317,"id":"pidni7ztmws7pix","previousEventId":"sgsib9xsg6vn92e","previousOperationId":"8w4s1ozk3yh3zoc"}
{"type":"operationEnd","operationId":"vtjj1macewgw0mp","timestamp":1708456263317,"id":"yqcl3ioipfavsok","previousEventId":"pidni7ztmws7pix","previousOperationId":"8w4s1ozk3yh3zoc"}
{"type":"log","timestamp":1708456263317,"level":"debug","message":"Base url not specified, skipping its injection.","meta":{"rootId":"7nczqqygrsmwqpn","id":"7nczqqygrsmwqpn"},"id":"5mxmh5jqm3xv7fe","previousOperationId":"vtjj1macewgw0mp"}
{"type":"operationStart","subtype":"engine","name":"handlebars","timestamp":1708456263317,"id":"nsnohbitznpbc94","previousEventId":"yqcl3ioipfavsok","operationId":"uxqsv7b6pe8fcg3","previousOperationId":"vtjj1macewgw0mp"}
{"type":"log","timestamp":1708456263317,"level":"debug","message":"Rendering engine handlebars","meta":{"rootId":"7nczqqygrsmwqpn","id":"7nczqqygrsmwqpn"},"id":"rejhlnegq2dmg03","previousOperationId":"uxqsv7b6pe8fcg3"}
{"type":"operationEnd","operationId":"uxqsv7b6pe8fcg3","timestamp":1708456263328,"id":"uq74f1qf7fp1nsv","previousEventId":"nsnohbitznpbc94","previousOperationId":"uxqsv7b6pe8fcg3"}
{"type":"operationStart","subtype":"recipe","name":"chrome-pdf","timestamp":1708456263328,"id":"j0t8x6bes3d6tfn","previousEventId":"uq74f1qf7fp1nsv","operationId":"dv6mb59fpwk9fxu","previousOperationId":"uxqsv7b6pe8fcg3"}
{"type":"log","timestamp":1708456263328,"level":"debug","message":"Executing recipe chrome-pdf","meta":{"rootId":"7nczqqygrsmwqpn","id":"7nczqqygrsmwqpn"},"id":"qj6b15rjjrz78pe","previousOperationId":"dv6mb59fpwk9fxu"}
{"type":"log","timestamp":1708456263329,"level":"debug","message":"Converting with chrome HeadlessChrome/117.0.5938.149 using chrome-pool strategy","meta":{"rootId":"7nczqqygrsmwqpn","id":"7nczqqygrsmwqpn"},"id":"dc4cupy21uttkj6","previousOperationId":"dv6mb59fpwk9fxu"}
{"type":"log","timestamp":1708456263359,"level":"debug","message":"Page request: GET (document) file:///tmp/jsreport/autocleanup/54870a6b-dcd0-4a27-af01-6c1bfef32694-chrome-pdf.html","meta":{"rootId":"7nczqqygrsmwqpn","id":"7nczqqygrsmwqpn"},"id":"ozg5xzm25v0sksd","previousOperationId":"dv6mb59fpwk9fxu"}
{"type":"log","timestamp":1708456263366,"level":"debug","message":"Page request: GET (stylesheet) https://cdn.jsdelivr.net/chartist.js/latest/chartist.min.css","meta":{"rootId":"7nczqqygrsmwqpn","id":"7nczqqygrsmwqpn"},"id":"m2wyi0smli979zr","previousOperationId":"dv6mb59fpwk9fxu"}
{"type":"log","timestamp":1708456263366,"level":"debug","message":"Page request: GET (script) https://cdn.jsdelivr.net/chartist.js/latest/chartist.min.js","meta":{"rootId":"7nczqqygrsmwqpn","id":"7nczqqygrsmwqpn"},"id":"zqq1v1jd7xsrnja","previousOperationId":"dv6mb59fpwk9fxu"}
{"type":"log","timestamp":1708456263367,"level":"debug","message":"Page request: GET (script) https://code.jquery.com/jquery-3.6.0.min.js","meta":{"rootId":"7nczqqygrsmwqpn","id":"7nczqqygrsmwqpn"},"id":"e308odhhp7pr8ax","previousOperationId":"dv6mb59fpwk9fxu"}
{"type":"log","timestamp":1708456263367,"level":"debug","message":"Page request: GET (script) https://cdn.jsdelivr.net/npm/chart.js","meta":{"rootId":"7nczqqygrsmwqpn","id":"7nczqqygrsmwqpn"},"id":"oulqny53kvjhk21","previousOperationId":"dv6mb59fpwk9fxu"}
{"type":"log","timestamp":1708456263367,"level":"debug","message":"Page request finished: GET (document) 200 file:///tmp/jsreport/autocleanup/54870a6b-dcd0-4a27-af01-6c1bfef32694-chrome-pdf.html","meta":{"rootId":"7nczqqygrsmwqpn","id":"7nczqqygrsmwqpn"},"id":"miur8pbf5a23qax","previousOperationId":"dv6mb59fpwk9fxu"}
{"type":"log","timestamp":1708456263368,"level":"debug","message":"Page request finished: GET (stylesheet) 200 https://cdn.jsdelivr.net/chartist.js/latest/chartist.min.css","meta":{"rootId":"7nczqqygrsmwqpn","id":"7nczqqygrsmwqpn"},"id":"yp8h6vvxteld1b0","previousOperationId":"dv6mb59fpwk9fxu"}
{"type":"log","timestamp":1708456263369,"level":"debug","message":"Page request finished: GET (script) 200 https://cdn.jsdelivr.net/chartist.js/latest/chartist.min.js","meta":{"rootId":"7nczqqygrsmwqpn","id":"7nczqqygrsmwqpn"},"id":"6v3ud4c3rnrcwd4","previousOperationId":"dv6mb59fpwk9fxu"}
{"type":"log","timestamp":1708456263372,"level":"debug","message":"Page request finished: GET (script) 200 https://code.jquery.com/jquery-3.6.0.min.js","meta":{"rootId":"7nczqqygrsmwqpn","id":"7nczqqygrsmwqpn"},"id":"kgsp05weqkr06ko","previousOperationId":"dv6mb59fpwk9fxu"}
{"type":"log","timestamp":1708456263375,"level":"debug","message":"Page request finished: GET (script) 200 https://cdn.jsdelivr.net/npm/chart.js","meta":{"rootId":"7nczqqygrsmwqpn","id":"7nczqqygrsmwqpn"},"id":"9tlhsvfqwsysppt","previousOperationId":"dv6mb59fpwk9fxu"}
{"type":"log","timestamp":1708456263418,"level":"debug","message":"Running chrome with params {\"printBackground\":true,\"timeout\":59945,\"margin\":{}}","meta":{"rootId":"7nczqqygrsmwqpn","id":"7nczqqygrsmwqpn"},"id":"eywkiw827n08i3j","previousOperationId":"dv6mb59fpwk9fxu"}
{"type":"operationEnd","operationId":"dv6mb59fpwk9fxu","timestamp":1708456263449,"id":"98alpfg4uiqg0rw","previousEventId":"j0t8x6bes3d6tfn","previousOperationId":"dv6mb59fpwk9fxu"}
{"type":"log","timestamp":1708456263449,"level":"debug","message":"Skipping storing report.","meta":{"rootId":"7nczqqygrsmwqpn","id":"7nczqqygrsmwqpn"},"id":"ue332hzddhx0sok","previousOperationId":"dv6mb59fpwk9fxu"}
{"type":"log","timestamp":1708456263449,"level":"info","message":"Rendering request 50 finished in 175 ms","meta":{"rootId":"7nczqqygrsmwqpn","id":"7nczqqygrsmwqpn"},"id":"zhwb23cfbhy9mua","previousOperationId":"dv6mb59fpwk9fxu"}
{"type":"operationEnd","subtype":"render","operationId":"8w4s1ozk3yh3zoc","timestamp":1708456263449,"id":"o3rgh9b5905pn3s","previousEventId":"98alpfg4uiqg0rw","previousOperationId":"dv6mb59fpwk9fxu"}
{"type":"operationEnd","doDiffs":false,"previousEventId":"zsu98s1hsm12dtc","previousOperationId":"86xeieikefay0eq","operationId":"86xeieikefay0eq","timestamp":1708456263451,"id":"pe2yqf57msa3dn9"}
