{"type":"operationStart","subtype":"profile","data":{"_id":"p2XmACFItec0aw6S","timestamp":"2024-02-20T18:13:33.815Z","state":"queued","mode":"standard","creationDate":"2024-02-20T18:13:33.816Z","modificationDate":"2024-02-20T18:13:33.816Z","shortid":"1lZWTwP","$entitySet":"profiles"},"doDiffs":false,"timestamp":1708452813815,"id":"prqdqhz10lxs0wj","previousOperationId":null,"operationId":"4d61vczqsatgfkd"}
{"type":"log","level":"info","message":"Render request 13 queued for execution and waiting for available worker","previousOperationId":"4d61vczqsatgfkd","timestamp":1708452813815,"id":"kbyzcxq7cef78pc"}
{"type":"operationStart","subtype":"render","name":"TemplateList","previousOperationId":"4d61vczqsatgfkd","timestamp":1708452813820,"id":"vjz2kkrb5uitf4j","previousEventId":"prqdqhz10lxs0wj","operationId":"8akdxf6s4fj382f"}
{"type":"log","timestamp":1708452813820,"level":"info","message":"Starting rendering request 13","meta":{"rootId":"7rfpnh1cq80aanm","id":"7rfpnh1cq80aanm"},"id":"6a6vp18dr5j1qua","previousOperationId":"8akdxf6s4fj382f"}
{"type":"log","timestamp":1708452813820,"level":"info","message":"Rendering template { name: TemplateList, recipe: chrome-pdf, engine: handlebars, preview: true }","meta":{"rootId":"7rfpnh1cq80aanm","id":"7rfpnh1cq80aanm"},"id":"0olrm2vdams5du3","previousOperationId":"8akdxf6s4fj382f"}
{"type":"log","timestamp":1708452813820,"level":"debug","message":"Data item not defined for this template.","meta":{"rootId":"7rfpnh1cq80aanm","id":"7rfpnh1cq80aanm"},"id":"bjkizurt28svp4u","previousOperationId":"8akdxf6s4fj382f"}
{"type":"log","timestamp":1708452813822,"level":"debug","message":"Executing script list-data (beforeRender)","meta":{"rootId":"7rfpnh1cq80aanm","id":"7rfpnh1cq80aanm"},"id":"eoj9g1ragtdnli7","previousOperationId":"8akdxf6s4fj382f"}
{"type":"operationStart","subtype":"scriptsBeforeRender","name":"scripts beforeRender","timestamp":1708452813826,"id":"yk75up7228xu6rj","previousEventId":"vjz2kkrb5uitf4j","operationId":"avnbd3pid5antg0","previousOperationId":"8akdxf6s4fj382f"}
{"type":"operationStart","subtype":"script","name":"scripts list-data","previousOperationId":"avnbd3pid5antg0","timestamp":1708452813826,"id":"r8mfp9272653gek","previousEventId":"yk75up7228xu6rj","operationId":"zh7h74yp8a6gxaf"}
{"type":"log","timestamp":1708452813847,"level":"debug","message":"(console:log) [\n  {\n    list_description: {\n      id: 1,\n      list_name: 'charcuteria',\n      list_current_number: 0,\n      list_limit_number: 0\n    },\n    list_image: {\n      url: 'http://localhost:4000/rails/active_storage/blobs/redirect/eyJfcmFpbHMiOnsiZGF0YSI6MiwicHVyIjoiYmxvYl9pZCJ9fQ==--ee6d56bf52163135b48a4ba2c22b11a93e94d3b3/charcuteria.png'\n    }\n  },\n  {\n    list_description: {\n      id: 2,\n      list_name: 'sarshisha',\n      list_current_number: 0,\n      list_limit_number: 0\n    },\n    list_image: {\n      url: 'http://localhost:4000/rails/active_storage/blobs/redirect/eyJfcmFpbHMiOnsiZGF0YSI6MywicHVyIjoiYmxvYl9pZCJ9fQ==--07183cfade35ce6ffe715f60749642919ec61f5d/charcuteria.png'\n    }\n  },\n  {\n    list_description: {\n      id: 3,\n      list_name: 'stjsjshtshn',\n      list_current_number: 0,\n      list_limit_number: 0\n    },\n    list_image: {\n      url: 'http://localhost:4000/rails/active_storage/blobs/redirect/eyJfcmFpbHMiOnsiZGF0YSI6NCwicHVyIjoiYmxvYl9pZCJ9fQ==--023aae65cb60b3f6c6d73a9c76e14c0b0df6ad86/dibujoadrian.jpg'\n    }\n  }\n]","meta":{"userLevel":true,"rootId":"7rfpnh1cq80aanm","id":"7rfpnh1cq80aanm"},"id":"5vv33jrs5oqbhj8","previousOperationId":"zh7h74yp8a6gxaf"}
{"type":"log","timestamp":1708452813857,"level":"debug","message":"(console:log) [\n  {\n    id: 1,\n    nickname: 'a',\n    is_admin: true,\n    suscriptor: null,\n    created_at: '2024-02-20T16:45:37.609Z',\n    updated_at: '2024-02-20T16:45:37.729Z',\n    email: 'a@a.a',\n    jti: '6a2b57ca-af4b-47a0-8285-477cffafa34b'\n  }\n]","meta":{"userLevel":true,"rootId":"7rfpnh1cq80aanm","id":"7rfpnh1cq80aanm"},"id":"va7nqm8035jmvl9","previousOperationId":"zh7h74yp8a6gxaf"}
{"type":"operationEnd","operationId":"zh7h74yp8a6gxaf","timestamp":1708452813857,"id":"dvb2xr482nijtrn","previousEventId":"vjz2kkrb5uitf4j","previousOperationId":"8akdxf6s4fj382f"}
{"type":"operationEnd","operationId":"avnbd3pid5antg0","timestamp":1708452813857,"id":"jzehejeuvkoamxx","previousEventId":"dvb2xr482nijtrn","previousOperationId":"8akdxf6s4fj382f"}
{"type":"log","timestamp":1708452813857,"level":"debug","message":"Base url not specified, skipping its injection.","meta":{"rootId":"7rfpnh1cq80aanm","id":"7rfpnh1cq80aanm"},"id":"zb9z7cnd1ffmwoj","previousOperationId":"avnbd3pid5antg0"}
{"type":"operationStart","subtype":"engine","name":"handlebars","timestamp":1708452813857,"id":"6omizuumx8rzaop","previousEventId":"jzehejeuvkoamxx","operationId":"qbg29no4rf1zg51","previousOperationId":"avnbd3pid5antg0"}
{"type":"log","timestamp":1708452813857,"level":"debug","message":"Rendering engine handlebars","meta":{"rootId":"7rfpnh1cq80aanm","id":"7rfpnh1cq80aanm"},"id":"7jau72bqmr2q1ni","previousOperationId":"qbg29no4rf1zg51"}
{"type":"operationEnd","operationId":"qbg29no4rf1zg51","timestamp":1708452813869,"id":"jfk9z2ia2yx17ze","previousEventId":"6omizuumx8rzaop","previousOperationId":"qbg29no4rf1zg51"}
{"type":"operationStart","subtype":"recipe","name":"chrome-pdf","timestamp":1708452813869,"id":"1cz8p8y7e3rekqv","previousEventId":"jfk9z2ia2yx17ze","operationId":"ij73ogbcjxn7mdv","previousOperationId":"qbg29no4rf1zg51"}
{"type":"log","timestamp":1708452813869,"level":"debug","message":"Executing recipe chrome-pdf","meta":{"rootId":"7rfpnh1cq80aanm","id":"7rfpnh1cq80aanm"},"id":"nt6trj9dngkb8lc","previousOperationId":"ij73ogbcjxn7mdv"}
{"type":"log","timestamp":1708452813872,"level":"debug","message":"Converting with chrome HeadlessChrome/117.0.5938.149 using chrome-pool strategy","meta":{"rootId":"7rfpnh1cq80aanm","id":"7rfpnh1cq80aanm"},"id":"frj66eac6l3c35e","previousOperationId":"ij73ogbcjxn7mdv"}
{"type":"log","timestamp":1708452813907,"level":"debug","message":"Page request: GET (document) file:///tmp/jsreport/autocleanup/e1b91b4b-df61-42f2-9a6f-e29734972067-chrome-pdf.html","meta":{"rootId":"7rfpnh1cq80aanm","id":"7rfpnh1cq80aanm"},"id":"nw7mgn0sg0o4po1","previousOperationId":"ij73ogbcjxn7mdv"}
{"type":"log","timestamp":1708452813915,"level":"debug","message":"Page request: GET (stylesheet) https://cdn.jsdelivr.net/chartist.js/latest/chartist.min.css","meta":{"rootId":"7rfpnh1cq80aanm","id":"7rfpnh1cq80aanm"},"id":"sca7rcocx0w3wi9","previousOperationId":"ij73ogbcjxn7mdv"}
{"type":"log","timestamp":1708452813915,"level":"debug","message":"Page request: GET (script) https://cdn.jsdelivr.net/chartist.js/latest/chartist.min.js","meta":{"rootId":"7rfpnh1cq80aanm","id":"7rfpnh1cq80aanm"},"id":"08iyqvtdm5vcpv9","previousOperationId":"ij73ogbcjxn7mdv"}
{"type":"log","timestamp":1708452813915,"level":"debug","message":"Page request: GET (script) https://code.jquery.com/jquery-3.6.0.min.js","meta":{"rootId":"7rfpnh1cq80aanm","id":"7rfpnh1cq80aanm"},"id":"jw1zqy7bs65k2yu","previousOperationId":"ij73ogbcjxn7mdv"}
{"type":"log","timestamp":1708452813915,"level":"debug","message":"Page request finished: GET (document) 200 file:///tmp/jsreport/autocleanup/e1b91b4b-df61-42f2-9a6f-e29734972067-chrome-pdf.html","meta":{"rootId":"7rfpnh1cq80aanm","id":"7rfpnh1cq80aanm"},"id":"eoub88r2qwtwfeh","previousOperationId":"ij73ogbcjxn7mdv"}
{"type":"log","timestamp":1708452813917,"level":"debug","message":"Page request finished: GET (stylesheet) 200 https://cdn.jsdelivr.net/chartist.js/latest/chartist.min.css","meta":{"rootId":"7rfpnh1cq80aanm","id":"7rfpnh1cq80aanm"},"id":"p3uknt267fajbhi","previousOperationId":"ij73ogbcjxn7mdv"}
{"type":"log","timestamp":1708452813919,"level":"debug","message":"Page request finished: GET (script) 200 https://cdn.jsdelivr.net/chartist.js/latest/chartist.min.js","meta":{"rootId":"7rfpnh1cq80aanm","id":"7rfpnh1cq80aanm"},"id":"42j0g0eydf898st","previousOperationId":"ij73ogbcjxn7mdv"}
{"type":"log","timestamp":1708452813920,"level":"debug","message":"Page request finished: GET (script) 200 https://code.jquery.com/jquery-3.6.0.min.js","meta":{"rootId":"7rfpnh1cq80aanm","id":"7rfpnh1cq80aanm"},"id":"4k9u9806t0bozrq","previousOperationId":"ij73ogbcjxn7mdv"}
{"type":"log","timestamp":1708452813925,"level":"warn","message":"Page error: Unexpected identifier 'Object' , stack: SyntaxError: Unexpected identifier 'Object'","meta":{"rootId":"7rfpnh1cq80aanm","id":"7rfpnh1cq80aanm"},"id":"sp6q2qa6texovz2","previousOperationId":"ij73ogbcjxn7mdv"}
{"type":"log","timestamp":1708452813929,"level":"debug","message":"Running chrome with params {\"printBackground\":true,\"timeout\":59945,\"margin\":{}}","meta":{"rootId":"7rfpnh1cq80aanm","id":"7rfpnh1cq80aanm"},"id":"rou3vm9yxalivkw","previousOperationId":"ij73ogbcjxn7mdv"}
{"type":"operationEnd","operationId":"ij73ogbcjxn7mdv","timestamp":1708452813943,"id":"dy5jjjeusswbihw","previousEventId":"1cz8p8y7e3rekqv","previousOperationId":"ij73ogbcjxn7mdv"}
{"type":"log","timestamp":1708452813943,"level":"debug","message":"Skipping storing report.","meta":{"rootId":"7rfpnh1cq80aanm","id":"7rfpnh1cq80aanm"},"id":"zd93b9wpxlgmw73","previousOperationId":"ij73ogbcjxn7mdv"}
{"type":"log","timestamp":1708452813943,"level":"info","message":"Rendering request 13 finished in 128 ms","meta":{"rootId":"7rfpnh1cq80aanm","id":"7rfpnh1cq80aanm"},"id":"paxe6fabaefw3pk","previousOperationId":"ij73ogbcjxn7mdv"}
{"type":"operationEnd","subtype":"render","operationId":"8akdxf6s4fj382f","timestamp":1708452813943,"id":"mc5u1akgykfo8mo","previousEventId":"dy5jjjeusswbihw","previousOperationId":"ij73ogbcjxn7mdv"}
{"type":"operationEnd","doDiffs":false,"previousEventId":"prqdqhz10lxs0wj","previousOperationId":"4d61vczqsatgfkd","operationId":"4d61vczqsatgfkd","timestamp":1708452813945,"id":"869guu9is96txq4"}
