{"type":"operationStart","subtype":"profile","data":{"_id":"PyGcqX8jOnEYDeMc","timestamp":"2024-02-20T18:05:34.363Z","state":"queued","mode":"standard","creationDate":"2024-02-20T18:05:34.364Z","modificationDate":"2024-02-20T18:05:34.364Z","shortid":"lg2m_3G","$entitySet":"profiles"},"doDiffs":false,"timestamp":1708452334363,"id":"dj67e67he3gsxen","previousOperationId":null,"operationId":"6jr12inmqbm6d4g"}
{"type":"log","level":"info","message":"Render request 5 queued for execution and waiting for available worker","previousOperationId":"6jr12inmqbm6d4g","timestamp":1708452334363,"id":"3seco2r2i19a4g3"}
{"type":"operationStart","subtype":"render","name":"TemplateList","previousOperationId":"6jr12inmqbm6d4g","timestamp":1708452334369,"id":"3qtezf830e5cek2","previousEventId":"dj67e67he3gsxen","operationId":"8ch2f0yfuzh6jxs"}
{"type":"log","timestamp":1708452334369,"level":"info","message":"Starting rendering request 5","meta":{"rootId":"8hytk3d058rjxsi","id":"8hytk3d058rjxsi"},"id":"rg293uozibhg4qg","previousOperationId":"8ch2f0yfuzh6jxs"}
{"type":"log","timestamp":1708452334370,"level":"info","message":"Rendering template { name: TemplateList, recipe: chrome-pdf, engine: handlebars, preview: true }","meta":{"rootId":"8hytk3d058rjxsi","id":"8hytk3d058rjxsi"},"id":"a6pclc572y8qkge","previousOperationId":"8ch2f0yfuzh6jxs"}
{"type":"log","timestamp":1708452334370,"level":"debug","message":"Data item not defined for this template.","meta":{"rootId":"8hytk3d058rjxsi","id":"8hytk3d058rjxsi"},"id":"bptjeze2xtwtado","previousOperationId":"8ch2f0yfuzh6jxs"}
{"type":"log","timestamp":1708452334373,"level":"debug","message":"Executing script list-data (beforeRender)","meta":{"rootId":"8hytk3d058rjxsi","id":"8hytk3d058rjxsi"},"id":"i7iljbjs9zs2e3h","previousOperationId":"8ch2f0yfuzh6jxs"}
{"type":"operationStart","subtype":"scriptsBeforeRender","name":"scripts beforeRender","timestamp":1708452334387,"id":"cmvif1v78uaaad9","previousEventId":"3qtezf830e5cek2","operationId":"hml9svdf4u1u5z7","previousOperationId":"8ch2f0yfuzh6jxs"}
{"type":"operationStart","subtype":"script","name":"scripts list-data","previousOperationId":"hml9svdf4u1u5z7","timestamp":1708452334387,"id":"oor9qeakd1gzzbs","previousEventId":"cmvif1v78uaaad9","operationId":"zhw2p7qp4wavbby"}
{"type":"log","timestamp":1708452334388,"level":"debug","message":"(console:error) Error fetching lists: ReferenceError: req is not defined\n    at Object.beforeRender (sandbox.js:46:9)\n    at executionFn (/home/miguel/workspace/tibuTicket/jsreports/node_modules/@jsreport/jsreport-scripts/lib/executeScript.js:67:35)\n    at sandbox.js:71:18\n    at async run (/home/miguel/workspace/tibuTicket/jsreports/node_modules/@jsreport/jsreport-core/lib/worker/sandbox/createSandbox.js:137:16)\n    at async WorkerReporter.runInSandbox [as _runInSandbox] (/home/miguel/workspace/tibuTicket/jsreports/node_modules/@jsreport/jsreport-core/lib/worker/sandbox/runInSandbox.js:195:14)\n    at async executeScript (/home/miguel/workspace/tibuTicket/jsreports/node_modules/@jsreport/jsreport-scripts/lib/executeScript.js:122:12)\n    at async Scripts._runScript (/home/miguel/workspace/tibuTicket/jsreports/node_modules/@jsreport/jsreport-scripts/lib/worker.js:140:30)\n    at async Scripts.handleBeforeRender (/home/miguel/workspace/tibuTicket/jsreports/node_modules/@jsreport/jsreport-scripts/lib/worker.js:64:7)\n    at async ListenerCollection.fire (/home/miguel/workspace/tibuTicket/jsreports/node_modules/@jsreport/jsreport-core/lib/shared/listenerCollection.js:157:21)\n    at async beforeRender (/home/miguel/workspace/tibuTicket/jsreports/node_modules/@jsreport/jsreport-core/lib/worker/render/render.js:24:5)","meta":{"userLevel":true,"rootId":"8hytk3d058rjxsi","id":"8hytk3d058rjxsi"},"id":"4nmo4pkp2fmoegr","previousOperationId":"zhw2p7qp4wavbby"}
{"type":"operationEnd","operationId":"zhw2p7qp4wavbby","timestamp":1708452334388,"id":"cpjeae21u4vzfx0","previousEventId":"3qtezf830e5cek2","previousOperationId":"8ch2f0yfuzh6jxs"}
{"type":"operationEnd","operationId":"hml9svdf4u1u5z7","timestamp":1708452334388,"id":"kaaxfdj94pwyfmd","previousEventId":"cpjeae21u4vzfx0","previousOperationId":"8ch2f0yfuzh6jxs"}
{"type":"log","timestamp":1708452334388,"level":"debug","message":"Base url not specified, skipping its injection.","meta":{"rootId":"8hytk3d058rjxsi","id":"8hytk3d058rjxsi"},"id":"ulr0q527q1rvuw0","previousOperationId":"hml9svdf4u1u5z7"}
{"type":"operationStart","subtype":"engine","name":"handlebars","timestamp":1708452334388,"id":"mvptwdcdw2m5l8t","previousEventId":"kaaxfdj94pwyfmd","operationId":"ndzyr1a0gdyf4g2","previousOperationId":"hml9svdf4u1u5z7"}
{"type":"log","timestamp":1708452334388,"level":"debug","message":"Rendering engine handlebars","meta":{"rootId":"8hytk3d058rjxsi","id":"8hytk3d058rjxsi"},"id":"1azqhj3e0q21a8r","previousOperationId":"ndzyr1a0gdyf4g2"}
{"type":"operationEnd","operationId":"ndzyr1a0gdyf4g2","timestamp":1708452334398,"id":"ki0z3jp1n9k1q9t","previousEventId":"mvptwdcdw2m5l8t","previousOperationId":"ndzyr1a0gdyf4g2"}
{"type":"operationStart","subtype":"recipe","name":"chrome-pdf","timestamp":1708452334398,"id":"8jsxkmorljxv95f","previousEventId":"ki0z3jp1n9k1q9t","operationId":"x75xie9adykeusb","previousOperationId":"ndzyr1a0gdyf4g2"}
{"type":"log","timestamp":1708452334398,"level":"debug","message":"Executing recipe chrome-pdf","meta":{"rootId":"8hytk3d058rjxsi","id":"8hytk3d058rjxsi"},"id":"ybxb0dwxyxcmmcx","previousOperationId":"x75xie9adykeusb"}
{"type":"log","timestamp":1708452334400,"level":"debug","message":"Converting with chrome HeadlessChrome/117.0.5938.149 using chrome-pool strategy","meta":{"rootId":"8hytk3d058rjxsi","id":"8hytk3d058rjxsi"},"id":"25vng0jqd0uebhj","previousOperationId":"x75xie9adykeusb"}
{"type":"log","timestamp":1708452334434,"level":"debug","message":"Page request: GET (document) file:///tmp/jsreport/autocleanup/9919f72b-969e-4e63-8c4b-4b985686d47c-chrome-pdf.html","meta":{"rootId":"8hytk3d058rjxsi","id":"8hytk3d058rjxsi"},"id":"n9tot9qqh148iqs","previousOperationId":"x75xie9adykeusb"}
{"type":"log","timestamp":1708452334443,"level":"debug","message":"Page request: GET (stylesheet) https://cdn.jsdelivr.net/chartist.js/latest/chartist.min.css","meta":{"rootId":"8hytk3d058rjxsi","id":"8hytk3d058rjxsi"},"id":"498mobqbvmgv95d","previousOperationId":"x75xie9adykeusb"}
{"type":"log","timestamp":1708452334444,"level":"debug","message":"Page request: GET (script) https://cdn.jsdelivr.net/chartist.js/latest/chartist.min.js","meta":{"rootId":"8hytk3d058rjxsi","id":"8hytk3d058rjxsi"},"id":"0qqyhiq2g7urydj","previousOperationId":"x75xie9adykeusb"}
{"type":"log","timestamp":1708452334444,"level":"debug","message":"Page request: GET (script) https://code.jquery.com/jquery-3.6.0.min.js","meta":{"rootId":"8hytk3d058rjxsi","id":"8hytk3d058rjxsi"},"id":"kn3yxz203svgiuj","previousOperationId":"x75xie9adykeusb"}
{"type":"log","timestamp":1708452334444,"level":"debug","message":"Page request finished: GET (document) 200 file:///tmp/jsreport/autocleanup/9919f72b-969e-4e63-8c4b-4b985686d47c-chrome-pdf.html","meta":{"rootId":"8hytk3d058rjxsi","id":"8hytk3d058rjxsi"},"id":"mnyjgackvxl07xl","previousOperationId":"x75xie9adykeusb"}
{"type":"log","timestamp":1708452334446,"level":"debug","message":"Page request finished: GET (stylesheet) 200 https://cdn.jsdelivr.net/chartist.js/latest/chartist.min.css","meta":{"rootId":"8hytk3d058rjxsi","id":"8hytk3d058rjxsi"},"id":"vl2566xqi72559x","previousOperationId":"x75xie9adykeusb"}
{"type":"log","timestamp":1708452334448,"level":"debug","message":"Page request finished: GET (script) 200 https://cdn.jsdelivr.net/chartist.js/latest/chartist.min.js","meta":{"rootId":"8hytk3d058rjxsi","id":"8hytk3d058rjxsi"},"id":"x4ny02yh05bizb1","previousOperationId":"x75xie9adykeusb"}
{"type":"log","timestamp":1708452334449,"level":"debug","message":"Page request finished: GET (script) 200 https://code.jquery.com/jquery-3.6.0.min.js","meta":{"rootId":"8hytk3d058rjxsi","id":"8hytk3d058rjxsi"},"id":"o1n4hcabk6rnu0c","previousOperationId":"x75xie9adykeusb"}
{"type":"log","timestamp":1708452334455,"level":"debug","message":"(console:log) Lists: ","meta":{"userLevel":true,"rootId":"8hytk3d058rjxsi","id":"8hytk3d058rjxsi"},"id":"3awh15jutacdajw","previousOperationId":"x75xie9adykeusb"}
{"type":"log","timestamp":1708452334457,"level":"debug","message":"Running chrome with params {\"printBackground\":true,\"timeout\":59964,\"margin\":{}}","meta":{"rootId":"8hytk3d058rjxsi","id":"8hytk3d058rjxsi"},"id":"lh5y7i2eg3n6iaw","previousOperationId":"x75xie9adykeusb"}
{"type":"operationEnd","operationId":"x75xie9adykeusb","timestamp":1708452334465,"id":"1wgu1yo7djh238d","previousEventId":"8jsxkmorljxv95f","previousOperationId":"x75xie9adykeusb"}
{"type":"log","timestamp":1708452334465,"level":"debug","message":"Skipping storing report.","meta":{"rootId":"8hytk3d058rjxsi","id":"8hytk3d058rjxsi"},"id":"r5vyl0660pzod4r","previousOperationId":"x75xie9adykeusb"}
{"type":"log","timestamp":1708452334466,"level":"info","message":"Rendering request 5 finished in 103 ms","meta":{"rootId":"8hytk3d058rjxsi","id":"8hytk3d058rjxsi"},"id":"tkm90yea7geclyx","previousOperationId":"x75xie9adykeusb"}
{"type":"operationEnd","subtype":"render","operationId":"8ch2f0yfuzh6jxs","timestamp":1708452334466,"id":"0x6j44o7odqefjq","previousEventId":"1wgu1yo7djh238d","previousOperationId":"x75xie9adykeusb"}
{"type":"operationEnd","doDiffs":false,"previousEventId":"dj67e67he3gsxen","previousOperationId":"6jr12inmqbm6d4g","operationId":"6jr12inmqbm6d4g","timestamp":1708452334474,"id":"d182v7v7z90xgky"}
