{"type":"operationStart","subtype":"profile","data":{"_id":"hB0KlzBdp3NGURgZ","timestamp":"2024-02-20T18:26:12.295Z","state":"queued","mode":"standard","creationDate":"2024-02-20T18:26:12.296Z","modificationDate":"2024-02-20T18:26:12.296Z","shortid":"gDZIIag","$entitySet":"profiles"},"doDiffs":false,"timestamp":1708453572295,"id":"grkncgtos0n1dyg","previousOperationId":null,"operationId":"ecxgssxmliksm09"}
{"type":"log","level":"info","message":"Render request 26 queued for execution and waiting for available worker","previousOperationId":"ecxgssxmliksm09","timestamp":1708453572295,"id":"7l7furrt8agsr8v"}
{"type":"operationStart","subtype":"render","name":"TemplateList","previousOperationId":"ecxgssxmliksm09","timestamp":1708453572301,"id":"xwxpy5f0vjol48q","previousEventId":"grkncgtos0n1dyg","operationId":"cmxewt20ztx2e1v"}
{"type":"log","timestamp":1708453572301,"level":"info","message":"Starting rendering request 26","meta":{"rootId":"96a38ch49cwcy8g","id":"96a38ch49cwcy8g"},"id":"w00r90cam2xtl5c","previousOperationId":"cmxewt20ztx2e1v"}
{"type":"log","timestamp":1708453572301,"level":"info","message":"Rendering template { name: TemplateList, recipe: chrome-pdf, engine: handlebars, preview: true }","meta":{"rootId":"96a38ch49cwcy8g","id":"96a38ch49cwcy8g"},"id":"gn67tlp4kq6drgu","previousOperationId":"cmxewt20ztx2e1v"}
{"type":"log","timestamp":1708453572301,"level":"debug","message":"Data item not defined for this template.","meta":{"rootId":"96a38ch49cwcy8g","id":"96a38ch49cwcy8g"},"id":"7cmq8jryh6vcwsw","previousOperationId":"cmxewt20ztx2e1v"}
{"type":"log","timestamp":1708453572303,"level":"debug","message":"Executing script list-data (beforeRender)","meta":{"rootId":"96a38ch49cwcy8g","id":"96a38ch49cwcy8g"},"id":"gimuoplg7zhkqyf","previousOperationId":"cmxewt20ztx2e1v"}
{"type":"operationStart","subtype":"scriptsBeforeRender","name":"scripts beforeRender","timestamp":1708453572306,"id":"yzrpl8alt9ppcbb","previousEventId":"xwxpy5f0vjol48q","operationId":"etfig2jngwjpqy3","previousOperationId":"cmxewt20ztx2e1v"}
{"type":"operationStart","subtype":"script","name":"scripts list-data","previousOperationId":"etfig2jngwjpqy3","timestamp":1708453572307,"id":"7cgj8i9t8e2oxhg","previousEventId":"yzrpl8alt9ppcbb","operationId":"iv88a0oejya5gtp"}
{"type":"log","timestamp":1708453572329,"level":"debug","message":"(console:log) [\n  {\n    list_description: {\n      id: 1,\n      list_name: 'charcuteria',\n      list_current_number: 0,\n      list_limit_number: 0\n    },\n    list_image: {\n      url: 'http://localhost:4000/rails/active_storage/blobs/redirect/eyJfcmFpbHMiOnsiZGF0YSI6MiwicHVyIjoiYmxvYl9pZCJ9fQ==--ee6d56bf52163135b48a4ba2c22b11a93e94d3b3/charcuteria.png'\n    }\n  },\n  {\n    list_description: {\n      id: 2,\n      list_name: 'sarshisha',\n      list_current_number: 0,\n      list_limit_number: 0\n    },\n    list_image: {\n      url: 'http://localhost:4000/rails/active_storage/blobs/redirect/eyJfcmFpbHMiOnsiZGF0YSI6MywicHVyIjoiYmxvYl9pZCJ9fQ==--07183cfade35ce6ffe715f60749642919ec61f5d/charcuteria.png'\n    }\n  },\n  {\n    list_description: {\n      id: 3,\n      list_name: 'stjsjshtshn',\n      list_current_number: 0,\n      list_limit_number: 0\n    },\n    list_image: {\n      url: 'http://localhost:4000/rails/active_storage/blobs/redirect/eyJfcmFpbHMiOnsiZGF0YSI6NCwicHVyIjoiYmxvYl9pZCJ9fQ==--023aae65cb60b3f6c6d73a9c76e14c0b0df6ad86/dibujoadrian.jpg'\n    }\n  }\n]","meta":{"userLevel":true,"rootId":"96a38ch49cwcy8g","id":"96a38ch49cwcy8g"},"id":"djgxvz8oywpp9gh","previousOperationId":"iv88a0oejya5gtp"}
{"type":"log","timestamp":1708453572336,"level":"debug","message":"(console:log) [\n  {\n    id: 1,\n    nickname: 'a',\n    is_admin: true,\n    suscriptor: null,\n    created_at: '2024-02-20T16:45:37.609Z',\n    updated_at: '2024-02-20T16:45:37.729Z',\n    email: 'a@a.a',\n    jti: '6a2b57ca-af4b-47a0-8285-477cffafa34b'\n  }\n]","meta":{"userLevel":true,"rootId":"96a38ch49cwcy8g","id":"96a38ch49cwcy8g"},"id":"1s9ivm1dq3wlldx","previousOperationId":"iv88a0oejya5gtp"}
{"type":"operationEnd","operationId":"iv88a0oejya5gtp","timestamp":1708453572336,"id":"hmiamvmpe0tuecx","previousEventId":"xwxpy5f0vjol48q","previousOperationId":"cmxewt20ztx2e1v"}
{"type":"operationEnd","operationId":"etfig2jngwjpqy3","timestamp":1708453572336,"id":"l2238b5gole27r7","previousEventId":"hmiamvmpe0tuecx","previousOperationId":"cmxewt20ztx2e1v"}
{"type":"log","timestamp":1708453572336,"level":"debug","message":"Base url not specified, skipping its injection.","meta":{"rootId":"96a38ch49cwcy8g","id":"96a38ch49cwcy8g"},"id":"yuolea8zusbpt89","previousOperationId":"etfig2jngwjpqy3"}
{"type":"operationStart","subtype":"engine","name":"handlebars","timestamp":1708453572336,"id":"hftxd50cp0extry","previousEventId":"l2238b5gole27r7","operationId":"v7thr1b350k14gu","previousOperationId":"etfig2jngwjpqy3"}
{"type":"log","timestamp":1708453572336,"level":"debug","message":"Rendering engine handlebars","meta":{"rootId":"96a38ch49cwcy8g","id":"96a38ch49cwcy8g"},"id":"c7m3ajm5hn22hh8","previousOperationId":"v7thr1b350k14gu"}
{"type":"operationEnd","operationId":"v7thr1b350k14gu","timestamp":1708453572348,"id":"rsrjn405bsx9kg0","previousEventId":"hftxd50cp0extry","previousOperationId":"v7thr1b350k14gu"}
{"type":"operationStart","subtype":"recipe","name":"chrome-pdf","timestamp":1708453572348,"id":"tnuw4jjbz9whfkr","previousEventId":"rsrjn405bsx9kg0","operationId":"yeli1tp69hk26fz","previousOperationId":"v7thr1b350k14gu"}
{"type":"log","timestamp":1708453572348,"level":"debug","message":"Executing recipe chrome-pdf","meta":{"rootId":"96a38ch49cwcy8g","id":"96a38ch49cwcy8g"},"id":"l28sf4rscy04icw","previousOperationId":"yeli1tp69hk26fz"}
{"type":"log","timestamp":1708453572350,"level":"debug","message":"Converting with chrome HeadlessChrome/117.0.5938.149 using chrome-pool strategy","meta":{"rootId":"96a38ch49cwcy8g","id":"96a38ch49cwcy8g"},"id":"udkzjqbfjgtl83a","previousOperationId":"yeli1tp69hk26fz"}
{"type":"log","timestamp":1708453572386,"level":"debug","message":"Page request: GET (document) file:///tmp/jsreport/autocleanup/b32e8cee-4a9d-4cfb-9995-846e87fb4baa-chrome-pdf.html","meta":{"rootId":"96a38ch49cwcy8g","id":"96a38ch49cwcy8g"},"id":"2u5eylkbz9byvd4","previousOperationId":"yeli1tp69hk26fz"}
{"type":"log","timestamp":1708453572394,"level":"debug","message":"Page request: GET (stylesheet) https://cdn.jsdelivr.net/chartist.js/latest/chartist.min.css","meta":{"rootId":"96a38ch49cwcy8g","id":"96a38ch49cwcy8g"},"id":"vn36wgnsuskr6y4","previousOperationId":"yeli1tp69hk26fz"}
{"type":"log","timestamp":1708453572395,"level":"debug","message":"Page request: GET (script) https://cdn.jsdelivr.net/chartist.js/latest/chartist.min.js","meta":{"rootId":"96a38ch49cwcy8g","id":"96a38ch49cwcy8g"},"id":"vol5cp1st950b3v","previousOperationId":"yeli1tp69hk26fz"}
{"type":"log","timestamp":1708453572395,"level":"debug","message":"Page request: GET (script) https://code.jquery.com/jquery-3.6.0.min.js","meta":{"rootId":"96a38ch49cwcy8g","id":"96a38ch49cwcy8g"},"id":"zs7jyreahzdumi7","previousOperationId":"yeli1tp69hk26fz"}
{"type":"log","timestamp":1708453572395,"level":"debug","message":"Page request: GET (script) https://cdn.jsdelivr.net/npm/chart.js","meta":{"rootId":"96a38ch49cwcy8g","id":"96a38ch49cwcy8g"},"id":"5ul8ofdq0unro57","previousOperationId":"yeli1tp69hk26fz"}
{"type":"log","timestamp":1708453572396,"level":"debug","message":"Page request finished: GET (document) 200 file:///tmp/jsreport/autocleanup/b32e8cee-4a9d-4cfb-9995-846e87fb4baa-chrome-pdf.html","meta":{"rootId":"96a38ch49cwcy8g","id":"96a38ch49cwcy8g"},"id":"lng04yugeywl434","previousOperationId":"yeli1tp69hk26fz"}
{"type":"log","timestamp":1708453572398,"level":"debug","message":"Page request finished: GET (stylesheet) 200 https://cdn.jsdelivr.net/chartist.js/latest/chartist.min.css","meta":{"rootId":"96a38ch49cwcy8g","id":"96a38ch49cwcy8g"},"id":"t655no8mxl4wba4","previousOperationId":"yeli1tp69hk26fz"}
{"type":"log","timestamp":1708453572399,"level":"debug","message":"Page request finished: GET (script) 200 https://cdn.jsdelivr.net/chartist.js/latest/chartist.min.js","meta":{"rootId":"96a38ch49cwcy8g","id":"96a38ch49cwcy8g"},"id":"k1x2iz80ssirrq0","previousOperationId":"yeli1tp69hk26fz"}
{"type":"log","timestamp":1708453572401,"level":"debug","message":"Page request finished: GET (script) 200 https://code.jquery.com/jquery-3.6.0.min.js","meta":{"rootId":"96a38ch49cwcy8g","id":"96a38ch49cwcy8g"},"id":"cucnur6k2qndgs6","previousOperationId":"yeli1tp69hk26fz"}
{"type":"log","timestamp":1708453572411,"level":"debug","message":"Page request finished: GET (script) 200 https://cdn.jsdelivr.net/npm/chart.js","meta":{"rootId":"96a38ch49cwcy8g","id":"96a38ch49cwcy8g"},"id":"3tw5033i1b0qu58","previousOperationId":"yeli1tp69hk26fz"}
{"type":"log","timestamp":1708453572418,"level":"warn","message":"Page error: Unexpected identifier 'Object' , stack: SyntaxError: Unexpected identifier 'Object'","meta":{"rootId":"96a38ch49cwcy8g","id":"96a38ch49cwcy8g"},"id":"wehadw0d71t1xeb","previousOperationId":"yeli1tp69hk26fz"}
{"type":"log","timestamp":1708453572460,"level":"debug","message":"Running chrome with params {\"printBackground\":true,\"timeout\":59946,\"margin\":{}}","meta":{"rootId":"96a38ch49cwcy8g","id":"96a38ch49cwcy8g"},"id":"o1dobuh7ch5zj6r","previousOperationId":"yeli1tp69hk26fz"}
{"type":"operationEnd","operationId":"yeli1tp69hk26fz","timestamp":1708453572496,"id":"1jh4pcywpjh1ge5","previousEventId":"tnuw4jjbz9whfkr","previousOperationId":"yeli1tp69hk26fz"}
{"type":"log","timestamp":1708453572496,"level":"debug","message":"Skipping storing report.","meta":{"rootId":"96a38ch49cwcy8g","id":"96a38ch49cwcy8g"},"id":"o6yqo56mug0o1vx","previousOperationId":"yeli1tp69hk26fz"}
{"type":"log","timestamp":1708453572496,"level":"info","message":"Rendering request 26 finished in 201 ms","meta":{"rootId":"96a38ch49cwcy8g","id":"96a38ch49cwcy8g"},"id":"2zj08rof9r9j5x8","previousOperationId":"yeli1tp69hk26fz"}
{"type":"operationEnd","subtype":"render","operationId":"cmxewt20ztx2e1v","timestamp":1708453572496,"id":"z989s6fduoae65i","previousEventId":"1jh4pcywpjh1ge5","previousOperationId":"yeli1tp69hk26fz"}
{"type":"operationEnd","doDiffs":false,"previousEventId":"grkncgtos0n1dyg","previousOperationId":"ecxgssxmliksm09","operationId":"ecxgssxmliksm09","timestamp":1708453572499,"id":"okpo83hnb4l0iym"}
