{"type":"operationStart","subtype":"profile","data":{"_id":"9SOLSbPk2V41FbMg","timestamp":"2024-02-20T18:34:06.120Z","state":"queued","mode":"standard","creationDate":"2024-02-20T18:34:06.122Z","modificationDate":"2024-02-20T18:34:06.122Z","shortid":"cCnNanp","$entitySet":"profiles"},"doDiffs":false,"timestamp":1708454046121,"id":"ii16udvggx52ukk","previousOperationId":null,"operationId":"gfchfimunef5ttm"}
{"type":"log","level":"info","message":"Render request 1 queued for execution and waiting for available worker","previousOperationId":"gfchfimunef5ttm","timestamp":1708454046121,"id":"bzbubcostcxwdto"}
{"type":"operationStart","subtype":"render","name":"TemplateList","previousOperationId":"gfchfimunef5ttm","timestamp":1708454046144,"id":"2itkocl28oc2qca","previousEventId":"ii16udvggx52ukk","operationId":"8d9ombzf73i6zut"}
{"type":"log","timestamp":1708454046145,"level":"info","message":"Starting rendering request 1","meta":{"rootId":"96zypndkly1l7le","id":"96zypndkly1l7le"},"id":"ucj02bgw2561esm","previousOperationId":"8d9ombzf73i6zut"}
{"type":"log","timestamp":1708454046145,"level":"info","message":"Rendering template { name: TemplateList, recipe: chrome-pdf, engine: handlebars, preview: false }","meta":{"rootId":"96zypndkly1l7le","id":"96zypndkly1l7le"},"id":"g5h1livo30zfe7q","previousOperationId":"8d9ombzf73i6zut"}
{"type":"log","timestamp":1708454046146,"level":"debug","message":"Data item not defined for this template.","meta":{"rootId":"96zypndkly1l7le","id":"96zypndkly1l7le"},"id":"qzwf3aeu0bq43ja","previousOperationId":"8d9ombzf73i6zut"}
{"type":"log","timestamp":1708454046149,"level":"debug","message":"Executing script list-data (beforeRender)","meta":{"rootId":"96zypndkly1l7le","id":"96zypndkly1l7le"},"id":"i2u01dmmigln0e3","previousOperationId":"8d9ombzf73i6zut"}
{"type":"operationStart","subtype":"scriptsBeforeRender","name":"scripts beforeRender","timestamp":1708454046303,"id":"q4vxv63m5l2sacp","previousEventId":"2itkocl28oc2qca","operationId":"vp5gay4o9jcc2o1","previousOperationId":"8d9ombzf73i6zut"}
{"type":"operationStart","subtype":"script","name":"scripts list-data","previousOperationId":"vp5gay4o9jcc2o1","timestamp":1708454046303,"id":"eorqyvpf582k4bf","previousEventId":"q4vxv63m5l2sacp","operationId":"797va2o5ipvjnm0"}
{"type":"log","timestamp":1708454046336,"level":"debug","message":"(console:log) [\n  {\n    list_description: {\n      id: 3,\n      list_name: 'stjsjshtshn',\n      list_current_number: 0,\n      list_limit_number: 0\n    },\n    list_image: {\n      url: 'http://localhost:4000/rails/active_storage/blobs/redirect/eyJfcmFpbHMiOnsiZGF0YSI6NCwicHVyIjoiYmxvYl9pZCJ9fQ==--023aae65cb60b3f6c6d73a9c76e14c0b0df6ad86/dibujoadrian.jpg'\n    }\n  },\n  {\n    list_description: {\n      id: 1,\n      list_name: 'charcuteria',\n      list_current_number: 0,\n      list_limit_number: 0\n    },\n    list_image: {\n      url: 'http://localhost:4000/rails/active_storage/blobs/redirect/eyJfcmFpbHMiOnsiZGF0YSI6MiwicHVyIjoiYmxvYl9pZCJ9fQ==--ee6d56bf52163135b48a4ba2c22b11a93e94d3b3/charcuteria.png'\n    }\n  },\n  {\n    list_description: {\n      id: 2,\n      list_name: 'sarshisha',\n      list_current_number: 12,\n      list_limit_number: 0\n    },\n    list_image: {\n      url: 'http://localhost:4000/rails/active_storage/blobs/redirect/eyJfcmFpbHMiOnsiZGF0YSI6MywicHVyIjoiYmxvYl9pZCJ9fQ==--07183cfade35ce6ffe715f60749642919ec61f5d/charcuteria.png'\n    }\n  }\n]","meta":{"userLevel":true,"rootId":"96zypndkly1l7le","id":"96zypndkly1l7le"},"id":"clq4xouel9k24oe","previousOperationId":"797va2o5ipvjnm0"}
{"type":"log","timestamp":1708454046353,"level":"debug","message":"(console:log) [\n  {\n    id: 1,\n    nickname: 'a',\n    is_admin: true,\n    suscriptor: null,\n    created_at: '2024-02-20T16:45:37.609Z',\n    updated_at: '2024-02-20T16:45:37.729Z',\n    email: 'a@a.a',\n    jti: '6a2b57ca-af4b-47a0-8285-477cffafa34b'\n  }\n]","meta":{"userLevel":true,"rootId":"96zypndkly1l7le","id":"96zypndkly1l7le"},"id":"89gh38ivopkal3t","previousOperationId":"797va2o5ipvjnm0"}
{"type":"operationEnd","operationId":"797va2o5ipvjnm0","timestamp":1708454046353,"id":"uhsvbgsjx7daofz","previousEventId":"2itkocl28oc2qca","previousOperationId":"8d9ombzf73i6zut"}
{"type":"operationEnd","operationId":"vp5gay4o9jcc2o1","timestamp":1708454046353,"id":"sirb6ird5owhs0i","previousEventId":"uhsvbgsjx7daofz","previousOperationId":"8d9ombzf73i6zut"}
{"type":"log","timestamp":1708454046354,"level":"debug","message":"Base url not specified, skipping its injection.","meta":{"rootId":"96zypndkly1l7le","id":"96zypndkly1l7le"},"id":"00se348gqfo3i3k","previousOperationId":"vp5gay4o9jcc2o1"}
{"type":"operationStart","subtype":"engine","name":"handlebars","timestamp":1708454046354,"id":"c5sbyrc32jn0b1d","previousEventId":"sirb6ird5owhs0i","operationId":"okpnglb4w02e01e","previousOperationId":"vp5gay4o9jcc2o1"}
{"type":"log","timestamp":1708454046354,"level":"debug","message":"Rendering engine handlebars","meta":{"rootId":"96zypndkly1l7le","id":"96zypndkly1l7le"},"id":"7z8cz0ur69j4k7c","previousOperationId":"okpnglb4w02e01e"}
{"type":"operationEnd","operationId":"okpnglb4w02e01e","timestamp":1708454046566,"id":"ipdgkcv6247wxdl","previousEventId":"c5sbyrc32jn0b1d","previousOperationId":"okpnglb4w02e01e"}
{"type":"operationStart","subtype":"recipe","name":"chrome-pdf","timestamp":1708454046567,"id":"ri6r37gkz4inhrh","previousEventId":"ipdgkcv6247wxdl","operationId":"j256iqmd4hel6ci","previousOperationId":"okpnglb4w02e01e"}
{"type":"log","timestamp":1708454046567,"level":"debug","message":"Executing recipe chrome-pdf","meta":{"rootId":"96zypndkly1l7le","id":"96zypndkly1l7le"},"id":"d1umj3wl0sqrwoi","previousOperationId":"j256iqmd4hel6ci"}
{"type":"log","timestamp":1708454046858,"level":"debug","message":"Converting with chrome HeadlessChrome/117.0.5938.149 using chrome-pool strategy","meta":{"rootId":"96zypndkly1l7le","id":"96zypndkly1l7le"},"id":"d1yhhobcx1ytuh8","previousOperationId":"j256iqmd4hel6ci"}
{"type":"log","timestamp":1708454046909,"level":"debug","message":"Page request: GET (document) file:///tmp/jsreport/autocleanup/347ce054-14d4-4d12-854d-3a60b35140fe-chrome-pdf.html","meta":{"rootId":"96zypndkly1l7le","id":"96zypndkly1l7le"},"id":"kfwn43f1zfhw8yp","previousOperationId":"j256iqmd4hel6ci"}
{"type":"log","timestamp":1708454046916,"level":"debug","message":"Page request: GET (stylesheet) https://cdn.jsdelivr.net/chartist.js/latest/chartist.min.css","meta":{"rootId":"96zypndkly1l7le","id":"96zypndkly1l7le"},"id":"8hmlapb0mrkz81t","previousOperationId":"j256iqmd4hel6ci"}
{"type":"log","timestamp":1708454046916,"level":"debug","message":"Page request: GET (script) https://cdn.jsdelivr.net/chartist.js/latest/chartist.min.js","meta":{"rootId":"96zypndkly1l7le","id":"96zypndkly1l7le"},"id":"ekzuxvbsnnfqydv","previousOperationId":"j256iqmd4hel6ci"}
{"type":"log","timestamp":1708454046917,"level":"debug","message":"Page request: GET (script) https://code.jquery.com/jquery-3.6.0.min.js","meta":{"rootId":"96zypndkly1l7le","id":"96zypndkly1l7le"},"id":"4aeqlvvq8eby2w6","previousOperationId":"j256iqmd4hel6ci"}
{"type":"log","timestamp":1708454046917,"level":"debug","message":"Page request: GET (script) https://cdn.jsdelivr.net/npm/chart.js","meta":{"rootId":"96zypndkly1l7le","id":"96zypndkly1l7le"},"id":"a4la84xsys8eis5","previousOperationId":"j256iqmd4hel6ci"}
{"type":"log","timestamp":1708454046917,"level":"debug","message":"Page request finished: GET (document) 200 file:///tmp/jsreport/autocleanup/347ce054-14d4-4d12-854d-3a60b35140fe-chrome-pdf.html","meta":{"rootId":"96zypndkly1l7le","id":"96zypndkly1l7le"},"id":"xiip6ms1rnk52dg","previousOperationId":"j256iqmd4hel6ci"}
{"type":"log","timestamp":1708454047066,"level":"debug","message":"Page request finished: GET (stylesheet) 200 https://cdn.jsdelivr.net/chartist.js/latest/chartist.min.css","meta":{"rootId":"96zypndkly1l7le","id":"96zypndkly1l7le"},"id":"q0bl64ksiwbui0k","previousOperationId":"j256iqmd4hel6ci"}
{"type":"log","timestamp":1708454047115,"level":"debug","message":"Page request finished: GET (script) 200 https://cdn.jsdelivr.net/chartist.js/latest/chartist.min.js","meta":{"rootId":"96zypndkly1l7le","id":"96zypndkly1l7le"},"id":"9rj0b1lnd7f7o0h","previousOperationId":"j256iqmd4hel6ci"}
{"type":"log","timestamp":1708454047116,"level":"debug","message":"Page request finished: GET (script) 200 https://code.jquery.com/jquery-3.6.0.min.js","meta":{"rootId":"96zypndkly1l7le","id":"96zypndkly1l7le"},"id":"jhalsrawnga81o9","previousOperationId":"j256iqmd4hel6ci"}
{"type":"log","timestamp":1708454047116,"level":"debug","message":"Page request finished: GET (script) 200 https://cdn.jsdelivr.net/npm/chart.js","meta":{"rootId":"96zypndkly1l7le","id":"96zypndkly1l7le"},"id":"jbhszsj4hh9mv79","previousOperationId":"j256iqmd4hel6ci"}
{"type":"log","timestamp":1708454047171,"level":"debug","message":"Running chrome with params {\"printBackground\":true,\"timeout\":59408,\"margin\":{}}","meta":{"rootId":"96zypndkly1l7le","id":"96zypndkly1l7le"},"id":"7091jlz20r83rd0","previousOperationId":"j256iqmd4hel6ci"}
{"type":"operationEnd","operationId":"j256iqmd4hel6ci","timestamp":1708454047206,"id":"czay3uyt89v79e4","previousEventId":"ri6r37gkz4inhrh","previousOperationId":"j256iqmd4hel6ci"}
{"type":"log","timestamp":1708454047207,"level":"debug","message":"Skipping storing report.","meta":{"rootId":"96zypndkly1l7le","id":"96zypndkly1l7le"},"id":"00jshu2hvrcffg7","previousOperationId":"j256iqmd4hel6ci"}
{"type":"log","timestamp":1708454047207,"level":"info","message":"Rendering request 1 finished in 1087 ms","meta":{"rootId":"96zypndkly1l7le","id":"96zypndkly1l7le"},"id":"msyznucv4w9j1o0","previousOperationId":"j256iqmd4hel6ci"}
{"type":"operationEnd","subtype":"render","operationId":"8d9ombzf73i6zut","timestamp":1708454047207,"id":"bha7wevdvtgav1d","previousEventId":"czay3uyt89v79e4","previousOperationId":"j256iqmd4hel6ci"}
{"type":"operationEnd","doDiffs":false,"previousEventId":"ii16udvggx52ukk","previousOperationId":"gfchfimunef5ttm","operationId":"gfchfimunef5ttm","timestamp":1708454047209,"id":"c7vvepw7kf617cx"}
