{"type":"operationStart","subtype":"profile","data":{"_id":"4ByYq4YNvkwiCvv8","timestamp":"2024-02-20T18:04:22.495Z","state":"queued","mode":"standard","creationDate":"2024-02-20T18:04:22.496Z","modificationDate":"2024-02-20T18:04:22.496Z","shortid":"ZV3JlnS","$entitySet":"profiles"},"doDiffs":false,"timestamp":1708452262495,"id":"w1sn3xidk6aszfk","previousOperationId":null,"operationId":"366bmemrujeu8xf"}
{"type":"log","level":"info","message":"Render request 3 queued for execution and waiting for available worker","previousOperationId":"366bmemrujeu8xf","timestamp":1708452262495,"id":"z1m2zd98zf7jg5z"}
{"type":"operationStart","subtype":"render","name":"TemplateList","previousOperationId":"366bmemrujeu8xf","timestamp":1708452262502,"id":"8mewm5lvydkwjzq","previousEventId":"w1sn3xidk6aszfk","operationId":"xotdtkqg6a8o8hs"}
{"type":"log","timestamp":1708452262502,"level":"info","message":"Starting rendering request 3","meta":{"rootId":"97lzh3eczeh2qr7","id":"97lzh3eczeh2qr7"},"id":"dd14zvkixs6rods","previousOperationId":"xotdtkqg6a8o8hs"}
{"type":"log","timestamp":1708452262502,"level":"info","message":"Rendering template { name: TemplateList, recipe: chrome-pdf, engine: handlebars, preview: true }","meta":{"rootId":"97lzh3eczeh2qr7","id":"97lzh3eczeh2qr7"},"id":"g8x5komv5gtu142","previousOperationId":"xotdtkqg6a8o8hs"}
{"type":"log","timestamp":1708452262502,"level":"debug","message":"Data item not defined for this template.","meta":{"rootId":"97lzh3eczeh2qr7","id":"97lzh3eczeh2qr7"},"id":"mj36a1n97zo4ypu","previousOperationId":"xotdtkqg6a8o8hs"}
{"type":"log","timestamp":1708452262503,"level":"debug","message":"Executing script list-data (beforeRender)","meta":{"rootId":"97lzh3eczeh2qr7","id":"97lzh3eczeh2qr7"},"id":"sq35hwwbc57xx9h","previousOperationId":"xotdtkqg6a8o8hs"}
{"type":"operationStart","subtype":"scriptsBeforeRender","name":"scripts beforeRender","timestamp":1708452262509,"id":"fa9korokwssa7sh","previousEventId":"8mewm5lvydkwjzq","operationId":"89gv4bqgwo946gt","previousOperationId":"xotdtkqg6a8o8hs"}
{"type":"operationStart","subtype":"script","name":"scripts list-data","previousOperationId":"89gv4bqgwo946gt","timestamp":1708452262509,"id":"r76dp9cjarfhc4m","previousEventId":"fa9korokwssa7sh","operationId":"c1rhzyibo061s44"}
{"type":"log","timestamp":1708452262541,"level":"debug","message":"(console:log) [\n  {\n    list_description: {\n      id: 1,\n      list_name: 'charcuteria',\n      list_current_number: 0,\n      list_limit_number: 0\n    },\n    list_image: {\n      url: 'http://localhost:4000/rails/active_storage/blobs/redirect/eyJfcmFpbHMiOnsiZGF0YSI6MiwicHVyIjoiYmxvYl9pZCJ9fQ==--ee6d56bf52163135b48a4ba2c22b11a93e94d3b3/charcuteria.png'\n    }\n  },\n  {\n    list_description: {\n      id: 2,\n      list_name: 'sarshisha',\n      list_current_number: 0,\n      list_limit_number: 0\n    },\n    list_image: {\n      url: 'http://localhost:4000/rails/active_storage/blobs/redirect/eyJfcmFpbHMiOnsiZGF0YSI6MywicHVyIjoiYmxvYl9pZCJ9fQ==--07183cfade35ce6ffe715f60749642919ec61f5d/charcuteria.png'\n    }\n  },\n  {\n    list_description: {\n      id: 3,\n      list_name: 'stjsjshtshn',\n      list_current_number: 0,\n      list_limit_number: 0\n    },\n    list_image: {\n      url: 'http://localhost:4000/rails/active_storage/blobs/redirect/eyJfcmFpbHMiOnsiZGF0YSI6NCwicHVyIjoiYmxvYl9pZCJ9fQ==--023aae65cb60b3f6c6d73a9c76e14c0b0df6ad86/dibujoadrian.jpg'\n    }\n  }\n]","meta":{"userLevel":true,"rootId":"97lzh3eczeh2qr7","id":"97lzh3eczeh2qr7"},"id":"y31lffs6hehdost","previousOperationId":"c1rhzyibo061s44"}
{"type":"operationEnd","operationId":"c1rhzyibo061s44","timestamp":1708452262541,"id":"ycz3i0ddke79566","previousEventId":"8mewm5lvydkwjzq","previousOperationId":"xotdtkqg6a8o8hs"}
{"type":"operationEnd","operationId":"89gv4bqgwo946gt","timestamp":1708452262542,"id":"pcrf7dx98cbe5zt","previousEventId":"ycz3i0ddke79566","previousOperationId":"xotdtkqg6a8o8hs"}
{"type":"log","timestamp":1708452262542,"level":"debug","message":"Base url not specified, skipping its injection.","meta":{"rootId":"97lzh3eczeh2qr7","id":"97lzh3eczeh2qr7"},"id":"l5y9ts0at7b27ig","previousOperationId":"89gv4bqgwo946gt"}
{"type":"operationStart","subtype":"engine","name":"handlebars","timestamp":1708452262542,"id":"vrz8y4qip280tq8","previousEventId":"pcrf7dx98cbe5zt","operationId":"pxykcgsefwv02ni","previousOperationId":"89gv4bqgwo946gt"}
{"type":"log","timestamp":1708452262542,"level":"debug","message":"Rendering engine handlebars","meta":{"rootId":"97lzh3eczeh2qr7","id":"97lzh3eczeh2qr7"},"id":"xsptj0gd8nlq3eh","previousOperationId":"pxykcgsefwv02ni"}
{"type":"operationEnd","operationId":"pxykcgsefwv02ni","timestamp":1708452262553,"id":"eolnjw4xkckqhfg","previousEventId":"vrz8y4qip280tq8","previousOperationId":"pxykcgsefwv02ni"}
{"type":"operationStart","subtype":"recipe","name":"chrome-pdf","timestamp":1708452262553,"id":"tfe9dserolnaiq4","previousEventId":"eolnjw4xkckqhfg","operationId":"z3213g0vm9tclmn","previousOperationId":"pxykcgsefwv02ni"}
{"type":"log","timestamp":1708452262553,"level":"debug","message":"Executing recipe chrome-pdf","meta":{"rootId":"97lzh3eczeh2qr7","id":"97lzh3eczeh2qr7"},"id":"q8oj1giejw88n5r","previousOperationId":"z3213g0vm9tclmn"}
{"type":"log","timestamp":1708452262555,"level":"debug","message":"Converting with chrome HeadlessChrome/117.0.5938.149 using chrome-pool strategy","meta":{"rootId":"97lzh3eczeh2qr7","id":"97lzh3eczeh2qr7"},"id":"e8a34k8jgr0l3cn","previousOperationId":"z3213g0vm9tclmn"}
{"type":"log","timestamp":1708452262588,"level":"debug","message":"Page request: GET (document) file:///tmp/jsreport/autocleanup/9f24fb51-1bfa-4d73-a632-b634df7ead46-chrome-pdf.html","meta":{"rootId":"97lzh3eczeh2qr7","id":"97lzh3eczeh2qr7"},"id":"2y7u0cpk7l5ud03","previousOperationId":"z3213g0vm9tclmn"}
{"type":"log","timestamp":1708452262596,"level":"debug","message":"Page request: GET (stylesheet) https://cdn.jsdelivr.net/chartist.js/latest/chartist.min.css","meta":{"rootId":"97lzh3eczeh2qr7","id":"97lzh3eczeh2qr7"},"id":"48syknhi17s0k7t","previousOperationId":"z3213g0vm9tclmn"}
{"type":"log","timestamp":1708452262596,"level":"debug","message":"Page request: GET (script) https://cdn.jsdelivr.net/chartist.js/latest/chartist.min.js","meta":{"rootId":"97lzh3eczeh2qr7","id":"97lzh3eczeh2qr7"},"id":"3j16ginjaxhbws8","previousOperationId":"z3213g0vm9tclmn"}
{"type":"log","timestamp":1708452262597,"level":"debug","message":"Page request: GET (script) https://code.jquery.com/jquery-3.6.0.min.js","meta":{"rootId":"97lzh3eczeh2qr7","id":"97lzh3eczeh2qr7"},"id":"is6j3jggawapsk2","previousOperationId":"z3213g0vm9tclmn"}
{"type":"log","timestamp":1708452262597,"level":"debug","message":"Page request finished: GET (document) 200 file:///tmp/jsreport/autocleanup/9f24fb51-1bfa-4d73-a632-b634df7ead46-chrome-pdf.html","meta":{"rootId":"97lzh3eczeh2qr7","id":"97lzh3eczeh2qr7"},"id":"76reh4hb33hl9vr","previousOperationId":"z3213g0vm9tclmn"}
{"type":"log","timestamp":1708452262599,"level":"debug","message":"Page request finished: GET (stylesheet) 200 https://cdn.jsdelivr.net/chartist.js/latest/chartist.min.css","meta":{"rootId":"97lzh3eczeh2qr7","id":"97lzh3eczeh2qr7"},"id":"75zcjk5meaqy656","previousOperationId":"z3213g0vm9tclmn"}
{"type":"log","timestamp":1708452262601,"level":"debug","message":"Page request finished: GET (script) 200 https://cdn.jsdelivr.net/chartist.js/latest/chartist.min.js","meta":{"rootId":"97lzh3eczeh2qr7","id":"97lzh3eczeh2qr7"},"id":"40217imtp9d06y7","previousOperationId":"z3213g0vm9tclmn"}
{"type":"log","timestamp":1708452262603,"level":"debug","message":"Page request finished: GET (script) 200 https://code.jquery.com/jquery-3.6.0.min.js","meta":{"rootId":"97lzh3eczeh2qr7","id":"97lzh3eczeh2qr7"},"id":"3rgeeddj72bg81r","previousOperationId":"z3213g0vm9tclmn"}
{"type":"log","timestamp":1708452262612,"level":"warn","message":"Page error: Unexpected identifier 'Object' , stack: SyntaxError: Unexpected identifier 'Object'","meta":{"rootId":"97lzh3eczeh2qr7","id":"97lzh3eczeh2qr7"},"id":"wlohco1l1tdu4mx","previousOperationId":"z3213g0vm9tclmn"}
{"type":"log","timestamp":1708452262615,"level":"debug","message":"Running chrome with params {\"printBackground\":true,\"timeout\":59941,\"margin\":{}}","meta":{"rootId":"97lzh3eczeh2qr7","id":"97lzh3eczeh2qr7"},"id":"p5sg75cvlcvte00","previousOperationId":"z3213g0vm9tclmn"}
{"type":"operationEnd","operationId":"z3213g0vm9tclmn","timestamp":1708452262626,"id":"tgb1p3i5e64si2p","previousEventId":"tfe9dserolnaiq4","previousOperationId":"z3213g0vm9tclmn"}
{"type":"log","timestamp":1708452262626,"level":"debug","message":"Skipping storing report.","meta":{"rootId":"97lzh3eczeh2qr7","id":"97lzh3eczeh2qr7"},"id":"x5sne01qgnop2wq","previousOperationId":"z3213g0vm9tclmn"}
{"type":"log","timestamp":1708452262627,"level":"info","message":"Rendering request 3 finished in 132 ms","meta":{"rootId":"97lzh3eczeh2qr7","id":"97lzh3eczeh2qr7"},"id":"42ms8iytiv01hn0","previousOperationId":"z3213g0vm9tclmn"}
{"type":"operationEnd","subtype":"render","operationId":"xotdtkqg6a8o8hs","timestamp":1708452262627,"id":"e4sry8gsgl5saic","previousEventId":"tgb1p3i5e64si2p","previousOperationId":"z3213g0vm9tclmn"}
{"type":"operationEnd","doDiffs":false,"previousEventId":"w1sn3xidk6aszfk","previousOperationId":"366bmemrujeu8xf","operationId":"366bmemrujeu8xf","timestamp":1708452262635,"id":"3a7gtqp3zfbgazy"}
