{"type":"operationStart","subtype":"profile","data":{"_id":"39OBL5rZ9Mmx26wH","timestamp":"2024-02-20T19:11:30.937Z","state":"queued","mode":"standard","creationDate":"2024-02-20T19:11:30.941Z","modificationDate":"2024-02-20T19:11:30.941Z","shortid":"QoJX4qp","$entitySet":"profiles"},"doDiffs":false,"timestamp":1708456290939,"id":"awvw9eol1yydq17","previousOperationId":null,"operationId":"padxwqz4sh6675d"}
{"type":"log","level":"info","message":"Render request 53 queued for execution and waiting for available worker","previousOperationId":"padxwqz4sh6675d","timestamp":1708456290940,"id":"86f4mz02eq6puda"}
{"type":"operationStart","subtype":"render","name":"TemplateList","previousOperationId":"padxwqz4sh6675d","timestamp":1708456290962,"id":"t4v920bz24jxc91","previousEventId":"awvw9eol1yydq17","operationId":"3r39ks4oebblcyy"}
{"type":"log","timestamp":1708456290962,"level":"info","message":"Starting rendering request 53","meta":{"rootId":"9ixdn6sde2e2l3r","id":"9ixdn6sde2e2l3r"},"id":"34vaxkll3rp7wf8","previousOperationId":"3r39ks4oebblcyy"}
{"type":"log","timestamp":1708456290962,"level":"info","message":"Rendering template { name: TemplateList, recipe: chrome-pdf, engine: handlebars, preview: true }","meta":{"rootId":"9ixdn6sde2e2l3r","id":"9ixdn6sde2e2l3r"},"id":"9b8mpj26byhlhj4","previousOperationId":"3r39ks4oebblcyy"}
{"type":"log","timestamp":1708456290963,"level":"debug","message":"Data item not defined for this template.","meta":{"rootId":"9ixdn6sde2e2l3r","id":"9ixdn6sde2e2l3r"},"id":"s8dwhcq52e2uh3x","previousOperationId":"3r39ks4oebblcyy"}
{"type":"log","timestamp":1708456290965,"level":"debug","message":"Executing script list-data (beforeRender)","meta":{"rootId":"9ixdn6sde2e2l3r","id":"9ixdn6sde2e2l3r"},"id":"zw2lk1kgri1be04","previousOperationId":"3r39ks4oebblcyy"}
{"type":"operationStart","subtype":"scriptsBeforeRender","name":"scripts beforeRender","timestamp":1708456290970,"id":"jcq240ahapu3o8x","previousEventId":"t4v920bz24jxc91","operationId":"l8yu4yk04mfp61l","previousOperationId":"3r39ks4oebblcyy"}
{"type":"operationStart","subtype":"script","name":"scripts list-data","previousOperationId":"l8yu4yk04mfp61l","timestamp":1708456290970,"id":"dvmdayqo4xi4g05","previousEventId":"jcq240ahapu3o8x","operationId":"x7htz0vccq14zz9"}
{"type":"log","timestamp":1708456290998,"level":"debug","message":"(console:log) [\n  {\n    list_description: {\n      id: 2,\n      list_name: 'sarshisha',\n      list_current_number: 13,\n      list_limit_number: 0\n    },\n    list_image: {\n      url: 'http://localhost:4000/rails/active_storage/blobs/redirect/eyJfcmFpbHMiOnsiZGF0YSI6MywicHVyIjoiYmxvYl9pZCJ9fQ==--07183cfade35ce6ffe715f60749642919ec61f5d/charcuteria.png'\n    }\n  },\n  {\n    list_description: {\n      id: 3,\n      list_name: 'stjsjshtshn',\n      list_current_number: 4,\n      list_limit_number: 0\n    },\n    list_image: {\n      url: 'http://localhost:4000/rails/active_storage/blobs/redirect/eyJfcmFpbHMiOnsiZGF0YSI6NCwicHVyIjoiYmxvYl9pZCJ9fQ==--023aae65cb60b3f6c6d73a9c76e14c0b0df6ad86/dibujoadrian.jpg'\n    }\n  },\n  {\n    list_description: {\n      id: 1,\n      list_name: 'charcuteria',\n      list_current_number: 1,\n      list_limit_number: 0\n    },\n    list_image: {\n      url: 'http://localhost:4000/rails/active_storage/blobs/redirect/eyJfcmFpbHMiOnsiZGF0YSI6MiwicHVyIjoiYmxvYl9pZCJ9fQ==--ee6d56bf52163135b48a4ba2c22b11a93e94d3b3/charcuteria.png'\n    }\n  }\n]","meta":{"userLevel":true,"rootId":"9ixdn6sde2e2l3r","id":"9ixdn6sde2e2l3r"},"id":"sxef1t008vvkryp","previousOperationId":"x7htz0vccq14zz9"}
{"type":"log","timestamp":1708456291008,"level":"debug","message":"(console:log) [\n  {\n    id: 1,\n    nickname: 'a',\n    is_admin: true,\n    suscriptor: null,\n    created_at: '2024-02-20T16:45:37.609Z',\n    updated_at: '2024-02-20T16:45:37.729Z',\n    email: 'a@a.a',\n    jti: '6a2b57ca-af4b-47a0-8285-477cffafa34b'\n  }\n]","meta":{"userLevel":true,"rootId":"9ixdn6sde2e2l3r","id":"9ixdn6sde2e2l3r"},"id":"iege7uial93rj1l","previousOperationId":"x7htz0vccq14zz9"}
{"type":"operationEnd","operationId":"x7htz0vccq14zz9","timestamp":1708456291008,"id":"pnqozupjvbpsri1","previousEventId":"t4v920bz24jxc91","previousOperationId":"3r39ks4oebblcyy"}
{"type":"operationEnd","operationId":"l8yu4yk04mfp61l","timestamp":1708456291009,"id":"mmgfzyen2tz20wl","previousEventId":"pnqozupjvbpsri1","previousOperationId":"3r39ks4oebblcyy"}
{"type":"log","timestamp":1708456291009,"level":"debug","message":"Base url not specified, skipping its injection.","meta":{"rootId":"9ixdn6sde2e2l3r","id":"9ixdn6sde2e2l3r"},"id":"f5me8o17ztajh87","previousOperationId":"l8yu4yk04mfp61l"}
{"type":"operationStart","subtype":"engine","name":"handlebars","timestamp":1708456291009,"id":"ghx3l1xqclxhhmt","previousEventId":"mmgfzyen2tz20wl","operationId":"1vxclwj34pswvx7","previousOperationId":"l8yu4yk04mfp61l"}
{"type":"log","timestamp":1708456291009,"level":"debug","message":"Rendering engine handlebars","meta":{"rootId":"9ixdn6sde2e2l3r","id":"9ixdn6sde2e2l3r"},"id":"u03nhbl63waqrrb","previousOperationId":"1vxclwj34pswvx7"}
{"type":"operationEnd","operationId":"1vxclwj34pswvx7","timestamp":1708456291021,"id":"zlq9pt116lr0t3t","previousEventId":"ghx3l1xqclxhhmt","previousOperationId":"1vxclwj34pswvx7"}
{"type":"operationStart","subtype":"recipe","name":"chrome-pdf","timestamp":1708456291021,"id":"xm7c5ueos61j6pd","previousEventId":"zlq9pt116lr0t3t","operationId":"8a4czrcykxvhsqv","previousOperationId":"1vxclwj34pswvx7"}
{"type":"log","timestamp":1708456291021,"level":"debug","message":"Executing recipe chrome-pdf","meta":{"rootId":"9ixdn6sde2e2l3r","id":"9ixdn6sde2e2l3r"},"id":"rl4akb0b6fwcb5d","previousOperationId":"8a4czrcykxvhsqv"}
{"type":"log","timestamp":1708456291023,"level":"debug","message":"Converting with chrome HeadlessChrome/117.0.5938.149 using chrome-pool strategy","meta":{"rootId":"9ixdn6sde2e2l3r","id":"9ixdn6sde2e2l3r"},"id":"hx3udk2n9har0yo","previousOperationId":"8a4czrcykxvhsqv"}
{"type":"log","timestamp":1708456291064,"level":"debug","message":"Page request: GET (document) file:///tmp/jsreport/autocleanup/6679c1dd-808c-422c-bc29-958f42f0005d-chrome-pdf.html","meta":{"rootId":"9ixdn6sde2e2l3r","id":"9ixdn6sde2e2l3r"},"id":"k8c1ru7ddo78uk0","previousOperationId":"8a4czrcykxvhsqv"}
{"type":"log","timestamp":1708456291075,"level":"debug","message":"Page request finished: GET (document) 200 file:///tmp/jsreport/autocleanup/6679c1dd-808c-422c-bc29-958f42f0005d-chrome-pdf.html","meta":{"rootId":"9ixdn6sde2e2l3r","id":"9ixdn6sde2e2l3r"},"id":"fgta4iqnfta13mj","previousOperationId":"8a4czrcykxvhsqv"}
{"type":"log","timestamp":1708456291076,"level":"debug","message":"Page request: GET (stylesheet) https://cdn.jsdelivr.net/chartist.js/latest/chartist.min.css","meta":{"rootId":"9ixdn6sde2e2l3r","id":"9ixdn6sde2e2l3r"},"id":"rgbfst2149ujogo","previousOperationId":"8a4czrcykxvhsqv"}
{"type":"log","timestamp":1708456291076,"level":"debug","message":"Page request: GET (script) https://cdn.jsdelivr.net/chartist.js/latest/chartist.min.js","meta":{"rootId":"9ixdn6sde2e2l3r","id":"9ixdn6sde2e2l3r"},"id":"k10yezzq00pvqq8","previousOperationId":"8a4czrcykxvhsqv"}
{"type":"log","timestamp":1708456291076,"level":"debug","message":"Page request: GET (script) https://code.jquery.com/jquery-3.6.0.min.js","meta":{"rootId":"9ixdn6sde2e2l3r","id":"9ixdn6sde2e2l3r"},"id":"0ev1390gtnoi2n7","previousOperationId":"8a4czrcykxvhsqv"}
{"type":"log","timestamp":1708456291077,"level":"debug","message":"Page request: GET (script) https://cdn.jsdelivr.net/npm/chart.js","meta":{"rootId":"9ixdn6sde2e2l3r","id":"9ixdn6sde2e2l3r"},"id":"zfi2m0mnhrgv2t5","previousOperationId":"8a4czrcykxvhsqv"}
{"type":"log","timestamp":1708456291081,"level":"debug","message":"Page request finished: GET (stylesheet) 200 https://cdn.jsdelivr.net/chartist.js/latest/chartist.min.css","meta":{"rootId":"9ixdn6sde2e2l3r","id":"9ixdn6sde2e2l3r"},"id":"pd332vmpexr7jbh","previousOperationId":"8a4czrcykxvhsqv"}
{"type":"log","timestamp":1708456291084,"level":"debug","message":"Page request finished: GET (script) 200 https://cdn.jsdelivr.net/chartist.js/latest/chartist.min.js","meta":{"rootId":"9ixdn6sde2e2l3r","id":"9ixdn6sde2e2l3r"},"id":"l8skitcljgyjm4t","previousOperationId":"8a4czrcykxvhsqv"}
{"type":"log","timestamp":1708456291090,"level":"debug","message":"Page request finished: GET (script) 200 https://code.jquery.com/jquery-3.6.0.min.js","meta":{"rootId":"9ixdn6sde2e2l3r","id":"9ixdn6sde2e2l3r"},"id":"awath408d5i21vw","previousOperationId":"8a4czrcykxvhsqv"}
{"type":"log","timestamp":1708456291094,"level":"debug","message":"Page request finished: GET (script) 200 https://cdn.jsdelivr.net/npm/chart.js","meta":{"rootId":"9ixdn6sde2e2l3r","id":"9ixdn6sde2e2l3r"},"id":"y6553mk6zhot0n0","previousOperationId":"8a4czrcykxvhsqv"}
{"type":"log","timestamp":1708456291144,"level":"debug","message":"Running chrome with params {\"printBackground\":true,\"timeout\":59915,\"margin\":{}}","meta":{"rootId":"9ixdn6sde2e2l3r","id":"9ixdn6sde2e2l3r"},"id":"ee7en339kq6gemb","previousOperationId":"8a4czrcykxvhsqv"}
{"type":"operationEnd","operationId":"8a4czrcykxvhsqv","timestamp":1708456291174,"id":"v1ji0lny12stgov","previousEventId":"xm7c5ueos61j6pd","previousOperationId":"8a4czrcykxvhsqv"}
{"type":"log","timestamp":1708456291174,"level":"debug","message":"Skipping storing report.","meta":{"rootId":"9ixdn6sde2e2l3r","id":"9ixdn6sde2e2l3r"},"id":"bqrb2n3vz4a2r9y","previousOperationId":"8a4czrcykxvhsqv"}
{"type":"log","timestamp":1708456291174,"level":"info","message":"Rendering request 53 finished in 237 ms","meta":{"rootId":"9ixdn6sde2e2l3r","id":"9ixdn6sde2e2l3r"},"id":"dq5xmm2ng85e85d","previousOperationId":"8a4czrcykxvhsqv"}
{"type":"operationEnd","subtype":"render","operationId":"3r39ks4oebblcyy","timestamp":1708456291174,"id":"a35qshi61vavjw9","previousEventId":"v1ji0lny12stgov","previousOperationId":"8a4czrcykxvhsqv"}
{"type":"operationEnd","doDiffs":false,"previousEventId":"awvw9eol1yydq17","previousOperationId":"padxwqz4sh6675d","operationId":"padxwqz4sh6675d","timestamp":1708456291176,"id":"k9mp2pz9oaga92b"}
