{"type":"operationStart","subtype":"profile","data":{"_id":"8q2NC2encYKiUpa4","timestamp":"2024-02-20T18:56:34.165Z","state":"queued","mode":"standard","creationDate":"2024-02-20T18:56:34.166Z","modificationDate":"2024-02-20T18:56:34.166Z","shortid":"yUMFWgq","$entitySet":"profiles"},"doDiffs":false,"timestamp":1708455394165,"id":"fu2h4qv6k4iide4","previousOperationId":null,"operationId":"wzmta42n263dmuv"}
{"type":"log","level":"info","message":"Render request 34 queued for execution and waiting for available worker","previousOperationId":"wzmta42n263dmuv","timestamp":1708455394165,"id":"8h3t8y4wumznqrp"}
{"type":"operationStart","subtype":"render","name":"TemplateList","previousOperationId":"wzmta42n263dmuv","timestamp":1708455394170,"id":"2mney1u9j9i0ix9","previousEventId":"fu2h4qv6k4iide4","operationId":"hsn4d897ayo597i"}
{"type":"log","timestamp":1708455394170,"level":"info","message":"Starting rendering request 34","meta":{"rootId":"9l0awuwhw9ixxjk","id":"9l0awuwhw9ixxjk"},"id":"26ezth1ikvwqp2o","previousOperationId":"hsn4d897ayo597i"}
{"type":"log","timestamp":1708455394170,"level":"info","message":"Rendering template { name: TemplateList, recipe: chrome-pdf, engine: handlebars, preview: true }","meta":{"rootId":"9l0awuwhw9ixxjk","id":"9l0awuwhw9ixxjk"},"id":"wm4b7k1vkxicd15","previousOperationId":"hsn4d897ayo597i"}
{"type":"log","timestamp":1708455394171,"level":"debug","message":"Data item not defined for this template.","meta":{"rootId":"9l0awuwhw9ixxjk","id":"9l0awuwhw9ixxjk"},"id":"sr3jrio8rxilrn1","previousOperationId":"hsn4d897ayo597i"}
{"type":"log","timestamp":1708455394172,"level":"debug","message":"Executing script list-data (beforeRender)","meta":{"rootId":"9l0awuwhw9ixxjk","id":"9l0awuwhw9ixxjk"},"id":"olq0lyv73wbvsn2","previousOperationId":"hsn4d897ayo597i"}
{"type":"operationStart","subtype":"scriptsBeforeRender","name":"scripts beforeRender","timestamp":1708455394177,"id":"ttptrncoff1g93m","previousEventId":"2mney1u9j9i0ix9","operationId":"avohok9zzu51bj6","previousOperationId":"hsn4d897ayo597i"}
{"type":"operationStart","subtype":"script","name":"scripts list-data","previousOperationId":"avohok9zzu51bj6","timestamp":1708455394177,"id":"8g36l7bq0su267k","previousEventId":"ttptrncoff1g93m","operationId":"33qgjukw3k58jw5"}
{"type":"log","timestamp":1708455394201,"level":"debug","message":"(console:log) [\n  {\n    list_description: {\n      id: 2,\n      list_name: 'sarshisha',\n      list_current_number: 13,\n      list_limit_number: 0\n    },\n    list_image: {\n      url: 'http://localhost:4000/rails/active_storage/blobs/redirect/eyJfcmFpbHMiOnsiZGF0YSI6MywicHVyIjoiYmxvYl9pZCJ9fQ==--07183cfade35ce6ffe715f60749642919ec61f5d/charcuteria.png'\n    }\n  },\n  {\n    list_description: {\n      id: 3,\n      list_name: 'stjsjshtshn',\n      list_current_number: 4,\n      list_limit_number: 0\n    },\n    list_image: {\n      url: 'http://localhost:4000/rails/active_storage/blobs/redirect/eyJfcmFpbHMiOnsiZGF0YSI6NCwicHVyIjoiYmxvYl9pZCJ9fQ==--023aae65cb60b3f6c6d73a9c76e14c0b0df6ad86/dibujoadrian.jpg'\n    }\n  },\n  {\n    list_description: {\n      id: 1,\n      list_name: 'charcuteria',\n      list_current_number: 1,\n      list_limit_number: 0\n    },\n    list_image: {\n      url: 'http://localhost:4000/rails/active_storage/blobs/redirect/eyJfcmFpbHMiOnsiZGF0YSI6MiwicHVyIjoiYmxvYl9pZCJ9fQ==--ee6d56bf52163135b48a4ba2c22b11a93e94d3b3/charcuteria.png'\n    }\n  }\n]","meta":{"userLevel":true,"rootId":"9l0awuwhw9ixxjk","id":"9l0awuwhw9ixxjk"},"id":"o9dx5s6epnr4u7p","previousOperationId":"33qgjukw3k58jw5"}
{"type":"log","timestamp":1708455394207,"level":"debug","message":"(console:log) [\n  {\n    id: 1,\n    nickname: 'a',\n    is_admin: true,\n    suscriptor: null,\n    created_at: '2024-02-20T16:45:37.609Z',\n    updated_at: '2024-02-20T16:45:37.729Z',\n    email: 'a@a.a',\n    jti: '6a2b57ca-af4b-47a0-8285-477cffafa34b'\n  }\n]","meta":{"userLevel":true,"rootId":"9l0awuwhw9ixxjk","id":"9l0awuwhw9ixxjk"},"id":"rqm87c3alupjqgw","previousOperationId":"33qgjukw3k58jw5"}
{"type":"operationEnd","operationId":"33qgjukw3k58jw5","timestamp":1708455394208,"id":"agff93ifembddhf","previousEventId":"2mney1u9j9i0ix9","previousOperationId":"hsn4d897ayo597i"}
{"type":"operationEnd","operationId":"avohok9zzu51bj6","timestamp":1708455394208,"id":"p5rivj5qcjpwwmu","previousEventId":"agff93ifembddhf","previousOperationId":"hsn4d897ayo597i"}
{"type":"log","timestamp":1708455394208,"level":"debug","message":"Base url not specified, skipping its injection.","meta":{"rootId":"9l0awuwhw9ixxjk","id":"9l0awuwhw9ixxjk"},"id":"oooyodgh6diirep","previousOperationId":"avohok9zzu51bj6"}
{"type":"operationStart","subtype":"engine","name":"handlebars","timestamp":1708455394208,"id":"1fhj1uye4g50zdu","previousEventId":"p5rivj5qcjpwwmu","operationId":"1syzownqunc7l31","previousOperationId":"avohok9zzu51bj6"}
{"type":"log","timestamp":1708455394208,"level":"debug","message":"Rendering engine handlebars","meta":{"rootId":"9l0awuwhw9ixxjk","id":"9l0awuwhw9ixxjk"},"id":"rfjg39nmqkls2ho","previousOperationId":"1syzownqunc7l31"}
{"type":"operationEnd","operationId":"1syzownqunc7l31","timestamp":1708455394221,"id":"hpx7wxivjvo9try","previousEventId":"1fhj1uye4g50zdu","previousOperationId":"1syzownqunc7l31"}
{"type":"operationStart","subtype":"recipe","name":"chrome-pdf","timestamp":1708455394221,"id":"3ol5zw2r37ee2qg","previousEventId":"hpx7wxivjvo9try","operationId":"14y1zpyc3ihdxuf","previousOperationId":"1syzownqunc7l31"}
{"type":"log","timestamp":1708455394221,"level":"debug","message":"Executing recipe chrome-pdf","meta":{"rootId":"9l0awuwhw9ixxjk","id":"9l0awuwhw9ixxjk"},"id":"byneqj6j7e8sh45","previousOperationId":"14y1zpyc3ihdxuf"}
{"type":"log","timestamp":1708455394223,"level":"debug","message":"Converting with chrome HeadlessChrome/117.0.5938.149 using chrome-pool strategy","meta":{"rootId":"9l0awuwhw9ixxjk","id":"9l0awuwhw9ixxjk"},"id":"wtgwyjmjae7v0ms","previousOperationId":"14y1zpyc3ihdxuf"}
{"type":"log","timestamp":1708455394267,"level":"debug","message":"Page request: GET (document) file:///tmp/jsreport/autocleanup/e9969cd4-feb1-45a8-946c-80ceab75a36a-chrome-pdf.html","meta":{"rootId":"9l0awuwhw9ixxjk","id":"9l0awuwhw9ixxjk"},"id":"ngjytglkvd2ftxf","previousOperationId":"14y1zpyc3ihdxuf"}
{"type":"log","timestamp":1708455394276,"level":"debug","message":"Page request: GET (stylesheet) https://cdn.jsdelivr.net/chartist.js/latest/chartist.min.css","meta":{"rootId":"9l0awuwhw9ixxjk","id":"9l0awuwhw9ixxjk"},"id":"qjqkkhah76cinrx","previousOperationId":"14y1zpyc3ihdxuf"}
{"type":"log","timestamp":1708455394277,"level":"debug","message":"Page request: GET (script) https://cdn.jsdelivr.net/chartist.js/latest/chartist.min.js","meta":{"rootId":"9l0awuwhw9ixxjk","id":"9l0awuwhw9ixxjk"},"id":"ljdg3z9cvan0q82","previousOperationId":"14y1zpyc3ihdxuf"}
{"type":"log","timestamp":1708455394277,"level":"debug","message":"Page request: GET (script) https://code.jquery.com/jquery-3.6.0.min.js","meta":{"rootId":"9l0awuwhw9ixxjk","id":"9l0awuwhw9ixxjk"},"id":"r0d7ht8h9k3nhm7","previousOperationId":"14y1zpyc3ihdxuf"}
{"type":"log","timestamp":1708455394277,"level":"debug","message":"Page request: GET (script) https://cdn.jsdelivr.net/npm/chart.js","meta":{"rootId":"9l0awuwhw9ixxjk","id":"9l0awuwhw9ixxjk"},"id":"ww1zd8zl8rk47uc","previousOperationId":"14y1zpyc3ihdxuf"}
{"type":"log","timestamp":1708455394277,"level":"debug","message":"Page request finished: GET (document) 200 file:///tmp/jsreport/autocleanup/e9969cd4-feb1-45a8-946c-80ceab75a36a-chrome-pdf.html","meta":{"rootId":"9l0awuwhw9ixxjk","id":"9l0awuwhw9ixxjk"},"id":"i2ak79oa155z8hy","previousOperationId":"14y1zpyc3ihdxuf"}
{"type":"log","timestamp":1708455394279,"level":"debug","message":"Page request finished: GET (stylesheet) 200 https://cdn.jsdelivr.net/chartist.js/latest/chartist.min.css","meta":{"rootId":"9l0awuwhw9ixxjk","id":"9l0awuwhw9ixxjk"},"id":"59akwsbon75xtcv","previousOperationId":"14y1zpyc3ihdxuf"}
{"type":"log","timestamp":1708455394280,"level":"debug","message":"Page request finished: GET (script) 200 https://cdn.jsdelivr.net/chartist.js/latest/chartist.min.js","meta":{"rootId":"9l0awuwhw9ixxjk","id":"9l0awuwhw9ixxjk"},"id":"u0le09n1eg4nbg5","previousOperationId":"14y1zpyc3ihdxuf"}
{"type":"log","timestamp":1708455394283,"level":"debug","message":"Page request finished: GET (script) 200 https://code.jquery.com/jquery-3.6.0.min.js","meta":{"rootId":"9l0awuwhw9ixxjk","id":"9l0awuwhw9ixxjk"},"id":"u4kh123juw6zii2","previousOperationId":"14y1zpyc3ihdxuf"}
{"type":"log","timestamp":1708455394288,"level":"debug","message":"Page request finished: GET (script) 200 https://cdn.jsdelivr.net/npm/chart.js","meta":{"rootId":"9l0awuwhw9ixxjk","id":"9l0awuwhw9ixxjk"},"id":"cl4b4nk6g7f9h5d","previousOperationId":"14y1zpyc3ihdxuf"}
{"type":"log","timestamp":1708455394292,"level":"warn","message":"Page error: Unexpected token ',' , stack: SyntaxError: Unexpected token ','","meta":{"rootId":"9l0awuwhw9ixxjk","id":"9l0awuwhw9ixxjk"},"id":"56zfok96vnqd62e","previousOperationId":"14y1zpyc3ihdxuf"}
{"type":"log","timestamp":1708455394296,"level":"debug","message":"Running chrome with params {\"printBackground\":true,\"timeout\":59943,\"margin\":{}}","meta":{"rootId":"9l0awuwhw9ixxjk","id":"9l0awuwhw9ixxjk"},"id":"bzltqtnh0fuhauv","previousOperationId":"14y1zpyc3ihdxuf"}
{"type":"operationEnd","operationId":"14y1zpyc3ihdxuf","timestamp":1708455394308,"id":"oj3pm5pklra9v9v","previousEventId":"3ol5zw2r37ee2qg","previousOperationId":"14y1zpyc3ihdxuf"}
{"type":"log","timestamp":1708455394308,"level":"debug","message":"Skipping storing report.","meta":{"rootId":"9l0awuwhw9ixxjk","id":"9l0awuwhw9ixxjk"},"id":"uj8zm8or975nvuo","previousOperationId":"14y1zpyc3ihdxuf"}
{"type":"log","timestamp":1708455394308,"level":"info","message":"Rendering request 34 finished in 143 ms","meta":{"rootId":"9l0awuwhw9ixxjk","id":"9l0awuwhw9ixxjk"},"id":"av8mwjl5sqisumz","previousOperationId":"14y1zpyc3ihdxuf"}
{"type":"operationEnd","subtype":"render","operationId":"hsn4d897ayo597i","timestamp":1708455394309,"id":"o8z7yq6gcmauj62","previousEventId":"oj3pm5pklra9v9v","previousOperationId":"14y1zpyc3ihdxuf"}
{"type":"operationEnd","doDiffs":false,"previousEventId":"fu2h4qv6k4iide4","previousOperationId":"wzmta42n263dmuv","operationId":"wzmta42n263dmuv","timestamp":1708455394314,"id":"l8mvpp7c7z72ma2"}
