{"type":"operationStart","subtype":"profile","data":{"_id":"Ay8MjgKmkOsk8Ruq","timestamp":"2024-02-20T18:50:21.855Z","state":"queued","mode":"standard","creationDate":"2024-02-20T18:50:21.856Z","modificationDate":"2024-02-20T18:50:21.856Z","shortid":"wC6mvX1","$entitySet":"profiles"},"doDiffs":false,"timestamp":1708455021856,"id":"u1enerjg9ept57n","previousOperationId":null,"operationId":"j21lic2bto94eyc"}
{"type":"log","level":"info","message":"Render request 17 queued for execution and waiting for available worker","previousOperationId":"j21lic2bto94eyc","timestamp":1708455021856,"id":"7gbln7endj1rvau"}
{"type":"operationStart","subtype":"render","name":"TemplateList","previousOperationId":"j21lic2bto94eyc","timestamp":1708455021861,"id":"087mn75qq1x91y5","previousEventId":"u1enerjg9ept57n","operationId":"tk8muxqkwohtnn2"}
{"type":"log","timestamp":1708455021861,"level":"info","message":"Starting rendering request 17","meta":{"rootId":"9wac7turuw1471s","id":"9wac7turuw1471s"},"id":"dfgf54231mrht8p","previousOperationId":"tk8muxqkwohtnn2"}
{"type":"log","timestamp":1708455021861,"level":"info","message":"Rendering template { name: TemplateList, recipe: chrome-pdf, engine: handlebars, preview: true }","meta":{"rootId":"9wac7turuw1471s","id":"9wac7turuw1471s"},"id":"bvbpyvrl1mdgroa","previousOperationId":"tk8muxqkwohtnn2"}
{"type":"log","timestamp":1708455021862,"level":"debug","message":"Data item not defined for this template.","meta":{"rootId":"9wac7turuw1471s","id":"9wac7turuw1471s"},"id":"jfh2ztkexua7vmv","previousOperationId":"tk8muxqkwohtnn2"}
{"type":"log","timestamp":1708455021864,"level":"debug","message":"Executing script list-data (beforeRender)","meta":{"rootId":"9wac7turuw1471s","id":"9wac7turuw1471s"},"id":"5nozgzd9cvtxfj8","previousOperationId":"tk8muxqkwohtnn2"}
{"type":"operationStart","subtype":"scriptsBeforeRender","name":"scripts beforeRender","timestamp":1708455021867,"id":"kkdhtmr8m0mp86z","previousEventId":"087mn75qq1x91y5","operationId":"eepg4jqfiacp0s4","previousOperationId":"tk8muxqkwohtnn2"}
{"type":"operationStart","subtype":"script","name":"scripts list-data","previousOperationId":"eepg4jqfiacp0s4","timestamp":1708455021867,"id":"ymqcb15bx9erlqz","previousEventId":"kkdhtmr8m0mp86z","operationId":"0or75rrvji9hifx"}
{"type":"log","timestamp":1708455021887,"level":"debug","message":"(console:log) [\n  {\n    list_description: {\n      id: 3,\n      list_name: 'stjsjshtshn',\n      list_current_number: 0,\n      list_limit_number: 0\n    },\n    list_image: {\n      url: 'http://localhost:4000/rails/active_storage/blobs/redirect/eyJfcmFpbHMiOnsiZGF0YSI6NCwicHVyIjoiYmxvYl9pZCJ9fQ==--023aae65cb60b3f6c6d73a9c76e14c0b0df6ad86/dibujoadrian.jpg'\n    }\n  },\n  {\n    list_description: {\n      id: 1,\n      list_name: 'charcuteria',\n      list_current_number: 0,\n      list_limit_number: 0\n    },\n    list_image: {\n      url: 'http://localhost:4000/rails/active_storage/blobs/redirect/eyJfcmFpbHMiOnsiZGF0YSI6MiwicHVyIjoiYmxvYl9pZCJ9fQ==--ee6d56bf52163135b48a4ba2c22b11a93e94d3b3/charcuteria.png'\n    }\n  },\n  {\n    list_description: {\n      id: 2,\n      list_name: 'sarshisha',\n      list_current_number: 13,\n      list_limit_number: 0\n    },\n    list_image: {\n      url: 'http://localhost:4000/rails/active_storage/blobs/redirect/eyJfcmFpbHMiOnsiZGF0YSI6MywicHVyIjoiYmxvYl9pZCJ9fQ==--07183cfade35ce6ffe715f60749642919ec61f5d/charcuteria.png'\n    }\n  }\n]","meta":{"userLevel":true,"rootId":"9wac7turuw1471s","id":"9wac7turuw1471s"},"id":"f0yexutlzznnkt7","previousOperationId":"0or75rrvji9hifx"}
{"type":"log","timestamp":1708455021895,"level":"debug","message":"(console:log) [\n  {\n    id: 1,\n    nickname: 'a',\n    is_admin: true,\n    suscriptor: null,\n    created_at: '2024-02-20T16:45:37.609Z',\n    updated_at: '2024-02-20T16:45:37.729Z',\n    email: 'a@a.a',\n    jti: '6a2b57ca-af4b-47a0-8285-477cffafa34b'\n  }\n]","meta":{"userLevel":true,"rootId":"9wac7turuw1471s","id":"9wac7turuw1471s"},"id":"aoxbqcr0k7qf478","previousOperationId":"0or75rrvji9hifx"}
{"type":"operationEnd","operationId":"0or75rrvji9hifx","timestamp":1708455021895,"id":"aqgifz2z1ed96ev","previousEventId":"087mn75qq1x91y5","previousOperationId":"tk8muxqkwohtnn2"}
{"type":"operationEnd","operationId":"eepg4jqfiacp0s4","timestamp":1708455021895,"id":"n41wdazpujvus50","previousEventId":"aqgifz2z1ed96ev","previousOperationId":"tk8muxqkwohtnn2"}
{"type":"log","timestamp":1708455021895,"level":"debug","message":"Base url not specified, skipping its injection.","meta":{"rootId":"9wac7turuw1471s","id":"9wac7turuw1471s"},"id":"kkn13esmdgw1wt2","previousOperationId":"eepg4jqfiacp0s4"}
{"type":"operationStart","subtype":"engine","name":"handlebars","timestamp":1708455021895,"id":"abel8uu5rjy942x","previousEventId":"n41wdazpujvus50","operationId":"xugqt9cuyz66thy","previousOperationId":"eepg4jqfiacp0s4"}
{"type":"log","timestamp":1708455021895,"level":"debug","message":"Rendering engine handlebars","meta":{"rootId":"9wac7turuw1471s","id":"9wac7turuw1471s"},"id":"9csq3thi7lzs6l0","previousOperationId":"xugqt9cuyz66thy"}
{"type":"operationEnd","operationId":"xugqt9cuyz66thy","timestamp":1708455021947,"id":"u365g6b8bxjlj4b","previousEventId":"abel8uu5rjy942x","previousOperationId":"xugqt9cuyz66thy"}
{"type":"operationStart","subtype":"recipe","name":"chrome-pdf","timestamp":1708455021947,"id":"73txmu8991ba57c","previousEventId":"u365g6b8bxjlj4b","operationId":"lpb6evkxawcf7o8","previousOperationId":"xugqt9cuyz66thy"}
{"type":"log","timestamp":1708455021947,"level":"debug","message":"Executing recipe chrome-pdf","meta":{"rootId":"9wac7turuw1471s","id":"9wac7turuw1471s"},"id":"mmn1pcgf066mrks","previousOperationId":"lpb6evkxawcf7o8"}
{"type":"log","timestamp":1708455021950,"level":"debug","message":"Converting with chrome HeadlessChrome/117.0.5938.149 using chrome-pool strategy","meta":{"rootId":"9wac7turuw1471s","id":"9wac7turuw1471s"},"id":"6xv1fge6hm6gr59","previousOperationId":"lpb6evkxawcf7o8"}
{"type":"log","timestamp":1708455021991,"level":"debug","message":"Page request: GET (document) file:///tmp/jsreport/autocleanup/742371e0-8a0b-49ed-9eec-5069cce5b673-chrome-pdf.html","meta":{"rootId":"9wac7turuw1471s","id":"9wac7turuw1471s"},"id":"dete64tb8u6louk","previousOperationId":"lpb6evkxawcf7o8"}
{"type":"log","timestamp":1708455022000,"level":"debug","message":"Page request: GET (stylesheet) https://cdn.jsdelivr.net/chartist.js/latest/chartist.min.css","meta":{"rootId":"9wac7turuw1471s","id":"9wac7turuw1471s"},"id":"irm6ryp5yx4tm1s","previousOperationId":"lpb6evkxawcf7o8"}
{"type":"log","timestamp":1708455022001,"level":"debug","message":"Page request: GET (script) https://cdn.jsdelivr.net/chartist.js/latest/chartist.min.js","meta":{"rootId":"9wac7turuw1471s","id":"9wac7turuw1471s"},"id":"72gg8rfsk5uba17","previousOperationId":"lpb6evkxawcf7o8"}
{"type":"log","timestamp":1708455022001,"level":"debug","message":"Page request: GET (script) https://code.jquery.com/jquery-3.6.0.min.js","meta":{"rootId":"9wac7turuw1471s","id":"9wac7turuw1471s"},"id":"ifq9c6x499oid4a","previousOperationId":"lpb6evkxawcf7o8"}
{"type":"log","timestamp":1708455022001,"level":"debug","message":"Page request: GET (script) https://cdn.jsdelivr.net/npm/chart.js","meta":{"rootId":"9wac7turuw1471s","id":"9wac7turuw1471s"},"id":"c9azztjijetr807","previousOperationId":"lpb6evkxawcf7o8"}
{"type":"log","timestamp":1708455022002,"level":"debug","message":"Page request finished: GET (document) 200 file:///tmp/jsreport/autocleanup/742371e0-8a0b-49ed-9eec-5069cce5b673-chrome-pdf.html","meta":{"rootId":"9wac7turuw1471s","id":"9wac7turuw1471s"},"id":"v9xabqvrq782jyv","previousOperationId":"lpb6evkxawcf7o8"}
{"type":"log","timestamp":1708455022003,"level":"debug","message":"Page request finished: GET (stylesheet) 200 https://cdn.jsdelivr.net/chartist.js/latest/chartist.min.css","meta":{"rootId":"9wac7turuw1471s","id":"9wac7turuw1471s"},"id":"jqh79eo1oeo9xo9","previousOperationId":"lpb6evkxawcf7o8"}
{"type":"log","timestamp":1708455022006,"level":"debug","message":"Page request finished: GET (script) 200 https://cdn.jsdelivr.net/chartist.js/latest/chartist.min.js","meta":{"rootId":"9wac7turuw1471s","id":"9wac7turuw1471s"},"id":"4gohs9fbce8pizo","previousOperationId":"lpb6evkxawcf7o8"}
{"type":"log","timestamp":1708455022009,"level":"debug","message":"Page request finished: GET (script) 200 https://code.jquery.com/jquery-3.6.0.min.js","meta":{"rootId":"9wac7turuw1471s","id":"9wac7turuw1471s"},"id":"58ok91kt2k1ruew","previousOperationId":"lpb6evkxawcf7o8"}
{"type":"log","timestamp":1708455022014,"level":"debug","message":"Page request finished: GET (script) 200 https://cdn.jsdelivr.net/npm/chart.js","meta":{"rootId":"9wac7turuw1471s","id":"9wac7turuw1471s"},"id":"7fi9wcaxf4pi4pg","previousOperationId":"lpb6evkxawcf7o8"}
{"type":"log","timestamp":1708455022060,"level":"debug","message":"Running chrome with params {\"printBackground\":true,\"timeout\":59906,\"margin\":{}}","meta":{"rootId":"9wac7turuw1471s","id":"9wac7turuw1471s"},"id":"q2loka7m2jmvdw0","previousOperationId":"lpb6evkxawcf7o8"}
{"type":"operationEnd","operationId":"lpb6evkxawcf7o8","timestamp":1708455022083,"id":"s2kcahk7f9puwpz","previousEventId":"73txmu8991ba57c","previousOperationId":"lpb6evkxawcf7o8"}
{"type":"log","timestamp":1708455022083,"level":"debug","message":"Skipping storing report.","meta":{"rootId":"9wac7turuw1471s","id":"9wac7turuw1471s"},"id":"0jui38ceh3eff3l","previousOperationId":"lpb6evkxawcf7o8"}
{"type":"log","timestamp":1708455022083,"level":"info","message":"Rendering request 17 finished in 228 ms","meta":{"rootId":"9wac7turuw1471s","id":"9wac7turuw1471s"},"id":"n7lpiescfcv5fv5","previousOperationId":"lpb6evkxawcf7o8"}
{"type":"operationEnd","subtype":"render","operationId":"tk8muxqkwohtnn2","timestamp":1708455022083,"id":"axrzltyntqpearo","previousEventId":"s2kcahk7f9puwpz","previousOperationId":"lpb6evkxawcf7o8"}
{"type":"operationEnd","doDiffs":false,"previousEventId":"u1enerjg9ept57n","previousOperationId":"j21lic2bto94eyc","operationId":"j21lic2bto94eyc","timestamp":1708455022089,"id":"dxn6tvuznyhkgtv"}
