{"type":"operationStart","subtype":"profile","data":{"_id":"vFrPwr9laa989wxP","timestamp":"2024-02-20T19:21:28.364Z","state":"queued","mode":"standard","creationDate":"2024-02-20T19:21:28.365Z","modificationDate":"2024-02-20T19:21:28.365Z","shortid":"LNYH2eE","$entitySet":"profiles"},"doDiffs":false,"timestamp":1708456888365,"id":"uii1v8jvkf90gw9","previousOperationId":null,"operationId":"1y5nfakqtsvfj8z"}
{"type":"log","level":"info","message":"Render request 75 queued for execution and waiting for available worker","previousOperationId":"1y5nfakqtsvfj8z","timestamp":1708456888365,"id":"8arcz87ylr2dood"}
{"type":"operationStart","subtype":"render","name":"TemplateList","previousOperationId":"1y5nfakqtsvfj8z","timestamp":1708456888370,"id":"gmgnmnnw01c0x0b","previousEventId":"uii1v8jvkf90gw9","operationId":"hvb5k8z2uvb7ts3"}
{"type":"log","timestamp":1708456888370,"level":"info","message":"Starting rendering request 75","meta":{"rootId":"a7t1mohc20r80dn","id":"a7t1mohc20r80dn"},"id":"ydjf8xvw3bputg9","previousOperationId":"hvb5k8z2uvb7ts3"}
{"type":"log","timestamp":1708456888370,"level":"info","message":"Rendering template { name: TemplateList, recipe: chrome-pdf, engine: handlebars, preview: true }","meta":{"rootId":"a7t1mohc20r80dn","id":"a7t1mohc20r80dn"},"id":"i540fb9qktscapo","previousOperationId":"hvb5k8z2uvb7ts3"}
{"type":"log","timestamp":1708456888370,"level":"debug","message":"Data item not defined for this template.","meta":{"rootId":"a7t1mohc20r80dn","id":"a7t1mohc20r80dn"},"id":"o9v1l92k74c3088","previousOperationId":"hvb5k8z2uvb7ts3"}
{"type":"log","timestamp":1708456888371,"level":"debug","message":"Executing script list-data (beforeRender)","meta":{"rootId":"a7t1mohc20r80dn","id":"a7t1mohc20r80dn"},"id":"c20epsuzsxk4jge","previousOperationId":"hvb5k8z2uvb7ts3"}
{"type":"operationStart","subtype":"scriptsBeforeRender","name":"scripts beforeRender","timestamp":1708456888374,"id":"rn3fwb57hw8z2kh","previousEventId":"gmgnmnnw01c0x0b","operationId":"achoa113x7hxfrf","previousOperationId":"hvb5k8z2uvb7ts3"}
{"type":"operationStart","subtype":"script","name":"scripts list-data","previousOperationId":"achoa113x7hxfrf","timestamp":1708456888374,"id":"ar2bmg3205pjq03","previousEventId":"rn3fwb57hw8z2kh","operationId":"dsdc3nfx9z6vur9"}
{"type":"log","timestamp":1708456888392,"level":"debug","message":"(console:log) [\n  {\n    list_description: {\n      id: 2,\n      list_name: 'sarshisha',\n      list_current_number: 13,\n      list_limit_number: 0\n    },\n    list_image: {\n      url: 'http://localhost:4000/rails/active_storage/blobs/redirect/eyJfcmFpbHMiOnsiZGF0YSI6MywicHVyIjoiYmxvYl9pZCJ9fQ==--07183cfade35ce6ffe715f60749642919ec61f5d/charcuteria.png'\n    }\n  },\n  {\n    list_description: {\n      id: 3,\n      list_name: 'stjsjshtshn',\n      list_current_number: 4,\n      list_limit_number: 0\n    },\n    list_image: {\n      url: 'http://localhost:4000/rails/active_storage/blobs/redirect/eyJfcmFpbHMiOnsiZGF0YSI6NCwicHVyIjoiYmxvYl9pZCJ9fQ==--023aae65cb60b3f6c6d73a9c76e14c0b0df6ad86/dibujoadrian.jpg'\n    }\n  },\n  {\n    list_description: {\n      id: 1,\n      list_name: 'charcuteria',\n      list_current_number: 1,\n      list_limit_number: 0\n    },\n    list_image: {\n      url: 'http://localhost:4000/rails/active_storage/blobs/redirect/eyJfcmFpbHMiOnsiZGF0YSI6MiwicHVyIjoiYmxvYl9pZCJ9fQ==--ee6d56bf52163135b48a4ba2c22b11a93e94d3b3/charcuteria.png'\n    }\n  }\n]","meta":{"userLevel":true,"rootId":"a7t1mohc20r80dn","id":"a7t1mohc20r80dn"},"id":"uhm8ubda3e4ys4g","previousOperationId":"dsdc3nfx9z6vur9"}
{"type":"log","timestamp":1708456888399,"level":"debug","message":"(console:log) [\n  {\n    id: 1,\n    nickname: 'a',\n    is_admin: true,\n    suscriptor: null,\n    created_at: '2024-02-20T16:45:37.609Z',\n    updated_at: '2024-02-20T16:45:37.729Z',\n    email: 'a@a.a',\n    jti: '6a2b57ca-af4b-47a0-8285-477cffafa34b'\n  }\n]","meta":{"userLevel":true,"rootId":"a7t1mohc20r80dn","id":"a7t1mohc20r80dn"},"id":"0a4hmni0molwhec","previousOperationId":"dsdc3nfx9z6vur9"}
{"type":"operationEnd","operationId":"dsdc3nfx9z6vur9","timestamp":1708456888399,"id":"5l05us22bryeqb7","previousEventId":"gmgnmnnw01c0x0b","previousOperationId":"hvb5k8z2uvb7ts3"}
{"type":"operationEnd","operationId":"achoa113x7hxfrf","timestamp":1708456888399,"id":"5vvuxb6s8f19o6d","previousEventId":"5l05us22bryeqb7","previousOperationId":"hvb5k8z2uvb7ts3"}
{"type":"log","timestamp":1708456888399,"level":"debug","message":"Base url not specified, skipping its injection.","meta":{"rootId":"a7t1mohc20r80dn","id":"a7t1mohc20r80dn"},"id":"x5tbxgvrp9rl55r","previousOperationId":"achoa113x7hxfrf"}
{"type":"operationStart","subtype":"engine","name":"handlebars","timestamp":1708456888399,"id":"a007r1j49m5apcr","previousEventId":"5vvuxb6s8f19o6d","operationId":"jo4lsg8shwaby1l","previousOperationId":"achoa113x7hxfrf"}
{"type":"log","timestamp":1708456888399,"level":"debug","message":"Rendering engine handlebars","meta":{"rootId":"a7t1mohc20r80dn","id":"a7t1mohc20r80dn"},"id":"v405or0jvokn65p","previousOperationId":"jo4lsg8shwaby1l"}
{"type":"operationEnd","operationId":"jo4lsg8shwaby1l","timestamp":1708456888407,"id":"snibdfj6agwzcrz","previousEventId":"a007r1j49m5apcr","previousOperationId":"jo4lsg8shwaby1l"}
{"type":"operationStart","subtype":"recipe","name":"chrome-pdf","timestamp":1708456888407,"id":"hjdynhgxxca5p9r","previousEventId":"snibdfj6agwzcrz","operationId":"oubofn73tf0zz5p","previousOperationId":"jo4lsg8shwaby1l"}
{"type":"log","timestamp":1708456888407,"level":"debug","message":"Executing recipe chrome-pdf","meta":{"rootId":"a7t1mohc20r80dn","id":"a7t1mohc20r80dn"},"id":"4y2zb16rjg32bj6","previousOperationId":"oubofn73tf0zz5p"}
{"type":"log","timestamp":1708456888409,"level":"debug","message":"Converting with chrome HeadlessChrome/117.0.5938.149 using chrome-pool strategy","meta":{"rootId":"a7t1mohc20r80dn","id":"a7t1mohc20r80dn"},"id":"sr08kk8h9lea0hn","previousOperationId":"oubofn73tf0zz5p"}
{"type":"log","timestamp":1708456888443,"level":"debug","message":"Page request: GET (document) file:///tmp/jsreport/autocleanup/5965d292-9d7b-413d-84e7-521e7d904dc1-chrome-pdf.html","meta":{"rootId":"a7t1mohc20r80dn","id":"a7t1mohc20r80dn"},"id":"l61rryjkfuesxwx","previousOperationId":"oubofn73tf0zz5p"}
{"type":"log","timestamp":1708456888453,"level":"debug","message":"Page request: GET (stylesheet) https://cdn.jsdelivr.net/chartist.js/latest/chartist.min.css","meta":{"rootId":"a7t1mohc20r80dn","id":"a7t1mohc20r80dn"},"id":"prc1so67v9pmgkn","previousOperationId":"oubofn73tf0zz5p"}
{"type":"log","timestamp":1708456888454,"level":"debug","message":"Page request: GET (script) https://cdn.jsdelivr.net/chartist.js/latest/chartist.min.js","meta":{"rootId":"a7t1mohc20r80dn","id":"a7t1mohc20r80dn"},"id":"u5lrgwa9utuzyrh","previousOperationId":"oubofn73tf0zz5p"}
{"type":"log","timestamp":1708456888454,"level":"debug","message":"Page request finished: GET (document) 200 file:///tmp/jsreport/autocleanup/5965d292-9d7b-413d-84e7-521e7d904dc1-chrome-pdf.html","meta":{"rootId":"a7t1mohc20r80dn","id":"a7t1mohc20r80dn"},"id":"sg8yesnniecl78v","previousOperationId":"oubofn73tf0zz5p"}
{"type":"log","timestamp":1708456888456,"level":"debug","message":"Page request finished: GET (stylesheet) 200 https://cdn.jsdelivr.net/chartist.js/latest/chartist.min.css","meta":{"rootId":"a7t1mohc20r80dn","id":"a7t1mohc20r80dn"},"id":"sfyyk7pde8zqld9","previousOperationId":"oubofn73tf0zz5p"}
{"type":"log","timestamp":1708456888457,"level":"debug","message":"Page request finished: GET (script) 200 https://cdn.jsdelivr.net/chartist.js/latest/chartist.min.js","meta":{"rootId":"a7t1mohc20r80dn","id":"a7t1mohc20r80dn"},"id":"5qv8n4phet3e86y","previousOperationId":"oubofn73tf0zz5p"}
{"type":"log","timestamp":1708456888468,"level":"debug","message":"Running chrome with params {\"printBackground\":true,\"timeout\":59956,\"margin\":{}}","meta":{"rootId":"a7t1mohc20r80dn","id":"a7t1mohc20r80dn"},"id":"c8qpeqac6wpavok","previousOperationId":"oubofn73tf0zz5p"}
{"type":"operationEnd","operationId":"oubofn73tf0zz5p","timestamp":1708456888483,"id":"gmohty2gju472si","previousEventId":"hjdynhgxxca5p9r","previousOperationId":"oubofn73tf0zz5p"}
{"type":"log","timestamp":1708456888483,"level":"debug","message":"Skipping storing report.","meta":{"rootId":"a7t1mohc20r80dn","id":"a7t1mohc20r80dn"},"id":"dvd76ungq3xlxnw","previousOperationId":"oubofn73tf0zz5p"}
{"type":"log","timestamp":1708456888483,"level":"info","message":"Rendering request 75 finished in 119 ms","meta":{"rootId":"a7t1mohc20r80dn","id":"a7t1mohc20r80dn"},"id":"v9xhlf4ng47agun","previousOperationId":"oubofn73tf0zz5p"}
{"type":"operationEnd","subtype":"render","operationId":"hvb5k8z2uvb7ts3","timestamp":1708456888483,"id":"ec9fdjca8tjf80x","previousEventId":"gmohty2gju472si","previousOperationId":"oubofn73tf0zz5p"}
{"type":"operationEnd","doDiffs":false,"previousEventId":"uii1v8jvkf90gw9","previousOperationId":"1y5nfakqtsvfj8z","operationId":"1y5nfakqtsvfj8z","timestamp":1708456888487,"id":"8tomkmwb88elm5c"}
