{"type":"operationStart","subtype":"profile","data":{"_id":"IjRJPYji5kZMERO2","timestamp":"2024-02-20T19:10:48.555Z","state":"queued","mode":"standard","creationDate":"2024-02-20T19:10:48.556Z","modificationDate":"2024-02-20T19:10:48.556Z","shortid":"IpS-_41","$entitySet":"profiles"},"doDiffs":false,"timestamp":1708456248555,"id":"9h8bl4zkk949l8a","previousOperationId":null,"operationId":"1txdypn6y0ef02q"}
{"type":"log","level":"info","message":"Render request 49 queued for execution and waiting for available worker","previousOperationId":"1txdypn6y0ef02q","timestamp":1708456248555,"id":"yeeyeu0v2afxc97"}
{"type":"operationStart","subtype":"render","name":"TemplateList","previousOperationId":"1txdypn6y0ef02q","timestamp":1708456248560,"id":"ew17a03tk1j7ziv","previousEventId":"9h8bl4zkk949l8a","operationId":"yzpkqi6hhckq8py"}
{"type":"log","timestamp":1708456248560,"level":"info","message":"Starting rendering request 49","meta":{"rootId":"adkl11o0i5mtltx","id":"adkl11o0i5mtltx"},"id":"ztfb1vt7acykhvt","previousOperationId":"yzpkqi6hhckq8py"}
{"type":"log","timestamp":1708456248560,"level":"info","message":"Rendering template { name: TemplateList, recipe: chrome-pdf, engine: handlebars, preview: true }","meta":{"rootId":"adkl11o0i5mtltx","id":"adkl11o0i5mtltx"},"id":"7kxmt0nnljztbg8","previousOperationId":"yzpkqi6hhckq8py"}
{"type":"log","timestamp":1708456248560,"level":"debug","message":"Data item not defined for this template.","meta":{"rootId":"adkl11o0i5mtltx","id":"adkl11o0i5mtltx"},"id":"k9awp62clb1ds5m","previousOperationId":"yzpkqi6hhckq8py"}
{"type":"log","timestamp":1708456248562,"level":"debug","message":"Executing script list-data (beforeRender)","meta":{"rootId":"adkl11o0i5mtltx","id":"adkl11o0i5mtltx"},"id":"f3qykgvo0g1oh2m","previousOperationId":"yzpkqi6hhckq8py"}
{"type":"operationStart","subtype":"scriptsBeforeRender","name":"scripts beforeRender","timestamp":1708456248566,"id":"04c7xdmy4kc95ku","previousEventId":"ew17a03tk1j7ziv","operationId":"jjwntksyf95bu4i","previousOperationId":"yzpkqi6hhckq8py"}
{"type":"operationStart","subtype":"script","name":"scripts list-data","previousOperationId":"jjwntksyf95bu4i","timestamp":1708456248566,"id":"ie7wkwucz9hjht8","previousEventId":"04c7xdmy4kc95ku","operationId":"t8lfcrw5z8slme5"}
{"type":"log","timestamp":1708456248590,"level":"debug","message":"(console:log) [\n  {\n    list_description: {\n      id: 2,\n      list_name: 'sarshisha',\n      list_current_number: 13,\n      list_limit_number: 0\n    },\n    list_image: {\n      url: 'http://localhost:4000/rails/active_storage/blobs/redirect/eyJfcmFpbHMiOnsiZGF0YSI6MywicHVyIjoiYmxvYl9pZCJ9fQ==--07183cfade35ce6ffe715f60749642919ec61f5d/charcuteria.png'\n    }\n  },\n  {\n    list_description: {\n      id: 3,\n      list_name: 'stjsjshtshn',\n      list_current_number: 4,\n      list_limit_number: 0\n    },\n    list_image: {\n      url: 'http://localhost:4000/rails/active_storage/blobs/redirect/eyJfcmFpbHMiOnsiZGF0YSI6NCwicHVyIjoiYmxvYl9pZCJ9fQ==--023aae65cb60b3f6c6d73a9c76e14c0b0df6ad86/dibujoadrian.jpg'\n    }\n  },\n  {\n    list_description: {\n      id: 1,\n      list_name: 'charcuteria',\n      list_current_number: 1,\n      list_limit_number: 0\n    },\n    list_image: {\n      url: 'http://localhost:4000/rails/active_storage/blobs/redirect/eyJfcmFpbHMiOnsiZGF0YSI6MiwicHVyIjoiYmxvYl9pZCJ9fQ==--ee6d56bf52163135b48a4ba2c22b11a93e94d3b3/charcuteria.png'\n    }\n  }\n]","meta":{"userLevel":true,"rootId":"adkl11o0i5mtltx","id":"adkl11o0i5mtltx"},"id":"9o803iij1nrpuau","previousOperationId":"t8lfcrw5z8slme5"}
{"type":"log","timestamp":1708456248596,"level":"debug","message":"(console:log) [\n  {\n    id: 1,\n    nickname: 'a',\n    is_admin: true,\n    suscriptor: null,\n    created_at: '2024-02-20T16:45:37.609Z',\n    updated_at: '2024-02-20T16:45:37.729Z',\n    email: 'a@a.a',\n    jti: '6a2b57ca-af4b-47a0-8285-477cffafa34b'\n  }\n]","meta":{"userLevel":true,"rootId":"adkl11o0i5mtltx","id":"adkl11o0i5mtltx"},"id":"ictq6p4mib7q5l2","previousOperationId":"t8lfcrw5z8slme5"}
{"type":"operationEnd","operationId":"t8lfcrw5z8slme5","timestamp":1708456248596,"id":"urhqv033o16n7ue","previousEventId":"ew17a03tk1j7ziv","previousOperationId":"yzpkqi6hhckq8py"}
{"type":"operationEnd","operationId":"jjwntksyf95bu4i","timestamp":1708456248596,"id":"uz20ozfzk5ix38t","previousEventId":"urhqv033o16n7ue","previousOperationId":"yzpkqi6hhckq8py"}
{"type":"log","timestamp":1708456248596,"level":"debug","message":"Base url not specified, skipping its injection.","meta":{"rootId":"adkl11o0i5mtltx","id":"adkl11o0i5mtltx"},"id":"vd6f38re44rr339","previousOperationId":"jjwntksyf95bu4i"}
{"type":"operationStart","subtype":"engine","name":"handlebars","timestamp":1708456248596,"id":"u33f2hevh38jxu1","previousEventId":"uz20ozfzk5ix38t","operationId":"z5ah8bgwixwjbvy","previousOperationId":"jjwntksyf95bu4i"}
{"type":"log","timestamp":1708456248596,"level":"debug","message":"Rendering engine handlebars","meta":{"rootId":"adkl11o0i5mtltx","id":"adkl11o0i5mtltx"},"id":"o78ksi4vtqku5ju","previousOperationId":"z5ah8bgwixwjbvy"}
{"type":"operationEnd","operationId":"z5ah8bgwixwjbvy","timestamp":1708456248608,"id":"mtmyknig3oawfz9","previousEventId":"u33f2hevh38jxu1","previousOperationId":"z5ah8bgwixwjbvy"}
{"type":"operationStart","subtype":"recipe","name":"chrome-pdf","timestamp":1708456248608,"id":"bycybdotlf8j5gz","previousEventId":"mtmyknig3oawfz9","operationId":"i830xfgmmpijxp0","previousOperationId":"z5ah8bgwixwjbvy"}
{"type":"log","timestamp":1708456248608,"level":"debug","message":"Executing recipe chrome-pdf","meta":{"rootId":"adkl11o0i5mtltx","id":"adkl11o0i5mtltx"},"id":"vvn678qrbvv0t06","previousOperationId":"i830xfgmmpijxp0"}
{"type":"log","timestamp":1708456248609,"level":"debug","message":"Converting with chrome HeadlessChrome/117.0.5938.149 using chrome-pool strategy","meta":{"rootId":"adkl11o0i5mtltx","id":"adkl11o0i5mtltx"},"id":"xp1paty573czsb0","previousOperationId":"i830xfgmmpijxp0"}
{"type":"log","timestamp":1708456248640,"level":"debug","message":"Page request: GET (document) file:///tmp/jsreport/autocleanup/dcf62bd1-cbf0-481a-b386-3bcf0fef46a8-chrome-pdf.html","meta":{"rootId":"adkl11o0i5mtltx","id":"adkl11o0i5mtltx"},"id":"xuaob9suy1pibw5","previousOperationId":"i830xfgmmpijxp0"}
{"type":"log","timestamp":1708456248649,"level":"debug","message":"Page request: GET (stylesheet) https://cdn.jsdelivr.net/chartist.js/latest/chartist.min.css","meta":{"rootId":"adkl11o0i5mtltx","id":"adkl11o0i5mtltx"},"id":"llyv09aezhjf179","previousOperationId":"i830xfgmmpijxp0"}
{"type":"log","timestamp":1708456248650,"level":"debug","message":"Page request: GET (script) https://cdn.jsdelivr.net/chartist.js/latest/chartist.min.js","meta":{"rootId":"adkl11o0i5mtltx","id":"adkl11o0i5mtltx"},"id":"ixa8tgs692dgjvw","previousOperationId":"i830xfgmmpijxp0"}
{"type":"log","timestamp":1708456248650,"level":"debug","message":"Page request: GET (script) https://code.jquery.com/jquery-3.6.0.min.js","meta":{"rootId":"adkl11o0i5mtltx","id":"adkl11o0i5mtltx"},"id":"ygwo827wzm1th63","previousOperationId":"i830xfgmmpijxp0"}
{"type":"log","timestamp":1708456248650,"level":"debug","message":"Page request: GET (script) https://cdn.jsdelivr.net/npm/chart.js","meta":{"rootId":"adkl11o0i5mtltx","id":"adkl11o0i5mtltx"},"id":"v5241jcepj7lfdw","previousOperationId":"i830xfgmmpijxp0"}
{"type":"log","timestamp":1708456248650,"level":"debug","message":"Page request finished: GET (document) 200 file:///tmp/jsreport/autocleanup/dcf62bd1-cbf0-481a-b386-3bcf0fef46a8-chrome-pdf.html","meta":{"rootId":"adkl11o0i5mtltx","id":"adkl11o0i5mtltx"},"id":"ldumfwtx1chjrm9","previousOperationId":"i830xfgmmpijxp0"}
{"type":"log","timestamp":1708456248652,"level":"debug","message":"Page request finished: GET (stylesheet) 200 https://cdn.jsdelivr.net/chartist.js/latest/chartist.min.css","meta":{"rootId":"adkl11o0i5mtltx","id":"adkl11o0i5mtltx"},"id":"kpijbpdt9loqoic","previousOperationId":"i830xfgmmpijxp0"}
{"type":"log","timestamp":1708456248654,"level":"debug","message":"Page request finished: GET (script) 200 https://cdn.jsdelivr.net/chartist.js/latest/chartist.min.js","meta":{"rootId":"adkl11o0i5mtltx","id":"adkl11o0i5mtltx"},"id":"nr2clhemu3a3b9c","previousOperationId":"i830xfgmmpijxp0"}
{"type":"log","timestamp":1708456248656,"level":"debug","message":"Page request finished: GET (script) 200 https://code.jquery.com/jquery-3.6.0.min.js","meta":{"rootId":"adkl11o0i5mtltx","id":"adkl11o0i5mtltx"},"id":"63wi5qxca8qw5j3","previousOperationId":"i830xfgmmpijxp0"}
{"type":"log","timestamp":1708456248660,"level":"debug","message":"Page request finished: GET (script) 200 https://cdn.jsdelivr.net/npm/chart.js","meta":{"rootId":"adkl11o0i5mtltx","id":"adkl11o0i5mtltx"},"id":"3atkb78t0uqnumz","previousOperationId":"i830xfgmmpijxp0"}
{"type":"log","timestamp":1708456248703,"level":"debug","message":"Running chrome with params {\"printBackground\":true,\"timeout\":59946,\"margin\":{}}","meta":{"rootId":"adkl11o0i5mtltx","id":"adkl11o0i5mtltx"},"id":"a2aikcwkvmzffw2","previousOperationId":"i830xfgmmpijxp0"}
{"type":"operationEnd","operationId":"i830xfgmmpijxp0","timestamp":1708456248729,"id":"bbo0h5fmr4n4s6z","previousEventId":"bycybdotlf8j5gz","previousOperationId":"i830xfgmmpijxp0"}
{"type":"log","timestamp":1708456248729,"level":"debug","message":"Skipping storing report.","meta":{"rootId":"adkl11o0i5mtltx","id":"adkl11o0i5mtltx"},"id":"c4op772680jirq4","previousOperationId":"i830xfgmmpijxp0"}
{"type":"log","timestamp":1708456248729,"level":"info","message":"Rendering request 49 finished in 174 ms","meta":{"rootId":"adkl11o0i5mtltx","id":"adkl11o0i5mtltx"},"id":"rxo08diflm3af5a","previousOperationId":"i830xfgmmpijxp0"}
{"type":"operationEnd","subtype":"render","operationId":"yzpkqi6hhckq8py","timestamp":1708456248729,"id":"zmssgcbzgxxz1vb","previousEventId":"bbo0h5fmr4n4s6z","previousOperationId":"i830xfgmmpijxp0"}
{"type":"operationEnd","doDiffs":false,"previousEventId":"9h8bl4zkk949l8a","previousOperationId":"1txdypn6y0ef02q","operationId":"1txdypn6y0ef02q","timestamp":1708456248735,"id":"ya4n5qls16z6v1o"}
