{"type":"operationStart","subtype":"profile","data":{"_id":"JAigKezIzmlqGSXS","timestamp":"2024-02-20T18:49:15.585Z","state":"queued","mode":"standard","creationDate":"2024-02-20T18:49:15.586Z","modificationDate":"2024-02-20T18:49:15.586Z","shortid":"uJs7Akk","$entitySet":"profiles"},"doDiffs":false,"timestamp":1708454955585,"id":"683nre7wui22w21","previousOperationId":null,"operationId":"2uqpvvj9e7vkwos"}
{"type":"log","level":"info","message":"Render request 16 queued for execution and waiting for available worker","previousOperationId":"2uqpvvj9e7vkwos","timestamp":1708454955585,"id":"web31d0lv64c06v"}
{"type":"operationStart","subtype":"render","name":"TemplateList","previousOperationId":"2uqpvvj9e7vkwos","timestamp":1708454955590,"id":"ks7161n4j8hov6a","previousEventId":"683nre7wui22w21","operationId":"35wcbwuccclosvn"}
{"type":"log","timestamp":1708454955590,"level":"info","message":"Starting rendering request 16","meta":{"rootId":"ariml5l1j5uvyqh","id":"ariml5l1j5uvyqh"},"id":"5s40fceeuhoxviz","previousOperationId":"35wcbwuccclosvn"}
{"type":"log","timestamp":1708454955590,"level":"info","message":"Rendering template { name: TemplateList, recipe: chrome-pdf, engine: handlebars, preview: true }","meta":{"rootId":"ariml5l1j5uvyqh","id":"ariml5l1j5uvyqh"},"id":"hwiga4qw9kn39ff","previousOperationId":"35wcbwuccclosvn"}
{"type":"log","timestamp":1708454955591,"level":"debug","message":"Data item not defined for this template.","meta":{"rootId":"ariml5l1j5uvyqh","id":"ariml5l1j5uvyqh"},"id":"exjjgcdjbito5eo","previousOperationId":"35wcbwuccclosvn"}
{"type":"log","timestamp":1708454955592,"level":"debug","message":"Executing script list-data (beforeRender)","meta":{"rootId":"ariml5l1j5uvyqh","id":"ariml5l1j5uvyqh"},"id":"k2hly2r6ocdvzeu","previousOperationId":"35wcbwuccclosvn"}
{"type":"operationStart","subtype":"scriptsBeforeRender","name":"scripts beforeRender","timestamp":1708454955596,"id":"s0860rlxfuyyzsf","previousEventId":"ks7161n4j8hov6a","operationId":"us7a3l7mqyr5fa4","previousOperationId":"35wcbwuccclosvn"}
{"type":"operationStart","subtype":"script","name":"scripts list-data","previousOperationId":"us7a3l7mqyr5fa4","timestamp":1708454955596,"id":"i4jrjsjwbuvo0kp","previousEventId":"s0860rlxfuyyzsf","operationId":"x9lb0ex33stzs79"}
{"type":"log","timestamp":1708454955723,"level":"debug","message":"(console:log) [\n  {\n    list_description: {\n      id: 3,\n      list_name: 'stjsjshtshn',\n      list_current_number: 0,\n      list_limit_number: 0\n    },\n    list_image: {\n      url: 'http://localhost:4000/rails/active_storage/blobs/redirect/eyJfcmFpbHMiOnsiZGF0YSI6NCwicHVyIjoiYmxvYl9pZCJ9fQ==--023aae65cb60b3f6c6d73a9c76e14c0b0df6ad86/dibujoadrian.jpg'\n    }\n  },\n  {\n    list_description: {\n      id: 1,\n      list_name: 'charcuteria',\n      list_current_number: 0,\n      list_limit_number: 0\n    },\n    list_image: {\n      url: 'http://localhost:4000/rails/active_storage/blobs/redirect/eyJfcmFpbHMiOnsiZGF0YSI6MiwicHVyIjoiYmxvYl9pZCJ9fQ==--ee6d56bf52163135b48a4ba2c22b11a93e94d3b3/charcuteria.png'\n    }\n  },\n  {\n    list_description: {\n      id: 2,\n      list_name: 'sarshisha',\n      list_current_number: 13,\n      list_limit_number: 0\n    },\n    list_image: {\n      url: 'http://localhost:4000/rails/active_storage/blobs/redirect/eyJfcmFpbHMiOnsiZGF0YSI6MywicHVyIjoiYmxvYl9pZCJ9fQ==--07183cfade35ce6ffe715f60749642919ec61f5d/charcuteria.png'\n    }\n  }\n]","meta":{"userLevel":true,"rootId":"ariml5l1j5uvyqh","id":"ariml5l1j5uvyqh"},"id":"zzbb7g7py8cqhgu","previousOperationId":"x9lb0ex33stzs79"}
{"type":"log","timestamp":1708454955738,"level":"debug","message":"(console:log) [\n  {\n    id: 1,\n    nickname: 'a',\n    is_admin: true,\n    suscriptor: null,\n    created_at: '2024-02-20T16:45:37.609Z',\n    updated_at: '2024-02-20T16:45:37.729Z',\n    email: 'a@a.a',\n    jti: '6a2b57ca-af4b-47a0-8285-477cffafa34b'\n  }\n]","meta":{"userLevel":true,"rootId":"ariml5l1j5uvyqh","id":"ariml5l1j5uvyqh"},"id":"4wt218pf8z20rii","previousOperationId":"x9lb0ex33stzs79"}
{"type":"operationEnd","operationId":"x9lb0ex33stzs79","timestamp":1708454955738,"id":"aj6fwu3hdkj6viy","previousEventId":"ks7161n4j8hov6a","previousOperationId":"35wcbwuccclosvn"}
{"type":"operationEnd","operationId":"us7a3l7mqyr5fa4","timestamp":1708454955738,"id":"k0l81bdocdvs136","previousEventId":"aj6fwu3hdkj6viy","previousOperationId":"35wcbwuccclosvn"}
{"type":"log","timestamp":1708454955738,"level":"debug","message":"Base url not specified, skipping its injection.","meta":{"rootId":"ariml5l1j5uvyqh","id":"ariml5l1j5uvyqh"},"id":"vsq3nfk2czbe0yz","previousOperationId":"us7a3l7mqyr5fa4"}
{"type":"operationStart","subtype":"engine","name":"handlebars","timestamp":1708454955738,"id":"8niutxi2ps9k4ui","previousEventId":"k0l81bdocdvs136","operationId":"ba9oaw4uhhgpv6m","previousOperationId":"us7a3l7mqyr5fa4"}
{"type":"log","timestamp":1708454955738,"level":"debug","message":"Rendering engine handlebars","meta":{"rootId":"ariml5l1j5uvyqh","id":"ariml5l1j5uvyqh"},"id":"2mo0gfoyoeec85o","previousOperationId":"ba9oaw4uhhgpv6m"}
{"type":"operationEnd","operationId":"ba9oaw4uhhgpv6m","timestamp":1708454955754,"id":"f7miael87lms52o","previousEventId":"8niutxi2ps9k4ui","previousOperationId":"ba9oaw4uhhgpv6m"}
{"type":"operationStart","subtype":"recipe","name":"chrome-pdf","timestamp":1708454955754,"id":"sdulsctg3v725fk","previousEventId":"f7miael87lms52o","operationId":"cq7dktpalwk9xh9","previousOperationId":"ba9oaw4uhhgpv6m"}
{"type":"log","timestamp":1708454955754,"level":"debug","message":"Executing recipe chrome-pdf","meta":{"rootId":"ariml5l1j5uvyqh","id":"ariml5l1j5uvyqh"},"id":"10xwgg6er5f5ph8","previousOperationId":"cq7dktpalwk9xh9"}
{"type":"log","timestamp":1708454955756,"level":"debug","message":"Converting with chrome HeadlessChrome/117.0.5938.149 using chrome-pool strategy","meta":{"rootId":"ariml5l1j5uvyqh","id":"ariml5l1j5uvyqh"},"id":"6x7yyw5lwr14w07","previousOperationId":"cq7dktpalwk9xh9"}
{"type":"log","timestamp":1708454955796,"level":"debug","message":"Page request: GET (document) file:///tmp/jsreport/autocleanup/2355f6a3-3c62-4ff4-8b81-178c9f127ca4-chrome-pdf.html","meta":{"rootId":"ariml5l1j5uvyqh","id":"ariml5l1j5uvyqh"},"id":"srccpemmuwpr1rv","previousOperationId":"cq7dktpalwk9xh9"}
{"type":"log","timestamp":1708454955803,"level":"debug","message":"Page request: GET (stylesheet) https://cdn.jsdelivr.net/chartist.js/latest/chartist.min.css","meta":{"rootId":"ariml5l1j5uvyqh","id":"ariml5l1j5uvyqh"},"id":"wys90y6247khkkg","previousOperationId":"cq7dktpalwk9xh9"}
{"type":"log","timestamp":1708454955804,"level":"debug","message":"Page request: GET (script) https://cdn.jsdelivr.net/chartist.js/latest/chartist.min.js","meta":{"rootId":"ariml5l1j5uvyqh","id":"ariml5l1j5uvyqh"},"id":"vzzk5cv0q5dgc6n","previousOperationId":"cq7dktpalwk9xh9"}
{"type":"log","timestamp":1708454955804,"level":"debug","message":"Page request: GET (script) https://code.jquery.com/jquery-3.6.0.min.js","meta":{"rootId":"ariml5l1j5uvyqh","id":"ariml5l1j5uvyqh"},"id":"0u6eh8nn6a4jkei","previousOperationId":"cq7dktpalwk9xh9"}
{"type":"log","timestamp":1708454955804,"level":"debug","message":"Page request: GET (script) https://cdn.jsdelivr.net/npm/chart.js","meta":{"rootId":"ariml5l1j5uvyqh","id":"ariml5l1j5uvyqh"},"id":"mg1o0uqfyoypst2","previousOperationId":"cq7dktpalwk9xh9"}
{"type":"log","timestamp":1708454955805,"level":"debug","message":"Page request finished: GET (document) 200 file:///tmp/jsreport/autocleanup/2355f6a3-3c62-4ff4-8b81-178c9f127ca4-chrome-pdf.html","meta":{"rootId":"ariml5l1j5uvyqh","id":"ariml5l1j5uvyqh"},"id":"meduvl50baezt01","previousOperationId":"cq7dktpalwk9xh9"}
{"type":"log","timestamp":1708454955806,"level":"debug","message":"Page request finished: GET (stylesheet) 200 https://cdn.jsdelivr.net/chartist.js/latest/chartist.min.css","meta":{"rootId":"ariml5l1j5uvyqh","id":"ariml5l1j5uvyqh"},"id":"zumyb8ltjmxdeag","previousOperationId":"cq7dktpalwk9xh9"}
{"type":"log","timestamp":1708454955807,"level":"debug","message":"Page request finished: GET (script) 200 https://cdn.jsdelivr.net/chartist.js/latest/chartist.min.js","meta":{"rootId":"ariml5l1j5uvyqh","id":"ariml5l1j5uvyqh"},"id":"090y2x7vjz3orcu","previousOperationId":"cq7dktpalwk9xh9"}
{"type":"log","timestamp":1708454955810,"level":"debug","message":"Page request finished: GET (script) 200 https://code.jquery.com/jquery-3.6.0.min.js","meta":{"rootId":"ariml5l1j5uvyqh","id":"ariml5l1j5uvyqh"},"id":"7r9usg8m72nnwsm","previousOperationId":"cq7dktpalwk9xh9"}
{"type":"log","timestamp":1708454955815,"level":"debug","message":"Page request finished: GET (script) 200 https://cdn.jsdelivr.net/npm/chart.js","meta":{"rootId":"ariml5l1j5uvyqh","id":"ariml5l1j5uvyqh"},"id":"2h2rqijrms73djw","previousOperationId":"cq7dktpalwk9xh9"}
{"type":"log","timestamp":1708454955862,"level":"debug","message":"Running chrome with params {\"printBackground\":true,\"timeout\":59829,\"margin\":{}}","meta":{"rootId":"ariml5l1j5uvyqh","id":"ariml5l1j5uvyqh"},"id":"s5ez6sxambh1jub","previousOperationId":"cq7dktpalwk9xh9"}
{"type":"operationEnd","operationId":"cq7dktpalwk9xh9","timestamp":1708454955894,"id":"4dzzgg1e49z431v","previousEventId":"sdulsctg3v725fk","previousOperationId":"cq7dktpalwk9xh9"}
{"type":"log","timestamp":1708454955894,"level":"debug","message":"Skipping storing report.","meta":{"rootId":"ariml5l1j5uvyqh","id":"ariml5l1j5uvyqh"},"id":"j3mkjd02bs1q2hp","previousOperationId":"cq7dktpalwk9xh9"}
{"type":"log","timestamp":1708454955894,"level":"info","message":"Rendering request 16 finished in 310 ms","meta":{"rootId":"ariml5l1j5uvyqh","id":"ariml5l1j5uvyqh"},"id":"u775gv73cojf7a6","previousOperationId":"cq7dktpalwk9xh9"}
{"type":"operationEnd","subtype":"render","operationId":"35wcbwuccclosvn","timestamp":1708454955894,"id":"ar48wvyti5jdslt","previousEventId":"4dzzgg1e49z431v","previousOperationId":"cq7dktpalwk9xh9"}
{"type":"operationEnd","doDiffs":false,"previousEventId":"683nre7wui22w21","previousOperationId":"2uqpvvj9e7vkwos","operationId":"2uqpvvj9e7vkwos","timestamp":1708454955897,"id":"9mt66qprn2pfzkb"}
