{"type":"operationStart","subtype":"profile","data":{"_id":"g3F2bWcgz9EWcWmD","timestamp":"2024-02-20T19:22:15.475Z","state":"queued","mode":"standard","creationDate":"2024-02-20T19:22:15.475Z","modificationDate":"2024-02-20T19:22:15.475Z","shortid":"ReAtgS5","$entitySet":"profiles"},"doDiffs":false,"timestamp":1708456935475,"id":"1o5014x9w1a7l22","previousOperationId":null,"operationId":"m0b0aj4q54gme0u"}
{"type":"log","level":"info","message":"Render request 77 queued for execution and waiting for available worker","previousOperationId":"m0b0aj4q54gme0u","timestamp":1708456935475,"id":"4mmd6hpbo97ux48"}
{"type":"operationStart","subtype":"render","name":"TemplateList","previousOperationId":"m0b0aj4q54gme0u","timestamp":1708456935479,"id":"c36xbynn8lq54k2","previousEventId":"1o5014x9w1a7l22","operationId":"qo9n8j5u5fa6g0y"}
{"type":"log","timestamp":1708456935479,"level":"info","message":"Starting rendering request 77","meta":{"rootId":"axtov9c1qh9gfhz","id":"axtov9c1qh9gfhz"},"id":"5jdp682c5aibfz0","previousOperationId":"qo9n8j5u5fa6g0y"}
{"type":"log","timestamp":1708456935479,"level":"info","message":"Rendering template { name: TemplateList, recipe: chrome-pdf, engine: handlebars, preview: true }","meta":{"rootId":"axtov9c1qh9gfhz","id":"axtov9c1qh9gfhz"},"id":"u7nc8fqzpgvwsd8","previousOperationId":"qo9n8j5u5fa6g0y"}
{"type":"log","timestamp":1708456935479,"level":"debug","message":"Data item not defined for this template.","meta":{"rootId":"axtov9c1qh9gfhz","id":"axtov9c1qh9gfhz"},"id":"l4jkfh8chflbbr3","previousOperationId":"qo9n8j5u5fa6g0y"}
{"type":"log","timestamp":1708456935480,"level":"debug","message":"Executing script list-data (beforeRender)","meta":{"rootId":"axtov9c1qh9gfhz","id":"axtov9c1qh9gfhz"},"id":"0fpawcroog2415d","previousOperationId":"qo9n8j5u5fa6g0y"}
{"type":"operationStart","subtype":"scriptsBeforeRender","name":"scripts beforeRender","timestamp":1708456935483,"id":"19bes76n5a8ndwi","previousEventId":"c36xbynn8lq54k2","operationId":"9r07fovvu7invru","previousOperationId":"qo9n8j5u5fa6g0y"}
{"type":"operationStart","subtype":"script","name":"scripts list-data","previousOperationId":"9r07fovvu7invru","timestamp":1708456935483,"id":"4ku3647ay1lf1uy","previousEventId":"19bes76n5a8ndwi","operationId":"pumssux9gp3nie5"}
{"type":"log","timestamp":1708456935503,"level":"debug","message":"(console:log) [\n  {\n    list_description: {\n      id: 2,\n      list_name: 'sarshisha',\n      list_current_number: 13,\n      list_limit_number: 0\n    },\n    list_image: {\n      url: 'http://localhost:4000/rails/active_storage/blobs/redirect/eyJfcmFpbHMiOnsiZGF0YSI6MywicHVyIjoiYmxvYl9pZCJ9fQ==--07183cfade35ce6ffe715f60749642919ec61f5d/charcuteria.png'\n    }\n  },\n  {\n    list_description: {\n      id: 3,\n      list_name: 'stjsjshtshn',\n      list_current_number: 4,\n      list_limit_number: 0\n    },\n    list_image: {\n      url: 'http://localhost:4000/rails/active_storage/blobs/redirect/eyJfcmFpbHMiOnsiZGF0YSI6NCwicHVyIjoiYmxvYl9pZCJ9fQ==--023aae65cb60b3f6c6d73a9c76e14c0b0df6ad86/dibujoadrian.jpg'\n    }\n  },\n  {\n    list_description: {\n      id: 1,\n      list_name: 'charcuteria',\n      list_current_number: 1,\n      list_limit_number: 0\n    },\n    list_image: {\n      url: 'http://localhost:4000/rails/active_storage/blobs/redirect/eyJfcmFpbHMiOnsiZGF0YSI6MiwicHVyIjoiYmxvYl9pZCJ9fQ==--ee6d56bf52163135b48a4ba2c22b11a93e94d3b3/charcuteria.png'\n    }\n  }\n]","meta":{"userLevel":true,"rootId":"axtov9c1qh9gfhz","id":"axtov9c1qh9gfhz"},"id":"458oi4viq9ecqmo","previousOperationId":"pumssux9gp3nie5"}
{"type":"log","timestamp":1708456935512,"level":"debug","message":"(console:log) [\n  {\n    id: 1,\n    nickname: 'a',\n    is_admin: true,\n    suscriptor: null,\n    created_at: '2024-02-20T16:45:37.609Z',\n    updated_at: '2024-02-20T16:45:37.729Z',\n    email: 'a@a.a',\n    jti: '6a2b57ca-af4b-47a0-8285-477cffafa34b'\n  }\n]","meta":{"userLevel":true,"rootId":"axtov9c1qh9gfhz","id":"axtov9c1qh9gfhz"},"id":"jhucb7j4vf5yw9o","previousOperationId":"pumssux9gp3nie5"}
{"type":"operationEnd","operationId":"pumssux9gp3nie5","timestamp":1708456935512,"id":"7y56zy70urutixi","previousEventId":"c36xbynn8lq54k2","previousOperationId":"qo9n8j5u5fa6g0y"}
{"type":"operationEnd","operationId":"9r07fovvu7invru","timestamp":1708456935512,"id":"xuvecr1l6xsppkf","previousEventId":"7y56zy70urutixi","previousOperationId":"qo9n8j5u5fa6g0y"}
{"type":"log","timestamp":1708456935512,"level":"debug","message":"Base url not specified, skipping its injection.","meta":{"rootId":"axtov9c1qh9gfhz","id":"axtov9c1qh9gfhz"},"id":"fk5orjz9tuzxkyf","previousOperationId":"9r07fovvu7invru"}
{"type":"operationStart","subtype":"engine","name":"handlebars","timestamp":1708456935512,"id":"fr7oavsslsm7z5m","previousEventId":"xuvecr1l6xsppkf","operationId":"dyksow4y3s38w2p","previousOperationId":"9r07fovvu7invru"}
{"type":"log","timestamp":1708456935512,"level":"debug","message":"Rendering engine handlebars","meta":{"rootId":"axtov9c1qh9gfhz","id":"axtov9c1qh9gfhz"},"id":"1zziznmdocn07mp","previousOperationId":"dyksow4y3s38w2p"}
{"type":"operationEnd","operationId":"dyksow4y3s38w2p","timestamp":1708456935523,"id":"qijk4c8loey0vey","previousEventId":"fr7oavsslsm7z5m","previousOperationId":"dyksow4y3s38w2p"}
{"type":"operationStart","subtype":"recipe","name":"chrome-pdf","timestamp":1708456935523,"id":"6svdl3agrx0dw69","previousEventId":"qijk4c8loey0vey","operationId":"498j8wvxhfqov8q","previousOperationId":"dyksow4y3s38w2p"}
{"type":"log","timestamp":1708456935523,"level":"debug","message":"Executing recipe chrome-pdf","meta":{"rootId":"axtov9c1qh9gfhz","id":"axtov9c1qh9gfhz"},"id":"hovenfyc52jh865","previousOperationId":"498j8wvxhfqov8q"}
{"type":"log","timestamp":1708456935524,"level":"debug","message":"Converting with chrome HeadlessChrome/117.0.5938.149 using chrome-pool strategy","meta":{"rootId":"axtov9c1qh9gfhz","id":"axtov9c1qh9gfhz"},"id":"6vewttonrjpdfqd","previousOperationId":"498j8wvxhfqov8q"}
{"type":"log","timestamp":1708456935560,"level":"debug","message":"Page request: GET (document) file:///tmp/jsreport/autocleanup/dab341b1-1ac3-4cfe-8f12-a7a6579482eb-chrome-pdf.html","meta":{"rootId":"axtov9c1qh9gfhz","id":"axtov9c1qh9gfhz"},"id":"7jorht0709b7gwa","previousOperationId":"498j8wvxhfqov8q"}
{"type":"log","timestamp":1708456935568,"level":"debug","message":"Page request: GET (stylesheet) https://cdn.jsdelivr.net/chartist.js/latest/chartist.min.css","meta":{"rootId":"axtov9c1qh9gfhz","id":"axtov9c1qh9gfhz"},"id":"i6uubr634t2wftg","previousOperationId":"498j8wvxhfqov8q"}
{"type":"log","timestamp":1708456935569,"level":"debug","message":"Page request: GET (script) https://cdn.jsdelivr.net/chartist.js/latest/chartist.min.js","meta":{"rootId":"axtov9c1qh9gfhz","id":"axtov9c1qh9gfhz"},"id":"jmzkyc6yxfmfowv","previousOperationId":"498j8wvxhfqov8q"}
{"type":"log","timestamp":1708456935569,"level":"debug","message":"Page request finished: GET (document) 200 file:///tmp/jsreport/autocleanup/dab341b1-1ac3-4cfe-8f12-a7a6579482eb-chrome-pdf.html","meta":{"rootId":"axtov9c1qh9gfhz","id":"axtov9c1qh9gfhz"},"id":"zpeku942t8w5x8l","previousOperationId":"498j8wvxhfqov8q"}
{"type":"log","timestamp":1708456935572,"level":"debug","message":"Page request finished: GET (stylesheet) 200 https://cdn.jsdelivr.net/chartist.js/latest/chartist.min.css","meta":{"rootId":"axtov9c1qh9gfhz","id":"axtov9c1qh9gfhz"},"id":"aydh8qz9tb30bf9","previousOperationId":"498j8wvxhfqov8q"}
{"type":"log","timestamp":1708456935573,"level":"debug","message":"Page request finished: GET (script) 200 https://cdn.jsdelivr.net/chartist.js/latest/chartist.min.js","meta":{"rootId":"axtov9c1qh9gfhz","id":"axtov9c1qh9gfhz"},"id":"j92otr86x1krpv0","previousOperationId":"498j8wvxhfqov8q"}
{"type":"log","timestamp":1708456935584,"level":"debug","message":"Running chrome with params {\"printBackground\":true,\"timeout\":59952,\"margin\":{}}","meta":{"rootId":"axtov9c1qh9gfhz","id":"axtov9c1qh9gfhz"},"id":"cignwrls1h39c2m","previousOperationId":"498j8wvxhfqov8q"}
{"type":"operationEnd","operationId":"498j8wvxhfqov8q","timestamp":1708456935600,"id":"pqv14cc1oig5f5e","previousEventId":"6svdl3agrx0dw69","previousOperationId":"498j8wvxhfqov8q"}
{"type":"log","timestamp":1708456935600,"level":"debug","message":"Skipping storing report.","meta":{"rootId":"axtov9c1qh9gfhz","id":"axtov9c1qh9gfhz"},"id":"adtgz9c2ay5bjp2","previousOperationId":"498j8wvxhfqov8q"}
{"type":"log","timestamp":1708456935600,"level":"info","message":"Rendering request 77 finished in 125 ms","meta":{"rootId":"axtov9c1qh9gfhz","id":"axtov9c1qh9gfhz"},"id":"5316uomsfoi5a3p","previousOperationId":"498j8wvxhfqov8q"}
{"type":"operationEnd","subtype":"render","operationId":"qo9n8j5u5fa6g0y","timestamp":1708456935600,"id":"vd5wd6gvflao77g","previousEventId":"pqv14cc1oig5f5e","previousOperationId":"498j8wvxhfqov8q"}
{"type":"operationEnd","doDiffs":false,"previousEventId":"1o5014x9w1a7l22","previousOperationId":"m0b0aj4q54gme0u","operationId":"m0b0aj4q54gme0u","timestamp":1708456935605,"id":"exoywfs81nqq5u9"}
