{"type":"operationStart","subtype":"profile","data":{"_id":"c7KXuLy2kIzlkVac","timestamp":"2024-02-20T18:49:01.165Z","state":"queued","mode":"standard","creationDate":"2024-02-20T18:49:01.166Z","modificationDate":"2024-02-20T18:49:01.166Z","shortid":"NX7aAx1","$entitySet":"profiles"},"doDiffs":false,"timestamp":1708454941165,"id":"yaovgbek5e4lk1d","previousOperationId":null,"operationId":"es8fcyalftb0o0y"}
{"type":"log","level":"info","message":"Render request 15 queued for execution and waiting for available worker","previousOperationId":"es8fcyalftb0o0y","timestamp":1708454941165,"id":"lhix1owc40sf6f9"}
{"type":"operationStart","subtype":"render","name":"TemplateList","previousOperationId":"es8fcyalftb0o0y","timestamp":1708454941170,"id":"lgwu9bzptmqvic2","previousEventId":"yaovgbek5e4lk1d","operationId":"ne4olxbh14b9pju"}
{"type":"log","timestamp":1708454941170,"level":"info","message":"Starting rendering request 15","meta":{"rootId":"ayeibyylplwfgdd","id":"ayeibyylplwfgdd"},"id":"nqtgar8it3m0g9r","previousOperationId":"ne4olxbh14b9pju"}
{"type":"log","timestamp":1708454941170,"level":"info","message":"Rendering template { name: TemplateList, recipe: chrome-pdf, engine: handlebars, preview: true }","meta":{"rootId":"ayeibyylplwfgdd","id":"ayeibyylplwfgdd"},"id":"7asqoag9zdktudc","previousOperationId":"ne4olxbh14b9pju"}
{"type":"log","timestamp":1708454941171,"level":"debug","message":"Data item not defined for this template.","meta":{"rootId":"ayeibyylplwfgdd","id":"ayeibyylplwfgdd"},"id":"4dgokreov4u0hdt","previousOperationId":"ne4olxbh14b9pju"}
{"type":"log","timestamp":1708454941172,"level":"debug","message":"Executing script list-data (beforeRender)","meta":{"rootId":"ayeibyylplwfgdd","id":"ayeibyylplwfgdd"},"id":"5dwy2k87qsdy8lw","previousOperationId":"ne4olxbh14b9pju"}
{"type":"operationStart","subtype":"scriptsBeforeRender","name":"scripts beforeRender","timestamp":1708454941177,"id":"2b9bp16dw2zha4y","previousEventId":"lgwu9bzptmqvic2","operationId":"ctayxurdcegbvsd","previousOperationId":"ne4olxbh14b9pju"}
{"type":"operationStart","subtype":"script","name":"scripts list-data","previousOperationId":"ctayxurdcegbvsd","timestamp":1708454941177,"id":"4nqr5hefd7zl85e","previousEventId":"2b9bp16dw2zha4y","operationId":"dilesljn4qx9wei"}
{"type":"log","timestamp":1708454941197,"level":"debug","message":"(console:log) [\n  {\n    list_description: {\n      id: 3,\n      list_name: 'stjsjshtshn',\n      list_current_number: 0,\n      list_limit_number: 0\n    },\n    list_image: {\n      url: 'http://localhost:4000/rails/active_storage/blobs/redirect/eyJfcmFpbHMiOnsiZGF0YSI6NCwicHVyIjoiYmxvYl9pZCJ9fQ==--023aae65cb60b3f6c6d73a9c76e14c0b0df6ad86/dibujoadrian.jpg'\n    }\n  },\n  {\n    list_description: {\n      id: 1,\n      list_name: 'charcuteria',\n      list_current_number: 0,\n      list_limit_number: 0\n    },\n    list_image: {\n      url: 'http://localhost:4000/rails/active_storage/blobs/redirect/eyJfcmFpbHMiOnsiZGF0YSI6MiwicHVyIjoiYmxvYl9pZCJ9fQ==--ee6d56bf52163135b48a4ba2c22b11a93e94d3b3/charcuteria.png'\n    }\n  },\n  {\n    list_description: {\n      id: 2,\n      list_name: 'sarshisha',\n      list_current_number: 13,\n      list_limit_number: 0\n    },\n    list_image: {\n      url: 'http://localhost:4000/rails/active_storage/blobs/redirect/eyJfcmFpbHMiOnsiZGF0YSI6MywicHVyIjoiYmxvYl9pZCJ9fQ==--07183cfade35ce6ffe715f60749642919ec61f5d/charcuteria.png'\n    }\n  }\n]","meta":{"userLevel":true,"rootId":"ayeibyylplwfgdd","id":"ayeibyylplwfgdd"},"id":"8wse3s2ldz29l22","previousOperationId":"dilesljn4qx9wei"}
{"type":"log","timestamp":1708454941208,"level":"debug","message":"(console:log) [\n  {\n    id: 1,\n    nickname: 'a',\n    is_admin: true,\n    suscriptor: null,\n    created_at: '2024-02-20T16:45:37.609Z',\n    updated_at: '2024-02-20T16:45:37.729Z',\n    email: 'a@a.a',\n    jti: '6a2b57ca-af4b-47a0-8285-477cffafa34b'\n  }\n]","meta":{"userLevel":true,"rootId":"ayeibyylplwfgdd","id":"ayeibyylplwfgdd"},"id":"p2l5l9rsubbutii","previousOperationId":"dilesljn4qx9wei"}
{"type":"operationEnd","operationId":"dilesljn4qx9wei","timestamp":1708454941208,"id":"o430i77jxu84is8","previousEventId":"lgwu9bzptmqvic2","previousOperationId":"ne4olxbh14b9pju"}
{"type":"operationEnd","operationId":"ctayxurdcegbvsd","timestamp":1708454941208,"id":"tkfcu63m20ty225","previousEventId":"o430i77jxu84is8","previousOperationId":"ne4olxbh14b9pju"}
{"type":"log","timestamp":1708454941208,"level":"debug","message":"Base url not specified, skipping its injection.","meta":{"rootId":"ayeibyylplwfgdd","id":"ayeibyylplwfgdd"},"id":"szs22nskfo58jeg","previousOperationId":"ctayxurdcegbvsd"}
{"type":"operationStart","subtype":"engine","name":"handlebars","timestamp":1708454941208,"id":"rj8uqlhz770cnjq","previousEventId":"tkfcu63m20ty225","operationId":"mq7r7y5kzfqyr1b","previousOperationId":"ctayxurdcegbvsd"}
{"type":"log","timestamp":1708454941208,"level":"debug","message":"Rendering engine handlebars","meta":{"rootId":"ayeibyylplwfgdd","id":"ayeibyylplwfgdd"},"id":"ytvo9di0jx9zwj6","previousOperationId":"mq7r7y5kzfqyr1b"}
{"type":"operationEnd","operationId":"mq7r7y5kzfqyr1b","timestamp":1708454941221,"id":"ciuw46hcwcv1y9x","previousEventId":"rj8uqlhz770cnjq","previousOperationId":"mq7r7y5kzfqyr1b"}
{"type":"operationStart","subtype":"recipe","name":"chrome-pdf","timestamp":1708454941222,"id":"aept4m6e8871j6x","previousEventId":"ciuw46hcwcv1y9x","operationId":"oaxgpwzvta9ck2u","previousOperationId":"mq7r7y5kzfqyr1b"}
{"type":"log","timestamp":1708454941222,"level":"debug","message":"Executing recipe chrome-pdf","meta":{"rootId":"ayeibyylplwfgdd","id":"ayeibyylplwfgdd"},"id":"cwu3ev2m2kxecn3","previousOperationId":"oaxgpwzvta9ck2u"}
{"type":"log","timestamp":1708454941223,"level":"debug","message":"Converting with chrome HeadlessChrome/117.0.5938.149 using chrome-pool strategy","meta":{"rootId":"ayeibyylplwfgdd","id":"ayeibyylplwfgdd"},"id":"k6y4347eg5n0njk","previousOperationId":"oaxgpwzvta9ck2u"}
{"type":"log","timestamp":1708454941255,"level":"debug","message":"Page request: GET (document) file:///tmp/jsreport/autocleanup/d4b235f8-1ea5-4fa4-9712-5669717bd86a-chrome-pdf.html","meta":{"rootId":"ayeibyylplwfgdd","id":"ayeibyylplwfgdd"},"id":"kdat8f97b0iqrtr","previousOperationId":"oaxgpwzvta9ck2u"}
{"type":"log","timestamp":1708454941262,"level":"debug","message":"Page request: GET (stylesheet) https://cdn.jsdelivr.net/chartist.js/latest/chartist.min.css","meta":{"rootId":"ayeibyylplwfgdd","id":"ayeibyylplwfgdd"},"id":"o05ecxydk86byp0","previousOperationId":"oaxgpwzvta9ck2u"}
{"type":"log","timestamp":1708454941263,"level":"debug","message":"Page request: GET (script) https://cdn.jsdelivr.net/chartist.js/latest/chartist.min.js","meta":{"rootId":"ayeibyylplwfgdd","id":"ayeibyylplwfgdd"},"id":"5dvxkmy0dlsza05","previousOperationId":"oaxgpwzvta9ck2u"}
{"type":"log","timestamp":1708454941263,"level":"debug","message":"Page request: GET (script) https://code.jquery.com/jquery-3.6.0.min.js","meta":{"rootId":"ayeibyylplwfgdd","id":"ayeibyylplwfgdd"},"id":"yuqj3ypjg7fnta9","previousOperationId":"oaxgpwzvta9ck2u"}
{"type":"log","timestamp":1708454941263,"level":"debug","message":"Page request: GET (script) https://cdn.jsdelivr.net/npm/chart.js","meta":{"rootId":"ayeibyylplwfgdd","id":"ayeibyylplwfgdd"},"id":"izju01c616ry190","previousOperationId":"oaxgpwzvta9ck2u"}
{"type":"log","timestamp":1708454941263,"level":"debug","message":"Page request finished: GET (document) 200 file:///tmp/jsreport/autocleanup/d4b235f8-1ea5-4fa4-9712-5669717bd86a-chrome-pdf.html","meta":{"rootId":"ayeibyylplwfgdd","id":"ayeibyylplwfgdd"},"id":"opogra3pctndswi","previousOperationId":"oaxgpwzvta9ck2u"}
{"type":"log","timestamp":1708454941265,"level":"debug","message":"Page request finished: GET (stylesheet) 200 https://cdn.jsdelivr.net/chartist.js/latest/chartist.min.css","meta":{"rootId":"ayeibyylplwfgdd","id":"ayeibyylplwfgdd"},"id":"z40p0xozjytnver","previousOperationId":"oaxgpwzvta9ck2u"}
{"type":"log","timestamp":1708454941267,"level":"debug","message":"Page request finished: GET (script) 200 https://cdn.jsdelivr.net/chartist.js/latest/chartist.min.js","meta":{"rootId":"ayeibyylplwfgdd","id":"ayeibyylplwfgdd"},"id":"ynmoi6qzgfomzef","previousOperationId":"oaxgpwzvta9ck2u"}
{"type":"log","timestamp":1708454941269,"level":"debug","message":"Page request finished: GET (script) 200 https://code.jquery.com/jquery-3.6.0.min.js","meta":{"rootId":"ayeibyylplwfgdd","id":"ayeibyylplwfgdd"},"id":"imwokecetc1hr3c","previousOperationId":"oaxgpwzvta9ck2u"}
{"type":"log","timestamp":1708454941273,"level":"debug","message":"Page request finished: GET (script) 200 https://cdn.jsdelivr.net/npm/chart.js","meta":{"rootId":"ayeibyylplwfgdd","id":"ayeibyylplwfgdd"},"id":"ql5o00r6i6f3y8e","previousOperationId":"oaxgpwzvta9ck2u"}
{"type":"log","timestamp":1708454941296,"level":"warn","message":"Page error: \"lines\" is not a registered controller. , stack: Error: \"lines\" is not a registered controller.\n    at _get (https://cdn.jsdelivr.net/npm/chart.js:19:82556)\n    at getController (https://cdn.jsdelivr.net/npm/chart.js:19:81624)\n    at buildOrUpdateControllers (https://cdn.jsdelivr.net/npm/chart.js:19:93610)\n    at update (https://cdn.jsdelivr.net/npm/chart.js:19:94360)\n    at An (https://cdn.jsdelivr.net/npm/chart.js:19:90723)\n    at <anonymous> (file:///tmp/jsreport/autocleanup/d4b235f8-1ea5-4fa4-9712-5669717bd86a-chrome-pdf.html:113:23)","meta":{"rootId":"ayeibyylplwfgdd","id":"ayeibyylplwfgdd"},"id":"e1vat4yd6wn1rk8","previousOperationId":"oaxgpwzvta9ck2u"}
{"type":"log","timestamp":1708454941297,"level":"debug","message":"Running chrome with params {\"printBackground\":true,\"timeout\":59943,\"margin\":{}}","meta":{"rootId":"ayeibyylplwfgdd","id":"ayeibyylplwfgdd"},"id":"rvo05e7o9b5n8k8","previousOperationId":"oaxgpwzvta9ck2u"}
{"type":"operationEnd","operationId":"oaxgpwzvta9ck2u","timestamp":1708454941320,"id":"fw5u8a27gf7ax3v","previousEventId":"aept4m6e8871j6x","previousOperationId":"oaxgpwzvta9ck2u"}
{"type":"log","timestamp":1708454941320,"level":"debug","message":"Skipping storing report.","meta":{"rootId":"ayeibyylplwfgdd","id":"ayeibyylplwfgdd"},"id":"rqv7imr54wnhmaj","previousOperationId":"oaxgpwzvta9ck2u"}
{"type":"log","timestamp":1708454941320,"level":"info","message":"Rendering request 15 finished in 155 ms","meta":{"rootId":"ayeibyylplwfgdd","id":"ayeibyylplwfgdd"},"id":"db6k0moccjvo7pa","previousOperationId":"oaxgpwzvta9ck2u"}
{"type":"operationEnd","subtype":"render","operationId":"ne4olxbh14b9pju","timestamp":1708454941320,"id":"qj2nnpcr7wxo9af","previousEventId":"fw5u8a27gf7ax3v","previousOperationId":"oaxgpwzvta9ck2u"}
{"type":"operationEnd","doDiffs":false,"previousEventId":"yaovgbek5e4lk1d","previousOperationId":"es8fcyalftb0o0y","operationId":"es8fcyalftb0o0y","timestamp":1708454941323,"id":"thjksjybs2sicor"}
