{"type":"operationStart","subtype":"profile","data":{"_id":"ES8ia55LxfSIVPZG","timestamp":"2024-02-20T17:34:22.556Z","state":"queued","mode":"standard","creationDate":"2024-02-20T17:34:22.557Z","modificationDate":"2024-02-20T17:34:22.557Z","shortid":"AfIdBi-","$entitySet":"profiles"},"doDiffs":false,"timestamp":1708450462556,"id":"ew0eulvk2l7eho3","previousOperationId":null,"operationId":"jubfaqzmvr0lzsc"}
{"type":"log","level":"info","message":"Render request 10 queued for execution and waiting for available worker","previousOperationId":"jubfaqzmvr0lzsc","timestamp":1708450462557,"id":"vped1q6t9lp74kx"}
{"type":"operationStart","subtype":"render","name":"TemplateList","previousOperationId":"jubfaqzmvr0lzsc","timestamp":1708450462582,"id":"xywqhb7q3wo88s7","previousEventId":"ew0eulvk2l7eho3","operationId":"4xt0v8hz5tu9azv"}
{"type":"log","timestamp":1708450462583,"level":"info","message":"Starting rendering request 10","meta":{"rootId":"azbxad6r1yniy3m","id":"azbxad6r1yniy3m"},"id":"7u15zrsd2sip274","previousOperationId":"4xt0v8hz5tu9azv"}
{"type":"log","timestamp":1708450462583,"level":"info","message":"Rendering template { name: TemplateList, recipe: chrome-pdf, engine: handlebars, preview: true }","meta":{"rootId":"azbxad6r1yniy3m","id":"azbxad6r1yniy3m"},"id":"38pvn84jrtez3l5","previousOperationId":"4xt0v8hz5tu9azv"}
{"type":"log","timestamp":1708450462583,"level":"debug","message":"Data item not defined for this template.","meta":{"rootId":"azbxad6r1yniy3m","id":"azbxad6r1yniy3m"},"id":"83jafen49byx4n8","previousOperationId":"4xt0v8hz5tu9azv"}
{"type":"log","timestamp":1708450462591,"level":"debug","message":"Executing script list-data (beforeRender)","meta":{"rootId":"azbxad6r1yniy3m","id":"azbxad6r1yniy3m"},"id":"u82gy2kfncnqdxc","previousOperationId":"4xt0v8hz5tu9azv"}
{"type":"operationStart","subtype":"scriptsBeforeRender","name":"scripts beforeRender","timestamp":1708450462606,"id":"cv8gptvasb5n6zf","previousEventId":"xywqhb7q3wo88s7","operationId":"if5v9j3ghc3frdv","previousOperationId":"4xt0v8hz5tu9azv"}
{"type":"operationStart","subtype":"script","name":"scripts list-data","previousOperationId":"if5v9j3ghc3frdv","timestamp":1708450462606,"id":"csa3v4j97ghl2o4","previousEventId":"cv8gptvasb5n6zf","operationId":"q5hs8c1xum124rn"}
{"type":"log","timestamp":1708450462608,"level":"debug","message":"(console:error) Error fetching lists: ReferenceError: fetch is not defined\n    at fetchlists (sandbox.js:2:22)\n    at Object.beforeRender (sandbox.js:13:32)\n    at executionFn (/home/miguel/workspace/tibuTicket/jsreports/node_modules/@jsreport/jsreport-scripts/lib/executeScript.js:67:35)\n    at sandbox.js:30:18\n    at async run (/home/miguel/workspace/tibuTicket/jsreports/node_modules/@jsreport/jsreport-core/lib/worker/sandbox/createSandbox.js:137:16)\n    at async WorkerReporter.runInSandbox [as _runInSandbox] (/home/miguel/workspace/tibuTicket/jsreports/node_modules/@jsreport/jsreport-core/lib/worker/sandbox/runInSandbox.js:195:14)\n    at async executeScript (/home/miguel/workspace/tibuTicket/jsreports/node_modules/@jsreport/jsreport-scripts/lib/executeScript.js:122:12)\n    at async Scripts._runScript (/home/miguel/workspace/tibuTicket/jsreports/node_modules/@jsreport/jsreport-scripts/lib/worker.js:140:30)\n    at async Scripts.handleBeforeRender (/home/miguel/workspace/tibuTicket/jsreports/node_modules/@jsreport/jsreport-scripts/lib/worker.js:64:7)\n    at async ListenerCollection.fire (/home/miguel/workspace/tibuTicket/jsreports/node_modules/@jsreport/jsreport-core/lib/shared/listenerCollection.js:157:21)","meta":{"userLevel":true,"rootId":"azbxad6r1yniy3m","id":"azbxad6r1yniy3m"},"id":"kygrgpf12bg24i6","previousOperationId":"q5hs8c1xum124rn"}
{"type":"operationEnd","operationId":"q5hs8c1xum124rn","timestamp":1708450462609,"id":"jbvjpgobiku763u","previousEventId":"xywqhb7q3wo88s7","previousOperationId":"4xt0v8hz5tu9azv"}
{"type":"operationEnd","operationId":"if5v9j3ghc3frdv","timestamp":1708450462609,"id":"9sfve4eg2e39rd6","previousEventId":"jbvjpgobiku763u","previousOperationId":"4xt0v8hz5tu9azv"}
{"type":"log","timestamp":1708450462609,"level":"debug","message":"Base url not specified, skipping its injection.","meta":{"rootId":"azbxad6r1yniy3m","id":"azbxad6r1yniy3m"},"id":"4m96c9rv6opn9yp","previousOperationId":"if5v9j3ghc3frdv"}
{"type":"operationStart","subtype":"engine","name":"handlebars","timestamp":1708450462610,"id":"cqioisj735i3pi2","previousEventId":"9sfve4eg2e39rd6","operationId":"iqiqonknqsa8ol3","previousOperationId":"if5v9j3ghc3frdv"}
{"type":"log","timestamp":1708450462610,"level":"debug","message":"Rendering engine handlebars","meta":{"rootId":"azbxad6r1yniy3m","id":"azbxad6r1yniy3m"},"id":"zxsuy8hz171fgk7","previousOperationId":"iqiqonknqsa8ol3"}
{"type":"operationEnd","operationId":"iqiqonknqsa8ol3","timestamp":1708450462811,"id":"0egdlbiuhv0av7s","previousEventId":"cqioisj735i3pi2","previousOperationId":"iqiqonknqsa8ol3"}
{"type":"operationStart","subtype":"recipe","name":"chrome-pdf","timestamp":1708450462811,"id":"lsrgj83tkwdyfhu","previousEventId":"0egdlbiuhv0av7s","operationId":"hivm6ju8p68iqvz","previousOperationId":"iqiqonknqsa8ol3"}
{"type":"log","timestamp":1708450462811,"level":"debug","message":"Executing recipe chrome-pdf","meta":{"rootId":"azbxad6r1yniy3m","id":"azbxad6r1yniy3m"},"id":"8wzw91gemw2okgc","previousOperationId":"hivm6ju8p68iqvz"}
{"type":"log","timestamp":1708450463101,"level":"debug","message":"Converting with chrome HeadlessChrome/117.0.5938.149 using chrome-pool strategy","meta":{"rootId":"azbxad6r1yniy3m","id":"azbxad6r1yniy3m"},"id":"9qt1vw14gz9ppg8","previousOperationId":"hivm6ju8p68iqvz"}
{"type":"log","timestamp":1708450463167,"level":"debug","message":"Page request: GET (document) file:///tmp/jsreport/autocleanup/aea8186e-39bc-4929-8029-03d9ddbc9705-chrome-pdf.html","meta":{"rootId":"azbxad6r1yniy3m","id":"azbxad6r1yniy3m"},"id":"onhwuy8sa9i7g5l","previousOperationId":"hivm6ju8p68iqvz"}
{"type":"log","timestamp":1708450463177,"level":"debug","message":"Page request: GET (stylesheet) https://cdn.jsdelivr.net/chartist.js/latest/chartist.min.css","meta":{"rootId":"azbxad6r1yniy3m","id":"azbxad6r1yniy3m"},"id":"pick6oeldmnahjw","previousOperationId":"hivm6ju8p68iqvz"}
{"type":"log","timestamp":1708450463177,"level":"debug","message":"Page request: GET (script) https://cdn.jsdelivr.net/chartist.js/latest/chartist.min.js","meta":{"rootId":"azbxad6r1yniy3m","id":"azbxad6r1yniy3m"},"id":"k02keio2k14efrx","previousOperationId":"hivm6ju8p68iqvz"}
{"type":"log","timestamp":1708450463178,"level":"debug","message":"Page request: GET (script) https://code.jquery.com/jquery-3.6.0.min.js","meta":{"rootId":"azbxad6r1yniy3m","id":"azbxad6r1yniy3m"},"id":"2owqny0eoxb3tnc","previousOperationId":"hivm6ju8p68iqvz"}
{"type":"log","timestamp":1708450463178,"level":"debug","message":"Page request finished: GET (document) 200 file:///tmp/jsreport/autocleanup/aea8186e-39bc-4929-8029-03d9ddbc9705-chrome-pdf.html","meta":{"rootId":"azbxad6r1yniy3m","id":"azbxad6r1yniy3m"},"id":"6uugi068jqhfgoj","previousOperationId":"hivm6ju8p68iqvz"}
{"type":"log","timestamp":1708450463359,"level":"debug","message":"Page request finished: GET (stylesheet) 200 https://cdn.jsdelivr.net/chartist.js/latest/chartist.min.css","meta":{"rootId":"azbxad6r1yniy3m","id":"azbxad6r1yniy3m"},"id":"d11m6yidd2ezabp","previousOperationId":"hivm6ju8p68iqvz"}
{"type":"log","timestamp":1708450463370,"level":"debug","message":"Page request finished: GET (script) 200 https://cdn.jsdelivr.net/chartist.js/latest/chartist.min.js","meta":{"rootId":"azbxad6r1yniy3m","id":"azbxad6r1yniy3m"},"id":"24rl8cp0g89ggbd","previousOperationId":"hivm6ju8p68iqvz"}
{"type":"log","timestamp":1708450463405,"level":"debug","message":"Page request finished: GET (script) 200 https://code.jquery.com/jquery-3.6.0.min.js","meta":{"rootId":"azbxad6r1yniy3m","id":"azbxad6r1yniy3m"},"id":"dmmiw1ouonjahov","previousOperationId":"hivm6ju8p68iqvz"}
{"type":"log","timestamp":1708450463413,"level":"debug","message":"(console:log) Lists: ","meta":{"userLevel":true,"rootId":"azbxad6r1yniy3m","id":"azbxad6r1yniy3m"},"id":"658mjsopyclue7z","previousOperationId":"hivm6ju8p68iqvz"}
{"type":"log","timestamp":1708450463418,"level":"debug","message":"Running chrome with params {\"printBackground\":true,\"timeout\":59586,\"margin\":{}}","meta":{"rootId":"azbxad6r1yniy3m","id":"azbxad6r1yniy3m"},"id":"9q91crpr21gokzj","previousOperationId":"hivm6ju8p68iqvz"}
{"type":"operationEnd","operationId":"hivm6ju8p68iqvz","timestamp":1708450463427,"id":"2778g2huws804a3","previousEventId":"lsrgj83tkwdyfhu","previousOperationId":"hivm6ju8p68iqvz"}
{"type":"log","timestamp":1708450463428,"level":"debug","message":"Skipping storing report.","meta":{"rootId":"azbxad6r1yniy3m","id":"azbxad6r1yniy3m"},"id":"hl7rp3nz1uxj6w9","previousOperationId":"hivm6ju8p68iqvz"}
{"type":"log","timestamp":1708450463428,"level":"info","message":"Rendering request 10 finished in 872 ms","meta":{"rootId":"azbxad6r1yniy3m","id":"azbxad6r1yniy3m"},"id":"9y3h1wgsboleqqm","previousOperationId":"hivm6ju8p68iqvz"}
{"type":"operationEnd","subtype":"render","operationId":"4xt0v8hz5tu9azv","timestamp":1708450463428,"id":"jsl4acqm16f6bru","previousEventId":"2778g2huws804a3","previousOperationId":"hivm6ju8p68iqvz"}
{"type":"operationEnd","doDiffs":false,"previousEventId":"ew0eulvk2l7eho3","previousOperationId":"jubfaqzmvr0lzsc","operationId":"jubfaqzmvr0lzsc","timestamp":1708450463433,"id":"7fvsdabordbmcnk"}
