{"type":"operationStart","subtype":"profile","data":{"_id":"J93j85lnSV0XpNZG","timestamp":"2024-02-20T19:20:18.544Z","state":"queued","mode":"standard","creationDate":"2024-02-20T19:20:18.545Z","modificationDate":"2024-02-20T19:20:18.545Z","shortid":"WrGff4n","$entitySet":"profiles"},"doDiffs":false,"timestamp":1708456818545,"id":"zdguncy7on8cyn0","previousOperationId":null,"operationId":"0nt6btf4tepoq77"}
{"type":"log","level":"info","message":"Render request 71 queued for execution and waiting for available worker","previousOperationId":"0nt6btf4tepoq77","timestamp":1708456818545,"id":"3pxrcxbyv9z0o3f"}
{"type":"operationStart","subtype":"render","name":"TemplateList","previousOperationId":"0nt6btf4tepoq77","timestamp":1708456818549,"id":"uelzkd0qmjo2xdk","previousEventId":"zdguncy7on8cyn0","operationId":"eymdmv0oftlbhz3"}
{"type":"log","timestamp":1708456818549,"level":"info","message":"Starting rendering request 71","meta":{"rootId":"b8icmpnnjno7goh","id":"b8icmpnnjno7goh"},"id":"nw8oh7cs4h1yzeb","previousOperationId":"eymdmv0oftlbhz3"}
{"type":"log","timestamp":1708456818549,"level":"info","message":"Rendering template { name: TemplateList, recipe: chrome-pdf, engine: handlebars, preview: true }","meta":{"rootId":"b8icmpnnjno7goh","id":"b8icmpnnjno7goh"},"id":"5j4iowo9k4unkyt","previousOperationId":"eymdmv0oftlbhz3"}
{"type":"log","timestamp":1708456818550,"level":"debug","message":"Data item not defined for this template.","meta":{"rootId":"b8icmpnnjno7goh","id":"b8icmpnnjno7goh"},"id":"m5sr8min561l0wt","previousOperationId":"eymdmv0oftlbhz3"}
{"type":"log","timestamp":1708456818551,"level":"debug","message":"Executing script list-data (beforeRender)","meta":{"rootId":"b8icmpnnjno7goh","id":"b8icmpnnjno7goh"},"id":"0vst8h98rpo6vi7","previousOperationId":"eymdmv0oftlbhz3"}
{"type":"operationStart","subtype":"scriptsBeforeRender","name":"scripts beforeRender","timestamp":1708456818554,"id":"4rnt87d5377j35b","previousEventId":"uelzkd0qmjo2xdk","operationId":"lcckk26twyd04ow","previousOperationId":"eymdmv0oftlbhz3"}
{"type":"operationStart","subtype":"script","name":"scripts list-data","previousOperationId":"lcckk26twyd04ow","timestamp":1708456818554,"id":"s8yldjc968latz5","previousEventId":"4rnt87d5377j35b","operationId":"jznndtqqvr2i3v0"}
{"type":"log","timestamp":1708456818571,"level":"debug","message":"(console:log) [\n  {\n    list_description: {\n      id: 2,\n      list_name: 'sarshisha',\n      list_current_number: 13,\n      list_limit_number: 0\n    },\n    list_image: {\n      url: 'http://localhost:4000/rails/active_storage/blobs/redirect/eyJfcmFpbHMiOnsiZGF0YSI6MywicHVyIjoiYmxvYl9pZCJ9fQ==--07183cfade35ce6ffe715f60749642919ec61f5d/charcuteria.png'\n    }\n  },\n  {\n    list_description: {\n      id: 3,\n      list_name: 'stjsjshtshn',\n      list_current_number: 4,\n      list_limit_number: 0\n    },\n    list_image: {\n      url: 'http://localhost:4000/rails/active_storage/blobs/redirect/eyJfcmFpbHMiOnsiZGF0YSI6NCwicHVyIjoiYmxvYl9pZCJ9fQ==--023aae65cb60b3f6c6d73a9c76e14c0b0df6ad86/dibujoadrian.jpg'\n    }\n  },\n  {\n    list_description: {\n      id: 1,\n      list_name: 'charcuteria',\n      list_current_number: 1,\n      list_limit_number: 0\n    },\n    list_image: {\n      url: 'http://localhost:4000/rails/active_storage/blobs/redirect/eyJfcmFpbHMiOnsiZGF0YSI6MiwicHVyIjoiYmxvYl9pZCJ9fQ==--ee6d56bf52163135b48a4ba2c22b11a93e94d3b3/charcuteria.png'\n    }\n  }\n]","meta":{"userLevel":true,"rootId":"b8icmpnnjno7goh","id":"b8icmpnnjno7goh"},"id":"x10k7k4kh07m4wx","previousOperationId":"jznndtqqvr2i3v0"}
{"type":"log","timestamp":1708456818579,"level":"debug","message":"(console:log) [\n  {\n    id: 1,\n    nickname: 'a',\n    is_admin: true,\n    suscriptor: null,\n    created_at: '2024-02-20T16:45:37.609Z',\n    updated_at: '2024-02-20T16:45:37.729Z',\n    email: 'a@a.a',\n    jti: '6a2b57ca-af4b-47a0-8285-477cffafa34b'\n  }\n]","meta":{"userLevel":true,"rootId":"b8icmpnnjno7goh","id":"b8icmpnnjno7goh"},"id":"9p4nzd6jqmi0mgq","previousOperationId":"jznndtqqvr2i3v0"}
{"type":"operationEnd","operationId":"jznndtqqvr2i3v0","timestamp":1708456818579,"id":"dbxw4wwcqib7cd2","previousEventId":"uelzkd0qmjo2xdk","previousOperationId":"eymdmv0oftlbhz3"}
{"type":"operationEnd","operationId":"lcckk26twyd04ow","timestamp":1708456818579,"id":"s6dncry5rbbe9fi","previousEventId":"dbxw4wwcqib7cd2","previousOperationId":"eymdmv0oftlbhz3"}
{"type":"log","timestamp":1708456818579,"level":"debug","message":"Base url not specified, skipping its injection.","meta":{"rootId":"b8icmpnnjno7goh","id":"b8icmpnnjno7goh"},"id":"grswbpext3kbgcl","previousOperationId":"lcckk26twyd04ow"}
{"type":"operationStart","subtype":"engine","name":"handlebars","timestamp":1708456818579,"id":"703mquyyx2gme7c","previousEventId":"s6dncry5rbbe9fi","operationId":"muyvvyckql8jaw3","previousOperationId":"lcckk26twyd04ow"}
{"type":"log","timestamp":1708456818579,"level":"debug","message":"Rendering engine handlebars","meta":{"rootId":"b8icmpnnjno7goh","id":"b8icmpnnjno7goh"},"id":"umlz0xbexfzb28y","previousOperationId":"muyvvyckql8jaw3"}
{"type":"operationEnd","operationId":"muyvvyckql8jaw3","timestamp":1708456818589,"id":"q2p0d5u93s2pdmg","previousEventId":"703mquyyx2gme7c","previousOperationId":"muyvvyckql8jaw3"}
{"type":"operationStart","subtype":"recipe","name":"chrome-pdf","timestamp":1708456818589,"id":"qcmn33yvhbmhpfe","previousEventId":"q2p0d5u93s2pdmg","operationId":"c9xqyqy9xpkk5yt","previousOperationId":"muyvvyckql8jaw3"}
{"type":"log","timestamp":1708456818589,"level":"debug","message":"Executing recipe chrome-pdf","meta":{"rootId":"b8icmpnnjno7goh","id":"b8icmpnnjno7goh"},"id":"6kp04oindn7dens","previousOperationId":"c9xqyqy9xpkk5yt"}
{"type":"log","timestamp":1708456818590,"level":"debug","message":"Converting with chrome HeadlessChrome/117.0.5938.149 using chrome-pool strategy","meta":{"rootId":"b8icmpnnjno7goh","id":"b8icmpnnjno7goh"},"id":"t2a2o13vn46s7mb","previousOperationId":"c9xqyqy9xpkk5yt"}
{"type":"log","timestamp":1708456818623,"level":"debug","message":"Page request: GET (document) file:///tmp/jsreport/autocleanup/90584b34-c807-4dd0-b65d-730bbde16c9a-chrome-pdf.html","meta":{"rootId":"b8icmpnnjno7goh","id":"b8icmpnnjno7goh"},"id":"9cdcticymwesdly","previousOperationId":"c9xqyqy9xpkk5yt"}
{"type":"log","timestamp":1708456818632,"level":"debug","message":"Page request: GET (stylesheet) https://cdn.jsdelivr.net/chartist.js/latest/chartist.min.css","meta":{"rootId":"b8icmpnnjno7goh","id":"b8icmpnnjno7goh"},"id":"dddt4wism1avzcg","previousOperationId":"c9xqyqy9xpkk5yt"}
{"type":"log","timestamp":1708456818632,"level":"debug","message":"Page request: GET (script) https://cdn.jsdelivr.net/chartist.js/latest/chartist.min.js","meta":{"rootId":"b8icmpnnjno7goh","id":"b8icmpnnjno7goh"},"id":"mhjcwnvq98cpi34","previousOperationId":"c9xqyqy9xpkk5yt"}
{"type":"log","timestamp":1708456818633,"level":"debug","message":"Page request finished: GET (document) 200 file:///tmp/jsreport/autocleanup/90584b34-c807-4dd0-b65d-730bbde16c9a-chrome-pdf.html","meta":{"rootId":"b8icmpnnjno7goh","id":"b8icmpnnjno7goh"},"id":"6wavxteizcewor4","previousOperationId":"c9xqyqy9xpkk5yt"}
{"type":"log","timestamp":1708456818637,"level":"debug","message":"Page request finished: GET (stylesheet) 200 https://cdn.jsdelivr.net/chartist.js/latest/chartist.min.css","meta":{"rootId":"b8icmpnnjno7goh","id":"b8icmpnnjno7goh"},"id":"5k2pj8pl6r4m2kk","previousOperationId":"c9xqyqy9xpkk5yt"}
{"type":"log","timestamp":1708456818638,"level":"debug","message":"Page request finished: GET (script) 200 https://cdn.jsdelivr.net/chartist.js/latest/chartist.min.js","meta":{"rootId":"b8icmpnnjno7goh","id":"b8icmpnnjno7goh"},"id":"swghxeozdsc1t9j","previousOperationId":"c9xqyqy9xpkk5yt"}
{"type":"log","timestamp":1708456818650,"level":"debug","message":"Running chrome with params {\"printBackground\":true,\"timeout\":59955,\"margin\":{}}","meta":{"rootId":"b8icmpnnjno7goh","id":"b8icmpnnjno7goh"},"id":"tws3dr3h0b6k387","previousOperationId":"c9xqyqy9xpkk5yt"}
{"type":"operationEnd","operationId":"c9xqyqy9xpkk5yt","timestamp":1708456818666,"id":"oxoa5crs98ij64a","previousEventId":"qcmn33yvhbmhpfe","previousOperationId":"c9xqyqy9xpkk5yt"}
{"type":"log","timestamp":1708456818666,"level":"debug","message":"Skipping storing report.","meta":{"rootId":"b8icmpnnjno7goh","id":"b8icmpnnjno7goh"},"id":"o2tpfzbr0qvw7j2","previousOperationId":"c9xqyqy9xpkk5yt"}
{"type":"log","timestamp":1708456818666,"level":"info","message":"Rendering request 71 finished in 122 ms","meta":{"rootId":"b8icmpnnjno7goh","id":"b8icmpnnjno7goh"},"id":"tr99pq0n4w5amv4","previousOperationId":"c9xqyqy9xpkk5yt"}
{"type":"operationEnd","subtype":"render","operationId":"eymdmv0oftlbhz3","timestamp":1708456818666,"id":"gj92hcyb8nyvbez","previousEventId":"oxoa5crs98ij64a","previousOperationId":"c9xqyqy9xpkk5yt"}
{"type":"operationEnd","doDiffs":false,"previousEventId":"zdguncy7on8cyn0","previousOperationId":"0nt6btf4tepoq77","operationId":"0nt6btf4tepoq77","timestamp":1708456818669,"id":"t9xkzd10i5muln5"}
