{"type":"operationStart","subtype":"profile","data":{"_id":"NjDFhi2UVUN5A3sN","timestamp":"2024-02-20T19:22:03.765Z","state":"queued","mode":"standard","creationDate":"2024-02-20T19:22:03.765Z","modificationDate":"2024-02-20T19:22:03.765Z","shortid":"wC4iqlN","$entitySet":"profiles"},"doDiffs":false,"timestamp":1708456923765,"id":"oseaabjq5gps2k3","previousOperationId":null,"operationId":"ho6m404szxu2ylt"}
{"type":"log","level":"info","message":"Render request 76 queued for execution and waiting for available worker","previousOperationId":"ho6m404szxu2ylt","timestamp":1708456923765,"id":"f14tdlvyo1fgjdl"}
{"type":"operationStart","subtype":"render","name":"TemplateList","previousOperationId":"ho6m404szxu2ylt","timestamp":1708456923769,"id":"r37v0v5m7s2t8k3","previousEventId":"oseaabjq5gps2k3","operationId":"5vmy3iiokx01tsf"}
{"type":"log","timestamp":1708456923769,"level":"info","message":"Starting rendering request 76","meta":{"rootId":"bc39lj2qji1mrbt","id":"bc39lj2qji1mrbt"},"id":"tlsqptsqglv3gid","previousOperationId":"5vmy3iiokx01tsf"}
{"type":"log","timestamp":1708456923770,"level":"info","message":"Rendering template { name: TemplateList, recipe: chrome-pdf, engine: handlebars, preview: true }","meta":{"rootId":"bc39lj2qji1mrbt","id":"bc39lj2qji1mrbt"},"id":"jaqo1objiupaid6","previousOperationId":"5vmy3iiokx01tsf"}
{"type":"log","timestamp":1708456923770,"level":"debug","message":"Data item not defined for this template.","meta":{"rootId":"bc39lj2qji1mrbt","id":"bc39lj2qji1mrbt"},"id":"fed4olgykgka34v","previousOperationId":"5vmy3iiokx01tsf"}
{"type":"log","timestamp":1708456923771,"level":"debug","message":"Executing script list-data (beforeRender)","meta":{"rootId":"bc39lj2qji1mrbt","id":"bc39lj2qji1mrbt"},"id":"a5pl9hc8qoh7ro0","previousOperationId":"5vmy3iiokx01tsf"}
{"type":"operationStart","subtype":"scriptsBeforeRender","name":"scripts beforeRender","timestamp":1708456923774,"id":"wj7xh3cds218jkp","previousEventId":"r37v0v5m7s2t8k3","operationId":"4jnrrsm28uuie03","previousOperationId":"5vmy3iiokx01tsf"}
{"type":"operationStart","subtype":"script","name":"scripts list-data","previousOperationId":"4jnrrsm28uuie03","timestamp":1708456923774,"id":"212p9vsesie7hoi","previousEventId":"wj7xh3cds218jkp","operationId":"byd7s83kubwkhyu"}
{"type":"log","timestamp":1708456923791,"level":"debug","message":"(console:log) [\n  {\n    list_description: {\n      id: 2,\n      list_name: 'sarshisha',\n      list_current_number: 13,\n      list_limit_number: 0\n    },\n    list_image: {\n      url: 'http://localhost:4000/rails/active_storage/blobs/redirect/eyJfcmFpbHMiOnsiZGF0YSI6MywicHVyIjoiYmxvYl9pZCJ9fQ==--07183cfade35ce6ffe715f60749642919ec61f5d/charcuteria.png'\n    }\n  },\n  {\n    list_description: {\n      id: 3,\n      list_name: 'stjsjshtshn',\n      list_current_number: 4,\n      list_limit_number: 0\n    },\n    list_image: {\n      url: 'http://localhost:4000/rails/active_storage/blobs/redirect/eyJfcmFpbHMiOnsiZGF0YSI6NCwicHVyIjoiYmxvYl9pZCJ9fQ==--023aae65cb60b3f6c6d73a9c76e14c0b0df6ad86/dibujoadrian.jpg'\n    }\n  },\n  {\n    list_description: {\n      id: 1,\n      list_name: 'charcuteria',\n      list_current_number: 1,\n      list_limit_number: 0\n    },\n    list_image: {\n      url: 'http://localhost:4000/rails/active_storage/blobs/redirect/eyJfcmFpbHMiOnsiZGF0YSI6MiwicHVyIjoiYmxvYl9pZCJ9fQ==--ee6d56bf52163135b48a4ba2c22b11a93e94d3b3/charcuteria.png'\n    }\n  }\n]","meta":{"userLevel":true,"rootId":"bc39lj2qji1mrbt","id":"bc39lj2qji1mrbt"},"id":"rmaz5qhifogvfvn","previousOperationId":"byd7s83kubwkhyu"}
{"type":"log","timestamp":1708456923797,"level":"debug","message":"(console:log) [\n  {\n    id: 1,\n    nickname: 'a',\n    is_admin: true,\n    suscriptor: null,\n    created_at: '2024-02-20T16:45:37.609Z',\n    updated_at: '2024-02-20T16:45:37.729Z',\n    email: 'a@a.a',\n    jti: '6a2b57ca-af4b-47a0-8285-477cffafa34b'\n  }\n]","meta":{"userLevel":true,"rootId":"bc39lj2qji1mrbt","id":"bc39lj2qji1mrbt"},"id":"wrz5csnix6ys4tk","previousOperationId":"byd7s83kubwkhyu"}
{"type":"operationEnd","operationId":"byd7s83kubwkhyu","timestamp":1708456923798,"id":"8ehzs7mwz8dbumg","previousEventId":"r37v0v5m7s2t8k3","previousOperationId":"5vmy3iiokx01tsf"}
{"type":"operationEnd","operationId":"4jnrrsm28uuie03","timestamp":1708456923798,"id":"uwn827i292bvb8y","previousEventId":"8ehzs7mwz8dbumg","previousOperationId":"5vmy3iiokx01tsf"}
{"type":"log","timestamp":1708456923798,"level":"debug","message":"Base url not specified, skipping its injection.","meta":{"rootId":"bc39lj2qji1mrbt","id":"bc39lj2qji1mrbt"},"id":"mnb1w9t6kncexn3","previousOperationId":"4jnrrsm28uuie03"}
{"type":"operationStart","subtype":"engine","name":"handlebars","timestamp":1708456923798,"id":"kgvmqbzys7oxsxx","previousEventId":"uwn827i292bvb8y","operationId":"tdxl7roumhkse1j","previousOperationId":"4jnrrsm28uuie03"}
{"type":"log","timestamp":1708456923798,"level":"debug","message":"Rendering engine handlebars","meta":{"rootId":"bc39lj2qji1mrbt","id":"bc39lj2qji1mrbt"},"id":"bywn5i9gu8sakba","previousOperationId":"tdxl7roumhkse1j"}
{"type":"operationEnd","operationId":"tdxl7roumhkse1j","timestamp":1708456923809,"id":"yt65lkr7to94y4r","previousEventId":"kgvmqbzys7oxsxx","previousOperationId":"tdxl7roumhkse1j"}
{"type":"operationStart","subtype":"recipe","name":"chrome-pdf","timestamp":1708456923809,"id":"irfvfkpzwezevo7","previousEventId":"yt65lkr7to94y4r","operationId":"qesg4xsjhridsof","previousOperationId":"tdxl7roumhkse1j"}
{"type":"log","timestamp":1708456923809,"level":"debug","message":"Executing recipe chrome-pdf","meta":{"rootId":"bc39lj2qji1mrbt","id":"bc39lj2qji1mrbt"},"id":"17fse73s8xxa2iz","previousOperationId":"qesg4xsjhridsof"}
{"type":"log","timestamp":1708456923810,"level":"debug","message":"Converting with chrome HeadlessChrome/117.0.5938.149 using chrome-pool strategy","meta":{"rootId":"bc39lj2qji1mrbt","id":"bc39lj2qji1mrbt"},"id":"nyisbgw37tcrwxp","previousOperationId":"qesg4xsjhridsof"}
{"type":"log","timestamp":1708456923842,"level":"debug","message":"Page request: GET (document) file:///tmp/jsreport/autocleanup/02afac69-4311-41f7-b542-fac854aad0fd-chrome-pdf.html","meta":{"rootId":"bc39lj2qji1mrbt","id":"bc39lj2qji1mrbt"},"id":"ra1hrt7vwhsvme5","previousOperationId":"qesg4xsjhridsof"}
{"type":"log","timestamp":1708456923850,"level":"debug","message":"Page request: GET (stylesheet) https://cdn.jsdelivr.net/chartist.js/latest/chartist.min.css","meta":{"rootId":"bc39lj2qji1mrbt","id":"bc39lj2qji1mrbt"},"id":"m3i4vx79d4vmz78","previousOperationId":"qesg4xsjhridsof"}
{"type":"log","timestamp":1708456923850,"level":"debug","message":"Page request: GET (script) https://cdn.jsdelivr.net/chartist.js/latest/chartist.min.js","meta":{"rootId":"bc39lj2qji1mrbt","id":"bc39lj2qji1mrbt"},"id":"pgeq17gj89eizvr","previousOperationId":"qesg4xsjhridsof"}
{"type":"log","timestamp":1708456923850,"level":"debug","message":"Page request finished: GET (document) 200 file:///tmp/jsreport/autocleanup/02afac69-4311-41f7-b542-fac854aad0fd-chrome-pdf.html","meta":{"rootId":"bc39lj2qji1mrbt","id":"bc39lj2qji1mrbt"},"id":"95jj9xplt655zof","previousOperationId":"qesg4xsjhridsof"}
{"type":"log","timestamp":1708456923852,"level":"debug","message":"Page request finished: GET (stylesheet) 200 https://cdn.jsdelivr.net/chartist.js/latest/chartist.min.css","meta":{"rootId":"bc39lj2qji1mrbt","id":"bc39lj2qji1mrbt"},"id":"4zmk5rz441tthwu","previousOperationId":"qesg4xsjhridsof"}
{"type":"log","timestamp":1708456923853,"level":"debug","message":"Page request finished: GET (script) 200 https://cdn.jsdelivr.net/chartist.js/latest/chartist.min.js","meta":{"rootId":"bc39lj2qji1mrbt","id":"bc39lj2qji1mrbt"},"id":"8x7ee8insh47xl7","previousOperationId":"qesg4xsjhridsof"}
{"type":"log","timestamp":1708456923863,"level":"debug","message":"Running chrome with params {\"printBackground\":true,\"timeout\":59954,\"margin\":{}}","meta":{"rootId":"bc39lj2qji1mrbt","id":"bc39lj2qji1mrbt"},"id":"2i9o9tg12w01vra","previousOperationId":"qesg4xsjhridsof"}
{"type":"operationEnd","operationId":"qesg4xsjhridsof","timestamp":1708456923884,"id":"cyfkq4keulhvccl","previousEventId":"irfvfkpzwezevo7","previousOperationId":"qesg4xsjhridsof"}
{"type":"log","timestamp":1708456923884,"level":"debug","message":"Skipping storing report.","meta":{"rootId":"bc39lj2qji1mrbt","id":"bc39lj2qji1mrbt"},"id":"zscogzh6bifs12i","previousOperationId":"qesg4xsjhridsof"}
{"type":"log","timestamp":1708456923884,"level":"info","message":"Rendering request 76 finished in 120 ms","meta":{"rootId":"bc39lj2qji1mrbt","id":"bc39lj2qji1mrbt"},"id":"700k3pe8ttn5wvd","previousOperationId":"qesg4xsjhridsof"}
{"type":"operationEnd","subtype":"render","operationId":"5vmy3iiokx01tsf","timestamp":1708456923884,"id":"1xwjmm119n0og09","previousEventId":"cyfkq4keulhvccl","previousOperationId":"qesg4xsjhridsof"}
{"type":"operationEnd","doDiffs":false,"previousEventId":"oseaabjq5gps2k3","previousOperationId":"ho6m404szxu2ylt","operationId":"ho6m404szxu2ylt","timestamp":1708456923887,"id":"g4w07jkpjjmc96s"}
