{"type":"operationStart","subtype":"profile","data":{"_id":"wENtjDkBpYZJDVNK","timestamp":"2024-02-20T18:21:14.985Z","state":"queued","mode":"standard","creationDate":"2024-02-20T18:21:14.986Z","modificationDate":"2024-02-20T18:21:14.986Z","shortid":"dDcDs_s","$entitySet":"profiles"},"doDiffs":false,"timestamp":1708453274985,"id":"va0foe3lzhk6a60","previousOperationId":null,"operationId":"5ecfhwy1lbxo35p"}
{"type":"log","level":"info","message":"Render request 20 queued for execution and waiting for available worker","previousOperationId":"5ecfhwy1lbxo35p","timestamp":1708453274986,"id":"cfcamx5iq13bt5i"}
{"type":"operationStart","subtype":"render","name":"TemplateList","previousOperationId":"5ecfhwy1lbxo35p","timestamp":1708453274991,"id":"stoe2uku5m8cbh6","previousEventId":"va0foe3lzhk6a60","operationId":"udbnrwnxk8y1yl5"}
{"type":"log","timestamp":1708453274991,"level":"info","message":"Starting rendering request 20","meta":{"rootId":"cnqt4q7d58hv716","id":"cnqt4q7d58hv716"},"id":"spdwiamdq9iw5rd","previousOperationId":"udbnrwnxk8y1yl5"}
{"type":"log","timestamp":1708453274991,"level":"info","message":"Rendering template { name: TemplateList, recipe: chrome-pdf, engine: handlebars, preview: true }","meta":{"rootId":"cnqt4q7d58hv716","id":"cnqt4q7d58hv716"},"id":"6fguz3gn5uxduyi","previousOperationId":"udbnrwnxk8y1yl5"}
{"type":"log","timestamp":1708453274992,"level":"debug","message":"Data item not defined for this template.","meta":{"rootId":"cnqt4q7d58hv716","id":"cnqt4q7d58hv716"},"id":"1teu0ugzxq16bc8","previousOperationId":"udbnrwnxk8y1yl5"}
{"type":"log","timestamp":1708453274993,"level":"debug","message":"Executing script list-data (beforeRender)","meta":{"rootId":"cnqt4q7d58hv716","id":"cnqt4q7d58hv716"},"id":"fg10470rdw6vw9p","previousOperationId":"udbnrwnxk8y1yl5"}
{"type":"operationStart","subtype":"scriptsBeforeRender","name":"scripts beforeRender","timestamp":1708453274997,"id":"y2lsidyoi5o5au7","previousEventId":"stoe2uku5m8cbh6","operationId":"gae5s4te96ekfa5","previousOperationId":"udbnrwnxk8y1yl5"}
{"type":"operationStart","subtype":"script","name":"scripts list-data","previousOperationId":"gae5s4te96ekfa5","timestamp":1708453274997,"id":"ndfrxz7iq5wq491","previousEventId":"y2lsidyoi5o5au7","operationId":"8ldc9eytnpaqg16"}
{"type":"log","timestamp":1708453275020,"level":"debug","message":"(console:log) [\n  {\n    list_description: {\n      id: 1,\n      list_name: 'charcuteria',\n      list_current_number: 0,\n      list_limit_number: 0\n    },\n    list_image: {\n      url: 'http://localhost:4000/rails/active_storage/blobs/redirect/eyJfcmFpbHMiOnsiZGF0YSI6MiwicHVyIjoiYmxvYl9pZCJ9fQ==--ee6d56bf52163135b48a4ba2c22b11a93e94d3b3/charcuteria.png'\n    }\n  },\n  {\n    list_description: {\n      id: 2,\n      list_name: 'sarshisha',\n      list_current_number: 0,\n      list_limit_number: 0\n    },\n    list_image: {\n      url: 'http://localhost:4000/rails/active_storage/blobs/redirect/eyJfcmFpbHMiOnsiZGF0YSI6MywicHVyIjoiYmxvYl9pZCJ9fQ==--07183cfade35ce6ffe715f60749642919ec61f5d/charcuteria.png'\n    }\n  },\n  {\n    list_description: {\n      id: 3,\n      list_name: 'stjsjshtshn',\n      list_current_number: 0,\n      list_limit_number: 0\n    },\n    list_image: {\n      url: 'http://localhost:4000/rails/active_storage/blobs/redirect/eyJfcmFpbHMiOnsiZGF0YSI6NCwicHVyIjoiYmxvYl9pZCJ9fQ==--023aae65cb60b3f6c6d73a9c76e14c0b0df6ad86/dibujoadrian.jpg'\n    }\n  }\n]","meta":{"userLevel":true,"rootId":"cnqt4q7d58hv716","id":"cnqt4q7d58hv716"},"id":"fiomdt0zamduhj4","previousOperationId":"8ldc9eytnpaqg16"}
{"type":"log","timestamp":1708453275029,"level":"debug","message":"(console:log) [\n  {\n    id: 1,\n    nickname: 'a',\n    is_admin: true,\n    suscriptor: null,\n    created_at: '2024-02-20T16:45:37.609Z',\n    updated_at: '2024-02-20T16:45:37.729Z',\n    email: 'a@a.a',\n    jti: '6a2b57ca-af4b-47a0-8285-477cffafa34b'\n  }\n]","meta":{"userLevel":true,"rootId":"cnqt4q7d58hv716","id":"cnqt4q7d58hv716"},"id":"pfda06l3dbwx41s","previousOperationId":"8ldc9eytnpaqg16"}
{"type":"operationEnd","operationId":"8ldc9eytnpaqg16","timestamp":1708453275029,"id":"7xim638lzupwz2u","previousEventId":"stoe2uku5m8cbh6","previousOperationId":"udbnrwnxk8y1yl5"}
{"type":"operationEnd","operationId":"gae5s4te96ekfa5","timestamp":1708453275029,"id":"kh5bweame1escqz","previousEventId":"7xim638lzupwz2u","previousOperationId":"udbnrwnxk8y1yl5"}
{"type":"log","timestamp":1708453275029,"level":"debug","message":"Base url not specified, skipping its injection.","meta":{"rootId":"cnqt4q7d58hv716","id":"cnqt4q7d58hv716"},"id":"enrm58njs0c3v73","previousOperationId":"gae5s4te96ekfa5"}
{"type":"operationStart","subtype":"engine","name":"handlebars","timestamp":1708453275030,"id":"saws6r4iopju1ph","previousEventId":"kh5bweame1escqz","operationId":"4ifg2iotwbg023f","previousOperationId":"gae5s4te96ekfa5"}
{"type":"log","timestamp":1708453275030,"level":"debug","message":"Rendering engine handlebars","meta":{"rootId":"cnqt4q7d58hv716","id":"cnqt4q7d58hv716"},"id":"l3shf2ckn9vx0uw","previousOperationId":"4ifg2iotwbg023f"}
{"type":"operationEnd","operationId":"4ifg2iotwbg023f","timestamp":1708453275043,"id":"hqbjxutbmhe5r1u","previousEventId":"saws6r4iopju1ph","previousOperationId":"4ifg2iotwbg023f"}
{"type":"operationStart","subtype":"recipe","name":"chrome-pdf","timestamp":1708453275043,"id":"9lvyzns100oo32d","previousEventId":"hqbjxutbmhe5r1u","operationId":"e83t75d190inh0e","previousOperationId":"4ifg2iotwbg023f"}
{"type":"log","timestamp":1708453275043,"level":"debug","message":"Executing recipe chrome-pdf","meta":{"rootId":"cnqt4q7d58hv716","id":"cnqt4q7d58hv716"},"id":"21hvsj3udvk46zi","previousOperationId":"e83t75d190inh0e"}
{"type":"log","timestamp":1708453275046,"level":"debug","message":"Converting with chrome HeadlessChrome/117.0.5938.149 using chrome-pool strategy","meta":{"rootId":"cnqt4q7d58hv716","id":"cnqt4q7d58hv716"},"id":"ou9938asm7bud20","previousOperationId":"e83t75d190inh0e"}
{"type":"log","timestamp":1708453275094,"level":"debug","message":"Page request: GET (document) file:///tmp/jsreport/autocleanup/46d3c042-7cbc-44fe-921c-0efbb897479f-chrome-pdf.html","meta":{"rootId":"cnqt4q7d58hv716","id":"cnqt4q7d58hv716"},"id":"kwikgfru5hkglfp","previousOperationId":"e83t75d190inh0e"}
{"type":"log","timestamp":1708453275103,"level":"debug","message":"Page request: GET (stylesheet) https://cdn.jsdelivr.net/chartist.js/latest/chartist.min.css","meta":{"rootId":"cnqt4q7d58hv716","id":"cnqt4q7d58hv716"},"id":"oz3ugzpp1cnxwoc","previousOperationId":"e83t75d190inh0e"}
{"type":"log","timestamp":1708453275103,"level":"debug","message":"Page request: GET (script) https://cdn.jsdelivr.net/chartist.js/latest/chartist.min.js","meta":{"rootId":"cnqt4q7d58hv716","id":"cnqt4q7d58hv716"},"id":"zcz9jspc0fi5int","previousOperationId":"e83t75d190inh0e"}
{"type":"log","timestamp":1708453275103,"level":"debug","message":"Page request: GET (script) https://code.jquery.com/jquery-3.6.0.min.js","meta":{"rootId":"cnqt4q7d58hv716","id":"cnqt4q7d58hv716"},"id":"fzba76yt66oel7x","previousOperationId":"e83t75d190inh0e"}
{"type":"log","timestamp":1708453275103,"level":"debug","message":"Page request finished: GET (document) 200 file:///tmp/jsreport/autocleanup/46d3c042-7cbc-44fe-921c-0efbb897479f-chrome-pdf.html","meta":{"rootId":"cnqt4q7d58hv716","id":"cnqt4q7d58hv716"},"id":"axa8nf4dw9548b8","previousOperationId":"e83t75d190inh0e"}
{"type":"log","timestamp":1708453275105,"level":"debug","message":"Page request finished: GET (stylesheet) 200 https://cdn.jsdelivr.net/chartist.js/latest/chartist.min.css","meta":{"rootId":"cnqt4q7d58hv716","id":"cnqt4q7d58hv716"},"id":"mcfo9730a95kp5u","previousOperationId":"e83t75d190inh0e"}
{"type":"log","timestamp":1708453275106,"level":"debug","message":"Page request finished: GET (script) 200 https://cdn.jsdelivr.net/chartist.js/latest/chartist.min.js","meta":{"rootId":"cnqt4q7d58hv716","id":"cnqt4q7d58hv716"},"id":"3fc36t9392ttnl8","previousOperationId":"e83t75d190inh0e"}
{"type":"log","timestamp":1708453275108,"level":"debug","message":"Page request finished: GET (script) 200 https://code.jquery.com/jquery-3.6.0.min.js","meta":{"rootId":"cnqt4q7d58hv716","id":"cnqt4q7d58hv716"},"id":"p5m0qo608ypb2k2","previousOperationId":"e83t75d190inh0e"}
{"type":"log","timestamp":1708453275112,"level":"warn","message":"Page error: Unexpected identifier 'Object' , stack: SyntaxError: Unexpected identifier 'Object'","meta":{"rootId":"cnqt4q7d58hv716","id":"cnqt4q7d58hv716"},"id":"055m4z86k1vmlvm","previousOperationId":"e83t75d190inh0e"}
{"type":"log","timestamp":1708453275117,"level":"debug","message":"Running chrome with params {\"printBackground\":true,\"timeout\":59940,\"margin\":{}}","meta":{"rootId":"cnqt4q7d58hv716","id":"cnqt4q7d58hv716"},"id":"yf7tce28zb0innw","previousOperationId":"e83t75d190inh0e"}
{"type":"operationEnd","operationId":"e83t75d190inh0e","timestamp":1708453275129,"id":"r88whm380w95qvi","previousEventId":"9lvyzns100oo32d","previousOperationId":"e83t75d190inh0e"}
{"type":"log","timestamp":1708453275129,"level":"debug","message":"Skipping storing report.","meta":{"rootId":"cnqt4q7d58hv716","id":"cnqt4q7d58hv716"},"id":"fw6yl3ufnkysfvx","previousOperationId":"e83t75d190inh0e"}
{"type":"log","timestamp":1708453275129,"level":"info","message":"Rendering request 20 finished in 144 ms","meta":{"rootId":"cnqt4q7d58hv716","id":"cnqt4q7d58hv716"},"id":"t8xl5lx8gwq4crj","previousOperationId":"e83t75d190inh0e"}
{"type":"operationEnd","subtype":"render","operationId":"udbnrwnxk8y1yl5","timestamp":1708453275129,"id":"0evqmenzp0gsu2q","previousEventId":"r88whm380w95qvi","previousOperationId":"e83t75d190inh0e"}
{"type":"operationEnd","doDiffs":false,"previousEventId":"va0foe3lzhk6a60","previousOperationId":"5ecfhwy1lbxo35p","operationId":"5ecfhwy1lbxo35p","timestamp":1708453275135,"id":"nfudq59r00rehlz"}
