{"type":"operationStart","subtype":"profile","data":{"_id":"fQcbfiViwXe23TQx","timestamp":"2024-02-20T17:51:54.470Z","state":"queued","mode":"standard","creationDate":"2024-02-20T17:51:54.472Z","modificationDate":"2024-02-20T17:51:54.472Z","shortid":"GpBiCkI","$entitySet":"profiles"},"doDiffs":false,"timestamp":1708451514471,"id":"9nv7fvw78z48j04","previousOperationId":null,"operationId":"lbtkk0zgzw3sl9w"}
{"type":"log","level":"info","message":"Render request 1 queued for execution and waiting for available worker","previousOperationId":"lbtkk0zgzw3sl9w","timestamp":1708451514471,"id":"dvrjhg04mj7sfvi"}
{"type":"operationStart","subtype":"render","name":"TemplateList","previousOperationId":"lbtkk0zgzw3sl9w","timestamp":1708451514495,"id":"ym8bezs5edpvqf2","previousEventId":"9nv7fvw78z48j04","operationId":"3xs25s50mfgjgey"}
{"type":"log","timestamp":1708451514496,"level":"info","message":"Starting rendering request 1","meta":{"rootId":"culgv20o3bcmil8","id":"culgv20o3bcmil8"},"id":"ihqnuufltetpcox","previousOperationId":"3xs25s50mfgjgey"}
{"type":"log","timestamp":1708451514497,"level":"info","message":"Rendering template { name: TemplateList, recipe: chrome-pdf, engine: handlebars, preview: true }","meta":{"rootId":"culgv20o3bcmil8","id":"culgv20o3bcmil8"},"id":"6x78ylgldr219ha","previousOperationId":"3xs25s50mfgjgey"}
{"type":"log","timestamp":1708451514498,"level":"debug","message":"Data item not defined for this template.","meta":{"rootId":"culgv20o3bcmil8","id":"culgv20o3bcmil8"},"id":"i70tt37lcwtqutf","previousOperationId":"3xs25s50mfgjgey"}
{"type":"log","timestamp":1708451514500,"level":"debug","message":"Executing script list-data (beforeRender)","meta":{"rootId":"culgv20o3bcmil8","id":"culgv20o3bcmil8"},"id":"irgz7cizegns56d","previousOperationId":"3xs25s50mfgjgey"}
{"type":"operationStart","subtype":"scriptsBeforeRender","name":"scripts beforeRender","timestamp":1708451514632,"id":"yfy7o77rxov4agg","previousEventId":"ym8bezs5edpvqf2","operationId":"pfb7enwljiixwtt","previousOperationId":"3xs25s50mfgjgey"}
{"type":"operationStart","subtype":"script","name":"scripts list-data","previousOperationId":"pfb7enwljiixwtt","timestamp":1708451514632,"id":"q399azor2qnnnap","previousEventId":"yfy7o77rxov4agg","operationId":"wm8sg1xo31dd93x"}
{"type":"log","timestamp":1708451514859,"level":"debug","message":"(console:log) [\n  {\n    list_description: {\n      id: 1,\n      list_name: 'charcuteria',\n      list_current_number: 0,\n      list_limit_number: 0\n    },\n    list_image: {\n      url: 'http://localhost:4000/rails/active_storage/blobs/redirect/eyJfcmFpbHMiOnsiZGF0YSI6MiwicHVyIjoiYmxvYl9pZCJ9fQ==--ee6d56bf52163135b48a4ba2c22b11a93e94d3b3/charcuteria.png'\n    }\n  },\n  {\n    list_description: {\n      id: 2,\n      list_name: 'sarshisha',\n      list_current_number: 0,\n      list_limit_number: 0\n    },\n    list_image: {\n      url: 'http://localhost:4000/rails/active_storage/blobs/redirect/eyJfcmFpbHMiOnsiZGF0YSI6MywicHVyIjoiYmxvYl9pZCJ9fQ==--07183cfade35ce6ffe715f60749642919ec61f5d/charcuteria.png'\n    }\n  },\n  {\n    list_description: {\n      id: 3,\n      list_name: 'stjsjshtshn',\n      list_current_number: 0,\n      list_limit_number: 0\n    },\n    list_image: {\n      url: 'http://localhost:4000/rails/active_storage/blobs/redirect/eyJfcmFpbHMiOnsiZGF0YSI6NCwicHVyIjoiYmxvYl9pZCJ9fQ==--023aae65cb60b3f6c6d73a9c76e14c0b0df6ad86/dibujoadrian.jpg'\n    }\n  }\n]","meta":{"userLevel":true,"rootId":"culgv20o3bcmil8","id":"culgv20o3bcmil8"},"id":"zorzm3lcsydr92s","previousOperationId":"wm8sg1xo31dd93x"}
{"type":"log","timestamp":1708451514859,"level":"debug","message":"(console:log) undefined","meta":{"userLevel":true,"rootId":"culgv20o3bcmil8","id":"culgv20o3bcmil8"},"id":"uvczss85lpjg0yc","previousOperationId":"wm8sg1xo31dd93x"}
{"type":"operationEnd","operationId":"wm8sg1xo31dd93x","timestamp":1708451514860,"id":"mh4ulou0j0a2fr0","previousEventId":"ym8bezs5edpvqf2","previousOperationId":"3xs25s50mfgjgey"}
{"type":"operationEnd","operationId":"pfb7enwljiixwtt","timestamp":1708451514860,"id":"tepj39ot2ssjvvb","previousEventId":"mh4ulou0j0a2fr0","previousOperationId":"3xs25s50mfgjgey"}
{"type":"log","timestamp":1708451514860,"level":"debug","message":"Base url not specified, skipping its injection.","meta":{"rootId":"culgv20o3bcmil8","id":"culgv20o3bcmil8"},"id":"36nlak2pz6nu045","previousOperationId":"pfb7enwljiixwtt"}
{"type":"operationStart","subtype":"engine","name":"handlebars","timestamp":1708451514861,"id":"xw3e4ur8dgoai1s","previousEventId":"tepj39ot2ssjvvb","operationId":"mj4j39nl6nii0ig","previousOperationId":"pfb7enwljiixwtt"}
{"type":"log","timestamp":1708451514861,"level":"debug","message":"Rendering engine handlebars","meta":{"rootId":"culgv20o3bcmil8","id":"culgv20o3bcmil8"},"id":"xirsxbeogoz0njd","previousOperationId":"mj4j39nl6nii0ig"}
{"type":"operationEnd","operationId":"mj4j39nl6nii0ig","timestamp":1708451515038,"id":"mynldfuzpworlye","previousEventId":"xw3e4ur8dgoai1s","previousOperationId":"mj4j39nl6nii0ig"}
{"type":"operationStart","subtype":"recipe","name":"chrome-pdf","timestamp":1708451515038,"id":"jlazlzgsgki581z","previousEventId":"mynldfuzpworlye","operationId":"7cpe56ukqz524cb","previousOperationId":"mj4j39nl6nii0ig"}
{"type":"log","timestamp":1708451515038,"level":"debug","message":"Executing recipe chrome-pdf","meta":{"rootId":"culgv20o3bcmil8","id":"culgv20o3bcmil8"},"id":"9pzujrj8tn0uhx2","previousOperationId":"7cpe56ukqz524cb"}
{"type":"log","timestamp":1708451515359,"level":"debug","message":"Converting with chrome HeadlessChrome/117.0.5938.149 using chrome-pool strategy","meta":{"rootId":"culgv20o3bcmil8","id":"culgv20o3bcmil8"},"id":"eumx8jmlkefradk","previousOperationId":"7cpe56ukqz524cb"}
{"type":"log","timestamp":1708451515414,"level":"debug","message":"Page request: GET (document) file:///tmp/jsreport/autocleanup/16133841-dc34-490a-8b6d-9fa652a8dc7a-chrome-pdf.html","meta":{"rootId":"culgv20o3bcmil8","id":"culgv20o3bcmil8"},"id":"e9s40cwzxn97bfe","previousOperationId":"7cpe56ukqz524cb"}
{"type":"log","timestamp":1708451515422,"level":"debug","message":"Page request: GET (stylesheet) https://cdn.jsdelivr.net/chartist.js/latest/chartist.min.css","meta":{"rootId":"culgv20o3bcmil8","id":"culgv20o3bcmil8"},"id":"qifoecjmz66ld0r","previousOperationId":"7cpe56ukqz524cb"}
{"type":"log","timestamp":1708451515422,"level":"debug","message":"Page request: GET (script) https://cdn.jsdelivr.net/chartist.js/latest/chartist.min.js","meta":{"rootId":"culgv20o3bcmil8","id":"culgv20o3bcmil8"},"id":"t6eudsjgh2hu308","previousOperationId":"7cpe56ukqz524cb"}
{"type":"log","timestamp":1708451515422,"level":"debug","message":"Page request: GET (script) https://code.jquery.com/jquery-3.6.0.min.js","meta":{"rootId":"culgv20o3bcmil8","id":"culgv20o3bcmil8"},"id":"jf84234czztpdf3","previousOperationId":"7cpe56ukqz524cb"}
{"type":"log","timestamp":1708451515423,"level":"debug","message":"Page request finished: GET (document) 200 file:///tmp/jsreport/autocleanup/16133841-dc34-490a-8b6d-9fa652a8dc7a-chrome-pdf.html","meta":{"rootId":"culgv20o3bcmil8","id":"culgv20o3bcmil8"},"id":"t3ygsunaral9j8c","previousOperationId":"7cpe56ukqz524cb"}
{"type":"log","timestamp":1708451515606,"level":"debug","message":"Page request finished: GET (stylesheet) 200 https://cdn.jsdelivr.net/chartist.js/latest/chartist.min.css","meta":{"rootId":"culgv20o3bcmil8","id":"culgv20o3bcmil8"},"id":"22390apt72ia2xo","previousOperationId":"7cpe56ukqz524cb"}
{"type":"log","timestamp":1708451515606,"level":"debug","message":"Page request finished: GET (script) 200 https://cdn.jsdelivr.net/chartist.js/latest/chartist.min.js","meta":{"rootId":"culgv20o3bcmil8","id":"culgv20o3bcmil8"},"id":"w9kribe5dshs6ds","previousOperationId":"7cpe56ukqz524cb"}
{"type":"log","timestamp":1708451515617,"level":"debug","message":"Page request finished: GET (script) 200 https://code.jquery.com/jquery-3.6.0.min.js","meta":{"rootId":"culgv20o3bcmil8","id":"culgv20o3bcmil8"},"id":"v8humlhg15rag2y","previousOperationId":"7cpe56ukqz524cb"}
{"type":"log","timestamp":1708451515624,"level":"warn","message":"Page error: Unexpected identifier 'Object' , stack: SyntaxError: Unexpected identifier 'Object'","meta":{"rootId":"culgv20o3bcmil8","id":"culgv20o3bcmil8"},"id":"tkiev0s928mue67","previousOperationId":"7cpe56ukqz524cb"}
{"type":"log","timestamp":1708451515633,"level":"debug","message":"Running chrome with params {\"printBackground\":true,\"timeout\":59271,\"margin\":{}}","meta":{"rootId":"culgv20o3bcmil8","id":"culgv20o3bcmil8"},"id":"lf9z4zgom5dr2y8","previousOperationId":"7cpe56ukqz524cb"}
{"type":"operationEnd","operationId":"7cpe56ukqz524cb","timestamp":1708451515647,"id":"gla44e9av8ogt6m","previousEventId":"jlazlzgsgki581z","previousOperationId":"7cpe56ukqz524cb"}
{"type":"log","timestamp":1708451515648,"level":"debug","message":"Skipping storing report.","meta":{"rootId":"culgv20o3bcmil8","id":"culgv20o3bcmil8"},"id":"vdq2fzuay1mnkdl","previousOperationId":"7cpe56ukqz524cb"}
{"type":"log","timestamp":1708451515648,"level":"info","message":"Rendering request 1 finished in 1179 ms","meta":{"rootId":"culgv20o3bcmil8","id":"culgv20o3bcmil8"},"id":"t7e0qapl76anazl","previousOperationId":"7cpe56ukqz524cb"}
{"type":"operationEnd","subtype":"render","operationId":"3xs25s50mfgjgey","timestamp":1708451515648,"id":"0ud5b2op1hzn1d4","previousEventId":"gla44e9av8ogt6m","previousOperationId":"7cpe56ukqz524cb"}
{"type":"operationEnd","doDiffs":false,"previousEventId":"9nv7fvw78z48j04","previousOperationId":"lbtkk0zgzw3sl9w","operationId":"lbtkk0zgzw3sl9w","timestamp":1708451515655,"id":"2pb8n5omgysz0rp"}
