{"type":"operationStart","subtype":"profile","data":{"_id":"fabzGi7pbtS3wWM3","timestamp":"2024-02-20T18:03:17.995Z","state":"queued","mode":"standard","creationDate":"2024-02-20T18:03:17.997Z","modificationDate":"2024-02-20T18:03:17.997Z","shortid":"B1jev2j","$entitySet":"profiles"},"doDiffs":false,"timestamp":1708452197996,"id":"ijsd287a9qegv4k","previousOperationId":null,"operationId":"sdl0qqph3fca2ji"}
{"type":"log","level":"info","message":"Render request 2 queued for execution and waiting for available worker","previousOperationId":"sdl0qqph3fca2ji","timestamp":1708452197996,"id":"femu796g8effur2"}
{"type":"operationStart","subtype":"render","name":"TemplateList","previousOperationId":"sdl0qqph3fca2ji","timestamp":1708452198003,"id":"6oq0eklkl9j4xgf","previousEventId":"ijsd287a9qegv4k","operationId":"q3n5njlfjdldw64"}
{"type":"log","timestamp":1708452198004,"level":"info","message":"Starting rendering request 2","meta":{"rootId":"cwk5oatlrlqzf2e","id":"cwk5oatlrlqzf2e"},"id":"n2o82ks2mv8kyxw","previousOperationId":"q3n5njlfjdldw64"}
{"type":"log","timestamp":1708452198005,"level":"info","message":"Rendering template { name: TemplateList, recipe: chrome-pdf, engine: handlebars, preview: true }","meta":{"rootId":"cwk5oatlrlqzf2e","id":"cwk5oatlrlqzf2e"},"id":"8rnu9cwk5y9a61t","previousOperationId":"q3n5njlfjdldw64"}
{"type":"log","timestamp":1708452198006,"level":"debug","message":"Data item not defined for this template.","meta":{"rootId":"cwk5oatlrlqzf2e","id":"cwk5oatlrlqzf2e"},"id":"s5a4iyqkbze907q","previousOperationId":"q3n5njlfjdldw64"}
{"type":"log","timestamp":1708452198007,"level":"debug","message":"Executing script list-data (beforeRender)","meta":{"rootId":"cwk5oatlrlqzf2e","id":"cwk5oatlrlqzf2e"},"id":"qgptgzgp2bk41tx","previousOperationId":"q3n5njlfjdldw64"}
{"type":"operationStart","subtype":"scriptsBeforeRender","name":"scripts beforeRender","timestamp":1708452198150,"id":"m5l8vldbltwajt2","previousEventId":"6oq0eklkl9j4xgf","operationId":"swtwvuxmjxf8ft4","previousOperationId":"q3n5njlfjdldw64"}
{"type":"operationStart","subtype":"script","name":"scripts list-data","previousOperationId":"swtwvuxmjxf8ft4","timestamp":1708452198150,"id":"mqblgj9z7w01to1","previousEventId":"m5l8vldbltwajt2","operationId":"z81q3tcn23u7q9n"}
{"type":"log","timestamp":1708452198190,"level":"debug","message":"(console:log) [\n  {\n    list_description: {\n      id: 1,\n      list_name: 'charcuteria',\n      list_current_number: 0,\n      list_limit_number: 0\n    },\n    list_image: {\n      url: 'http://localhost:4000/rails/active_storage/blobs/redirect/eyJfcmFpbHMiOnsiZGF0YSI6MiwicHVyIjoiYmxvYl9pZCJ9fQ==--ee6d56bf52163135b48a4ba2c22b11a93e94d3b3/charcuteria.png'\n    }\n  },\n  {\n    list_description: {\n      id: 2,\n      list_name: 'sarshisha',\n      list_current_number: 0,\n      list_limit_number: 0\n    },\n    list_image: {\n      url: 'http://localhost:4000/rails/active_storage/blobs/redirect/eyJfcmFpbHMiOnsiZGF0YSI6MywicHVyIjoiYmxvYl9pZCJ9fQ==--07183cfade35ce6ffe715f60749642919ec61f5d/charcuteria.png'\n    }\n  },\n  {\n    list_description: {\n      id: 3,\n      list_name: 'stjsjshtshn',\n      list_current_number: 0,\n      list_limit_number: 0\n    },\n    list_image: {\n      url: 'http://localhost:4000/rails/active_storage/blobs/redirect/eyJfcmFpbHMiOnsiZGF0YSI6NCwicHVyIjoiYmxvYl9pZCJ9fQ==--023aae65cb60b3f6c6d73a9c76e14c0b0df6ad86/dibujoadrian.jpg'\n    }\n  }\n]","meta":{"userLevel":true,"rootId":"cwk5oatlrlqzf2e","id":"cwk5oatlrlqzf2e"},"id":"qe6o4lm4eljolet","previousOperationId":"z81q3tcn23u7q9n"}
{"type":"log","timestamp":1708452198190,"level":"debug","message":"(console:log) undefined","meta":{"userLevel":true,"rootId":"cwk5oatlrlqzf2e","id":"cwk5oatlrlqzf2e"},"id":"6j9frgu3e3nt8qx","previousOperationId":"z81q3tcn23u7q9n"}
{"type":"operationEnd","operationId":"z81q3tcn23u7q9n","timestamp":1708452198191,"id":"8mrnt6ush3r8721","previousEventId":"6oq0eklkl9j4xgf","previousOperationId":"q3n5njlfjdldw64"}
{"type":"operationEnd","operationId":"swtwvuxmjxf8ft4","timestamp":1708452198191,"id":"nek651owntuyfsi","previousEventId":"8mrnt6ush3r8721","previousOperationId":"q3n5njlfjdldw64"}
{"type":"log","timestamp":1708452198191,"level":"debug","message":"Base url not specified, skipping its injection.","meta":{"rootId":"cwk5oatlrlqzf2e","id":"cwk5oatlrlqzf2e"},"id":"xswfkvqvl7u2lrz","previousOperationId":"swtwvuxmjxf8ft4"}
{"type":"operationStart","subtype":"engine","name":"handlebars","timestamp":1708452198192,"id":"mgwcggttngs2yv0","previousEventId":"nek651owntuyfsi","operationId":"tuu7j9umenl165h","previousOperationId":"swtwvuxmjxf8ft4"}
{"type":"log","timestamp":1708452198192,"level":"debug","message":"Rendering engine handlebars","meta":{"rootId":"cwk5oatlrlqzf2e","id":"cwk5oatlrlqzf2e"},"id":"yso59lf45fdmrlt","previousOperationId":"tuu7j9umenl165h"}
{"type":"operationEnd","operationId":"tuu7j9umenl165h","timestamp":1708452198384,"id":"l7oyf7wda0w4jiw","previousEventId":"mgwcggttngs2yv0","previousOperationId":"tuu7j9umenl165h"}
{"type":"operationStart","subtype":"recipe","name":"chrome-pdf","timestamp":1708452198384,"id":"4unndn2hj0x9wmz","previousEventId":"l7oyf7wda0w4jiw","operationId":"5ihrhpgo50jrh5w","previousOperationId":"tuu7j9umenl165h"}
{"type":"log","timestamp":1708452198384,"level":"debug","message":"Executing recipe chrome-pdf","meta":{"rootId":"cwk5oatlrlqzf2e","id":"cwk5oatlrlqzf2e"},"id":"d730im84p8cz5co","previousOperationId":"5ihrhpgo50jrh5w"}
{"type":"log","timestamp":1708452198691,"level":"debug","message":"Converting with chrome HeadlessChrome/117.0.5938.149 using chrome-pool strategy","meta":{"rootId":"cwk5oatlrlqzf2e","id":"cwk5oatlrlqzf2e"},"id":"tdjy04jy0srqeca","previousOperationId":"5ihrhpgo50jrh5w"}
{"type":"log","timestamp":1708452198747,"level":"debug","message":"Page request: GET (document) file:///tmp/jsreport/autocleanup/72bb8d6e-aa3e-462a-a0bb-173fe9bffa93-chrome-pdf.html","meta":{"rootId":"cwk5oatlrlqzf2e","id":"cwk5oatlrlqzf2e"},"id":"nr0jyen74wqm4oy","previousOperationId":"5ihrhpgo50jrh5w"}
{"type":"log","timestamp":1708452198758,"level":"debug","message":"Page request: GET (stylesheet) https://cdn.jsdelivr.net/chartist.js/latest/chartist.min.css","meta":{"rootId":"cwk5oatlrlqzf2e","id":"cwk5oatlrlqzf2e"},"id":"vjl82pdb45vh38p","previousOperationId":"5ihrhpgo50jrh5w"}
{"type":"log","timestamp":1708452198759,"level":"debug","message":"Page request: GET (script) https://cdn.jsdelivr.net/chartist.js/latest/chartist.min.js","meta":{"rootId":"cwk5oatlrlqzf2e","id":"cwk5oatlrlqzf2e"},"id":"7695g9tlbq9ikmd","previousOperationId":"5ihrhpgo50jrh5w"}
{"type":"log","timestamp":1708452198759,"level":"debug","message":"Page request: GET (script) https://code.jquery.com/jquery-3.6.0.min.js","meta":{"rootId":"cwk5oatlrlqzf2e","id":"cwk5oatlrlqzf2e"},"id":"i6pbvmodisvezmb","previousOperationId":"5ihrhpgo50jrh5w"}
{"type":"log","timestamp":1708452198760,"level":"debug","message":"Page request finished: GET (document) 200 file:///tmp/jsreport/autocleanup/72bb8d6e-aa3e-462a-a0bb-173fe9bffa93-chrome-pdf.html","meta":{"rootId":"cwk5oatlrlqzf2e","id":"cwk5oatlrlqzf2e"},"id":"ln56gguh64uspfd","previousOperationId":"5ihrhpgo50jrh5w"}
{"type":"log","timestamp":1708452198942,"level":"debug","message":"Page request finished: GET (stylesheet) 200 https://cdn.jsdelivr.net/chartist.js/latest/chartist.min.css","meta":{"rootId":"cwk5oatlrlqzf2e","id":"cwk5oatlrlqzf2e"},"id":"66x1vjok8nfjpdf","previousOperationId":"5ihrhpgo50jrh5w"}
{"type":"log","timestamp":1708452198945,"level":"debug","message":"Page request finished: GET (script) 200 https://cdn.jsdelivr.net/chartist.js/latest/chartist.min.js","meta":{"rootId":"cwk5oatlrlqzf2e","id":"cwk5oatlrlqzf2e"},"id":"nf0phe7e8awk2m0","previousOperationId":"5ihrhpgo50jrh5w"}
{"type":"log","timestamp":1708452198968,"level":"debug","message":"Page request finished: GET (script) 200 https://code.jquery.com/jquery-3.6.0.min.js","meta":{"rootId":"cwk5oatlrlqzf2e","id":"cwk5oatlrlqzf2e"},"id":"jzbga7iea4vgu54","previousOperationId":"5ihrhpgo50jrh5w"}
{"type":"log","timestamp":1708452198976,"level":"warn","message":"Page error: Unexpected identifier 'Object' , stack: SyntaxError: Unexpected identifier 'Object'","meta":{"rootId":"cwk5oatlrlqzf2e","id":"cwk5oatlrlqzf2e"},"id":"u0dqsnxx0n0fl77","previousOperationId":"5ihrhpgo50jrh5w"}
{"type":"log","timestamp":1708452198983,"level":"debug","message":"Running chrome with params {\"printBackground\":true,\"timeout\":59463,\"margin\":{}}","meta":{"rootId":"cwk5oatlrlqzf2e","id":"cwk5oatlrlqzf2e"},"id":"xhrdzs1dpbsh3l9","previousOperationId":"5ihrhpgo50jrh5w"}
{"type":"operationEnd","operationId":"5ihrhpgo50jrh5w","timestamp":1708452198995,"id":"7iq9v6w3i5elmyi","previousEventId":"4unndn2hj0x9wmz","previousOperationId":"5ihrhpgo50jrh5w"}
{"type":"log","timestamp":1708452198996,"level":"debug","message":"Skipping storing report.","meta":{"rootId":"cwk5oatlrlqzf2e","id":"cwk5oatlrlqzf2e"},"id":"oygv5gyodxr8gqt","previousOperationId":"5ihrhpgo50jrh5w"}
{"type":"log","timestamp":1708452198996,"level":"info","message":"Rendering request 2 finished in 1001 ms","meta":{"rootId":"cwk5oatlrlqzf2e","id":"cwk5oatlrlqzf2e"},"id":"ain61qftl04xvnq","previousOperationId":"5ihrhpgo50jrh5w"}
{"type":"operationEnd","subtype":"render","operationId":"q3n5njlfjdldw64","timestamp":1708452198996,"id":"3tlvqjaadwt67n2","previousEventId":"7iq9v6w3i5elmyi","previousOperationId":"5ihrhpgo50jrh5w"}
{"type":"operationEnd","doDiffs":false,"previousEventId":"ijsd287a9qegv4k","previousOperationId":"sdl0qqph3fca2ji","operationId":"sdl0qqph3fca2ji","timestamp":1708452199003,"id":"sku7q1829p6rpt2"}
