{"type":"operationStart","subtype":"profile","data":{"_id":"crXvx36WQYONvR2b","timestamp":"2024-02-20T18:15:07.564Z","state":"queued","mode":"standard","creationDate":"2024-02-20T18:15:07.565Z","modificationDate":"2024-02-20T18:15:07.565Z","shortid":"VwOhCcG","$entitySet":"profiles"},"doDiffs":false,"timestamp":1708452907565,"id":"nfl4lg8zlvbdk8n","previousOperationId":null,"operationId":"sqcjnhwwsdmcit3"}
{"type":"log","level":"info","message":"Render request 16 queued for execution and waiting for available worker","previousOperationId":"sqcjnhwwsdmcit3","timestamp":1708452907565,"id":"dj07bwmewmlmvrd"}
{"type":"operationStart","subtype":"render","name":"TemplateList","previousOperationId":"sqcjnhwwsdmcit3","timestamp":1708452907569,"id":"lzybsu1n34gk924","previousEventId":"nfl4lg8zlvbdk8n","operationId":"91u7klukichtw7b"}
{"type":"log","timestamp":1708452907569,"level":"info","message":"Starting rendering request 16","meta":{"rootId":"d94g77cd4xzjev5","id":"d94g77cd4xzjev5"},"id":"wwf5bw1vcy6jj7v","previousOperationId":"91u7klukichtw7b"}
{"type":"log","timestamp":1708452907569,"level":"info","message":"Rendering template { name: TemplateList, recipe: chrome-pdf, engine: handlebars, preview: true }","meta":{"rootId":"d94g77cd4xzjev5","id":"d94g77cd4xzjev5"},"id":"z9dwi4oghknfl5p","previousOperationId":"91u7klukichtw7b"}
{"type":"log","timestamp":1708452907570,"level":"debug","message":"Data item not defined for this template.","meta":{"rootId":"d94g77cd4xzjev5","id":"d94g77cd4xzjev5"},"id":"3hzbw2yr0ope33a","previousOperationId":"91u7klukichtw7b"}
{"type":"log","timestamp":1708452907571,"level":"debug","message":"Executing script list-data (beforeRender)","meta":{"rootId":"d94g77cd4xzjev5","id":"d94g77cd4xzjev5"},"id":"vgyrpa62y2mcu5n","previousOperationId":"91u7klukichtw7b"}
{"type":"operationStart","subtype":"scriptsBeforeRender","name":"scripts beforeRender","timestamp":1708452907575,"id":"dfx0a114yum0qph","previousEventId":"lzybsu1n34gk924","operationId":"6lkqcmexdxg1vmh","previousOperationId":"91u7klukichtw7b"}
{"type":"operationStart","subtype":"script","name":"scripts list-data","previousOperationId":"6lkqcmexdxg1vmh","timestamp":1708452907575,"id":"aurhqol3jin142o","previousEventId":"dfx0a114yum0qph","operationId":"3eidgk6cgnqr9ps"}
{"type":"log","timestamp":1708452907599,"level":"debug","message":"(console:log) [\n  {\n    list_description: {\n      id: 1,\n      list_name: 'charcuteria',\n      list_current_number: 0,\n      list_limit_number: 0\n    },\n    list_image: {\n      url: 'http://localhost:4000/rails/active_storage/blobs/redirect/eyJfcmFpbHMiOnsiZGF0YSI6MiwicHVyIjoiYmxvYl9pZCJ9fQ==--ee6d56bf52163135b48a4ba2c22b11a93e94d3b3/charcuteria.png'\n    }\n  },\n  {\n    list_description: {\n      id: 2,\n      list_name: 'sarshisha',\n      list_current_number: 0,\n      list_limit_number: 0\n    },\n    list_image: {\n      url: 'http://localhost:4000/rails/active_storage/blobs/redirect/eyJfcmFpbHMiOnsiZGF0YSI6MywicHVyIjoiYmxvYl9pZCJ9fQ==--07183cfade35ce6ffe715f60749642919ec61f5d/charcuteria.png'\n    }\n  },\n  {\n    list_description: {\n      id: 3,\n      list_name: 'stjsjshtshn',\n      list_current_number: 0,\n      list_limit_number: 0\n    },\n    list_image: {\n      url: 'http://localhost:4000/rails/active_storage/blobs/redirect/eyJfcmFpbHMiOnsiZGF0YSI6NCwicHVyIjoiYmxvYl9pZCJ9fQ==--023aae65cb60b3f6c6d73a9c76e14c0b0df6ad86/dibujoadrian.jpg'\n    }\n  }\n]","meta":{"userLevel":true,"rootId":"d94g77cd4xzjev5","id":"d94g77cd4xzjev5"},"id":"4cezsis92sptqxg","previousOperationId":"3eidgk6cgnqr9ps"}
{"type":"log","timestamp":1708452907608,"level":"debug","message":"(console:log) [\n  {\n    id: 1,\n    nickname: 'a',\n    is_admin: true,\n    suscriptor: null,\n    created_at: '2024-02-20T16:45:37.609Z',\n    updated_at: '2024-02-20T16:45:37.729Z',\n    email: 'a@a.a',\n    jti: '6a2b57ca-af4b-47a0-8285-477cffafa34b'\n  }\n]","meta":{"userLevel":true,"rootId":"d94g77cd4xzjev5","id":"d94g77cd4xzjev5"},"id":"wurqag3prs0hg0e","previousOperationId":"3eidgk6cgnqr9ps"}
{"type":"operationEnd","operationId":"3eidgk6cgnqr9ps","timestamp":1708452907608,"id":"2st7oqczxotxe5n","previousEventId":"lzybsu1n34gk924","previousOperationId":"91u7klukichtw7b"}
{"type":"operationEnd","operationId":"6lkqcmexdxg1vmh","timestamp":1708452907608,"id":"48j8x2bw9udujpb","previousEventId":"2st7oqczxotxe5n","previousOperationId":"91u7klukichtw7b"}
{"type":"log","timestamp":1708452907608,"level":"debug","message":"Base url not specified, skipping its injection.","meta":{"rootId":"d94g77cd4xzjev5","id":"d94g77cd4xzjev5"},"id":"xixxcf7gqgf4j5l","previousOperationId":"6lkqcmexdxg1vmh"}
{"type":"operationStart","subtype":"engine","name":"handlebars","timestamp":1708452907608,"id":"izzyxckuucvsimm","previousEventId":"48j8x2bw9udujpb","operationId":"e66s4zs41i65euj","previousOperationId":"6lkqcmexdxg1vmh"}
{"type":"log","timestamp":1708452907608,"level":"debug","message":"Rendering engine handlebars","meta":{"rootId":"d94g77cd4xzjev5","id":"d94g77cd4xzjev5"},"id":"i33356g9rgs9uvm","previousOperationId":"e66s4zs41i65euj"}
{"type":"operationEnd","operationId":"e66s4zs41i65euj","timestamp":1708452907620,"id":"1jgac9d0avkecb1","previousEventId":"izzyxckuucvsimm","previousOperationId":"e66s4zs41i65euj"}
{"type":"operationStart","subtype":"recipe","name":"chrome-pdf","timestamp":1708452907621,"id":"o1glnaeou0pbo7w","previousEventId":"1jgac9d0avkecb1","operationId":"ge12hbyyscp2lz8","previousOperationId":"e66s4zs41i65euj"}
{"type":"log","timestamp":1708452907621,"level":"debug","message":"Executing recipe chrome-pdf","meta":{"rootId":"d94g77cd4xzjev5","id":"d94g77cd4xzjev5"},"id":"bpa73osg73fs1g0","previousOperationId":"ge12hbyyscp2lz8"}
{"type":"log","timestamp":1708452907623,"level":"debug","message":"Converting with chrome HeadlessChrome/117.0.5938.149 using chrome-pool strategy","meta":{"rootId":"d94g77cd4xzjev5","id":"d94g77cd4xzjev5"},"id":"o3n828t02fyk818","previousOperationId":"ge12hbyyscp2lz8"}
{"type":"log","timestamp":1708452907659,"level":"debug","message":"Page request: GET (document) file:///tmp/jsreport/autocleanup/30137ab7-2de5-43f8-9248-e3ea8b7a7d58-chrome-pdf.html","meta":{"rootId":"d94g77cd4xzjev5","id":"d94g77cd4xzjev5"},"id":"24kqfl6y87b8loq","previousOperationId":"ge12hbyyscp2lz8"}
{"type":"log","timestamp":1708452907667,"level":"debug","message":"Page request: GET (stylesheet) https://cdn.jsdelivr.net/chartist.js/latest/chartist.min.css","meta":{"rootId":"d94g77cd4xzjev5","id":"d94g77cd4xzjev5"},"id":"kbggxf20c3wy2t3","previousOperationId":"ge12hbyyscp2lz8"}
{"type":"log","timestamp":1708452907667,"level":"debug","message":"Page request: GET (script) https://cdn.jsdelivr.net/chartist.js/latest/chartist.min.js","meta":{"rootId":"d94g77cd4xzjev5","id":"d94g77cd4xzjev5"},"id":"0hk3g5lrengeios","previousOperationId":"ge12hbyyscp2lz8"}
{"type":"log","timestamp":1708452907668,"level":"debug","message":"Page request: GET (script) https://code.jquery.com/jquery-3.6.0.min.js","meta":{"rootId":"d94g77cd4xzjev5","id":"d94g77cd4xzjev5"},"id":"qtzaa5n3wve991w","previousOperationId":"ge12hbyyscp2lz8"}
{"type":"log","timestamp":1708452907668,"level":"debug","message":"Page request finished: GET (document) 200 file:///tmp/jsreport/autocleanup/30137ab7-2de5-43f8-9248-e3ea8b7a7d58-chrome-pdf.html","meta":{"rootId":"d94g77cd4xzjev5","id":"d94g77cd4xzjev5"},"id":"yn65o512aagtzo6","previousOperationId":"ge12hbyyscp2lz8"}
{"type":"log","timestamp":1708452907670,"level":"debug","message":"Page request finished: GET (stylesheet) 200 https://cdn.jsdelivr.net/chartist.js/latest/chartist.min.css","meta":{"rootId":"d94g77cd4xzjev5","id":"d94g77cd4xzjev5"},"id":"bnec4zrtrnioldv","previousOperationId":"ge12hbyyscp2lz8"}
{"type":"log","timestamp":1708452907672,"level":"debug","message":"Page request finished: GET (script) 200 https://cdn.jsdelivr.net/chartist.js/latest/chartist.min.js","meta":{"rootId":"d94g77cd4xzjev5","id":"d94g77cd4xzjev5"},"id":"t7f7q2i2cvhf3zy","previousOperationId":"ge12hbyyscp2lz8"}
{"type":"log","timestamp":1708452907672,"level":"debug","message":"Page request finished: GET (script) 200 https://code.jquery.com/jquery-3.6.0.min.js","meta":{"rootId":"d94g77cd4xzjev5","id":"d94g77cd4xzjev5"},"id":"ucmosk4s2j9uhkv","previousOperationId":"ge12hbyyscp2lz8"}
{"type":"log","timestamp":1708452907677,"level":"warn","message":"Page error: Unexpected identifier 'Object' , stack: SyntaxError: Unexpected identifier 'Object'","meta":{"rootId":"d94g77cd4xzjev5","id":"d94g77cd4xzjev5"},"id":"wihrcvxdn986fpe","previousOperationId":"ge12hbyyscp2lz8"}
{"type":"log","timestamp":1708452907681,"level":"debug","message":"Running chrome with params {\"printBackground\":true,\"timeout\":59942,\"margin\":{}}","meta":{"rootId":"d94g77cd4xzjev5","id":"d94g77cd4xzjev5"},"id":"a7t6aes1jlbyb6e","previousOperationId":"ge12hbyyscp2lz8"}
{"type":"operationEnd","operationId":"ge12hbyyscp2lz8","timestamp":1708452907694,"id":"tmyn6oxecrqkyke","previousEventId":"o1glnaeou0pbo7w","previousOperationId":"ge12hbyyscp2lz8"}
{"type":"log","timestamp":1708452907694,"level":"debug","message":"Skipping storing report.","meta":{"rootId":"d94g77cd4xzjev5","id":"d94g77cd4xzjev5"},"id":"pfzv9t438op2vu2","previousOperationId":"ge12hbyyscp2lz8"}
{"type":"log","timestamp":1708452907695,"level":"info","message":"Rendering request 16 finished in 130 ms","meta":{"rootId":"d94g77cd4xzjev5","id":"d94g77cd4xzjev5"},"id":"tlmwr33th7n666z","previousOperationId":"ge12hbyyscp2lz8"}
{"type":"operationEnd","subtype":"render","operationId":"91u7klukichtw7b","timestamp":1708452907695,"id":"2kp8i8oogr8o5eq","previousEventId":"tmyn6oxecrqkyke","previousOperationId":"ge12hbyyscp2lz8"}
{"type":"operationEnd","doDiffs":false,"previousEventId":"nfl4lg8zlvbdk8n","previousOperationId":"sqcjnhwwsdmcit3","operationId":"sqcjnhwwsdmcit3","timestamp":1708452907698,"id":"xnllxsve3lej7so"}
