{"type":"operationStart","subtype":"profile","data":{"_id":"bG6dmV3QVOnVuyYb","timestamp":"2024-02-20T19:25:59.225Z","state":"queued","mode":"standard","creationDate":"2024-02-20T19:25:59.226Z","modificationDate":"2024-02-20T19:25:59.226Z","shortid":"LUJXzPg","$entitySet":"profiles"},"doDiffs":false,"timestamp":1708457159225,"id":"03gw7etut2wwcrj","previousOperationId":null,"operationId":"q2sq64nhyhkx3vf"}
{"type":"log","level":"info","message":"Render request 81 queued for execution and waiting for available worker","previousOperationId":"q2sq64nhyhkx3vf","timestamp":1708457159225,"id":"5pqu3vw84j0qgze"}
{"type":"operationStart","subtype":"render","name":"TemplateList","previousOperationId":"q2sq64nhyhkx3vf","timestamp":1708457159230,"id":"odb227ggeu55n0v","previousEventId":"03gw7etut2wwcrj","operationId":"22270sxp0hwajc4"}
{"type":"log","timestamp":1708457159230,"level":"info","message":"Starting rendering request 81","meta":{"rootId":"dqbvjdsil7z6bs2","id":"dqbvjdsil7z6bs2"},"id":"71saw7ebr0cd381","previousOperationId":"22270sxp0hwajc4"}
{"type":"log","timestamp":1708457159230,"level":"info","message":"Rendering template { name: TemplateList, recipe: chrome-pdf, engine: handlebars, preview: true }","meta":{"rootId":"dqbvjdsil7z6bs2","id":"dqbvjdsil7z6bs2"},"id":"wajx1mal1z524dn","previousOperationId":"22270sxp0hwajc4"}
{"type":"log","timestamp":1708457159230,"level":"debug","message":"Data item not defined for this template.","meta":{"rootId":"dqbvjdsil7z6bs2","id":"dqbvjdsil7z6bs2"},"id":"obccbh2c563on4b","previousOperationId":"22270sxp0hwajc4"}
{"type":"log","timestamp":1708457159232,"level":"debug","message":"Executing script list-data (beforeRender)","meta":{"rootId":"dqbvjdsil7z6bs2","id":"dqbvjdsil7z6bs2"},"id":"wdd96s24wrwedt4","previousOperationId":"22270sxp0hwajc4"}
{"type":"operationStart","subtype":"scriptsBeforeRender","name":"scripts beforeRender","timestamp":1708457159236,"id":"30i3vf2gcfdm4ld","previousEventId":"odb227ggeu55n0v","operationId":"ovz8ydwtx5f3ye6","previousOperationId":"22270sxp0hwajc4"}
{"type":"operationStart","subtype":"script","name":"scripts list-data","previousOperationId":"ovz8ydwtx5f3ye6","timestamp":1708457159236,"id":"c1el04mxotpmrcg","previousEventId":"30i3vf2gcfdm4ld","operationId":"3ucldi1hzat2cpo"}
{"type":"log","timestamp":1708457159259,"level":"debug","message":"(console:log) [\n  {\n    list_description: {\n      id: 2,\n      list_name: 'sarshisha',\n      list_current_number: 13,\n      list_limit_number: 0\n    },\n    list_image: {\n      url: 'http://localhost:4000/rails/active_storage/blobs/redirect/eyJfcmFpbHMiOnsiZGF0YSI6MywicHVyIjoiYmxvYl9pZCJ9fQ==--07183cfade35ce6ffe715f60749642919ec61f5d/charcuteria.png'\n    }\n  },\n  {\n    list_description: {\n      id: 3,\n      list_name: 'stjsjshtshn',\n      list_current_number: 4,\n      list_limit_number: 0\n    },\n    list_image: {\n      url: 'http://localhost:4000/rails/active_storage/blobs/redirect/eyJfcmFpbHMiOnsiZGF0YSI6NCwicHVyIjoiYmxvYl9pZCJ9fQ==--023aae65cb60b3f6c6d73a9c76e14c0b0df6ad86/dibujoadrian.jpg'\n    }\n  },\n  {\n    list_description: {\n      id: 1,\n      list_name: 'charcuteria',\n      list_current_number: 1,\n      list_limit_number: 0\n    },\n    list_image: {\n      url: 'http://localhost:4000/rails/active_storage/blobs/redirect/eyJfcmFpbHMiOnsiZGF0YSI6MiwicHVyIjoiYmxvYl9pZCJ9fQ==--ee6d56bf52163135b48a4ba2c22b11a93e94d3b3/charcuteria.png'\n    }\n  }\n]","meta":{"userLevel":true,"rootId":"dqbvjdsil7z6bs2","id":"dqbvjdsil7z6bs2"},"id":"mcoc5exsiaw4hx2","previousOperationId":"3ucldi1hzat2cpo"}
{"type":"log","timestamp":1708457159266,"level":"debug","message":"(console:log) [\n  {\n    id: 1,\n    nickname: 'a',\n    is_admin: true,\n    suscriptor: null,\n    created_at: '2024-02-20T16:45:37.609Z',\n    updated_at: '2024-02-20T16:45:37.729Z',\n    email: 'a@a.a',\n    jti: '6a2b57ca-af4b-47a0-8285-477cffafa34b'\n  }\n]","meta":{"userLevel":true,"rootId":"dqbvjdsil7z6bs2","id":"dqbvjdsil7z6bs2"},"id":"d63orns46d8y23t","previousOperationId":"3ucldi1hzat2cpo"}
{"type":"operationEnd","operationId":"3ucldi1hzat2cpo","timestamp":1708457159267,"id":"703xk64k52dbmcz","previousEventId":"odb227ggeu55n0v","previousOperationId":"22270sxp0hwajc4"}
{"type":"operationEnd","operationId":"ovz8ydwtx5f3ye6","timestamp":1708457159267,"id":"uzuaow6qbopduxs","previousEventId":"703xk64k52dbmcz","previousOperationId":"22270sxp0hwajc4"}
{"type":"log","timestamp":1708457159267,"level":"debug","message":"Base url not specified, skipping its injection.","meta":{"rootId":"dqbvjdsil7z6bs2","id":"dqbvjdsil7z6bs2"},"id":"bukpurbh5s3ggcd","previousOperationId":"ovz8ydwtx5f3ye6"}
{"type":"operationStart","subtype":"engine","name":"handlebars","timestamp":1708457159267,"id":"d8m3nhpr1u82jek","previousEventId":"uzuaow6qbopduxs","operationId":"m06celge31zij5m","previousOperationId":"ovz8ydwtx5f3ye6"}
{"type":"log","timestamp":1708457159267,"level":"debug","message":"Rendering engine handlebars","meta":{"rootId":"dqbvjdsil7z6bs2","id":"dqbvjdsil7z6bs2"},"id":"ezpqqd8k6shgl28","previousOperationId":"m06celge31zij5m"}
{"type":"operationEnd","operationId":"m06celge31zij5m","timestamp":1708457159280,"id":"8dxk5sh5y6wmh2o","previousEventId":"d8m3nhpr1u82jek","previousOperationId":"m06celge31zij5m"}
{"type":"operationStart","subtype":"recipe","name":"chrome-pdf","timestamp":1708457159281,"id":"tel9zsopb7yo61q","previousEventId":"8dxk5sh5y6wmh2o","operationId":"v26j9oxorpirbmf","previousOperationId":"m06celge31zij5m"}
{"type":"log","timestamp":1708457159281,"level":"debug","message":"Executing recipe chrome-pdf","meta":{"rootId":"dqbvjdsil7z6bs2","id":"dqbvjdsil7z6bs2"},"id":"75xgdh9uew0hvhi","previousOperationId":"v26j9oxorpirbmf"}
{"type":"log","timestamp":1708457159282,"level":"debug","message":"Converting with chrome HeadlessChrome/117.0.5938.149 using chrome-pool strategy","meta":{"rootId":"dqbvjdsil7z6bs2","id":"dqbvjdsil7z6bs2"},"id":"x5w8tjrn3885902","previousOperationId":"v26j9oxorpirbmf"}
{"type":"log","timestamp":1708457159317,"level":"debug","message":"Page request: GET (document) file:///tmp/jsreport/autocleanup/cb7efadb-9cce-49e4-a19e-effc0abb8665-chrome-pdf.html","meta":{"rootId":"dqbvjdsil7z6bs2","id":"dqbvjdsil7z6bs2"},"id":"t5tbgla6hfc9ijw","previousOperationId":"v26j9oxorpirbmf"}
{"type":"log","timestamp":1708457159325,"level":"debug","message":"Page request: GET (stylesheet) https://cdn.jsdelivr.net/chartist.js/latest/chartist.min.css","meta":{"rootId":"dqbvjdsil7z6bs2","id":"dqbvjdsil7z6bs2"},"id":"keonxl710njn1hw","previousOperationId":"v26j9oxorpirbmf"}
{"type":"log","timestamp":1708457159325,"level":"debug","message":"Page request: GET (script) https://cdn.jsdelivr.net/chartist.js/latest/chartist.min.js","meta":{"rootId":"dqbvjdsil7z6bs2","id":"dqbvjdsil7z6bs2"},"id":"0j846g5w5m1wryu","previousOperationId":"v26j9oxorpirbmf"}
{"type":"log","timestamp":1708457159325,"level":"debug","message":"Page request finished: GET (document) 200 file:///tmp/jsreport/autocleanup/cb7efadb-9cce-49e4-a19e-effc0abb8665-chrome-pdf.html","meta":{"rootId":"dqbvjdsil7z6bs2","id":"dqbvjdsil7z6bs2"},"id":"ll4dkyr0bjo9jd0","previousOperationId":"v26j9oxorpirbmf"}
{"type":"log","timestamp":1708457159327,"level":"debug","message":"Page request finished: GET (stylesheet) 200 https://cdn.jsdelivr.net/chartist.js/latest/chartist.min.css","meta":{"rootId":"dqbvjdsil7z6bs2","id":"dqbvjdsil7z6bs2"},"id":"zw11wln1guh7v3y","previousOperationId":"v26j9oxorpirbmf"}
{"type":"log","timestamp":1708457159327,"level":"debug","message":"Page request finished: GET (script) 200 https://cdn.jsdelivr.net/chartist.js/latest/chartist.min.js","meta":{"rootId":"dqbvjdsil7z6bs2","id":"dqbvjdsil7z6bs2"},"id":"s03xv2414p6359i","previousOperationId":"v26j9oxorpirbmf"}
{"type":"log","timestamp":1708457159340,"level":"debug","message":"Running chrome with params {\"printBackground\":true,\"timeout\":59943,\"margin\":{}}","meta":{"rootId":"dqbvjdsil7z6bs2","id":"dqbvjdsil7z6bs2"},"id":"lncpv9b9a4x8801","previousOperationId":"v26j9oxorpirbmf"}
{"type":"operationEnd","operationId":"v26j9oxorpirbmf","timestamp":1708457159359,"id":"z7i6utx13kan6bv","previousEventId":"tel9zsopb7yo61q","previousOperationId":"v26j9oxorpirbmf"}
{"type":"log","timestamp":1708457159359,"level":"debug","message":"Skipping storing report.","meta":{"rootId":"dqbvjdsil7z6bs2","id":"dqbvjdsil7z6bs2"},"id":"tsxatcd9kevixui","previousOperationId":"v26j9oxorpirbmf"}
{"type":"log","timestamp":1708457159359,"level":"info","message":"Rendering request 81 finished in 134 ms","meta":{"rootId":"dqbvjdsil7z6bs2","id":"dqbvjdsil7z6bs2"},"id":"fost50hneubq7on","previousOperationId":"v26j9oxorpirbmf"}
{"type":"operationEnd","subtype":"render","operationId":"22270sxp0hwajc4","timestamp":1708457159359,"id":"xnuikopdv3lps77","previousEventId":"z7i6utx13kan6bv","previousOperationId":"v26j9oxorpirbmf"}
{"type":"operationEnd","doDiffs":false,"previousEventId":"03gw7etut2wwcrj","previousOperationId":"q2sq64nhyhkx3vf","operationId":"q2sq64nhyhkx3vf","timestamp":1708457159361,"id":"717qlv9fjs989j9"}
