{"type":"operationStart","subtype":"profile","data":{"_id":"1VzSFNOpIOXXwmSE","timestamp":"2024-02-20T19:04:46.055Z","state":"queued","mode":"standard","creationDate":"2024-02-20T19:04:46.055Z","modificationDate":"2024-02-20T19:04:46.055Z","shortid":"o6TIbD4","$entitySet":"profiles"},"doDiffs":false,"timestamp":1708455886055,"id":"rh7d4b1p2ngsz2z","previousOperationId":null,"operationId":"hbeur7tjmfpbd6y"}
{"type":"log","level":"info","message":"Render request 42 queued for execution and waiting for available worker","previousOperationId":"hbeur7tjmfpbd6y","timestamp":1708455886055,"id":"kvk86a4583pz3v6"}
{"type":"operationStart","subtype":"render","name":"TemplateList","previousOperationId":"hbeur7tjmfpbd6y","timestamp":1708455886061,"id":"gttekkn6r988zhi","previousEventId":"rh7d4b1p2ngsz2z","operationId":"zg7o050dvgwprq2"}
{"type":"log","timestamp":1708455886061,"level":"info","message":"Starting rendering request 42","meta":{"rootId":"edij46jhznba01n","id":"edij46jhznba01n"},"id":"giysp5f2zz2lhea","previousOperationId":"zg7o050dvgwprq2"}
{"type":"log","timestamp":1708455886062,"level":"info","message":"Rendering template { name: TemplateList, recipe: chrome-pdf, engine: handlebars, preview: true }","meta":{"rootId":"edij46jhznba01n","id":"edij46jhznba01n"},"id":"teixhzq6k4q0wwl","previousOperationId":"zg7o050dvgwprq2"}
{"type":"log","timestamp":1708455886062,"level":"debug","message":"Data item not defined for this template.","meta":{"rootId":"edij46jhznba01n","id":"edij46jhznba01n"},"id":"v9k9afpk6kn5k7z","previousOperationId":"zg7o050dvgwprq2"}
{"type":"log","timestamp":1708455886064,"level":"debug","message":"Executing script list-data (beforeRender)","meta":{"rootId":"edij46jhznba01n","id":"edij46jhznba01n"},"id":"ra4lh7slz4ga59n","previousOperationId":"zg7o050dvgwprq2"}
{"type":"operationStart","subtype":"scriptsBeforeRender","name":"scripts beforeRender","timestamp":1708455886068,"id":"uvbyrwnzjumbu35","previousEventId":"gttekkn6r988zhi","operationId":"3qxyqonqgjjvuzu","previousOperationId":"zg7o050dvgwprq2"}
{"type":"operationStart","subtype":"script","name":"scripts list-data","previousOperationId":"3qxyqonqgjjvuzu","timestamp":1708455886068,"id":"ouhkhy3im48a7g2","previousEventId":"uvbyrwnzjumbu35","operationId":"7b7y74igp8lobmq"}
{"type":"log","timestamp":1708455886096,"level":"debug","message":"(console:log) [\n  {\n    list_description: {\n      id: 2,\n      list_name: 'sarshisha',\n      list_current_number: 13,\n      list_limit_number: 0\n    },\n    list_image: {\n      url: 'http://localhost:4000/rails/active_storage/blobs/redirect/eyJfcmFpbHMiOnsiZGF0YSI6MywicHVyIjoiYmxvYl9pZCJ9fQ==--07183cfade35ce6ffe715f60749642919ec61f5d/charcuteria.png'\n    }\n  },\n  {\n    list_description: {\n      id: 3,\n      list_name: 'stjsjshtshn',\n      list_current_number: 4,\n      list_limit_number: 0\n    },\n    list_image: {\n      url: 'http://localhost:4000/rails/active_storage/blobs/redirect/eyJfcmFpbHMiOnsiZGF0YSI6NCwicHVyIjoiYmxvYl9pZCJ9fQ==--023aae65cb60b3f6c6d73a9c76e14c0b0df6ad86/dibujoadrian.jpg'\n    }\n  },\n  {\n    list_description: {\n      id: 1,\n      list_name: 'charcuteria',\n      list_current_number: 1,\n      list_limit_number: 0\n    },\n    list_image: {\n      url: 'http://localhost:4000/rails/active_storage/blobs/redirect/eyJfcmFpbHMiOnsiZGF0YSI6MiwicHVyIjoiYmxvYl9pZCJ9fQ==--ee6d56bf52163135b48a4ba2c22b11a93e94d3b3/charcuteria.png'\n    }\n  }\n]","meta":{"userLevel":true,"rootId":"edij46jhznba01n","id":"edij46jhznba01n"},"id":"gbo2maurz94xcxk","previousOperationId":"7b7y74igp8lobmq"}
{"type":"log","timestamp":1708455886105,"level":"debug","message":"(console:log) [\n  {\n    id: 1,\n    nickname: 'a',\n    is_admin: true,\n    suscriptor: null,\n    created_at: '2024-02-20T16:45:37.609Z',\n    updated_at: '2024-02-20T16:45:37.729Z',\n    email: 'a@a.a',\n    jti: '6a2b57ca-af4b-47a0-8285-477cffafa34b'\n  }\n]","meta":{"userLevel":true,"rootId":"edij46jhznba01n","id":"edij46jhznba01n"},"id":"8rij1ad9cmtdait","previousOperationId":"7b7y74igp8lobmq"}
{"type":"operationEnd","operationId":"7b7y74igp8lobmq","timestamp":1708455886105,"id":"1zlvokgxbgz22og","previousEventId":"gttekkn6r988zhi","previousOperationId":"zg7o050dvgwprq2"}
{"type":"operationEnd","operationId":"3qxyqonqgjjvuzu","timestamp":1708455886105,"id":"pdenwgnle8tuphj","previousEventId":"1zlvokgxbgz22og","previousOperationId":"zg7o050dvgwprq2"}
{"type":"log","timestamp":1708455886105,"level":"debug","message":"Base url not specified, skipping its injection.","meta":{"rootId":"edij46jhznba01n","id":"edij46jhznba01n"},"id":"orfjplf2ogybg4w","previousOperationId":"3qxyqonqgjjvuzu"}
{"type":"operationStart","subtype":"engine","name":"handlebars","timestamp":1708455886105,"id":"6q6uheu1494ddm5","previousEventId":"pdenwgnle8tuphj","operationId":"4c7z37ydxbt000b","previousOperationId":"3qxyqonqgjjvuzu"}
{"type":"log","timestamp":1708455886105,"level":"debug","message":"Rendering engine handlebars","meta":{"rootId":"edij46jhznba01n","id":"edij46jhznba01n"},"id":"r0y2s47owawqcla","previousOperationId":"4c7z37ydxbt000b"}
{"type":"operationEnd","operationId":"4c7z37ydxbt000b","timestamp":1708455886119,"id":"wztn3khaefpldxu","previousEventId":"6q6uheu1494ddm5","previousOperationId":"4c7z37ydxbt000b"}
{"type":"operationStart","subtype":"recipe","name":"chrome-pdf","timestamp":1708455886119,"id":"tksswlx4yba6mjt","previousEventId":"wztn3khaefpldxu","operationId":"a6g92d7obgkmvfw","previousOperationId":"4c7z37ydxbt000b"}
{"type":"log","timestamp":1708455886119,"level":"debug","message":"Executing recipe chrome-pdf","meta":{"rootId":"edij46jhznba01n","id":"edij46jhznba01n"},"id":"0azldogpxdfcw2w","previousOperationId":"a6g92d7obgkmvfw"}
{"type":"log","timestamp":1708455886121,"level":"debug","message":"Converting with chrome HeadlessChrome/117.0.5938.149 using chrome-pool strategy","meta":{"rootId":"edij46jhznba01n","id":"edij46jhznba01n"},"id":"eb01pkf9anc5jd6","previousOperationId":"a6g92d7obgkmvfw"}
{"type":"log","timestamp":1708455886157,"level":"debug","message":"Page request: GET (document) file:///tmp/jsreport/autocleanup/d5f60ff9-85db-491d-9b9a-e2294bd3a1f0-chrome-pdf.html","meta":{"rootId":"edij46jhznba01n","id":"edij46jhznba01n"},"id":"uoqn8xjuqskwpgt","previousOperationId":"a6g92d7obgkmvfw"}
{"type":"log","timestamp":1708455886166,"level":"debug","message":"Page request: GET (stylesheet) https://cdn.jsdelivr.net/chartist.js/latest/chartist.min.css","meta":{"rootId":"edij46jhznba01n","id":"edij46jhznba01n"},"id":"uw2tdx586mty9w4","previousOperationId":"a6g92d7obgkmvfw"}
{"type":"log","timestamp":1708455886167,"level":"debug","message":"Page request: GET (script) https://cdn.jsdelivr.net/chartist.js/latest/chartist.min.js","meta":{"rootId":"edij46jhznba01n","id":"edij46jhznba01n"},"id":"wk8208o5ta6n88t","previousOperationId":"a6g92d7obgkmvfw"}
{"type":"log","timestamp":1708455886167,"level":"debug","message":"Page request: GET (script) https://code.jquery.com/jquery-3.6.0.min.js","meta":{"rootId":"edij46jhznba01n","id":"edij46jhznba01n"},"id":"d6w0hzag1lqkjfz","previousOperationId":"a6g92d7obgkmvfw"}
{"type":"log","timestamp":1708455886167,"level":"debug","message":"Page request: GET (script) https://cdn.jsdelivr.net/npm/chart.js","meta":{"rootId":"edij46jhznba01n","id":"edij46jhznba01n"},"id":"fy9u8ze7vugwsj4","previousOperationId":"a6g92d7obgkmvfw"}
{"type":"log","timestamp":1708455886168,"level":"debug","message":"Page request finished: GET (document) 200 file:///tmp/jsreport/autocleanup/d5f60ff9-85db-491d-9b9a-e2294bd3a1f0-chrome-pdf.html","meta":{"rootId":"edij46jhznba01n","id":"edij46jhznba01n"},"id":"p7igw6o8vec59kl","previousOperationId":"a6g92d7obgkmvfw"}
{"type":"log","timestamp":1708455886170,"level":"debug","message":"Page request finished: GET (stylesheet) 200 https://cdn.jsdelivr.net/chartist.js/latest/chartist.min.css","meta":{"rootId":"edij46jhznba01n","id":"edij46jhznba01n"},"id":"u9qpgdle2rb7fj5","previousOperationId":"a6g92d7obgkmvfw"}
{"type":"log","timestamp":1708455886171,"level":"debug","message":"Page request finished: GET (script) 200 https://cdn.jsdelivr.net/chartist.js/latest/chartist.min.js","meta":{"rootId":"edij46jhznba01n","id":"edij46jhznba01n"},"id":"lg7h2ywrlm9e3u0","previousOperationId":"a6g92d7obgkmvfw"}
{"type":"log","timestamp":1708455886174,"level":"debug","message":"Page request finished: GET (script) 200 https://code.jquery.com/jquery-3.6.0.min.js","meta":{"rootId":"edij46jhznba01n","id":"edij46jhznba01n"},"id":"wk0qgi3ar8wlzaf","previousOperationId":"a6g92d7obgkmvfw"}
{"type":"log","timestamp":1708455886179,"level":"debug","message":"Page request finished: GET (script) 200 https://cdn.jsdelivr.net/npm/chart.js","meta":{"rootId":"edij46jhznba01n","id":"edij46jhznba01n"},"id":"rb33xd0q1j2psjj","previousOperationId":"a6g92d7obgkmvfw"}
{"type":"log","timestamp":1708455886224,"level":"debug","message":"Running chrome with params {\"printBackground\":true,\"timeout\":59935,\"margin\":{}}","meta":{"rootId":"edij46jhznba01n","id":"edij46jhznba01n"},"id":"5n09cxhcwx9i5jn","previousOperationId":"a6g92d7obgkmvfw"}
{"type":"operationEnd","operationId":"a6g92d7obgkmvfw","timestamp":1708455886248,"id":"gl6fvuin39zc7nl","previousEventId":"tksswlx4yba6mjt","previousOperationId":"a6g92d7obgkmvfw"}
{"type":"log","timestamp":1708455886248,"level":"debug","message":"Skipping storing report.","meta":{"rootId":"edij46jhznba01n","id":"edij46jhznba01n"},"id":"t0ihtjb88i1z7y5","previousOperationId":"a6g92d7obgkmvfw"}
{"type":"log","timestamp":1708455886248,"level":"info","message":"Rendering request 42 finished in 194 ms","meta":{"rootId":"edij46jhznba01n","id":"edij46jhznba01n"},"id":"5ww7lttms37mi1h","previousOperationId":"a6g92d7obgkmvfw"}
{"type":"operationEnd","subtype":"render","operationId":"zg7o050dvgwprq2","timestamp":1708455886248,"id":"xws9h4yiu8yifhk","previousEventId":"gl6fvuin39zc7nl","previousOperationId":"a6g92d7obgkmvfw"}
{"type":"operationEnd","doDiffs":false,"previousEventId":"rh7d4b1p2ngsz2z","previousOperationId":"hbeur7tjmfpbd6y","operationId":"hbeur7tjmfpbd6y","timestamp":1708455886253,"id":"7rk5xvh33csfn76"}
