{"type":"operationStart","subtype":"profile","data":{"_id":"uoLj9Y4VjLAifdrP","timestamp":"2024-02-20T19:10:32.414Z","state":"queued","mode":"standard","creationDate":"2024-02-20T19:10:32.415Z","modificationDate":"2024-02-20T19:10:32.415Z","shortid":"DgcMC18","$entitySet":"profiles"},"doDiffs":false,"timestamp":1708456232415,"id":"xcowuz0lf3wg52s","previousOperationId":null,"operationId":"pvn3seongsawms9"}
{"type":"log","level":"info","message":"Render request 48 queued for execution and waiting for available worker","previousOperationId":"pvn3seongsawms9","timestamp":1708456232415,"id":"45vs0ir7y0nftqm"}
{"type":"operationStart","subtype":"render","name":"TemplateList","previousOperationId":"pvn3seongsawms9","timestamp":1708456232420,"id":"u8ktrnioa62s4z4","previousEventId":"xcowuz0lf3wg52s","operationId":"s9lapaxz0jgz92z"}
{"type":"log","timestamp":1708456232420,"level":"info","message":"Starting rendering request 48","meta":{"rootId":"edmg2d2zt9hwbpz","id":"edmg2d2zt9hwbpz"},"id":"6xjjtqyktmao2cr","previousOperationId":"s9lapaxz0jgz92z"}
{"type":"log","timestamp":1708456232420,"level":"info","message":"Rendering template { name: TemplateList, recipe: chrome-pdf, engine: handlebars, preview: true }","meta":{"rootId":"edmg2d2zt9hwbpz","id":"edmg2d2zt9hwbpz"},"id":"v2v5xknui7z97xq","previousOperationId":"s9lapaxz0jgz92z"}
{"type":"log","timestamp":1708456232420,"level":"debug","message":"Data item not defined for this template.","meta":{"rootId":"edmg2d2zt9hwbpz","id":"edmg2d2zt9hwbpz"},"id":"r5tzhg59f3nvew4","previousOperationId":"s9lapaxz0jgz92z"}
{"type":"log","timestamp":1708456232422,"level":"debug","message":"Executing script list-data (beforeRender)","meta":{"rootId":"edmg2d2zt9hwbpz","id":"edmg2d2zt9hwbpz"},"id":"3ew88m3poa15avt","previousOperationId":"s9lapaxz0jgz92z"}
{"type":"operationStart","subtype":"scriptsBeforeRender","name":"scripts beforeRender","timestamp":1708456232426,"id":"0nqt39kq72gvkkr","previousEventId":"u8ktrnioa62s4z4","operationId":"ashm308ikhxh0xv","previousOperationId":"s9lapaxz0jgz92z"}
{"type":"operationStart","subtype":"script","name":"scripts list-data","previousOperationId":"ashm308ikhxh0xv","timestamp":1708456232426,"id":"qr68qwevj4ruogf","previousEventId":"0nqt39kq72gvkkr","operationId":"x4kwg6ejf9pgn2d"}
{"type":"log","timestamp":1708456232446,"level":"debug","message":"(console:log) [\n  {\n    list_description: {\n      id: 2,\n      list_name: 'sarshisha',\n      list_current_number: 13,\n      list_limit_number: 0\n    },\n    list_image: {\n      url: 'http://localhost:4000/rails/active_storage/blobs/redirect/eyJfcmFpbHMiOnsiZGF0YSI6MywicHVyIjoiYmxvYl9pZCJ9fQ==--07183cfade35ce6ffe715f60749642919ec61f5d/charcuteria.png'\n    }\n  },\n  {\n    list_description: {\n      id: 3,\n      list_name: 'stjsjshtshn',\n      list_current_number: 4,\n      list_limit_number: 0\n    },\n    list_image: {\n      url: 'http://localhost:4000/rails/active_storage/blobs/redirect/eyJfcmFpbHMiOnsiZGF0YSI6NCwicHVyIjoiYmxvYl9pZCJ9fQ==--023aae65cb60b3f6c6d73a9c76e14c0b0df6ad86/dibujoadrian.jpg'\n    }\n  },\n  {\n    list_description: {\n      id: 1,\n      list_name: 'charcuteria',\n      list_current_number: 1,\n      list_limit_number: 0\n    },\n    list_image: {\n      url: 'http://localhost:4000/rails/active_storage/blobs/redirect/eyJfcmFpbHMiOnsiZGF0YSI6MiwicHVyIjoiYmxvYl9pZCJ9fQ==--ee6d56bf52163135b48a4ba2c22b11a93e94d3b3/charcuteria.png'\n    }\n  }\n]","meta":{"userLevel":true,"rootId":"edmg2d2zt9hwbpz","id":"edmg2d2zt9hwbpz"},"id":"wr459ca71igdpi9","previousOperationId":"x4kwg6ejf9pgn2d"}
{"type":"log","timestamp":1708456232454,"level":"debug","message":"(console:log) [\n  {\n    id: 1,\n    nickname: 'a',\n    is_admin: true,\n    suscriptor: null,\n    created_at: '2024-02-20T16:45:37.609Z',\n    updated_at: '2024-02-20T16:45:37.729Z',\n    email: 'a@a.a',\n    jti: '6a2b57ca-af4b-47a0-8285-477cffafa34b'\n  }\n]","meta":{"userLevel":true,"rootId":"edmg2d2zt9hwbpz","id":"edmg2d2zt9hwbpz"},"id":"rmraz4ob3nwftls","previousOperationId":"x4kwg6ejf9pgn2d"}
{"type":"operationEnd","operationId":"x4kwg6ejf9pgn2d","timestamp":1708456232455,"id":"nzd3otm2daphqyf","previousEventId":"u8ktrnioa62s4z4","previousOperationId":"s9lapaxz0jgz92z"}
{"type":"operationEnd","operationId":"ashm308ikhxh0xv","timestamp":1708456232455,"id":"zndyhlfov2jsqc0","previousEventId":"nzd3otm2daphqyf","previousOperationId":"s9lapaxz0jgz92z"}
{"type":"log","timestamp":1708456232455,"level":"debug","message":"Base url not specified, skipping its injection.","meta":{"rootId":"edmg2d2zt9hwbpz","id":"edmg2d2zt9hwbpz"},"id":"lq8e3eq7dvs1799","previousOperationId":"ashm308ikhxh0xv"}
{"type":"operationStart","subtype":"engine","name":"handlebars","timestamp":1708456232455,"id":"mn3wonspolwpjee","previousEventId":"zndyhlfov2jsqc0","operationId":"meczb8jsfqj6k86","previousOperationId":"ashm308ikhxh0xv"}
{"type":"log","timestamp":1708456232455,"level":"debug","message":"Rendering engine handlebars","meta":{"rootId":"edmg2d2zt9hwbpz","id":"edmg2d2zt9hwbpz"},"id":"g9aplnzrcalgg2y","previousOperationId":"meczb8jsfqj6k86"}
{"type":"operationEnd","operationId":"meczb8jsfqj6k86","timestamp":1708456232467,"id":"e13l4biegwx60mx","previousEventId":"mn3wonspolwpjee","previousOperationId":"meczb8jsfqj6k86"}
{"type":"operationStart","subtype":"recipe","name":"chrome-pdf","timestamp":1708456232467,"id":"kmfdk8c1z9in6az","previousEventId":"e13l4biegwx60mx","operationId":"c8akya1lk9oa836","previousOperationId":"meczb8jsfqj6k86"}
{"type":"log","timestamp":1708456232467,"level":"debug","message":"Executing recipe chrome-pdf","meta":{"rootId":"edmg2d2zt9hwbpz","id":"edmg2d2zt9hwbpz"},"id":"qnxpsitdhrzabkv","previousOperationId":"c8akya1lk9oa836"}
{"type":"log","timestamp":1708456232469,"level":"debug","message":"Converting with chrome HeadlessChrome/117.0.5938.149 using chrome-pool strategy","meta":{"rootId":"edmg2d2zt9hwbpz","id":"edmg2d2zt9hwbpz"},"id":"ruw9eic6irmzutr","previousOperationId":"c8akya1lk9oa836"}
{"type":"log","timestamp":1708456232505,"level":"debug","message":"Page request: GET (document) file:///tmp/jsreport/autocleanup/1cd3f872-cff0-4659-bf3a-78ad5a537a31-chrome-pdf.html","meta":{"rootId":"edmg2d2zt9hwbpz","id":"edmg2d2zt9hwbpz"},"id":"gj1x3qobcxuuq3k","previousOperationId":"c8akya1lk9oa836"}
{"type":"log","timestamp":1708456232529,"level":"debug","message":"Page request: GET (stylesheet) https://cdn.jsdelivr.net/chartist.js/latest/chartist.min.css","meta":{"rootId":"edmg2d2zt9hwbpz","id":"edmg2d2zt9hwbpz"},"id":"z1zxzpa60kds6x3","previousOperationId":"c8akya1lk9oa836"}
{"type":"log","timestamp":1708456232529,"level":"debug","message":"Page request: GET (script) https://cdn.jsdelivr.net/chartist.js/latest/chartist.min.js","meta":{"rootId":"edmg2d2zt9hwbpz","id":"edmg2d2zt9hwbpz"},"id":"62km5m6aamj8fl1","previousOperationId":"c8akya1lk9oa836"}
{"type":"log","timestamp":1708456232530,"level":"debug","message":"Page request: GET (script) https://code.jquery.com/jquery-3.6.0.min.js","meta":{"rootId":"edmg2d2zt9hwbpz","id":"edmg2d2zt9hwbpz"},"id":"tuh8loxkex9jzkl","previousOperationId":"c8akya1lk9oa836"}
{"type":"log","timestamp":1708456232530,"level":"debug","message":"Page request: GET (script) https://cdn.jsdelivr.net/npm/chart.js","meta":{"rootId":"edmg2d2zt9hwbpz","id":"edmg2d2zt9hwbpz"},"id":"wgy0wd9j20rwpdc","previousOperationId":"c8akya1lk9oa836"}
{"type":"log","timestamp":1708456232530,"level":"debug","message":"Page request finished: GET (document) 200 file:///tmp/jsreport/autocleanup/1cd3f872-cff0-4659-bf3a-78ad5a537a31-chrome-pdf.html","meta":{"rootId":"edmg2d2zt9hwbpz","id":"edmg2d2zt9hwbpz"},"id":"qx54qrcq9va1o9z","previousOperationId":"c8akya1lk9oa836"}
{"type":"log","timestamp":1708456232534,"level":"debug","message":"Page request finished: GET (stylesheet) 200 https://cdn.jsdelivr.net/chartist.js/latest/chartist.min.css","meta":{"rootId":"edmg2d2zt9hwbpz","id":"edmg2d2zt9hwbpz"},"id":"31yrilfwht68a0e","previousOperationId":"c8akya1lk9oa836"}
{"type":"log","timestamp":1708456232535,"level":"debug","message":"Page request finished: GET (script) 200 https://cdn.jsdelivr.net/chartist.js/latest/chartist.min.js","meta":{"rootId":"edmg2d2zt9hwbpz","id":"edmg2d2zt9hwbpz"},"id":"8opsoux8j5sjtv4","previousOperationId":"c8akya1lk9oa836"}
{"type":"log","timestamp":1708456232539,"level":"debug","message":"Page request finished: GET (script) 200 https://code.jquery.com/jquery-3.6.0.min.js","meta":{"rootId":"edmg2d2zt9hwbpz","id":"edmg2d2zt9hwbpz"},"id":"mkh2nmpxuourvxz","previousOperationId":"c8akya1lk9oa836"}
{"type":"log","timestamp":1708456232546,"level":"debug","message":"Page request finished: GET (script) 200 https://cdn.jsdelivr.net/npm/chart.js","meta":{"rootId":"edmg2d2zt9hwbpz","id":"edmg2d2zt9hwbpz"},"id":"4f459824xg8dvr0","previousOperationId":"c8akya1lk9oa836"}
{"type":"log","timestamp":1708456232603,"level":"debug","message":"Running chrome with params {\"printBackground\":true,\"timeout\":59946,\"margin\":{}}","meta":{"rootId":"edmg2d2zt9hwbpz","id":"edmg2d2zt9hwbpz"},"id":"wfhby1v0jkmw9m1","previousOperationId":"c8akya1lk9oa836"}
{"type":"operationEnd","operationId":"c8akya1lk9oa836","timestamp":1708456232647,"id":"6t4qdr89mzcjc1b","previousEventId":"kmfdk8c1z9in6az","previousOperationId":"c8akya1lk9oa836"}
{"type":"log","timestamp":1708456232647,"level":"debug","message":"Skipping storing report.","meta":{"rootId":"edmg2d2zt9hwbpz","id":"edmg2d2zt9hwbpz"},"id":"d8qi50kworo4yhe","previousOperationId":"c8akya1lk9oa836"}
{"type":"log","timestamp":1708456232647,"level":"info","message":"Rendering request 48 finished in 233 ms","meta":{"rootId":"edmg2d2zt9hwbpz","id":"edmg2d2zt9hwbpz"},"id":"cph31o0fqzhjgop","previousOperationId":"c8akya1lk9oa836"}
{"type":"operationEnd","subtype":"render","operationId":"s9lapaxz0jgz92z","timestamp":1708456232647,"id":"t5aw24ok783fvxp","previousEventId":"6t4qdr89mzcjc1b","previousOperationId":"c8akya1lk9oa836"}
{"type":"operationEnd","doDiffs":false,"previousEventId":"xcowuz0lf3wg52s","previousOperationId":"pvn3seongsawms9","operationId":"pvn3seongsawms9","timestamp":1708456232649,"id":"zjaodoniv44qg0v"}
