{"type":"operationStart","subtype":"profile","data":{"_id":"gwNxf4ZHCHBS5Zp2","timestamp":"2024-02-20T18:57:16.454Z","state":"queued","mode":"standard","creationDate":"2024-02-20T18:57:16.455Z","modificationDate":"2024-02-20T18:57:16.455Z","shortid":"oVAzCAu","$entitySet":"profiles"},"doDiffs":false,"timestamp":1708455436455,"id":"g9escmilg5spu0j","previousOperationId":null,"operationId":"bw6wuq1lskejgko"}
{"type":"log","level":"info","message":"Render request 36 queued for execution and waiting for available worker","previousOperationId":"bw6wuq1lskejgko","timestamp":1708455436455,"id":"2qld1tcw971fqn1"}
{"type":"operationStart","subtype":"render","name":"TemplateList","previousOperationId":"bw6wuq1lskejgko","timestamp":1708455436459,"id":"aloazlofyl4cfts","previousEventId":"g9escmilg5spu0j","operationId":"44o7t3hmdp5x5qc"}
{"type":"log","timestamp":1708455436459,"level":"info","message":"Starting rendering request 36","meta":{"rootId":"eif8ochavnolh8c","id":"eif8ochavnolh8c"},"id":"8qfcz9z1o5la3qc","previousOperationId":"44o7t3hmdp5x5qc"}
{"type":"log","timestamp":1708455436459,"level":"info","message":"Rendering template { name: TemplateList, recipe: chrome-pdf, engine: handlebars, preview: true }","meta":{"rootId":"eif8ochavnolh8c","id":"eif8ochavnolh8c"},"id":"mqidonmndb2glpp","previousOperationId":"44o7t3hmdp5x5qc"}
{"type":"log","timestamp":1708455436459,"level":"debug","message":"Data item not defined for this template.","meta":{"rootId":"eif8ochavnolh8c","id":"eif8ochavnolh8c"},"id":"d8t7ynrt0t30yw4","previousOperationId":"44o7t3hmdp5x5qc"}
{"type":"log","timestamp":1708455436461,"level":"debug","message":"Executing script list-data (beforeRender)","meta":{"rootId":"eif8ochavnolh8c","id":"eif8ochavnolh8c"},"id":"lohy2yqi8fk2mpc","previousOperationId":"44o7t3hmdp5x5qc"}
{"type":"operationStart","subtype":"scriptsBeforeRender","name":"scripts beforeRender","timestamp":1708455436466,"id":"igxvd1n2acqfc7b","previousEventId":"aloazlofyl4cfts","operationId":"hv147gwgyy4u8bo","previousOperationId":"44o7t3hmdp5x5qc"}
{"type":"operationStart","subtype":"script","name":"scripts list-data","previousOperationId":"hv147gwgyy4u8bo","timestamp":1708455436466,"id":"p6ukcwk277bfr62","previousEventId":"igxvd1n2acqfc7b","operationId":"8equx7fdnu1lhb7"}
{"type":"log","timestamp":1708455436487,"level":"debug","message":"(console:log) [\n  {\n    list_description: {\n      id: 2,\n      list_name: 'sarshisha',\n      list_current_number: 13,\n      list_limit_number: 0\n    },\n    list_image: {\n      url: 'http://localhost:4000/rails/active_storage/blobs/redirect/eyJfcmFpbHMiOnsiZGF0YSI6MywicHVyIjoiYmxvYl9pZCJ9fQ==--07183cfade35ce6ffe715f60749642919ec61f5d/charcuteria.png'\n    }\n  },\n  {\n    list_description: {\n      id: 3,\n      list_name: 'stjsjshtshn',\n      list_current_number: 4,\n      list_limit_number: 0\n    },\n    list_image: {\n      url: 'http://localhost:4000/rails/active_storage/blobs/redirect/eyJfcmFpbHMiOnsiZGF0YSI6NCwicHVyIjoiYmxvYl9pZCJ9fQ==--023aae65cb60b3f6c6d73a9c76e14c0b0df6ad86/dibujoadrian.jpg'\n    }\n  },\n  {\n    list_description: {\n      id: 1,\n      list_name: 'charcuteria',\n      list_current_number: 1,\n      list_limit_number: 0\n    },\n    list_image: {\n      url: 'http://localhost:4000/rails/active_storage/blobs/redirect/eyJfcmFpbHMiOnsiZGF0YSI6MiwicHVyIjoiYmxvYl9pZCJ9fQ==--ee6d56bf52163135b48a4ba2c22b11a93e94d3b3/charcuteria.png'\n    }\n  }\n]","meta":{"userLevel":true,"rootId":"eif8ochavnolh8c","id":"eif8ochavnolh8c"},"id":"pu8y199kqw6wivq","previousOperationId":"8equx7fdnu1lhb7"}
{"type":"log","timestamp":1708455436497,"level":"debug","message":"(console:log) [\n  {\n    id: 1,\n    nickname: 'a',\n    is_admin: true,\n    suscriptor: null,\n    created_at: '2024-02-20T16:45:37.609Z',\n    updated_at: '2024-02-20T16:45:37.729Z',\n    email: 'a@a.a',\n    jti: '6a2b57ca-af4b-47a0-8285-477cffafa34b'\n  }\n]","meta":{"userLevel":true,"rootId":"eif8ochavnolh8c","id":"eif8ochavnolh8c"},"id":"tv9dlcq69k2p31s","previousOperationId":"8equx7fdnu1lhb7"}
{"type":"operationEnd","operationId":"8equx7fdnu1lhb7","timestamp":1708455436497,"id":"ho8jn4yg7itcgaz","previousEventId":"aloazlofyl4cfts","previousOperationId":"44o7t3hmdp5x5qc"}
{"type":"operationEnd","operationId":"hv147gwgyy4u8bo","timestamp":1708455436497,"id":"x44ivwveg3soj5k","previousEventId":"ho8jn4yg7itcgaz","previousOperationId":"44o7t3hmdp5x5qc"}
{"type":"log","timestamp":1708455436497,"level":"debug","message":"Base url not specified, skipping its injection.","meta":{"rootId":"eif8ochavnolh8c","id":"eif8ochavnolh8c"},"id":"2ohx9ke6lrxnsd0","previousOperationId":"hv147gwgyy4u8bo"}
{"type":"operationStart","subtype":"engine","name":"handlebars","timestamp":1708455436497,"id":"hpx1kl570qv2ks3","previousEventId":"x44ivwveg3soj5k","operationId":"nemeaqg0gofkypm","previousOperationId":"hv147gwgyy4u8bo"}
{"type":"log","timestamp":1708455436497,"level":"debug","message":"Rendering engine handlebars","meta":{"rootId":"eif8ochavnolh8c","id":"eif8ochavnolh8c"},"id":"g4y2gyd2pynw70c","previousOperationId":"nemeaqg0gofkypm"}
{"type":"operationEnd","operationId":"nemeaqg0gofkypm","timestamp":1708455436509,"id":"6o0l7sn1cik49hr","previousEventId":"hpx1kl570qv2ks3","previousOperationId":"nemeaqg0gofkypm"}
{"type":"operationStart","subtype":"recipe","name":"chrome-pdf","timestamp":1708455436510,"id":"wn6etla8zb7gdp8","previousEventId":"6o0l7sn1cik49hr","operationId":"8bajipeg8lj0g1e","previousOperationId":"nemeaqg0gofkypm"}
{"type":"log","timestamp":1708455436510,"level":"debug","message":"Executing recipe chrome-pdf","meta":{"rootId":"eif8ochavnolh8c","id":"eif8ochavnolh8c"},"id":"gmrq41gc4hsiizz","previousOperationId":"8bajipeg8lj0g1e"}
{"type":"log","timestamp":1708455436511,"level":"debug","message":"Converting with chrome HeadlessChrome/117.0.5938.149 using chrome-pool strategy","meta":{"rootId":"eif8ochavnolh8c","id":"eif8ochavnolh8c"},"id":"cqk0jmlu98cf1es","previousOperationId":"8bajipeg8lj0g1e"}
{"type":"log","timestamp":1708455436546,"level":"debug","message":"Page request: GET (document) file:///tmp/jsreport/autocleanup/d5aa6137-de6f-4206-8af6-7e8ebc7e7f15-chrome-pdf.html","meta":{"rootId":"eif8ochavnolh8c","id":"eif8ochavnolh8c"},"id":"dggb3a7xfq2gjhp","previousOperationId":"8bajipeg8lj0g1e"}
{"type":"log","timestamp":1708455436555,"level":"debug","message":"Page request: GET (stylesheet) https://cdn.jsdelivr.net/chartist.js/latest/chartist.min.css","meta":{"rootId":"eif8ochavnolh8c","id":"eif8ochavnolh8c"},"id":"hpf6smpb70zmt4f","previousOperationId":"8bajipeg8lj0g1e"}
{"type":"log","timestamp":1708455436556,"level":"debug","message":"Page request: GET (script) https://cdn.jsdelivr.net/chartist.js/latest/chartist.min.js","meta":{"rootId":"eif8ochavnolh8c","id":"eif8ochavnolh8c"},"id":"f9shyiq3c8o3h6s","previousOperationId":"8bajipeg8lj0g1e"}
{"type":"log","timestamp":1708455436556,"level":"debug","message":"Page request: GET (script) https://code.jquery.com/jquery-3.6.0.min.js","meta":{"rootId":"eif8ochavnolh8c","id":"eif8ochavnolh8c"},"id":"wmswo2lp8sprr6q","previousOperationId":"8bajipeg8lj0g1e"}
{"type":"log","timestamp":1708455436558,"level":"debug","message":"Page request: GET (script) https://cdn.jsdelivr.net/npm/chart.js","meta":{"rootId":"eif8ochavnolh8c","id":"eif8ochavnolh8c"},"id":"jmrz98xgjs3gfx3","previousOperationId":"8bajipeg8lj0g1e"}
{"type":"log","timestamp":1708455436558,"level":"debug","message":"Page request finished: GET (document) 200 file:///tmp/jsreport/autocleanup/d5aa6137-de6f-4206-8af6-7e8ebc7e7f15-chrome-pdf.html","meta":{"rootId":"eif8ochavnolh8c","id":"eif8ochavnolh8c"},"id":"3c4tx18l798yk7i","previousOperationId":"8bajipeg8lj0g1e"}
{"type":"log","timestamp":1708455436559,"level":"debug","message":"Page request finished: GET (stylesheet) 200 https://cdn.jsdelivr.net/chartist.js/latest/chartist.min.css","meta":{"rootId":"eif8ochavnolh8c","id":"eif8ochavnolh8c"},"id":"gs3yuqbsu8drprv","previousOperationId":"8bajipeg8lj0g1e"}
{"type":"log","timestamp":1708455436561,"level":"debug","message":"Page request finished: GET (script) 200 https://cdn.jsdelivr.net/chartist.js/latest/chartist.min.js","meta":{"rootId":"eif8ochavnolh8c","id":"eif8ochavnolh8c"},"id":"476n07sfr4m6dv6","previousOperationId":"8bajipeg8lj0g1e"}
{"type":"log","timestamp":1708455436562,"level":"debug","message":"Page request finished: GET (script) 200 https://code.jquery.com/jquery-3.6.0.min.js","meta":{"rootId":"eif8ochavnolh8c","id":"eif8ochavnolh8c"},"id":"g0ksyjoiio40teh","previousOperationId":"8bajipeg8lj0g1e"}
{"type":"log","timestamp":1708455436567,"level":"debug","message":"Page request finished: GET (script) 200 https://cdn.jsdelivr.net/npm/chart.js","meta":{"rootId":"eif8ochavnolh8c","id":"eif8ochavnolh8c"},"id":"zmfv5929j3mvfhw","previousOperationId":"8bajipeg8lj0g1e"}
{"type":"log","timestamp":1708455436570,"level":"warn","message":"Page error: Unexpected token ',' , stack: SyntaxError: Unexpected token ','","meta":{"rootId":"eif8ochavnolh8c","id":"eif8ochavnolh8c"},"id":"3z1bo25i3pwox5r","previousOperationId":"8bajipeg8lj0g1e"}
{"type":"log","timestamp":1708455436576,"level":"debug","message":"Running chrome with params {\"printBackground\":true,\"timeout\":59944,\"margin\":{}}","meta":{"rootId":"eif8ochavnolh8c","id":"eif8ochavnolh8c"},"id":"hgz1b0v0ofw2cai","previousOperationId":"8bajipeg8lj0g1e"}
{"type":"operationEnd","operationId":"8bajipeg8lj0g1e","timestamp":1708455436589,"id":"ypibng5v6p9rjrk","previousEventId":"wn6etla8zb7gdp8","previousOperationId":"8bajipeg8lj0g1e"}
{"type":"log","timestamp":1708455436590,"level":"debug","message":"Skipping storing report.","meta":{"rootId":"eif8ochavnolh8c","id":"eif8ochavnolh8c"},"id":"2ao1bhgz9hh3x53","previousOperationId":"8bajipeg8lj0g1e"}
{"type":"log","timestamp":1708455436590,"level":"info","message":"Rendering request 36 finished in 136 ms","meta":{"rootId":"eif8ochavnolh8c","id":"eif8ochavnolh8c"},"id":"8pwgv1i9vj9qg2n","previousOperationId":"8bajipeg8lj0g1e"}
{"type":"operationEnd","subtype":"render","operationId":"44o7t3hmdp5x5qc","timestamp":1708455436590,"id":"guuuy88gv7jc9uh","previousEventId":"ypibng5v6p9rjrk","previousOperationId":"8bajipeg8lj0g1e"}
{"type":"operationEnd","doDiffs":false,"previousEventId":"g9escmilg5spu0j","previousOperationId":"bw6wuq1lskejgko","operationId":"bw6wuq1lskejgko","timestamp":1708455436598,"id":"vcofinbe4brec7s"}
