{"type":"operationStart","subtype":"profile","data":{"_id":"mqH3OKj1KBo7dQ8K","timestamp":"2024-02-20T18:51:29.355Z","state":"queued","mode":"standard","creationDate":"2024-02-20T18:51:29.356Z","modificationDate":"2024-02-20T18:51:29.356Z","shortid":"rjdfofi","$entitySet":"profiles"},"doDiffs":false,"timestamp":1708455089355,"id":"mv29cjfusdrmnii","previousOperationId":null,"operationId":"lnc0utnh19v380e"}
{"type":"log","level":"info","message":"Render request 23 queued for execution and waiting for available worker","previousOperationId":"lnc0utnh19v380e","timestamp":1708455089355,"id":"fisu9y6hjq4jsqi"}
{"type":"operationStart","subtype":"render","name":"TemplateList","previousOperationId":"lnc0utnh19v380e","timestamp":1708455089360,"id":"pz554gw55l5of7u","previousEventId":"mv29cjfusdrmnii","operationId":"5q4tk2x6xcl86am"}
{"type":"log","timestamp":1708455089360,"level":"info","message":"Starting rendering request 23","meta":{"rootId":"ekyrsu9cgl2i9sv","id":"ekyrsu9cgl2i9sv"},"id":"0x1agj7mpcjb7fn","previousOperationId":"5q4tk2x6xcl86am"}
{"type":"log","timestamp":1708455089360,"level":"info","message":"Rendering template { name: TemplateList, recipe: chrome-pdf, engine: handlebars, preview: true }","meta":{"rootId":"ekyrsu9cgl2i9sv","id":"ekyrsu9cgl2i9sv"},"id":"6ik1d4d0btkbe6r","previousOperationId":"5q4tk2x6xcl86am"}
{"type":"log","timestamp":1708455089360,"level":"debug","message":"Data item not defined for this template.","meta":{"rootId":"ekyrsu9cgl2i9sv","id":"ekyrsu9cgl2i9sv"},"id":"iu308r0jo38imbu","previousOperationId":"5q4tk2x6xcl86am"}
{"type":"log","timestamp":1708455089362,"level":"debug","message":"Executing script list-data (beforeRender)","meta":{"rootId":"ekyrsu9cgl2i9sv","id":"ekyrsu9cgl2i9sv"},"id":"b0wy1gnr8tb2qry","previousOperationId":"5q4tk2x6xcl86am"}
{"type":"operationStart","subtype":"scriptsBeforeRender","name":"scripts beforeRender","timestamp":1708455089366,"id":"v3txob74b3bj1jv","previousEventId":"pz554gw55l5of7u","operationId":"f5kggzn2kei8pos","previousOperationId":"5q4tk2x6xcl86am"}
{"type":"operationStart","subtype":"script","name":"scripts list-data","previousOperationId":"f5kggzn2kei8pos","timestamp":1708455089366,"id":"7zned3ov359wfgq","previousEventId":"v3txob74b3bj1jv","operationId":"pedfsaew4nec045"}
{"type":"log","timestamp":1708455089382,"level":"debug","message":"(console:log) [\n  {\n    list_description: {\n      id: 3,\n      list_name: 'stjsjshtshn',\n      list_current_number: 0,\n      list_limit_number: 0\n    },\n    list_image: {\n      url: 'http://localhost:4000/rails/active_storage/blobs/redirect/eyJfcmFpbHMiOnsiZGF0YSI6NCwicHVyIjoiYmxvYl9pZCJ9fQ==--023aae65cb60b3f6c6d73a9c76e14c0b0df6ad86/dibujoadrian.jpg'\n    }\n  },\n  {\n    list_description: {\n      id: 1,\n      list_name: 'charcuteria',\n      list_current_number: 0,\n      list_limit_number: 0\n    },\n    list_image: {\n      url: 'http://localhost:4000/rails/active_storage/blobs/redirect/eyJfcmFpbHMiOnsiZGF0YSI6MiwicHVyIjoiYmxvYl9pZCJ9fQ==--ee6d56bf52163135b48a4ba2c22b11a93e94d3b3/charcuteria.png'\n    }\n  },\n  {\n    list_description: {\n      id: 2,\n      list_name: 'sarshisha',\n      list_current_number: 13,\n      list_limit_number: 0\n    },\n    list_image: {\n      url: 'http://localhost:4000/rails/active_storage/blobs/redirect/eyJfcmFpbHMiOnsiZGF0YSI6MywicHVyIjoiYmxvYl9pZCJ9fQ==--07183cfade35ce6ffe715f60749642919ec61f5d/charcuteria.png'\n    }\n  }\n]","meta":{"userLevel":true,"rootId":"ekyrsu9cgl2i9sv","id":"ekyrsu9cgl2i9sv"},"id":"1xlajcr1wxdm311","previousOperationId":"pedfsaew4nec045"}
{"type":"log","timestamp":1708455089390,"level":"debug","message":"(console:log) [\n  {\n    id: 1,\n    nickname: 'a',\n    is_admin: true,\n    suscriptor: null,\n    created_at: '2024-02-20T16:45:37.609Z',\n    updated_at: '2024-02-20T16:45:37.729Z',\n    email: 'a@a.a',\n    jti: '6a2b57ca-af4b-47a0-8285-477cffafa34b'\n  }\n]","meta":{"userLevel":true,"rootId":"ekyrsu9cgl2i9sv","id":"ekyrsu9cgl2i9sv"},"id":"xlakkr063yniqba","previousOperationId":"pedfsaew4nec045"}
{"type":"operationEnd","operationId":"pedfsaew4nec045","timestamp":1708455089390,"id":"lnj9iy4v6z8ejfy","previousEventId":"pz554gw55l5of7u","previousOperationId":"5q4tk2x6xcl86am"}
{"type":"operationEnd","operationId":"f5kggzn2kei8pos","timestamp":1708455089390,"id":"xx0b6hpwf6mmyoz","previousEventId":"lnj9iy4v6z8ejfy","previousOperationId":"5q4tk2x6xcl86am"}
{"type":"log","timestamp":1708455089390,"level":"debug","message":"Base url not specified, skipping its injection.","meta":{"rootId":"ekyrsu9cgl2i9sv","id":"ekyrsu9cgl2i9sv"},"id":"qrhvem6oddpcpl4","previousOperationId":"f5kggzn2kei8pos"}
{"type":"operationStart","subtype":"engine","name":"handlebars","timestamp":1708455089390,"id":"n4vpa3pmntr3cyv","previousEventId":"xx0b6hpwf6mmyoz","operationId":"8y3djxcpmlwg71j","previousOperationId":"f5kggzn2kei8pos"}
{"type":"log","timestamp":1708455089390,"level":"debug","message":"Rendering engine handlebars","meta":{"rootId":"ekyrsu9cgl2i9sv","id":"ekyrsu9cgl2i9sv"},"id":"610xrvn6vv1kzyu","previousOperationId":"8y3djxcpmlwg71j"}
{"type":"operationEnd","operationId":"8y3djxcpmlwg71j","timestamp":1708455089402,"id":"hoxxahjm04agd0f","previousEventId":"n4vpa3pmntr3cyv","previousOperationId":"8y3djxcpmlwg71j"}
{"type":"operationStart","subtype":"recipe","name":"chrome-pdf","timestamp":1708455089402,"id":"b2hbcs9tl0onae1","previousEventId":"hoxxahjm04agd0f","operationId":"nqapieu404f5s2q","previousOperationId":"8y3djxcpmlwg71j"}
{"type":"log","timestamp":1708455089402,"level":"debug","message":"Executing recipe chrome-pdf","meta":{"rootId":"ekyrsu9cgl2i9sv","id":"ekyrsu9cgl2i9sv"},"id":"j27hyqxdx8k72vx","previousOperationId":"nqapieu404f5s2q"}
{"type":"log","timestamp":1708455089404,"level":"debug","message":"Converting with chrome HeadlessChrome/117.0.5938.149 using chrome-pool strategy","meta":{"rootId":"ekyrsu9cgl2i9sv","id":"ekyrsu9cgl2i9sv"},"id":"3ejzbbib66mt64s","previousOperationId":"nqapieu404f5s2q"}
{"type":"log","timestamp":1708455089432,"level":"debug","message":"Page request: GET (document) file:///tmp/jsreport/autocleanup/d22f157b-57d6-4561-a422-6d18217186a2-chrome-pdf.html","meta":{"rootId":"ekyrsu9cgl2i9sv","id":"ekyrsu9cgl2i9sv"},"id":"t5i2yga1d2pww2p","previousOperationId":"nqapieu404f5s2q"}
{"type":"log","timestamp":1708455089439,"level":"debug","message":"Page request: GET (stylesheet) https://cdn.jsdelivr.net/chartist.js/latest/chartist.min.css","meta":{"rootId":"ekyrsu9cgl2i9sv","id":"ekyrsu9cgl2i9sv"},"id":"r1l0wl1rsr7xtjp","previousOperationId":"nqapieu404f5s2q"}
{"type":"log","timestamp":1708455089440,"level":"debug","message":"Page request: GET (script) https://cdn.jsdelivr.net/chartist.js/latest/chartist.min.js","meta":{"rootId":"ekyrsu9cgl2i9sv","id":"ekyrsu9cgl2i9sv"},"id":"n832zbw1h1rnldg","previousOperationId":"nqapieu404f5s2q"}
{"type":"log","timestamp":1708455089440,"level":"debug","message":"Page request: GET (script) https://code.jquery.com/jquery-3.6.0.min.js","meta":{"rootId":"ekyrsu9cgl2i9sv","id":"ekyrsu9cgl2i9sv"},"id":"g034onq0gpoagsw","previousOperationId":"nqapieu404f5s2q"}
{"type":"log","timestamp":1708455089440,"level":"debug","message":"Page request: GET (script) https://cdn.jsdelivr.net/npm/chart.js","meta":{"rootId":"ekyrsu9cgl2i9sv","id":"ekyrsu9cgl2i9sv"},"id":"cedav3pf92x9hep","previousOperationId":"nqapieu404f5s2q"}
{"type":"log","timestamp":1708455089440,"level":"debug","message":"Page request finished: GET (document) 200 file:///tmp/jsreport/autocleanup/d22f157b-57d6-4561-a422-6d18217186a2-chrome-pdf.html","meta":{"rootId":"ekyrsu9cgl2i9sv","id":"ekyrsu9cgl2i9sv"},"id":"twn7ejzkm4rrwec","previousOperationId":"nqapieu404f5s2q"}
{"type":"log","timestamp":1708455089441,"level":"debug","message":"Page request finished: GET (stylesheet) 200 https://cdn.jsdelivr.net/chartist.js/latest/chartist.min.css","meta":{"rootId":"ekyrsu9cgl2i9sv","id":"ekyrsu9cgl2i9sv"},"id":"qbvqitimnpo3x3j","previousOperationId":"nqapieu404f5s2q"}
{"type":"log","timestamp":1708455089442,"level":"debug","message":"Page request finished: GET (script) 200 https://cdn.jsdelivr.net/chartist.js/latest/chartist.min.js","meta":{"rootId":"ekyrsu9cgl2i9sv","id":"ekyrsu9cgl2i9sv"},"id":"v56eez06zrosyr4","previousOperationId":"nqapieu404f5s2q"}
{"type":"log","timestamp":1708455089444,"level":"debug","message":"Page request finished: GET (script) 200 https://code.jquery.com/jquery-3.6.0.min.js","meta":{"rootId":"ekyrsu9cgl2i9sv","id":"ekyrsu9cgl2i9sv"},"id":"2m3k271xtb89iws","previousOperationId":"nqapieu404f5s2q"}
{"type":"log","timestamp":1708455089448,"level":"debug","message":"Page request finished: GET (script) 200 https://cdn.jsdelivr.net/npm/chart.js","meta":{"rootId":"ekyrsu9cgl2i9sv","id":"ekyrsu9cgl2i9sv"},"id":"zm2mu8q2eiqu93n","previousOperationId":"nqapieu404f5s2q"}
{"type":"log","timestamp":1708455089490,"level":"debug","message":"Running chrome with params {\"printBackground\":true,\"timeout\":59952,\"margin\":{}}","meta":{"rootId":"ekyrsu9cgl2i9sv","id":"ekyrsu9cgl2i9sv"},"id":"4tvl3c4wk8ulhq4","previousOperationId":"nqapieu404f5s2q"}
{"type":"operationEnd","operationId":"nqapieu404f5s2q","timestamp":1708455089516,"id":"u38mdeq4iyn7q0h","previousEventId":"b2hbcs9tl0onae1","previousOperationId":"nqapieu404f5s2q"}
{"type":"log","timestamp":1708455089516,"level":"debug","message":"Skipping storing report.","meta":{"rootId":"ekyrsu9cgl2i9sv","id":"ekyrsu9cgl2i9sv"},"id":"q5s5q8kqprlbju2","previousOperationId":"nqapieu404f5s2q"}
{"type":"log","timestamp":1708455089516,"level":"info","message":"Rendering request 23 finished in 161 ms","meta":{"rootId":"ekyrsu9cgl2i9sv","id":"ekyrsu9cgl2i9sv"},"id":"73xi3u4rt4ssrrv","previousOperationId":"nqapieu404f5s2q"}
{"type":"operationEnd","subtype":"render","operationId":"5q4tk2x6xcl86am","timestamp":1708455089516,"id":"gtgg22m0k0hb4is","previousEventId":"u38mdeq4iyn7q0h","previousOperationId":"nqapieu404f5s2q"}
{"type":"operationEnd","doDiffs":false,"previousEventId":"mv29cjfusdrmnii","previousOperationId":"lnc0utnh19v380e","operationId":"lnc0utnh19v380e","timestamp":1708455089519,"id":"y3svh24zuoayrak"}
