{"type":"operationStart","subtype":"profile","data":{"_id":"J2MW2yI7ccLsdqV8","timestamp":"2024-02-20T19:08:38.985Z","state":"queued","mode":"standard","creationDate":"2024-02-20T19:08:38.986Z","modificationDate":"2024-02-20T19:08:38.986Z","shortid":"olv1cRC","$entitySet":"profiles"},"doDiffs":false,"timestamp":1708456118985,"id":"nt91io4eyrfx7pw","previousOperationId":null,"operationId":"sjdq807f66jbbjg"}
{"type":"log","level":"info","message":"Render request 44 queued for execution and waiting for available worker","previousOperationId":"sjdq807f66jbbjg","timestamp":1708456118986,"id":"ez93mkxdpspqqcu"}
{"type":"operationStart","subtype":"render","name":"TemplateList","previousOperationId":"sjdq807f66jbbjg","timestamp":1708456118990,"id":"hclqsub2x2q8yba","previousEventId":"nt91io4eyrfx7pw","operationId":"4luxxhnnbusq9oe"}
{"type":"log","timestamp":1708456118990,"level":"info","message":"Starting rendering request 44","meta":{"rootId":"f7ka65so1fif0eb","id":"f7ka65so1fif0eb"},"id":"ogz2euzthfbngfy","previousOperationId":"4luxxhnnbusq9oe"}
{"type":"log","timestamp":1708456118990,"level":"info","message":"Rendering template { name: TemplateList, recipe: chrome-pdf, engine: handlebars, preview: true }","meta":{"rootId":"f7ka65so1fif0eb","id":"f7ka65so1fif0eb"},"id":"mbemr3s51n5qb1y","previousOperationId":"4luxxhnnbusq9oe"}
{"type":"log","timestamp":1708456118990,"level":"debug","message":"Data item not defined for this template.","meta":{"rootId":"f7ka65so1fif0eb","id":"f7ka65so1fif0eb"},"id":"02042swydxhfj3l","previousOperationId":"4luxxhnnbusq9oe"}
{"type":"log","timestamp":1708456118992,"level":"debug","message":"Executing script list-data (beforeRender)","meta":{"rootId":"f7ka65so1fif0eb","id":"f7ka65so1fif0eb"},"id":"1g3z55sktd4huf3","previousOperationId":"4luxxhnnbusq9oe"}
{"type":"operationStart","subtype":"scriptsBeforeRender","name":"scripts beforeRender","timestamp":1708456118996,"id":"26g4gocaugqctr0","previousEventId":"hclqsub2x2q8yba","operationId":"dzw2khsj9k0v4tt","previousOperationId":"4luxxhnnbusq9oe"}
{"type":"operationStart","subtype":"script","name":"scripts list-data","previousOperationId":"dzw2khsj9k0v4tt","timestamp":1708456118997,"id":"lsxwj630fj9lknd","previousEventId":"26g4gocaugqctr0","operationId":"cz716k392iik9kn"}
{"type":"log","timestamp":1708456119018,"level":"debug","message":"(console:log) [\n  {\n    list_description: {\n      id: 2,\n      list_name: 'sarshisha',\n      list_current_number: 13,\n      list_limit_number: 0\n    },\n    list_image: {\n      url: 'http://localhost:4000/rails/active_storage/blobs/redirect/eyJfcmFpbHMiOnsiZGF0YSI6MywicHVyIjoiYmxvYl9pZCJ9fQ==--07183cfade35ce6ffe715f60749642919ec61f5d/charcuteria.png'\n    }\n  },\n  {\n    list_description: {\n      id: 3,\n      list_name: 'stjsjshtshn',\n      list_current_number: 4,\n      list_limit_number: 0\n    },\n    list_image: {\n      url: 'http://localhost:4000/rails/active_storage/blobs/redirect/eyJfcmFpbHMiOnsiZGF0YSI6NCwicHVyIjoiYmxvYl9pZCJ9fQ==--023aae65cb60b3f6c6d73a9c76e14c0b0df6ad86/dibujoadrian.jpg'\n    }\n  },\n  {\n    list_description: {\n      id: 1,\n      list_name: 'charcuteria',\n      list_current_number: 1,\n      list_limit_number: 0\n    },\n    list_image: {\n      url: 'http://localhost:4000/rails/active_storage/blobs/redirect/eyJfcmFpbHMiOnsiZGF0YSI6MiwicHVyIjoiYmxvYl9pZCJ9fQ==--ee6d56bf52163135b48a4ba2c22b11a93e94d3b3/charcuteria.png'\n    }\n  }\n]","meta":{"userLevel":true,"rootId":"f7ka65so1fif0eb","id":"f7ka65so1fif0eb"},"id":"4lwts0lngplkbq0","previousOperationId":"cz716k392iik9kn"}
{"type":"log","timestamp":1708456119026,"level":"debug","message":"(console:log) [\n  {\n    id: 1,\n    nickname: 'a',\n    is_admin: true,\n    suscriptor: null,\n    created_at: '2024-02-20T16:45:37.609Z',\n    updated_at: '2024-02-20T16:45:37.729Z',\n    email: 'a@a.a',\n    jti: '6a2b57ca-af4b-47a0-8285-477cffafa34b'\n  }\n]","meta":{"userLevel":true,"rootId":"f7ka65so1fif0eb","id":"f7ka65so1fif0eb"},"id":"6pc4y5tbbu3oivk","previousOperationId":"cz716k392iik9kn"}
{"type":"operationEnd","operationId":"cz716k392iik9kn","timestamp":1708456119027,"id":"mja90adycyfqzbh","previousEventId":"hclqsub2x2q8yba","previousOperationId":"4luxxhnnbusq9oe"}
{"type":"operationEnd","operationId":"dzw2khsj9k0v4tt","timestamp":1708456119027,"id":"ibp8p3yn8eq32ur","previousEventId":"mja90adycyfqzbh","previousOperationId":"4luxxhnnbusq9oe"}
{"type":"log","timestamp":1708456119027,"level":"debug","message":"Base url not specified, skipping its injection.","meta":{"rootId":"f7ka65so1fif0eb","id":"f7ka65so1fif0eb"},"id":"4w7wnu2871flup2","previousOperationId":"dzw2khsj9k0v4tt"}
{"type":"operationStart","subtype":"engine","name":"handlebars","timestamp":1708456119027,"id":"s2krojf8bk3o1qf","previousEventId":"ibp8p3yn8eq32ur","operationId":"nt33ljydg34wcw2","previousOperationId":"dzw2khsj9k0v4tt"}
{"type":"log","timestamp":1708456119027,"level":"debug","message":"Rendering engine handlebars","meta":{"rootId":"f7ka65so1fif0eb","id":"f7ka65so1fif0eb"},"id":"4docqupmzuz0zly","previousOperationId":"nt33ljydg34wcw2"}
{"type":"operationEnd","operationId":"nt33ljydg34wcw2","timestamp":1708456119040,"id":"bgwucgfw3kjl7gj","previousEventId":"s2krojf8bk3o1qf","previousOperationId":"nt33ljydg34wcw2"}
{"type":"operationStart","subtype":"recipe","name":"chrome-pdf","timestamp":1708456119040,"id":"cx5gxsgmvgq2lo3","previousEventId":"bgwucgfw3kjl7gj","operationId":"ub2zmzax8phqjbn","previousOperationId":"nt33ljydg34wcw2"}
{"type":"log","timestamp":1708456119040,"level":"debug","message":"Executing recipe chrome-pdf","meta":{"rootId":"f7ka65so1fif0eb","id":"f7ka65so1fif0eb"},"id":"oafx3lw0to53l09","previousOperationId":"ub2zmzax8phqjbn"}
{"type":"log","timestamp":1708456119042,"level":"debug","message":"Converting with chrome HeadlessChrome/117.0.5938.149 using chrome-pool strategy","meta":{"rootId":"f7ka65so1fif0eb","id":"f7ka65so1fif0eb"},"id":"r3p918hjv14o0eg","previousOperationId":"ub2zmzax8phqjbn"}
{"type":"log","timestamp":1708456119088,"level":"debug","message":"Page request: GET (document) file:///tmp/jsreport/autocleanup/3fa35242-00e1-4db5-a34f-f007ab269845-chrome-pdf.html","meta":{"rootId":"f7ka65so1fif0eb","id":"f7ka65so1fif0eb"},"id":"56dn73aogrzgovd","previousOperationId":"ub2zmzax8phqjbn"}
{"type":"log","timestamp":1708456119097,"level":"debug","message":"Page request: GET (stylesheet) https://cdn.jsdelivr.net/chartist.js/latest/chartist.min.css","meta":{"rootId":"f7ka65so1fif0eb","id":"f7ka65so1fif0eb"},"id":"ycnuqjgxn9v5ngr","previousOperationId":"ub2zmzax8phqjbn"}
{"type":"log","timestamp":1708456119097,"level":"debug","message":"Page request: GET (script) https://cdn.jsdelivr.net/chartist.js/latest/chartist.min.js","meta":{"rootId":"f7ka65so1fif0eb","id":"f7ka65so1fif0eb"},"id":"dcr345houqmh1f1","previousOperationId":"ub2zmzax8phqjbn"}
{"type":"log","timestamp":1708456119097,"level":"debug","message":"Page request: GET (script) https://code.jquery.com/jquery-3.6.0.min.js","meta":{"rootId":"f7ka65so1fif0eb","id":"f7ka65so1fif0eb"},"id":"uyn4ol2cgm6p34z","previousOperationId":"ub2zmzax8phqjbn"}
{"type":"log","timestamp":1708456119097,"level":"debug","message":"Page request: GET (script) https://cdn.jsdelivr.net/npm/chart.js","meta":{"rootId":"f7ka65so1fif0eb","id":"f7ka65so1fif0eb"},"id":"ruuir50bq8x3g7n","previousOperationId":"ub2zmzax8phqjbn"}
{"type":"log","timestamp":1708456119098,"level":"debug","message":"Page request finished: GET (document) 200 file:///tmp/jsreport/autocleanup/3fa35242-00e1-4db5-a34f-f007ab269845-chrome-pdf.html","meta":{"rootId":"f7ka65so1fif0eb","id":"f7ka65so1fif0eb"},"id":"wp59ql10ezv6hts","previousOperationId":"ub2zmzax8phqjbn"}
{"type":"log","timestamp":1708456119100,"level":"debug","message":"Page request finished: GET (stylesheet) 200 https://cdn.jsdelivr.net/chartist.js/latest/chartist.min.css","meta":{"rootId":"f7ka65so1fif0eb","id":"f7ka65so1fif0eb"},"id":"aeoxltf526lrc7q","previousOperationId":"ub2zmzax8phqjbn"}
{"type":"log","timestamp":1708456119104,"level":"debug","message":"Page request finished: GET (script) 200 https://cdn.jsdelivr.net/chartist.js/latest/chartist.min.js","meta":{"rootId":"f7ka65so1fif0eb","id":"f7ka65so1fif0eb"},"id":"oq5ihzepvu7kj47","previousOperationId":"ub2zmzax8phqjbn"}
{"type":"log","timestamp":1708456119105,"level":"debug","message":"Page request finished: GET (script) 200 https://code.jquery.com/jquery-3.6.0.min.js","meta":{"rootId":"f7ka65so1fif0eb","id":"f7ka65so1fif0eb"},"id":"spma1klvrlu1pv4","previousOperationId":"ub2zmzax8phqjbn"}
{"type":"log","timestamp":1708456119108,"level":"debug","message":"Page request finished: GET (script) 200 https://cdn.jsdelivr.net/npm/chart.js","meta":{"rootId":"f7ka65so1fif0eb","id":"f7ka65so1fif0eb"},"id":"smavnx6zw11k6zd","previousOperationId":"ub2zmzax8phqjbn"}
{"type":"log","timestamp":1708456119156,"level":"debug","message":"Running chrome with params {\"printBackground\":true,\"timeout\":59943,\"margin\":{}}","meta":{"rootId":"f7ka65so1fif0eb","id":"f7ka65so1fif0eb"},"id":"pipyyqojjczjtlp","previousOperationId":"ub2zmzax8phqjbn"}
{"type":"operationEnd","operationId":"ub2zmzax8phqjbn","timestamp":1708456119186,"id":"6rr3nbkf214r1pb","previousEventId":"cx5gxsgmvgq2lo3","previousOperationId":"ub2zmzax8phqjbn"}
{"type":"log","timestamp":1708456119186,"level":"debug","message":"Skipping storing report.","meta":{"rootId":"f7ka65so1fif0eb","id":"f7ka65so1fif0eb"},"id":"2aksu6gqf7spbmx","previousOperationId":"ub2zmzax8phqjbn"}
{"type":"log","timestamp":1708456119186,"level":"info","message":"Rendering request 44 finished in 202 ms","meta":{"rootId":"f7ka65so1fif0eb","id":"f7ka65so1fif0eb"},"id":"e3e7cf1wonplt9l","previousOperationId":"ub2zmzax8phqjbn"}
{"type":"operationEnd","subtype":"render","operationId":"4luxxhnnbusq9oe","timestamp":1708456119186,"id":"grai5gu9ag5appr","previousEventId":"6rr3nbkf214r1pb","previousOperationId":"ub2zmzax8phqjbn"}
{"type":"operationEnd","doDiffs":false,"previousEventId":"nt91io4eyrfx7pw","previousOperationId":"sjdq807f66jbbjg","operationId":"sjdq807f66jbbjg","timestamp":1708456119191,"id":"f11v69brd253wnt"}
