{"type":"operationStart","subtype":"profile","data":{"_id":"ggHFWFDg9F0qeok8","timestamp":"2024-02-21T15:12:35.925Z","state":"queued","mode":"standard","creationDate":"2024-02-21T15:12:35.926Z","modificationDate":"2024-02-21T15:12:35.926Z","shortid":"Wfongms","$entitySet":"profiles"},"doDiffs":false,"timestamp":1708528355925,"id":"0xzz03uez8tzqj7","previousOperationId":null,"operationId":"16suivmjftj1azs"}
{"type":"log","level":"info","message":"Render request 2 queued for execution and waiting for available worker","previousOperationId":"16suivmjftj1azs","timestamp":1708528355925,"id":"y9ul6tyth72e1fm"}
{"type":"operationStart","subtype":"render","name":"TemplateList","previousOperationId":"16suivmjftj1azs","timestamp":1708528355929,"id":"sb7u11czr1vnrk8","previousEventId":"0xzz03uez8tzqj7","operationId":"6r8jutopeha3eh9"}
{"type":"log","timestamp":1708528355930,"level":"info","message":"Starting rendering request 2","meta":{"rootId":"f8d4st3t8urhqc5","id":"f8d4st3t8urhqc5"},"id":"12niny5yml9sf5i","previousOperationId":"6r8jutopeha3eh9"}
{"type":"log","timestamp":1708528355930,"level":"info","message":"Rendering template { name: TemplateList, recipe: chrome-pdf, engine: handlebars, preview: false }","meta":{"rootId":"f8d4st3t8urhqc5","id":"f8d4st3t8urhqc5"},"id":"nnehjvxag3vrz04","previousOperationId":"6r8jutopeha3eh9"}
{"type":"log","timestamp":1708528355931,"level":"debug","message":"Data item not defined for this template.","meta":{"rootId":"f8d4st3t8urhqc5","id":"f8d4st3t8urhqc5"},"id":"sakk7gfn6onzr6c","previousOperationId":"6r8jutopeha3eh9"}
{"type":"log","timestamp":1708528355933,"level":"debug","message":"Executing script list-data (beforeRender)","meta":{"rootId":"f8d4st3t8urhqc5","id":"f8d4st3t8urhqc5"},"id":"eldxg9m260s6e2w","previousOperationId":"6r8jutopeha3eh9"}
{"type":"operationStart","subtype":"scriptsBeforeRender","name":"scripts beforeRender","timestamp":1708528356045,"id":"crrzv6747gwnpcy","previousEventId":"sb7u11czr1vnrk8","operationId":"8rg3lnqlvk5xxxp","previousOperationId":"6r8jutopeha3eh9"}
{"type":"operationStart","subtype":"script","name":"scripts list-data","previousOperationId":"8rg3lnqlvk5xxxp","timestamp":1708528356045,"id":"yxmsoatdm2p5ogt","previousEventId":"crrzv6747gwnpcy","operationId":"x373gs7lteuh8jm"}
{"type":"log","timestamp":1708528356063,"level":"debug","message":"(console:log) []","meta":{"userLevel":true,"rootId":"f8d4st3t8urhqc5","id":"f8d4st3t8urhqc5"},"id":"xje1v544qa5agbg","previousOperationId":"x373gs7lteuh8jm"}
{"type":"log","timestamp":1708528356069,"level":"debug","message":"(console:log) [\n  {\n    id: 1,\n    nickname: 'a',\n    is_admin: true,\n    suscriptor: null,\n    created_at: '2024-02-21T15:10:53.705Z',\n    updated_at: '2024-02-21T15:10:53.705Z',\n    email: 'aa@aa',\n    jti: '19ae21bd-9ffc-485b-939b-487af72659c6'\n  }\n]","meta":{"userLevel":true,"rootId":"f8d4st3t8urhqc5","id":"f8d4st3t8urhqc5"},"id":"s1d93mivrockfra","previousOperationId":"x373gs7lteuh8jm"}
{"type":"operationEnd","operationId":"x373gs7lteuh8jm","timestamp":1708528356069,"id":"alwixvd8809y94d","previousEventId":"sb7u11czr1vnrk8","previousOperationId":"6r8jutopeha3eh9"}
{"type":"operationEnd","operationId":"8rg3lnqlvk5xxxp","timestamp":1708528356069,"id":"pfajitu7pumtnsk","previousEventId":"alwixvd8809y94d","previousOperationId":"6r8jutopeha3eh9"}
{"type":"log","timestamp":1708528356070,"level":"debug","message":"Base url not specified, skipping its injection.","meta":{"rootId":"f8d4st3t8urhqc5","id":"f8d4st3t8urhqc5"},"id":"tppwa2t7nr19yfg","previousOperationId":"8rg3lnqlvk5xxxp"}
{"type":"operationStart","subtype":"engine","name":"handlebars","timestamp":1708528356070,"id":"dfd9iucvoq9lyq6","previousEventId":"pfajitu7pumtnsk","operationId":"8mbx6ziuv8dcde6","previousOperationId":"8rg3lnqlvk5xxxp"}
{"type":"log","timestamp":1708528356070,"level":"debug","message":"Rendering engine handlebars","meta":{"rootId":"f8d4st3t8urhqc5","id":"f8d4st3t8urhqc5"},"id":"qtymooaogtyl5e6","previousOperationId":"8mbx6ziuv8dcde6"}
{"type":"operationEnd","operationId":"8mbx6ziuv8dcde6","timestamp":1708528356207,"id":"1fez1zfsis4lod9","previousEventId":"dfd9iucvoq9lyq6","previousOperationId":"8mbx6ziuv8dcde6"}
{"type":"operationStart","subtype":"recipe","name":"chrome-pdf","timestamp":1708528356208,"id":"kc2o7620gckyi09","previousEventId":"1fez1zfsis4lod9","operationId":"6q94j5xe2xqiyzp","previousOperationId":"8mbx6ziuv8dcde6"}
{"type":"log","timestamp":1708528356208,"level":"debug","message":"Executing recipe chrome-pdf","meta":{"rootId":"f8d4st3t8urhqc5","id":"f8d4st3t8urhqc5"},"id":"wy2c91lubysqvhs","previousOperationId":"6q94j5xe2xqiyzp"}
{"type":"log","timestamp":1708528356468,"level":"debug","message":"Converting with chrome HeadlessChrome/117.0.5938.149 using chrome-pool strategy","meta":{"rootId":"f8d4st3t8urhqc5","id":"f8d4st3t8urhqc5"},"id":"07wthgxx7gaoo59","previousOperationId":"6q94j5xe2xqiyzp"}
{"type":"log","timestamp":1708528356502,"level":"debug","message":"Page request: GET (document) file:///tmp/jsreport/autocleanup/1a9a1209-583d-48e6-9501-5744b0e6df6c-chrome-pdf.html","meta":{"rootId":"f8d4st3t8urhqc5","id":"f8d4st3t8urhqc5"},"id":"xovi5t8s9to2p0q","previousOperationId":"6q94j5xe2xqiyzp"}
{"type":"log","timestamp":1708528356508,"level":"debug","message":"Page request: GET (stylesheet) https://cdn.jsdelivr.net/chartist.js/latest/chartist.min.css","meta":{"rootId":"f8d4st3t8urhqc5","id":"f8d4st3t8urhqc5"},"id":"3alhkl1vu2o0cmd","previousOperationId":"6q94j5xe2xqiyzp"}
{"type":"log","timestamp":1708528356508,"level":"debug","message":"Page request: GET (script) https://cdn.jsdelivr.net/chartist.js/latest/chartist.min.js","meta":{"rootId":"f8d4st3t8urhqc5","id":"f8d4st3t8urhqc5"},"id":"h33objlnzu3so36","previousOperationId":"6q94j5xe2xqiyzp"}
{"type":"log","timestamp":1708528356509,"level":"debug","message":"Page request finished: GET (document) 200 file:///tmp/jsreport/autocleanup/1a9a1209-583d-48e6-9501-5744b0e6df6c-chrome-pdf.html","meta":{"rootId":"f8d4st3t8urhqc5","id":"f8d4st3t8urhqc5"},"id":"bjdqao1vzafz9a0","previousOperationId":"6q94j5xe2xqiyzp"}
{"type":"log","timestamp":1708528356634,"level":"debug","message":"Page request finished: GET (stylesheet) 200 https://cdn.jsdelivr.net/chartist.js/latest/chartist.min.css","meta":{"rootId":"f8d4st3t8urhqc5","id":"f8d4st3t8urhqc5"},"id":"s92a07i1d08ufa3","previousOperationId":"6q94j5xe2xqiyzp"}
{"type":"log","timestamp":1708528356636,"level":"debug","message":"Page request finished: GET (script) 200 https://cdn.jsdelivr.net/chartist.js/latest/chartist.min.js","meta":{"rootId":"f8d4st3t8urhqc5","id":"f8d4st3t8urhqc5"},"id":"fmx1okz3ikz9rdt","previousOperationId":"6q94j5xe2xqiyzp"}
{"type":"log","timestamp":1708528356640,"level":"debug","message":"Running chrome with params {\"printBackground\":true,\"timeout\":59596,\"margin\":{}}","meta":{"rootId":"f8d4st3t8urhqc5","id":"f8d4st3t8urhqc5"},"id":"r9sdwzvi9rwieb2","previousOperationId":"6q94j5xe2xqiyzp"}
{"type":"operationEnd","operationId":"6q94j5xe2xqiyzp","timestamp":1708528356648,"id":"23yf8rqhm38882v","previousEventId":"kc2o7620gckyi09","previousOperationId":"6q94j5xe2xqiyzp"}
{"type":"log","timestamp":1708528356649,"level":"debug","message":"Skipping storing report.","meta":{"rootId":"f8d4st3t8urhqc5","id":"f8d4st3t8urhqc5"},"id":"bzru4h717nuufsb","previousOperationId":"6q94j5xe2xqiyzp"}
{"type":"log","timestamp":1708528356649,"level":"info","message":"Rendering request 2 finished in 724 ms","meta":{"rootId":"f8d4st3t8urhqc5","id":"f8d4st3t8urhqc5"},"id":"omm8gik0whnc58y","previousOperationId":"6q94j5xe2xqiyzp"}
{"type":"operationEnd","subtype":"render","operationId":"6r8jutopeha3eh9","timestamp":1708528356649,"id":"0oswo529m3mh71k","previousEventId":"23yf8rqhm38882v","previousOperationId":"6q94j5xe2xqiyzp"}
{"type":"operationEnd","doDiffs":false,"previousEventId":"0xzz03uez8tzqj7","previousOperationId":"16suivmjftj1azs","operationId":"16suivmjftj1azs","timestamp":1708528356650,"id":"seq5ruq0exfbd2c"}
