{"type":"operationStart","subtype":"profile","data":{"_id":"M061UnbG8w4E6UY6","timestamp":"2024-02-20T18:50:39.065Z","state":"queued","mode":"standard","creationDate":"2024-02-20T18:50:39.065Z","modificationDate":"2024-02-20T18:50:39.065Z","shortid":"oOD199-","$entitySet":"profiles"},"doDiffs":false,"timestamp":1708455039065,"id":"yrnn5wkz7y7xdh8","previousOperationId":null,"operationId":"v26c1f7lkd30bmk"}
{"type":"log","level":"info","message":"Render request 18 queued for execution and waiting for available worker","previousOperationId":"v26c1f7lkd30bmk","timestamp":1708455039065,"id":"r7gd2y9c1crrpm6"}
{"type":"operationStart","subtype":"render","name":"TemplateList","previousOperationId":"v26c1f7lkd30bmk","timestamp":1708455039072,"id":"24x4ia57xh0they","previousEventId":"yrnn5wkz7y7xdh8","operationId":"truq17e62mzhk06"}
{"type":"log","timestamp":1708455039072,"level":"info","message":"Starting rendering request 18","meta":{"rootId":"fd31uicazkzse9i","id":"fd31uicazkzse9i"},"id":"1jura1t51gdtbvg","previousOperationId":"truq17e62mzhk06"}
{"type":"log","timestamp":1708455039072,"level":"info","message":"Rendering template { name: TemplateList, recipe: chrome-pdf, engine: handlebars, preview: true }","meta":{"rootId":"fd31uicazkzse9i","id":"fd31uicazkzse9i"},"id":"b6c7u8hnqn3mwcf","previousOperationId":"truq17e62mzhk06"}
{"type":"log","timestamp":1708455039073,"level":"debug","message":"Data item not defined for this template.","meta":{"rootId":"fd31uicazkzse9i","id":"fd31uicazkzse9i"},"id":"9gujt7o1kbjaz5a","previousOperationId":"truq17e62mzhk06"}
{"type":"log","timestamp":1708455039075,"level":"debug","message":"Executing script list-data (beforeRender)","meta":{"rootId":"fd31uicazkzse9i","id":"fd31uicazkzse9i"},"id":"ycy1v788lgyafcn","previousOperationId":"truq17e62mzhk06"}
{"type":"operationStart","subtype":"scriptsBeforeRender","name":"scripts beforeRender","timestamp":1708455039079,"id":"i65wxwbt0jd9ppt","previousEventId":"24x4ia57xh0they","operationId":"hdodvk81oe7i9zt","previousOperationId":"truq17e62mzhk06"}
{"type":"operationStart","subtype":"script","name":"scripts list-data","previousOperationId":"hdodvk81oe7i9zt","timestamp":1708455039079,"id":"2tm7s3blqyxnwqs","previousEventId":"i65wxwbt0jd9ppt","operationId":"kbhcq6wb725bkwc"}
{"type":"log","timestamp":1708455039103,"level":"debug","message":"(console:log) [\n  {\n    list_description: {\n      id: 3,\n      list_name: 'stjsjshtshn',\n      list_current_number: 0,\n      list_limit_number: 0\n    },\n    list_image: {\n      url: 'http://localhost:4000/rails/active_storage/blobs/redirect/eyJfcmFpbHMiOnsiZGF0YSI6NCwicHVyIjoiYmxvYl9pZCJ9fQ==--023aae65cb60b3f6c6d73a9c76e14c0b0df6ad86/dibujoadrian.jpg'\n    }\n  },\n  {\n    list_description: {\n      id: 1,\n      list_name: 'charcuteria',\n      list_current_number: 0,\n      list_limit_number: 0\n    },\n    list_image: {\n      url: 'http://localhost:4000/rails/active_storage/blobs/redirect/eyJfcmFpbHMiOnsiZGF0YSI6MiwicHVyIjoiYmxvYl9pZCJ9fQ==--ee6d56bf52163135b48a4ba2c22b11a93e94d3b3/charcuteria.png'\n    }\n  },\n  {\n    list_description: {\n      id: 2,\n      list_name: 'sarshisha',\n      list_current_number: 13,\n      list_limit_number: 0\n    },\n    list_image: {\n      url: 'http://localhost:4000/rails/active_storage/blobs/redirect/eyJfcmFpbHMiOnsiZGF0YSI6MywicHVyIjoiYmxvYl9pZCJ9fQ==--07183cfade35ce6ffe715f60749642919ec61f5d/charcuteria.png'\n    }\n  }\n]","meta":{"userLevel":true,"rootId":"fd31uicazkzse9i","id":"fd31uicazkzse9i"},"id":"kiyvv8r3aczf5tn","previousOperationId":"kbhcq6wb725bkwc"}
{"type":"log","timestamp":1708455039113,"level":"debug","message":"(console:log) [\n  {\n    id: 1,\n    nickname: 'a',\n    is_admin: true,\n    suscriptor: null,\n    created_at: '2024-02-20T16:45:37.609Z',\n    updated_at: '2024-02-20T16:45:37.729Z',\n    email: 'a@a.a',\n    jti: '6a2b57ca-af4b-47a0-8285-477cffafa34b'\n  }\n]","meta":{"userLevel":true,"rootId":"fd31uicazkzse9i","id":"fd31uicazkzse9i"},"id":"1kz1c79picv2zd6","previousOperationId":"kbhcq6wb725bkwc"}
{"type":"operationEnd","operationId":"kbhcq6wb725bkwc","timestamp":1708455039114,"id":"4c7v7oqw68tq8om","previousEventId":"24x4ia57xh0they","previousOperationId":"truq17e62mzhk06"}
{"type":"operationEnd","operationId":"hdodvk81oe7i9zt","timestamp":1708455039114,"id":"hea29lcmarudl7f","previousEventId":"4c7v7oqw68tq8om","previousOperationId":"truq17e62mzhk06"}
{"type":"log","timestamp":1708455039114,"level":"debug","message":"Base url not specified, skipping its injection.","meta":{"rootId":"fd31uicazkzse9i","id":"fd31uicazkzse9i"},"id":"wbqw1or6cp3tnah","previousOperationId":"hdodvk81oe7i9zt"}
{"type":"operationStart","subtype":"engine","name":"handlebars","timestamp":1708455039114,"id":"j48rxo5hbrdjfql","previousEventId":"hea29lcmarudl7f","operationId":"y4tr9bmfhmae0ib","previousOperationId":"hdodvk81oe7i9zt"}
{"type":"log","timestamp":1708455039114,"level":"debug","message":"Rendering engine handlebars","meta":{"rootId":"fd31uicazkzse9i","id":"fd31uicazkzse9i"},"id":"345acdk89ag5eu8","previousOperationId":"y4tr9bmfhmae0ib"}
{"type":"operationEnd","operationId":"y4tr9bmfhmae0ib","timestamp":1708455039157,"id":"dhjnhyo5ycv6vwg","previousEventId":"j48rxo5hbrdjfql","previousOperationId":"y4tr9bmfhmae0ib"}
{"type":"operationStart","subtype":"recipe","name":"chrome-pdf","timestamp":1708455039157,"id":"qdjfe41go036y4j","previousEventId":"dhjnhyo5ycv6vwg","operationId":"tr2a5b6stea846z","previousOperationId":"y4tr9bmfhmae0ib"}
{"type":"log","timestamp":1708455039157,"level":"debug","message":"Executing recipe chrome-pdf","meta":{"rootId":"fd31uicazkzse9i","id":"fd31uicazkzse9i"},"id":"q6s9vvnyijw3d85","previousOperationId":"tr2a5b6stea846z"}
{"type":"log","timestamp":1708455039158,"level":"debug","message":"Converting with chrome HeadlessChrome/117.0.5938.149 using chrome-pool strategy","meta":{"rootId":"fd31uicazkzse9i","id":"fd31uicazkzse9i"},"id":"evh9rakrpwvdmxg","previousOperationId":"tr2a5b6stea846z"}
{"type":"log","timestamp":1708455039207,"level":"debug","message":"Page request: GET (document) file:///tmp/jsreport/autocleanup/fa164957-756a-4b09-82f4-51d136f7e503-chrome-pdf.html","meta":{"rootId":"fd31uicazkzse9i","id":"fd31uicazkzse9i"},"id":"sis4dubc9rvihg8","previousOperationId":"tr2a5b6stea846z"}
{"type":"log","timestamp":1708455039215,"level":"debug","message":"Page request: GET (stylesheet) https://cdn.jsdelivr.net/chartist.js/latest/chartist.min.css","meta":{"rootId":"fd31uicazkzse9i","id":"fd31uicazkzse9i"},"id":"9tvyocnbd6woraw","previousOperationId":"tr2a5b6stea846z"}
{"type":"log","timestamp":1708455039215,"level":"debug","message":"Page request: GET (script) https://cdn.jsdelivr.net/chartist.js/latest/chartist.min.js","meta":{"rootId":"fd31uicazkzse9i","id":"fd31uicazkzse9i"},"id":"ur854uioy6snf60","previousOperationId":"tr2a5b6stea846z"}
{"type":"log","timestamp":1708455039216,"level":"debug","message":"Page request: GET (script) https://code.jquery.com/jquery-3.6.0.min.js","meta":{"rootId":"fd31uicazkzse9i","id":"fd31uicazkzse9i"},"id":"o4b9r3l8odz1sk7","previousOperationId":"tr2a5b6stea846z"}
{"type":"log","timestamp":1708455039216,"level":"debug","message":"Page request: GET (script) https://cdn.jsdelivr.net/npm/chart.js","meta":{"rootId":"fd31uicazkzse9i","id":"fd31uicazkzse9i"},"id":"y0is7d26uzpb9dh","previousOperationId":"tr2a5b6stea846z"}
{"type":"log","timestamp":1708455039216,"level":"debug","message":"Page request finished: GET (document) 200 file:///tmp/jsreport/autocleanup/fa164957-756a-4b09-82f4-51d136f7e503-chrome-pdf.html","meta":{"rootId":"fd31uicazkzse9i","id":"fd31uicazkzse9i"},"id":"ol1sdne6e6t95ou","previousOperationId":"tr2a5b6stea846z"}
{"type":"log","timestamp":1708455039218,"level":"debug","message":"Page request finished: GET (stylesheet) 200 https://cdn.jsdelivr.net/chartist.js/latest/chartist.min.css","meta":{"rootId":"fd31uicazkzse9i","id":"fd31uicazkzse9i"},"id":"ezlcdgek4d1vonc","previousOperationId":"tr2a5b6stea846z"}
{"type":"log","timestamp":1708455039222,"level":"debug","message":"Page request finished: GET (script) 200 https://code.jquery.com/jquery-3.6.0.min.js","meta":{"rootId":"fd31uicazkzse9i","id":"fd31uicazkzse9i"},"id":"80yr0z1fqjxoqw2","previousOperationId":"tr2a5b6stea846z"}
{"type":"log","timestamp":1708455039223,"level":"debug","message":"Page request finished: GET (script) 200 https://cdn.jsdelivr.net/chartist.js/latest/chartist.min.js","meta":{"rootId":"fd31uicazkzse9i","id":"fd31uicazkzse9i"},"id":"hpxzszcxo3pypw8","previousOperationId":"tr2a5b6stea846z"}
{"type":"log","timestamp":1708455039224,"level":"debug","message":"Page request finished: GET (script) 200 https://cdn.jsdelivr.net/npm/chart.js","meta":{"rootId":"fd31uicazkzse9i","id":"fd31uicazkzse9i"},"id":"j42lyvbclepq6ho","previousOperationId":"tr2a5b6stea846z"}
{"type":"log","timestamp":1708455039270,"level":"debug","message":"Running chrome with params {\"printBackground\":true,\"timeout\":59907,\"margin\":{}}","meta":{"rootId":"fd31uicazkzse9i","id":"fd31uicazkzse9i"},"id":"z6778v5f5gp7ibt","previousOperationId":"tr2a5b6stea846z"}
{"type":"operationEnd","operationId":"tr2a5b6stea846z","timestamp":1708455039297,"id":"cd1wtmgzthj9cn1","previousEventId":"qdjfe41go036y4j","previousOperationId":"tr2a5b6stea846z"}
{"type":"log","timestamp":1708455039297,"level":"debug","message":"Skipping storing report.","meta":{"rootId":"fd31uicazkzse9i","id":"fd31uicazkzse9i"},"id":"vdxkofumdrqcqm5","previousOperationId":"tr2a5b6stea846z"}
{"type":"log","timestamp":1708455039297,"level":"info","message":"Rendering request 18 finished in 232 ms","meta":{"rootId":"fd31uicazkzse9i","id":"fd31uicazkzse9i"},"id":"bstchzyjuscyu9l","previousOperationId":"tr2a5b6stea846z"}
{"type":"operationEnd","subtype":"render","operationId":"truq17e62mzhk06","timestamp":1708455039297,"id":"7n4c518i5e6olro","previousEventId":"cd1wtmgzthj9cn1","previousOperationId":"tr2a5b6stea846z"}
{"type":"operationEnd","doDiffs":false,"previousEventId":"yrnn5wkz7y7xdh8","previousOperationId":"v26c1f7lkd30bmk","operationId":"v26c1f7lkd30bmk","timestamp":1708455039303,"id":"9zomzz35ovuewzp"}
