{"type":"operationStart","subtype":"profile","data":{"_id":"DEpLpGTMUvw9P9kc","timestamp":"2024-02-20T18:20:50.705Z","state":"queued","mode":"standard","creationDate":"2024-02-20T18:20:50.706Z","modificationDate":"2024-02-20T18:20:50.706Z","shortid":"vdrjTlN","$entitySet":"profiles"},"doDiffs":false,"timestamp":1708453250706,"id":"pa7hib7wjibn98k","previousOperationId":null,"operationId":"uhrzq3u2gwzcw2d"}
{"type":"log","level":"info","message":"Render request 18 queued for execution and waiting for available worker","previousOperationId":"uhrzq3u2gwzcw2d","timestamp":1708453250706,"id":"39z3e7nubtp7pqr"}
{"type":"operationStart","subtype":"render","name":"TemplateList","previousOperationId":"uhrzq3u2gwzcw2d","timestamp":1708453250712,"id":"0at679bk33ma1ko","previousEventId":"pa7hib7wjibn98k","operationId":"57ltr4qesv0e5jl"}
{"type":"log","timestamp":1708453250712,"level":"info","message":"Starting rendering request 18","meta":{"rootId":"ft6u1xci0e10rvi","id":"ft6u1xci0e10rvi"},"id":"xylzvz3idbw2gt6","previousOperationId":"57ltr4qesv0e5jl"}
{"type":"log","timestamp":1708453250712,"level":"info","message":"Rendering template { name: TemplateList, recipe: chrome-pdf, engine: handlebars, preview: true }","meta":{"rootId":"ft6u1xci0e10rvi","id":"ft6u1xci0e10rvi"},"id":"4krsf56uy8mwvct","previousOperationId":"57ltr4qesv0e5jl"}
{"type":"log","timestamp":1708453250713,"level":"debug","message":"Data item not defined for this template.","meta":{"rootId":"ft6u1xci0e10rvi","id":"ft6u1xci0e10rvi"},"id":"qkjfhd5ysb8olcs","previousOperationId":"57ltr4qesv0e5jl"}
{"type":"log","timestamp":1708453250714,"level":"debug","message":"Executing script list-data (beforeRender)","meta":{"rootId":"ft6u1xci0e10rvi","id":"ft6u1xci0e10rvi"},"id":"0b533c5zrrpcwcf","previousOperationId":"57ltr4qesv0e5jl"}
{"type":"operationStart","subtype":"scriptsBeforeRender","name":"scripts beforeRender","timestamp":1708453250719,"id":"iu8xs1sgb15nk61","previousEventId":"0at679bk33ma1ko","operationId":"ex64fk2xt8uxk6d","previousOperationId":"57ltr4qesv0e5jl"}
{"type":"operationStart","subtype":"script","name":"scripts list-data","previousOperationId":"ex64fk2xt8uxk6d","timestamp":1708453250719,"id":"6547w2ufl6igrel","previousEventId":"iu8xs1sgb15nk61","operationId":"xwvtct2jcg9ep50"}
{"type":"log","timestamp":1708453250750,"level":"debug","message":"(console:log) [\n  {\n    list_description: {\n      id: 1,\n      list_name: 'charcuteria',\n      list_current_number: 0,\n      list_limit_number: 0\n    },\n    list_image: {\n      url: 'http://localhost:4000/rails/active_storage/blobs/redirect/eyJfcmFpbHMiOnsiZGF0YSI6MiwicHVyIjoiYmxvYl9pZCJ9fQ==--ee6d56bf52163135b48a4ba2c22b11a93e94d3b3/charcuteria.png'\n    }\n  },\n  {\n    list_description: {\n      id: 2,\n      list_name: 'sarshisha',\n      list_current_number: 0,\n      list_limit_number: 0\n    },\n    list_image: {\n      url: 'http://localhost:4000/rails/active_storage/blobs/redirect/eyJfcmFpbHMiOnsiZGF0YSI6MywicHVyIjoiYmxvYl9pZCJ9fQ==--07183cfade35ce6ffe715f60749642919ec61f5d/charcuteria.png'\n    }\n  },\n  {\n    list_description: {\n      id: 3,\n      list_name: 'stjsjshtshn',\n      list_current_number: 0,\n      list_limit_number: 0\n    },\n    list_image: {\n      url: 'http://localhost:4000/rails/active_storage/blobs/redirect/eyJfcmFpbHMiOnsiZGF0YSI6NCwicHVyIjoiYmxvYl9pZCJ9fQ==--023aae65cb60b3f6c6d73a9c76e14c0b0df6ad86/dibujoadrian.jpg'\n    }\n  }\n]","meta":{"userLevel":true,"rootId":"ft6u1xci0e10rvi","id":"ft6u1xci0e10rvi"},"id":"qqhthkjprwset7p","previousOperationId":"xwvtct2jcg9ep50"}
{"type":"log","timestamp":1708453250757,"level":"debug","message":"(console:log) [\n  {\n    id: 1,\n    nickname: 'a',\n    is_admin: true,\n    suscriptor: null,\n    created_at: '2024-02-20T16:45:37.609Z',\n    updated_at: '2024-02-20T16:45:37.729Z',\n    email: 'a@a.a',\n    jti: '6a2b57ca-af4b-47a0-8285-477cffafa34b'\n  }\n]","meta":{"userLevel":true,"rootId":"ft6u1xci0e10rvi","id":"ft6u1xci0e10rvi"},"id":"8w5r9i5bphdg4iu","previousOperationId":"xwvtct2jcg9ep50"}
{"type":"operationEnd","operationId":"xwvtct2jcg9ep50","timestamp":1708453250757,"id":"ftx63vrw44e9unb","previousEventId":"0at679bk33ma1ko","previousOperationId":"57ltr4qesv0e5jl"}
{"type":"operationEnd","operationId":"ex64fk2xt8uxk6d","timestamp":1708453250757,"id":"c9qx8bdvr912zmv","previousEventId":"ftx63vrw44e9unb","previousOperationId":"57ltr4qesv0e5jl"}
{"type":"log","timestamp":1708453250757,"level":"debug","message":"Base url not specified, skipping its injection.","meta":{"rootId":"ft6u1xci0e10rvi","id":"ft6u1xci0e10rvi"},"id":"6szarf2wnf0xh02","previousOperationId":"ex64fk2xt8uxk6d"}
{"type":"operationStart","subtype":"engine","name":"handlebars","timestamp":1708453250757,"id":"vavh018zfmtbxzy","previousEventId":"c9qx8bdvr912zmv","operationId":"ev3lybfhj1ewgdp","previousOperationId":"ex64fk2xt8uxk6d"}
{"type":"log","timestamp":1708453250757,"level":"debug","message":"Rendering engine handlebars","meta":{"rootId":"ft6u1xci0e10rvi","id":"ft6u1xci0e10rvi"},"id":"hs1pvd7ahoxidfs","previousOperationId":"ev3lybfhj1ewgdp"}
{"type":"operationEnd","operationId":"ev3lybfhj1ewgdp","timestamp":1708453250770,"id":"p0mnffp08i8yu1e","previousEventId":"vavh018zfmtbxzy","previousOperationId":"ev3lybfhj1ewgdp"}
{"type":"operationStart","subtype":"recipe","name":"chrome-pdf","timestamp":1708453250770,"id":"ok3y6psig2q9vq5","previousEventId":"p0mnffp08i8yu1e","operationId":"9ovnpq3xr4fsx4g","previousOperationId":"ev3lybfhj1ewgdp"}
{"type":"log","timestamp":1708453250770,"level":"debug","message":"Executing recipe chrome-pdf","meta":{"rootId":"ft6u1xci0e10rvi","id":"ft6u1xci0e10rvi"},"id":"kbzusa9t8up9z62","previousOperationId":"9ovnpq3xr4fsx4g"}
{"type":"log","timestamp":1708453250772,"level":"debug","message":"Converting with chrome HeadlessChrome/117.0.5938.149 using chrome-pool strategy","meta":{"rootId":"ft6u1xci0e10rvi","id":"ft6u1xci0e10rvi"},"id":"ui6otw5umzll62j","previousOperationId":"9ovnpq3xr4fsx4g"}
{"type":"log","timestamp":1708453250831,"level":"debug","message":"Page request: GET (document) file:///tmp/jsreport/autocleanup/ad13b7ec-759b-4ac0-b602-0de4c446df91-chrome-pdf.html","meta":{"rootId":"ft6u1xci0e10rvi","id":"ft6u1xci0e10rvi"},"id":"pmq4rpg07bkpawy","previousOperationId":"9ovnpq3xr4fsx4g"}
{"type":"log","timestamp":1708453250840,"level":"debug","message":"Page request: GET (stylesheet) https://cdn.jsdelivr.net/chartist.js/latest/chartist.min.css","meta":{"rootId":"ft6u1xci0e10rvi","id":"ft6u1xci0e10rvi"},"id":"8v5yx74gceqrvrd","previousOperationId":"9ovnpq3xr4fsx4g"}
{"type":"log","timestamp":1708453250840,"level":"debug","message":"Page request: GET (script) https://cdn.jsdelivr.net/chartist.js/latest/chartist.min.js","meta":{"rootId":"ft6u1xci0e10rvi","id":"ft6u1xci0e10rvi"},"id":"6mqz3mb2459mdl5","previousOperationId":"9ovnpq3xr4fsx4g"}
{"type":"log","timestamp":1708453250840,"level":"debug","message":"Page request: GET (script) https://code.jquery.com/jquery-3.6.0.min.js","meta":{"rootId":"ft6u1xci0e10rvi","id":"ft6u1xci0e10rvi"},"id":"mhyee5x2naop6at","previousOperationId":"9ovnpq3xr4fsx4g"}
{"type":"log","timestamp":1708453250840,"level":"debug","message":"Page request finished: GET (document) 200 file:///tmp/jsreport/autocleanup/ad13b7ec-759b-4ac0-b602-0de4c446df91-chrome-pdf.html","meta":{"rootId":"ft6u1xci0e10rvi","id":"ft6u1xci0e10rvi"},"id":"iujdlxhni39aga8","previousOperationId":"9ovnpq3xr4fsx4g"}
{"type":"log","timestamp":1708453250842,"level":"debug","message":"Page request finished: GET (stylesheet) 200 https://cdn.jsdelivr.net/chartist.js/latest/chartist.min.css","meta":{"rootId":"ft6u1xci0e10rvi","id":"ft6u1xci0e10rvi"},"id":"2la8bt7u5tb8e8e","previousOperationId":"9ovnpq3xr4fsx4g"}
{"type":"log","timestamp":1708453250845,"level":"debug","message":"Page request finished: GET (script) 200 https://cdn.jsdelivr.net/chartist.js/latest/chartist.min.js","meta":{"rootId":"ft6u1xci0e10rvi","id":"ft6u1xci0e10rvi"},"id":"gcpv8iiib1lo9rd","previousOperationId":"9ovnpq3xr4fsx4g"}
{"type":"log","timestamp":1708453250846,"level":"debug","message":"Page request finished: GET (script) 200 https://code.jquery.com/jquery-3.6.0.min.js","meta":{"rootId":"ft6u1xci0e10rvi","id":"ft6u1xci0e10rvi"},"id":"plpqeie3exgyqdm","previousOperationId":"9ovnpq3xr4fsx4g"}
{"type":"log","timestamp":1708453250850,"level":"warn","message":"Page error: Unexpected identifier 'Object' , stack: SyntaxError: Unexpected identifier 'Object'","meta":{"rootId":"ft6u1xci0e10rvi","id":"ft6u1xci0e10rvi"},"id":"hf0c9onbauq1c5p","previousOperationId":"9ovnpq3xr4fsx4g"}
{"type":"log","timestamp":1708453250860,"level":"debug","message":"Running chrome with params {\"printBackground\":true,\"timeout\":59934,\"margin\":{}}","meta":{"rootId":"ft6u1xci0e10rvi","id":"ft6u1xci0e10rvi"},"id":"pe39jhkh9w77cyw","previousOperationId":"9ovnpq3xr4fsx4g"}
{"type":"operationEnd","operationId":"9ovnpq3xr4fsx4g","timestamp":1708453250872,"id":"5ogydnarpz1wts5","previousEventId":"ok3y6psig2q9vq5","previousOperationId":"9ovnpq3xr4fsx4g"}
{"type":"log","timestamp":1708453250872,"level":"debug","message":"Skipping storing report.","meta":{"rootId":"ft6u1xci0e10rvi","id":"ft6u1xci0e10rvi"},"id":"yw8ic65nyiwyv54","previousOperationId":"9ovnpq3xr4fsx4g"}
{"type":"log","timestamp":1708453250872,"level":"info","message":"Rendering request 18 finished in 167 ms","meta":{"rootId":"ft6u1xci0e10rvi","id":"ft6u1xci0e10rvi"},"id":"ztqm5guonz9df1f","previousOperationId":"9ovnpq3xr4fsx4g"}
{"type":"operationEnd","subtype":"render","operationId":"57ltr4qesv0e5jl","timestamp":1708453250872,"id":"i4ghlpsfbtstfsk","previousEventId":"5ogydnarpz1wts5","previousOperationId":"9ovnpq3xr4fsx4g"}
{"type":"operationEnd","doDiffs":false,"previousEventId":"pa7hib7wjibn98k","previousOperationId":"uhrzq3u2gwzcw2d","operationId":"uhrzq3u2gwzcw2d","timestamp":1708453250878,"id":"87g8t8nv9co9nhu"}
