{"type":"operationStart","subtype":"profile","data":{"_id":"QQbhkBCsCCl1iSX9","timestamp":"2024-02-20T18:52:22.444Z","state":"queued","mode":"standard","creationDate":"2024-02-20T18:52:22.445Z","modificationDate":"2024-02-20T18:52:22.445Z","shortid":"RV2mbuW","$entitySet":"profiles"},"doDiffs":false,"timestamp":1708455142445,"id":"8ohiqmmsz35azt8","previousOperationId":null,"operationId":"zjsw20e8h49qssx"}
{"type":"log","level":"info","message":"Render request 28 queued for execution and waiting for available worker","previousOperationId":"zjsw20e8h49qssx","timestamp":1708455142445,"id":"56k2fnu3pcarni7"}
{"type":"operationStart","subtype":"render","name":"TemplateList","previousOperationId":"zjsw20e8h49qssx","timestamp":1708455142450,"id":"gzqvreksyxrk5cr","previousEventId":"8ohiqmmsz35azt8","operationId":"qrwk7df3d8nw4ks"}
{"type":"log","timestamp":1708455142450,"level":"info","message":"Starting rendering request 28","meta":{"rootId":"g30a85ak3ep0pwb","id":"g30a85ak3ep0pwb"},"id":"8tlgy8c0rnx3xxu","previousOperationId":"qrwk7df3d8nw4ks"}
{"type":"log","timestamp":1708455142450,"level":"info","message":"Rendering template { name: TemplateList, recipe: chrome-pdf, engine: handlebars, preview: true }","meta":{"rootId":"g30a85ak3ep0pwb","id":"g30a85ak3ep0pwb"},"id":"whmfxstusk7bf61","previousOperationId":"qrwk7df3d8nw4ks"}
{"type":"log","timestamp":1708455142450,"level":"debug","message":"Data item not defined for this template.","meta":{"rootId":"g30a85ak3ep0pwb","id":"g30a85ak3ep0pwb"},"id":"posb72pgnohjc92","previousOperationId":"qrwk7df3d8nw4ks"}
{"type":"log","timestamp":1708455142452,"level":"debug","message":"Executing script list-data (beforeRender)","meta":{"rootId":"g30a85ak3ep0pwb","id":"g30a85ak3ep0pwb"},"id":"bxk3wbl12dg0c8s","previousOperationId":"qrwk7df3d8nw4ks"}
{"type":"operationStart","subtype":"scriptsBeforeRender","name":"scripts beforeRender","timestamp":1708455142457,"id":"9y4nerlk55g2c3j","previousEventId":"gzqvreksyxrk5cr","operationId":"vyblsulosyxpvvb","previousOperationId":"qrwk7df3d8nw4ks"}
{"type":"operationStart","subtype":"script","name":"scripts list-data","previousOperationId":"vyblsulosyxpvvb","timestamp":1708455142457,"id":"4j534z9u1579nd1","previousEventId":"9y4nerlk55g2c3j","operationId":"eh7r3d0rexrsmyf"}
{"type":"log","timestamp":1708455142475,"level":"debug","message":"(console:log) [\n  {\n    list_description: {\n      id: 3,\n      list_name: 'stjsjshtshn',\n      list_current_number: 0,\n      list_limit_number: 0\n    },\n    list_image: {\n      url: 'http://localhost:4000/rails/active_storage/blobs/redirect/eyJfcmFpbHMiOnsiZGF0YSI6NCwicHVyIjoiYmxvYl9pZCJ9fQ==--023aae65cb60b3f6c6d73a9c76e14c0b0df6ad86/dibujoadrian.jpg'\n    }\n  },\n  {\n    list_description: {\n      id: 1,\n      list_name: 'charcuteria',\n      list_current_number: 0,\n      list_limit_number: 0\n    },\n    list_image: {\n      url: 'http://localhost:4000/rails/active_storage/blobs/redirect/eyJfcmFpbHMiOnsiZGF0YSI6MiwicHVyIjoiYmxvYl9pZCJ9fQ==--ee6d56bf52163135b48a4ba2c22b11a93e94d3b3/charcuteria.png'\n    }\n  },\n  {\n    list_description: {\n      id: 2,\n      list_name: 'sarshisha',\n      list_current_number: 13,\n      list_limit_number: 0\n    },\n    list_image: {\n      url: 'http://localhost:4000/rails/active_storage/blobs/redirect/eyJfcmFpbHMiOnsiZGF0YSI6MywicHVyIjoiYmxvYl9pZCJ9fQ==--07183cfade35ce6ffe715f60749642919ec61f5d/charcuteria.png'\n    }\n  }\n]","meta":{"userLevel":true,"rootId":"g30a85ak3ep0pwb","id":"g30a85ak3ep0pwb"},"id":"qar6y7em9q1e3nd","previousOperationId":"eh7r3d0rexrsmyf"}
{"type":"log","timestamp":1708455142483,"level":"debug","message":"(console:log) [\n  {\n    id: 1,\n    nickname: 'a',\n    is_admin: true,\n    suscriptor: null,\n    created_at: '2024-02-20T16:45:37.609Z',\n    updated_at: '2024-02-20T16:45:37.729Z',\n    email: 'a@a.a',\n    jti: '6a2b57ca-af4b-47a0-8285-477cffafa34b'\n  }\n]","meta":{"userLevel":true,"rootId":"g30a85ak3ep0pwb","id":"g30a85ak3ep0pwb"},"id":"hu9d1n6n38yl3ko","previousOperationId":"eh7r3d0rexrsmyf"}
{"type":"operationEnd","operationId":"eh7r3d0rexrsmyf","timestamp":1708455142484,"id":"2p31vtfqyhw20pa","previousEventId":"gzqvreksyxrk5cr","previousOperationId":"qrwk7df3d8nw4ks"}
{"type":"operationEnd","operationId":"vyblsulosyxpvvb","timestamp":1708455142484,"id":"vhqcwqnj6t9izbu","previousEventId":"2p31vtfqyhw20pa","previousOperationId":"qrwk7df3d8nw4ks"}
{"type":"log","timestamp":1708455142484,"level":"debug","message":"Base url not specified, skipping its injection.","meta":{"rootId":"g30a85ak3ep0pwb","id":"g30a85ak3ep0pwb"},"id":"okqev403pjy53cz","previousOperationId":"vyblsulosyxpvvb"}
{"type":"operationStart","subtype":"engine","name":"handlebars","timestamp":1708455142484,"id":"ilggjhg1ikya0o3","previousEventId":"vhqcwqnj6t9izbu","operationId":"d1nlvkff2aqc3ly","previousOperationId":"vyblsulosyxpvvb"}
{"type":"log","timestamp":1708455142484,"level":"debug","message":"Rendering engine handlebars","meta":{"rootId":"g30a85ak3ep0pwb","id":"g30a85ak3ep0pwb"},"id":"vt98yt55smxllg5","previousOperationId":"d1nlvkff2aqc3ly"}
{"type":"operationEnd","operationId":"d1nlvkff2aqc3ly","timestamp":1708455142496,"id":"j3o50toqbxxwz5x","previousEventId":"ilggjhg1ikya0o3","previousOperationId":"d1nlvkff2aqc3ly"}
{"type":"operationStart","subtype":"recipe","name":"chrome-pdf","timestamp":1708455142496,"id":"s4b798jewl2oa5j","previousEventId":"j3o50toqbxxwz5x","operationId":"n7xm86546yneevv","previousOperationId":"d1nlvkff2aqc3ly"}
{"type":"log","timestamp":1708455142496,"level":"debug","message":"Executing recipe chrome-pdf","meta":{"rootId":"g30a85ak3ep0pwb","id":"g30a85ak3ep0pwb"},"id":"6muubcdbmp1vdbr","previousOperationId":"n7xm86546yneevv"}
{"type":"log","timestamp":1708455142497,"level":"debug","message":"Converting with chrome HeadlessChrome/117.0.5938.149 using chrome-pool strategy","meta":{"rootId":"g30a85ak3ep0pwb","id":"g30a85ak3ep0pwb"},"id":"a215xiimdb2193b","previousOperationId":"n7xm86546yneevv"}
{"type":"log","timestamp":1708455142531,"level":"debug","message":"Page request: GET (document) file:///tmp/jsreport/autocleanup/d4b3a1c8-9ece-4ecf-99ba-93a37710b350-chrome-pdf.html","meta":{"rootId":"g30a85ak3ep0pwb","id":"g30a85ak3ep0pwb"},"id":"eelglka4hyy2elz","previousOperationId":"n7xm86546yneevv"}
{"type":"log","timestamp":1708455142539,"level":"debug","message":"Page request: GET (stylesheet) https://cdn.jsdelivr.net/chartist.js/latest/chartist.min.css","meta":{"rootId":"g30a85ak3ep0pwb","id":"g30a85ak3ep0pwb"},"id":"axj0s70iu1l0nwo","previousOperationId":"n7xm86546yneevv"}
{"type":"log","timestamp":1708455142539,"level":"debug","message":"Page request: GET (script) https://cdn.jsdelivr.net/chartist.js/latest/chartist.min.js","meta":{"rootId":"g30a85ak3ep0pwb","id":"g30a85ak3ep0pwb"},"id":"rrf93ajms9i6o14","previousOperationId":"n7xm86546yneevv"}
{"type":"log","timestamp":1708455142540,"level":"debug","message":"Page request: GET (script) https://code.jquery.com/jquery-3.6.0.min.js","meta":{"rootId":"g30a85ak3ep0pwb","id":"g30a85ak3ep0pwb"},"id":"867olefqk40g8p1","previousOperationId":"n7xm86546yneevv"}
{"type":"log","timestamp":1708455142540,"level":"debug","message":"Page request: GET (script) https://cdn.jsdelivr.net/npm/chart.js","meta":{"rootId":"g30a85ak3ep0pwb","id":"g30a85ak3ep0pwb"},"id":"7blybhs9ypnr09x","previousOperationId":"n7xm86546yneevv"}
{"type":"log","timestamp":1708455142540,"level":"debug","message":"Page request finished: GET (document) 200 file:///tmp/jsreport/autocleanup/d4b3a1c8-9ece-4ecf-99ba-93a37710b350-chrome-pdf.html","meta":{"rootId":"g30a85ak3ep0pwb","id":"g30a85ak3ep0pwb"},"id":"97i9tl7niuylqph","previousOperationId":"n7xm86546yneevv"}
{"type":"log","timestamp":1708455142542,"level":"debug","message":"Page request finished: GET (stylesheet) 200 https://cdn.jsdelivr.net/chartist.js/latest/chartist.min.css","meta":{"rootId":"g30a85ak3ep0pwb","id":"g30a85ak3ep0pwb"},"id":"mqy4zwrtelho36k","previousOperationId":"n7xm86546yneevv"}
{"type":"log","timestamp":1708455142545,"level":"debug","message":"Page request finished: GET (script) 200 https://cdn.jsdelivr.net/chartist.js/latest/chartist.min.js","meta":{"rootId":"g30a85ak3ep0pwb","id":"g30a85ak3ep0pwb"},"id":"sjrw9b7nlvsgg35","previousOperationId":"n7xm86546yneevv"}
{"type":"log","timestamp":1708455142546,"level":"debug","message":"Page request finished: GET (script) 200 https://code.jquery.com/jquery-3.6.0.min.js","meta":{"rootId":"g30a85ak3ep0pwb","id":"g30a85ak3ep0pwb"},"id":"h5902246khknsu1","previousOperationId":"n7xm86546yneevv"}
{"type":"log","timestamp":1708455142551,"level":"debug","message":"Page request finished: GET (script) 200 https://cdn.jsdelivr.net/npm/chart.js","meta":{"rootId":"g30a85ak3ep0pwb","id":"g30a85ak3ep0pwb"},"id":"ezude3d2z7jrmk6","previousOperationId":"n7xm86546yneevv"}
{"type":"log","timestamp":1708455142599,"level":"debug","message":"Running chrome with params {\"printBackground\":true,\"timeout\":59948,\"margin\":{}}","meta":{"rootId":"g30a85ak3ep0pwb","id":"g30a85ak3ep0pwb"},"id":"ruvbmy7ngmb4pv9","previousOperationId":"n7xm86546yneevv"}
{"type":"operationEnd","operationId":"n7xm86546yneevv","timestamp":1708455142626,"id":"nlib8haxu7beyly","previousEventId":"s4b798jewl2oa5j","previousOperationId":"n7xm86546yneevv"}
{"type":"log","timestamp":1708455142626,"level":"debug","message":"Skipping storing report.","meta":{"rootId":"g30a85ak3ep0pwb","id":"g30a85ak3ep0pwb"},"id":"t8kiarpc1eeha00","previousOperationId":"n7xm86546yneevv"}
{"type":"log","timestamp":1708455142626,"level":"info","message":"Rendering request 28 finished in 182 ms","meta":{"rootId":"g30a85ak3ep0pwb","id":"g30a85ak3ep0pwb"},"id":"ypw9qd0ui0ja8bt","previousOperationId":"n7xm86546yneevv"}
{"type":"operationEnd","subtype":"render","operationId":"qrwk7df3d8nw4ks","timestamp":1708455142626,"id":"w8iz9xif4v7p9me","previousEventId":"nlib8haxu7beyly","previousOperationId":"n7xm86546yneevv"}
{"type":"operationEnd","doDiffs":false,"previousEventId":"8ohiqmmsz35azt8","previousOperationId":"zjsw20e8h49qssx","operationId":"zjsw20e8h49qssx","timestamp":1708455142629,"id":"91098mr0m8bl760"}
