{"type":"operationStart","subtype":"profile","data":{"_id":"F5sKIw4ELH4uBaS4","timestamp":"2024-02-20T19:23:41.544Z","state":"queued","mode":"standard","creationDate":"2024-02-20T19:23:41.545Z","modificationDate":"2024-02-20T19:23:41.545Z","shortid":"8uM7GuU","$entitySet":"profiles"},"doDiffs":false,"timestamp":1708457021545,"id":"jy4m1kol9pcpjxc","previousOperationId":null,"operationId":"pkjrck6bpibxxjj"}
{"type":"log","level":"info","message":"Render request 79 queued for execution and waiting for available worker","previousOperationId":"pkjrck6bpibxxjj","timestamp":1708457021545,"id":"23f9tge3u0yvc36"}
{"type":"operationStart","subtype":"render","name":"TemplateList","previousOperationId":"pkjrck6bpibxxjj","timestamp":1708457021550,"id":"hmkk5n79y4s3s4m","previousEventId":"jy4m1kol9pcpjxc","operationId":"uxjfvr5u76iwp8o"}
{"type":"log","timestamp":1708457021550,"level":"info","message":"Starting rendering request 79","meta":{"rootId":"g7y91cufzv9sgzc","id":"g7y91cufzv9sgzc"},"id":"jq94yusowzacuny","previousOperationId":"uxjfvr5u76iwp8o"}
{"type":"log","timestamp":1708457021550,"level":"info","message":"Rendering template { name: TemplateList, recipe: chrome-pdf, engine: handlebars, preview: true }","meta":{"rootId":"g7y91cufzv9sgzc","id":"g7y91cufzv9sgzc"},"id":"w4cg0rlejngzsfy","previousOperationId":"uxjfvr5u76iwp8o"}
{"type":"log","timestamp":1708457021550,"level":"debug","message":"Data item not defined for this template.","meta":{"rootId":"g7y91cufzv9sgzc","id":"g7y91cufzv9sgzc"},"id":"dden4y0zga1d32c","previousOperationId":"uxjfvr5u76iwp8o"}
{"type":"log","timestamp":1708457021551,"level":"debug","message":"Executing script list-data (beforeRender)","meta":{"rootId":"g7y91cufzv9sgzc","id":"g7y91cufzv9sgzc"},"id":"u9shjus4mh9mdna","previousOperationId":"uxjfvr5u76iwp8o"}
{"type":"operationStart","subtype":"scriptsBeforeRender","name":"scripts beforeRender","timestamp":1708457021555,"id":"dweabr76nuavq1x","previousEventId":"hmkk5n79y4s3s4m","operationId":"x2lww20rx36iosy","previousOperationId":"uxjfvr5u76iwp8o"}
{"type":"operationStart","subtype":"script","name":"scripts list-data","previousOperationId":"x2lww20rx36iosy","timestamp":1708457021555,"id":"3yq20ik2h3oxo6g","previousEventId":"dweabr76nuavq1x","operationId":"83ef35jelypn363"}
{"type":"log","timestamp":1708457021577,"level":"debug","message":"(console:log) [\n  {\n    list_description: {\n      id: 2,\n      list_name: 'sarshisha',\n      list_current_number: 13,\n      list_limit_number: 0\n    },\n    list_image: {\n      url: 'http://localhost:4000/rails/active_storage/blobs/redirect/eyJfcmFpbHMiOnsiZGF0YSI6MywicHVyIjoiYmxvYl9pZCJ9fQ==--07183cfade35ce6ffe715f60749642919ec61f5d/charcuteria.png'\n    }\n  },\n  {\n    list_description: {\n      id: 3,\n      list_name: 'stjsjshtshn',\n      list_current_number: 4,\n      list_limit_number: 0\n    },\n    list_image: {\n      url: 'http://localhost:4000/rails/active_storage/blobs/redirect/eyJfcmFpbHMiOnsiZGF0YSI6NCwicHVyIjoiYmxvYl9pZCJ9fQ==--023aae65cb60b3f6c6d73a9c76e14c0b0df6ad86/dibujoadrian.jpg'\n    }\n  },\n  {\n    list_description: {\n      id: 1,\n      list_name: 'charcuteria',\n      list_current_number: 1,\n      list_limit_number: 0\n    },\n    list_image: {\n      url: 'http://localhost:4000/rails/active_storage/blobs/redirect/eyJfcmFpbHMiOnsiZGF0YSI6MiwicHVyIjoiYmxvYl9pZCJ9fQ==--ee6d56bf52163135b48a4ba2c22b11a93e94d3b3/charcuteria.png'\n    }\n  }\n]","meta":{"userLevel":true,"rootId":"g7y91cufzv9sgzc","id":"g7y91cufzv9sgzc"},"id":"0bkh70q9hqgf3j2","previousOperationId":"83ef35jelypn363"}
{"type":"log","timestamp":1708457021585,"level":"debug","message":"(console:log) [\n  {\n    id: 1,\n    nickname: 'a',\n    is_admin: true,\n    suscriptor: null,\n    created_at: '2024-02-20T16:45:37.609Z',\n    updated_at: '2024-02-20T16:45:37.729Z',\n    email: 'a@a.a',\n    jti: '6a2b57ca-af4b-47a0-8285-477cffafa34b'\n  }\n]","meta":{"userLevel":true,"rootId":"g7y91cufzv9sgzc","id":"g7y91cufzv9sgzc"},"id":"9h9m6qxfk5fm17n","previousOperationId":"83ef35jelypn363"}
{"type":"operationEnd","operationId":"83ef35jelypn363","timestamp":1708457021585,"id":"zfiglagdtl30eqm","previousEventId":"hmkk5n79y4s3s4m","previousOperationId":"uxjfvr5u76iwp8o"}
{"type":"operationEnd","operationId":"x2lww20rx36iosy","timestamp":1708457021585,"id":"s49d7jqarv5rq44","previousEventId":"zfiglagdtl30eqm","previousOperationId":"uxjfvr5u76iwp8o"}
{"type":"log","timestamp":1708457021585,"level":"debug","message":"Base url not specified, skipping its injection.","meta":{"rootId":"g7y91cufzv9sgzc","id":"g7y91cufzv9sgzc"},"id":"b7oogy5qodmvygf","previousOperationId":"x2lww20rx36iosy"}
{"type":"operationStart","subtype":"engine","name":"handlebars","timestamp":1708457021585,"id":"k3hogt0n5yk0pyx","previousEventId":"s49d7jqarv5rq44","operationId":"t27lg5wllfh3fje","previousOperationId":"x2lww20rx36iosy"}
{"type":"log","timestamp":1708457021585,"level":"debug","message":"Rendering engine handlebars","meta":{"rootId":"g7y91cufzv9sgzc","id":"g7y91cufzv9sgzc"},"id":"uwpk6vkzly001qc","previousOperationId":"t27lg5wllfh3fje"}
{"type":"operationEnd","operationId":"t27lg5wllfh3fje","timestamp":1708457021598,"id":"hdrz4a01mmiylk5","previousEventId":"k3hogt0n5yk0pyx","previousOperationId":"t27lg5wllfh3fje"}
{"type":"operationStart","subtype":"recipe","name":"chrome-pdf","timestamp":1708457021598,"id":"cul50ckxnca253q","previousEventId":"hdrz4a01mmiylk5","operationId":"bxgvrsdxun60go0","previousOperationId":"t27lg5wllfh3fje"}
{"type":"log","timestamp":1708457021598,"level":"debug","message":"Executing recipe chrome-pdf","meta":{"rootId":"g7y91cufzv9sgzc","id":"g7y91cufzv9sgzc"},"id":"e81rqt7hn8490iw","previousOperationId":"bxgvrsdxun60go0"}
{"type":"log","timestamp":1708457021599,"level":"debug","message":"Converting with chrome HeadlessChrome/117.0.5938.149 using chrome-pool strategy","meta":{"rootId":"g7y91cufzv9sgzc","id":"g7y91cufzv9sgzc"},"id":"bn5fbdjyj4lul3s","previousOperationId":"bxgvrsdxun60go0"}
{"type":"log","timestamp":1708457021630,"level":"debug","message":"Page request: GET (document) file:///tmp/jsreport/autocleanup/05f8a3af-861f-4f57-bdf6-f71af8a170f1-chrome-pdf.html","meta":{"rootId":"g7y91cufzv9sgzc","id":"g7y91cufzv9sgzc"},"id":"8nww7afl7ftbooj","previousOperationId":"bxgvrsdxun60go0"}
{"type":"log","timestamp":1708457021638,"level":"debug","message":"Page request: GET (stylesheet) https://cdn.jsdelivr.net/chartist.js/latest/chartist.min.css","meta":{"rootId":"g7y91cufzv9sgzc","id":"g7y91cufzv9sgzc"},"id":"t41ng3pixx5vqoq","previousOperationId":"bxgvrsdxun60go0"}
{"type":"log","timestamp":1708457021638,"level":"debug","message":"Page request: GET (script) https://cdn.jsdelivr.net/chartist.js/latest/chartist.min.js","meta":{"rootId":"g7y91cufzv9sgzc","id":"g7y91cufzv9sgzc"},"id":"9mpwwbjsl13ggyu","previousOperationId":"bxgvrsdxun60go0"}
{"type":"log","timestamp":1708457021639,"level":"debug","message":"Page request finished: GET (document) 200 file:///tmp/jsreport/autocleanup/05f8a3af-861f-4f57-bdf6-f71af8a170f1-chrome-pdf.html","meta":{"rootId":"g7y91cufzv9sgzc","id":"g7y91cufzv9sgzc"},"id":"es5tc6xr6mvmfan","previousOperationId":"bxgvrsdxun60go0"}
{"type":"log","timestamp":1708457021640,"level":"debug","message":"Page request finished: GET (stylesheet) 200 https://cdn.jsdelivr.net/chartist.js/latest/chartist.min.css","meta":{"rootId":"g7y91cufzv9sgzc","id":"g7y91cufzv9sgzc"},"id":"cya12abymti7mgo","previousOperationId":"bxgvrsdxun60go0"}
{"type":"log","timestamp":1708457021641,"level":"debug","message":"Page request finished: GET (script) 200 https://cdn.jsdelivr.net/chartist.js/latest/chartist.min.js","meta":{"rootId":"g7y91cufzv9sgzc","id":"g7y91cufzv9sgzc"},"id":"s0cafaiwdp68tte","previousOperationId":"bxgvrsdxun60go0"}
{"type":"log","timestamp":1708457021651,"level":"debug","message":"Running chrome with params {\"printBackground\":true,\"timeout\":59945,\"margin\":{}}","meta":{"rootId":"g7y91cufzv9sgzc","id":"g7y91cufzv9sgzc"},"id":"d6ezil93iwwzuwz","previousOperationId":"bxgvrsdxun60go0"}
{"type":"operationEnd","operationId":"bxgvrsdxun60go0","timestamp":1708457021665,"id":"uitgsi58q8pufcp","previousEventId":"cul50ckxnca253q","previousOperationId":"bxgvrsdxun60go0"}
{"type":"log","timestamp":1708457021665,"level":"debug","message":"Skipping storing report.","meta":{"rootId":"g7y91cufzv9sgzc","id":"g7y91cufzv9sgzc"},"id":"jj3eiv6p4vwh26m","previousOperationId":"bxgvrsdxun60go0"}
{"type":"log","timestamp":1708457021665,"level":"info","message":"Rendering request 79 finished in 121 ms","meta":{"rootId":"g7y91cufzv9sgzc","id":"g7y91cufzv9sgzc"},"id":"k07kldqlxwmtb6r","previousOperationId":"bxgvrsdxun60go0"}
{"type":"operationEnd","subtype":"render","operationId":"uxjfvr5u76iwp8o","timestamp":1708457021665,"id":"gymll7ap4974mbi","previousEventId":"uitgsi58q8pufcp","previousOperationId":"bxgvrsdxun60go0"}
{"type":"operationEnd","doDiffs":false,"previousEventId":"jy4m1kol9pcpjxc","previousOperationId":"pkjrck6bpibxxjj","operationId":"pkjrck6bpibxxjj","timestamp":1708457021671,"id":"uvuagw2cmh7j1x8"}
