{"type":"operationStart","subtype":"profile","data":{"_id":"AKDIYLyZOwn2cTKO","timestamp":"2024-02-20T18:52:50.715Z","state":"queued","mode":"standard","creationDate":"2024-02-20T18:52:50.715Z","modificationDate":"2024-02-20T18:52:50.715Z","shortid":"Rocu2CY","$entitySet":"profiles"},"doDiffs":false,"timestamp":1708455170715,"id":"d6owi8fk50f6w0l","previousOperationId":null,"operationId":"yzdcos1eoxta27i"}
{"type":"log","level":"info","message":"Render request 30 queued for execution and waiting for available worker","previousOperationId":"yzdcos1eoxta27i","timestamp":1708455170715,"id":"9a27b2dprzu2k5s"}
{"type":"operationStart","subtype":"render","name":"TemplateList","previousOperationId":"yzdcos1eoxta27i","timestamp":1708455170720,"id":"xu5byoqu6ne7llh","previousEventId":"d6owi8fk50f6w0l","operationId":"cbhk90suhfox66a"}
{"type":"log","timestamp":1708455170720,"level":"info","message":"Starting rendering request 30","meta":{"rootId":"gkc4kpt8qssv9o0","id":"gkc4kpt8qssv9o0"},"id":"lmqemdz5vclz8hm","previousOperationId":"cbhk90suhfox66a"}
{"type":"log","timestamp":1708455170720,"level":"info","message":"Rendering template { name: TemplateList, recipe: chrome-pdf, engine: handlebars, preview: true }","meta":{"rootId":"gkc4kpt8qssv9o0","id":"gkc4kpt8qssv9o0"},"id":"yzws5x23kadbzll","previousOperationId":"cbhk90suhfox66a"}
{"type":"log","timestamp":1708455170720,"level":"debug","message":"Data item not defined for this template.","meta":{"rootId":"gkc4kpt8qssv9o0","id":"gkc4kpt8qssv9o0"},"id":"qlusgpqvmwswkxe","previousOperationId":"cbhk90suhfox66a"}
{"type":"log","timestamp":1708455170722,"level":"debug","message":"Executing script list-data (beforeRender)","meta":{"rootId":"gkc4kpt8qssv9o0","id":"gkc4kpt8qssv9o0"},"id":"3atqgbpdv7dkylh","previousOperationId":"cbhk90suhfox66a"}
{"type":"operationStart","subtype":"scriptsBeforeRender","name":"scripts beforeRender","timestamp":1708455170728,"id":"rtrdb6ijep6fdk0","previousEventId":"xu5byoqu6ne7llh","operationId":"wohiu1zyrae1212","previousOperationId":"cbhk90suhfox66a"}
{"type":"operationStart","subtype":"script","name":"scripts list-data","previousOperationId":"wohiu1zyrae1212","timestamp":1708455170728,"id":"qgvzcgqkjrzllg9","previousEventId":"rtrdb6ijep6fdk0","operationId":"b8l3vk5smmsvaly"}
{"type":"log","timestamp":1708455170763,"level":"debug","message":"(console:log) [\n  {\n    list_description: {\n      id: 3,\n      list_name: 'stjsjshtshn',\n      list_current_number: 0,\n      list_limit_number: 0\n    },\n    list_image: {\n      url: 'http://localhost:4000/rails/active_storage/blobs/redirect/eyJfcmFpbHMiOnsiZGF0YSI6NCwicHVyIjoiYmxvYl9pZCJ9fQ==--023aae65cb60b3f6c6d73a9c76e14c0b0df6ad86/dibujoadrian.jpg'\n    }\n  },\n  {\n    list_description: {\n      id: 1,\n      list_name: 'charcuteria',\n      list_current_number: 0,\n      list_limit_number: 0\n    },\n    list_image: {\n      url: 'http://localhost:4000/rails/active_storage/blobs/redirect/eyJfcmFpbHMiOnsiZGF0YSI6MiwicHVyIjoiYmxvYl9pZCJ9fQ==--ee6d56bf52163135b48a4ba2c22b11a93e94d3b3/charcuteria.png'\n    }\n  },\n  {\n    list_description: {\n      id: 2,\n      list_name: 'sarshisha',\n      list_current_number: 13,\n      list_limit_number: 0\n    },\n    list_image: {\n      url: 'http://localhost:4000/rails/active_storage/blobs/redirect/eyJfcmFpbHMiOnsiZGF0YSI6MywicHVyIjoiYmxvYl9pZCJ9fQ==--07183cfade35ce6ffe715f60749642919ec61f5d/charcuteria.png'\n    }\n  }\n]","meta":{"userLevel":true,"rootId":"gkc4kpt8qssv9o0","id":"gkc4kpt8qssv9o0"},"id":"jcypoamntvl9mzl","previousOperationId":"b8l3vk5smmsvaly"}
{"type":"log","timestamp":1708455170773,"level":"debug","message":"(console:log) [\n  {\n    id: 1,\n    nickname: 'a',\n    is_admin: true,\n    suscriptor: null,\n    created_at: '2024-02-20T16:45:37.609Z',\n    updated_at: '2024-02-20T16:45:37.729Z',\n    email: 'a@a.a',\n    jti: '6a2b57ca-af4b-47a0-8285-477cffafa34b'\n  }\n]","meta":{"userLevel":true,"rootId":"gkc4kpt8qssv9o0","id":"gkc4kpt8qssv9o0"},"id":"5niebh7ypdhrtq1","previousOperationId":"b8l3vk5smmsvaly"}
{"type":"operationEnd","operationId":"b8l3vk5smmsvaly","timestamp":1708455170773,"id":"x85e3a7c1kwzsrw","previousEventId":"xu5byoqu6ne7llh","previousOperationId":"cbhk90suhfox66a"}
{"type":"operationEnd","operationId":"wohiu1zyrae1212","timestamp":1708455170773,"id":"fmmhwozh04hq7zd","previousEventId":"x85e3a7c1kwzsrw","previousOperationId":"cbhk90suhfox66a"}
{"type":"log","timestamp":1708455170774,"level":"debug","message":"Base url not specified, skipping its injection.","meta":{"rootId":"gkc4kpt8qssv9o0","id":"gkc4kpt8qssv9o0"},"id":"yvbma5dx9bwayqc","previousOperationId":"wohiu1zyrae1212"}
{"type":"operationStart","subtype":"engine","name":"handlebars","timestamp":1708455170774,"id":"mewekvtfrmgnljb","previousEventId":"fmmhwozh04hq7zd","operationId":"necse7tomq8u70x","previousOperationId":"wohiu1zyrae1212"}
{"type":"log","timestamp":1708455170774,"level":"debug","message":"Rendering engine handlebars","meta":{"rootId":"gkc4kpt8qssv9o0","id":"gkc4kpt8qssv9o0"},"id":"comji087x3uhd7f","previousOperationId":"necse7tomq8u70x"}
{"type":"operationEnd","operationId":"necse7tomq8u70x","timestamp":1708455170789,"id":"abycz6x7po646kj","previousEventId":"mewekvtfrmgnljb","previousOperationId":"necse7tomq8u70x"}
{"type":"operationStart","subtype":"recipe","name":"chrome-pdf","timestamp":1708455170789,"id":"32mesvmw5hlz0y3","previousEventId":"abycz6x7po646kj","operationId":"yn9mu28r9ivqd5i","previousOperationId":"necse7tomq8u70x"}
{"type":"log","timestamp":1708455170789,"level":"debug","message":"Executing recipe chrome-pdf","meta":{"rootId":"gkc4kpt8qssv9o0","id":"gkc4kpt8qssv9o0"},"id":"xan87gatcufmaj5","previousOperationId":"yn9mu28r9ivqd5i"}
{"type":"log","timestamp":1708455170792,"level":"debug","message":"Converting with chrome HeadlessChrome/117.0.5938.149 using chrome-pool strategy","meta":{"rootId":"gkc4kpt8qssv9o0","id":"gkc4kpt8qssv9o0"},"id":"irn414sojm9srnd","previousOperationId":"yn9mu28r9ivqd5i"}
{"type":"log","timestamp":1708455170843,"level":"debug","message":"Page request: GET (document) file:///tmp/jsreport/autocleanup/b9122b3b-e049-4c54-b831-755871693aa8-chrome-pdf.html","meta":{"rootId":"gkc4kpt8qssv9o0","id":"gkc4kpt8qssv9o0"},"id":"zdmgysf78i876cf","previousOperationId":"yn9mu28r9ivqd5i"}
{"type":"log","timestamp":1708455170851,"level":"debug","message":"Page request: GET (stylesheet) https://cdn.jsdelivr.net/chartist.js/latest/chartist.min.css","meta":{"rootId":"gkc4kpt8qssv9o0","id":"gkc4kpt8qssv9o0"},"id":"5t8bw952873jx71","previousOperationId":"yn9mu28r9ivqd5i"}
{"type":"log","timestamp":1708455170852,"level":"debug","message":"Page request: GET (script) https://cdn.jsdelivr.net/chartist.js/latest/chartist.min.js","meta":{"rootId":"gkc4kpt8qssv9o0","id":"gkc4kpt8qssv9o0"},"id":"cripv9oh0k74c7r","previousOperationId":"yn9mu28r9ivqd5i"}
{"type":"log","timestamp":1708455170852,"level":"debug","message":"Page request: GET (script) https://code.jquery.com/jquery-3.6.0.min.js","meta":{"rootId":"gkc4kpt8qssv9o0","id":"gkc4kpt8qssv9o0"},"id":"o9wb9mw93v5qios","previousOperationId":"yn9mu28r9ivqd5i"}
{"type":"log","timestamp":1708455170852,"level":"debug","message":"Page request: GET (script) https://cdn.jsdelivr.net/npm/chart.js","meta":{"rootId":"gkc4kpt8qssv9o0","id":"gkc4kpt8qssv9o0"},"id":"kgtg3voqcgnpvzb","previousOperationId":"yn9mu28r9ivqd5i"}
{"type":"log","timestamp":1708455170852,"level":"debug","message":"Page request finished: GET (document) 200 file:///tmp/jsreport/autocleanup/b9122b3b-e049-4c54-b831-755871693aa8-chrome-pdf.html","meta":{"rootId":"gkc4kpt8qssv9o0","id":"gkc4kpt8qssv9o0"},"id":"7lty4gg30vyr5aj","previousOperationId":"yn9mu28r9ivqd5i"}
{"type":"log","timestamp":1708455170855,"level":"debug","message":"Page request finished: GET (stylesheet) 200 https://cdn.jsdelivr.net/chartist.js/latest/chartist.min.css","meta":{"rootId":"gkc4kpt8qssv9o0","id":"gkc4kpt8qssv9o0"},"id":"90r90ervxpzgua7","previousOperationId":"yn9mu28r9ivqd5i"}
{"type":"log","timestamp":1708455170856,"level":"debug","message":"Page request finished: GET (script) 200 https://cdn.jsdelivr.net/chartist.js/latest/chartist.min.js","meta":{"rootId":"gkc4kpt8qssv9o0","id":"gkc4kpt8qssv9o0"},"id":"gmz2h8zv55o0hwk","previousOperationId":"yn9mu28r9ivqd5i"}
{"type":"log","timestamp":1708455170857,"level":"debug","message":"Page request finished: GET (script) 200 https://code.jquery.com/jquery-3.6.0.min.js","meta":{"rootId":"gkc4kpt8qssv9o0","id":"gkc4kpt8qssv9o0"},"id":"lyty9zujov38puo","previousOperationId":"yn9mu28r9ivqd5i"}
{"type":"log","timestamp":1708455170863,"level":"debug","message":"Page request finished: GET (script) 200 https://cdn.jsdelivr.net/npm/chart.js","meta":{"rootId":"gkc4kpt8qssv9o0","id":"gkc4kpt8qssv9o0"},"id":"ecstlbnc8z06u0z","previousOperationId":"yn9mu28r9ivqd5i"}
{"type":"log","timestamp":1708455170913,"level":"debug","message":"Running chrome with params {\"printBackground\":true,\"timeout\":59926,\"margin\":{}}","meta":{"rootId":"gkc4kpt8qssv9o0","id":"gkc4kpt8qssv9o0"},"id":"5q3e6ot7fiklp8w","previousOperationId":"yn9mu28r9ivqd5i"}
{"type":"operationEnd","operationId":"yn9mu28r9ivqd5i","timestamp":1708455170942,"id":"pdrhvie5ii7a8re","previousEventId":"32mesvmw5hlz0y3","previousOperationId":"yn9mu28r9ivqd5i"}
{"type":"log","timestamp":1708455170942,"level":"debug","message":"Skipping storing report.","meta":{"rootId":"gkc4kpt8qssv9o0","id":"gkc4kpt8qssv9o0"},"id":"sg38rhkd4k009hc","previousOperationId":"yn9mu28r9ivqd5i"}
{"type":"log","timestamp":1708455170942,"level":"info","message":"Rendering request 30 finished in 227 ms","meta":{"rootId":"gkc4kpt8qssv9o0","id":"gkc4kpt8qssv9o0"},"id":"z7s85k1uwsf652n","previousOperationId":"yn9mu28r9ivqd5i"}
{"type":"operationEnd","subtype":"render","operationId":"cbhk90suhfox66a","timestamp":1708455170942,"id":"r4wvoavemgc8ylp","previousEventId":"pdrhvie5ii7a8re","previousOperationId":"yn9mu28r9ivqd5i"}
{"type":"operationEnd","doDiffs":false,"previousEventId":"d6owi8fk50f6w0l","previousOperationId":"yzdcos1eoxta27i","operationId":"yzdcos1eoxta27i","timestamp":1708455170945,"id":"2vwkyzxaa8pg31u"}
