{"type":"operationStart","subtype":"profile","data":{"_id":"K2gvLE8b9bbswXDk","timestamp":"2024-02-20T17:38:20.235Z","state":"queued","mode":"standard","creationDate":"2024-02-20T17:38:20.235Z","modificationDate":"2024-02-20T17:38:20.235Z","shortid":"RwQM71N","$entitySet":"profiles"},"doDiffs":false,"timestamp":1708450700235,"id":"nj7kvxp4fxhlrzf","previousOperationId":null,"operationId":"io8i07fobmgzr5v"}
{"type":"log","level":"info","message":"Render request 14 queued for execution and waiting for available worker","previousOperationId":"io8i07fobmgzr5v","timestamp":1708450700235,"id":"s3bq9lft9n7f5ht"}
{"type":"operationStart","subtype":"render","name":"TemplateList","previousOperationId":"io8i07fobmgzr5v","timestamp":1708450700240,"id":"00g7m9siga52xq2","previousEventId":"nj7kvxp4fxhlrzf","operationId":"kty09k6ry2myrjf"}
{"type":"log","timestamp":1708450700240,"level":"info","message":"Starting rendering request 14","meta":{"rootId":"gz9k7asdszf4g3w","id":"gz9k7asdszf4g3w"},"id":"dp0y3ioimrsdimw","previousOperationId":"kty09k6ry2myrjf"}
{"type":"log","timestamp":1708450700240,"level":"info","message":"Rendering template { name: TemplateList, recipe: chrome-pdf, engine: handlebars, preview: true }","meta":{"rootId":"gz9k7asdszf4g3w","id":"gz9k7asdszf4g3w"},"id":"oasq7z7ww9nja69","previousOperationId":"kty09k6ry2myrjf"}
{"type":"log","timestamp":1708450700241,"level":"debug","message":"Data item not defined for this template.","meta":{"rootId":"gz9k7asdszf4g3w","id":"gz9k7asdszf4g3w"},"id":"c8u0jaao9i96kge","previousOperationId":"kty09k6ry2myrjf"}
{"type":"log","timestamp":1708450700243,"level":"debug","message":"Executing script list-data (beforeRender)","meta":{"rootId":"gz9k7asdszf4g3w","id":"gz9k7asdszf4g3w"},"id":"pujqzy0hu4e5pns","previousOperationId":"kty09k6ry2myrjf"}
{"type":"operationStart","subtype":"scriptsBeforeRender","name":"scripts beforeRender","timestamp":1708450700251,"id":"hf674hbn14pumo1","previousEventId":"00g7m9siga52xq2","operationId":"29bqr3zyu968w1q","previousOperationId":"kty09k6ry2myrjf"}
{"type":"operationStart","subtype":"script","name":"scripts list-data","previousOperationId":"29bqr3zyu968w1q","timestamp":1708450700251,"id":"8u2r2co8jerycpy","previousEventId":"hf674hbn14pumo1","operationId":"xkuc2lssn3ygzye"}
{"type":"log","timestamp":1708450700274,"level":"debug","message":"(console:log) [\n  {\n    list_description: {\n      id: 1,\n      list_name: 'charcuteria',\n      list_current_number: 0,\n      list_limit_number: 0\n    },\n    list_image: {\n      url: 'http://localhost:4000/rails/active_storage/blobs/redirect/eyJfcmFpbHMiOnsiZGF0YSI6MiwicHVyIjoiYmxvYl9pZCJ9fQ==--ee6d56bf52163135b48a4ba2c22b11a93e94d3b3/charcuteria.png'\n    }\n  }\n]","meta":{"userLevel":true,"rootId":"gz9k7asdszf4g3w","id":"gz9k7asdszf4g3w"},"id":"ifcvw7x62ix8dhb","previousOperationId":"xkuc2lssn3ygzye"}
{"type":"operationEnd","operationId":"xkuc2lssn3ygzye","timestamp":1708450700274,"id":"suje4yti79u3bwg","previousEventId":"00g7m9siga52xq2","previousOperationId":"kty09k6ry2myrjf"}
{"type":"operationEnd","operationId":"29bqr3zyu968w1q","timestamp":1708450700274,"id":"f9blq83w1ahmmbq","previousEventId":"suje4yti79u3bwg","previousOperationId":"kty09k6ry2myrjf"}
{"type":"log","timestamp":1708450700274,"level":"debug","message":"Base url not specified, skipping its injection.","meta":{"rootId":"gz9k7asdszf4g3w","id":"gz9k7asdszf4g3w"},"id":"x91syryomjcjokq","previousOperationId":"29bqr3zyu968w1q"}
{"type":"operationStart","subtype":"engine","name":"handlebars","timestamp":1708450700274,"id":"5503nxo4qnusjrz","previousEventId":"f9blq83w1ahmmbq","operationId":"5fdo492y2smkofx","previousOperationId":"29bqr3zyu968w1q"}
{"type":"log","timestamp":1708450700274,"level":"debug","message":"Rendering engine handlebars","meta":{"rootId":"gz9k7asdszf4g3w","id":"gz9k7asdszf4g3w"},"id":"uk8rhez41te3oca","previousOperationId":"5fdo492y2smkofx"}
{"type":"operationEnd","operationId":"5fdo492y2smkofx","timestamp":1708450700284,"id":"8hb8q0bid8kr06e","previousEventId":"5503nxo4qnusjrz","previousOperationId":"5fdo492y2smkofx"}
{"type":"operationStart","subtype":"recipe","name":"chrome-pdf","timestamp":1708450700284,"id":"9sisq22kffmgabl","previousEventId":"8hb8q0bid8kr06e","operationId":"y2haetbsti1updk","previousOperationId":"5fdo492y2smkofx"}
{"type":"log","timestamp":1708450700285,"level":"debug","message":"Executing recipe chrome-pdf","meta":{"rootId":"gz9k7asdszf4g3w","id":"gz9k7asdszf4g3w"},"id":"8el97g8pddvu1fr","previousOperationId":"y2haetbsti1updk"}
{"type":"log","timestamp":1708450700287,"level":"debug","message":"Converting with chrome HeadlessChrome/117.0.5938.149 using chrome-pool strategy","meta":{"rootId":"gz9k7asdszf4g3w","id":"gz9k7asdszf4g3w"},"id":"jxk9rn111vg2dqj","previousOperationId":"y2haetbsti1updk"}
{"type":"log","timestamp":1708450700324,"level":"debug","message":"Page request: GET (document) file:///tmp/jsreport/autocleanup/7c8f262d-83dc-48d5-b190-d19438e15903-chrome-pdf.html","meta":{"rootId":"gz9k7asdszf4g3w","id":"gz9k7asdszf4g3w"},"id":"el31yo7qonghd3m","previousOperationId":"y2haetbsti1updk"}
{"type":"log","timestamp":1708450700333,"level":"debug","message":"Page request: GET (stylesheet) https://cdn.jsdelivr.net/chartist.js/latest/chartist.min.css","meta":{"rootId":"gz9k7asdszf4g3w","id":"gz9k7asdszf4g3w"},"id":"vtqzmeu7ge6b1ll","previousOperationId":"y2haetbsti1updk"}
{"type":"log","timestamp":1708450700333,"level":"debug","message":"Page request: GET (script) https://cdn.jsdelivr.net/chartist.js/latest/chartist.min.js","meta":{"rootId":"gz9k7asdszf4g3w","id":"gz9k7asdszf4g3w"},"id":"kfs45p9qlubzzh4","previousOperationId":"y2haetbsti1updk"}
{"type":"log","timestamp":1708450700334,"level":"debug","message":"Page request: GET (script) https://code.jquery.com/jquery-3.6.0.min.js","meta":{"rootId":"gz9k7asdszf4g3w","id":"gz9k7asdszf4g3w"},"id":"3q42pqqm2610oqv","previousOperationId":"y2haetbsti1updk"}
{"type":"log","timestamp":1708450700334,"level":"debug","message":"Page request finished: GET (document) 200 file:///tmp/jsreport/autocleanup/7c8f262d-83dc-48d5-b190-d19438e15903-chrome-pdf.html","meta":{"rootId":"gz9k7asdszf4g3w","id":"gz9k7asdszf4g3w"},"id":"npcfmznm9p2s8in","previousOperationId":"y2haetbsti1updk"}
{"type":"log","timestamp":1708450700337,"level":"debug","message":"Page request finished: GET (stylesheet) 200 https://cdn.jsdelivr.net/chartist.js/latest/chartist.min.css","meta":{"rootId":"gz9k7asdszf4g3w","id":"gz9k7asdszf4g3w"},"id":"m6zofc5g2a9kgy2","previousOperationId":"y2haetbsti1updk"}
{"type":"log","timestamp":1708450700340,"level":"debug","message":"Page request finished: GET (script) 200 https://cdn.jsdelivr.net/chartist.js/latest/chartist.min.js","meta":{"rootId":"gz9k7asdszf4g3w","id":"gz9k7asdszf4g3w"},"id":"cyz0pgn5kaamldg","previousOperationId":"y2haetbsti1updk"}
{"type":"log","timestamp":1708450700341,"level":"debug","message":"Page request finished: GET (script) 200 https://code.jquery.com/jquery-3.6.0.min.js","meta":{"rootId":"gz9k7asdszf4g3w","id":"gz9k7asdszf4g3w"},"id":"4rq7jz7zbritj8c","previousOperationId":"y2haetbsti1updk"}
{"type":"log","timestamp":1708450700346,"level":"warn","message":"Page error: Unexpected identifier 'Object' , stack: SyntaxError: Unexpected identifier 'Object'","meta":{"rootId":"gz9k7asdszf4g3w","id":"gz9k7asdszf4g3w"},"id":"0fktq7a2huadu8h","previousOperationId":"y2haetbsti1updk"}
{"type":"log","timestamp":1708450700349,"level":"debug","message":"Running chrome with params {\"printBackground\":true,\"timeout\":59949,\"margin\":{}}","meta":{"rootId":"gz9k7asdszf4g3w","id":"gz9k7asdszf4g3w"},"id":"tifii7v46lzcayd","previousOperationId":"y2haetbsti1updk"}
{"type":"operationEnd","operationId":"y2haetbsti1updk","timestamp":1708450700357,"id":"9fa5spn87b5qtva","previousEventId":"9sisq22kffmgabl","previousOperationId":"y2haetbsti1updk"}
{"type":"log","timestamp":1708450700357,"level":"debug","message":"Skipping storing report.","meta":{"rootId":"gz9k7asdszf4g3w","id":"gz9k7asdszf4g3w"},"id":"nwinidhjq77dzbg","previousOperationId":"y2haetbsti1updk"}
{"type":"log","timestamp":1708450700358,"level":"info","message":"Rendering request 14 finished in 123 ms","meta":{"rootId":"gz9k7asdszf4g3w","id":"gz9k7asdszf4g3w"},"id":"0k0sg73fabjrhnq","previousOperationId":"y2haetbsti1updk"}
{"type":"operationEnd","subtype":"render","operationId":"kty09k6ry2myrjf","timestamp":1708450700358,"id":"bh0v5v3r5nlz17y","previousEventId":"9fa5spn87b5qtva","previousOperationId":"y2haetbsti1updk"}
{"type":"operationEnd","doDiffs":false,"previousEventId":"nj7kvxp4fxhlrzf","previousOperationId":"io8i07fobmgzr5v","operationId":"io8i07fobmgzr5v","timestamp":1708450700363,"id":"kzto59hxg2uelxr"}
