{"type":"operationStart","subtype":"profile","data":{"_id":"6ZTGPabhBAYYLXQ0","timestamp":"2024-02-20T17:56:42.695Z","state":"queued","mode":"standard","creationDate":"2024-02-20T17:56:42.696Z","modificationDate":"2024-02-20T17:56:42.696Z","shortid":"3iN9DjO","$entitySet":"profiles"},"doDiffs":false,"timestamp":1708451802695,"id":"8r0lohctn08jqww","previousOperationId":null,"operationId":"9x57ggz9tct8tjv"}
{"type":"log","level":"info","message":"Render request 3 queued for execution and waiting for available worker","previousOperationId":"9x57ggz9tct8tjv","timestamp":1708451802696,"id":"yyj8q7xmf64og0z"}
{"type":"operationStart","subtype":"render","name":"TemplateList","previousOperationId":"9x57ggz9tct8tjv","timestamp":1708451802700,"id":"ydssua5g651m8bx","previousEventId":"8r0lohctn08jqww","operationId":"w54omnjgxxg8jc5"}
{"type":"log","timestamp":1708451802700,"level":"info","message":"Starting rendering request 3","meta":{"rootId":"gzj9kupcurbqjic","id":"gzj9kupcurbqjic"},"id":"g8jsh14q5sdvqtt","previousOperationId":"w54omnjgxxg8jc5"}
{"type":"log","timestamp":1708451802701,"level":"info","message":"Rendering template { name: TemplateList, recipe: chrome-pdf, engine: handlebars, preview: true }","meta":{"rootId":"gzj9kupcurbqjic","id":"gzj9kupcurbqjic"},"id":"wsxiat5nd1cvxvp","previousOperationId":"w54omnjgxxg8jc5"}
{"type":"log","timestamp":1708451802701,"level":"debug","message":"Data item not defined for this template.","meta":{"rootId":"gzj9kupcurbqjic","id":"gzj9kupcurbqjic"},"id":"7brdlt67v88jnhy","previousOperationId":"w54omnjgxxg8jc5"}
{"type":"log","timestamp":1708451802702,"level":"debug","message":"Executing script list-data (beforeRender)","meta":{"rootId":"gzj9kupcurbqjic","id":"gzj9kupcurbqjic"},"id":"qyd9qxfmcz136pu","previousOperationId":"w54omnjgxxg8jc5"}
{"type":"operationStart","subtype":"scriptsBeforeRender","name":"scripts beforeRender","timestamp":1708451802715,"id":"dvpg1bvg0qbuma1","previousEventId":"ydssua5g651m8bx","operationId":"e82ske60hruqo2a","previousOperationId":"w54omnjgxxg8jc5"}
{"type":"operationStart","subtype":"script","name":"scripts list-data","previousOperationId":"e82ske60hruqo2a","timestamp":1708451802715,"id":"zzumn8j4ci0tfvk","previousEventId":"dvpg1bvg0qbuma1","operationId":"59khlm9xbqsksan"}
{"type":"log","timestamp":1708451802742,"level":"debug","message":"(console:error) Error fetching lists: TypeError: Cannot read properties of undefined (reading 'users')\n    at sandbox.js:38:30\n    at new Promise (<anonymous>)\n    at fetchusers (sandbox.js:31:12)\n    at Object.beforeRender (sandbox.js:47:32)\n    at process.processTicksAndRejections (node:internal/process/task_queues:95:5)\n    at async executionFn (/home/miguel/workspace/tibuTicket/jsreports/node_modules/@jsreport/jsreport-scripts/lib/executeScript.js:67:11)\n    at async run (/home/miguel/workspace/tibuTicket/jsreports/node_modules/@jsreport/jsreport-core/lib/worker/sandbox/createSandbox.js:137:16)\n    at async WorkerReporter.runInSandbox [as _runInSandbox] (/home/miguel/workspace/tibuTicket/jsreports/node_modules/@jsreport/jsreport-core/lib/worker/sandbox/runInSandbox.js:195:14)\n    at async executeScript (/home/miguel/workspace/tibuTicket/jsreports/node_modules/@jsreport/jsreport-scripts/lib/executeScript.js:122:12)\n    at async Scripts._runScript (/home/miguel/workspace/tibuTicket/jsreports/node_modules/@jsreport/jsreport-scripts/lib/worker.js:140:30)","meta":{"userLevel":true,"rootId":"gzj9kupcurbqjic","id":"gzj9kupcurbqjic"},"id":"9rsrdau1yob7k0j","previousOperationId":"59khlm9xbqsksan"}
{"type":"operationEnd","operationId":"59khlm9xbqsksan","timestamp":1708451802743,"id":"jgii0p7su5z4w39","previousEventId":"ydssua5g651m8bx","previousOperationId":"w54omnjgxxg8jc5"}
{"type":"operationEnd","operationId":"e82ske60hruqo2a","timestamp":1708451802743,"id":"cc08h5w6z35ukhf","previousEventId":"jgii0p7su5z4w39","previousOperationId":"w54omnjgxxg8jc5"}
{"type":"log","timestamp":1708451802743,"level":"debug","message":"Base url not specified, skipping its injection.","meta":{"rootId":"gzj9kupcurbqjic","id":"gzj9kupcurbqjic"},"id":"05ufedlv74b6rjx","previousOperationId":"e82ske60hruqo2a"}
{"type":"operationStart","subtype":"engine","name":"handlebars","timestamp":1708451802743,"id":"tx0oug5i3ftlit6","previousEventId":"cc08h5w6z35ukhf","operationId":"0p1gxcwnmmfz5bi","previousOperationId":"e82ske60hruqo2a"}
{"type":"log","timestamp":1708451802743,"level":"debug","message":"Rendering engine handlebars","meta":{"rootId":"gzj9kupcurbqjic","id":"gzj9kupcurbqjic"},"id":"qqq0lfy3bmnxt62","previousOperationId":"0p1gxcwnmmfz5bi"}
{"type":"operationEnd","operationId":"0p1gxcwnmmfz5bi","timestamp":1708451802752,"id":"supuh6mjrbenavl","previousEventId":"tx0oug5i3ftlit6","previousOperationId":"0p1gxcwnmmfz5bi"}
{"type":"operationStart","subtype":"recipe","name":"chrome-pdf","timestamp":1708451802753,"id":"aui9qxscn98lngt","previousEventId":"supuh6mjrbenavl","operationId":"ue4qnhrd16nuyq1","previousOperationId":"0p1gxcwnmmfz5bi"}
{"type":"log","timestamp":1708451802753,"level":"debug","message":"Executing recipe chrome-pdf","meta":{"rootId":"gzj9kupcurbqjic","id":"gzj9kupcurbqjic"},"id":"wnvry1il2jcr8rr","previousOperationId":"ue4qnhrd16nuyq1"}
{"type":"log","timestamp":1708451802755,"level":"debug","message":"Converting with chrome HeadlessChrome/117.0.5938.149 using chrome-pool strategy","meta":{"rootId":"gzj9kupcurbqjic","id":"gzj9kupcurbqjic"},"id":"mdhll0asquvek0o","previousOperationId":"ue4qnhrd16nuyq1"}
{"type":"log","timestamp":1708451802796,"level":"debug","message":"Page request: GET (document) file:///tmp/jsreport/autocleanup/8067b06e-0974-4450-9ed5-122b3ac83c8a-chrome-pdf.html","meta":{"rootId":"gzj9kupcurbqjic","id":"gzj9kupcurbqjic"},"id":"fz37hkd7kau9gti","previousOperationId":"ue4qnhrd16nuyq1"}
{"type":"log","timestamp":1708451802805,"level":"debug","message":"Page request: GET (stylesheet) https://cdn.jsdelivr.net/chartist.js/latest/chartist.min.css","meta":{"rootId":"gzj9kupcurbqjic","id":"gzj9kupcurbqjic"},"id":"xnjqm7kpzjsyycs","previousOperationId":"ue4qnhrd16nuyq1"}
{"type":"log","timestamp":1708451802806,"level":"debug","message":"Page request: GET (script) https://cdn.jsdelivr.net/chartist.js/latest/chartist.min.js","meta":{"rootId":"gzj9kupcurbqjic","id":"gzj9kupcurbqjic"},"id":"vnif73zh0fxunye","previousOperationId":"ue4qnhrd16nuyq1"}
{"type":"log","timestamp":1708451802806,"level":"debug","message":"Page request: GET (script) https://code.jquery.com/jquery-3.6.0.min.js","meta":{"rootId":"gzj9kupcurbqjic","id":"gzj9kupcurbqjic"},"id":"l5bszg2jmtdqhup","previousOperationId":"ue4qnhrd16nuyq1"}
{"type":"log","timestamp":1708451802806,"level":"debug","message":"Page request finished: GET (document) 200 file:///tmp/jsreport/autocleanup/8067b06e-0974-4450-9ed5-122b3ac83c8a-chrome-pdf.html","meta":{"rootId":"gzj9kupcurbqjic","id":"gzj9kupcurbqjic"},"id":"emj4c02ce4meyau","previousOperationId":"ue4qnhrd16nuyq1"}
{"type":"log","timestamp":1708451802808,"level":"debug","message":"Page request finished: GET (stylesheet) 200 https://cdn.jsdelivr.net/chartist.js/latest/chartist.min.css","meta":{"rootId":"gzj9kupcurbqjic","id":"gzj9kupcurbqjic"},"id":"l3wswsts9k7te32","previousOperationId":"ue4qnhrd16nuyq1"}
{"type":"log","timestamp":1708451802809,"level":"debug","message":"Page request finished: GET (script) 200 https://cdn.jsdelivr.net/chartist.js/latest/chartist.min.js","meta":{"rootId":"gzj9kupcurbqjic","id":"gzj9kupcurbqjic"},"id":"pyvcirw387c2b9y","previousOperationId":"ue4qnhrd16nuyq1"}
{"type":"log","timestamp":1708451802812,"level":"debug","message":"Page request finished: GET (script) 200 https://code.jquery.com/jquery-3.6.0.min.js","meta":{"rootId":"gzj9kupcurbqjic","id":"gzj9kupcurbqjic"},"id":"lqlm9elez96mo5g","previousOperationId":"ue4qnhrd16nuyq1"}
{"type":"log","timestamp":1708451802821,"level":"warn","message":"Page error: Unexpected identifier 'Object' , stack: SyntaxError: Unexpected identifier 'Object'","meta":{"rootId":"gzj9kupcurbqjic","id":"gzj9kupcurbqjic"},"id":"3c2cpb4022fj0pl","previousOperationId":"ue4qnhrd16nuyq1"}
{"type":"log","timestamp":1708451802825,"level":"debug","message":"Running chrome with params {\"printBackground\":true,\"timeout\":59941,\"margin\":{}}","meta":{"rootId":"gzj9kupcurbqjic","id":"gzj9kupcurbqjic"},"id":"r5ho1sd08gvy5f0","previousOperationId":"ue4qnhrd16nuyq1"}
{"type":"operationEnd","operationId":"ue4qnhrd16nuyq1","timestamp":1708451802836,"id":"o5x71v4egg054a0","previousEventId":"aui9qxscn98lngt","previousOperationId":"ue4qnhrd16nuyq1"}
{"type":"log","timestamp":1708451802836,"level":"debug","message":"Skipping storing report.","meta":{"rootId":"gzj9kupcurbqjic","id":"gzj9kupcurbqjic"},"id":"ji2l8hlqalz4zc6","previousOperationId":"ue4qnhrd16nuyq1"}
{"type":"log","timestamp":1708451802836,"level":"info","message":"Rendering request 3 finished in 141 ms","meta":{"rootId":"gzj9kupcurbqjic","id":"gzj9kupcurbqjic"},"id":"lmg1lmh3ku4sxqx","previousOperationId":"ue4qnhrd16nuyq1"}
{"type":"operationEnd","subtype":"render","operationId":"w54omnjgxxg8jc5","timestamp":1708451802836,"id":"hjww3p8yne2hfne","previousEventId":"o5x71v4egg054a0","previousOperationId":"ue4qnhrd16nuyq1"}
{"type":"operationEnd","doDiffs":false,"previousEventId":"8r0lohctn08jqww","previousOperationId":"9x57ggz9tct8tjv","operationId":"9x57ggz9tct8tjv","timestamp":1708451802843,"id":"iebiq14oi86phqn"}
