{"type":"operationStart","subtype":"profile","data":{"_id":"PnYymt1PVx7BZ4ig","timestamp":"2024-02-20T17:17:36.214Z","state":"queued","mode":"standard","creationDate":"2024-02-20T17:17:36.215Z","modificationDate":"2024-02-20T17:17:36.215Z","shortid":"tINQKu1","$entitySet":"profiles"},"doDiffs":false,"timestamp":1708449456215,"id":"tbja17sw80ndcjb","previousOperationId":null,"operationId":"c7b1hwaoyc2ry4s"}
{"type":"log","level":"info","message":"Render request 46 queued for execution and waiting for available worker","previousOperationId":"c7b1hwaoyc2ry4s","timestamp":1708449456215,"id":"s4fbxcw43bb9b6z"}
{"type":"operationStart","subtype":"render","name":"TemplateList","previousOperationId":"c7b1hwaoyc2ry4s","timestamp":1708449456219,"id":"tkhpmz9rqcd8um5","previousEventId":"tbja17sw80ndcjb","operationId":"ko5wmrchobekzkj"}
{"type":"log","timestamp":1708449456219,"level":"info","message":"Starting rendering request 46","meta":{"rootId":"hpnuvw28ykf79xq","id":"hpnuvw28ykf79xq"},"id":"ydvfnl1wg0er205","previousOperationId":"ko5wmrchobekzkj"}
{"type":"log","timestamp":1708449456219,"level":"info","message":"Rendering template { name: TemplateList, recipe: chrome-pdf, engine: handlebars, preview: true }","meta":{"rootId":"hpnuvw28ykf79xq","id":"hpnuvw28ykf79xq"},"id":"jkjg46t8zwmba8z","previousOperationId":"ko5wmrchobekzkj"}
{"type":"log","timestamp":1708449456220,"level":"debug","message":"Data item not defined for this template.","meta":{"rootId":"hpnuvw28ykf79xq","id":"hpnuvw28ykf79xq"},"id":"lzokdw7yd7i3ufl","previousOperationId":"ko5wmrchobekzkj"}
{"type":"log","timestamp":1708449456222,"level":"debug","message":"Base url not specified, skipping its injection.","meta":{"rootId":"hpnuvw28ykf79xq","id":"hpnuvw28ykf79xq"},"id":"7rozlkh49tr4dr9","previousOperationId":"ko5wmrchobekzkj"}
{"type":"operationStart","subtype":"engine","name":"handlebars","timestamp":1708449456222,"id":"dv27qas75bk8f90","previousEventId":"tkhpmz9rqcd8um5","operationId":"rwn5brm5r0khepc","previousOperationId":"ko5wmrchobekzkj"}
{"type":"log","timestamp":1708449456222,"level":"debug","message":"Rendering engine handlebars","meta":{"rootId":"hpnuvw28ykf79xq","id":"hpnuvw28ykf79xq"},"id":"s4z9isez2mbrdzy","previousOperationId":"rwn5brm5r0khepc"}
{"type":"operationEnd","operationId":"rwn5brm5r0khepc","timestamp":1708449456231,"id":"1ivq29ylntfuhik","previousEventId":"dv27qas75bk8f90","previousOperationId":"rwn5brm5r0khepc"}
{"type":"operationStart","subtype":"recipe","name":"chrome-pdf","timestamp":1708449456231,"id":"uos99nnm7j5pzid","previousEventId":"1ivq29ylntfuhik","operationId":"pnte41jkgxyjoy0","previousOperationId":"rwn5brm5r0khepc"}
{"type":"log","timestamp":1708449456231,"level":"debug","message":"Executing recipe chrome-pdf","meta":{"rootId":"hpnuvw28ykf79xq","id":"hpnuvw28ykf79xq"},"id":"4yqb199jlxg3lly","previousOperationId":"pnte41jkgxyjoy0"}
{"type":"log","timestamp":1708449456233,"level":"debug","message":"Converting with chrome HeadlessChrome/117.0.5938.149 using chrome-pool strategy","meta":{"rootId":"hpnuvw28ykf79xq","id":"hpnuvw28ykf79xq"},"id":"uq9d1w6v5zremay","previousOperationId":"pnte41jkgxyjoy0"}
{"type":"log","timestamp":1708449456265,"level":"debug","message":"Page request: GET (document) file:///tmp/jsreport/autocleanup/3469f9e0-1dfe-4471-8b83-aa656996f1f7-chrome-pdf.html","meta":{"rootId":"hpnuvw28ykf79xq","id":"hpnuvw28ykf79xq"},"id":"g9qbj2kyyb9sgik","previousOperationId":"pnte41jkgxyjoy0"}
{"type":"log","timestamp":1708449456273,"level":"debug","message":"Page request: GET (stylesheet) https://cdn.jsdelivr.net/chartist.js/latest/chartist.min.css","meta":{"rootId":"hpnuvw28ykf79xq","id":"hpnuvw28ykf79xq"},"id":"1tfsc253afp6qp8","previousOperationId":"pnte41jkgxyjoy0"}
{"type":"log","timestamp":1708449456274,"level":"debug","message":"Page request: GET (script) https://cdn.jsdelivr.net/chartist.js/latest/chartist.min.js","meta":{"rootId":"hpnuvw28ykf79xq","id":"hpnuvw28ykf79xq"},"id":"kb8ejalltm04cdh","previousOperationId":"pnte41jkgxyjoy0"}
{"type":"log","timestamp":1708449456274,"level":"debug","message":"Page request: GET (script) https://code.jquery.com/jquery-3.6.0.min.js","meta":{"rootId":"hpnuvw28ykf79xq","id":"hpnuvw28ykf79xq"},"id":"ezt3oa1zziug46x","previousOperationId":"pnte41jkgxyjoy0"}
{"type":"log","timestamp":1708449456275,"level":"debug","message":"Page request finished: GET (document) 200 file:///tmp/jsreport/autocleanup/3469f9e0-1dfe-4471-8b83-aa656996f1f7-chrome-pdf.html","meta":{"rootId":"hpnuvw28ykf79xq","id":"hpnuvw28ykf79xq"},"id":"ivc52rw6zn07r13","previousOperationId":"pnte41jkgxyjoy0"}
{"type":"log","timestamp":1708449456277,"level":"debug","message":"Page request finished: GET (stylesheet) 200 https://cdn.jsdelivr.net/chartist.js/latest/chartist.min.css","meta":{"rootId":"hpnuvw28ykf79xq","id":"hpnuvw28ykf79xq"},"id":"1hyjebblu1ldfum","previousOperationId":"pnte41jkgxyjoy0"}
{"type":"log","timestamp":1708449456277,"level":"debug","message":"Page request finished: GET (script) 200 https://cdn.jsdelivr.net/chartist.js/latest/chartist.min.js","meta":{"rootId":"hpnuvw28ykf79xq","id":"hpnuvw28ykf79xq"},"id":"aja8fcr21vkga3j","previousOperationId":"pnte41jkgxyjoy0"}
{"type":"log","timestamp":1708449456278,"level":"debug","message":"Page request finished: GET (script) 200 https://code.jquery.com/jquery-3.6.0.min.js","meta":{"rootId":"hpnuvw28ykf79xq","id":"hpnuvw28ykf79xq"},"id":"u2eo4ou0nr8rf6t","previousOperationId":"pnte41jkgxyjoy0"}
{"type":"log","timestamp":1708449456283,"level":"debug","message":"(console:log) Lists: ","meta":{"userLevel":true,"rootId":"hpnuvw28ykf79xq","id":"hpnuvw28ykf79xq"},"id":"geyags8q3jn01eb","previousOperationId":"pnte41jkgxyjoy0"}
{"type":"log","timestamp":1708449456285,"level":"debug","message":"Running chrome with params {\"printBackground\":true,\"timeout\":59982,\"margin\":{}}","meta":{"rootId":"hpnuvw28ykf79xq","id":"hpnuvw28ykf79xq"},"id":"ogcfvx3523glt6x","previousOperationId":"pnte41jkgxyjoy0"}
{"type":"operationEnd","operationId":"pnte41jkgxyjoy0","timestamp":1708449456294,"id":"blk0dtorn66xn1y","previousEventId":"uos99nnm7j5pzid","previousOperationId":"pnte41jkgxyjoy0"}
{"type":"log","timestamp":1708449456294,"level":"debug","message":"Skipping storing report.","meta":{"rootId":"hpnuvw28ykf79xq","id":"hpnuvw28ykf79xq"},"id":"7u4xcun78l26hfp","previousOperationId":"pnte41jkgxyjoy0"}
{"type":"log","timestamp":1708449456294,"level":"info","message":"Rendering request 46 finished in 80 ms","meta":{"rootId":"hpnuvw28ykf79xq","id":"hpnuvw28ykf79xq"},"id":"ai49517m8kj681l","previousOperationId":"pnte41jkgxyjoy0"}
{"type":"operationEnd","subtype":"render","operationId":"ko5wmrchobekzkj","timestamp":1708449456294,"id":"atlwl57xmct1gom","previousEventId":"blk0dtorn66xn1y","previousOperationId":"pnte41jkgxyjoy0"}
{"type":"operationEnd","doDiffs":false,"previousEventId":"tbja17sw80ndcjb","previousOperationId":"c7b1hwaoyc2ry4s","operationId":"c7b1hwaoyc2ry4s","timestamp":1708449456301,"id":"ykbbu297qvi2a5q"}
