{"type":"operationStart","subtype":"profile","data":{"_id":"Qh2bnDoryYtigbOS","timestamp":"2024-02-20T17:15:39.305Z","state":"queued","mode":"standard","creationDate":"2024-02-20T17:15:39.306Z","modificationDate":"2024-02-20T17:15:39.306Z","shortid":"d4R_xS0","$entitySet":"profiles"},"doDiffs":false,"timestamp":1708449339305,"id":"0a355pq884hguyn","previousOperationId":null,"operationId":"9w0x8i91hwz13x4"}
{"type":"log","level":"info","message":"Render request 42 queued for execution and waiting for available worker","previousOperationId":"9w0x8i91hwz13x4","timestamp":1708449339305,"id":"uv2qeb6kyh6gw9x"}
{"type":"operationStart","subtype":"render","name":"TemplateList","previousOperationId":"9w0x8i91hwz13x4","timestamp":1708449339310,"id":"g6ee4h66gp7zx4v","previousEventId":"0a355pq884hguyn","operationId":"kpwk79qd7yoz06j"}
{"type":"log","timestamp":1708449339310,"level":"info","message":"Starting rendering request 42","meta":{"rootId":"i3dj3gx5kshcx50","id":"i3dj3gx5kshcx50"},"id":"yud830jy7q8y85u","previousOperationId":"kpwk79qd7yoz06j"}
{"type":"log","timestamp":1708449339310,"level":"info","message":"Rendering template { name: TemplateList, recipe: chrome-pdf, engine: handlebars, preview: true }","meta":{"rootId":"i3dj3gx5kshcx50","id":"i3dj3gx5kshcx50"},"id":"esnnj86hg9k9ln0","previousOperationId":"kpwk79qd7yoz06j"}
{"type":"log","timestamp":1708449339310,"level":"debug","message":"Data item not defined for this template.","meta":{"rootId":"i3dj3gx5kshcx50","id":"i3dj3gx5kshcx50"},"id":"7rx29ppm1nkjij5","previousOperationId":"kpwk79qd7yoz06j"}
{"type":"log","timestamp":1708449339313,"level":"debug","message":"Base url not specified, skipping its injection.","meta":{"rootId":"i3dj3gx5kshcx50","id":"i3dj3gx5kshcx50"},"id":"1d7noif8w1uwdlw","previousOperationId":"kpwk79qd7yoz06j"}
{"type":"operationStart","subtype":"engine","name":"handlebars","timestamp":1708449339313,"id":"ufwbqjx386952re","previousEventId":"g6ee4h66gp7zx4v","operationId":"pxqeslixa7z18wx","previousOperationId":"kpwk79qd7yoz06j"}
{"type":"log","timestamp":1708449339313,"level":"debug","message":"Rendering engine handlebars","meta":{"rootId":"i3dj3gx5kshcx50","id":"i3dj3gx5kshcx50"},"id":"27laaz5ij5ace8z","previousOperationId":"pxqeslixa7z18wx"}
{"type":"operationEnd","operationId":"pxqeslixa7z18wx","timestamp":1708449339325,"id":"fs27gm00aqh45fw","previousEventId":"ufwbqjx386952re","previousOperationId":"pxqeslixa7z18wx"}
{"type":"operationStart","subtype":"recipe","name":"chrome-pdf","timestamp":1708449339325,"id":"8a62s8wf1vzfndy","previousEventId":"fs27gm00aqh45fw","operationId":"89i17ovrrdh21ri","previousOperationId":"pxqeslixa7z18wx"}
{"type":"log","timestamp":1708449339325,"level":"debug","message":"Executing recipe chrome-pdf","meta":{"rootId":"i3dj3gx5kshcx50","id":"i3dj3gx5kshcx50"},"id":"v310spzqwe2rlk8","previousOperationId":"89i17ovrrdh21ri"}
{"type":"log","timestamp":1708449339327,"level":"debug","message":"Converting with chrome HeadlessChrome/117.0.5938.149 using chrome-pool strategy","meta":{"rootId":"i3dj3gx5kshcx50","id":"i3dj3gx5kshcx50"},"id":"vlxi4i8yjn2fdac","previousOperationId":"89i17ovrrdh21ri"}
{"type":"log","timestamp":1708449339363,"level":"debug","message":"Page request: GET (document) file:///tmp/jsreport/autocleanup/9ab4a713-877b-4794-b229-8f747dde39ff-chrome-pdf.html","meta":{"rootId":"i3dj3gx5kshcx50","id":"i3dj3gx5kshcx50"},"id":"mf89tvhp7nxjsre","previousOperationId":"89i17ovrrdh21ri"}
{"type":"log","timestamp":1708449339372,"level":"debug","message":"Page request: GET (stylesheet) https://cdn.jsdelivr.net/chartist.js/latest/chartist.min.css","meta":{"rootId":"i3dj3gx5kshcx50","id":"i3dj3gx5kshcx50"},"id":"ps5p0oun2rvrlmp","previousOperationId":"89i17ovrrdh21ri"}
{"type":"log","timestamp":1708449339372,"level":"debug","message":"Page request: GET (script) https://cdn.jsdelivr.net/chartist.js/latest/chartist.min.js","meta":{"rootId":"i3dj3gx5kshcx50","id":"i3dj3gx5kshcx50"},"id":"0ln1qtqk5ko19z7","previousOperationId":"89i17ovrrdh21ri"}
{"type":"log","timestamp":1708449339373,"level":"debug","message":"Page request: GET (script) https://code.jquery.com/jquery-3.6.0.min.js","meta":{"rootId":"i3dj3gx5kshcx50","id":"i3dj3gx5kshcx50"},"id":"k2va0i9d7fi1rw0","previousOperationId":"89i17ovrrdh21ri"}
{"type":"log","timestamp":1708449339373,"level":"debug","message":"Page request finished: GET (document) 200 file:///tmp/jsreport/autocleanup/9ab4a713-877b-4794-b229-8f747dde39ff-chrome-pdf.html","meta":{"rootId":"i3dj3gx5kshcx50","id":"i3dj3gx5kshcx50"},"id":"1cg4lnsozwwyrrz","previousOperationId":"89i17ovrrdh21ri"}
{"type":"log","timestamp":1708449339375,"level":"debug","message":"Page request finished: GET (stylesheet) 200 https://cdn.jsdelivr.net/chartist.js/latest/chartist.min.css","meta":{"rootId":"i3dj3gx5kshcx50","id":"i3dj3gx5kshcx50"},"id":"j5fradb9woq1tqa","previousOperationId":"89i17ovrrdh21ri"}
{"type":"log","timestamp":1708449339376,"level":"debug","message":"Page request finished: GET (script) 200 https://cdn.jsdelivr.net/chartist.js/latest/chartist.min.js","meta":{"rootId":"i3dj3gx5kshcx50","id":"i3dj3gx5kshcx50"},"id":"5fx2effzdc1cwh9","previousOperationId":"89i17ovrrdh21ri"}
{"type":"log","timestamp":1708449339377,"level":"debug","message":"Page request finished: GET (script) 200 https://code.jquery.com/jquery-3.6.0.min.js","meta":{"rootId":"i3dj3gx5kshcx50","id":"i3dj3gx5kshcx50"},"id":"mtnhrs39akxuco0","previousOperationId":"89i17ovrrdh21ri"}
{"type":"log","timestamp":1708449339383,"level":"debug","message":"(console:log) Lists: ","meta":{"userLevel":true,"rootId":"i3dj3gx5kshcx50","id":"i3dj3gx5kshcx50"},"id":"6endyxcp54hkc2e","previousOperationId":"89i17ovrrdh21ri"}
{"type":"log","timestamp":1708449339387,"level":"debug","message":"Running chrome with params {\"printBackground\":true,\"timeout\":59979,\"margin\":{}}","meta":{"rootId":"i3dj3gx5kshcx50","id":"i3dj3gx5kshcx50"},"id":"zas5hnxwir0d2tb","previousOperationId":"89i17ovrrdh21ri"}
{"type":"operationEnd","operationId":"89i17ovrrdh21ri","timestamp":1708449339398,"id":"5e1pc8ze8i967fu","previousEventId":"8a62s8wf1vzfndy","previousOperationId":"89i17ovrrdh21ri"}
{"type":"log","timestamp":1708449339398,"level":"debug","message":"Skipping storing report.","meta":{"rootId":"i3dj3gx5kshcx50","id":"i3dj3gx5kshcx50"},"id":"cb1d8c8fycx68i2","previousOperationId":"89i17ovrrdh21ri"}
{"type":"log","timestamp":1708449339398,"level":"info","message":"Rendering request 42 finished in 93 ms","meta":{"rootId":"i3dj3gx5kshcx50","id":"i3dj3gx5kshcx50"},"id":"6fexn2i3t93fe71","previousOperationId":"89i17ovrrdh21ri"}
{"type":"operationEnd","subtype":"render","operationId":"kpwk79qd7yoz06j","timestamp":1708449339398,"id":"6lh337mhoh3y7vj","previousEventId":"5e1pc8ze8i967fu","previousOperationId":"89i17ovrrdh21ri"}
{"type":"operationEnd","doDiffs":false,"previousEventId":"0a355pq884hguyn","previousOperationId":"9w0x8i91hwz13x4","operationId":"9w0x8i91hwz13x4","timestamp":1708449339405,"id":"7l3xhx3ytyodx4r"}
