{"type":"operationStart","subtype":"profile","data":{"_id":"rzdMGXFcrUqI9HW2","timestamp":"2024-02-20T17:16:44.534Z","state":"queued","mode":"standard","creationDate":"2024-02-20T17:16:44.535Z","modificationDate":"2024-02-20T17:16:44.535Z","shortid":"S2o_4ar","$entitySet":"profiles"},"doDiffs":false,"timestamp":1708449404535,"id":"xvimfc53744n4gm","previousOperationId":null,"operationId":"3rwwy8qrqn5d1l5"}
{"type":"log","level":"info","message":"Render request 44 queued for execution and waiting for available worker","previousOperationId":"3rwwy8qrqn5d1l5","timestamp":1708449404535,"id":"kiyzx3zn9xqbk1x"}
{"type":"operationStart","subtype":"render","name":"TemplateList","previousOperationId":"3rwwy8qrqn5d1l5","timestamp":1708449404539,"id":"41n14yol32il0bd","previousEventId":"xvimfc53744n4gm","operationId":"k60itbdng5l5p57"}
{"type":"log","timestamp":1708449404539,"level":"info","message":"Starting rendering request 44","meta":{"rootId":"ilnohvmy9u7tdc0","id":"ilnohvmy9u7tdc0"},"id":"g3s5tnppm24jfc5","previousOperationId":"k60itbdng5l5p57"}
{"type":"log","timestamp":1708449404539,"level":"info","message":"Rendering template { name: TemplateList, recipe: chrome-pdf, engine: handlebars, preview: true }","meta":{"rootId":"ilnohvmy9u7tdc0","id":"ilnohvmy9u7tdc0"},"id":"7p4c7gb8qftc5jp","previousOperationId":"k60itbdng5l5p57"}
{"type":"log","timestamp":1708449404540,"level":"debug","message":"Data item not defined for this template.","meta":{"rootId":"ilnohvmy9u7tdc0","id":"ilnohvmy9u7tdc0"},"id":"915ixemllya1sp5","previousOperationId":"k60itbdng5l5p57"}
{"type":"log","timestamp":1708449404540,"level":"debug","message":"Base url not specified, skipping its injection.","meta":{"rootId":"ilnohvmy9u7tdc0","id":"ilnohvmy9u7tdc0"},"id":"awmqr22r9amrrk8","previousOperationId":"k60itbdng5l5p57"}
{"type":"operationStart","subtype":"engine","name":"handlebars","timestamp":1708449404541,"id":"fs3avznbwjtad22","previousEventId":"41n14yol32il0bd","operationId":"ptxut1m1vglx97c","previousOperationId":"k60itbdng5l5p57"}
{"type":"log","timestamp":1708449404541,"level":"debug","message":"Rendering engine handlebars","meta":{"rootId":"ilnohvmy9u7tdc0","id":"ilnohvmy9u7tdc0"},"id":"bn7db15gkyr3t4d","previousOperationId":"ptxut1m1vglx97c"}
{"type":"operationEnd","operationId":"ptxut1m1vglx97c","timestamp":1708449404549,"id":"idqx50s4ayjmhjk","previousEventId":"fs3avznbwjtad22","previousOperationId":"ptxut1m1vglx97c"}
{"type":"operationStart","subtype":"recipe","name":"chrome-pdf","timestamp":1708449404549,"id":"tlqlkmp45l7afvz","previousEventId":"idqx50s4ayjmhjk","operationId":"4a31rfl6awe98ku","previousOperationId":"ptxut1m1vglx97c"}
{"type":"log","timestamp":1708449404549,"level":"debug","message":"Executing recipe chrome-pdf","meta":{"rootId":"ilnohvmy9u7tdc0","id":"ilnohvmy9u7tdc0"},"id":"246y3woiplk3mj4","previousOperationId":"4a31rfl6awe98ku"}
{"type":"log","timestamp":1708449404550,"level":"debug","message":"Converting with chrome HeadlessChrome/117.0.5938.149 using chrome-pool strategy","meta":{"rootId":"ilnohvmy9u7tdc0","id":"ilnohvmy9u7tdc0"},"id":"qp7yz92eai5n0kz","previousOperationId":"4a31rfl6awe98ku"}
{"type":"log","timestamp":1708449404593,"level":"debug","message":"Page request: GET (document) file:///tmp/jsreport/autocleanup/37b907bf-255e-431d-830e-a29b30210c20-chrome-pdf.html","meta":{"rootId":"ilnohvmy9u7tdc0","id":"ilnohvmy9u7tdc0"},"id":"uzm2nd3m7x5p4rp","previousOperationId":"4a31rfl6awe98ku"}
{"type":"log","timestamp":1708449404601,"level":"debug","message":"Page request: GET (stylesheet) https://cdn.jsdelivr.net/chartist.js/latest/chartist.min.css","meta":{"rootId":"ilnohvmy9u7tdc0","id":"ilnohvmy9u7tdc0"},"id":"muhr2c0arm1u42o","previousOperationId":"4a31rfl6awe98ku"}
{"type":"log","timestamp":1708449404602,"level":"debug","message":"Page request: GET (script) https://cdn.jsdelivr.net/chartist.js/latest/chartist.min.js","meta":{"rootId":"ilnohvmy9u7tdc0","id":"ilnohvmy9u7tdc0"},"id":"e7speh388v9375h","previousOperationId":"4a31rfl6awe98ku"}
{"type":"log","timestamp":1708449404602,"level":"debug","message":"Page request: GET (script) https://code.jquery.com/jquery-3.6.0.min.js","meta":{"rootId":"ilnohvmy9u7tdc0","id":"ilnohvmy9u7tdc0"},"id":"3ajt0xhs7quvnu9","previousOperationId":"4a31rfl6awe98ku"}
{"type":"log","timestamp":1708449404602,"level":"debug","message":"Page request finished: GET (document) 200 file:///tmp/jsreport/autocleanup/37b907bf-255e-431d-830e-a29b30210c20-chrome-pdf.html","meta":{"rootId":"ilnohvmy9u7tdc0","id":"ilnohvmy9u7tdc0"},"id":"ha1ajaa8l4noikj","previousOperationId":"4a31rfl6awe98ku"}
{"type":"log","timestamp":1708449404604,"level":"debug","message":"Page request finished: GET (stylesheet) 200 https://cdn.jsdelivr.net/chartist.js/latest/chartist.min.css","meta":{"rootId":"ilnohvmy9u7tdc0","id":"ilnohvmy9u7tdc0"},"id":"abj0291lvoxfm1i","previousOperationId":"4a31rfl6awe98ku"}
{"type":"log","timestamp":1708449404605,"level":"debug","message":"Page request finished: GET (script) 200 https://cdn.jsdelivr.net/chartist.js/latest/chartist.min.js","meta":{"rootId":"ilnohvmy9u7tdc0","id":"ilnohvmy9u7tdc0"},"id":"rxckoo70l6o7m95","previousOperationId":"4a31rfl6awe98ku"}
{"type":"log","timestamp":1708449404606,"level":"debug","message":"Page request finished: GET (script) 200 https://code.jquery.com/jquery-3.6.0.min.js","meta":{"rootId":"ilnohvmy9u7tdc0","id":"ilnohvmy9u7tdc0"},"id":"h18djqpea4z4qt9","previousOperationId":"4a31rfl6awe98ku"}
{"type":"log","timestamp":1708449404610,"level":"debug","message":"(console:log) Lists: ","meta":{"userLevel":true,"rootId":"ilnohvmy9u7tdc0","id":"ilnohvmy9u7tdc0"},"id":"6zago25gio7tocl","previousOperationId":"4a31rfl6awe98ku"}
{"type":"log","timestamp":1708449404613,"level":"debug","message":"Running chrome with params {\"printBackground\":true,\"timeout\":59985,\"margin\":{}}","meta":{"rootId":"ilnohvmy9u7tdc0","id":"ilnohvmy9u7tdc0"},"id":"vusi9wcs74t0lku","previousOperationId":"4a31rfl6awe98ku"}
{"type":"operationEnd","operationId":"4a31rfl6awe98ku","timestamp":1708449404620,"id":"wh42tw6uwjlum3u","previousEventId":"tlqlkmp45l7afvz","previousOperationId":"4a31rfl6awe98ku"}
{"type":"log","timestamp":1708449404620,"level":"debug","message":"Skipping storing report.","meta":{"rootId":"ilnohvmy9u7tdc0","id":"ilnohvmy9u7tdc0"},"id":"kax1o3d2badi8c2","previousOperationId":"4a31rfl6awe98ku"}
{"type":"log","timestamp":1708449404620,"level":"info","message":"Rendering request 44 finished in 86 ms","meta":{"rootId":"ilnohvmy9u7tdc0","id":"ilnohvmy9u7tdc0"},"id":"ggmyhmnkglb9sh7","previousOperationId":"4a31rfl6awe98ku"}
{"type":"operationEnd","subtype":"render","operationId":"k60itbdng5l5p57","timestamp":1708449404620,"id":"23md7aqh017gzt1","previousEventId":"wh42tw6uwjlum3u","previousOperationId":"4a31rfl6awe98ku"}
{"type":"operationEnd","doDiffs":false,"previousEventId":"xvimfc53744n4gm","previousOperationId":"3rwwy8qrqn5d1l5","operationId":"3rwwy8qrqn5d1l5","timestamp":1708449404625,"id":"8sfuwu8y9467148"}
