{"type":"operationStart","subtype":"profile","data":{"_id":"0hGgjmfrWG4D2OrB","timestamp":"2024-02-20T18:21:25.025Z","state":"queued","mode":"standard","creationDate":"2024-02-20T18:21:25.026Z","modificationDate":"2024-02-20T18:21:25.026Z","shortid":"rHKozuI","$entitySet":"profiles"},"doDiffs":false,"timestamp":1708453285026,"id":"qvqslusl3r8zcze","previousOperationId":null,"operationId":"brxl1ddjw9mqw8v"}
{"type":"log","level":"info","message":"Render request 22 queued for execution and waiting for available worker","previousOperationId":"brxl1ddjw9mqw8v","timestamp":1708453285026,"id":"yg0wsyhwnqazlfc"}
{"type":"operationStart","subtype":"render","name":"TemplateList","previousOperationId":"brxl1ddjw9mqw8v","timestamp":1708453285030,"id":"nh1e90ndpm63s5v","previousEventId":"qvqslusl3r8zcze","operationId":"3a33wnmo3berbbm"}
{"type":"log","timestamp":1708453285030,"level":"info","message":"Starting rendering request 22","meta":{"rootId":"impzz91gjuned5n","id":"impzz91gjuned5n"},"id":"bni1901rkchg0j5","previousOperationId":"3a33wnmo3berbbm"}
{"type":"log","timestamp":1708453285030,"level":"info","message":"Rendering template { name: TemplateList, recipe: chrome-pdf, engine: handlebars, preview: true }","meta":{"rootId":"impzz91gjuned5n","id":"impzz91gjuned5n"},"id":"55ezuu4nbxiehjt","previousOperationId":"3a33wnmo3berbbm"}
{"type":"log","timestamp":1708453285031,"level":"debug","message":"Data item not defined for this template.","meta":{"rootId":"impzz91gjuned5n","id":"impzz91gjuned5n"},"id":"w9a576sxxnbnlvl","previousOperationId":"3a33wnmo3berbbm"}
{"type":"log","timestamp":1708453285032,"level":"debug","message":"Executing script list-data (beforeRender)","meta":{"rootId":"impzz91gjuned5n","id":"impzz91gjuned5n"},"id":"p3cqzo9of9wc256","previousOperationId":"3a33wnmo3berbbm"}
{"type":"operationStart","subtype":"scriptsBeforeRender","name":"scripts beforeRender","timestamp":1708453285035,"id":"tlj0cwmwhd7yjz1","previousEventId":"nh1e90ndpm63s5v","operationId":"kip4s64x4ghhczt","previousOperationId":"3a33wnmo3berbbm"}
{"type":"operationStart","subtype":"script","name":"scripts list-data","previousOperationId":"kip4s64x4ghhczt","timestamp":1708453285036,"id":"6fty1yyg4h6d8ch","previousEventId":"tlj0cwmwhd7yjz1","operationId":"82wynhq8pcwfayi"}
{"type":"log","timestamp":1708453285064,"level":"debug","message":"(console:log) [\n  {\n    list_description: {\n      id: 1,\n      list_name: 'charcuteria',\n      list_current_number: 0,\n      list_limit_number: 0\n    },\n    list_image: {\n      url: 'http://localhost:4000/rails/active_storage/blobs/redirect/eyJfcmFpbHMiOnsiZGF0YSI6MiwicHVyIjoiYmxvYl9pZCJ9fQ==--ee6d56bf52163135b48a4ba2c22b11a93e94d3b3/charcuteria.png'\n    }\n  },\n  {\n    list_description: {\n      id: 2,\n      list_name: 'sarshisha',\n      list_current_number: 0,\n      list_limit_number: 0\n    },\n    list_image: {\n      url: 'http://localhost:4000/rails/active_storage/blobs/redirect/eyJfcmFpbHMiOnsiZGF0YSI6MywicHVyIjoiYmxvYl9pZCJ9fQ==--07183cfade35ce6ffe715f60749642919ec61f5d/charcuteria.png'\n    }\n  },\n  {\n    list_description: {\n      id: 3,\n      list_name: 'stjsjshtshn',\n      list_current_number: 0,\n      list_limit_number: 0\n    },\n    list_image: {\n      url: 'http://localhost:4000/rails/active_storage/blobs/redirect/eyJfcmFpbHMiOnsiZGF0YSI6NCwicHVyIjoiYmxvYl9pZCJ9fQ==--023aae65cb60b3f6c6d73a9c76e14c0b0df6ad86/dibujoadrian.jpg'\n    }\n  }\n]","meta":{"userLevel":true,"rootId":"impzz91gjuned5n","id":"impzz91gjuned5n"},"id":"g9mm2snaatoicy4","previousOperationId":"82wynhq8pcwfayi"}
{"type":"log","timestamp":1708453285072,"level":"debug","message":"(console:log) [\n  {\n    id: 1,\n    nickname: 'a',\n    is_admin: true,\n    suscriptor: null,\n    created_at: '2024-02-20T16:45:37.609Z',\n    updated_at: '2024-02-20T16:45:37.729Z',\n    email: 'a@a.a',\n    jti: '6a2b57ca-af4b-47a0-8285-477cffafa34b'\n  }\n]","meta":{"userLevel":true,"rootId":"impzz91gjuned5n","id":"impzz91gjuned5n"},"id":"zvio83p70z20mr0","previousOperationId":"82wynhq8pcwfayi"}
{"type":"operationEnd","operationId":"82wynhq8pcwfayi","timestamp":1708453285072,"id":"xgc68la4i4icdry","previousEventId":"nh1e90ndpm63s5v","previousOperationId":"3a33wnmo3berbbm"}
{"type":"operationEnd","operationId":"kip4s64x4ghhczt","timestamp":1708453285072,"id":"oh7vquqv3e81g67","previousEventId":"xgc68la4i4icdry","previousOperationId":"3a33wnmo3berbbm"}
{"type":"log","timestamp":1708453285072,"level":"debug","message":"Base url not specified, skipping its injection.","meta":{"rootId":"impzz91gjuned5n","id":"impzz91gjuned5n"},"id":"cbcgvdn2vk6y8mh","previousOperationId":"kip4s64x4ghhczt"}
{"type":"operationStart","subtype":"engine","name":"handlebars","timestamp":1708453285072,"id":"85156515pz5q12e","previousEventId":"oh7vquqv3e81g67","operationId":"e9jtnae0udb6xz5","previousOperationId":"kip4s64x4ghhczt"}
{"type":"log","timestamp":1708453285072,"level":"debug","message":"Rendering engine handlebars","meta":{"rootId":"impzz91gjuned5n","id":"impzz91gjuned5n"},"id":"ta91ab0tu4oekok","previousOperationId":"e9jtnae0udb6xz5"}
{"type":"operationEnd","operationId":"e9jtnae0udb6xz5","timestamp":1708453285088,"id":"ix88qejtmp702o4","previousEventId":"85156515pz5q12e","previousOperationId":"e9jtnae0udb6xz5"}
{"type":"operationStart","subtype":"recipe","name":"chrome-pdf","timestamp":1708453285088,"id":"oa1y29yumsjhk9c","previousEventId":"ix88qejtmp702o4","operationId":"9lqq331mbdskeei","previousOperationId":"e9jtnae0udb6xz5"}
{"type":"log","timestamp":1708453285088,"level":"debug","message":"Executing recipe chrome-pdf","meta":{"rootId":"impzz91gjuned5n","id":"impzz91gjuned5n"},"id":"e4kgtwx7p5qjwht","previousOperationId":"9lqq331mbdskeei"}
{"type":"log","timestamp":1708453285090,"level":"debug","message":"Converting with chrome HeadlessChrome/117.0.5938.149 using chrome-pool strategy","meta":{"rootId":"impzz91gjuned5n","id":"impzz91gjuned5n"},"id":"7e524ly9qvrrmnj","previousOperationId":"9lqq331mbdskeei"}
{"type":"log","timestamp":1708453285121,"level":"debug","message":"Page request: GET (document) file:///tmp/jsreport/autocleanup/d992142a-ba25-4242-b5f5-cc75b84de5e3-chrome-pdf.html","meta":{"rootId":"impzz91gjuned5n","id":"impzz91gjuned5n"},"id":"hm2wwsk335ns81h","previousOperationId":"9lqq331mbdskeei"}
{"type":"log","timestamp":1708453285129,"level":"debug","message":"Page request: GET (stylesheet) https://cdn.jsdelivr.net/chartist.js/latest/chartist.min.css","meta":{"rootId":"impzz91gjuned5n","id":"impzz91gjuned5n"},"id":"aq6h0ybackid9dx","previousOperationId":"9lqq331mbdskeei"}
{"type":"log","timestamp":1708453285130,"level":"debug","message":"Page request: GET (script) https://cdn.jsdelivr.net/chartist.js/latest/chartist.min.js","meta":{"rootId":"impzz91gjuned5n","id":"impzz91gjuned5n"},"id":"pq7of9m1kkkn1ax","previousOperationId":"9lqq331mbdskeei"}
{"type":"log","timestamp":1708453285130,"level":"debug","message":"Page request: GET (script) https://code.jquery.com/jquery-3.6.0.min.js","meta":{"rootId":"impzz91gjuned5n","id":"impzz91gjuned5n"},"id":"w2mirukqnaudfxr","previousOperationId":"9lqq331mbdskeei"}
{"type":"log","timestamp":1708453285130,"level":"debug","message":"Page request finished: GET (document) 200 file:///tmp/jsreport/autocleanup/d992142a-ba25-4242-b5f5-cc75b84de5e3-chrome-pdf.html","meta":{"rootId":"impzz91gjuned5n","id":"impzz91gjuned5n"},"id":"fn58pwbkqi5rtbg","previousOperationId":"9lqq331mbdskeei"}
{"type":"log","timestamp":1708453285132,"level":"debug","message":"Page request finished: GET (stylesheet) 200 https://cdn.jsdelivr.net/chartist.js/latest/chartist.min.css","meta":{"rootId":"impzz91gjuned5n","id":"impzz91gjuned5n"},"id":"lhs99u7f64t9jhp","previousOperationId":"9lqq331mbdskeei"}
{"type":"log","timestamp":1708453285133,"level":"debug","message":"Page request finished: GET (script) 200 https://cdn.jsdelivr.net/chartist.js/latest/chartist.min.js","meta":{"rootId":"impzz91gjuned5n","id":"impzz91gjuned5n"},"id":"pjomcpulzbseiq9","previousOperationId":"9lqq331mbdskeei"}
{"type":"log","timestamp":1708453285135,"level":"debug","message":"Page request finished: GET (script) 200 https://code.jquery.com/jquery-3.6.0.min.js","meta":{"rootId":"impzz91gjuned5n","id":"impzz91gjuned5n"},"id":"y68556c0mecyhv3","previousOperationId":"9lqq331mbdskeei"}
{"type":"log","timestamp":1708453285138,"level":"warn","message":"Page error: Unexpected identifier 'Object' , stack: SyntaxError: Unexpected identifier 'Object'","meta":{"rootId":"impzz91gjuned5n","id":"impzz91gjuned5n"},"id":"t5seevdn6a85euy","previousOperationId":"9lqq331mbdskeei"}
{"type":"log","timestamp":1708453285143,"level":"debug","message":"Running chrome with params {\"printBackground\":true,\"timeout\":59936,\"margin\":{}}","meta":{"rootId":"impzz91gjuned5n","id":"impzz91gjuned5n"},"id":"k40l8ou3100xzfl","previousOperationId":"9lqq331mbdskeei"}
{"type":"operationEnd","operationId":"9lqq331mbdskeei","timestamp":1708453285153,"id":"ahxetp9r5xvri8v","previousEventId":"oa1y29yumsjhk9c","previousOperationId":"9lqq331mbdskeei"}
{"type":"log","timestamp":1708453285153,"level":"debug","message":"Skipping storing report.","meta":{"rootId":"impzz91gjuned5n","id":"impzz91gjuned5n"},"id":"phlmctzbviww8cz","previousOperationId":"9lqq331mbdskeei"}
{"type":"log","timestamp":1708453285153,"level":"info","message":"Rendering request 22 finished in 128 ms","meta":{"rootId":"impzz91gjuned5n","id":"impzz91gjuned5n"},"id":"zgaurmlhzbu4yr9","previousOperationId":"9lqq331mbdskeei"}
{"type":"operationEnd","subtype":"render","operationId":"3a33wnmo3berbbm","timestamp":1708453285153,"id":"kipmzf73w7zczp2","previousEventId":"ahxetp9r5xvri8v","previousOperationId":"9lqq331mbdskeei"}
{"type":"operationEnd","doDiffs":false,"previousEventId":"qvqslusl3r8zcze","previousOperationId":"brxl1ddjw9mqw8v","operationId":"brxl1ddjw9mqw8v","timestamp":1708453285160,"id":"dd1qddffrcnnt68"}
