{"type":"operationStart","subtype":"profile","data":{"_id":"6vLPUn18VRCfo1UA","timestamp":"2024-02-20T18:57:38.285Z","state":"queued","mode":"standard","creationDate":"2024-02-20T18:57:38.285Z","modificationDate":"2024-02-20T18:57:38.285Z","shortid":"NcWC8We","$entitySet":"profiles"},"doDiffs":false,"timestamp":1708455458285,"id":"gegiwlkn4f1rn6t","previousOperationId":null,"operationId":"msquigxzwhb3ww8"}
{"type":"log","level":"info","message":"Render request 37 queued for execution and waiting for available worker","previousOperationId":"msquigxzwhb3ww8","timestamp":1708455458285,"id":"d29e9o5s7witdly"}
{"type":"operationStart","subtype":"render","name":"TemplateList","previousOperationId":"msquigxzwhb3ww8","timestamp":1708455458290,"id":"iiwpqv6jali4lzj","previousEventId":"gegiwlkn4f1rn6t","operationId":"549z8q4a3lhl25w"}
{"type":"log","timestamp":1708455458290,"level":"info","message":"Starting rendering request 37","meta":{"rootId":"itpg6cz8pjogdsy","id":"itpg6cz8pjogdsy"},"id":"v1jq9djn5ya7pyc","previousOperationId":"549z8q4a3lhl25w"}
{"type":"log","timestamp":1708455458290,"level":"info","message":"Rendering template { name: TemplateList, recipe: chrome-pdf, engine: handlebars, preview: true }","meta":{"rootId":"itpg6cz8pjogdsy","id":"itpg6cz8pjogdsy"},"id":"xl1g8ke3pylimm8","previousOperationId":"549z8q4a3lhl25w"}
{"type":"log","timestamp":1708455458290,"level":"debug","message":"Data item not defined for this template.","meta":{"rootId":"itpg6cz8pjogdsy","id":"itpg6cz8pjogdsy"},"id":"y2rg1nfaegdyq6d","previousOperationId":"549z8q4a3lhl25w"}
{"type":"log","timestamp":1708455458292,"level":"debug","message":"Executing script list-data (beforeRender)","meta":{"rootId":"itpg6cz8pjogdsy","id":"itpg6cz8pjogdsy"},"id":"7d8l0t1k4eu446x","previousOperationId":"549z8q4a3lhl25w"}
{"type":"operationStart","subtype":"scriptsBeforeRender","name":"scripts beforeRender","timestamp":1708455458297,"id":"6f5qdi7hhsv18k7","previousEventId":"iiwpqv6jali4lzj","operationId":"3qg8yxgccrccerc","previousOperationId":"549z8q4a3lhl25w"}
{"type":"operationStart","subtype":"script","name":"scripts list-data","previousOperationId":"3qg8yxgccrccerc","timestamp":1708455458297,"id":"yam91lgayfbd602","previousEventId":"6f5qdi7hhsv18k7","operationId":"63tcdm3gf58bfui"}
{"type":"log","timestamp":1708455458315,"level":"debug","message":"(console:log) [\n  {\n    list_description: {\n      id: 2,\n      list_name: 'sarshisha',\n      list_current_number: 13,\n      list_limit_number: 0\n    },\n    list_image: {\n      url: 'http://localhost:4000/rails/active_storage/blobs/redirect/eyJfcmFpbHMiOnsiZGF0YSI6MywicHVyIjoiYmxvYl9pZCJ9fQ==--07183cfade35ce6ffe715f60749642919ec61f5d/charcuteria.png'\n    }\n  },\n  {\n    list_description: {\n      id: 3,\n      list_name: 'stjsjshtshn',\n      list_current_number: 4,\n      list_limit_number: 0\n    },\n    list_image: {\n      url: 'http://localhost:4000/rails/active_storage/blobs/redirect/eyJfcmFpbHMiOnsiZGF0YSI6NCwicHVyIjoiYmxvYl9pZCJ9fQ==--023aae65cb60b3f6c6d73a9c76e14c0b0df6ad86/dibujoadrian.jpg'\n    }\n  },\n  {\n    list_description: {\n      id: 1,\n      list_name: 'charcuteria',\n      list_current_number: 1,\n      list_limit_number: 0\n    },\n    list_image: {\n      url: 'http://localhost:4000/rails/active_storage/blobs/redirect/eyJfcmFpbHMiOnsiZGF0YSI6MiwicHVyIjoiYmxvYl9pZCJ9fQ==--ee6d56bf52163135b48a4ba2c22b11a93e94d3b3/charcuteria.png'\n    }\n  }\n]","meta":{"userLevel":true,"rootId":"itpg6cz8pjogdsy","id":"itpg6cz8pjogdsy"},"id":"wj1blhmulu5m9d0","previousOperationId":"63tcdm3gf58bfui"}
{"type":"log","timestamp":1708455458322,"level":"debug","message":"(console:log) [\n  {\n    id: 1,\n    nickname: 'a',\n    is_admin: true,\n    suscriptor: null,\n    created_at: '2024-02-20T16:45:37.609Z',\n    updated_at: '2024-02-20T16:45:37.729Z',\n    email: 'a@a.a',\n    jti: '6a2b57ca-af4b-47a0-8285-477cffafa34b'\n  }\n]","meta":{"userLevel":true,"rootId":"itpg6cz8pjogdsy","id":"itpg6cz8pjogdsy"},"id":"dik78129n8pgeso","previousOperationId":"63tcdm3gf58bfui"}
{"type":"operationEnd","operationId":"63tcdm3gf58bfui","timestamp":1708455458322,"id":"r59xg3sdpfn2ieu","previousEventId":"iiwpqv6jali4lzj","previousOperationId":"549z8q4a3lhl25w"}
{"type":"operationEnd","operationId":"3qg8yxgccrccerc","timestamp":1708455458322,"id":"qk85xtfnljnyjxm","previousEventId":"r59xg3sdpfn2ieu","previousOperationId":"549z8q4a3lhl25w"}
{"type":"log","timestamp":1708455458322,"level":"debug","message":"Base url not specified, skipping its injection.","meta":{"rootId":"itpg6cz8pjogdsy","id":"itpg6cz8pjogdsy"},"id":"cqe11zcktul041g","previousOperationId":"3qg8yxgccrccerc"}
{"type":"operationStart","subtype":"engine","name":"handlebars","timestamp":1708455458322,"id":"9aiwbkdhzyy6oth","previousEventId":"qk85xtfnljnyjxm","operationId":"hjpnzae3c82t65g","previousOperationId":"3qg8yxgccrccerc"}
{"type":"log","timestamp":1708455458322,"level":"debug","message":"Rendering engine handlebars","meta":{"rootId":"itpg6cz8pjogdsy","id":"itpg6cz8pjogdsy"},"id":"go47hxrxgmr7al8","previousOperationId":"hjpnzae3c82t65g"}
{"type":"operationEnd","operationId":"hjpnzae3c82t65g","timestamp":1708455458333,"id":"sw53lzmc2illi5d","previousEventId":"9aiwbkdhzyy6oth","previousOperationId":"hjpnzae3c82t65g"}
{"type":"operationStart","subtype":"recipe","name":"chrome-pdf","timestamp":1708455458333,"id":"07iscblpgnuakfo","previousEventId":"sw53lzmc2illi5d","operationId":"qbfjb6p51pgbv2b","previousOperationId":"hjpnzae3c82t65g"}
{"type":"log","timestamp":1708455458333,"level":"debug","message":"Executing recipe chrome-pdf","meta":{"rootId":"itpg6cz8pjogdsy","id":"itpg6cz8pjogdsy"},"id":"r3mfw41v56dtm4z","previousOperationId":"qbfjb6p51pgbv2b"}
{"type":"log","timestamp":1708455458334,"level":"debug","message":"Converting with chrome HeadlessChrome/117.0.5938.149 using chrome-pool strategy","meta":{"rootId":"itpg6cz8pjogdsy","id":"itpg6cz8pjogdsy"},"id":"c9hgpqnxzjap6iw","previousOperationId":"qbfjb6p51pgbv2b"}
{"type":"log","timestamp":1708455458365,"level":"debug","message":"Page request: GET (document) file:///tmp/jsreport/autocleanup/f11364c4-75f3-44b4-90f3-6d945ab10fa3-chrome-pdf.html","meta":{"rootId":"itpg6cz8pjogdsy","id":"itpg6cz8pjogdsy"},"id":"3jwijt9hnhvi95o","previousOperationId":"qbfjb6p51pgbv2b"}
{"type":"log","timestamp":1708455458373,"level":"debug","message":"Page request: GET (stylesheet) https://cdn.jsdelivr.net/chartist.js/latest/chartist.min.css","meta":{"rootId":"itpg6cz8pjogdsy","id":"itpg6cz8pjogdsy"},"id":"6zr9fsllzci588n","previousOperationId":"qbfjb6p51pgbv2b"}
{"type":"log","timestamp":1708455458374,"level":"debug","message":"Page request: GET (script) https://cdn.jsdelivr.net/chartist.js/latest/chartist.min.js","meta":{"rootId":"itpg6cz8pjogdsy","id":"itpg6cz8pjogdsy"},"id":"nuhu5xjijpgbayj","previousOperationId":"qbfjb6p51pgbv2b"}
{"type":"log","timestamp":1708455458374,"level":"debug","message":"Page request: GET (script) https://code.jquery.com/jquery-3.6.0.min.js","meta":{"rootId":"itpg6cz8pjogdsy","id":"itpg6cz8pjogdsy"},"id":"mgpc6be6vuream7","previousOperationId":"qbfjb6p51pgbv2b"}
{"type":"log","timestamp":1708455458374,"level":"debug","message":"Page request: GET (script) https://cdn.jsdelivr.net/npm/chart.js","meta":{"rootId":"itpg6cz8pjogdsy","id":"itpg6cz8pjogdsy"},"id":"8qv2g2rf3lka8b9","previousOperationId":"qbfjb6p51pgbv2b"}
{"type":"log","timestamp":1708455458375,"level":"debug","message":"Page request finished: GET (document) 200 file:///tmp/jsreport/autocleanup/f11364c4-75f3-44b4-90f3-6d945ab10fa3-chrome-pdf.html","meta":{"rootId":"itpg6cz8pjogdsy","id":"itpg6cz8pjogdsy"},"id":"2o28z9y5vpakcu8","previousOperationId":"qbfjb6p51pgbv2b"}
{"type":"log","timestamp":1708455458377,"level":"debug","message":"Page request finished: GET (stylesheet) 200 https://cdn.jsdelivr.net/chartist.js/latest/chartist.min.css","meta":{"rootId":"itpg6cz8pjogdsy","id":"itpg6cz8pjogdsy"},"id":"4n140wzefvcp9v8","previousOperationId":"qbfjb6p51pgbv2b"}
{"type":"log","timestamp":1708455458379,"level":"debug","message":"Page request finished: GET (script) 200 https://cdn.jsdelivr.net/chartist.js/latest/chartist.min.js","meta":{"rootId":"itpg6cz8pjogdsy","id":"itpg6cz8pjogdsy"},"id":"evuhwsbu1zturn6","previousOperationId":"qbfjb6p51pgbv2b"}
{"type":"log","timestamp":1708455458381,"level":"debug","message":"Page request finished: GET (script) 200 https://code.jquery.com/jquery-3.6.0.min.js","meta":{"rootId":"itpg6cz8pjogdsy","id":"itpg6cz8pjogdsy"},"id":"mg8cf7h1ihjrynl","previousOperationId":"qbfjb6p51pgbv2b"}
{"type":"log","timestamp":1708455458386,"level":"debug","message":"Page request finished: GET (script) 200 https://cdn.jsdelivr.net/npm/chart.js","meta":{"rootId":"itpg6cz8pjogdsy","id":"itpg6cz8pjogdsy"},"id":"93s8eil4mtvw31c","previousOperationId":"qbfjb6p51pgbv2b"}
{"type":"log","timestamp":1708455458389,"level":"warn","message":"Page error: Unexpected token ',' , stack: SyntaxError: Unexpected token ','","meta":{"rootId":"itpg6cz8pjogdsy","id":"itpg6cz8pjogdsy"},"id":"fvf74j27bqp8w7n","previousOperationId":"qbfjb6p51pgbv2b"}
{"type":"log","timestamp":1708455458394,"level":"debug","message":"Running chrome with params {\"printBackground\":true,\"timeout\":59951,\"margin\":{}}","meta":{"rootId":"itpg6cz8pjogdsy","id":"itpg6cz8pjogdsy"},"id":"808vbmi6sbh05hy","previousOperationId":"qbfjb6p51pgbv2b"}
{"type":"operationEnd","operationId":"qbfjb6p51pgbv2b","timestamp":1708455458406,"id":"0aaddgsjm4sebzm","previousEventId":"07iscblpgnuakfo","previousOperationId":"qbfjb6p51pgbv2b"}
{"type":"log","timestamp":1708455458406,"level":"debug","message":"Skipping storing report.","meta":{"rootId":"itpg6cz8pjogdsy","id":"itpg6cz8pjogdsy"},"id":"6uw5qvp73bpjzbj","previousOperationId":"qbfjb6p51pgbv2b"}
{"type":"log","timestamp":1708455458406,"level":"info","message":"Rendering request 37 finished in 121 ms","meta":{"rootId":"itpg6cz8pjogdsy","id":"itpg6cz8pjogdsy"},"id":"4u7ys93cu820bdn","previousOperationId":"qbfjb6p51pgbv2b"}
{"type":"operationEnd","subtype":"render","operationId":"549z8q4a3lhl25w","timestamp":1708455458406,"id":"uhy32advc0l5adf","previousEventId":"0aaddgsjm4sebzm","previousOperationId":"qbfjb6p51pgbv2b"}
{"type":"operationEnd","doDiffs":false,"previousEventId":"gegiwlkn4f1rn6t","previousOperationId":"msquigxzwhb3ww8","operationId":"msquigxzwhb3ww8","timestamp":1708455458417,"id":"13082k7pjsbww52"}
