{"type":"operationStart","subtype":"profile","data":{"_id":"CM6HWIuZP7JzcUf1","timestamp":"2024-02-20T17:42:02.301Z","state":"queued","mode":"standard","creationDate":"2024-02-20T17:42:02.303Z","modificationDate":"2024-02-20T17:42:02.303Z","shortid":"RJDAK-R","$entitySet":"profiles"},"doDiffs":false,"timestamp":1708450922301,"id":"ltd9odoyo476v5c","previousOperationId":null,"operationId":"l674q2dzkbb8m6j"}
{"type":"log","level":"info","message":"Render request 17 queued for execution and waiting for available worker","previousOperationId":"l674q2dzkbb8m6j","timestamp":1708450922302,"id":"tdi65fovajkhzan"}
{"type":"operationStart","subtype":"render","name":"TemplateList","previousOperationId":"l674q2dzkbb8m6j","timestamp":1708450922311,"id":"wbefsxt4eoymeay","previousEventId":"ltd9odoyo476v5c","operationId":"epznhcxkpi797qc"}
{"type":"log","timestamp":1708450922311,"level":"info","message":"Starting rendering request 17","meta":{"rootId":"iwtb1ogck6xxrnv","id":"iwtb1ogck6xxrnv"},"id":"d4z097m3girr26e","previousOperationId":"epznhcxkpi797qc"}
{"type":"log","timestamp":1708450922311,"level":"info","message":"Rendering template { name: TemplateList, recipe: chrome-pdf, engine: handlebars, preview: true }","meta":{"rootId":"iwtb1ogck6xxrnv","id":"iwtb1ogck6xxrnv"},"id":"pbb1oy50v9kp408","previousOperationId":"epznhcxkpi797qc"}
{"type":"log","timestamp":1708450922311,"level":"debug","message":"Data item not defined for this template.","meta":{"rootId":"iwtb1ogck6xxrnv","id":"iwtb1ogck6xxrnv"},"id":"v0r7b0ohakm28n2","previousOperationId":"epznhcxkpi797qc"}
{"type":"log","timestamp":1708450922313,"level":"debug","message":"Executing script list-data (beforeRender)","meta":{"rootId":"iwtb1ogck6xxrnv","id":"iwtb1ogck6xxrnv"},"id":"vu0cfy9xf7gv09x","previousOperationId":"epznhcxkpi797qc"}
{"type":"operationStart","subtype":"scriptsBeforeRender","name":"scripts beforeRender","timestamp":1708450922325,"id":"hyhkkknjqm842vb","previousEventId":"wbefsxt4eoymeay","operationId":"m0w4zex1lct2n2j","previousOperationId":"epznhcxkpi797qc"}
{"type":"operationStart","subtype":"script","name":"scripts list-data","previousOperationId":"m0w4zex1lct2n2j","timestamp":1708450922325,"id":"2cw4gdkzmif3wxo","previousEventId":"hyhkkknjqm842vb","operationId":"k6sq552ac6kejxg"}
{"type":"log","timestamp":1708450922351,"level":"debug","message":"(console:log) [\n  {\n    list_description: {\n      id: 1,\n      list_name: 'charcuteria',\n      list_current_number: 0,\n      list_limit_number: 0\n    },\n    list_image: {\n      url: 'http://localhost:4000/rails/active_storage/blobs/redirect/eyJfcmFpbHMiOnsiZGF0YSI6MiwicHVyIjoiYmxvYl9pZCJ9fQ==--ee6d56bf52163135b48a4ba2c22b11a93e94d3b3/charcuteria.png'\n    }\n  },\n  {\n    list_description: {\n      id: 2,\n      list_name: 'sarshisha',\n      list_current_number: 0,\n      list_limit_number: 0\n    },\n    list_image: {\n      url: 'http://localhost:4000/rails/active_storage/blobs/redirect/eyJfcmFpbHMiOnsiZGF0YSI6MywicHVyIjoiYmxvYl9pZCJ9fQ==--07183cfade35ce6ffe715f60749642919ec61f5d/charcuteria.png'\n    }\n  },\n  {\n    list_description: {\n      id: 3,\n      list_name: 'stjsjshtshn',\n      list_current_number: 0,\n      list_limit_number: 0\n    },\n    list_image: {\n      url: 'http://localhost:4000/rails/active_storage/blobs/redirect/eyJfcmFpbHMiOnsiZGF0YSI6NCwicHVyIjoiYmxvYl9pZCJ9fQ==--023aae65cb60b3f6c6d73a9c76e14c0b0df6ad86/dibujoadrian.jpg'\n    }\n  }\n]","meta":{"userLevel":true,"rootId":"iwtb1ogck6xxrnv","id":"iwtb1ogck6xxrnv"},"id":"mjvri84g4dou2qd","previousOperationId":"k6sq552ac6kejxg"}
{"type":"operationEnd","operationId":"k6sq552ac6kejxg","timestamp":1708450922352,"id":"143iorgaqwnvmuq","previousEventId":"wbefsxt4eoymeay","previousOperationId":"epznhcxkpi797qc"}
{"type":"operationEnd","operationId":"m0w4zex1lct2n2j","timestamp":1708450922352,"id":"txzhypho8cdh3lr","previousEventId":"143iorgaqwnvmuq","previousOperationId":"epznhcxkpi797qc"}
{"type":"log","timestamp":1708450922352,"level":"debug","message":"Base url not specified, skipping its injection.","meta":{"rootId":"iwtb1ogck6xxrnv","id":"iwtb1ogck6xxrnv"},"id":"nhrq9pszagfr129","previousOperationId":"m0w4zex1lct2n2j"}
{"type":"operationStart","subtype":"engine","name":"handlebars","timestamp":1708450922352,"id":"s3go502py8cwiei","previousEventId":"txzhypho8cdh3lr","operationId":"bwaxm5xffrfbtva","previousOperationId":"m0w4zex1lct2n2j"}
{"type":"log","timestamp":1708450922352,"level":"debug","message":"Rendering engine handlebars","meta":{"rootId":"iwtb1ogck6xxrnv","id":"iwtb1ogck6xxrnv"},"id":"369rgju8tiok3m2","previousOperationId":"bwaxm5xffrfbtva"}
{"type":"operationEnd","operationId":"bwaxm5xffrfbtva","timestamp":1708450922361,"id":"6ohu5r9ceb1c8bd","previousEventId":"s3go502py8cwiei","previousOperationId":"bwaxm5xffrfbtva"}
{"type":"operationStart","subtype":"recipe","name":"chrome-pdf","timestamp":1708450922362,"id":"gn2dat2dp4xxfeh","previousEventId":"6ohu5r9ceb1c8bd","operationId":"i1bojn782cwmg3u","previousOperationId":"bwaxm5xffrfbtva"}
{"type":"log","timestamp":1708450922362,"level":"debug","message":"Executing recipe chrome-pdf","meta":{"rootId":"iwtb1ogck6xxrnv","id":"iwtb1ogck6xxrnv"},"id":"pptxnt9fjr6qvpn","previousOperationId":"i1bojn782cwmg3u"}
{"type":"log","timestamp":1708450922363,"level":"debug","message":"Converting with chrome HeadlessChrome/117.0.5938.149 using chrome-pool strategy","meta":{"rootId":"iwtb1ogck6xxrnv","id":"iwtb1ogck6xxrnv"},"id":"056hfh5h6w6lsma","previousOperationId":"i1bojn782cwmg3u"}
{"type":"log","timestamp":1708450922399,"level":"debug","message":"Page request: GET (document) file:///tmp/jsreport/autocleanup/8f2c52e6-a18c-4e3a-86c9-9caa477cb0e1-chrome-pdf.html","meta":{"rootId":"iwtb1ogck6xxrnv","id":"iwtb1ogck6xxrnv"},"id":"1u24xg8e1lfzrk4","previousOperationId":"i1bojn782cwmg3u"}
{"type":"log","timestamp":1708450922405,"level":"debug","message":"Page request: GET (stylesheet) https://cdn.jsdelivr.net/chartist.js/latest/chartist.min.css","meta":{"rootId":"iwtb1ogck6xxrnv","id":"iwtb1ogck6xxrnv"},"id":"8561tyrjesj7ue9","previousOperationId":"i1bojn782cwmg3u"}
{"type":"log","timestamp":1708450922406,"level":"debug","message":"Page request: GET (script) https://cdn.jsdelivr.net/chartist.js/latest/chartist.min.js","meta":{"rootId":"iwtb1ogck6xxrnv","id":"iwtb1ogck6xxrnv"},"id":"ni2j4d9cso6yitd","previousOperationId":"i1bojn782cwmg3u"}
{"type":"log","timestamp":1708450922406,"level":"debug","message":"Page request: GET (script) https://code.jquery.com/jquery-3.6.0.min.js","meta":{"rootId":"iwtb1ogck6xxrnv","id":"iwtb1ogck6xxrnv"},"id":"1oi8py53h6gozpb","previousOperationId":"i1bojn782cwmg3u"}
{"type":"log","timestamp":1708450922406,"level":"debug","message":"Page request finished: GET (document) 200 file:///tmp/jsreport/autocleanup/8f2c52e6-a18c-4e3a-86c9-9caa477cb0e1-chrome-pdf.html","meta":{"rootId":"iwtb1ogck6xxrnv","id":"iwtb1ogck6xxrnv"},"id":"pnf8y179jso5uy3","previousOperationId":"i1bojn782cwmg3u"}
{"type":"log","timestamp":1708450922409,"level":"debug","message":"Page request finished: GET (stylesheet) 200 https://cdn.jsdelivr.net/chartist.js/latest/chartist.min.css","meta":{"rootId":"iwtb1ogck6xxrnv","id":"iwtb1ogck6xxrnv"},"id":"4spftdsx1m6l83f","previousOperationId":"i1bojn782cwmg3u"}
{"type":"log","timestamp":1708450922410,"level":"debug","message":"Page request finished: GET (script) 200 https://cdn.jsdelivr.net/chartist.js/latest/chartist.min.js","meta":{"rootId":"iwtb1ogck6xxrnv","id":"iwtb1ogck6xxrnv"},"id":"uk8pn0rd9uwmxee","previousOperationId":"i1bojn782cwmg3u"}
{"type":"log","timestamp":1708450922411,"level":"debug","message":"Page request finished: GET (script) 200 https://code.jquery.com/jquery-3.6.0.min.js","meta":{"rootId":"iwtb1ogck6xxrnv","id":"iwtb1ogck6xxrnv"},"id":"oz6hq37zujizguo","previousOperationId":"i1bojn782cwmg3u"}
{"type":"log","timestamp":1708450922417,"level":"warn","message":"Page error: Unexpected identifier 'Object' , stack: SyntaxError: Unexpected identifier 'Object'","meta":{"rootId":"iwtb1ogck6xxrnv","id":"iwtb1ogck6xxrnv"},"id":"de8l3xibkv5d4ga","previousOperationId":"i1bojn782cwmg3u"}
{"type":"log","timestamp":1708450922420,"level":"debug","message":"Running chrome with params {\"printBackground\":true,\"timeout\":59939,\"margin\":{}}","meta":{"rootId":"iwtb1ogck6xxrnv","id":"iwtb1ogck6xxrnv"},"id":"z0svx5wixasjume","previousOperationId":"i1bojn782cwmg3u"}
{"type":"operationEnd","operationId":"i1bojn782cwmg3u","timestamp":1708450922430,"id":"6enhwaweyaj9qip","previousEventId":"gn2dat2dp4xxfeh","previousOperationId":"i1bojn782cwmg3u"}
{"type":"log","timestamp":1708450922430,"level":"debug","message":"Skipping storing report.","meta":{"rootId":"iwtb1ogck6xxrnv","id":"iwtb1ogck6xxrnv"},"id":"q3tq43it8q01m0h","previousOperationId":"i1bojn782cwmg3u"}
{"type":"log","timestamp":1708450922430,"level":"info","message":"Rendering request 17 finished in 129 ms","meta":{"rootId":"iwtb1ogck6xxrnv","id":"iwtb1ogck6xxrnv"},"id":"qvyw43w7upi49gb","previousOperationId":"i1bojn782cwmg3u"}
{"type":"operationEnd","subtype":"render","operationId":"epznhcxkpi797qc","timestamp":1708450922430,"id":"e43xl24yb40aaw2","previousEventId":"6enhwaweyaj9qip","previousOperationId":"i1bojn782cwmg3u"}
{"type":"operationEnd","doDiffs":false,"previousEventId":"ltd9odoyo476v5c","previousOperationId":"l674q2dzkbb8m6j","operationId":"l674q2dzkbb8m6j","timestamp":1708450922438,"id":"putgdzgobsk4e82"}
