{"type":"operationStart","subtype":"profile","data":{"_id":"F0Q4d2g673vFsFCR","timestamp":"2024-02-20T19:09:46.605Z","state":"queued","mode":"standard","creationDate":"2024-02-20T19:09:46.605Z","modificationDate":"2024-02-20T19:09:46.605Z","shortid":"R8jLHCw","$entitySet":"profiles"},"doDiffs":false,"timestamp":1708456186605,"id":"6gemrnkwn99gdji","previousOperationId":null,"operationId":"d63677kxndyv4fk"}
{"type":"log","level":"info","message":"Render request 47 queued for execution and waiting for available worker","previousOperationId":"d63677kxndyv4fk","timestamp":1708456186605,"id":"w07spekk144xocc"}
{"type":"operationStart","subtype":"render","name":"TemplateList","previousOperationId":"d63677kxndyv4fk","timestamp":1708456186610,"id":"nfcjfihq6a1bs1n","previousEventId":"6gemrnkwn99gdji","operationId":"7x132jmvdqujeq3"}
{"type":"log","timestamp":1708456186610,"level":"info","message":"Starting rendering request 47","meta":{"rootId":"j13gvbl0ucolfyv","id":"j13gvbl0ucolfyv"},"id":"x415gr7uldhq51e","previousOperationId":"7x132jmvdqujeq3"}
{"type":"log","timestamp":1708456186610,"level":"info","message":"Rendering template { name: TemplateList, recipe: chrome-pdf, engine: handlebars, preview: true }","meta":{"rootId":"j13gvbl0ucolfyv","id":"j13gvbl0ucolfyv"},"id":"fhr2kwp2io1llct","previousOperationId":"7x132jmvdqujeq3"}
{"type":"log","timestamp":1708456186610,"level":"debug","message":"Data item not defined for this template.","meta":{"rootId":"j13gvbl0ucolfyv","id":"j13gvbl0ucolfyv"},"id":"3e14qx1sfwr9qyv","previousOperationId":"7x132jmvdqujeq3"}
{"type":"log","timestamp":1708456186612,"level":"debug","message":"Executing script list-data (beforeRender)","meta":{"rootId":"j13gvbl0ucolfyv","id":"j13gvbl0ucolfyv"},"id":"o8ncv7sapymyxk0","previousOperationId":"7x132jmvdqujeq3"}
{"type":"operationStart","subtype":"scriptsBeforeRender","name":"scripts beforeRender","timestamp":1708456186615,"id":"y3ao1jfa2keltlp","previousEventId":"nfcjfihq6a1bs1n","operationId":"mo9f7r2vaspgy2m","previousOperationId":"7x132jmvdqujeq3"}
{"type":"operationStart","subtype":"script","name":"scripts list-data","previousOperationId":"mo9f7r2vaspgy2m","timestamp":1708456186615,"id":"mz8uc34cw6nqce2","previousEventId":"y3ao1jfa2keltlp","operationId":"vs2a8fds15spewx"}
{"type":"log","timestamp":1708456186632,"level":"debug","message":"(console:log) [\n  {\n    list_description: {\n      id: 2,\n      list_name: 'sarshisha',\n      list_current_number: 13,\n      list_limit_number: 0\n    },\n    list_image: {\n      url: 'http://localhost:4000/rails/active_storage/blobs/redirect/eyJfcmFpbHMiOnsiZGF0YSI6MywicHVyIjoiYmxvYl9pZCJ9fQ==--07183cfade35ce6ffe715f60749642919ec61f5d/charcuteria.png'\n    }\n  },\n  {\n    list_description: {\n      id: 3,\n      list_name: 'stjsjshtshn',\n      list_current_number: 4,\n      list_limit_number: 0\n    },\n    list_image: {\n      url: 'http://localhost:4000/rails/active_storage/blobs/redirect/eyJfcmFpbHMiOnsiZGF0YSI6NCwicHVyIjoiYmxvYl9pZCJ9fQ==--023aae65cb60b3f6c6d73a9c76e14c0b0df6ad86/dibujoadrian.jpg'\n    }\n  },\n  {\n    list_description: {\n      id: 1,\n      list_name: 'charcuteria',\n      list_current_number: 1,\n      list_limit_number: 0\n    },\n    list_image: {\n      url: 'http://localhost:4000/rails/active_storage/blobs/redirect/eyJfcmFpbHMiOnsiZGF0YSI6MiwicHVyIjoiYmxvYl9pZCJ9fQ==--ee6d56bf52163135b48a4ba2c22b11a93e94d3b3/charcuteria.png'\n    }\n  }\n]","meta":{"userLevel":true,"rootId":"j13gvbl0ucolfyv","id":"j13gvbl0ucolfyv"},"id":"gapcnsc8jsjqfn8","previousOperationId":"vs2a8fds15spewx"}
{"type":"log","timestamp":1708456186639,"level":"debug","message":"(console:log) [\n  {\n    id: 1,\n    nickname: 'a',\n    is_admin: true,\n    suscriptor: null,\n    created_at: '2024-02-20T16:45:37.609Z',\n    updated_at: '2024-02-20T16:45:37.729Z',\n    email: 'a@a.a',\n    jti: '6a2b57ca-af4b-47a0-8285-477cffafa34b'\n  }\n]","meta":{"userLevel":true,"rootId":"j13gvbl0ucolfyv","id":"j13gvbl0ucolfyv"},"id":"e2btpf9olvj5oer","previousOperationId":"vs2a8fds15spewx"}
{"type":"operationEnd","operationId":"vs2a8fds15spewx","timestamp":1708456186640,"id":"7uj0egqta3u1jcs","previousEventId":"nfcjfihq6a1bs1n","previousOperationId":"7x132jmvdqujeq3"}
{"type":"operationEnd","operationId":"mo9f7r2vaspgy2m","timestamp":1708456186640,"id":"p2hzluzr3fjdp24","previousEventId":"7uj0egqta3u1jcs","previousOperationId":"7x132jmvdqujeq3"}
{"type":"log","timestamp":1708456186640,"level":"debug","message":"Base url not specified, skipping its injection.","meta":{"rootId":"j13gvbl0ucolfyv","id":"j13gvbl0ucolfyv"},"id":"ovyjadajhus5a9t","previousOperationId":"mo9f7r2vaspgy2m"}
{"type":"operationStart","subtype":"engine","name":"handlebars","timestamp":1708456186640,"id":"6xl7r2johcpdyr2","previousEventId":"p2hzluzr3fjdp24","operationId":"3a06vc00393wfj6","previousOperationId":"mo9f7r2vaspgy2m"}
{"type":"log","timestamp":1708456186640,"level":"debug","message":"Rendering engine handlebars","meta":{"rootId":"j13gvbl0ucolfyv","id":"j13gvbl0ucolfyv"},"id":"nicplydg0gnk7yv","previousOperationId":"3a06vc00393wfj6"}
{"type":"operationEnd","operationId":"3a06vc00393wfj6","timestamp":1708456186651,"id":"tbqyuuonqs3ubxu","previousEventId":"6xl7r2johcpdyr2","previousOperationId":"3a06vc00393wfj6"}
{"type":"operationStart","subtype":"recipe","name":"chrome-pdf","timestamp":1708456186651,"id":"5a1ocdigy3kj82w","previousEventId":"tbqyuuonqs3ubxu","operationId":"mgr1k2jfaz6k2d8","previousOperationId":"3a06vc00393wfj6"}
{"type":"log","timestamp":1708456186651,"level":"debug","message":"Executing recipe chrome-pdf","meta":{"rootId":"j13gvbl0ucolfyv","id":"j13gvbl0ucolfyv"},"id":"gkw14mlomzklk1x","previousOperationId":"mgr1k2jfaz6k2d8"}
{"type":"log","timestamp":1708456186652,"level":"debug","message":"Converting with chrome HeadlessChrome/117.0.5938.149 using chrome-pool strategy","meta":{"rootId":"j13gvbl0ucolfyv","id":"j13gvbl0ucolfyv"},"id":"v2zggady0zdi3pv","previousOperationId":"mgr1k2jfaz6k2d8"}
{"type":"log","timestamp":1708456186686,"level":"debug","message":"Page request: GET (document) file:///tmp/jsreport/autocleanup/4b144dae-26be-4896-a483-52f455ad1a84-chrome-pdf.html","meta":{"rootId":"j13gvbl0ucolfyv","id":"j13gvbl0ucolfyv"},"id":"ulxzmgo0zm1eg0s","previousOperationId":"mgr1k2jfaz6k2d8"}
{"type":"log","timestamp":1708456186696,"level":"debug","message":"Page request: GET (stylesheet) https://cdn.jsdelivr.net/chartist.js/latest/chartist.min.css","meta":{"rootId":"j13gvbl0ucolfyv","id":"j13gvbl0ucolfyv"},"id":"l4gdbn65rjc765g","previousOperationId":"mgr1k2jfaz6k2d8"}
{"type":"log","timestamp":1708456186697,"level":"debug","message":"Page request: GET (script) https://cdn.jsdelivr.net/chartist.js/latest/chartist.min.js","meta":{"rootId":"j13gvbl0ucolfyv","id":"j13gvbl0ucolfyv"},"id":"za5n63kx3qt8rfu","previousOperationId":"mgr1k2jfaz6k2d8"}
{"type":"log","timestamp":1708456186697,"level":"debug","message":"Page request: GET (script) https://code.jquery.com/jquery-3.6.0.min.js","meta":{"rootId":"j13gvbl0ucolfyv","id":"j13gvbl0ucolfyv"},"id":"tna0tzxyob4qrrg","previousOperationId":"mgr1k2jfaz6k2d8"}
{"type":"log","timestamp":1708456186697,"level":"debug","message":"Page request: GET (script) https://cdn.jsdelivr.net/npm/chart.js","meta":{"rootId":"j13gvbl0ucolfyv","id":"j13gvbl0ucolfyv"},"id":"njht8poelekv1s3","previousOperationId":"mgr1k2jfaz6k2d8"}
{"type":"log","timestamp":1708456186698,"level":"debug","message":"Page request finished: GET (document) 200 file:///tmp/jsreport/autocleanup/4b144dae-26be-4896-a483-52f455ad1a84-chrome-pdf.html","meta":{"rootId":"j13gvbl0ucolfyv","id":"j13gvbl0ucolfyv"},"id":"9qeiw9vbcxq7sn9","previousOperationId":"mgr1k2jfaz6k2d8"}
{"type":"log","timestamp":1708456186700,"level":"debug","message":"Page request finished: GET (stylesheet) 200 https://cdn.jsdelivr.net/chartist.js/latest/chartist.min.css","meta":{"rootId":"j13gvbl0ucolfyv","id":"j13gvbl0ucolfyv"},"id":"y5lzlomxv2ky9zv","previousOperationId":"mgr1k2jfaz6k2d8"}
{"type":"log","timestamp":1708456186702,"level":"debug","message":"Page request finished: GET (script) 200 https://cdn.jsdelivr.net/chartist.js/latest/chartist.min.js","meta":{"rootId":"j13gvbl0ucolfyv","id":"j13gvbl0ucolfyv"},"id":"j791bosk6fugzys","previousOperationId":"mgr1k2jfaz6k2d8"}
{"type":"log","timestamp":1708456186705,"level":"debug","message":"Page request finished: GET (script) 200 https://code.jquery.com/jquery-3.6.0.min.js","meta":{"rootId":"j13gvbl0ucolfyv","id":"j13gvbl0ucolfyv"},"id":"vz5gvdumklz3xu1","previousOperationId":"mgr1k2jfaz6k2d8"}
{"type":"log","timestamp":1708456186710,"level":"debug","message":"Page request finished: GET (script) 200 https://cdn.jsdelivr.net/npm/chart.js","meta":{"rootId":"j13gvbl0ucolfyv","id":"j13gvbl0ucolfyv"},"id":"0u9bzc4si19cbpn","previousOperationId":"mgr1k2jfaz6k2d8"}
{"type":"log","timestamp":1708456186756,"level":"debug","message":"Running chrome with params {\"printBackground\":true,\"timeout\":59952,\"margin\":{}}","meta":{"rootId":"j13gvbl0ucolfyv","id":"j13gvbl0ucolfyv"},"id":"rcuc7xblhftif9n","previousOperationId":"mgr1k2jfaz6k2d8"}
{"type":"operationEnd","operationId":"mgr1k2jfaz6k2d8","timestamp":1708456186784,"id":"u2vpvelzj9aslgr","previousEventId":"5a1ocdigy3kj82w","previousOperationId":"mgr1k2jfaz6k2d8"}
{"type":"log","timestamp":1708456186784,"level":"debug","message":"Skipping storing report.","meta":{"rootId":"j13gvbl0ucolfyv","id":"j13gvbl0ucolfyv"},"id":"cws71rog70v81cj","previousOperationId":"mgr1k2jfaz6k2d8"}
{"type":"log","timestamp":1708456186784,"level":"info","message":"Rendering request 47 finished in 180 ms","meta":{"rootId":"j13gvbl0ucolfyv","id":"j13gvbl0ucolfyv"},"id":"qtzb9669x46t6ep","previousOperationId":"mgr1k2jfaz6k2d8"}
{"type":"operationEnd","subtype":"render","operationId":"7x132jmvdqujeq3","timestamp":1708456186784,"id":"6mq8o9j9mlgwdc7","previousEventId":"u2vpvelzj9aslgr","previousOperationId":"mgr1k2jfaz6k2d8"}
{"type":"operationEnd","doDiffs":false,"previousEventId":"6gemrnkwn99gdji","previousOperationId":"d63677kxndyv4fk","operationId":"d63677kxndyv4fk","timestamp":1708456186786,"id":"wqm24gaeovdskid"}
