{"type":"operationStart","subtype":"profile","data":{"_id":"6MUtFYZT1B3rmAR2","timestamp":"2024-02-20T19:05:25.614Z","state":"queued","mode":"standard","creationDate":"2024-02-20T19:05:25.615Z","modificationDate":"2024-02-20T19:05:25.615Z","shortid":"iSBlXFS","$entitySet":"profiles"},"doDiffs":false,"timestamp":1708455925615,"id":"5xcbm72ytngaaf4","previousOperationId":null,"operationId":"w0dpw7a753vmajf"}
{"type":"log","level":"info","message":"Render request 43 queued for execution and waiting for available worker","previousOperationId":"w0dpw7a753vmajf","timestamp":1708455925615,"id":"swuktwapjy396iu"}
{"type":"operationStart","subtype":"render","name":"TemplateList","previousOperationId":"w0dpw7a753vmajf","timestamp":1708455925619,"id":"yg5y6ntkfurpunb","previousEventId":"5xcbm72ytngaaf4","operationId":"3gorira115n0om4"}
{"type":"log","timestamp":1708455925619,"level":"info","message":"Starting rendering request 43","meta":{"rootId":"jfd9ycopzu9okew","id":"jfd9ycopzu9okew"},"id":"dp6hmehwi4z3e14","previousOperationId":"3gorira115n0om4"}
{"type":"log","timestamp":1708455925619,"level":"info","message":"Rendering template { name: TemplateList, recipe: chrome-pdf, engine: handlebars, preview: true }","meta":{"rootId":"jfd9ycopzu9okew","id":"jfd9ycopzu9okew"},"id":"tv39bez1xojvl38","previousOperationId":"3gorira115n0om4"}
{"type":"log","timestamp":1708455925620,"level":"debug","message":"Data item not defined for this template.","meta":{"rootId":"jfd9ycopzu9okew","id":"jfd9ycopzu9okew"},"id":"apa63611jq13fb2","previousOperationId":"3gorira115n0om4"}
{"type":"log","timestamp":1708455925622,"level":"debug","message":"Executing script list-data (beforeRender)","meta":{"rootId":"jfd9ycopzu9okew","id":"jfd9ycopzu9okew"},"id":"1yczntwj1as9n4d","previousOperationId":"3gorira115n0om4"}
{"type":"operationStart","subtype":"scriptsBeforeRender","name":"scripts beforeRender","timestamp":1708455925627,"id":"k2ve05jjnoi42jc","previousEventId":"yg5y6ntkfurpunb","operationId":"wgco1547qtcstpq","previousOperationId":"3gorira115n0om4"}
{"type":"operationStart","subtype":"script","name":"scripts list-data","previousOperationId":"wgco1547qtcstpq","timestamp":1708455925627,"id":"ga317wta3cb57ki","previousEventId":"k2ve05jjnoi42jc","operationId":"oqhljzece6wgqj6"}
{"type":"log","timestamp":1708455925649,"level":"debug","message":"(console:log) [\n  {\n    list_description: {\n      id: 2,\n      list_name: 'sarshisha',\n      list_current_number: 13,\n      list_limit_number: 0\n    },\n    list_image: {\n      url: 'http://localhost:4000/rails/active_storage/blobs/redirect/eyJfcmFpbHMiOnsiZGF0YSI6MywicHVyIjoiYmxvYl9pZCJ9fQ==--07183cfade35ce6ffe715f60749642919ec61f5d/charcuteria.png'\n    }\n  },\n  {\n    list_description: {\n      id: 3,\n      list_name: 'stjsjshtshn',\n      list_current_number: 4,\n      list_limit_number: 0\n    },\n    list_image: {\n      url: 'http://localhost:4000/rails/active_storage/blobs/redirect/eyJfcmFpbHMiOnsiZGF0YSI6NCwicHVyIjoiYmxvYl9pZCJ9fQ==--023aae65cb60b3f6c6d73a9c76e14c0b0df6ad86/dibujoadrian.jpg'\n    }\n  },\n  {\n    list_description: {\n      id: 1,\n      list_name: 'charcuteria',\n      list_current_number: 1,\n      list_limit_number: 0\n    },\n    list_image: {\n      url: 'http://localhost:4000/rails/active_storage/blobs/redirect/eyJfcmFpbHMiOnsiZGF0YSI6MiwicHVyIjoiYmxvYl9pZCJ9fQ==--ee6d56bf52163135b48a4ba2c22b11a93e94d3b3/charcuteria.png'\n    }\n  }\n]","meta":{"userLevel":true,"rootId":"jfd9ycopzu9okew","id":"jfd9ycopzu9okew"},"id":"gchrycymim3e5mk","previousOperationId":"oqhljzece6wgqj6"}
{"type":"log","timestamp":1708455925657,"level":"debug","message":"(console:log) [\n  {\n    id: 1,\n    nickname: 'a',\n    is_admin: true,\n    suscriptor: null,\n    created_at: '2024-02-20T16:45:37.609Z',\n    updated_at: '2024-02-20T16:45:37.729Z',\n    email: 'a@a.a',\n    jti: '6a2b57ca-af4b-47a0-8285-477cffafa34b'\n  }\n]","meta":{"userLevel":true,"rootId":"jfd9ycopzu9okew","id":"jfd9ycopzu9okew"},"id":"2y8jilihykcidv7","previousOperationId":"oqhljzece6wgqj6"}
{"type":"operationEnd","operationId":"oqhljzece6wgqj6","timestamp":1708455925657,"id":"6envu9q12vbuxj0","previousEventId":"yg5y6ntkfurpunb","previousOperationId":"3gorira115n0om4"}
{"type":"operationEnd","operationId":"wgco1547qtcstpq","timestamp":1708455925657,"id":"x74qopd8wo2mb3i","previousEventId":"6envu9q12vbuxj0","previousOperationId":"3gorira115n0om4"}
{"type":"log","timestamp":1708455925657,"level":"debug","message":"Base url not specified, skipping its injection.","meta":{"rootId":"jfd9ycopzu9okew","id":"jfd9ycopzu9okew"},"id":"1pe1euf6znxut5b","previousOperationId":"wgco1547qtcstpq"}
{"type":"operationStart","subtype":"engine","name":"handlebars","timestamp":1708455925657,"id":"6s2mmsx4ko33wuy","previousEventId":"x74qopd8wo2mb3i","operationId":"asgqwzu47osupd7","previousOperationId":"wgco1547qtcstpq"}
{"type":"log","timestamp":1708455925657,"level":"debug","message":"Rendering engine handlebars","meta":{"rootId":"jfd9ycopzu9okew","id":"jfd9ycopzu9okew"},"id":"ltw0xifyvg7w5cf","previousOperationId":"asgqwzu47osupd7"}
{"type":"operationEnd","operationId":"asgqwzu47osupd7","timestamp":1708455925670,"id":"qbopejted44ohgw","previousEventId":"6s2mmsx4ko33wuy","previousOperationId":"asgqwzu47osupd7"}
{"type":"operationStart","subtype":"recipe","name":"chrome-pdf","timestamp":1708455925670,"id":"0k4h2rfxbzt6u6x","previousEventId":"qbopejted44ohgw","operationId":"vllfq9gnfe1h42x","previousOperationId":"asgqwzu47osupd7"}
{"type":"log","timestamp":1708455925670,"level":"debug","message":"Executing recipe chrome-pdf","meta":{"rootId":"jfd9ycopzu9okew","id":"jfd9ycopzu9okew"},"id":"ca9s0ytn0wpzluz","previousOperationId":"vllfq9gnfe1h42x"}
{"type":"log","timestamp":1708455925671,"level":"debug","message":"Converting with chrome HeadlessChrome/117.0.5938.149 using chrome-pool strategy","meta":{"rootId":"jfd9ycopzu9okew","id":"jfd9ycopzu9okew"},"id":"xj970fl2sznc0at","previousOperationId":"vllfq9gnfe1h42x"}
{"type":"log","timestamp":1708455925716,"level":"debug","message":"Page request: GET (document) file:///tmp/jsreport/autocleanup/2f70111c-745b-44b1-b739-020dba4be488-chrome-pdf.html","meta":{"rootId":"jfd9ycopzu9okew","id":"jfd9ycopzu9okew"},"id":"funvldurr510ztu","previousOperationId":"vllfq9gnfe1h42x"}
{"type":"log","timestamp":1708455925723,"level":"debug","message":"Page request: GET (stylesheet) https://cdn.jsdelivr.net/chartist.js/latest/chartist.min.css","meta":{"rootId":"jfd9ycopzu9okew","id":"jfd9ycopzu9okew"},"id":"xyyc5iabmkpsdm6","previousOperationId":"vllfq9gnfe1h42x"}
{"type":"log","timestamp":1708455925724,"level":"debug","message":"Page request: GET (script) https://cdn.jsdelivr.net/chartist.js/latest/chartist.min.js","meta":{"rootId":"jfd9ycopzu9okew","id":"jfd9ycopzu9okew"},"id":"mn3ibkfixrmbgz4","previousOperationId":"vllfq9gnfe1h42x"}
{"type":"log","timestamp":1708455925724,"level":"debug","message":"Page request: GET (script) https://code.jquery.com/jquery-3.6.0.min.js","meta":{"rootId":"jfd9ycopzu9okew","id":"jfd9ycopzu9okew"},"id":"4wsund6ymk7s9v4","previousOperationId":"vllfq9gnfe1h42x"}
{"type":"log","timestamp":1708455925725,"level":"debug","message":"Page request: GET (script) https://cdn.jsdelivr.net/npm/chart.js","meta":{"rootId":"jfd9ycopzu9okew","id":"jfd9ycopzu9okew"},"id":"8pu8uyoadfetp4v","previousOperationId":"vllfq9gnfe1h42x"}
{"type":"log","timestamp":1708455925725,"level":"debug","message":"Page request finished: GET (document) 200 file:///tmp/jsreport/autocleanup/2f70111c-745b-44b1-b739-020dba4be488-chrome-pdf.html","meta":{"rootId":"jfd9ycopzu9okew","id":"jfd9ycopzu9okew"},"id":"jn001ln17tb8545","previousOperationId":"vllfq9gnfe1h42x"}
{"type":"log","timestamp":1708455925726,"level":"debug","message":"Page request finished: GET (stylesheet) 200 https://cdn.jsdelivr.net/chartist.js/latest/chartist.min.css","meta":{"rootId":"jfd9ycopzu9okew","id":"jfd9ycopzu9okew"},"id":"xl4knf95y7rce40","previousOperationId":"vllfq9gnfe1h42x"}
{"type":"log","timestamp":1708455925728,"level":"debug","message":"Page request finished: GET (script) 200 https://cdn.jsdelivr.net/chartist.js/latest/chartist.min.js","meta":{"rootId":"jfd9ycopzu9okew","id":"jfd9ycopzu9okew"},"id":"8f5qvs2cm86nrqo","previousOperationId":"vllfq9gnfe1h42x"}
{"type":"log","timestamp":1708455925730,"level":"debug","message":"Page request finished: GET (script) 200 https://code.jquery.com/jquery-3.6.0.min.js","meta":{"rootId":"jfd9ycopzu9okew","id":"jfd9ycopzu9okew"},"id":"2l72y60dfolopba","previousOperationId":"vllfq9gnfe1h42x"}
{"type":"log","timestamp":1708455925734,"level":"debug","message":"Page request finished: GET (script) 200 https://cdn.jsdelivr.net/npm/chart.js","meta":{"rootId":"jfd9ycopzu9okew","id":"jfd9ycopzu9okew"},"id":"jxz3xn9qqwghfw5","previousOperationId":"vllfq9gnfe1h42x"}
{"type":"log","timestamp":1708455925777,"level":"debug","message":"Running chrome with params {\"printBackground\":true,\"timeout\":59944,\"margin\":{}}","meta":{"rootId":"jfd9ycopzu9okew","id":"jfd9ycopzu9okew"},"id":"zyfjvoovyfwpupc","previousOperationId":"vllfq9gnfe1h42x"}
{"type":"operationEnd","operationId":"vllfq9gnfe1h42x","timestamp":1708455925807,"id":"ur6bt4cc634pqkx","previousEventId":"0k4h2rfxbzt6u6x","previousOperationId":"vllfq9gnfe1h42x"}
{"type":"log","timestamp":1708455925807,"level":"debug","message":"Skipping storing report.","meta":{"rootId":"jfd9ycopzu9okew","id":"jfd9ycopzu9okew"},"id":"9qeyjxbhp6m9t50","previousOperationId":"vllfq9gnfe1h42x"}
{"type":"log","timestamp":1708455925807,"level":"info","message":"Rendering request 43 finished in 193 ms","meta":{"rootId":"jfd9ycopzu9okew","id":"jfd9ycopzu9okew"},"id":"kuzu7r3s2wrvba3","previousOperationId":"vllfq9gnfe1h42x"}
{"type":"operationEnd","subtype":"render","operationId":"3gorira115n0om4","timestamp":1708455925807,"id":"umwheq58seqymft","previousEventId":"ur6bt4cc634pqkx","previousOperationId":"vllfq9gnfe1h42x"}
{"type":"operationEnd","doDiffs":false,"previousEventId":"5xcbm72ytngaaf4","previousOperationId":"w0dpw7a753vmajf","operationId":"w0dpw7a753vmajf","timestamp":1708455925810,"id":"q61w6s8xmtdb6mx"}
