{"type":"operationStart","subtype":"profile","data":{"_id":"iKaDiypYMsuJywXt","timestamp":"2024-02-20T19:18:09.585Z","state":"queued","mode":"standard","creationDate":"2024-02-20T19:18:09.586Z","modificationDate":"2024-02-20T19:18:09.586Z","shortid":"92v-Jyy","$entitySet":"profiles"},"doDiffs":false,"timestamp":1708456689585,"id":"1zxydn1m697zg1s","previousOperationId":null,"operationId":"duj8mlukf8nv9e3"}
{"type":"log","level":"info","message":"Render request 65 queued for execution and waiting for available worker","previousOperationId":"duj8mlukf8nv9e3","timestamp":1708456689585,"id":"umawac7ak064yum"}
{"type":"operationStart","subtype":"render","name":"TemplateList","previousOperationId":"duj8mlukf8nv9e3","timestamp":1708456689591,"id":"xjmp3mjzl71xzgm","previousEventId":"1zxydn1m697zg1s","operationId":"744v92abdbg08q1"}
{"type":"log","timestamp":1708456689591,"level":"info","message":"Starting rendering request 65","meta":{"rootId":"jteen09ja24hur3","id":"jteen09ja24hur3"},"id":"bia89j5alfgscxx","previousOperationId":"744v92abdbg08q1"}
{"type":"log","timestamp":1708456689591,"level":"info","message":"Rendering template { name: TemplateList, recipe: chrome-pdf, engine: handlebars, preview: true }","meta":{"rootId":"jteen09ja24hur3","id":"jteen09ja24hur3"},"id":"xxq490w0bx8f2ka","previousOperationId":"744v92abdbg08q1"}
{"type":"log","timestamp":1708456689591,"level":"debug","message":"Data item not defined for this template.","meta":{"rootId":"jteen09ja24hur3","id":"jteen09ja24hur3"},"id":"fheldfvsuv5jaea","previousOperationId":"744v92abdbg08q1"}
{"type":"log","timestamp":1708456689592,"level":"debug","message":"Executing script list-data (beforeRender)","meta":{"rootId":"jteen09ja24hur3","id":"jteen09ja24hur3"},"id":"vrs3pvs6qlw2ik8","previousOperationId":"744v92abdbg08q1"}
{"type":"operationStart","subtype":"scriptsBeforeRender","name":"scripts beforeRender","timestamp":1708456689596,"id":"4r0e8kgfx2gmw9m","previousEventId":"xjmp3mjzl71xzgm","operationId":"9i1li8nbrntqutx","previousOperationId":"744v92abdbg08q1"}
{"type":"operationStart","subtype":"script","name":"scripts list-data","previousOperationId":"9i1li8nbrntqutx","timestamp":1708456689596,"id":"o9y2jldsaa3cqwe","previousEventId":"4r0e8kgfx2gmw9m","operationId":"nd4g3semo7mvxey"}
{"type":"log","timestamp":1708456689619,"level":"debug","message":"(console:log) [\n  {\n    list_description: {\n      id: 2,\n      list_name: 'sarshisha',\n      list_current_number: 13,\n      list_limit_number: 0\n    },\n    list_image: {\n      url: 'http://localhost:4000/rails/active_storage/blobs/redirect/eyJfcmFpbHMiOnsiZGF0YSI6MywicHVyIjoiYmxvYl9pZCJ9fQ==--07183cfade35ce6ffe715f60749642919ec61f5d/charcuteria.png'\n    }\n  },\n  {\n    list_description: {\n      id: 3,\n      list_name: 'stjsjshtshn',\n      list_current_number: 4,\n      list_limit_number: 0\n    },\n    list_image: {\n      url: 'http://localhost:4000/rails/active_storage/blobs/redirect/eyJfcmFpbHMiOnsiZGF0YSI6NCwicHVyIjoiYmxvYl9pZCJ9fQ==--023aae65cb60b3f6c6d73a9c76e14c0b0df6ad86/dibujoadrian.jpg'\n    }\n  },\n  {\n    list_description: {\n      id: 1,\n      list_name: 'charcuteria',\n      list_current_number: 1,\n      list_limit_number: 0\n    },\n    list_image: {\n      url: 'http://localhost:4000/rails/active_storage/blobs/redirect/eyJfcmFpbHMiOnsiZGF0YSI6MiwicHVyIjoiYmxvYl9pZCJ9fQ==--ee6d56bf52163135b48a4ba2c22b11a93e94d3b3/charcuteria.png'\n    }\n  }\n]","meta":{"userLevel":true,"rootId":"jteen09ja24hur3","id":"jteen09ja24hur3"},"id":"y2pc9es7wsxb9gu","previousOperationId":"nd4g3semo7mvxey"}
{"type":"log","timestamp":1708456689626,"level":"debug","message":"(console:log) [\n  {\n    id: 1,\n    nickname: 'a',\n    is_admin: true,\n    suscriptor: null,\n    created_at: '2024-02-20T16:45:37.609Z',\n    updated_at: '2024-02-20T16:45:37.729Z',\n    email: 'a@a.a',\n    jti: '6a2b57ca-af4b-47a0-8285-477cffafa34b'\n  }\n]","meta":{"userLevel":true,"rootId":"jteen09ja24hur3","id":"jteen09ja24hur3"},"id":"01ek95fcep816ne","previousOperationId":"nd4g3semo7mvxey"}
{"type":"operationEnd","operationId":"nd4g3semo7mvxey","timestamp":1708456689627,"id":"p3b8bf8n6xm0okp","previousEventId":"xjmp3mjzl71xzgm","previousOperationId":"744v92abdbg08q1"}
{"type":"operationEnd","operationId":"9i1li8nbrntqutx","timestamp":1708456689627,"id":"u4fo357h5s8bho8","previousEventId":"p3b8bf8n6xm0okp","previousOperationId":"744v92abdbg08q1"}
{"type":"log","timestamp":1708456689627,"level":"debug","message":"Base url not specified, skipping its injection.","meta":{"rootId":"jteen09ja24hur3","id":"jteen09ja24hur3"},"id":"31uvqrljtgpilxk","previousOperationId":"9i1li8nbrntqutx"}
{"type":"operationStart","subtype":"engine","name":"handlebars","timestamp":1708456689627,"id":"yk6l488vbp5suqe","previousEventId":"u4fo357h5s8bho8","operationId":"u93thlcyzlke6yd","previousOperationId":"9i1li8nbrntqutx"}
{"type":"log","timestamp":1708456689627,"level":"debug","message":"Rendering engine handlebars","meta":{"rootId":"jteen09ja24hur3","id":"jteen09ja24hur3"},"id":"ry1qujas0vnr2c5","previousOperationId":"u93thlcyzlke6yd"}
{"type":"operationEnd","operationId":"u93thlcyzlke6yd","timestamp":1708456689640,"id":"wsbpctfcwkpkpx7","previousEventId":"yk6l488vbp5suqe","previousOperationId":"u93thlcyzlke6yd"}
{"type":"operationStart","subtype":"recipe","name":"chrome-pdf","timestamp":1708456689640,"id":"sdrpk9qwgnt9c54","previousEventId":"wsbpctfcwkpkpx7","operationId":"firl81v767w5xza","previousOperationId":"u93thlcyzlke6yd"}
{"type":"log","timestamp":1708456689640,"level":"debug","message":"Executing recipe chrome-pdf","meta":{"rootId":"jteen09ja24hur3","id":"jteen09ja24hur3"},"id":"ntj60ugcpx9mpb9","previousOperationId":"firl81v767w5xza"}
{"type":"log","timestamp":1708456689641,"level":"debug","message":"Converting with chrome HeadlessChrome/117.0.5938.149 using chrome-pool strategy","meta":{"rootId":"jteen09ja24hur3","id":"jteen09ja24hur3"},"id":"86gkckizz2l47bp","previousOperationId":"firl81v767w5xza"}
{"type":"log","timestamp":1708456689675,"level":"debug","message":"Page request: GET (document) file:///tmp/jsreport/autocleanup/42f7f1b8-67c3-4c47-b001-10997be1ebe2-chrome-pdf.html","meta":{"rootId":"jteen09ja24hur3","id":"jteen09ja24hur3"},"id":"60e5ktcvysaurq7","previousOperationId":"firl81v767w5xza"}
{"type":"log","timestamp":1708456689682,"level":"debug","message":"Page request: GET (stylesheet) https://cdn.jsdelivr.net/chartist.js/latest/chartist.min.css","meta":{"rootId":"jteen09ja24hur3","id":"jteen09ja24hur3"},"id":"2w58fy6jy5jl61b","previousOperationId":"firl81v767w5xza"}
{"type":"log","timestamp":1708456689682,"level":"debug","message":"Page request: GET (script) https://cdn.jsdelivr.net/chartist.js/latest/chartist.min.js","meta":{"rootId":"jteen09ja24hur3","id":"jteen09ja24hur3"},"id":"t5bh1qzlr294b2l","previousOperationId":"firl81v767w5xza"}
{"type":"log","timestamp":1708456689682,"level":"debug","message":"Page request finished: GET (document) 200 file:///tmp/jsreport/autocleanup/42f7f1b8-67c3-4c47-b001-10997be1ebe2-chrome-pdf.html","meta":{"rootId":"jteen09ja24hur3","id":"jteen09ja24hur3"},"id":"o3tld7w907olng1","previousOperationId":"firl81v767w5xza"}
{"type":"log","timestamp":1708456689685,"level":"debug","message":"Page request finished: GET (stylesheet) 200 https://cdn.jsdelivr.net/chartist.js/latest/chartist.min.css","meta":{"rootId":"jteen09ja24hur3","id":"jteen09ja24hur3"},"id":"rggh33vrxya4ez0","previousOperationId":"firl81v767w5xza"}
{"type":"log","timestamp":1708456689686,"level":"debug","message":"Page request finished: GET (script) 200 https://cdn.jsdelivr.net/chartist.js/latest/chartist.min.js","meta":{"rootId":"jteen09ja24hur3","id":"jteen09ja24hur3"},"id":"t4rdnd1e59qyir8","previousOperationId":"firl81v767w5xza"}
{"type":"log","timestamp":1708456689696,"level":"debug","message":"Running chrome with params {\"printBackground\":true,\"timeout\":59945,\"margin\":{}}","meta":{"rootId":"jteen09ja24hur3","id":"jteen09ja24hur3"},"id":"zeg71bvvli3lmhb","previousOperationId":"firl81v767w5xza"}
{"type":"operationEnd","operationId":"firl81v767w5xza","timestamp":1708456689713,"id":"zw68djb2pr6il9x","previousEventId":"sdrpk9qwgnt9c54","previousOperationId":"firl81v767w5xza"}
{"type":"log","timestamp":1708456689713,"level":"debug","message":"Skipping storing report.","meta":{"rootId":"jteen09ja24hur3","id":"jteen09ja24hur3"},"id":"x2bd6pgkog2stnc","previousOperationId":"firl81v767w5xza"}
{"type":"log","timestamp":1708456689713,"level":"info","message":"Rendering request 65 finished in 128 ms","meta":{"rootId":"jteen09ja24hur3","id":"jteen09ja24hur3"},"id":"dyv80ah4wunrjsp","previousOperationId":"firl81v767w5xza"}
{"type":"operationEnd","subtype":"render","operationId":"744v92abdbg08q1","timestamp":1708456689713,"id":"wg64r06ja0qufgt","previousEventId":"zw68djb2pr6il9x","previousOperationId":"firl81v767w5xza"}
{"type":"operationEnd","doDiffs":false,"previousEventId":"1zxydn1m697zg1s","previousOperationId":"duj8mlukf8nv9e3","operationId":"duj8mlukf8nv9e3","timestamp":1708456689716,"id":"wlnbfox8zmepjvn"}
