{"type":"operationStart","subtype":"profile","data":{"_id":"pHFq0LBimmF0f7b1","timestamp":"2024-02-20T18:40:51.825Z","state":"queued","mode":"standard","creationDate":"2024-02-20T18:40:51.825Z","modificationDate":"2024-02-20T18:40:51.825Z","shortid":"_-nxgi0","$entitySet":"profiles"},"doDiffs":false,"timestamp":1708454451825,"id":"jom8dw72e64bw0d","previousOperationId":null,"operationId":"4sx4agxa70582nf"}
{"type":"log","level":"info","message":"Render request 6 queued for execution and waiting for available worker","previousOperationId":"4sx4agxa70582nf","timestamp":1708454451825,"id":"o84emqdi4vikoeg"}
{"type":"operationStart","subtype":"render","name":"TemplateList","previousOperationId":"4sx4agxa70582nf","timestamp":1708454451829,"id":"rs49mj8xakvy99d","previousEventId":"jom8dw72e64bw0d","operationId":"irk98qoyex9ng1q"}
{"type":"log","timestamp":1708454451830,"level":"info","message":"Starting rendering request 6","meta":{"rootId":"k2s8cr68j0p2c04","id":"k2s8cr68j0p2c04"},"id":"a8dxpr8y98fb0cn","previousOperationId":"irk98qoyex9ng1q"}
{"type":"log","timestamp":1708454451830,"level":"info","message":"Rendering template { name: TemplateList, recipe: chrome-pdf, engine: handlebars, preview: true }","meta":{"rootId":"k2s8cr68j0p2c04","id":"k2s8cr68j0p2c04"},"id":"0al3plxxhahxuys","previousOperationId":"irk98qoyex9ng1q"}
{"type":"log","timestamp":1708454451830,"level":"debug","message":"Data item not defined for this template.","meta":{"rootId":"k2s8cr68j0p2c04","id":"k2s8cr68j0p2c04"},"id":"8fwtasgqf8itljo","previousOperationId":"irk98qoyex9ng1q"}
{"type":"log","timestamp":1708454451832,"level":"debug","message":"Executing script list-data (beforeRender)","meta":{"rootId":"k2s8cr68j0p2c04","id":"k2s8cr68j0p2c04"},"id":"xs7jldja2ylglbh","previousOperationId":"irk98qoyex9ng1q"}
{"type":"operationStart","subtype":"scriptsBeforeRender","name":"scripts beforeRender","timestamp":1708454451836,"id":"hn99a9ywprt0epn","previousEventId":"rs49mj8xakvy99d","operationId":"4l06tzqf01c1ru3","previousOperationId":"irk98qoyex9ng1q"}
{"type":"operationStart","subtype":"script","name":"scripts list-data","previousOperationId":"4l06tzqf01c1ru3","timestamp":1708454451836,"id":"l8j8yj5chi86zbs","previousEventId":"hn99a9ywprt0epn","operationId":"iuvr3y1fd5jt9wz"}
{"type":"log","timestamp":1708454451856,"level":"debug","message":"(console:log) [\n  {\n    list_description: {\n      id: 3,\n      list_name: 'stjsjshtshn',\n      list_current_number: 0,\n      list_limit_number: 0\n    },\n    list_image: {\n      url: 'http://localhost:4000/rails/active_storage/blobs/redirect/eyJfcmFpbHMiOnsiZGF0YSI6NCwicHVyIjoiYmxvYl9pZCJ9fQ==--023aae65cb60b3f6c6d73a9c76e14c0b0df6ad86/dibujoadrian.jpg'\n    }\n  },\n  {\n    list_description: {\n      id: 1,\n      list_name: 'charcuteria',\n      list_current_number: 0,\n      list_limit_number: 0\n    },\n    list_image: {\n      url: 'http://localhost:4000/rails/active_storage/blobs/redirect/eyJfcmFpbHMiOnsiZGF0YSI6MiwicHVyIjoiYmxvYl9pZCJ9fQ==--ee6d56bf52163135b48a4ba2c22b11a93e94d3b3/charcuteria.png'\n    }\n  },\n  {\n    list_description: {\n      id: 2,\n      list_name: 'sarshisha',\n      list_current_number: 13,\n      list_limit_number: 0\n    },\n    list_image: {\n      url: 'http://localhost:4000/rails/active_storage/blobs/redirect/eyJfcmFpbHMiOnsiZGF0YSI6MywicHVyIjoiYmxvYl9pZCJ9fQ==--07183cfade35ce6ffe715f60749642919ec61f5d/charcuteria.png'\n    }\n  }\n]","meta":{"userLevel":true,"rootId":"k2s8cr68j0p2c04","id":"k2s8cr68j0p2c04"},"id":"vx1rq3zsn2mcbx1","previousOperationId":"iuvr3y1fd5jt9wz"}
{"type":"log","timestamp":1708454451863,"level":"debug","message":"(console:log) [\n  {\n    id: 1,\n    nickname: 'a',\n    is_admin: true,\n    suscriptor: null,\n    created_at: '2024-02-20T16:45:37.609Z',\n    updated_at: '2024-02-20T16:45:37.729Z',\n    email: 'a@a.a',\n    jti: '6a2b57ca-af4b-47a0-8285-477cffafa34b'\n  }\n]","meta":{"userLevel":true,"rootId":"k2s8cr68j0p2c04","id":"k2s8cr68j0p2c04"},"id":"6i6o9nrwfs89g4a","previousOperationId":"iuvr3y1fd5jt9wz"}
{"type":"operationEnd","operationId":"iuvr3y1fd5jt9wz","timestamp":1708454451864,"id":"k04ot6d533lzuqw","previousEventId":"rs49mj8xakvy99d","previousOperationId":"irk98qoyex9ng1q"}
{"type":"operationEnd","operationId":"4l06tzqf01c1ru3","timestamp":1708454451864,"id":"xi5l3krn7zp3iol","previousEventId":"k04ot6d533lzuqw","previousOperationId":"irk98qoyex9ng1q"}
{"type":"log","timestamp":1708454451864,"level":"debug","message":"Base url not specified, skipping its injection.","meta":{"rootId":"k2s8cr68j0p2c04","id":"k2s8cr68j0p2c04"},"id":"yx20rd6jeh3stkd","previousOperationId":"4l06tzqf01c1ru3"}
{"type":"operationStart","subtype":"engine","name":"handlebars","timestamp":1708454451864,"id":"uq2g97xor6uheju","previousEventId":"xi5l3krn7zp3iol","operationId":"45qf6ykw5suivtl","previousOperationId":"4l06tzqf01c1ru3"}
{"type":"log","timestamp":1708454451864,"level":"debug","message":"Rendering engine handlebars","meta":{"rootId":"k2s8cr68j0p2c04","id":"k2s8cr68j0p2c04"},"id":"8ce3k2wtdvrv5wz","previousOperationId":"45qf6ykw5suivtl"}
{"type":"operationEnd","operationId":"45qf6ykw5suivtl","timestamp":1708454451878,"id":"7ff3epd5xb9d6bm","previousEventId":"uq2g97xor6uheju","previousOperationId":"45qf6ykw5suivtl"}
{"type":"operationStart","subtype":"recipe","name":"chrome-pdf","timestamp":1708454451879,"id":"m7r8yj8gltb8v54","previousEventId":"7ff3epd5xb9d6bm","operationId":"ot72nh6sa0dap7m","previousOperationId":"45qf6ykw5suivtl"}
{"type":"log","timestamp":1708454451879,"level":"debug","message":"Executing recipe chrome-pdf","meta":{"rootId":"k2s8cr68j0p2c04","id":"k2s8cr68j0p2c04"},"id":"xnjujr3bljwn1ty","previousOperationId":"ot72nh6sa0dap7m"}
{"type":"log","timestamp":1708454451888,"level":"debug","message":"Converting with chrome HeadlessChrome/117.0.5938.149 using chrome-pool strategy","meta":{"rootId":"k2s8cr68j0p2c04","id":"k2s8cr68j0p2c04"},"id":"abk8c795h0n643o","previousOperationId":"ot72nh6sa0dap7m"}
{"type":"log","timestamp":1708454451938,"level":"debug","message":"Page request: GET (document) file:///tmp/jsreport/autocleanup/84500e01-701c-49aa-86eb-d3c366196bba-chrome-pdf.html","meta":{"rootId":"k2s8cr68j0p2c04","id":"k2s8cr68j0p2c04"},"id":"0qklunqsnocg4xp","previousOperationId":"ot72nh6sa0dap7m"}
{"type":"log","timestamp":1708454451948,"level":"debug","message":"Page request: GET (stylesheet) https://cdn.jsdelivr.net/chartist.js/latest/chartist.min.css","meta":{"rootId":"k2s8cr68j0p2c04","id":"k2s8cr68j0p2c04"},"id":"k5lrmbghnep4djw","previousOperationId":"ot72nh6sa0dap7m"}
{"type":"log","timestamp":1708454451948,"level":"debug","message":"Page request: GET (script) https://cdn.jsdelivr.net/chartist.js/latest/chartist.min.js","meta":{"rootId":"k2s8cr68j0p2c04","id":"k2s8cr68j0p2c04"},"id":"7tp1la7ae84vajn","previousOperationId":"ot72nh6sa0dap7m"}
{"type":"log","timestamp":1708454451949,"level":"debug","message":"Page request: GET (script) https://code.jquery.com/jquery-3.6.0.min.js","meta":{"rootId":"k2s8cr68j0p2c04","id":"k2s8cr68j0p2c04"},"id":"gwoo7pkfz8bm0zy","previousOperationId":"ot72nh6sa0dap7m"}
{"type":"log","timestamp":1708454451949,"level":"debug","message":"Page request: GET (script) https://cdn.jsdelivr.net/npm/chart.js","meta":{"rootId":"k2s8cr68j0p2c04","id":"k2s8cr68j0p2c04"},"id":"ncrewyjgjt8760r","previousOperationId":"ot72nh6sa0dap7m"}
{"type":"log","timestamp":1708454451949,"level":"debug","message":"Page request finished: GET (document) 200 file:///tmp/jsreport/autocleanup/84500e01-701c-49aa-86eb-d3c366196bba-chrome-pdf.html","meta":{"rootId":"k2s8cr68j0p2c04","id":"k2s8cr68j0p2c04"},"id":"zr5zf67d61h0ych","previousOperationId":"ot72nh6sa0dap7m"}
{"type":"log","timestamp":1708454451952,"level":"debug","message":"Page request finished: GET (stylesheet) 200 https://cdn.jsdelivr.net/chartist.js/latest/chartist.min.css","meta":{"rootId":"k2s8cr68j0p2c04","id":"k2s8cr68j0p2c04"},"id":"3kx6syeojmvd5dj","previousOperationId":"ot72nh6sa0dap7m"}
{"type":"log","timestamp":1708454451953,"level":"debug","message":"Page request finished: GET (script) 200 https://cdn.jsdelivr.net/chartist.js/latest/chartist.min.js","meta":{"rootId":"k2s8cr68j0p2c04","id":"k2s8cr68j0p2c04"},"id":"zorbiiu4jfiw5dn","previousOperationId":"ot72nh6sa0dap7m"}
{"type":"log","timestamp":1708454451956,"level":"debug","message":"Page request finished: GET (script) 200 https://code.jquery.com/jquery-3.6.0.min.js","meta":{"rootId":"k2s8cr68j0p2c04","id":"k2s8cr68j0p2c04"},"id":"uj6l3zyiedrilzv","previousOperationId":"ot72nh6sa0dap7m"}
{"type":"log","timestamp":1708454451961,"level":"debug","message":"Page request finished: GET (script) 200 https://cdn.jsdelivr.net/npm/chart.js","meta":{"rootId":"k2s8cr68j0p2c04","id":"k2s8cr68j0p2c04"},"id":"bn3g742bykbj1kc","previousOperationId":"ot72nh6sa0dap7m"}
{"type":"log","timestamp":1708454452007,"level":"debug","message":"Running chrome with params {\"printBackground\":true,\"timeout\":59938,\"margin\":{}}","meta":{"rootId":"k2s8cr68j0p2c04","id":"k2s8cr68j0p2c04"},"id":"iug4bdsqz12k6fv","previousOperationId":"ot72nh6sa0dap7m"}
{"type":"operationEnd","operationId":"ot72nh6sa0dap7m","timestamp":1708454452047,"id":"xyy7ymhnkonmcjh","previousEventId":"m7r8yj8gltb8v54","previousOperationId":"ot72nh6sa0dap7m"}
{"type":"log","timestamp":1708454452047,"level":"debug","message":"Skipping storing report.","meta":{"rootId":"k2s8cr68j0p2c04","id":"k2s8cr68j0p2c04"},"id":"g72qanli2xibqth","previousOperationId":"ot72nh6sa0dap7m"}
{"type":"log","timestamp":1708454452047,"level":"info","message":"Rendering request 6 finished in 222 ms","meta":{"rootId":"k2s8cr68j0p2c04","id":"k2s8cr68j0p2c04"},"id":"lc6uxll0fki8t6z","previousOperationId":"ot72nh6sa0dap7m"}
{"type":"operationEnd","subtype":"render","operationId":"irk98qoyex9ng1q","timestamp":1708454452047,"id":"uenfqadov1ojhm2","previousEventId":"xyy7ymhnkonmcjh","previousOperationId":"ot72nh6sa0dap7m"}
{"type":"operationEnd","doDiffs":false,"previousEventId":"jom8dw72e64bw0d","previousOperationId":"4sx4agxa70582nf","operationId":"4sx4agxa70582nf","timestamp":1708454452049,"id":"j7lp2p958hsh25w"}
