{"type":"operationStart","subtype":"profile","data":{"_id":"3jdqsOXwUnRq7yOe","timestamp":"2024-02-20T18:41:21.545Z","state":"queued","mode":"standard","creationDate":"2024-02-20T18:41:21.546Z","modificationDate":"2024-02-20T18:41:21.546Z","shortid":"bh76QCe","$entitySet":"profiles"},"doDiffs":false,"timestamp":1708454481545,"id":"zrelbry1t9ro187","previousOperationId":null,"operationId":"751ttzp3ztvhuu7"}
{"type":"log","level":"info","message":"Render request 9 queued for execution and waiting for available worker","previousOperationId":"751ttzp3ztvhuu7","timestamp":1708454481545,"id":"lm7bp2xhvuomtcj"}
{"type":"operationStart","subtype":"render","name":"TemplateList","previousOperationId":"751ttzp3ztvhuu7","timestamp":1708454481549,"id":"00f76dirzxjjby8","previousEventId":"zrelbry1t9ro187","operationId":"ng1mtwmv6keqe48"}
{"type":"log","timestamp":1708454481549,"level":"info","message":"Starting rendering request 9","meta":{"rootId":"kgi922kgunakngi","id":"kgi922kgunakngi"},"id":"hbgkjeuxih9fefe","previousOperationId":"ng1mtwmv6keqe48"}
{"type":"log","timestamp":1708454481550,"level":"info","message":"Rendering template { name: TemplateList, recipe: chrome-pdf, engine: handlebars, preview: true }","meta":{"rootId":"kgi922kgunakngi","id":"kgi922kgunakngi"},"id":"czoncffmjd9ud2j","previousOperationId":"ng1mtwmv6keqe48"}
{"type":"log","timestamp":1708454481550,"level":"debug","message":"Data item not defined for this template.","meta":{"rootId":"kgi922kgunakngi","id":"kgi922kgunakngi"},"id":"46ch7gv5mxi1yqu","previousOperationId":"ng1mtwmv6keqe48"}
{"type":"log","timestamp":1708454481551,"level":"debug","message":"Executing script list-data (beforeRender)","meta":{"rootId":"kgi922kgunakngi","id":"kgi922kgunakngi"},"id":"nrng885kcc6dx0q","previousOperationId":"ng1mtwmv6keqe48"}
{"type":"operationStart","subtype":"scriptsBeforeRender","name":"scripts beforeRender","timestamp":1708454481555,"id":"m8jlgt8rosa73og","previousEventId":"00f76dirzxjjby8","operationId":"xfv3zinffvb8ipc","previousOperationId":"ng1mtwmv6keqe48"}
{"type":"operationStart","subtype":"script","name":"scripts list-data","previousOperationId":"xfv3zinffvb8ipc","timestamp":1708454481555,"id":"nt0nculoy72m9n9","previousEventId":"m8jlgt8rosa73og","operationId":"grcprt50dogn3lu"}
{"type":"log","timestamp":1708454481594,"level":"debug","message":"(console:log) [\n  {\n    list_description: {\n      id: 3,\n      list_name: 'stjsjshtshn',\n      list_current_number: 0,\n      list_limit_number: 0\n    },\n    list_image: {\n      url: 'http://localhost:4000/rails/active_storage/blobs/redirect/eyJfcmFpbHMiOnsiZGF0YSI6NCwicHVyIjoiYmxvYl9pZCJ9fQ==--023aae65cb60b3f6c6d73a9c76e14c0b0df6ad86/dibujoadrian.jpg'\n    }\n  },\n  {\n    list_description: {\n      id: 1,\n      list_name: 'charcuteria',\n      list_current_number: 0,\n      list_limit_number: 0\n    },\n    list_image: {\n      url: 'http://localhost:4000/rails/active_storage/blobs/redirect/eyJfcmFpbHMiOnsiZGF0YSI6MiwicHVyIjoiYmxvYl9pZCJ9fQ==--ee6d56bf52163135b48a4ba2c22b11a93e94d3b3/charcuteria.png'\n    }\n  },\n  {\n    list_description: {\n      id: 2,\n      list_name: 'sarshisha',\n      list_current_number: 13,\n      list_limit_number: 0\n    },\n    list_image: {\n      url: 'http://localhost:4000/rails/active_storage/blobs/redirect/eyJfcmFpbHMiOnsiZGF0YSI6MywicHVyIjoiYmxvYl9pZCJ9fQ==--07183cfade35ce6ffe715f60749642919ec61f5d/charcuteria.png'\n    }\n  }\n]","meta":{"userLevel":true,"rootId":"kgi922kgunakngi","id":"kgi922kgunakngi"},"id":"ah7hnsufxyy50k7","previousOperationId":"grcprt50dogn3lu"}
{"type":"log","timestamp":1708454481606,"level":"debug","message":"(console:log) [\n  {\n    id: 1,\n    nickname: 'a',\n    is_admin: true,\n    suscriptor: null,\n    created_at: '2024-02-20T16:45:37.609Z',\n    updated_at: '2024-02-20T16:45:37.729Z',\n    email: 'a@a.a',\n    jti: '6a2b57ca-af4b-47a0-8285-477cffafa34b'\n  }\n]","meta":{"userLevel":true,"rootId":"kgi922kgunakngi","id":"kgi922kgunakngi"},"id":"svfnlpvmfbfhps0","previousOperationId":"grcprt50dogn3lu"}
{"type":"operationEnd","operationId":"grcprt50dogn3lu","timestamp":1708454481606,"id":"4gxl9t8cy6ipfnx","previousEventId":"00f76dirzxjjby8","previousOperationId":"ng1mtwmv6keqe48"}
{"type":"operationEnd","operationId":"xfv3zinffvb8ipc","timestamp":1708454481606,"id":"z33gh4eotc79561","previousEventId":"4gxl9t8cy6ipfnx","previousOperationId":"ng1mtwmv6keqe48"}
{"type":"log","timestamp":1708454481606,"level":"debug","message":"Base url not specified, skipping its injection.","meta":{"rootId":"kgi922kgunakngi","id":"kgi922kgunakngi"},"id":"5m1meqshmayu0ei","previousOperationId":"xfv3zinffvb8ipc"}
{"type":"operationStart","subtype":"engine","name":"handlebars","timestamp":1708454481606,"id":"4ymopb4lql15acv","previousEventId":"z33gh4eotc79561","operationId":"dwf2rklqe793ems","previousOperationId":"xfv3zinffvb8ipc"}
{"type":"log","timestamp":1708454481606,"level":"debug","message":"Rendering engine handlebars","meta":{"rootId":"kgi922kgunakngi","id":"kgi922kgunakngi"},"id":"3iewcyxxs3cygd1","previousOperationId":"dwf2rklqe793ems"}
{"type":"operationEnd","operationId":"dwf2rklqe793ems","timestamp":1708454481622,"id":"7ajzyuhugr9wcbn","previousEventId":"4ymopb4lql15acv","previousOperationId":"dwf2rklqe793ems"}
{"type":"operationStart","subtype":"recipe","name":"chrome-pdf","timestamp":1708454481622,"id":"ywwaru5zcce652u","previousEventId":"7ajzyuhugr9wcbn","operationId":"x8adn0fk89dx9sn","previousOperationId":"dwf2rklqe793ems"}
{"type":"log","timestamp":1708454481622,"level":"debug","message":"Executing recipe chrome-pdf","meta":{"rootId":"kgi922kgunakngi","id":"kgi922kgunakngi"},"id":"9kj83h5jd0stivn","previousOperationId":"x8adn0fk89dx9sn"}
{"type":"log","timestamp":1708454481624,"level":"debug","message":"Converting with chrome HeadlessChrome/117.0.5938.149 using chrome-pool strategy","meta":{"rootId":"kgi922kgunakngi","id":"kgi922kgunakngi"},"id":"vwtiboo5j0ix35o","previousOperationId":"x8adn0fk89dx9sn"}
{"type":"log","timestamp":1708454481653,"level":"debug","message":"Page request: GET (document) file:///tmp/jsreport/autocleanup/cace5175-68f3-433d-a697-973bec7c82ec-chrome-pdf.html","meta":{"rootId":"kgi922kgunakngi","id":"kgi922kgunakngi"},"id":"d7vijhjt0gm2h3i","previousOperationId":"x8adn0fk89dx9sn"}
{"type":"log","timestamp":1708454481662,"level":"debug","message":"Page request: GET (stylesheet) https://cdn.jsdelivr.net/chartist.js/latest/chartist.min.css","meta":{"rootId":"kgi922kgunakngi","id":"kgi922kgunakngi"},"id":"cggytsmhtfj8ne5","previousOperationId":"x8adn0fk89dx9sn"}
{"type":"log","timestamp":1708454481662,"level":"debug","message":"Page request: GET (script) https://cdn.jsdelivr.net/chartist.js/latest/chartist.min.js","meta":{"rootId":"kgi922kgunakngi","id":"kgi922kgunakngi"},"id":"88ush22p39xzl8z","previousOperationId":"x8adn0fk89dx9sn"}
{"type":"log","timestamp":1708454481663,"level":"debug","message":"Page request: GET (script) https://code.jquery.com/jquery-3.6.0.min.js","meta":{"rootId":"kgi922kgunakngi","id":"kgi922kgunakngi"},"id":"g4a0kj9vwh0hzmf","previousOperationId":"x8adn0fk89dx9sn"}
{"type":"log","timestamp":1708454481663,"level":"debug","message":"Page request: GET (script) https://cdn.jsdelivr.net/npm/chart.js","meta":{"rootId":"kgi922kgunakngi","id":"kgi922kgunakngi"},"id":"3bjq50qzafowg8k","previousOperationId":"x8adn0fk89dx9sn"}
{"type":"log","timestamp":1708454481663,"level":"debug","message":"Page request finished: GET (document) 200 file:///tmp/jsreport/autocleanup/cace5175-68f3-433d-a697-973bec7c82ec-chrome-pdf.html","meta":{"rootId":"kgi922kgunakngi","id":"kgi922kgunakngi"},"id":"q4kyl0r610p13oo","previousOperationId":"x8adn0fk89dx9sn"}
{"type":"log","timestamp":1708454481665,"level":"debug","message":"Page request finished: GET (stylesheet) 200 https://cdn.jsdelivr.net/chartist.js/latest/chartist.min.css","meta":{"rootId":"kgi922kgunakngi","id":"kgi922kgunakngi"},"id":"6w8raqvl1fsuvuc","previousOperationId":"x8adn0fk89dx9sn"}
{"type":"log","timestamp":1708454481668,"level":"debug","message":"Page request finished: GET (script) 200 https://cdn.jsdelivr.net/chartist.js/latest/chartist.min.js","meta":{"rootId":"kgi922kgunakngi","id":"kgi922kgunakngi"},"id":"6dxstecl1hyy7r3","previousOperationId":"x8adn0fk89dx9sn"}
{"type":"log","timestamp":1708454481669,"level":"debug","message":"Page request finished: GET (script) 200 https://code.jquery.com/jquery-3.6.0.min.js","meta":{"rootId":"kgi922kgunakngi","id":"kgi922kgunakngi"},"id":"6bf5xoqogv07t02","previousOperationId":"x8adn0fk89dx9sn"}
{"type":"log","timestamp":1708454481675,"level":"debug","message":"Page request finished: GET (script) 200 https://cdn.jsdelivr.net/npm/chart.js","meta":{"rootId":"kgi922kgunakngi","id":"kgi922kgunakngi"},"id":"c7fb9xtedkfeiav","previousOperationId":"x8adn0fk89dx9sn"}
{"type":"log","timestamp":1708454481719,"level":"debug","message":"Running chrome with params {\"printBackground\":true,\"timeout\":59922,\"margin\":{}}","meta":{"rootId":"kgi922kgunakngi","id":"kgi922kgunakngi"},"id":"9j0ve08t6tonnb5","previousOperationId":"x8adn0fk89dx9sn"}
{"type":"operationEnd","operationId":"x8adn0fk89dx9sn","timestamp":1708454481756,"id":"r900oe25aazsmzb","previousEventId":"ywwaru5zcce652u","previousOperationId":"x8adn0fk89dx9sn"}
{"type":"log","timestamp":1708454481756,"level":"debug","message":"Skipping storing report.","meta":{"rootId":"kgi922kgunakngi","id":"kgi922kgunakngi"},"id":"z46my0pzpr0p802","previousOperationId":"x8adn0fk89dx9sn"}
{"type":"log","timestamp":1708454481756,"level":"info","message":"Rendering request 9 finished in 211 ms","meta":{"rootId":"kgi922kgunakngi","id":"kgi922kgunakngi"},"id":"vketg6bvrbajifr","previousOperationId":"x8adn0fk89dx9sn"}
{"type":"operationEnd","subtype":"render","operationId":"ng1mtwmv6keqe48","timestamp":1708454481756,"id":"g3pu5gjnkcfov3u","previousEventId":"r900oe25aazsmzb","previousOperationId":"x8adn0fk89dx9sn"}
{"type":"operationEnd","doDiffs":false,"previousEventId":"zrelbry1t9ro187","previousOperationId":"751ttzp3ztvhuu7","operationId":"751ttzp3ztvhuu7","timestamp":1708454481763,"id":"c84p5g46iz0eor3"}
