{"type":"operationStart","subtype":"profile","data":{"_id":"IvlrnZHxKBD9j3gf","timestamp":"2024-02-20T19:14:57.057Z","state":"queued","mode":"standard","creationDate":"2024-02-20T19:14:57.062Z","modificationDate":"2024-02-20T19:14:57.062Z","shortid":"DKj1XoG","$entitySet":"profiles"},"doDiffs":false,"timestamp":1708456497059,"id":"bg7525v4rpa1b6f","previousOperationId":null,"operationId":"rory8fjt04p8i0s"}
{"type":"log","level":"info","message":"Render request 61 queued for execution and waiting for available worker","previousOperationId":"rory8fjt04p8i0s","timestamp":1708456497060,"id":"xz0oreeaongzybe"}
{"type":"operationStart","subtype":"render","name":"TemplateList","previousOperationId":"rory8fjt04p8i0s","timestamp":1708456497070,"id":"p0a6mrfxuf13nr4","previousEventId":"bg7525v4rpa1b6f","operationId":"fviuwhbve0iu1f4"}
{"type":"log","timestamp":1708456497070,"level":"info","message":"Starting rendering request 61","meta":{"rootId":"kiox95ila8jq0dj","id":"kiox95ila8jq0dj"},"id":"v1xgs27wwjb7uv2","previousOperationId":"fviuwhbve0iu1f4"}
{"type":"log","timestamp":1708456497071,"level":"info","message":"Rendering template { name: TemplateList, recipe: chrome-pdf, engine: handlebars, preview: true }","meta":{"rootId":"kiox95ila8jq0dj","id":"kiox95ila8jq0dj"},"id":"7kgk4qq68f733np","previousOperationId":"fviuwhbve0iu1f4"}
{"type":"log","timestamp":1708456497071,"level":"debug","message":"Data item not defined for this template.","meta":{"rootId":"kiox95ila8jq0dj","id":"kiox95ila8jq0dj"},"id":"gyqldw60omn5e9p","previousOperationId":"fviuwhbve0iu1f4"}
{"type":"log","timestamp":1708456497073,"level":"debug","message":"Executing script list-data (beforeRender)","meta":{"rootId":"kiox95ila8jq0dj","id":"kiox95ila8jq0dj"},"id":"gswufue22hjlp3w","previousOperationId":"fviuwhbve0iu1f4"}
{"type":"operationStart","subtype":"scriptsBeforeRender","name":"scripts beforeRender","timestamp":1708456497078,"id":"ygr5j8asc5qsnhk","previousEventId":"p0a6mrfxuf13nr4","operationId":"s1nt02cm3g6qyyy","previousOperationId":"fviuwhbve0iu1f4"}
{"type":"operationStart","subtype":"script","name":"scripts list-data","previousOperationId":"s1nt02cm3g6qyyy","timestamp":1708456497078,"id":"jua536ekthonuki","previousEventId":"ygr5j8asc5qsnhk","operationId":"9joerl7iftwhyjb"}
{"type":"log","timestamp":1708456497123,"level":"debug","message":"(console:log) [\n  {\n    list_description: {\n      id: 2,\n      list_name: 'sarshisha',\n      list_current_number: 13,\n      list_limit_number: 0\n    },\n    list_image: {\n      url: 'http://localhost:4000/rails/active_storage/blobs/redirect/eyJfcmFpbHMiOnsiZGF0YSI6MywicHVyIjoiYmxvYl9pZCJ9fQ==--07183cfade35ce6ffe715f60749642919ec61f5d/charcuteria.png'\n    }\n  },\n  {\n    list_description: {\n      id: 3,\n      list_name: 'stjsjshtshn',\n      list_current_number: 4,\n      list_limit_number: 0\n    },\n    list_image: {\n      url: 'http://localhost:4000/rails/active_storage/blobs/redirect/eyJfcmFpbHMiOnsiZGF0YSI6NCwicHVyIjoiYmxvYl9pZCJ9fQ==--023aae65cb60b3f6c6d73a9c76e14c0b0df6ad86/dibujoadrian.jpg'\n    }\n  },\n  {\n    list_description: {\n      id: 1,\n      list_name: 'charcuteria',\n      list_current_number: 1,\n      list_limit_number: 0\n    },\n    list_image: {\n      url: 'http://localhost:4000/rails/active_storage/blobs/redirect/eyJfcmFpbHMiOnsiZGF0YSI6MiwicHVyIjoiYmxvYl9pZCJ9fQ==--ee6d56bf52163135b48a4ba2c22b11a93e94d3b3/charcuteria.png'\n    }\n  }\n]","meta":{"userLevel":true,"rootId":"kiox95ila8jq0dj","id":"kiox95ila8jq0dj"},"id":"yzmm3ty2mjuj12h","previousOperationId":"9joerl7iftwhyjb"}
{"type":"log","timestamp":1708456497135,"level":"debug","message":"(console:log) [\n  {\n    id: 1,\n    nickname: 'a',\n    is_admin: true,\n    suscriptor: null,\n    created_at: '2024-02-20T16:45:37.609Z',\n    updated_at: '2024-02-20T16:45:37.729Z',\n    email: 'a@a.a',\n    jti: '6a2b57ca-af4b-47a0-8285-477cffafa34b'\n  }\n]","meta":{"userLevel":true,"rootId":"kiox95ila8jq0dj","id":"kiox95ila8jq0dj"},"id":"tqma0y1kje4m0ws","previousOperationId":"9joerl7iftwhyjb"}
{"type":"operationEnd","operationId":"9joerl7iftwhyjb","timestamp":1708456497135,"id":"9zfiycw9zcb177g","previousEventId":"p0a6mrfxuf13nr4","previousOperationId":"fviuwhbve0iu1f4"}
{"type":"operationEnd","operationId":"s1nt02cm3g6qyyy","timestamp":1708456497135,"id":"607j2v2bvgyjs6x","previousEventId":"9zfiycw9zcb177g","previousOperationId":"fviuwhbve0iu1f4"}
{"type":"log","timestamp":1708456497135,"level":"debug","message":"Base url not specified, skipping its injection.","meta":{"rootId":"kiox95ila8jq0dj","id":"kiox95ila8jq0dj"},"id":"lrv48hrhnq5v4lw","previousOperationId":"s1nt02cm3g6qyyy"}
{"type":"operationStart","subtype":"engine","name":"handlebars","timestamp":1708456497135,"id":"s3a4cqwczdqe4xg","previousEventId":"607j2v2bvgyjs6x","operationId":"1jlmf20q85hbpxu","previousOperationId":"s1nt02cm3g6qyyy"}
{"type":"log","timestamp":1708456497135,"level":"debug","message":"Rendering engine handlebars","meta":{"rootId":"kiox95ila8jq0dj","id":"kiox95ila8jq0dj"},"id":"hwr23jd9w6f8p00","previousOperationId":"1jlmf20q85hbpxu"}
{"type":"operationEnd","operationId":"1jlmf20q85hbpxu","timestamp":1708456497168,"id":"ke21zsjdlajuc76","previousEventId":"s3a4cqwczdqe4xg","previousOperationId":"1jlmf20q85hbpxu"}
{"type":"operationStart","subtype":"recipe","name":"chrome-pdf","timestamp":1708456497168,"id":"u0p7hv8nj4dfrba","previousEventId":"ke21zsjdlajuc76","operationId":"scdsxxhywtnyrpu","previousOperationId":"1jlmf20q85hbpxu"}
{"type":"log","timestamp":1708456497168,"level":"debug","message":"Executing recipe chrome-pdf","meta":{"rootId":"kiox95ila8jq0dj","id":"kiox95ila8jq0dj"},"id":"7fn8qyxmcbfhzhs","previousOperationId":"scdsxxhywtnyrpu"}
{"type":"log","timestamp":1708456497170,"level":"debug","message":"Converting with chrome HeadlessChrome/117.0.5938.149 using chrome-pool strategy","meta":{"rootId":"kiox95ila8jq0dj","id":"kiox95ila8jq0dj"},"id":"jhqdzt5cjb637c1","previousOperationId":"scdsxxhywtnyrpu"}
{"type":"log","timestamp":1708456497206,"level":"debug","message":"Page request: GET (document) file:///tmp/jsreport/autocleanup/aa0d41fd-909e-47b7-97cb-c671c2a1a652-chrome-pdf.html","meta":{"rootId":"kiox95ila8jq0dj","id":"kiox95ila8jq0dj"},"id":"guw2omwawgaqfcd","previousOperationId":"scdsxxhywtnyrpu"}
{"type":"log","timestamp":1708456497215,"level":"debug","message":"Page request: GET (stylesheet) https://cdn.jsdelivr.net/chartist.js/latest/chartist.min.css","meta":{"rootId":"kiox95ila8jq0dj","id":"kiox95ila8jq0dj"},"id":"9z6hhi2inauqkjq","previousOperationId":"scdsxxhywtnyrpu"}
{"type":"log","timestamp":1708456497215,"level":"debug","message":"Page request: GET (script) https://cdn.jsdelivr.net/chartist.js/latest/chartist.min.js","meta":{"rootId":"kiox95ila8jq0dj","id":"kiox95ila8jq0dj"},"id":"n7gn6or3e78vqhh","previousOperationId":"scdsxxhywtnyrpu"}
{"type":"log","timestamp":1708456497216,"level":"debug","message":"Page request finished: GET (document) 200 file:///tmp/jsreport/autocleanup/aa0d41fd-909e-47b7-97cb-c671c2a1a652-chrome-pdf.html","meta":{"rootId":"kiox95ila8jq0dj","id":"kiox95ila8jq0dj"},"id":"f9pfhzs5melxo9x","previousOperationId":"scdsxxhywtnyrpu"}
{"type":"log","timestamp":1708456497218,"level":"debug","message":"Page request finished: GET (stylesheet) 200 https://cdn.jsdelivr.net/chartist.js/latest/chartist.min.css","meta":{"rootId":"kiox95ila8jq0dj","id":"kiox95ila8jq0dj"},"id":"1uupcmdbk5wvgkx","previousOperationId":"scdsxxhywtnyrpu"}
{"type":"log","timestamp":1708456497219,"level":"debug","message":"Page request finished: GET (script) 200 https://cdn.jsdelivr.net/chartist.js/latest/chartist.min.js","meta":{"rootId":"kiox95ila8jq0dj","id":"kiox95ila8jq0dj"},"id":"7v0h45kme6mcx31","previousOperationId":"scdsxxhywtnyrpu"}
{"type":"log","timestamp":1708456497229,"level":"debug","message":"Running chrome with params {\"printBackground\":true,\"timeout\":59888,\"margin\":{}}","meta":{"rootId":"kiox95ila8jq0dj","id":"kiox95ila8jq0dj"},"id":"gw739qhb3aoau6g","previousOperationId":"scdsxxhywtnyrpu"}
{"type":"operationEnd","operationId":"scdsxxhywtnyrpu","timestamp":1708456497252,"id":"6yum1pedwjkynwj","previousEventId":"u0p7hv8nj4dfrba","previousOperationId":"scdsxxhywtnyrpu"}
{"type":"log","timestamp":1708456497253,"level":"debug","message":"Skipping storing report.","meta":{"rootId":"kiox95ila8jq0dj","id":"kiox95ila8jq0dj"},"id":"8gtwqfja96rujr8","previousOperationId":"scdsxxhywtnyrpu"}
{"type":"log","timestamp":1708456497253,"level":"info","message":"Rendering request 61 finished in 196 ms","meta":{"rootId":"kiox95ila8jq0dj","id":"kiox95ila8jq0dj"},"id":"37gt1lymca9agol","previousOperationId":"scdsxxhywtnyrpu"}
{"type":"operationEnd","subtype":"render","operationId":"fviuwhbve0iu1f4","timestamp":1708456497253,"id":"kxurybbehpzgwrw","previousEventId":"6yum1pedwjkynwj","previousOperationId":"scdsxxhywtnyrpu"}
{"type":"operationEnd","doDiffs":false,"previousEventId":"bg7525v4rpa1b6f","previousOperationId":"rory8fjt04p8i0s","operationId":"rory8fjt04p8i0s","timestamp":1708456497258,"id":"mxrvjtx6vghuo9n"}
