{"type":"operationStart","subtype":"profile","data":{"_id":"WE8i4XtkAIBCxWi4","timestamp":"2024-02-20T18:07:44.665Z","state":"queued","mode":"standard","creationDate":"2024-02-20T18:07:44.665Z","modificationDate":"2024-02-20T18:07:44.665Z","shortid":"hUbaMsi","$entitySet":"profiles"},"doDiffs":false,"timestamp":1708452464665,"id":"fdecckr60xodxkt","previousOperationId":null,"operationId":"lipduywhxy92meo"}
{"type":"log","level":"info","message":"Render request 8 queued for execution and waiting for available worker","previousOperationId":"lipduywhxy92meo","timestamp":1708452464665,"id":"4c2hxr8cktoo7j1"}
{"type":"operationStart","subtype":"render","name":"TemplateList","previousOperationId":"lipduywhxy92meo","timestamp":1708452464672,"id":"62xwd0a87vy2fws","previousEventId":"fdecckr60xodxkt","operationId":"yi7ohz98v119ct7"}
{"type":"log","timestamp":1708452464672,"level":"info","message":"Starting rendering request 8","meta":{"rootId":"krqjxsyylhg7hnl","id":"krqjxsyylhg7hnl"},"id":"k9miuhavj40xf3l","previousOperationId":"yi7ohz98v119ct7"}
{"type":"log","timestamp":1708452464672,"level":"info","message":"Rendering template { name: TemplateList, recipe: chrome-pdf, engine: handlebars, preview: true }","meta":{"rootId":"krqjxsyylhg7hnl","id":"krqjxsyylhg7hnl"},"id":"c4w91tr9c7d5epr","previousOperationId":"yi7ohz98v119ct7"}
{"type":"log","timestamp":1708452464673,"level":"debug","message":"Data item not defined for this template.","meta":{"rootId":"krqjxsyylhg7hnl","id":"krqjxsyylhg7hnl"},"id":"1m4pfr1ebqmn22z","previousOperationId":"yi7ohz98v119ct7"}
{"type":"log","timestamp":1708452464675,"level":"debug","message":"Executing script list-data (beforeRender)","meta":{"rootId":"krqjxsyylhg7hnl","id":"krqjxsyylhg7hnl"},"id":"0n66anfwx4egtlv","previousOperationId":"yi7ohz98v119ct7"}
{"type":"operationStart","subtype":"scriptsBeforeRender","name":"scripts beforeRender","timestamp":1708452464684,"id":"o1ebv4qhyht7lcb","previousEventId":"62xwd0a87vy2fws","operationId":"35i6q5a85m3xc38","previousOperationId":"yi7ohz98v119ct7"}
{"type":"operationStart","subtype":"script","name":"scripts list-data","previousOperationId":"35i6q5a85m3xc38","timestamp":1708452464684,"id":"3r2kpz2xtjhjvpd","previousEventId":"o1ebv4qhyht7lcb","operationId":"jr0ezrjeshqcluo"}
{"type":"log","timestamp":1708452464684,"level":"debug","message":"(console:error) Error fetching lists: TypeError: Cannot read properties of undefined (reading 'data')\n    at secondRender (sandbox.js:59:13)\n    at Object.beforeRender (sandbox.js:46:3)\n    at executionFn (/home/miguel/workspace/tibuTicket/jsreports/node_modules/@jsreport/jsreport-scripts/lib/executeScript.js:67:35)\n    at sandbox.js:76:18\n    at async run (/home/miguel/workspace/tibuTicket/jsreports/node_modules/@jsreport/jsreport-core/lib/worker/sandbox/createSandbox.js:137:16)\n    at async WorkerReporter.runInSandbox [as _runInSandbox] (/home/miguel/workspace/tibuTicket/jsreports/node_modules/@jsreport/jsreport-core/lib/worker/sandbox/runInSandbox.js:195:14)\n    at async executeScript (/home/miguel/workspace/tibuTicket/jsreports/node_modules/@jsreport/jsreport-scripts/lib/executeScript.js:122:12)\n    at async Scripts._runScript (/home/miguel/workspace/tibuTicket/jsreports/node_modules/@jsreport/jsreport-scripts/lib/worker.js:140:30)\n    at async Scripts.handleBeforeRender (/home/miguel/workspace/tibuTicket/jsreports/node_modules/@jsreport/jsreport-scripts/lib/worker.js:64:7)\n    at async ListenerCollection.fire (/home/miguel/workspace/tibuTicket/jsreports/node_modules/@jsreport/jsreport-core/lib/shared/listenerCollection.js:157:21)","meta":{"userLevel":true,"rootId":"krqjxsyylhg7hnl","id":"krqjxsyylhg7hnl"},"id":"m4uvm0nu8k6lec0","previousOperationId":"jr0ezrjeshqcluo"}
{"type":"operationEnd","operationId":"jr0ezrjeshqcluo","timestamp":1708452464684,"id":"5ab1y3bag00agxq","previousEventId":"62xwd0a87vy2fws","previousOperationId":"yi7ohz98v119ct7"}
{"type":"operationEnd","operationId":"35i6q5a85m3xc38","timestamp":1708452464684,"id":"f1m0noba1abwdab","previousEventId":"5ab1y3bag00agxq","previousOperationId":"yi7ohz98v119ct7"}
{"type":"log","timestamp":1708452464684,"level":"debug","message":"Base url not specified, skipping its injection.","meta":{"rootId":"krqjxsyylhg7hnl","id":"krqjxsyylhg7hnl"},"id":"potmby4wz5vovba","previousOperationId":"35i6q5a85m3xc38"}
{"type":"operationStart","subtype":"engine","name":"handlebars","timestamp":1708452464684,"id":"boz7838w27ggiv1","previousEventId":"f1m0noba1abwdab","operationId":"vjytd0afkez9ppa","previousOperationId":"35i6q5a85m3xc38"}
{"type":"log","timestamp":1708452464684,"level":"debug","message":"Rendering engine handlebars","meta":{"rootId":"krqjxsyylhg7hnl","id":"krqjxsyylhg7hnl"},"id":"5i58i7q13acvwnc","previousOperationId":"vjytd0afkez9ppa"}
{"type":"operationEnd","operationId":"vjytd0afkez9ppa","timestamp":1708452464698,"id":"4aodu9whkl7m14y","previousEventId":"boz7838w27ggiv1","previousOperationId":"vjytd0afkez9ppa"}
{"type":"operationStart","subtype":"recipe","name":"chrome-pdf","timestamp":1708452464699,"id":"gfgxjm34xqtk9gt","previousEventId":"4aodu9whkl7m14y","operationId":"ttktfg9xr671sad","previousOperationId":"vjytd0afkez9ppa"}
{"type":"log","timestamp":1708452464699,"level":"debug","message":"Executing recipe chrome-pdf","meta":{"rootId":"krqjxsyylhg7hnl","id":"krqjxsyylhg7hnl"},"id":"bh4t3wgip2onx15","previousOperationId":"ttktfg9xr671sad"}
{"type":"log","timestamp":1708452464705,"level":"debug","message":"Converting with chrome HeadlessChrome/117.0.5938.149 using chrome-pool strategy","meta":{"rootId":"krqjxsyylhg7hnl","id":"krqjxsyylhg7hnl"},"id":"13inm8ds20y4imq","previousOperationId":"ttktfg9xr671sad"}
{"type":"log","timestamp":1708452464756,"level":"debug","message":"Page request: GET (document) file:///tmp/jsreport/autocleanup/24b22cee-b876-40c1-9263-0d2bcb0d4261-chrome-pdf.html","meta":{"rootId":"krqjxsyylhg7hnl","id":"krqjxsyylhg7hnl"},"id":"o4484ohqumesbce","previousOperationId":"ttktfg9xr671sad"}
{"type":"log","timestamp":1708452464767,"level":"debug","message":"Page request: GET (stylesheet) https://cdn.jsdelivr.net/chartist.js/latest/chartist.min.css","meta":{"rootId":"krqjxsyylhg7hnl","id":"krqjxsyylhg7hnl"},"id":"udyhyt3rxeod58s","previousOperationId":"ttktfg9xr671sad"}
{"type":"log","timestamp":1708452464768,"level":"debug","message":"Page request: GET (script) https://cdn.jsdelivr.net/chartist.js/latest/chartist.min.js","meta":{"rootId":"krqjxsyylhg7hnl","id":"krqjxsyylhg7hnl"},"id":"x22qlyacdq6tbzn","previousOperationId":"ttktfg9xr671sad"}
{"type":"log","timestamp":1708452464768,"level":"debug","message":"Page request: GET (script) https://code.jquery.com/jquery-3.6.0.min.js","meta":{"rootId":"krqjxsyylhg7hnl","id":"krqjxsyylhg7hnl"},"id":"kzv6erala8h0j8p","previousOperationId":"ttktfg9xr671sad"}
{"type":"log","timestamp":1708452464768,"level":"debug","message":"Page request finished: GET (document) 200 file:///tmp/jsreport/autocleanup/24b22cee-b876-40c1-9263-0d2bcb0d4261-chrome-pdf.html","meta":{"rootId":"krqjxsyylhg7hnl","id":"krqjxsyylhg7hnl"},"id":"1l6cxe2bboiih0l","previousOperationId":"ttktfg9xr671sad"}
{"type":"log","timestamp":1708452464770,"level":"debug","message":"Page request finished: GET (stylesheet) 200 https://cdn.jsdelivr.net/chartist.js/latest/chartist.min.css","meta":{"rootId":"krqjxsyylhg7hnl","id":"krqjxsyylhg7hnl"},"id":"sperht8vyh87d1m","previousOperationId":"ttktfg9xr671sad"}
{"type":"log","timestamp":1708452464773,"level":"debug","message":"Page request finished: GET (script) 200 https://cdn.jsdelivr.net/chartist.js/latest/chartist.min.js","meta":{"rootId":"krqjxsyylhg7hnl","id":"krqjxsyylhg7hnl"},"id":"u5fclmu2v461rvq","previousOperationId":"ttktfg9xr671sad"}
{"type":"log","timestamp":1708452464775,"level":"debug","message":"Page request finished: GET (script) 200 https://code.jquery.com/jquery-3.6.0.min.js","meta":{"rootId":"krqjxsyylhg7hnl","id":"krqjxsyylhg7hnl"},"id":"03amu8gqt5y4mb5","previousOperationId":"ttktfg9xr671sad"}
{"type":"log","timestamp":1708452464780,"level":"debug","message":"(console:log) Lists: ","meta":{"userLevel":true,"rootId":"krqjxsyylhg7hnl","id":"krqjxsyylhg7hnl"},"id":"du4j2e6f0ytid9l","previousOperationId":"ttktfg9xr671sad"}
{"type":"log","timestamp":1708452464782,"level":"debug","message":"Running chrome with params {\"printBackground\":true,\"timeout\":59965,\"margin\":{}}","meta":{"rootId":"krqjxsyylhg7hnl","id":"krqjxsyylhg7hnl"},"id":"c5xy81kt90jmgsr","previousOperationId":"ttktfg9xr671sad"}
{"type":"operationEnd","operationId":"ttktfg9xr671sad","timestamp":1708452464793,"id":"rybb7j2ki1623mj","previousEventId":"gfgxjm34xqtk9gt","previousOperationId":"ttktfg9xr671sad"}
{"type":"log","timestamp":1708452464793,"level":"debug","message":"Skipping storing report.","meta":{"rootId":"krqjxsyylhg7hnl","id":"krqjxsyylhg7hnl"},"id":"1619s3npx2kzfxh","previousOperationId":"ttktfg9xr671sad"}
{"type":"log","timestamp":1708452464793,"level":"info","message":"Rendering request 8 finished in 128 ms","meta":{"rootId":"krqjxsyylhg7hnl","id":"krqjxsyylhg7hnl"},"id":"8k2kvtt0tggnr4f","previousOperationId":"ttktfg9xr671sad"}
{"type":"operationEnd","subtype":"render","operationId":"yi7ohz98v119ct7","timestamp":1708452464793,"id":"y0eqpyqnec7fdsa","previousEventId":"rybb7j2ki1623mj","previousOperationId":"ttktfg9xr671sad"}
{"type":"operationEnd","doDiffs":false,"previousEventId":"fdecckr60xodxkt","previousOperationId":"lipduywhxy92meo","operationId":"lipduywhxy92meo","timestamp":1708452464800,"id":"xs07v4lnounno1s"}
