{"type":"operationStart","subtype":"profile","data":{"_id":"N76aohHuoTtCCaC9","timestamp":"2024-02-20T19:12:54.155Z","state":"queued","mode":"standard","creationDate":"2024-02-20T19:12:54.155Z","modificationDate":"2024-02-20T19:12:54.155Z","shortid":"1IyCe7r","$entitySet":"profiles"},"doDiffs":false,"timestamp":1708456374155,"id":"pg4xr5n673dhmwx","previousOperationId":null,"operationId":"sp0ytglq13x69b6"}
{"type":"log","level":"info","message":"Render request 56 queued for execution and waiting for available worker","previousOperationId":"sp0ytglq13x69b6","timestamp":1708456374155,"id":"mzos56ry6siw62i"}
{"type":"operationStart","subtype":"render","name":"TemplateList","previousOperationId":"sp0ytglq13x69b6","timestamp":1708456374160,"id":"h40s5acejby0wex","previousEventId":"pg4xr5n673dhmwx","operationId":"unln047y2y4yr6d"}
{"type":"log","timestamp":1708456374160,"level":"info","message":"Starting rendering request 56","meta":{"rootId":"kzng3pydhx38oen","id":"kzng3pydhx38oen"},"id":"uc5fg04n4wnbtnl","previousOperationId":"unln047y2y4yr6d"}
{"type":"log","timestamp":1708456374161,"level":"info","message":"Rendering template { name: TemplateList, recipe: chrome-pdf, engine: handlebars, preview: true }","meta":{"rootId":"kzng3pydhx38oen","id":"kzng3pydhx38oen"},"id":"4xfwip4ya7r55zv","previousOperationId":"unln047y2y4yr6d"}
{"type":"log","timestamp":1708456374161,"level":"debug","message":"Data item not defined for this template.","meta":{"rootId":"kzng3pydhx38oen","id":"kzng3pydhx38oen"},"id":"ilro1apjus88bdo","previousOperationId":"unln047y2y4yr6d"}
{"type":"log","timestamp":1708456374162,"level":"debug","message":"Executing script list-data (beforeRender)","meta":{"rootId":"kzng3pydhx38oen","id":"kzng3pydhx38oen"},"id":"b59yewu6ff8kw5l","previousOperationId":"unln047y2y4yr6d"}
{"type":"operationStart","subtype":"scriptsBeforeRender","name":"scripts beforeRender","timestamp":1708456374166,"id":"v69t8a58cfn39pk","previousEventId":"h40s5acejby0wex","operationId":"oy2qc9kzx6tdyyd","previousOperationId":"unln047y2y4yr6d"}
{"type":"operationStart","subtype":"script","name":"scripts list-data","previousOperationId":"oy2qc9kzx6tdyyd","timestamp":1708456374166,"id":"6h5i5u0uw22b36c","previousEventId":"v69t8a58cfn39pk","operationId":"nvo1nen3jheicyr"}
{"type":"log","timestamp":1708456374188,"level":"debug","message":"(console:log) [\n  {\n    list_description: {\n      id: 2,\n      list_name: 'sarshisha',\n      list_current_number: 13,\n      list_limit_number: 0\n    },\n    list_image: {\n      url: 'http://localhost:4000/rails/active_storage/blobs/redirect/eyJfcmFpbHMiOnsiZGF0YSI6MywicHVyIjoiYmxvYl9pZCJ9fQ==--07183cfade35ce6ffe715f60749642919ec61f5d/charcuteria.png'\n    }\n  },\n  {\n    list_description: {\n      id: 3,\n      list_name: 'stjsjshtshn',\n      list_current_number: 4,\n      list_limit_number: 0\n    },\n    list_image: {\n      url: 'http://localhost:4000/rails/active_storage/blobs/redirect/eyJfcmFpbHMiOnsiZGF0YSI6NCwicHVyIjoiYmxvYl9pZCJ9fQ==--023aae65cb60b3f6c6d73a9c76e14c0b0df6ad86/dibujoadrian.jpg'\n    }\n  },\n  {\n    list_description: {\n      id: 1,\n      list_name: 'charcuteria',\n      list_current_number: 1,\n      list_limit_number: 0\n    },\n    list_image: {\n      url: 'http://localhost:4000/rails/active_storage/blobs/redirect/eyJfcmFpbHMiOnsiZGF0YSI6MiwicHVyIjoiYmxvYl9pZCJ9fQ==--ee6d56bf52163135b48a4ba2c22b11a93e94d3b3/charcuteria.png'\n    }\n  }\n]","meta":{"userLevel":true,"rootId":"kzng3pydhx38oen","id":"kzng3pydhx38oen"},"id":"lh00eif6n4wb373","previousOperationId":"nvo1nen3jheicyr"}
{"type":"log","timestamp":1708456374196,"level":"debug","message":"(console:log) [\n  {\n    id: 1,\n    nickname: 'a',\n    is_admin: true,\n    suscriptor: null,\n    created_at: '2024-02-20T16:45:37.609Z',\n    updated_at: '2024-02-20T16:45:37.729Z',\n    email: 'a@a.a',\n    jti: '6a2b57ca-af4b-47a0-8285-477cffafa34b'\n  }\n]","meta":{"userLevel":true,"rootId":"kzng3pydhx38oen","id":"kzng3pydhx38oen"},"id":"43c5dt5donjzs8k","previousOperationId":"nvo1nen3jheicyr"}
{"type":"operationEnd","operationId":"nvo1nen3jheicyr","timestamp":1708456374197,"id":"vrk0cqokaqftbtm","previousEventId":"h40s5acejby0wex","previousOperationId":"unln047y2y4yr6d"}
{"type":"operationEnd","operationId":"oy2qc9kzx6tdyyd","timestamp":1708456374197,"id":"9rdqsi3dv3dr5kj","previousEventId":"vrk0cqokaqftbtm","previousOperationId":"unln047y2y4yr6d"}
{"type":"log","timestamp":1708456374197,"level":"debug","message":"Base url not specified, skipping its injection.","meta":{"rootId":"kzng3pydhx38oen","id":"kzng3pydhx38oen"},"id":"1mlk5kzqgl5uy4u","previousOperationId":"oy2qc9kzx6tdyyd"}
{"type":"operationStart","subtype":"engine","name":"handlebars","timestamp":1708456374197,"id":"ra31ffx3lx30w0b","previousEventId":"9rdqsi3dv3dr5kj","operationId":"q2lghuw9lgb6yip","previousOperationId":"oy2qc9kzx6tdyyd"}
{"type":"log","timestamp":1708456374197,"level":"debug","message":"Rendering engine handlebars","meta":{"rootId":"kzng3pydhx38oen","id":"kzng3pydhx38oen"},"id":"tivo9lpbkxyhy1j","previousOperationId":"q2lghuw9lgb6yip"}
{"type":"operationEnd","operationId":"q2lghuw9lgb6yip","timestamp":1708456374207,"id":"e3wnnkej00xkjhz","previousEventId":"ra31ffx3lx30w0b","previousOperationId":"q2lghuw9lgb6yip"}
{"type":"operationStart","subtype":"recipe","name":"chrome-pdf","timestamp":1708456374208,"id":"55qpqv1i4nmrcs2","previousEventId":"e3wnnkej00xkjhz","operationId":"30uf1k2yehzwu79","previousOperationId":"q2lghuw9lgb6yip"}
{"type":"log","timestamp":1708456374208,"level":"debug","message":"Executing recipe chrome-pdf","meta":{"rootId":"kzng3pydhx38oen","id":"kzng3pydhx38oen"},"id":"0p4a48doi83v4ff","previousOperationId":"30uf1k2yehzwu79"}
{"type":"log","timestamp":1708456374209,"level":"debug","message":"Converting with chrome HeadlessChrome/117.0.5938.149 using chrome-pool strategy","meta":{"rootId":"kzng3pydhx38oen","id":"kzng3pydhx38oen"},"id":"hc25r83okx8tygw","previousOperationId":"30uf1k2yehzwu79"}
{"type":"log","timestamp":1708456374242,"level":"debug","message":"Page request: GET (document) file:///tmp/jsreport/autocleanup/0781f5a0-3565-4447-8e5a-878fead58972-chrome-pdf.html","meta":{"rootId":"kzng3pydhx38oen","id":"kzng3pydhx38oen"},"id":"g7v27yhqoa4fhte","previousOperationId":"30uf1k2yehzwu79"}
{"type":"log","timestamp":1708456374249,"level":"debug","message":"Page request: GET (stylesheet) https://cdn.jsdelivr.net/chartist.js/latest/chartist.min.css","meta":{"rootId":"kzng3pydhx38oen","id":"kzng3pydhx38oen"},"id":"6mg54gtel2awt11","previousOperationId":"30uf1k2yehzwu79"}
{"type":"log","timestamp":1708456374249,"level":"debug","message":"Page request: GET (script) https://cdn.jsdelivr.net/chartist.js/latest/chartist.min.js","meta":{"rootId":"kzng3pydhx38oen","id":"kzng3pydhx38oen"},"id":"me5h0crlne2behq","previousOperationId":"30uf1k2yehzwu79"}
{"type":"log","timestamp":1708456374249,"level":"debug","message":"Page request: GET (script) https://code.jquery.com/jquery-3.6.0.min.js","meta":{"rootId":"kzng3pydhx38oen","id":"kzng3pydhx38oen"},"id":"bv7okoxkap0xebf","previousOperationId":"30uf1k2yehzwu79"}
{"type":"log","timestamp":1708456374250,"level":"debug","message":"Page request: GET (script) https://cdn.jsdelivr.net/npm/chart.js","meta":{"rootId":"kzng3pydhx38oen","id":"kzng3pydhx38oen"},"id":"krnsokuy57s4ipt","previousOperationId":"30uf1k2yehzwu79"}
{"type":"log","timestamp":1708456374250,"level":"debug","message":"Page request finished: GET (document) 200 file:///tmp/jsreport/autocleanup/0781f5a0-3565-4447-8e5a-878fead58972-chrome-pdf.html","meta":{"rootId":"kzng3pydhx38oen","id":"kzng3pydhx38oen"},"id":"9gtx4bqotox3t61","previousOperationId":"30uf1k2yehzwu79"}
{"type":"log","timestamp":1708456374252,"level":"debug","message":"Page request finished: GET (stylesheet) 200 https://cdn.jsdelivr.net/chartist.js/latest/chartist.min.css","meta":{"rootId":"kzng3pydhx38oen","id":"kzng3pydhx38oen"},"id":"m3y7ahjz50aqy65","previousOperationId":"30uf1k2yehzwu79"}
{"type":"log","timestamp":1708456374253,"level":"debug","message":"Page request finished: GET (script) 200 https://cdn.jsdelivr.net/chartist.js/latest/chartist.min.js","meta":{"rootId":"kzng3pydhx38oen","id":"kzng3pydhx38oen"},"id":"8i9xq4ulmnmyo30","previousOperationId":"30uf1k2yehzwu79"}
{"type":"log","timestamp":1708456374255,"level":"debug","message":"Page request finished: GET (script) 200 https://code.jquery.com/jquery-3.6.0.min.js","meta":{"rootId":"kzng3pydhx38oen","id":"kzng3pydhx38oen"},"id":"mlv3csxmxfonekl","previousOperationId":"30uf1k2yehzwu79"}
{"type":"log","timestamp":1708456374260,"level":"debug","message":"Page request finished: GET (script) 200 https://cdn.jsdelivr.net/npm/chart.js","meta":{"rootId":"kzng3pydhx38oen","id":"kzng3pydhx38oen"},"id":"hz741ntqfdj92eb","previousOperationId":"30uf1k2yehzwu79"}
{"type":"log","timestamp":1708456374307,"level":"debug","message":"Running chrome with params {\"printBackground\":true,\"timeout\":59947,\"margin\":{}}","meta":{"rootId":"kzng3pydhx38oen","id":"kzng3pydhx38oen"},"id":"452xk1qhsusufu4","previousOperationId":"30uf1k2yehzwu79"}
{"type":"operationEnd","operationId":"30uf1k2yehzwu79","timestamp":1708456374337,"id":"kbdcgrg4cdgiy7e","previousEventId":"55qpqv1i4nmrcs2","previousOperationId":"30uf1k2yehzwu79"}
{"type":"log","timestamp":1708456374337,"level":"debug","message":"Skipping storing report.","meta":{"rootId":"kzng3pydhx38oen","id":"kzng3pydhx38oen"},"id":"pvu6susvkrajcr7","previousOperationId":"30uf1k2yehzwu79"}
{"type":"log","timestamp":1708456374337,"level":"info","message":"Rendering request 56 finished in 182 ms","meta":{"rootId":"kzng3pydhx38oen","id":"kzng3pydhx38oen"},"id":"ntn2s2guir638ep","previousOperationId":"30uf1k2yehzwu79"}
{"type":"operationEnd","subtype":"render","operationId":"unln047y2y4yr6d","timestamp":1708456374337,"id":"wmg7337nhvvnbro","previousEventId":"kbdcgrg4cdgiy7e","previousOperationId":"30uf1k2yehzwu79"}
{"type":"operationEnd","doDiffs":false,"previousEventId":"pg4xr5n673dhmwx","previousOperationId":"sp0ytglq13x69b6","operationId":"sp0ytglq13x69b6","timestamp":1708456374339,"id":"v83mwd07tx0g49c"}
