{"type":"operationStart","subtype":"profile","data":{"_id":"tkPjVhwkSNXmZLge","timestamp":"2024-02-20T17:27:51.965Z","state":"queued","mode":"standard","creationDate":"2024-02-20T17:27:51.966Z","modificationDate":"2024-02-20T17:27:51.966Z","shortid":"UnD0WFK","$entitySet":"profiles"},"doDiffs":false,"timestamp":1708450071965,"id":"2ud2k4mn9f2o5bj","previousOperationId":null,"operationId":"ukccfsj2ixyt0vt"}
{"type":"log","level":"info","message":"Render request 3 queued for execution and waiting for available worker","previousOperationId":"ukccfsj2ixyt0vt","timestamp":1708450071965,"id":"ghbgmc3n2tgjhmh"}
{"type":"operationStart","subtype":"render","name":"TemplateList","previousOperationId":"ukccfsj2ixyt0vt","timestamp":1708450071972,"id":"sh8i6tujae9ghym","previousEventId":"2ud2k4mn9f2o5bj","operationId":"rkf8fwx0vvfcn0n"}
{"type":"log","timestamp":1708450071973,"level":"info","message":"Starting rendering request 3","meta":{"rootId":"l2kl5x3ktir3yc8","id":"l2kl5x3ktir3yc8"},"id":"blye6c55b8bx937","previousOperationId":"rkf8fwx0vvfcn0n"}
{"type":"log","timestamp":1708450071973,"level":"info","message":"Rendering template { name: TemplateList, recipe: chrome-pdf, engine: handlebars, preview: true }","meta":{"rootId":"l2kl5x3ktir3yc8","id":"l2kl5x3ktir3yc8"},"id":"1ba6n0rnett9k94","previousOperationId":"rkf8fwx0vvfcn0n"}
{"type":"log","timestamp":1708450071975,"level":"debug","message":"Data item not defined for this template.","meta":{"rootId":"l2kl5x3ktir3yc8","id":"l2kl5x3ktir3yc8"},"id":"mlat4zltv7etkp3","previousOperationId":"rkf8fwx0vvfcn0n"}
{"type":"log","timestamp":1708450071977,"level":"debug","message":"Executing script list-data (beforeRender)","meta":{"rootId":"l2kl5x3ktir3yc8","id":"l2kl5x3ktir3yc8"},"id":"blfu2zy312vvgml","previousOperationId":"rkf8fwx0vvfcn0n"}
{"type":"operationStart","subtype":"scriptsBeforeRender","name":"scripts beforeRender","timestamp":1708450072123,"id":"4umwjdqsgn4dcf5","previousEventId":"sh8i6tujae9ghym","operationId":"66n6rtrxek19sg1","previousOperationId":"rkf8fwx0vvfcn0n"}
{"type":"operationStart","subtype":"script","name":"scripts list-data","previousOperationId":"66n6rtrxek19sg1","timestamp":1708450072123,"id":"5l8rv632gtsm1b6","previousEventId":"4umwjdqsgn4dcf5","operationId":"bnw12gk86w6tv6r"}
{"type":"operationEnd","operationId":"bnw12gk86w6tv6r","timestamp":1708450072241,"id":"ho2nn2ljmr90ygq","previousEventId":"sh8i6tujae9ghym","previousOperationId":"rkf8fwx0vvfcn0n"}
{"type":"operationEnd","operationId":"66n6rtrxek19sg1","timestamp":1708450072241,"id":"x5pss30s0w65vja","previousEventId":"ho2nn2ljmr90ygq","previousOperationId":"rkf8fwx0vvfcn0n"}
{"type":"log","timestamp":1708450072241,"level":"debug","message":"Base url not specified, skipping its injection.","meta":{"rootId":"l2kl5x3ktir3yc8","id":"l2kl5x3ktir3yc8"},"id":"kxypkhys4qh6awg","previousOperationId":"66n6rtrxek19sg1"}
{"type":"operationStart","subtype":"engine","name":"handlebars","timestamp":1708450072241,"id":"asrhczcocucx0l1","previousEventId":"x5pss30s0w65vja","operationId":"p0xvv7k8wcb7c22","previousOperationId":"66n6rtrxek19sg1"}
{"type":"log","timestamp":1708450072241,"level":"debug","message":"Rendering engine handlebars","meta":{"rootId":"l2kl5x3ktir3yc8","id":"l2kl5x3ktir3yc8"},"id":"841e8nqozbszls3","previousOperationId":"p0xvv7k8wcb7c22"}
{"type":"operationEnd","operationId":"p0xvv7k8wcb7c22","timestamp":1708450072428,"id":"gljq2mgfs7ciyxj","previousEventId":"asrhczcocucx0l1","previousOperationId":"p0xvv7k8wcb7c22"}
{"type":"operationStart","subtype":"recipe","name":"chrome-pdf","timestamp":1708450072429,"id":"8lynizjddpus9ho","previousEventId":"gljq2mgfs7ciyxj","operationId":"2hs691a1lnp4zpc","previousOperationId":"p0xvv7k8wcb7c22"}
{"type":"log","timestamp":1708450072429,"level":"debug","message":"Executing recipe chrome-pdf","meta":{"rootId":"l2kl5x3ktir3yc8","id":"l2kl5x3ktir3yc8"},"id":"z4af46w9xav2mkj","previousOperationId":"2hs691a1lnp4zpc"}
{"type":"log","timestamp":1708450072905,"level":"debug","message":"Converting with chrome HeadlessChrome/117.0.5938.149 using chrome-pool strategy","meta":{"rootId":"l2kl5x3ktir3yc8","id":"l2kl5x3ktir3yc8"},"id":"2cp7zgsmf28a5aq","previousOperationId":"2hs691a1lnp4zpc"}
{"type":"log","timestamp":1708450072997,"level":"debug","message":"Page request: GET (document) file:///tmp/jsreport/autocleanup/f3f02262-835b-4fa3-a139-d8bbcdbfca87-chrome-pdf.html","meta":{"rootId":"l2kl5x3ktir3yc8","id":"l2kl5x3ktir3yc8"},"id":"gc2yelkav505ct9","previousOperationId":"2hs691a1lnp4zpc"}
{"type":"log","timestamp":1708450073005,"level":"debug","message":"Page request: GET (stylesheet) https://cdn.jsdelivr.net/chartist.js/latest/chartist.min.css","meta":{"rootId":"l2kl5x3ktir3yc8","id":"l2kl5x3ktir3yc8"},"id":"7l8fctkf0jull4r","previousOperationId":"2hs691a1lnp4zpc"}
{"type":"log","timestamp":1708450073006,"level":"debug","message":"Page request: GET (script) https://cdn.jsdelivr.net/chartist.js/latest/chartist.min.js","meta":{"rootId":"l2kl5x3ktir3yc8","id":"l2kl5x3ktir3yc8"},"id":"xwzzwz8qck0jt9w","previousOperationId":"2hs691a1lnp4zpc"}
{"type":"log","timestamp":1708450073006,"level":"debug","message":"Page request: GET (script) https://code.jquery.com/jquery-3.6.0.min.js","meta":{"rootId":"l2kl5x3ktir3yc8","id":"l2kl5x3ktir3yc8"},"id":"s4nnuehwtvbwfl9","previousOperationId":"2hs691a1lnp4zpc"}
{"type":"log","timestamp":1708450073006,"level":"debug","message":"Page request finished: GET (document) 200 file:///tmp/jsreport/autocleanup/f3f02262-835b-4fa3-a139-d8bbcdbfca87-chrome-pdf.html","meta":{"rootId":"l2kl5x3ktir3yc8","id":"l2kl5x3ktir3yc8"},"id":"dhwrqsxd4y56uhs","previousOperationId":"2hs691a1lnp4zpc"}
{"type":"log","timestamp":1708450073193,"level":"debug","message":"Page request finished: GET (stylesheet) 200 https://cdn.jsdelivr.net/chartist.js/latest/chartist.min.css","meta":{"rootId":"l2kl5x3ktir3yc8","id":"l2kl5x3ktir3yc8"},"id":"wrafp9kbtomrdgx","previousOperationId":"2hs691a1lnp4zpc"}
{"type":"log","timestamp":1708450073199,"level":"debug","message":"Page request finished: GET (script) 200 https://cdn.jsdelivr.net/chartist.js/latest/chartist.min.js","meta":{"rootId":"l2kl5x3ktir3yc8","id":"l2kl5x3ktir3yc8"},"id":"v0x0dps1r4mwuv5","previousOperationId":"2hs691a1lnp4zpc"}
{"type":"log","timestamp":1708450073204,"level":"debug","message":"Page request finished: GET (script) 200 https://code.jquery.com/jquery-3.6.0.min.js","meta":{"rootId":"l2kl5x3ktir3yc8","id":"l2kl5x3ktir3yc8"},"id":"r47qurbuat86ngj","previousOperationId":"2hs691a1lnp4zpc"}
{"type":"log","timestamp":1708450073214,"level":"warn","message":"Page error: Unexpected identifier 'Object' , stack: SyntaxError: Unexpected identifier 'Object'","meta":{"rootId":"l2kl5x3ktir3yc8","id":"l2kl5x3ktir3yc8"},"id":"fnq4lakfmok1eyf","previousOperationId":"2hs691a1lnp4zpc"}
{"type":"log","timestamp":1708450073222,"level":"debug","message":"Running chrome with params {\"printBackground\":true,\"timeout\":59350,\"margin\":{}}","meta":{"rootId":"l2kl5x3ktir3yc8","id":"l2kl5x3ktir3yc8"},"id":"ky7k8bse6p17ug7","previousOperationId":"2hs691a1lnp4zpc"}
{"type":"operationEnd","operationId":"2hs691a1lnp4zpc","timestamp":1708450073240,"id":"s678b53g8po8him","previousEventId":"8lynizjddpus9ho","previousOperationId":"2hs691a1lnp4zpc"}
{"type":"log","timestamp":1708450073241,"level":"debug","message":"Skipping storing report.","meta":{"rootId":"l2kl5x3ktir3yc8","id":"l2kl5x3ktir3yc8"},"id":"4nkvgkupvv0kewp","previousOperationId":"2hs691a1lnp4zpc"}
{"type":"log","timestamp":1708450073241,"level":"info","message":"Rendering request 3 finished in 1276 ms","meta":{"rootId":"l2kl5x3ktir3yc8","id":"l2kl5x3ktir3yc8"},"id":"o8hasqh4cewrlvw","previousOperationId":"2hs691a1lnp4zpc"}
{"type":"operationEnd","subtype":"render","operationId":"rkf8fwx0vvfcn0n","timestamp":1708450073241,"id":"7v0hnso3dedzbcg","previousEventId":"s678b53g8po8him","previousOperationId":"2hs691a1lnp4zpc"}
{"type":"operationEnd","doDiffs":false,"previousEventId":"2ud2k4mn9f2o5bj","previousOperationId":"ukccfsj2ixyt0vt","operationId":"ukccfsj2ixyt0vt","timestamp":1708450073247,"id":"lp6x59g5930tz0u"}
