{"type":"operationStart","subtype":"profile","data":{"_id":"dFNfFvhFZIaMMbHD","timestamp":"2024-02-20T17:39:55.370Z","state":"queued","mode":"standard","creationDate":"2024-02-20T17:39:55.371Z","modificationDate":"2024-02-20T17:39:55.371Z","shortid":"KboUcvc","$entitySet":"profiles"},"doDiffs":false,"timestamp":1708450795370,"id":"10dw4vpqftcslx9","previousOperationId":null,"operationId":"uycpccbnf7say1r"}
{"type":"log","level":"info","message":"Render request 16 queued for execution and waiting for available worker","previousOperationId":"uycpccbnf7say1r","timestamp":1708450795370,"id":"hfhvndzpa2yhvty"}
{"type":"operationStart","subtype":"render","name":"TemplateList","previousOperationId":"uycpccbnf7say1r","timestamp":1708450795378,"id":"0mx1n7lb3ugcwzk","previousEventId":"10dw4vpqftcslx9","operationId":"dd3yv3jlq1911yw"}
{"type":"log","timestamp":1708450795378,"level":"info","message":"Starting rendering request 16","meta":{"rootId":"l6nfifcgybmdf88","id":"l6nfifcgybmdf88"},"id":"rq4iu60tgr6cxim","previousOperationId":"dd3yv3jlq1911yw"}
{"type":"log","timestamp":1708450795378,"level":"info","message":"Rendering template { name: TemplateList, recipe: chrome-pdf, engine: handlebars, preview: true }","meta":{"rootId":"l6nfifcgybmdf88","id":"l6nfifcgybmdf88"},"id":"iygnk8wdlg4u7vn","previousOperationId":"dd3yv3jlq1911yw"}
{"type":"log","timestamp":1708450795379,"level":"debug","message":"Data item not defined for this template.","meta":{"rootId":"l6nfifcgybmdf88","id":"l6nfifcgybmdf88"},"id":"nhfob4calfv2m9j","previousOperationId":"dd3yv3jlq1911yw"}
{"type":"log","timestamp":1708450795382,"level":"debug","message":"Executing script list-data (beforeRender)","meta":{"rootId":"l6nfifcgybmdf88","id":"l6nfifcgybmdf88"},"id":"er87qm45nzlovg2","previousOperationId":"dd3yv3jlq1911yw"}
{"type":"operationStart","subtype":"scriptsBeforeRender","name":"scripts beforeRender","timestamp":1708450795397,"id":"h4plj2uu63r3cwo","previousEventId":"0mx1n7lb3ugcwzk","operationId":"c1qby5zjdg31bgp","previousOperationId":"dd3yv3jlq1911yw"}
{"type":"operationStart","subtype":"script","name":"scripts list-data","previousOperationId":"c1qby5zjdg31bgp","timestamp":1708450795397,"id":"1d7lfimnxp5vy97","previousEventId":"h4plj2uu63r3cwo","operationId":"7pzdab9cdz83gaa"}
{"type":"log","timestamp":1708450795418,"level":"debug","message":"(console:log) [\n  {\n    list_description: {\n      id: 1,\n      list_name: 'charcuteria',\n      list_current_number: 0,\n      list_limit_number: 0\n    },\n    list_image: {\n      url: 'http://localhost:4000/rails/active_storage/blobs/redirect/eyJfcmFpbHMiOnsiZGF0YSI6MiwicHVyIjoiYmxvYl9pZCJ9fQ==--ee6d56bf52163135b48a4ba2c22b11a93e94d3b3/charcuteria.png'\n    }\n  }\n]","meta":{"userLevel":true,"rootId":"l6nfifcgybmdf88","id":"l6nfifcgybmdf88"},"id":"mf5kj0g6anwym2t","previousOperationId":"7pzdab9cdz83gaa"}
{"type":"operationEnd","operationId":"7pzdab9cdz83gaa","timestamp":1708450795418,"id":"5vgtue19e8lufno","previousEventId":"0mx1n7lb3ugcwzk","previousOperationId":"dd3yv3jlq1911yw"}
{"type":"operationEnd","operationId":"c1qby5zjdg31bgp","timestamp":1708450795418,"id":"a2priko14656f29","previousEventId":"5vgtue19e8lufno","previousOperationId":"dd3yv3jlq1911yw"}
{"type":"log","timestamp":1708450795418,"level":"debug","message":"Base url not specified, skipping its injection.","meta":{"rootId":"l6nfifcgybmdf88","id":"l6nfifcgybmdf88"},"id":"8g6bzjt6af9yxei","previousOperationId":"c1qby5zjdg31bgp"}
{"type":"operationStart","subtype":"engine","name":"handlebars","timestamp":1708450795418,"id":"gax7f68y87niggg","previousEventId":"a2priko14656f29","operationId":"3p7evmna763zh0j","previousOperationId":"c1qby5zjdg31bgp"}
{"type":"log","timestamp":1708450795418,"level":"debug","message":"Rendering engine handlebars","meta":{"rootId":"l6nfifcgybmdf88","id":"l6nfifcgybmdf88"},"id":"dtzbxmvuaais91n","previousOperationId":"3p7evmna763zh0j"}
{"type":"operationEnd","operationId":"3p7evmna763zh0j","timestamp":1708450795432,"id":"chj21via2a29tc1","previousEventId":"gax7f68y87niggg","previousOperationId":"3p7evmna763zh0j"}
{"type":"operationStart","subtype":"recipe","name":"chrome-pdf","timestamp":1708450795432,"id":"br06ehgn1jmqnyu","previousEventId":"chj21via2a29tc1","operationId":"nyxb5zmuzgncfmo","previousOperationId":"3p7evmna763zh0j"}
{"type":"log","timestamp":1708450795432,"level":"debug","message":"Executing recipe chrome-pdf","meta":{"rootId":"l6nfifcgybmdf88","id":"l6nfifcgybmdf88"},"id":"5sppwx2ea4p9cqj","previousOperationId":"nyxb5zmuzgncfmo"}
{"type":"log","timestamp":1708450795434,"level":"debug","message":"Converting with chrome HeadlessChrome/117.0.5938.149 using chrome-pool strategy","meta":{"rootId":"l6nfifcgybmdf88","id":"l6nfifcgybmdf88"},"id":"4e7qi3zznm6jj41","previousOperationId":"nyxb5zmuzgncfmo"}
{"type":"log","timestamp":1708450795473,"level":"debug","message":"Page request: GET (document) file:///tmp/jsreport/autocleanup/f42ce04e-159a-40a8-9326-80486a412132-chrome-pdf.html","meta":{"rootId":"l6nfifcgybmdf88","id":"l6nfifcgybmdf88"},"id":"nvxce7twvxg4rvx","previousOperationId":"nyxb5zmuzgncfmo"}
{"type":"log","timestamp":1708450795483,"level":"debug","message":"Page request: GET (stylesheet) https://cdn.jsdelivr.net/chartist.js/latest/chartist.min.css","meta":{"rootId":"l6nfifcgybmdf88","id":"l6nfifcgybmdf88"},"id":"af2ll92s7miuh6n","previousOperationId":"nyxb5zmuzgncfmo"}
{"type":"log","timestamp":1708450795483,"level":"debug","message":"Page request: GET (script) https://cdn.jsdelivr.net/chartist.js/latest/chartist.min.js","meta":{"rootId":"l6nfifcgybmdf88","id":"l6nfifcgybmdf88"},"id":"ay9b3dfpjzshl53","previousOperationId":"nyxb5zmuzgncfmo"}
{"type":"log","timestamp":1708450795483,"level":"debug","message":"Page request: GET (script) https://code.jquery.com/jquery-3.6.0.min.js","meta":{"rootId":"l6nfifcgybmdf88","id":"l6nfifcgybmdf88"},"id":"23vpztj3uo4tk6i","previousOperationId":"nyxb5zmuzgncfmo"}
{"type":"log","timestamp":1708450795484,"level":"debug","message":"Page request finished: GET (document) 200 file:///tmp/jsreport/autocleanup/f42ce04e-159a-40a8-9326-80486a412132-chrome-pdf.html","meta":{"rootId":"l6nfifcgybmdf88","id":"l6nfifcgybmdf88"},"id":"aeni1kr0m0htvbt","previousOperationId":"nyxb5zmuzgncfmo"}
{"type":"log","timestamp":1708450795485,"level":"debug","message":"Page request finished: GET (stylesheet) 200 https://cdn.jsdelivr.net/chartist.js/latest/chartist.min.css","meta":{"rootId":"l6nfifcgybmdf88","id":"l6nfifcgybmdf88"},"id":"gql3erd7znrygg0","previousOperationId":"nyxb5zmuzgncfmo"}
{"type":"log","timestamp":1708450795487,"level":"debug","message":"Page request finished: GET (script) 200 https://cdn.jsdelivr.net/chartist.js/latest/chartist.min.js","meta":{"rootId":"l6nfifcgybmdf88","id":"l6nfifcgybmdf88"},"id":"g5wo663hz9grw7m","previousOperationId":"nyxb5zmuzgncfmo"}
{"type":"log","timestamp":1708450795488,"level":"debug","message":"Page request finished: GET (script) 200 https://code.jquery.com/jquery-3.6.0.min.js","meta":{"rootId":"l6nfifcgybmdf88","id":"l6nfifcgybmdf88"},"id":"3wva3fvn3t771ct","previousOperationId":"nyxb5zmuzgncfmo"}
{"type":"log","timestamp":1708450795491,"level":"warn","message":"Page error: Unexpected identifier 'Object' , stack: SyntaxError: Unexpected identifier 'Object'","meta":{"rootId":"l6nfifcgybmdf88","id":"l6nfifcgybmdf88"},"id":"o36rb2gjsepidia","previousOperationId":"nyxb5zmuzgncfmo"}
{"type":"log","timestamp":1708450795496,"level":"debug","message":"Running chrome with params {\"printBackground\":true,\"timeout\":59937,\"margin\":{}}","meta":{"rootId":"l6nfifcgybmdf88","id":"l6nfifcgybmdf88"},"id":"t293nacwkci8lis","previousOperationId":"nyxb5zmuzgncfmo"}
{"type":"operationEnd","operationId":"nyxb5zmuzgncfmo","timestamp":1708450795506,"id":"4umvztjiqn3mgbq","previousEventId":"br06ehgn1jmqnyu","previousOperationId":"nyxb5zmuzgncfmo"}
{"type":"log","timestamp":1708450795506,"level":"debug","message":"Skipping storing report.","meta":{"rootId":"l6nfifcgybmdf88","id":"l6nfifcgybmdf88"},"id":"xdk4ke7g7cpkvru","previousOperationId":"nyxb5zmuzgncfmo"}
{"type":"log","timestamp":1708450795506,"level":"info","message":"Rendering request 16 finished in 136 ms","meta":{"rootId":"l6nfifcgybmdf88","id":"l6nfifcgybmdf88"},"id":"sk3vvt92zeop0ro","previousOperationId":"nyxb5zmuzgncfmo"}
{"type":"operationEnd","subtype":"render","operationId":"dd3yv3jlq1911yw","timestamp":1708450795506,"id":"vsrooi2yyacjwqa","previousEventId":"4umvztjiqn3mgbq","previousOperationId":"nyxb5zmuzgncfmo"}
{"type":"operationEnd","doDiffs":false,"previousEventId":"10dw4vpqftcslx9","previousOperationId":"uycpccbnf7say1r","operationId":"uycpccbnf7say1r","timestamp":1708450795512,"id":"ejsl6v3vyxfrnob"}
