{"type":"operationStart","subtype":"profile","data":{"_id":"hOreC5iiPWMVxd5p","timestamp":"2024-02-20T19:26:40.384Z","state":"queued","mode":"standard","creationDate":"2024-02-20T19:26:40.385Z","modificationDate":"2024-02-20T19:26:40.385Z","shortid":"vM_zPWr","$entitySet":"profiles"},"doDiffs":false,"timestamp":1708457200385,"id":"dtb8s1xvi5nqn42","previousOperationId":null,"operationId":"ljarhwpyl4codol"}
{"type":"log","level":"info","message":"Render request 83 queued for execution and waiting for available worker","previousOperationId":"ljarhwpyl4codol","timestamp":1708457200385,"id":"rp5qnq330qyqpii"}
{"type":"operationStart","subtype":"render","name":"TemplateList","previousOperationId":"ljarhwpyl4codol","timestamp":1708457200390,"id":"hfe8gcze3zh2vp7","previousEventId":"dtb8s1xvi5nqn42","operationId":"vrjvh1izyfn1400"}
{"type":"log","timestamp":1708457200390,"level":"info","message":"Starting rendering request 83","meta":{"rootId":"lawvpvap3t7uf1z","id":"lawvpvap3t7uf1z"},"id":"xhk8asqmgi88wqp","previousOperationId":"vrjvh1izyfn1400"}
{"type":"log","timestamp":1708457200390,"level":"info","message":"Rendering template { name: TemplateList, recipe: chrome-pdf, engine: handlebars, preview: true }","meta":{"rootId":"lawvpvap3t7uf1z","id":"lawvpvap3t7uf1z"},"id":"3nihm40h77sxmip","previousOperationId":"vrjvh1izyfn1400"}
{"type":"log","timestamp":1708457200390,"level":"debug","message":"Data item not defined for this template.","meta":{"rootId":"lawvpvap3t7uf1z","id":"lawvpvap3t7uf1z"},"id":"oy0811efx95d6x9","previousOperationId":"vrjvh1izyfn1400"}
{"type":"log","timestamp":1708457200392,"level":"debug","message":"Executing script list-data (beforeRender)","meta":{"rootId":"lawvpvap3t7uf1z","id":"lawvpvap3t7uf1z"},"id":"9ibuskvxfnckf4k","previousOperationId":"vrjvh1izyfn1400"}
{"type":"operationStart","subtype":"scriptsBeforeRender","name":"scripts beforeRender","timestamp":1708457200396,"id":"heazwtfudsteh1g","previousEventId":"hfe8gcze3zh2vp7","operationId":"nnxxob7enrfle0s","previousOperationId":"vrjvh1izyfn1400"}
{"type":"operationStart","subtype":"script","name":"scripts list-data","previousOperationId":"nnxxob7enrfle0s","timestamp":1708457200396,"id":"p1l3fynttfghrsc","previousEventId":"heazwtfudsteh1g","operationId":"xlkkdg8rosbn4yg"}
{"type":"log","timestamp":1708457200415,"level":"debug","message":"(console:log) [\n  {\n    list_description: {\n      id: 2,\n      list_name: 'sarshisha',\n      list_current_number: 13,\n      list_limit_number: 0\n    },\n    list_image: {\n      url: 'http://localhost:4000/rails/active_storage/blobs/redirect/eyJfcmFpbHMiOnsiZGF0YSI6MywicHVyIjoiYmxvYl9pZCJ9fQ==--07183cfade35ce6ffe715f60749642919ec61f5d/charcuteria.png'\n    }\n  },\n  {\n    list_description: {\n      id: 3,\n      list_name: 'stjsjshtshn',\n      list_current_number: 4,\n      list_limit_number: 0\n    },\n    list_image: {\n      url: 'http://localhost:4000/rails/active_storage/blobs/redirect/eyJfcmFpbHMiOnsiZGF0YSI6NCwicHVyIjoiYmxvYl9pZCJ9fQ==--023aae65cb60b3f6c6d73a9c76e14c0b0df6ad86/dibujoadrian.jpg'\n    }\n  },\n  {\n    list_description: {\n      id: 1,\n      list_name: 'charcuteria',\n      list_current_number: 1,\n      list_limit_number: 0\n    },\n    list_image: {\n      url: 'http://localhost:4000/rails/active_storage/blobs/redirect/eyJfcmFpbHMiOnsiZGF0YSI6MiwicHVyIjoiYmxvYl9pZCJ9fQ==--ee6d56bf52163135b48a4ba2c22b11a93e94d3b3/charcuteria.png'\n    }\n  }\n]","meta":{"userLevel":true,"rootId":"lawvpvap3t7uf1z","id":"lawvpvap3t7uf1z"},"id":"u4yiivpr7lmaatk","previousOperationId":"xlkkdg8rosbn4yg"}
{"type":"log","timestamp":1708457200422,"level":"debug","message":"(console:log) [\n  {\n    id: 1,\n    nickname: 'a',\n    is_admin: true,\n    suscriptor: null,\n    created_at: '2024-02-20T16:45:37.609Z',\n    updated_at: '2024-02-20T16:45:37.729Z',\n    email: 'a@a.a',\n    jti: '6a2b57ca-af4b-47a0-8285-477cffafa34b'\n  }\n]","meta":{"userLevel":true,"rootId":"lawvpvap3t7uf1z","id":"lawvpvap3t7uf1z"},"id":"1a36ryjk7eh4tyl","previousOperationId":"xlkkdg8rosbn4yg"}
{"type":"operationEnd","operationId":"xlkkdg8rosbn4yg","timestamp":1708457200422,"id":"djdd896lfg23jc4","previousEventId":"hfe8gcze3zh2vp7","previousOperationId":"vrjvh1izyfn1400"}
{"type":"operationEnd","operationId":"nnxxob7enrfle0s","timestamp":1708457200422,"id":"c2vk3bp16iq9vo7","previousEventId":"djdd896lfg23jc4","previousOperationId":"vrjvh1izyfn1400"}
{"type":"log","timestamp":1708457200423,"level":"debug","message":"Base url not specified, skipping its injection.","meta":{"rootId":"lawvpvap3t7uf1z","id":"lawvpvap3t7uf1z"},"id":"48oqeu6tttie5pp","previousOperationId":"nnxxob7enrfle0s"}
{"type":"operationStart","subtype":"engine","name":"handlebars","timestamp":1708457200423,"id":"8rkqzakr80yud39","previousEventId":"c2vk3bp16iq9vo7","operationId":"wocfpmdlfd13cca","previousOperationId":"nnxxob7enrfle0s"}
{"type":"log","timestamp":1708457200423,"level":"debug","message":"Rendering engine handlebars","meta":{"rootId":"lawvpvap3t7uf1z","id":"lawvpvap3t7uf1z"},"id":"t561x4z3fe44ed5","previousOperationId":"wocfpmdlfd13cca"}
{"type":"operationEnd","operationId":"wocfpmdlfd13cca","timestamp":1708457200431,"id":"7sq1al7l5e1nlwg","previousEventId":"8rkqzakr80yud39","previousOperationId":"wocfpmdlfd13cca"}
{"type":"operationStart","subtype":"recipe","name":"chrome-pdf","timestamp":1708457200431,"id":"4cqhmupm736vscm","previousEventId":"7sq1al7l5e1nlwg","operationId":"2jcqjnx97xmd59g","previousOperationId":"wocfpmdlfd13cca"}
{"type":"log","timestamp":1708457200431,"level":"debug","message":"Executing recipe chrome-pdf","meta":{"rootId":"lawvpvap3t7uf1z","id":"lawvpvap3t7uf1z"},"id":"lcvvt36j8h1qe0t","previousOperationId":"2jcqjnx97xmd59g"}
{"type":"log","timestamp":1708457200433,"level":"debug","message":"Converting with chrome HeadlessChrome/117.0.5938.149 using chrome-pool strategy","meta":{"rootId":"lawvpvap3t7uf1z","id":"lawvpvap3t7uf1z"},"id":"llh81880wjiw3pn","previousOperationId":"2jcqjnx97xmd59g"}
{"type":"log","timestamp":1708457200466,"level":"debug","message":"Page request: GET (document) file:///tmp/jsreport/autocleanup/941daaa8-a612-4048-b962-3e62e5f062f9-chrome-pdf.html","meta":{"rootId":"lawvpvap3t7uf1z","id":"lawvpvap3t7uf1z"},"id":"zw2lctkqpsop827","previousOperationId":"2jcqjnx97xmd59g"}
{"type":"log","timestamp":1708457200477,"level":"debug","message":"Page request: GET (stylesheet) https://cdn.jsdelivr.net/chartist.js/latest/chartist.min.css","meta":{"rootId":"lawvpvap3t7uf1z","id":"lawvpvap3t7uf1z"},"id":"23xvbbjju0ntx2c","previousOperationId":"2jcqjnx97xmd59g"}
{"type":"log","timestamp":1708457200478,"level":"debug","message":"Page request: GET (script) https://cdn.jsdelivr.net/chartist.js/latest/chartist.min.js","meta":{"rootId":"lawvpvap3t7uf1z","id":"lawvpvap3t7uf1z"},"id":"wvvyqxtu6cfsw1n","previousOperationId":"2jcqjnx97xmd59g"}
{"type":"log","timestamp":1708457200478,"level":"debug","message":"Page request finished: GET (document) 200 file:///tmp/jsreport/autocleanup/941daaa8-a612-4048-b962-3e62e5f062f9-chrome-pdf.html","meta":{"rootId":"lawvpvap3t7uf1z","id":"lawvpvap3t7uf1z"},"id":"436tkho6xxkzgue","previousOperationId":"2jcqjnx97xmd59g"}
{"type":"log","timestamp":1708457200480,"level":"debug","message":"Page request finished: GET (stylesheet) 200 https://cdn.jsdelivr.net/chartist.js/latest/chartist.min.css","meta":{"rootId":"lawvpvap3t7uf1z","id":"lawvpvap3t7uf1z"},"id":"mjuw7urpnigvnn3","previousOperationId":"2jcqjnx97xmd59g"}
{"type":"log","timestamp":1708457200481,"level":"debug","message":"Page request finished: GET (script) 200 https://cdn.jsdelivr.net/chartist.js/latest/chartist.min.js","meta":{"rootId":"lawvpvap3t7uf1z","id":"lawvpvap3t7uf1z"},"id":"z17opo1jhtumpmn","previousOperationId":"2jcqjnx97xmd59g"}
{"type":"log","timestamp":1708457200494,"level":"debug","message":"Running chrome with params {\"printBackground\":true,\"timeout\":59952,\"margin\":{}}","meta":{"rootId":"lawvpvap3t7uf1z","id":"lawvpvap3t7uf1z"},"id":"8hfovi9ynm49t8w","previousOperationId":"2jcqjnx97xmd59g"}
{"type":"operationEnd","operationId":"2jcqjnx97xmd59g","timestamp":1708457200511,"id":"r1djr0qmgcx9y45","previousEventId":"4cqhmupm736vscm","previousOperationId":"2jcqjnx97xmd59g"}
{"type":"log","timestamp":1708457200512,"level":"debug","message":"Skipping storing report.","meta":{"rootId":"lawvpvap3t7uf1z","id":"lawvpvap3t7uf1z"},"id":"agrvc9i91ed9dcy","previousOperationId":"2jcqjnx97xmd59g"}
{"type":"log","timestamp":1708457200512,"level":"info","message":"Rendering request 83 finished in 128 ms","meta":{"rootId":"lawvpvap3t7uf1z","id":"lawvpvap3t7uf1z"},"id":"g8gnpvf8kmrshih","previousOperationId":"2jcqjnx97xmd59g"}
{"type":"operationEnd","subtype":"render","operationId":"vrjvh1izyfn1400","timestamp":1708457200512,"id":"9ac13oqs5o7dvzy","previousEventId":"r1djr0qmgcx9y45","previousOperationId":"2jcqjnx97xmd59g"}
{"type":"operationEnd","doDiffs":false,"previousEventId":"dtb8s1xvi5nqn42","previousOperationId":"ljarhwpyl4codol","operationId":"ljarhwpyl4codol","timestamp":1708457200515,"id":"n7imdigzglvtkgy"}
