{"type":"operationStart","subtype":"profile","data":{"_id":"lDWTY4Jtq6DJDWEy","timestamp":"2024-02-20T17:47:48.375Z","state":"queued","mode":"standard","creationDate":"2024-02-20T17:47:48.376Z","modificationDate":"2024-02-20T17:47:48.376Z","shortid":"cm2OQ5r","$entitySet":"profiles"},"doDiffs":false,"timestamp":1708451268375,"id":"5rgy2aui4300v6h","previousOperationId":null,"operationId":"6bqt9ht0w339tqx"}
{"type":"log","level":"info","message":"Render request 2 queued for execution and waiting for available worker","previousOperationId":"6bqt9ht0w339tqx","timestamp":1708451268375,"id":"wsz98aqbzv7crh8"}
{"type":"operationStart","subtype":"render","name":"TemplateList","previousOperationId":"6bqt9ht0w339tqx","timestamp":1708451268381,"id":"g5vww1l5dpwdj8c","previousEventId":"5rgy2aui4300v6h","operationId":"wqzco5scbe7hv81"}
{"type":"log","timestamp":1708451268382,"level":"info","message":"Starting rendering request 2","meta":{"rootId":"lb9o826ub8z0wj5","id":"lb9o826ub8z0wj5"},"id":"kyb6eennyl0jlma","previousOperationId":"wqzco5scbe7hv81"}
{"type":"log","timestamp":1708451268382,"level":"info","message":"Rendering template { name: TemplateList, recipe: chrome-pdf, engine: handlebars, preview: true }","meta":{"rootId":"lb9o826ub8z0wj5","id":"lb9o826ub8z0wj5"},"id":"9xzcv6ej4bxwqwm","previousOperationId":"wqzco5scbe7hv81"}
{"type":"log","timestamp":1708451268383,"level":"debug","message":"Data item not defined for this template.","meta":{"rootId":"lb9o826ub8z0wj5","id":"lb9o826ub8z0wj5"},"id":"sxya99q7c17q0ey","previousOperationId":"wqzco5scbe7hv81"}
{"type":"log","timestamp":1708451268386,"level":"debug","message":"Executing script list-data (beforeRender)","meta":{"rootId":"lb9o826ub8z0wj5","id":"lb9o826ub8z0wj5"},"id":"lqanq6gt2yrg7v3","previousOperationId":"wqzco5scbe7hv81"}
{"type":"operationStart","subtype":"scriptsBeforeRender","name":"scripts beforeRender","timestamp":1708451268524,"id":"4ik0zrdmmcyvldi","previousEventId":"g5vww1l5dpwdj8c","operationId":"vbcfkddvtfum20z","previousOperationId":"wqzco5scbe7hv81"}
{"type":"operationStart","subtype":"script","name":"scripts list-data","previousOperationId":"vbcfkddvtfum20z","timestamp":1708451268524,"id":"0e97qcw43cm3032","previousEventId":"4ik0zrdmmcyvldi","operationId":"d42eumtor1mupci"}
{"type":"log","timestamp":1708451268758,"level":"debug","message":"(console:log) [\n  {\n    list_description: {\n      id: 1,\n      list_name: 'charcuteria',\n      list_current_number: 0,\n      list_limit_number: 0\n    },\n    list_image: {\n      url: 'http://localhost:4000/rails/active_storage/blobs/redirect/eyJfcmFpbHMiOnsiZGF0YSI6MiwicHVyIjoiYmxvYl9pZCJ9fQ==--ee6d56bf52163135b48a4ba2c22b11a93e94d3b3/charcuteria.png'\n    }\n  },\n  {\n    list_description: {\n      id: 2,\n      list_name: 'sarshisha',\n      list_current_number: 0,\n      list_limit_number: 0\n    },\n    list_image: {\n      url: 'http://localhost:4000/rails/active_storage/blobs/redirect/eyJfcmFpbHMiOnsiZGF0YSI6MywicHVyIjoiYmxvYl9pZCJ9fQ==--07183cfade35ce6ffe715f60749642919ec61f5d/charcuteria.png'\n    }\n  },\n  {\n    list_description: {\n      id: 3,\n      list_name: 'stjsjshtshn',\n      list_current_number: 0,\n      list_limit_number: 0\n    },\n    list_image: {\n      url: 'http://localhost:4000/rails/active_storage/blobs/redirect/eyJfcmFpbHMiOnsiZGF0YSI6NCwicHVyIjoiYmxvYl9pZCJ9fQ==--023aae65cb60b3f6c6d73a9c76e14c0b0df6ad86/dibujoadrian.jpg'\n    }\n  }\n]","meta":{"userLevel":true,"rootId":"lb9o826ub8z0wj5","id":"lb9o826ub8z0wj5"},"id":"ere2roa7kdip2k0","previousOperationId":"d42eumtor1mupci"}
{"type":"operationEnd","operationId":"d42eumtor1mupci","timestamp":1708451268759,"id":"8zyl2jeeiwh8m1v","previousEventId":"g5vww1l5dpwdj8c","previousOperationId":"wqzco5scbe7hv81"}
{"type":"operationEnd","operationId":"vbcfkddvtfum20z","timestamp":1708451268759,"id":"01g4sr5nn99n08x","previousEventId":"8zyl2jeeiwh8m1v","previousOperationId":"wqzco5scbe7hv81"}
{"type":"log","timestamp":1708451268759,"level":"debug","message":"Base url not specified, skipping its injection.","meta":{"rootId":"lb9o826ub8z0wj5","id":"lb9o826ub8z0wj5"},"id":"q23nz97iaevhaz5","previousOperationId":"vbcfkddvtfum20z"}
{"type":"operationStart","subtype":"engine","name":"handlebars","timestamp":1708451268760,"id":"5gai8kkmj1es90g","previousEventId":"01g4sr5nn99n08x","operationId":"z44437pelfclcez","previousOperationId":"vbcfkddvtfum20z"}
{"type":"log","timestamp":1708451268760,"level":"debug","message":"Rendering engine handlebars","meta":{"rootId":"lb9o826ub8z0wj5","id":"lb9o826ub8z0wj5"},"id":"elbp0te53qqduon","previousOperationId":"z44437pelfclcez"}
{"type":"operationEnd","operationId":"z44437pelfclcez","timestamp":1708451268952,"id":"kpr536g4fre210u","previousEventId":"5gai8kkmj1es90g","previousOperationId":"z44437pelfclcez"}
{"type":"operationStart","subtype":"recipe","name":"chrome-pdf","timestamp":1708451268952,"id":"8q1hb8v04mvuc3g","previousEventId":"kpr536g4fre210u","operationId":"apmj6454di3zfqb","previousOperationId":"z44437pelfclcez"}
{"type":"log","timestamp":1708451268952,"level":"debug","message":"Executing recipe chrome-pdf","meta":{"rootId":"lb9o826ub8z0wj5","id":"lb9o826ub8z0wj5"},"id":"ijnuuctob7njfpv","previousOperationId":"apmj6454di3zfqb"}
{"type":"log","timestamp":1708451269240,"level":"debug","message":"Converting with chrome HeadlessChrome/117.0.5938.149 using chrome-pool strategy","meta":{"rootId":"lb9o826ub8z0wj5","id":"lb9o826ub8z0wj5"},"id":"xr1slb0hjm40gr9","previousOperationId":"apmj6454di3zfqb"}
{"type":"log","timestamp":1708451269287,"level":"debug","message":"Page request: GET (document) file:///tmp/jsreport/autocleanup/68576de6-9f22-47c9-8833-26ecf0bb8e21-chrome-pdf.html","meta":{"rootId":"lb9o826ub8z0wj5","id":"lb9o826ub8z0wj5"},"id":"q0ghcpj1d9nami1","previousOperationId":"apmj6454di3zfqb"}
{"type":"log","timestamp":1708451269295,"level":"debug","message":"Page request: GET (stylesheet) https://cdn.jsdelivr.net/chartist.js/latest/chartist.min.css","meta":{"rootId":"lb9o826ub8z0wj5","id":"lb9o826ub8z0wj5"},"id":"bqsdu0a58dpxg4f","previousOperationId":"apmj6454di3zfqb"}
{"type":"log","timestamp":1708451269295,"level":"debug","message":"Page request: GET (script) https://cdn.jsdelivr.net/chartist.js/latest/chartist.min.js","meta":{"rootId":"lb9o826ub8z0wj5","id":"lb9o826ub8z0wj5"},"id":"adr1gdg4q6m6n73","previousOperationId":"apmj6454di3zfqb"}
{"type":"log","timestamp":1708451269295,"level":"debug","message":"Page request: GET (script) https://code.jquery.com/jquery-3.6.0.min.js","meta":{"rootId":"lb9o826ub8z0wj5","id":"lb9o826ub8z0wj5"},"id":"j853czolahuqbxc","previousOperationId":"apmj6454di3zfqb"}
{"type":"log","timestamp":1708451269296,"level":"debug","message":"Page request finished: GET (document) 200 file:///tmp/jsreport/autocleanup/68576de6-9f22-47c9-8833-26ecf0bb8e21-chrome-pdf.html","meta":{"rootId":"lb9o826ub8z0wj5","id":"lb9o826ub8z0wj5"},"id":"torebwgmmcfkfk8","previousOperationId":"apmj6454di3zfqb"}
{"type":"log","timestamp":1708451269474,"level":"debug","message":"Page request finished: GET (script) 200 https://code.jquery.com/jquery-3.6.0.min.js","meta":{"rootId":"lb9o826ub8z0wj5","id":"lb9o826ub8z0wj5"},"id":"uhz7e0e9me1jc8d","previousOperationId":"apmj6454di3zfqb"}
{"type":"log","timestamp":1708451269479,"level":"debug","message":"Page request finished: GET (stylesheet) 200 https://cdn.jsdelivr.net/chartist.js/latest/chartist.min.css","meta":{"rootId":"lb9o826ub8z0wj5","id":"lb9o826ub8z0wj5"},"id":"y4hrc2sbbup6zwg","previousOperationId":"apmj6454di3zfqb"}
{"type":"log","timestamp":1708451269483,"level":"debug","message":"Page request finished: GET (script) 200 https://cdn.jsdelivr.net/chartist.js/latest/chartist.min.js","meta":{"rootId":"lb9o826ub8z0wj5","id":"lb9o826ub8z0wj5"},"id":"2yrkq28fdd179xo","previousOperationId":"apmj6454di3zfqb"}
{"type":"log","timestamp":1708451269490,"level":"warn","message":"Page error: Unexpected identifier 'Object' , stack: SyntaxError: Unexpected identifier 'Object'","meta":{"rootId":"lb9o826ub8z0wj5","id":"lb9o826ub8z0wj5"},"id":"a3t1b47b3ynnxjj","previousOperationId":"apmj6454di3zfqb"}
{"type":"log","timestamp":1708451269496,"level":"debug","message":"Running chrome with params {\"printBackground\":true,\"timeout\":59262,\"margin\":{}}","meta":{"rootId":"lb9o826ub8z0wj5","id":"lb9o826ub8z0wj5"},"id":"9yfecw73l27hcoy","previousOperationId":"apmj6454di3zfqb"}
{"type":"operationEnd","operationId":"apmj6454di3zfqb","timestamp":1708451269507,"id":"nm4eztw4fhp33ng","previousEventId":"8q1hb8v04mvuc3g","previousOperationId":"apmj6454di3zfqb"}
{"type":"log","timestamp":1708451269507,"level":"debug","message":"Skipping storing report.","meta":{"rootId":"lb9o826ub8z0wj5","id":"lb9o826ub8z0wj5"},"id":"mvtz5wovnflzyio","previousOperationId":"apmj6454di3zfqb"}
{"type":"log","timestamp":1708451269508,"level":"info","message":"Rendering request 2 finished in 1133 ms","meta":{"rootId":"lb9o826ub8z0wj5","id":"lb9o826ub8z0wj5"},"id":"ezmejmm50gox72k","previousOperationId":"apmj6454di3zfqb"}
{"type":"operationEnd","subtype":"render","operationId":"wqzco5scbe7hv81","timestamp":1708451269508,"id":"ums2277yv8t0d4a","previousEventId":"nm4eztw4fhp33ng","previousOperationId":"apmj6454di3zfqb"}
{"type":"operationEnd","doDiffs":false,"previousEventId":"5rgy2aui4300v6h","previousOperationId":"6bqt9ht0w339tqx","operationId":"6bqt9ht0w339tqx","timestamp":1708451269515,"id":"nscbartefwaqn73"}
