{"type":"operationStart","subtype":"profile","data":{"_id":"1R9uJ1VVclJouLNN","timestamp":"2024-02-20T17:38:02.685Z","state":"queued","mode":"standard","creationDate":"2024-02-20T17:38:02.686Z","modificationDate":"2024-02-20T17:38:02.686Z","shortid":"txM1uoQ","$entitySet":"profiles"},"doDiffs":false,"timestamp":1708450682685,"id":"elizt9mdka59fo3","previousOperationId":null,"operationId":"fm7c2426oh2os54"}
{"type":"log","level":"info","message":"Render request 13 queued for execution and waiting for available worker","previousOperationId":"fm7c2426oh2os54","timestamp":1708450682685,"id":"yhmxpuhi6rrbki7"}
{"type":"operationStart","subtype":"render","name":"TemplateList","previousOperationId":"fm7c2426oh2os54","timestamp":1708450682690,"id":"zmtyd4gtb2amvaf","previousEventId":"elizt9mdka59fo3","operationId":"ijcku7dag1983vj"}
{"type":"log","timestamp":1708450682690,"level":"info","message":"Starting rendering request 13","meta":{"rootId":"lesw7aycdyiu0ek","id":"lesw7aycdyiu0ek"},"id":"xd8bly4wzlb8gol","previousOperationId":"ijcku7dag1983vj"}
{"type":"log","timestamp":1708450682690,"level":"info","message":"Rendering template { name: TemplateList, recipe: chrome-pdf, engine: handlebars, preview: true }","meta":{"rootId":"lesw7aycdyiu0ek","id":"lesw7aycdyiu0ek"},"id":"fp74oj17zqrvqtq","previousOperationId":"ijcku7dag1983vj"}
{"type":"log","timestamp":1708450682691,"level":"debug","message":"Data item not defined for this template.","meta":{"rootId":"lesw7aycdyiu0ek","id":"lesw7aycdyiu0ek"},"id":"5jnrtxahoaqpebo","previousOperationId":"ijcku7dag1983vj"}
{"type":"log","timestamp":1708450682693,"level":"debug","message":"Executing script list-data (beforeRender)","meta":{"rootId":"lesw7aycdyiu0ek","id":"lesw7aycdyiu0ek"},"id":"1zx4iifbk3p70dp","previousOperationId":"ijcku7dag1983vj"}
{"type":"operationStart","subtype":"scriptsBeforeRender","name":"scripts beforeRender","timestamp":1708450682702,"id":"dyqj99f9is26e3p","previousEventId":"zmtyd4gtb2amvaf","operationId":"dhn3g4cd4h8jxb6","previousOperationId":"ijcku7dag1983vj"}
{"type":"operationStart","subtype":"script","name":"scripts list-data","previousOperationId":"dhn3g4cd4h8jxb6","timestamp":1708450682702,"id":"igtm6rx3klv1808","previousEventId":"dyqj99f9is26e3p","operationId":"kb8cn1ej672hk7b"}
{"type":"log","timestamp":1708450682721,"level":"debug","message":"(console:log) [\n  {\n    list_description: {\n      id: 1,\n      list_name: 'charcuteria',\n      list_current_number: 0,\n      list_limit_number: 0\n    },\n    list_image: {\n      url: 'http://localhost:4000/rails/active_storage/blobs/redirect/eyJfcmFpbHMiOnsiZGF0YSI6MiwicHVyIjoiYmxvYl9pZCJ9fQ==--ee6d56bf52163135b48a4ba2c22b11a93e94d3b3/charcuteria.png'\n    }\n  }\n]","meta":{"userLevel":true,"rootId":"lesw7aycdyiu0ek","id":"lesw7aycdyiu0ek"},"id":"uv3vggmom69rk4e","previousOperationId":"kb8cn1ej672hk7b"}
{"type":"operationEnd","operationId":"kb8cn1ej672hk7b","timestamp":1708450682722,"id":"1w10kigrvkmch9i","previousEventId":"zmtyd4gtb2amvaf","previousOperationId":"ijcku7dag1983vj"}
{"type":"operationEnd","operationId":"dhn3g4cd4h8jxb6","timestamp":1708450682722,"id":"zqzpme4hopb82fu","previousEventId":"1w10kigrvkmch9i","previousOperationId":"ijcku7dag1983vj"}
{"type":"log","timestamp":1708450682722,"level":"debug","message":"Base url not specified, skipping its injection.","meta":{"rootId":"lesw7aycdyiu0ek","id":"lesw7aycdyiu0ek"},"id":"3uh7y1frlqzqrwq","previousOperationId":"dhn3g4cd4h8jxb6"}
{"type":"operationStart","subtype":"engine","name":"handlebars","timestamp":1708450682722,"id":"nke4ss62dbd1y1d","previousEventId":"zqzpme4hopb82fu","operationId":"nr57jv9bdf86m6d","previousOperationId":"dhn3g4cd4h8jxb6"}
{"type":"log","timestamp":1708450682722,"level":"debug","message":"Rendering engine handlebars","meta":{"rootId":"lesw7aycdyiu0ek","id":"lesw7aycdyiu0ek"},"id":"ja8szhhp5n9jwc3","previousOperationId":"nr57jv9bdf86m6d"}
{"type":"operationEnd","operationId":"nr57jv9bdf86m6d","timestamp":1708450682730,"id":"ckg69yij2tv94zi","previousEventId":"nke4ss62dbd1y1d","previousOperationId":"nr57jv9bdf86m6d"}
{"type":"operationStart","subtype":"recipe","name":"chrome-pdf","timestamp":1708450682730,"id":"t87z9skwuyzvm8g","previousEventId":"ckg69yij2tv94zi","operationId":"r5vsxnmonexvo2k","previousOperationId":"nr57jv9bdf86m6d"}
{"type":"log","timestamp":1708450682730,"level":"debug","message":"Executing recipe chrome-pdf","meta":{"rootId":"lesw7aycdyiu0ek","id":"lesw7aycdyiu0ek"},"id":"wf7mh4csbm6xhvd","previousOperationId":"r5vsxnmonexvo2k"}
{"type":"log","timestamp":1708450682732,"level":"debug","message":"Converting with chrome HeadlessChrome/117.0.5938.149 using chrome-pool strategy","meta":{"rootId":"lesw7aycdyiu0ek","id":"lesw7aycdyiu0ek"},"id":"rsor8pemqhwhcr0","previousOperationId":"r5vsxnmonexvo2k"}
{"type":"log","timestamp":1708450682766,"level":"debug","message":"Page request: GET (document) file:///tmp/jsreport/autocleanup/5cfe9fc1-8515-424b-83da-8f715b262ce3-chrome-pdf.html","meta":{"rootId":"lesw7aycdyiu0ek","id":"lesw7aycdyiu0ek"},"id":"4bnqt2avexqj7tw","previousOperationId":"r5vsxnmonexvo2k"}
{"type":"log","timestamp":1708450682775,"level":"debug","message":"Page request: GET (stylesheet) https://cdn.jsdelivr.net/chartist.js/latest/chartist.min.css","meta":{"rootId":"lesw7aycdyiu0ek","id":"lesw7aycdyiu0ek"},"id":"ho1380duen3cyko","previousOperationId":"r5vsxnmonexvo2k"}
{"type":"log","timestamp":1708450682776,"level":"debug","message":"Page request: GET (script) https://cdn.jsdelivr.net/chartist.js/latest/chartist.min.js","meta":{"rootId":"lesw7aycdyiu0ek","id":"lesw7aycdyiu0ek"},"id":"3thgkqz2fe1v1w5","previousOperationId":"r5vsxnmonexvo2k"}
{"type":"log","timestamp":1708450682776,"level":"debug","message":"Page request: GET (script) https://code.jquery.com/jquery-3.6.0.min.js","meta":{"rootId":"lesw7aycdyiu0ek","id":"lesw7aycdyiu0ek"},"id":"m48pi81lnp3dxvz","previousOperationId":"r5vsxnmonexvo2k"}
{"type":"log","timestamp":1708450682776,"level":"debug","message":"Page request finished: GET (document) 200 file:///tmp/jsreport/autocleanup/5cfe9fc1-8515-424b-83da-8f715b262ce3-chrome-pdf.html","meta":{"rootId":"lesw7aycdyiu0ek","id":"lesw7aycdyiu0ek"},"id":"9xu5x8kb60it33z","previousOperationId":"r5vsxnmonexvo2k"}
{"type":"log","timestamp":1708450682777,"level":"debug","message":"Page request finished: GET (stylesheet) 200 https://cdn.jsdelivr.net/chartist.js/latest/chartist.min.css","meta":{"rootId":"lesw7aycdyiu0ek","id":"lesw7aycdyiu0ek"},"id":"4s7s2jev7x5sfoi","previousOperationId":"r5vsxnmonexvo2k"}
{"type":"log","timestamp":1708450682778,"level":"debug","message":"Page request finished: GET (script) 200 https://cdn.jsdelivr.net/chartist.js/latest/chartist.min.js","meta":{"rootId":"lesw7aycdyiu0ek","id":"lesw7aycdyiu0ek"},"id":"4sqvklwsiera3eu","previousOperationId":"r5vsxnmonexvo2k"}
{"type":"log","timestamp":1708450682780,"level":"debug","message":"Page request finished: GET (script) 200 https://code.jquery.com/jquery-3.6.0.min.js","meta":{"rootId":"lesw7aycdyiu0ek","id":"lesw7aycdyiu0ek"},"id":"d5okec3pyfapvb0","previousOperationId":"r5vsxnmonexvo2k"}
{"type":"log","timestamp":1708450682784,"level":"warn","message":"Page error: Unexpected identifier 'Object' , stack: SyntaxError: Unexpected identifier 'Object'","meta":{"rootId":"lesw7aycdyiu0ek","id":"lesw7aycdyiu0ek"},"id":"dv9o7lj12c158wa","previousOperationId":"r5vsxnmonexvo2k"}
{"type":"log","timestamp":1708450682787,"level":"debug","message":"Running chrome with params {\"printBackground\":true,\"timeout\":59954,\"margin\":{}}","meta":{"rootId":"lesw7aycdyiu0ek","id":"lesw7aycdyiu0ek"},"id":"zt8uvsjhtpp3vav","previousOperationId":"r5vsxnmonexvo2k"}
{"type":"operationEnd","operationId":"r5vsxnmonexvo2k","timestamp":1708450682795,"id":"p9r5v3d7hhpx8o9","previousEventId":"t87z9skwuyzvm8g","previousOperationId":"r5vsxnmonexvo2k"}
{"type":"log","timestamp":1708450682795,"level":"debug","message":"Skipping storing report.","meta":{"rootId":"lesw7aycdyiu0ek","id":"lesw7aycdyiu0ek"},"id":"7zc7bc7jryjrflb","previousOperationId":"r5vsxnmonexvo2k"}
{"type":"log","timestamp":1708450682795,"level":"info","message":"Rendering request 13 finished in 110 ms","meta":{"rootId":"lesw7aycdyiu0ek","id":"lesw7aycdyiu0ek"},"id":"4327p0tv406rasu","previousOperationId":"r5vsxnmonexvo2k"}
{"type":"operationEnd","subtype":"render","operationId":"ijcku7dag1983vj","timestamp":1708450682795,"id":"b6ekzkdas4wtjyi","previousEventId":"p9r5v3d7hhpx8o9","previousOperationId":"r5vsxnmonexvo2k"}
{"type":"operationEnd","doDiffs":false,"previousEventId":"elizt9mdka59fo3","previousOperationId":"fm7c2426oh2os54","operationId":"fm7c2426oh2os54","timestamp":1708450682803,"id":"jsjlvcokmahji05"}
