{"type":"operationStart","subtype":"profile","data":{"_id":"7DAKKwRKzsO04MIX","timestamp":"2024-02-20T17:17:36.914Z","state":"queued","mode":"standard","creationDate":"2024-02-20T17:17:36.915Z","modificationDate":"2024-02-20T17:17:36.915Z","shortid":"0WNbpm0","$entitySet":"profiles"},"doDiffs":false,"timestamp":1708449456915,"id":"pyn70yxsvqt6wok","previousOperationId":null,"operationId":"o3hp3y2j3nb08fk"}
{"type":"log","level":"info","message":"Render request 47 queued for execution and waiting for available worker","previousOperationId":"o3hp3y2j3nb08fk","timestamp":1708449456915,"id":"2uxiqv3s2078j2s"}
{"type":"operationStart","subtype":"render","name":"TemplateList","previousOperationId":"o3hp3y2j3nb08fk","timestamp":1708449456919,"id":"6y7wbre5v39zl2t","previousEventId":"pyn70yxsvqt6wok","operationId":"71mlwyboqacwgzi"}
{"type":"log","timestamp":1708449456919,"level":"info","message":"Starting rendering request 47","meta":{"rootId":"lvd2cjvwznm4jgl","id":"lvd2cjvwznm4jgl"},"id":"pocizzbh8lqf605","previousOperationId":"71mlwyboqacwgzi"}
{"type":"log","timestamp":1708449456920,"level":"info","message":"Rendering template { name: TemplateList, recipe: chrome-pdf, engine: handlebars, preview: true }","meta":{"rootId":"lvd2cjvwznm4jgl","id":"lvd2cjvwznm4jgl"},"id":"csjx048wzblie3s","previousOperationId":"71mlwyboqacwgzi"}
{"type":"log","timestamp":1708449456920,"level":"debug","message":"Data item not defined for this template.","meta":{"rootId":"lvd2cjvwznm4jgl","id":"lvd2cjvwznm4jgl"},"id":"1vfeu00y1jjoycf","previousOperationId":"71mlwyboqacwgzi"}
{"type":"log","timestamp":1708449456921,"level":"debug","message":"Base url not specified, skipping its injection.","meta":{"rootId":"lvd2cjvwznm4jgl","id":"lvd2cjvwznm4jgl"},"id":"iiyddpxap66mgdz","previousOperationId":"71mlwyboqacwgzi"}
{"type":"operationStart","subtype":"engine","name":"handlebars","timestamp":1708449456922,"id":"34ewc2q5gpfn5of","previousEventId":"6y7wbre5v39zl2t","operationId":"z2fdg9p9vakr9ee","previousOperationId":"71mlwyboqacwgzi"}
{"type":"log","timestamp":1708449456922,"level":"debug","message":"Rendering engine handlebars","meta":{"rootId":"lvd2cjvwznm4jgl","id":"lvd2cjvwznm4jgl"},"id":"41u41qrg6vkklc8","previousOperationId":"z2fdg9p9vakr9ee"}
{"type":"operationEnd","operationId":"z2fdg9p9vakr9ee","timestamp":1708449456931,"id":"13twd9vc9tbjupq","previousEventId":"34ewc2q5gpfn5of","previousOperationId":"z2fdg9p9vakr9ee"}
{"type":"operationStart","subtype":"recipe","name":"chrome-pdf","timestamp":1708449456931,"id":"6omdr0k4loghkrf","previousEventId":"13twd9vc9tbjupq","operationId":"wnt33xhujtfpgg9","previousOperationId":"z2fdg9p9vakr9ee"}
{"type":"log","timestamp":1708449456931,"level":"debug","message":"Executing recipe chrome-pdf","meta":{"rootId":"lvd2cjvwznm4jgl","id":"lvd2cjvwznm4jgl"},"id":"4yszj6jt8dpkfvp","previousOperationId":"wnt33xhujtfpgg9"}
{"type":"log","timestamp":1708449456932,"level":"debug","message":"Converting with chrome HeadlessChrome/117.0.5938.149 using chrome-pool strategy","meta":{"rootId":"lvd2cjvwznm4jgl","id":"lvd2cjvwznm4jgl"},"id":"t8v3tjyw4km7gsr","previousOperationId":"wnt33xhujtfpgg9"}
{"type":"log","timestamp":1708449456967,"level":"debug","message":"Page request: GET (document) file:///tmp/jsreport/autocleanup/f66373bc-ffbf-4deb-83bd-d69c2c69d89a-chrome-pdf.html","meta":{"rootId":"lvd2cjvwznm4jgl","id":"lvd2cjvwznm4jgl"},"id":"2rjv73kfqj1q9p6","previousOperationId":"wnt33xhujtfpgg9"}
{"type":"log","timestamp":1708449456975,"level":"debug","message":"Page request: GET (stylesheet) https://cdn.jsdelivr.net/chartist.js/latest/chartist.min.css","meta":{"rootId":"lvd2cjvwznm4jgl","id":"lvd2cjvwznm4jgl"},"id":"np7pjqtk6vas56k","previousOperationId":"wnt33xhujtfpgg9"}
{"type":"log","timestamp":1708449456976,"level":"debug","message":"Page request: GET (script) https://cdn.jsdelivr.net/chartist.js/latest/chartist.min.js","meta":{"rootId":"lvd2cjvwznm4jgl","id":"lvd2cjvwznm4jgl"},"id":"adhztvmgnsz7ab3","previousOperationId":"wnt33xhujtfpgg9"}
{"type":"log","timestamp":1708449456976,"level":"debug","message":"Page request: GET (script) https://code.jquery.com/jquery-3.6.0.min.js","meta":{"rootId":"lvd2cjvwznm4jgl","id":"lvd2cjvwznm4jgl"},"id":"gxr32v0ga3uurjs","previousOperationId":"wnt33xhujtfpgg9"}
{"type":"log","timestamp":1708449456976,"level":"debug","message":"Page request finished: GET (document) 200 file:///tmp/jsreport/autocleanup/f66373bc-ffbf-4deb-83bd-d69c2c69d89a-chrome-pdf.html","meta":{"rootId":"lvd2cjvwznm4jgl","id":"lvd2cjvwznm4jgl"},"id":"as18e46moq3mio0","previousOperationId":"wnt33xhujtfpgg9"}
{"type":"log","timestamp":1708449456978,"level":"debug","message":"Page request finished: GET (stylesheet) 200 https://cdn.jsdelivr.net/chartist.js/latest/chartist.min.css","meta":{"rootId":"lvd2cjvwznm4jgl","id":"lvd2cjvwznm4jgl"},"id":"vofm88gokzlvvk5","previousOperationId":"wnt33xhujtfpgg9"}
{"type":"log","timestamp":1708449456981,"level":"debug","message":"Page request finished: GET (script) 200 https://cdn.jsdelivr.net/chartist.js/latest/chartist.min.js","meta":{"rootId":"lvd2cjvwznm4jgl","id":"lvd2cjvwznm4jgl"},"id":"0xwkispqz1a09wu","previousOperationId":"wnt33xhujtfpgg9"}
{"type":"log","timestamp":1708449456982,"level":"debug","message":"Page request finished: GET (script) 200 https://code.jquery.com/jquery-3.6.0.min.js","meta":{"rootId":"lvd2cjvwznm4jgl","id":"lvd2cjvwznm4jgl"},"id":"mnomgujx39m6hzc","previousOperationId":"wnt33xhujtfpgg9"}
{"type":"log","timestamp":1708449456987,"level":"debug","message":"(console:log) Lists: ","meta":{"userLevel":true,"rootId":"lvd2cjvwznm4jgl","id":"lvd2cjvwznm4jgl"},"id":"4k2zmhp1llv0t92","previousOperationId":"wnt33xhujtfpgg9"}
{"type":"log","timestamp":1708449456990,"level":"debug","message":"Running chrome with params {\"printBackground\":true,\"timeout\":59982,\"margin\":{}}","meta":{"rootId":"lvd2cjvwznm4jgl","id":"lvd2cjvwznm4jgl"},"id":"n3a2fcvnimjlwvg","previousOperationId":"wnt33xhujtfpgg9"}
{"type":"operationEnd","operationId":"wnt33xhujtfpgg9","timestamp":1708449456999,"id":"y82rqa6q45j0nlo","previousEventId":"6omdr0k4loghkrf","previousOperationId":"wnt33xhujtfpgg9"}
{"type":"log","timestamp":1708449456999,"level":"debug","message":"Skipping storing report.","meta":{"rootId":"lvd2cjvwznm4jgl","id":"lvd2cjvwznm4jgl"},"id":"4xo9icly1uikekc","previousOperationId":"wnt33xhujtfpgg9"}
{"type":"log","timestamp":1708449456999,"level":"info","message":"Rendering request 47 finished in 85 ms","meta":{"rootId":"lvd2cjvwznm4jgl","id":"lvd2cjvwznm4jgl"},"id":"dkwtrej1r3m1rqg","previousOperationId":"wnt33xhujtfpgg9"}
{"type":"operationEnd","subtype":"render","operationId":"71mlwyboqacwgzi","timestamp":1708449456999,"id":"4rpt9js9gtecbg6","previousEventId":"y82rqa6q45j0nlo","previousOperationId":"wnt33xhujtfpgg9"}
{"type":"operationEnd","doDiffs":false,"previousEventId":"pyn70yxsvqt6wok","previousOperationId":"o3hp3y2j3nb08fk","operationId":"o3hp3y2j3nb08fk","timestamp":1708449457007,"id":"rxoiav1u3cy6wh5"}
