{"type":"operationStart","subtype":"profile","data":{"_id":"iklbZFsQZe5bn55I","timestamp":"2024-02-20T17:51:20.014Z","state":"queued","mode":"standard","creationDate":"2024-02-20T17:51:20.015Z","modificationDate":"2024-02-20T17:51:20.015Z","shortid":"0_63cIt","$entitySet":"profiles"},"doDiffs":false,"timestamp":1708451480015,"id":"32ncq9mg4ys3ige","previousOperationId":null,"operationId":"s7vn6j4nshn18og"}
{"type":"log","level":"info","message":"Render request 3 queued for execution and waiting for available worker","previousOperationId":"s7vn6j4nshn18og","timestamp":1708451480015,"id":"irr33ctbulsahtn"}
{"type":"operationStart","subtype":"render","name":"TemplateList","previousOperationId":"s7vn6j4nshn18og","timestamp":1708451480022,"id":"uf9gancsvy02lcb","previousEventId":"32ncq9mg4ys3ige","operationId":"manqg42zlwwcx5y"}
{"type":"log","timestamp":1708451480023,"level":"info","message":"Starting rendering request 3","meta":{"rootId":"m7yiihj14tktysd","id":"m7yiihj14tktysd"},"id":"wwc7oj4hukl5ngi","previousOperationId":"manqg42zlwwcx5y"}
{"type":"log","timestamp":1708451480023,"level":"info","message":"Rendering template { name: TemplateList, recipe: chrome-pdf, engine: handlebars, preview: true }","meta":{"rootId":"m7yiihj14tktysd","id":"m7yiihj14tktysd"},"id":"nnz4g03ke9nnrhq","previousOperationId":"manqg42zlwwcx5y"}
{"type":"log","timestamp":1708451480023,"level":"debug","message":"Data item not defined for this template.","meta":{"rootId":"m7yiihj14tktysd","id":"m7yiihj14tktysd"},"id":"ujm4rq5jhr5yvwy","previousOperationId":"manqg42zlwwcx5y"}
{"type":"log","timestamp":1708451480025,"level":"debug","message":"Executing script list-data (beforeRender)","meta":{"rootId":"m7yiihj14tktysd","id":"m7yiihj14tktysd"},"id":"ldgfxsij7ycxssb","previousOperationId":"manqg42zlwwcx5y"}
{"type":"operationStart","subtype":"scriptsBeforeRender","name":"scripts beforeRender","timestamp":1708451480040,"id":"exievrf2gulkjba","previousEventId":"uf9gancsvy02lcb","operationId":"gnqcz23jotqucge","previousOperationId":"manqg42zlwwcx5y"}
{"type":"operationStart","subtype":"script","name":"scripts list-data","previousOperationId":"gnqcz23jotqucge","timestamp":1708451480040,"id":"5p4d676nh1jh0gh","previousEventId":"exievrf2gulkjba","operationId":"8v8fbxoeldjnchv"}
{"type":"log","timestamp":1708451480175,"level":"debug","message":"(console:log) [\n  {\n    list_description: {\n      id: 1,\n      list_name: 'charcuteria',\n      list_current_number: 0,\n      list_limit_number: 0\n    },\n    list_image: {\n      url: 'http://localhost:4000/rails/active_storage/blobs/redirect/eyJfcmFpbHMiOnsiZGF0YSI6MiwicHVyIjoiYmxvYl9pZCJ9fQ==--ee6d56bf52163135b48a4ba2c22b11a93e94d3b3/charcuteria.png'\n    }\n  },\n  {\n    list_description: {\n      id: 2,\n      list_name: 'sarshisha',\n      list_current_number: 0,\n      list_limit_number: 0\n    },\n    list_image: {\n      url: 'http://localhost:4000/rails/active_storage/blobs/redirect/eyJfcmFpbHMiOnsiZGF0YSI6MywicHVyIjoiYmxvYl9pZCJ9fQ==--07183cfade35ce6ffe715f60749642919ec61f5d/charcuteria.png'\n    }\n  },\n  {\n    list_description: {\n      id: 3,\n      list_name: 'stjsjshtshn',\n      list_current_number: 0,\n      list_limit_number: 0\n    },\n    list_image: {\n      url: 'http://localhost:4000/rails/active_storage/blobs/redirect/eyJfcmFpbHMiOnsiZGF0YSI6NCwicHVyIjoiYmxvYl9pZCJ9fQ==--023aae65cb60b3f6c6d73a9c76e14c0b0df6ad86/dibujoadrian.jpg'\n    }\n  }\n]","meta":{"userLevel":true,"rootId":"m7yiihj14tktysd","id":"m7yiihj14tktysd"},"id":"n1vqfrkgxuqjz69","previousOperationId":"8v8fbxoeldjnchv"}
{"type":"log","timestamp":1708451480176,"level":"debug","message":"(console:log) undefined","meta":{"userLevel":true,"rootId":"m7yiihj14tktysd","id":"m7yiihj14tktysd"},"id":"rat0otls2dsl8j5","previousOperationId":"8v8fbxoeldjnchv"}
{"type":"operationEnd","operationId":"8v8fbxoeldjnchv","timestamp":1708451480176,"id":"0q4dcalozgwvl4j","previousEventId":"uf9gancsvy02lcb","previousOperationId":"manqg42zlwwcx5y"}
{"type":"operationEnd","operationId":"gnqcz23jotqucge","timestamp":1708451480176,"id":"ddeawf0fkav7scw","previousEventId":"0q4dcalozgwvl4j","previousOperationId":"manqg42zlwwcx5y"}
{"type":"log","timestamp":1708451480176,"level":"debug","message":"Base url not specified, skipping its injection.","meta":{"rootId":"m7yiihj14tktysd","id":"m7yiihj14tktysd"},"id":"16uunyncovu26tw","previousOperationId":"gnqcz23jotqucge"}
{"type":"operationStart","subtype":"engine","name":"handlebars","timestamp":1708451480176,"id":"s8fjspfrytxmoem","previousEventId":"ddeawf0fkav7scw","operationId":"4dw026zdnp58hr5","previousOperationId":"gnqcz23jotqucge"}
{"type":"log","timestamp":1708451480176,"level":"debug","message":"Rendering engine handlebars","meta":{"rootId":"m7yiihj14tktysd","id":"m7yiihj14tktysd"},"id":"vyx1me0wercj9d3","previousOperationId":"4dw026zdnp58hr5"}
{"type":"operationEnd","operationId":"4dw026zdnp58hr5","timestamp":1708451480186,"id":"kcay5c03ioopebc","previousEventId":"s8fjspfrytxmoem","previousOperationId":"4dw026zdnp58hr5"}
{"type":"operationStart","subtype":"recipe","name":"chrome-pdf","timestamp":1708451480186,"id":"rnfmf6bmkvwmr6r","previousEventId":"kcay5c03ioopebc","operationId":"8yoo9jsk1xao5zx","previousOperationId":"4dw026zdnp58hr5"}
{"type":"log","timestamp":1708451480186,"level":"debug","message":"Executing recipe chrome-pdf","meta":{"rootId":"m7yiihj14tktysd","id":"m7yiihj14tktysd"},"id":"o8wp05uux5stf5k","previousOperationId":"8yoo9jsk1xao5zx"}
{"type":"log","timestamp":1708451480188,"level":"debug","message":"Converting with chrome HeadlessChrome/117.0.5938.149 using chrome-pool strategy","meta":{"rootId":"m7yiihj14tktysd","id":"m7yiihj14tktysd"},"id":"vsq9nqljz3ibwlt","previousOperationId":"8yoo9jsk1xao5zx"}
{"type":"log","timestamp":1708451480223,"level":"debug","message":"Page request: GET (document) file:///tmp/jsreport/autocleanup/e61bf054-64aa-4f87-8968-81f290482967-chrome-pdf.html","meta":{"rootId":"m7yiihj14tktysd","id":"m7yiihj14tktysd"},"id":"n899ulyp4dubbot","previousOperationId":"8yoo9jsk1xao5zx"}
{"type":"log","timestamp":1708451480230,"level":"debug","message":"Page request: GET (stylesheet) https://cdn.jsdelivr.net/chartist.js/latest/chartist.min.css","meta":{"rootId":"m7yiihj14tktysd","id":"m7yiihj14tktysd"},"id":"imn5hamnphqkr52","previousOperationId":"8yoo9jsk1xao5zx"}
{"type":"log","timestamp":1708451480231,"level":"debug","message":"Page request: GET (script) https://cdn.jsdelivr.net/chartist.js/latest/chartist.min.js","meta":{"rootId":"m7yiihj14tktysd","id":"m7yiihj14tktysd"},"id":"twy0z5x4iu52opp","previousOperationId":"8yoo9jsk1xao5zx"}
{"type":"log","timestamp":1708451480231,"level":"debug","message":"Page request: GET (script) https://code.jquery.com/jquery-3.6.0.min.js","meta":{"rootId":"m7yiihj14tktysd","id":"m7yiihj14tktysd"},"id":"9rpsytcnqgesboy","previousOperationId":"8yoo9jsk1xao5zx"}
{"type":"log","timestamp":1708451480231,"level":"debug","message":"Page request finished: GET (document) 200 file:///tmp/jsreport/autocleanup/e61bf054-64aa-4f87-8968-81f290482967-chrome-pdf.html","meta":{"rootId":"m7yiihj14tktysd","id":"m7yiihj14tktysd"},"id":"qnv02fcpfbeldkz","previousOperationId":"8yoo9jsk1xao5zx"}
{"type":"log","timestamp":1708451480235,"level":"debug","message":"Page request finished: GET (stylesheet) 200 https://cdn.jsdelivr.net/chartist.js/latest/chartist.min.css","meta":{"rootId":"m7yiihj14tktysd","id":"m7yiihj14tktysd"},"id":"5e2iswinn7jyz2g","previousOperationId":"8yoo9jsk1xao5zx"}
{"type":"log","timestamp":1708451480237,"level":"debug","message":"Page request finished: GET (script) 200 https://cdn.jsdelivr.net/chartist.js/latest/chartist.min.js","meta":{"rootId":"m7yiihj14tktysd","id":"m7yiihj14tktysd"},"id":"40vgji435t96z3f","previousOperationId":"8yoo9jsk1xao5zx"}
{"type":"log","timestamp":1708451480239,"level":"debug","message":"Page request finished: GET (script) 200 https://code.jquery.com/jquery-3.6.0.min.js","meta":{"rootId":"m7yiihj14tktysd","id":"m7yiihj14tktysd"},"id":"22x6l5upmgtm5j9","previousOperationId":"8yoo9jsk1xao5zx"}
{"type":"log","timestamp":1708451480249,"level":"warn","message":"Page error: Unexpected identifier 'Object' , stack: SyntaxError: Unexpected identifier 'Object'","meta":{"rootId":"m7yiihj14tktysd","id":"m7yiihj14tktysd"},"id":"xb6kqsiv5xqkllp","previousOperationId":"8yoo9jsk1xao5zx"}
{"type":"log","timestamp":1708451480255,"level":"debug","message":"Running chrome with params {\"printBackground\":true,\"timeout\":59827,\"margin\":{}}","meta":{"rootId":"m7yiihj14tktysd","id":"m7yiihj14tktysd"},"id":"nbg13u6ijb4j7yq","previousOperationId":"8yoo9jsk1xao5zx"}
{"type":"operationEnd","operationId":"8yoo9jsk1xao5zx","timestamp":1708451480266,"id":"csjlz52quq9egdm","previousEventId":"rnfmf6bmkvwmr6r","previousOperationId":"8yoo9jsk1xao5zx"}
{"type":"log","timestamp":1708451480266,"level":"debug","message":"Skipping storing report.","meta":{"rootId":"m7yiihj14tktysd","id":"m7yiihj14tktysd"},"id":"03see6pj2g50ltt","previousOperationId":"8yoo9jsk1xao5zx"}
{"type":"log","timestamp":1708451480266,"level":"info","message":"Rendering request 3 finished in 252 ms","meta":{"rootId":"m7yiihj14tktysd","id":"m7yiihj14tktysd"},"id":"029dxps9h0wmagm","previousOperationId":"8yoo9jsk1xao5zx"}
{"type":"operationEnd","subtype":"render","operationId":"manqg42zlwwcx5y","timestamp":1708451480266,"id":"bno89yza71qgmdo","previousEventId":"csjlz52quq9egdm","previousOperationId":"8yoo9jsk1xao5zx"}
{"type":"operationEnd","doDiffs":false,"previousEventId":"32ncq9mg4ys3ige","previousOperationId":"s7vn6j4nshn18og","operationId":"s7vn6j4nshn18og","timestamp":1708451480275,"id":"mfvfmnmo14y63s7"}
