{"type":"operationStart","subtype":"profile","data":{"_id":"Z45a52sNF7dijscm","timestamp":"2024-02-20T19:18:56.225Z","state":"queued","mode":"standard","creationDate":"2024-02-20T19:18:56.225Z","modificationDate":"2024-02-20T19:18:56.225Z","shortid":"FliE4mI","$entitySet":"profiles"},"doDiffs":false,"timestamp":1708456736225,"id":"9y73dprcvr4mnm1","previousOperationId":null,"operationId":"kvt6le5sefg7ihj"}
{"type":"log","level":"info","message":"Render request 67 queued for execution and waiting for available worker","previousOperationId":"kvt6le5sefg7ihj","timestamp":1708456736225,"id":"5dm23hdagbagzah"}
{"type":"operationStart","subtype":"render","name":"TemplateList","previousOperationId":"kvt6le5sefg7ihj","timestamp":1708456736230,"id":"1975buftudd27bw","previousEventId":"9y73dprcvr4mnm1","operationId":"oo20tlevrautifx"}
{"type":"log","timestamp":1708456736230,"level":"info","message":"Starting rendering request 67","meta":{"rootId":"mpsjf6ve14ox3uv","id":"mpsjf6ve14ox3uv"},"id":"6dw067ccjra2yhb","previousOperationId":"oo20tlevrautifx"}
{"type":"log","timestamp":1708456736230,"level":"info","message":"Rendering template { name: TemplateList, recipe: chrome-pdf, engine: handlebars, preview: true }","meta":{"rootId":"mpsjf6ve14ox3uv","id":"mpsjf6ve14ox3uv"},"id":"pl8xwgddbwl4q8h","previousOperationId":"oo20tlevrautifx"}
{"type":"log","timestamp":1708456736230,"level":"debug","message":"Data item not defined for this template.","meta":{"rootId":"mpsjf6ve14ox3uv","id":"mpsjf6ve14ox3uv"},"id":"esoxnw5cd64zzrq","previousOperationId":"oo20tlevrautifx"}
{"type":"log","timestamp":1708456736232,"level":"debug","message":"Executing script list-data (beforeRender)","meta":{"rootId":"mpsjf6ve14ox3uv","id":"mpsjf6ve14ox3uv"},"id":"6l4wpqyqut68umx","previousOperationId":"oo20tlevrautifx"}
{"type":"operationStart","subtype":"scriptsBeforeRender","name":"scripts beforeRender","timestamp":1708456736236,"id":"vz95rel3qd5wndu","previousEventId":"1975buftudd27bw","operationId":"795l5a6i58xx5xr","previousOperationId":"oo20tlevrautifx"}
{"type":"operationStart","subtype":"script","name":"scripts list-data","previousOperationId":"795l5a6i58xx5xr","timestamp":1708456736236,"id":"r8dm33nmkoavdzr","previousEventId":"vz95rel3qd5wndu","operationId":"upey5pb655bmzp6"}
{"type":"log","timestamp":1708456736255,"level":"debug","message":"(console:log) [\n  {\n    list_description: {\n      id: 2,\n      list_name: 'sarshisha',\n      list_current_number: 13,\n      list_limit_number: 0\n    },\n    list_image: {\n      url: 'http://localhost:4000/rails/active_storage/blobs/redirect/eyJfcmFpbHMiOnsiZGF0YSI6MywicHVyIjoiYmxvYl9pZCJ9fQ==--07183cfade35ce6ffe715f60749642919ec61f5d/charcuteria.png'\n    }\n  },\n  {\n    list_description: {\n      id: 3,\n      list_name: 'stjsjshtshn',\n      list_current_number: 4,\n      list_limit_number: 0\n    },\n    list_image: {\n      url: 'http://localhost:4000/rails/active_storage/blobs/redirect/eyJfcmFpbHMiOnsiZGF0YSI6NCwicHVyIjoiYmxvYl9pZCJ9fQ==--023aae65cb60b3f6c6d73a9c76e14c0b0df6ad86/dibujoadrian.jpg'\n    }\n  },\n  {\n    list_description: {\n      id: 1,\n      list_name: 'charcuteria',\n      list_current_number: 1,\n      list_limit_number: 0\n    },\n    list_image: {\n      url: 'http://localhost:4000/rails/active_storage/blobs/redirect/eyJfcmFpbHMiOnsiZGF0YSI6MiwicHVyIjoiYmxvYl9pZCJ9fQ==--ee6d56bf52163135b48a4ba2c22b11a93e94d3b3/charcuteria.png'\n    }\n  }\n]","meta":{"userLevel":true,"rootId":"mpsjf6ve14ox3uv","id":"mpsjf6ve14ox3uv"},"id":"phgsgiuf8twh16m","previousOperationId":"upey5pb655bmzp6"}
{"type":"log","timestamp":1708456736263,"level":"debug","message":"(console:log) [\n  {\n    id: 1,\n    nickname: 'a',\n    is_admin: true,\n    suscriptor: null,\n    created_at: '2024-02-20T16:45:37.609Z',\n    updated_at: '2024-02-20T16:45:37.729Z',\n    email: 'a@a.a',\n    jti: '6a2b57ca-af4b-47a0-8285-477cffafa34b'\n  }\n]","meta":{"userLevel":true,"rootId":"mpsjf6ve14ox3uv","id":"mpsjf6ve14ox3uv"},"id":"lcz9yw66uy0ty0e","previousOperationId":"upey5pb655bmzp6"}
{"type":"operationEnd","operationId":"upey5pb655bmzp6","timestamp":1708456736263,"id":"ns8pdule1nwp7m3","previousEventId":"1975buftudd27bw","previousOperationId":"oo20tlevrautifx"}
{"type":"operationEnd","operationId":"795l5a6i58xx5xr","timestamp":1708456736264,"id":"v5nwxlazwy4zz1i","previousEventId":"ns8pdule1nwp7m3","previousOperationId":"oo20tlevrautifx"}
{"type":"log","timestamp":1708456736264,"level":"debug","message":"Base url not specified, skipping its injection.","meta":{"rootId":"mpsjf6ve14ox3uv","id":"mpsjf6ve14ox3uv"},"id":"lfidq6ixsks5kx6","previousOperationId":"795l5a6i58xx5xr"}
{"type":"operationStart","subtype":"engine","name":"handlebars","timestamp":1708456736264,"id":"ttyqfpdxsdstzr2","previousEventId":"v5nwxlazwy4zz1i","operationId":"g3asqttb6tsoejo","previousOperationId":"795l5a6i58xx5xr"}
{"type":"log","timestamp":1708456736264,"level":"debug","message":"Rendering engine handlebars","meta":{"rootId":"mpsjf6ve14ox3uv","id":"mpsjf6ve14ox3uv"},"id":"4da0tx4qkgl2axx","previousOperationId":"g3asqttb6tsoejo"}
{"type":"operationEnd","operationId":"g3asqttb6tsoejo","timestamp":1708456736277,"id":"ko71gtocl2x917n","previousEventId":"ttyqfpdxsdstzr2","previousOperationId":"g3asqttb6tsoejo"}
{"type":"operationStart","subtype":"recipe","name":"chrome-pdf","timestamp":1708456736277,"id":"0liol8l40c9i2gw","previousEventId":"ko71gtocl2x917n","operationId":"gjckd14gm6dm9u8","previousOperationId":"g3asqttb6tsoejo"}
{"type":"log","timestamp":1708456736277,"level":"debug","message":"Executing recipe chrome-pdf","meta":{"rootId":"mpsjf6ve14ox3uv","id":"mpsjf6ve14ox3uv"},"id":"qzngdcchs8fv43u","previousOperationId":"gjckd14gm6dm9u8"}
{"type":"log","timestamp":1708456736278,"level":"debug","message":"Converting with chrome HeadlessChrome/117.0.5938.149 using chrome-pool strategy","meta":{"rootId":"mpsjf6ve14ox3uv","id":"mpsjf6ve14ox3uv"},"id":"fps0re5tgx45xti","previousOperationId":"gjckd14gm6dm9u8"}
{"type":"log","timestamp":1708456736310,"level":"debug","message":"Page request: GET (document) file:///tmp/jsreport/autocleanup/e5109490-8716-4291-90dc-720ebff0224e-chrome-pdf.html","meta":{"rootId":"mpsjf6ve14ox3uv","id":"mpsjf6ve14ox3uv"},"id":"wqrouoztfuawcgo","previousOperationId":"gjckd14gm6dm9u8"}
{"type":"log","timestamp":1708456736317,"level":"debug","message":"Page request: GET (stylesheet) https://cdn.jsdelivr.net/chartist.js/latest/chartist.min.css","meta":{"rootId":"mpsjf6ve14ox3uv","id":"mpsjf6ve14ox3uv"},"id":"mium83gcxs0u35j","previousOperationId":"gjckd14gm6dm9u8"}
{"type":"log","timestamp":1708456736318,"level":"debug","message":"Page request: GET (script) https://cdn.jsdelivr.net/chartist.js/latest/chartist.min.js","meta":{"rootId":"mpsjf6ve14ox3uv","id":"mpsjf6ve14ox3uv"},"id":"801s8oh30azlsrg","previousOperationId":"gjckd14gm6dm9u8"}
{"type":"log","timestamp":1708456736318,"level":"debug","message":"Page request finished: GET (document) 200 file:///tmp/jsreport/autocleanup/e5109490-8716-4291-90dc-720ebff0224e-chrome-pdf.html","meta":{"rootId":"mpsjf6ve14ox3uv","id":"mpsjf6ve14ox3uv"},"id":"a17j8sn8wz5e16i","previousOperationId":"gjckd14gm6dm9u8"}
{"type":"log","timestamp":1708456736321,"level":"debug","message":"Page request finished: GET (stylesheet) 200 https://cdn.jsdelivr.net/chartist.js/latest/chartist.min.css","meta":{"rootId":"mpsjf6ve14ox3uv","id":"mpsjf6ve14ox3uv"},"id":"65frkezdsw8d17i","previousOperationId":"gjckd14gm6dm9u8"}
{"type":"log","timestamp":1708456736322,"level":"debug","message":"Page request finished: GET (script) 200 https://cdn.jsdelivr.net/chartist.js/latest/chartist.min.js","meta":{"rootId":"mpsjf6ve14ox3uv","id":"mpsjf6ve14ox3uv"},"id":"6a6qzjtgak73pwm","previousOperationId":"gjckd14gm6dm9u8"}
{"type":"log","timestamp":1708456736334,"level":"debug","message":"Running chrome with params {\"printBackground\":true,\"timeout\":59946,\"margin\":{}}","meta":{"rootId":"mpsjf6ve14ox3uv","id":"mpsjf6ve14ox3uv"},"id":"4l8lu5j0jaxial0","previousOperationId":"gjckd14gm6dm9u8"}
{"type":"operationEnd","operationId":"gjckd14gm6dm9u8","timestamp":1708456736351,"id":"24ygzn3r017akbb","previousEventId":"0liol8l40c9i2gw","previousOperationId":"gjckd14gm6dm9u8"}
{"type":"log","timestamp":1708456736351,"level":"debug","message":"Skipping storing report.","meta":{"rootId":"mpsjf6ve14ox3uv","id":"mpsjf6ve14ox3uv"},"id":"6nmme18v5f0kz8p","previousOperationId":"gjckd14gm6dm9u8"}
{"type":"log","timestamp":1708456736351,"level":"info","message":"Rendering request 67 finished in 127 ms","meta":{"rootId":"mpsjf6ve14ox3uv","id":"mpsjf6ve14ox3uv"},"id":"xfl9zcwpasktilg","previousOperationId":"gjckd14gm6dm9u8"}
{"type":"operationEnd","subtype":"render","operationId":"oo20tlevrautifx","timestamp":1708456736351,"id":"2332m3tibt22qze","previousEventId":"24ygzn3r017akbb","previousOperationId":"gjckd14gm6dm9u8"}
{"type":"operationEnd","doDiffs":false,"previousEventId":"9y73dprcvr4mnm1","previousOperationId":"kvt6le5sefg7ihj","operationId":"kvt6le5sefg7ihj","timestamp":1708456736354,"id":"77knfeysskjqyt1"}
