{"type":"operationStart","subtype":"profile","data":{"_id":"c8Mc8ZXv1NzPJkAc","timestamp":"2024-02-20T18:39:39.335Z","state":"queued","mode":"standard","creationDate":"2024-02-20T18:39:39.336Z","modificationDate":"2024-02-20T18:39:39.336Z","shortid":"FX6I5ky","$entitySet":"profiles"},"doDiffs":false,"timestamp":1708454379335,"id":"owneug53hm2xe4i","previousOperationId":null,"operationId":"o0x56slap10ah84"}
{"type":"log","level":"info","message":"Render request 5 queued for execution and waiting for available worker","previousOperationId":"o0x56slap10ah84","timestamp":1708454379335,"id":"9j6wjtguxotqf2w"}
{"type":"operationStart","subtype":"render","name":"TemplateList","previousOperationId":"o0x56slap10ah84","timestamp":1708454379341,"id":"44h8oruje6trq41","previousEventId":"owneug53hm2xe4i","operationId":"aatg6m8mkyw91bx"}
{"type":"log","timestamp":1708454379341,"level":"info","message":"Starting rendering request 5","meta":{"rootId":"n0zwmutx8djgfxq","id":"n0zwmutx8djgfxq"},"id":"g38boeb5fcjwzv4","previousOperationId":"aatg6m8mkyw91bx"}
{"type":"log","timestamp":1708454379341,"level":"info","message":"Rendering template { name: TemplateList, recipe: chrome-pdf, engine: handlebars, preview: true }","meta":{"rootId":"n0zwmutx8djgfxq","id":"n0zwmutx8djgfxq"},"id":"r3athr5mxopzlr6","previousOperationId":"aatg6m8mkyw91bx"}
{"type":"log","timestamp":1708454379342,"level":"debug","message":"Data item not defined for this template.","meta":{"rootId":"n0zwmutx8djgfxq","id":"n0zwmutx8djgfxq"},"id":"vd55kc1bltuocni","previousOperationId":"aatg6m8mkyw91bx"}
{"type":"log","timestamp":1708454379343,"level":"debug","message":"Executing script list-data (beforeRender)","meta":{"rootId":"n0zwmutx8djgfxq","id":"n0zwmutx8djgfxq"},"id":"tzq32le51irehgo","previousOperationId":"aatg6m8mkyw91bx"}
{"type":"operationStart","subtype":"scriptsBeforeRender","name":"scripts beforeRender","timestamp":1708454379347,"id":"5lza1ygbaoba3re","previousEventId":"44h8oruje6trq41","operationId":"jjwjorhizm6qn5l","previousOperationId":"aatg6m8mkyw91bx"}
{"type":"operationStart","subtype":"script","name":"scripts list-data","previousOperationId":"jjwjorhizm6qn5l","timestamp":1708454379347,"id":"5vchex4sb0egvfo","previousEventId":"5lza1ygbaoba3re","operationId":"g0belocprmmyx8f"}
{"type":"log","timestamp":1708454379378,"level":"debug","message":"(console:log) [\n  {\n    list_description: {\n      id: 3,\n      list_name: 'stjsjshtshn',\n      list_current_number: 0,\n      list_limit_number: 0\n    },\n    list_image: {\n      url: 'http://localhost:4000/rails/active_storage/blobs/redirect/eyJfcmFpbHMiOnsiZGF0YSI6NCwicHVyIjoiYmxvYl9pZCJ9fQ==--023aae65cb60b3f6c6d73a9c76e14c0b0df6ad86/dibujoadrian.jpg'\n    }\n  },\n  {\n    list_description: {\n      id: 1,\n      list_name: 'charcuteria',\n      list_current_number: 0,\n      list_limit_number: 0\n    },\n    list_image: {\n      url: 'http://localhost:4000/rails/active_storage/blobs/redirect/eyJfcmFpbHMiOnsiZGF0YSI6MiwicHVyIjoiYmxvYl9pZCJ9fQ==--ee6d56bf52163135b48a4ba2c22b11a93e94d3b3/charcuteria.png'\n    }\n  },\n  {\n    list_description: {\n      id: 2,\n      list_name: 'sarshisha',\n      list_current_number: 13,\n      list_limit_number: 0\n    },\n    list_image: {\n      url: 'http://localhost:4000/rails/active_storage/blobs/redirect/eyJfcmFpbHMiOnsiZGF0YSI6MywicHVyIjoiYmxvYl9pZCJ9fQ==--07183cfade35ce6ffe715f60749642919ec61f5d/charcuteria.png'\n    }\n  }\n]","meta":{"userLevel":true,"rootId":"n0zwmutx8djgfxq","id":"n0zwmutx8djgfxq"},"id":"nxh6uos47lgu8yn","previousOperationId":"g0belocprmmyx8f"}
{"type":"log","timestamp":1708454379388,"level":"debug","message":"(console:log) [\n  {\n    id: 1,\n    nickname: 'a',\n    is_admin: true,\n    suscriptor: null,\n    created_at: '2024-02-20T16:45:37.609Z',\n    updated_at: '2024-02-20T16:45:37.729Z',\n    email: 'a@a.a',\n    jti: '6a2b57ca-af4b-47a0-8285-477cffafa34b'\n  }\n]","meta":{"userLevel":true,"rootId":"n0zwmutx8djgfxq","id":"n0zwmutx8djgfxq"},"id":"3hvelobfnwqwg05","previousOperationId":"g0belocprmmyx8f"}
{"type":"operationEnd","operationId":"g0belocprmmyx8f","timestamp":1708454379389,"id":"rgqz77sfnec4n88","previousEventId":"44h8oruje6trq41","previousOperationId":"aatg6m8mkyw91bx"}
{"type":"operationEnd","operationId":"jjwjorhizm6qn5l","timestamp":1708454379389,"id":"wl54riqyflws3a0","previousEventId":"rgqz77sfnec4n88","previousOperationId":"aatg6m8mkyw91bx"}
{"type":"log","timestamp":1708454379389,"level":"debug","message":"Base url not specified, skipping its injection.","meta":{"rootId":"n0zwmutx8djgfxq","id":"n0zwmutx8djgfxq"},"id":"sju4zbs9lfwbo6n","previousOperationId":"jjwjorhizm6qn5l"}
{"type":"operationStart","subtype":"engine","name":"handlebars","timestamp":1708454379389,"id":"ntznfrpbjcn2lnb","previousEventId":"wl54riqyflws3a0","operationId":"v58eddwpjeiy9kv","previousOperationId":"jjwjorhizm6qn5l"}
{"type":"log","timestamp":1708454379389,"level":"debug","message":"Rendering engine handlebars","meta":{"rootId":"n0zwmutx8djgfxq","id":"n0zwmutx8djgfxq"},"id":"82qu4ielnz7nxm8","previousOperationId":"v58eddwpjeiy9kv"}
{"type":"operationEnd","operationId":"v58eddwpjeiy9kv","timestamp":1708454379404,"id":"8erkmlatftst9ss","previousEventId":"ntznfrpbjcn2lnb","previousOperationId":"v58eddwpjeiy9kv"}
{"type":"operationStart","subtype":"recipe","name":"chrome-pdf","timestamp":1708454379404,"id":"pvcih0g5tlk0opm","previousEventId":"8erkmlatftst9ss","operationId":"ex3urvlug19h2h1","previousOperationId":"v58eddwpjeiy9kv"}
{"type":"log","timestamp":1708454379404,"level":"debug","message":"Executing recipe chrome-pdf","meta":{"rootId":"n0zwmutx8djgfxq","id":"n0zwmutx8djgfxq"},"id":"x2ag0cgz5spamdz","previousOperationId":"ex3urvlug19h2h1"}
{"type":"log","timestamp":1708454379405,"level":"debug","message":"Converting with chrome HeadlessChrome/117.0.5938.149 using chrome-pool strategy","meta":{"rootId":"n0zwmutx8djgfxq","id":"n0zwmutx8djgfxq"},"id":"m9i9vzkulh7t81s","previousOperationId":"ex3urvlug19h2h1"}
{"type":"log","timestamp":1708454379441,"level":"debug","message":"Page request: GET (document) file:///tmp/jsreport/autocleanup/50f18b7d-d92b-48cd-9e82-aeefa1960075-chrome-pdf.html","meta":{"rootId":"n0zwmutx8djgfxq","id":"n0zwmutx8djgfxq"},"id":"uwwq69y0ba3t9ac","previousOperationId":"ex3urvlug19h2h1"}
{"type":"log","timestamp":1708454379449,"level":"debug","message":"Page request: GET (stylesheet) https://cdn.jsdelivr.net/chartist.js/latest/chartist.min.css","meta":{"rootId":"n0zwmutx8djgfxq","id":"n0zwmutx8djgfxq"},"id":"bq3e0pg6bthbcp7","previousOperationId":"ex3urvlug19h2h1"}
{"type":"log","timestamp":1708454379450,"level":"debug","message":"Page request: GET (script) https://cdn.jsdelivr.net/chartist.js/latest/chartist.min.js","meta":{"rootId":"n0zwmutx8djgfxq","id":"n0zwmutx8djgfxq"},"id":"res6fqg3a3l4lbc","previousOperationId":"ex3urvlug19h2h1"}
{"type":"log","timestamp":1708454379450,"level":"debug","message":"Page request: GET (script) https://code.jquery.com/jquery-3.6.0.min.js","meta":{"rootId":"n0zwmutx8djgfxq","id":"n0zwmutx8djgfxq"},"id":"gpsdihl2nc1bn8v","previousOperationId":"ex3urvlug19h2h1"}
{"type":"log","timestamp":1708454379451,"level":"debug","message":"Page request: GET (script) https://cdn.jsdelivr.net/npm/chart.js","meta":{"rootId":"n0zwmutx8djgfxq","id":"n0zwmutx8djgfxq"},"id":"mn2fq1nqmm6n4ow","previousOperationId":"ex3urvlug19h2h1"}
{"type":"log","timestamp":1708454379451,"level":"debug","message":"Page request finished: GET (document) 200 file:///tmp/jsreport/autocleanup/50f18b7d-d92b-48cd-9e82-aeefa1960075-chrome-pdf.html","meta":{"rootId":"n0zwmutx8djgfxq","id":"n0zwmutx8djgfxq"},"id":"pnaeutk8yoazip2","previousOperationId":"ex3urvlug19h2h1"}
{"type":"log","timestamp":1708454379453,"level":"debug","message":"Page request finished: GET (stylesheet) 200 https://cdn.jsdelivr.net/chartist.js/latest/chartist.min.css","meta":{"rootId":"n0zwmutx8djgfxq","id":"n0zwmutx8djgfxq"},"id":"usodpcq9sda8kv1","previousOperationId":"ex3urvlug19h2h1"}
{"type":"log","timestamp":1708454379454,"level":"debug","message":"Page request finished: GET (script) 200 https://cdn.jsdelivr.net/chartist.js/latest/chartist.min.js","meta":{"rootId":"n0zwmutx8djgfxq","id":"n0zwmutx8djgfxq"},"id":"8mzi5zi6swifstz","previousOperationId":"ex3urvlug19h2h1"}
{"type":"log","timestamp":1708454379457,"level":"debug","message":"Page request finished: GET (script) 200 https://code.jquery.com/jquery-3.6.0.min.js","meta":{"rootId":"n0zwmutx8djgfxq","id":"n0zwmutx8djgfxq"},"id":"dpxo6hbtq2ri9gi","previousOperationId":"ex3urvlug19h2h1"}
{"type":"log","timestamp":1708454379461,"level":"debug","message":"Page request finished: GET (script) 200 https://cdn.jsdelivr.net/npm/chart.js","meta":{"rootId":"n0zwmutx8djgfxq","id":"n0zwmutx8djgfxq"},"id":"ulrm0wz5zpt3qwq","previousOperationId":"ex3urvlug19h2h1"}
{"type":"log","timestamp":1708454379500,"level":"debug","message":"Running chrome with params {\"printBackground\":true,\"timeout\":59930,\"margin\":{}}","meta":{"rootId":"n0zwmutx8djgfxq","id":"n0zwmutx8djgfxq"},"id":"952sr4l64inmhi6","previousOperationId":"ex3urvlug19h2h1"}
{"type":"operationEnd","operationId":"ex3urvlug19h2h1","timestamp":1708454379552,"id":"knc96vprqny6x6s","previousEventId":"pvcih0g5tlk0opm","previousOperationId":"ex3urvlug19h2h1"}
{"type":"log","timestamp":1708454379552,"level":"debug","message":"Skipping storing report.","meta":{"rootId":"n0zwmutx8djgfxq","id":"n0zwmutx8djgfxq"},"id":"oanvu57xbpi595x","previousOperationId":"ex3urvlug19h2h1"}
{"type":"log","timestamp":1708454379552,"level":"info","message":"Rendering request 5 finished in 217 ms","meta":{"rootId":"n0zwmutx8djgfxq","id":"n0zwmutx8djgfxq"},"id":"no14qyd1bbj6de2","previousOperationId":"ex3urvlug19h2h1"}
{"type":"operationEnd","subtype":"render","operationId":"aatg6m8mkyw91bx","timestamp":1708454379552,"id":"oa64vf1kmku79t4","previousEventId":"knc96vprqny6x6s","previousOperationId":"ex3urvlug19h2h1"}
{"type":"operationEnd","doDiffs":false,"previousEventId":"owneug53hm2xe4i","previousOperationId":"o0x56slap10ah84","operationId":"o0x56slap10ah84","timestamp":1708454379557,"id":"433b7sm7vcf2uyk"}
