{"type":"operationStart","subtype":"profile","data":{"_id":"09BBeYFGhwc9RAKR","timestamp":"2024-02-20T17:37:38.674Z","state":"queued","mode":"standard","creationDate":"2024-02-20T17:37:38.676Z","modificationDate":"2024-02-20T17:37:38.676Z","shortid":"3ZBfLx_","$entitySet":"profiles"},"doDiffs":false,"timestamp":1708450658675,"id":"e7nnej8lgwi4tvc","previousOperationId":null,"operationId":"8uoxpu9hcnab3ry"}
{"type":"log","level":"info","message":"Render request 12 queued for execution and waiting for available worker","previousOperationId":"8uoxpu9hcnab3ry","timestamp":1708450658675,"id":"8cagv9pg1ofur6r"}
{"type":"operationStart","subtype":"render","name":"TemplateList","previousOperationId":"8uoxpu9hcnab3ry","timestamp":1708450658680,"id":"6sws7ni3gf2g8rh","previousEventId":"e7nnej8lgwi4tvc","operationId":"o8wmhk3xi2xq2fm"}
{"type":"log","timestamp":1708450658680,"level":"info","message":"Starting rendering request 12","meta":{"rootId":"nhrvern78v4aj9a","id":"nhrvern78v4aj9a"},"id":"fv9ko8uruvcjdfn","previousOperationId":"o8wmhk3xi2xq2fm"}
{"type":"log","timestamp":1708450658680,"level":"info","message":"Rendering template { name: TemplateList, recipe: chrome-pdf, engine: handlebars, preview: true }","meta":{"rootId":"nhrvern78v4aj9a","id":"nhrvern78v4aj9a"},"id":"2qp6u482zn1mvbw","previousOperationId":"o8wmhk3xi2xq2fm"}
{"type":"log","timestamp":1708450658681,"level":"debug","message":"Data item not defined for this template.","meta":{"rootId":"nhrvern78v4aj9a","id":"nhrvern78v4aj9a"},"id":"u5jy5lpyqu3ed3r","previousOperationId":"o8wmhk3xi2xq2fm"}
{"type":"log","timestamp":1708450658682,"level":"debug","message":"Executing script list-data (beforeRender)","meta":{"rootId":"nhrvern78v4aj9a","id":"nhrvern78v4aj9a"},"id":"ucyfxmpkhd4lb73","previousOperationId":"o8wmhk3xi2xq2fm"}
{"type":"operationStart","subtype":"scriptsBeforeRender","name":"scripts beforeRender","timestamp":1708450658693,"id":"9xvyajpnz426zwo","previousEventId":"6sws7ni3gf2g8rh","operationId":"x599tixgc43lqo0","previousOperationId":"o8wmhk3xi2xq2fm"}
{"type":"operationStart","subtype":"script","name":"scripts list-data","previousOperationId":"x599tixgc43lqo0","timestamp":1708450658693,"id":"xdzupeiztczw5l4","previousEventId":"9xvyajpnz426zwo","operationId":"fig8l68zry75b09"}
{"type":"log","timestamp":1708450658693,"level":"debug","message":"(console:error) Error fetching lists: ReferenceError: http is not defined\n    at sandbox.js:19:21\n    at new Promise (<anonymous>)\n    at fetchlists (sandbox.js:18:12)\n    at Object.beforeRender (sandbox.js:32:32)\n    at executionFn (/home/miguel/workspace/tibuTicket/jsreports/node_modules/@jsreport/jsreport-scripts/lib/executeScript.js:67:35)\n    at sandbox.js:49:18\n    at async run (/home/miguel/workspace/tibuTicket/jsreports/node_modules/@jsreport/jsreport-core/lib/worker/sandbox/createSandbox.js:137:16)\n    at async WorkerReporter.runInSandbox [as _runInSandbox] (/home/miguel/workspace/tibuTicket/jsreports/node_modules/@jsreport/jsreport-core/lib/worker/sandbox/runInSandbox.js:195:14)\n    at async executeScript (/home/miguel/workspace/tibuTicket/jsreports/node_modules/@jsreport/jsreport-scripts/lib/executeScript.js:122:12)\n    at async Scripts._runScript (/home/miguel/workspace/tibuTicket/jsreports/node_modules/@jsreport/jsreport-scripts/lib/worker.js:140:30)","meta":{"userLevel":true,"rootId":"nhrvern78v4aj9a","id":"nhrvern78v4aj9a"},"id":"f328xknpssi52ey","previousOperationId":"fig8l68zry75b09"}
{"type":"operationEnd","operationId":"fig8l68zry75b09","timestamp":1708450658693,"id":"7jvhedcnyzsh3lv","previousEventId":"6sws7ni3gf2g8rh","previousOperationId":"o8wmhk3xi2xq2fm"}
{"type":"operationEnd","operationId":"x599tixgc43lqo0","timestamp":1708450658693,"id":"h3cubi1538q8ocf","previousEventId":"7jvhedcnyzsh3lv","previousOperationId":"o8wmhk3xi2xq2fm"}
{"type":"log","timestamp":1708450658694,"level":"debug","message":"Base url not specified, skipping its injection.","meta":{"rootId":"nhrvern78v4aj9a","id":"nhrvern78v4aj9a"},"id":"6hsuybo7c6cvyok","previousOperationId":"x599tixgc43lqo0"}
{"type":"operationStart","subtype":"engine","name":"handlebars","timestamp":1708450658694,"id":"i04u88qy414j5zg","previousEventId":"h3cubi1538q8ocf","operationId":"qb04wsujxol2n3y","previousOperationId":"x599tixgc43lqo0"}
{"type":"log","timestamp":1708450658694,"level":"debug","message":"Rendering engine handlebars","meta":{"rootId":"nhrvern78v4aj9a","id":"nhrvern78v4aj9a"},"id":"ij4un5cygjde3gg","previousOperationId":"qb04wsujxol2n3y"}
{"type":"operationEnd","operationId":"qb04wsujxol2n3y","timestamp":1708450658703,"id":"qh716uw51bnelap","previousEventId":"i04u88qy414j5zg","previousOperationId":"qb04wsujxol2n3y"}
{"type":"operationStart","subtype":"recipe","name":"chrome-pdf","timestamp":1708450658704,"id":"d3jjy2qw69q7agc","previousEventId":"qh716uw51bnelap","operationId":"yvn1i72v2bmo1k9","previousOperationId":"qb04wsujxol2n3y"}
{"type":"log","timestamp":1708450658704,"level":"debug","message":"Executing recipe chrome-pdf","meta":{"rootId":"nhrvern78v4aj9a","id":"nhrvern78v4aj9a"},"id":"os8j5aj4fktdsnu","previousOperationId":"yvn1i72v2bmo1k9"}
{"type":"log","timestamp":1708450658706,"level":"debug","message":"Converting with chrome HeadlessChrome/117.0.5938.149 using chrome-pool strategy","meta":{"rootId":"nhrvern78v4aj9a","id":"nhrvern78v4aj9a"},"id":"30kjwgcwan6lw82","previousOperationId":"yvn1i72v2bmo1k9"}
{"type":"log","timestamp":1708450658746,"level":"debug","message":"Page request: GET (document) file:///tmp/jsreport/autocleanup/6895efeb-ec3a-4a71-bed7-a66e3d2a5da8-chrome-pdf.html","meta":{"rootId":"nhrvern78v4aj9a","id":"nhrvern78v4aj9a"},"id":"xjqljzw6n77zrpu","previousOperationId":"yvn1i72v2bmo1k9"}
{"type":"log","timestamp":1708450658753,"level":"debug","message":"Page request: GET (stylesheet) https://cdn.jsdelivr.net/chartist.js/latest/chartist.min.css","meta":{"rootId":"nhrvern78v4aj9a","id":"nhrvern78v4aj9a"},"id":"g253qkml8lac0zc","previousOperationId":"yvn1i72v2bmo1k9"}
{"type":"log","timestamp":1708450658754,"level":"debug","message":"Page request: GET (script) https://cdn.jsdelivr.net/chartist.js/latest/chartist.min.js","meta":{"rootId":"nhrvern78v4aj9a","id":"nhrvern78v4aj9a"},"id":"99vdmait9rmeq1w","previousOperationId":"yvn1i72v2bmo1k9"}
{"type":"log","timestamp":1708450658754,"level":"debug","message":"Page request: GET (script) https://code.jquery.com/jquery-3.6.0.min.js","meta":{"rootId":"nhrvern78v4aj9a","id":"nhrvern78v4aj9a"},"id":"5l1lj2a0k6cx3d9","previousOperationId":"yvn1i72v2bmo1k9"}
{"type":"log","timestamp":1708450658754,"level":"debug","message":"Page request finished: GET (document) 200 file:///tmp/jsreport/autocleanup/6895efeb-ec3a-4a71-bed7-a66e3d2a5da8-chrome-pdf.html","meta":{"rootId":"nhrvern78v4aj9a","id":"nhrvern78v4aj9a"},"id":"7o1ad50um5r4pai","previousOperationId":"yvn1i72v2bmo1k9"}
{"type":"log","timestamp":1708450658757,"level":"debug","message":"Page request finished: GET (stylesheet) 200 https://cdn.jsdelivr.net/chartist.js/latest/chartist.min.css","meta":{"rootId":"nhrvern78v4aj9a","id":"nhrvern78v4aj9a"},"id":"fpckajcofzarz58","previousOperationId":"yvn1i72v2bmo1k9"}
{"type":"log","timestamp":1708450658759,"level":"debug","message":"Page request finished: GET (script) 200 https://cdn.jsdelivr.net/chartist.js/latest/chartist.min.js","meta":{"rootId":"nhrvern78v4aj9a","id":"nhrvern78v4aj9a"},"id":"rqtw8e0cnp9ixs5","previousOperationId":"yvn1i72v2bmo1k9"}
{"type":"log","timestamp":1708450658761,"level":"debug","message":"Page request finished: GET (script) 200 https://code.jquery.com/jquery-3.6.0.min.js","meta":{"rootId":"nhrvern78v4aj9a","id":"nhrvern78v4aj9a"},"id":"kyb44b3py2xy8ov","previousOperationId":"yvn1i72v2bmo1k9"}
{"type":"log","timestamp":1708450658769,"level":"debug","message":"(console:log) Lists: ","meta":{"userLevel":true,"rootId":"nhrvern78v4aj9a","id":"nhrvern78v4aj9a"},"id":"qn3gdqlnqnlyomn","previousOperationId":"yvn1i72v2bmo1k9"}
{"type":"log","timestamp":1708450658772,"level":"debug","message":"Running chrome with params {\"printBackground\":true,\"timeout\":59969,\"margin\":{}}","meta":{"rootId":"nhrvern78v4aj9a","id":"nhrvern78v4aj9a"},"id":"m03hvwnh0sljm5h","previousOperationId":"yvn1i72v2bmo1k9"}
{"type":"operationEnd","operationId":"yvn1i72v2bmo1k9","timestamp":1708450658781,"id":"cijs0h8eld3sf08","previousEventId":"d3jjy2qw69q7agc","previousOperationId":"yvn1i72v2bmo1k9"}
{"type":"log","timestamp":1708450658781,"level":"debug","message":"Skipping storing report.","meta":{"rootId":"nhrvern78v4aj9a","id":"nhrvern78v4aj9a"},"id":"st6qg0gwh23j5x8","previousOperationId":"yvn1i72v2bmo1k9"}
{"type":"log","timestamp":1708450658781,"level":"info","message":"Rendering request 12 finished in 107 ms","meta":{"rootId":"nhrvern78v4aj9a","id":"nhrvern78v4aj9a"},"id":"4p8to1gbjtd05qg","previousOperationId":"yvn1i72v2bmo1k9"}
{"type":"operationEnd","subtype":"render","operationId":"o8wmhk3xi2xq2fm","timestamp":1708450658781,"id":"va1agjwm2a40m69","previousEventId":"cijs0h8eld3sf08","previousOperationId":"yvn1i72v2bmo1k9"}
{"type":"operationEnd","doDiffs":false,"previousEventId":"e7nnej8lgwi4tvc","previousOperationId":"8uoxpu9hcnab3ry","operationId":"8uoxpu9hcnab3ry","timestamp":1708450658789,"id":"xzrp540v92d3lbm"}
