{"type":"operationStart","subtype":"profile","data":{"_id":"adqLiMOC2k9zoBBx","timestamp":"2024-02-20T19:26:34.625Z","state":"queued","mode":"standard","creationDate":"2024-02-20T19:26:34.625Z","modificationDate":"2024-02-20T19:26:34.625Z","shortid":"7OS537h","$entitySet":"profiles"},"doDiffs":false,"timestamp":1708457194625,"id":"324pzp8pzlxlpgv","previousOperationId":null,"operationId":"0j6eidstdqhl1rz"}
{"type":"log","level":"info","message":"Render request 82 queued for execution and waiting for available worker","previousOperationId":"0j6eidstdqhl1rz","timestamp":1708457194625,"id":"82z997i32ehwfbo"}
{"type":"operationStart","subtype":"render","name":"TemplateList","previousOperationId":"0j6eidstdqhl1rz","timestamp":1708457194630,"id":"clqusjqyefg8le9","previousEventId":"324pzp8pzlxlpgv","operationId":"gmqf6eayl0qqa4l"}
{"type":"log","timestamp":1708457194630,"level":"info","message":"Starting rendering request 82","meta":{"rootId":"nnx4mfgfimsuw6u","id":"nnx4mfgfimsuw6u"},"id":"o9tkfwqkhxprqce","previousOperationId":"gmqf6eayl0qqa4l"}
{"type":"log","timestamp":1708457194631,"level":"info","message":"Rendering template { name: TemplateList, recipe: chrome-pdf, engine: handlebars, preview: true }","meta":{"rootId":"nnx4mfgfimsuw6u","id":"nnx4mfgfimsuw6u"},"id":"65jxd5doxhhrk9i","previousOperationId":"gmqf6eayl0qqa4l"}
{"type":"log","timestamp":1708457194631,"level":"debug","message":"Data item not defined for this template.","meta":{"rootId":"nnx4mfgfimsuw6u","id":"nnx4mfgfimsuw6u"},"id":"w1xhkdbhp4dv5ud","previousOperationId":"gmqf6eayl0qqa4l"}
{"type":"log","timestamp":1708457194632,"level":"debug","message":"Executing script list-data (beforeRender)","meta":{"rootId":"nnx4mfgfimsuw6u","id":"nnx4mfgfimsuw6u"},"id":"xxp7rkd7er9qmr2","previousOperationId":"gmqf6eayl0qqa4l"}
{"type":"operationStart","subtype":"scriptsBeforeRender","name":"scripts beforeRender","timestamp":1708457194638,"id":"beboy4g60nuudow","previousEventId":"clqusjqyefg8le9","operationId":"seg04xm54texvi0","previousOperationId":"gmqf6eayl0qqa4l"}
{"type":"operationStart","subtype":"script","name":"scripts list-data","previousOperationId":"seg04xm54texvi0","timestamp":1708457194638,"id":"yq0otmd3n9orxt7","previousEventId":"beboy4g60nuudow","operationId":"45v0vkkblqf3523"}
{"type":"log","timestamp":1708457194664,"level":"debug","message":"(console:log) [\n  {\n    list_description: {\n      id: 2,\n      list_name: 'sarshisha',\n      list_current_number: 13,\n      list_limit_number: 0\n    },\n    list_image: {\n      url: 'http://localhost:4000/rails/active_storage/blobs/redirect/eyJfcmFpbHMiOnsiZGF0YSI6MywicHVyIjoiYmxvYl9pZCJ9fQ==--07183cfade35ce6ffe715f60749642919ec61f5d/charcuteria.png'\n    }\n  },\n  {\n    list_description: {\n      id: 3,\n      list_name: 'stjsjshtshn',\n      list_current_number: 4,\n      list_limit_number: 0\n    },\n    list_image: {\n      url: 'http://localhost:4000/rails/active_storage/blobs/redirect/eyJfcmFpbHMiOnsiZGF0YSI6NCwicHVyIjoiYmxvYl9pZCJ9fQ==--023aae65cb60b3f6c6d73a9c76e14c0b0df6ad86/dibujoadrian.jpg'\n    }\n  },\n  {\n    list_description: {\n      id: 1,\n      list_name: 'charcuteria',\n      list_current_number: 1,\n      list_limit_number: 0\n    },\n    list_image: {\n      url: 'http://localhost:4000/rails/active_storage/blobs/redirect/eyJfcmFpbHMiOnsiZGF0YSI6MiwicHVyIjoiYmxvYl9pZCJ9fQ==--ee6d56bf52163135b48a4ba2c22b11a93e94d3b3/charcuteria.png'\n    }\n  }\n]","meta":{"userLevel":true,"rootId":"nnx4mfgfimsuw6u","id":"nnx4mfgfimsuw6u"},"id":"9bgr2mwl8wv94u0","previousOperationId":"45v0vkkblqf3523"}
{"type":"log","timestamp":1708457194671,"level":"debug","message":"(console:log) [\n  {\n    id: 1,\n    nickname: 'a',\n    is_admin: true,\n    suscriptor: null,\n    created_at: '2024-02-20T16:45:37.609Z',\n    updated_at: '2024-02-20T16:45:37.729Z',\n    email: 'a@a.a',\n    jti: '6a2b57ca-af4b-47a0-8285-477cffafa34b'\n  }\n]","meta":{"userLevel":true,"rootId":"nnx4mfgfimsuw6u","id":"nnx4mfgfimsuw6u"},"id":"s2edim2xuetlmiy","previousOperationId":"45v0vkkblqf3523"}
{"type":"operationEnd","operationId":"45v0vkkblqf3523","timestamp":1708457194672,"id":"8go8vweldonkw2w","previousEventId":"clqusjqyefg8le9","previousOperationId":"gmqf6eayl0qqa4l"}
{"type":"operationEnd","operationId":"seg04xm54texvi0","timestamp":1708457194672,"id":"zfczx8y14x2th4y","previousEventId":"8go8vweldonkw2w","previousOperationId":"gmqf6eayl0qqa4l"}
{"type":"log","timestamp":1708457194672,"level":"debug","message":"Base url not specified, skipping its injection.","meta":{"rootId":"nnx4mfgfimsuw6u","id":"nnx4mfgfimsuw6u"},"id":"m5pi4f8jgicb11f","previousOperationId":"seg04xm54texvi0"}
{"type":"operationStart","subtype":"engine","name":"handlebars","timestamp":1708457194672,"id":"ogf0k6yj9q3j5dy","previousEventId":"zfczx8y14x2th4y","operationId":"4jqbfvc90xbqr8m","previousOperationId":"seg04xm54texvi0"}
{"type":"log","timestamp":1708457194672,"level":"debug","message":"Rendering engine handlebars","meta":{"rootId":"nnx4mfgfimsuw6u","id":"nnx4mfgfimsuw6u"},"id":"8vcw4rsq93rvfyo","previousOperationId":"4jqbfvc90xbqr8m"}
{"type":"operationEnd","operationId":"4jqbfvc90xbqr8m","timestamp":1708457194685,"id":"5g5lrhkklmnqhlw","previousEventId":"ogf0k6yj9q3j5dy","previousOperationId":"4jqbfvc90xbqr8m"}
{"type":"operationStart","subtype":"recipe","name":"chrome-pdf","timestamp":1708457194685,"id":"jekepwetihzfx1l","previousEventId":"5g5lrhkklmnqhlw","operationId":"v582fwe0bpmszy8","previousOperationId":"4jqbfvc90xbqr8m"}
{"type":"log","timestamp":1708457194685,"level":"debug","message":"Executing recipe chrome-pdf","meta":{"rootId":"nnx4mfgfimsuw6u","id":"nnx4mfgfimsuw6u"},"id":"3l9f73gkgqqyewd","previousOperationId":"v582fwe0bpmszy8"}
{"type":"log","timestamp":1708457194687,"level":"debug","message":"Converting with chrome HeadlessChrome/117.0.5938.149 using chrome-pool strategy","meta":{"rootId":"nnx4mfgfimsuw6u","id":"nnx4mfgfimsuw6u"},"id":"5oef0iiq4jrgloe","previousOperationId":"v582fwe0bpmszy8"}
{"type":"log","timestamp":1708457194729,"level":"debug","message":"Page request: GET (document) file:///tmp/jsreport/autocleanup/1bd964bc-5ab8-4b31-9f48-d785c5886cdb-chrome-pdf.html","meta":{"rootId":"nnx4mfgfimsuw6u","id":"nnx4mfgfimsuw6u"},"id":"husewdaspcnzw2s","previousOperationId":"v582fwe0bpmszy8"}
{"type":"log","timestamp":1708457194737,"level":"debug","message":"Page request: GET (stylesheet) https://cdn.jsdelivr.net/chartist.js/latest/chartist.min.css","meta":{"rootId":"nnx4mfgfimsuw6u","id":"nnx4mfgfimsuw6u"},"id":"ysqgcv0uzihq4gv","previousOperationId":"v582fwe0bpmszy8"}
{"type":"log","timestamp":1708457194738,"level":"debug","message":"Page request: GET (script) https://cdn.jsdelivr.net/chartist.js/latest/chartist.min.js","meta":{"rootId":"nnx4mfgfimsuw6u","id":"nnx4mfgfimsuw6u"},"id":"dhkoxucz49rx37y","previousOperationId":"v582fwe0bpmszy8"}
{"type":"log","timestamp":1708457194738,"level":"debug","message":"Page request finished: GET (document) 200 file:///tmp/jsreport/autocleanup/1bd964bc-5ab8-4b31-9f48-d785c5886cdb-chrome-pdf.html","meta":{"rootId":"nnx4mfgfimsuw6u","id":"nnx4mfgfimsuw6u"},"id":"ipj74jv1h8jzuar","previousOperationId":"v582fwe0bpmszy8"}
{"type":"log","timestamp":1708457194740,"level":"debug","message":"Page request finished: GET (stylesheet) 200 https://cdn.jsdelivr.net/chartist.js/latest/chartist.min.css","meta":{"rootId":"nnx4mfgfimsuw6u","id":"nnx4mfgfimsuw6u"},"id":"6wzwvdhvz0k2isa","previousOperationId":"v582fwe0bpmszy8"}
{"type":"log","timestamp":1708457194741,"level":"debug","message":"Page request finished: GET (script) 200 https://cdn.jsdelivr.net/chartist.js/latest/chartist.min.js","meta":{"rootId":"nnx4mfgfimsuw6u","id":"nnx4mfgfimsuw6u"},"id":"7ged1zw4xslhao0","previousOperationId":"v582fwe0bpmszy8"}
{"type":"log","timestamp":1708457194750,"level":"debug","message":"Running chrome with params {\"printBackground\":true,\"timeout\":59939,\"margin\":{}}","meta":{"rootId":"nnx4mfgfimsuw6u","id":"nnx4mfgfimsuw6u"},"id":"9rfw11x90gq1z1y","previousOperationId":"v582fwe0bpmszy8"}
{"type":"operationEnd","operationId":"v582fwe0bpmszy8","timestamp":1708457194768,"id":"o45x98yslyfz0dp","previousEventId":"jekepwetihzfx1l","previousOperationId":"v582fwe0bpmszy8"}
{"type":"log","timestamp":1708457194768,"level":"debug","message":"Skipping storing report.","meta":{"rootId":"nnx4mfgfimsuw6u","id":"nnx4mfgfimsuw6u"},"id":"93uuhzj5umen8vt","previousOperationId":"v582fwe0bpmszy8"}
{"type":"log","timestamp":1708457194768,"level":"info","message":"Rendering request 82 finished in 143 ms","meta":{"rootId":"nnx4mfgfimsuw6u","id":"nnx4mfgfimsuw6u"},"id":"3au2vlp42zjag6z","previousOperationId":"v582fwe0bpmszy8"}
{"type":"operationEnd","subtype":"render","operationId":"gmqf6eayl0qqa4l","timestamp":1708457194768,"id":"ygvh4ry07uxsn2d","previousEventId":"o45x98yslyfz0dp","previousOperationId":"v582fwe0bpmszy8"}
{"type":"operationEnd","doDiffs":false,"previousEventId":"324pzp8pzlxlpgv","previousOperationId":"0j6eidstdqhl1rz","operationId":"0j6eidstdqhl1rz","timestamp":1708457194772,"id":"34u1rgd3432jxgu"}
