{"type":"operationStart","subtype":"profile","data":{"_id":"GAyWFUgTUVlN7BUN","timestamp":"2024-02-20T17:39:40.355Z","state":"queued","mode":"standard","creationDate":"2024-02-20T17:39:40.356Z","modificationDate":"2024-02-20T17:39:40.356Z","shortid":"6HnRMgt","$entitySet":"profiles"},"doDiffs":false,"timestamp":1708450780355,"id":"5ske8hcp9y2w2ba","previousOperationId":null,"operationId":"jt3bv0y2ovkdzyv"}
{"type":"log","level":"info","message":"Render request 15 queued for execution and waiting for available worker","previousOperationId":"jt3bv0y2ovkdzyv","timestamp":1708450780355,"id":"w5fins2ynkd9hgs"}
{"type":"operationStart","subtype":"render","name":"TemplateList","previousOperationId":"jt3bv0y2ovkdzyv","timestamp":1708450780360,"id":"wav1vpr99tus1d3","previousEventId":"5ske8hcp9y2w2ba","operationId":"5dbo4z3pylfdsg7"}
{"type":"log","timestamp":1708450780360,"level":"info","message":"Starting rendering request 15","meta":{"rootId":"ntupj27hhwa5dok","id":"ntupj27hhwa5dok"},"id":"aziexw919gptzug","previousOperationId":"5dbo4z3pylfdsg7"}
{"type":"log","timestamp":1708450780360,"level":"info","message":"Rendering template { name: TemplateList, recipe: chrome-pdf, engine: handlebars, preview: true }","meta":{"rootId":"ntupj27hhwa5dok","id":"ntupj27hhwa5dok"},"id":"mi6r980j69axgcv","previousOperationId":"5dbo4z3pylfdsg7"}
{"type":"log","timestamp":1708450780361,"level":"debug","message":"Data item not defined for this template.","meta":{"rootId":"ntupj27hhwa5dok","id":"ntupj27hhwa5dok"},"id":"fk5dr1y4hkx8ms6","previousOperationId":"5dbo4z3pylfdsg7"}
{"type":"log","timestamp":1708450780363,"level":"debug","message":"Executing script list-data (beforeRender)","meta":{"rootId":"ntupj27hhwa5dok","id":"ntupj27hhwa5dok"},"id":"mgiybn4cq94p6f9","previousOperationId":"5dbo4z3pylfdsg7"}
{"type":"operationStart","subtype":"scriptsBeforeRender","name":"scripts beforeRender","timestamp":1708450780367,"id":"98kp2su6r5qz8a8","previousEventId":"wav1vpr99tus1d3","operationId":"swo9bivi1ypwri0","previousOperationId":"5dbo4z3pylfdsg7"}
{"type":"operationStart","subtype":"script","name":"scripts list-data","previousOperationId":"swo9bivi1ypwri0","timestamp":1708450780367,"id":"s7vjv4beue93rvk","previousEventId":"98kp2su6r5qz8a8","operationId":"ck3mioqf8kdbpjl"}
{"type":"log","timestamp":1708450780385,"level":"debug","message":"(console:log) [\n  {\n    list_description: {\n      id: 1,\n      list_name: 'charcuteria',\n      list_current_number: 0,\n      list_limit_number: 0\n    },\n    list_image: {\n      url: 'http://localhost:4000/rails/active_storage/blobs/redirect/eyJfcmFpbHMiOnsiZGF0YSI6MiwicHVyIjoiYmxvYl9pZCJ9fQ==--ee6d56bf52163135b48a4ba2c22b11a93e94d3b3/charcuteria.png'\n    }\n  }\n]","meta":{"userLevel":true,"rootId":"ntupj27hhwa5dok","id":"ntupj27hhwa5dok"},"id":"doox1xiss6lwv0m","previousOperationId":"ck3mioqf8kdbpjl"}
{"type":"operationEnd","operationId":"ck3mioqf8kdbpjl","timestamp":1708450780385,"id":"rmtlxs74n0w3y2e","previousEventId":"wav1vpr99tus1d3","previousOperationId":"5dbo4z3pylfdsg7"}
{"type":"operationEnd","operationId":"swo9bivi1ypwri0","timestamp":1708450780385,"id":"rhd9yqhj2pippx0","previousEventId":"rmtlxs74n0w3y2e","previousOperationId":"5dbo4z3pylfdsg7"}
{"type":"log","timestamp":1708450780385,"level":"debug","message":"Base url not specified, skipping its injection.","meta":{"rootId":"ntupj27hhwa5dok","id":"ntupj27hhwa5dok"},"id":"rz963jwzf6otqbg","previousOperationId":"swo9bivi1ypwri0"}
{"type":"operationStart","subtype":"engine","name":"handlebars","timestamp":1708450780385,"id":"b93afdangpyr7la","previousEventId":"rhd9yqhj2pippx0","operationId":"v17vsg4ydedna6g","previousOperationId":"swo9bivi1ypwri0"}
{"type":"log","timestamp":1708450780385,"level":"debug","message":"Rendering engine handlebars","meta":{"rootId":"ntupj27hhwa5dok","id":"ntupj27hhwa5dok"},"id":"bou1ck1d3ich85b","previousOperationId":"v17vsg4ydedna6g"}
{"type":"operationEnd","operationId":"v17vsg4ydedna6g","timestamp":1708450780398,"id":"tj6qncmcshm5qe5","previousEventId":"b93afdangpyr7la","previousOperationId":"v17vsg4ydedna6g"}
{"type":"operationStart","subtype":"recipe","name":"chrome-pdf","timestamp":1708450780398,"id":"e0ucuo3bwleov5g","previousEventId":"tj6qncmcshm5qe5","operationId":"yb7wjyvx24l4wv4","previousOperationId":"v17vsg4ydedna6g"}
{"type":"log","timestamp":1708450780398,"level":"debug","message":"Executing recipe chrome-pdf","meta":{"rootId":"ntupj27hhwa5dok","id":"ntupj27hhwa5dok"},"id":"err69vk74g729df","previousOperationId":"yb7wjyvx24l4wv4"}
{"type":"log","timestamp":1708450780400,"level":"debug","message":"Converting with chrome HeadlessChrome/117.0.5938.149 using chrome-pool strategy","meta":{"rootId":"ntupj27hhwa5dok","id":"ntupj27hhwa5dok"},"id":"j4cn4f0hyaezifl","previousOperationId":"yb7wjyvx24l4wv4"}
{"type":"log","timestamp":1708450780436,"level":"debug","message":"Page request: GET (document) file:///tmp/jsreport/autocleanup/d991ae00-5675-40cf-a3de-4984be0ec3be-chrome-pdf.html","meta":{"rootId":"ntupj27hhwa5dok","id":"ntupj27hhwa5dok"},"id":"tezxhj8iw15r479","previousOperationId":"yb7wjyvx24l4wv4"}
{"type":"log","timestamp":1708450780447,"level":"debug","message":"Page request: GET (stylesheet) https://cdn.jsdelivr.net/chartist.js/latest/chartist.min.css","meta":{"rootId":"ntupj27hhwa5dok","id":"ntupj27hhwa5dok"},"id":"1ps7suy3kpw29p0","previousOperationId":"yb7wjyvx24l4wv4"}
{"type":"log","timestamp":1708450780448,"level":"debug","message":"Page request: GET (script) https://cdn.jsdelivr.net/chartist.js/latest/chartist.min.js","meta":{"rootId":"ntupj27hhwa5dok","id":"ntupj27hhwa5dok"},"id":"874alin910q4p8x","previousOperationId":"yb7wjyvx24l4wv4"}
{"type":"log","timestamp":1708450780448,"level":"debug","message":"Page request: GET (script) https://code.jquery.com/jquery-3.6.0.min.js","meta":{"rootId":"ntupj27hhwa5dok","id":"ntupj27hhwa5dok"},"id":"kv6ixty9ewe3azs","previousOperationId":"yb7wjyvx24l4wv4"}
{"type":"log","timestamp":1708450780448,"level":"debug","message":"Page request finished: GET (document) 200 file:///tmp/jsreport/autocleanup/d991ae00-5675-40cf-a3de-4984be0ec3be-chrome-pdf.html","meta":{"rootId":"ntupj27hhwa5dok","id":"ntupj27hhwa5dok"},"id":"v0vrzuh78obseny","previousOperationId":"yb7wjyvx24l4wv4"}
{"type":"log","timestamp":1708450780450,"level":"debug","message":"Page request finished: GET (stylesheet) 200 https://cdn.jsdelivr.net/chartist.js/latest/chartist.min.css","meta":{"rootId":"ntupj27hhwa5dok","id":"ntupj27hhwa5dok"},"id":"6vak105oud4fyds","previousOperationId":"yb7wjyvx24l4wv4"}
{"type":"log","timestamp":1708450780452,"level":"debug","message":"Page request finished: GET (script) 200 https://cdn.jsdelivr.net/chartist.js/latest/chartist.min.js","meta":{"rootId":"ntupj27hhwa5dok","id":"ntupj27hhwa5dok"},"id":"a3ih1l6v7d013nd","previousOperationId":"yb7wjyvx24l4wv4"}
{"type":"log","timestamp":1708450780453,"level":"debug","message":"Page request finished: GET (script) 200 https://code.jquery.com/jquery-3.6.0.min.js","meta":{"rootId":"ntupj27hhwa5dok","id":"ntupj27hhwa5dok"},"id":"2f5yqwcg7y4ddrz","previousOperationId":"yb7wjyvx24l4wv4"}
{"type":"log","timestamp":1708450780460,"level":"warn","message":"Page error: Unexpected identifier 'Object' , stack: SyntaxError: Unexpected identifier 'Object'","meta":{"rootId":"ntupj27hhwa5dok","id":"ntupj27hhwa5dok"},"id":"6jkwpkg3jafz90f","previousOperationId":"yb7wjyvx24l4wv4"}
{"type":"log","timestamp":1708450780464,"level":"debug","message":"Running chrome with params {\"printBackground\":true,\"timeout\":59956,\"margin\":{}}","meta":{"rootId":"ntupj27hhwa5dok","id":"ntupj27hhwa5dok"},"id":"xjlnd4q8oae8u1r","previousOperationId":"yb7wjyvx24l4wv4"}
{"type":"operationEnd","operationId":"yb7wjyvx24l4wv4","timestamp":1708450780476,"id":"fgmxej3i169ygq5","previousEventId":"e0ucuo3bwleov5g","previousOperationId":"yb7wjyvx24l4wv4"}
{"type":"log","timestamp":1708450780476,"level":"debug","message":"Skipping storing report.","meta":{"rootId":"ntupj27hhwa5dok","id":"ntupj27hhwa5dok"},"id":"hbo4ynrdg1qe1um","previousOperationId":"yb7wjyvx24l4wv4"}
{"type":"log","timestamp":1708450780476,"level":"info","message":"Rendering request 15 finished in 121 ms","meta":{"rootId":"ntupj27hhwa5dok","id":"ntupj27hhwa5dok"},"id":"axu7ql351ijt899","previousOperationId":"yb7wjyvx24l4wv4"}
{"type":"operationEnd","subtype":"render","operationId":"5dbo4z3pylfdsg7","timestamp":1708450780476,"id":"vf25z2l6hqrd896","previousEventId":"fgmxej3i169ygq5","previousOperationId":"yb7wjyvx24l4wv4"}
{"type":"operationEnd","doDiffs":false,"previousEventId":"5ske8hcp9y2w2ba","previousOperationId":"jt3bv0y2ovkdzyv","operationId":"jt3bv0y2ovkdzyv","timestamp":1708450780481,"id":"qdkfz6axbc0yxw9"}
