{"type":"operationStart","subtype":"profile","data":{"_id":"VQEkcVjevcVSohR8","timestamp":"2024-02-20T19:26:47.315Z","state":"queued","mode":"standard","creationDate":"2024-02-20T19:26:47.315Z","modificationDate":"2024-02-20T19:26:47.315Z","shortid":"HssBnZO","$entitySet":"profiles"},"doDiffs":false,"timestamp":1708457207315,"id":"m2v57aalebid7yy","previousOperationId":null,"operationId":"u6rfz1wjnkov1no"}
{"type":"log","level":"info","message":"Render request 84 queued for execution and waiting for available worker","previousOperationId":"u6rfz1wjnkov1no","timestamp":1708457207315,"id":"02ke25u8kdaa4c7"}
{"type":"operationStart","subtype":"render","name":"TemplateList","previousOperationId":"u6rfz1wjnkov1no","timestamp":1708457207319,"id":"hsqlfyz3y2z0ovn","previousEventId":"m2v57aalebid7yy","operationId":"lzha6hdy7uduaa4"}
{"type":"log","timestamp":1708457207319,"level":"info","message":"Starting rendering request 84","meta":{"rootId":"o9ribnpiqtizv6w","id":"o9ribnpiqtizv6w"},"id":"net0vjtidettnyl","previousOperationId":"lzha6hdy7uduaa4"}
{"type":"log","timestamp":1708457207319,"level":"info","message":"Rendering template { name: TemplateList, recipe: chrome-pdf, engine: handlebars, preview: true }","meta":{"rootId":"o9ribnpiqtizv6w","id":"o9ribnpiqtizv6w"},"id":"b6sgxhuopj7nk8j","previousOperationId":"lzha6hdy7uduaa4"}
{"type":"log","timestamp":1708457207320,"level":"debug","message":"Data item not defined for this template.","meta":{"rootId":"o9ribnpiqtizv6w","id":"o9ribnpiqtizv6w"},"id":"948wod8ij0x19y2","previousOperationId":"lzha6hdy7uduaa4"}
{"type":"log","timestamp":1708457207321,"level":"debug","message":"Executing script list-data (beforeRender)","meta":{"rootId":"o9ribnpiqtizv6w","id":"o9ribnpiqtizv6w"},"id":"71x0qdaanl2a9wm","previousOperationId":"lzha6hdy7uduaa4"}
{"type":"operationStart","subtype":"scriptsBeforeRender","name":"scripts beforeRender","timestamp":1708457207324,"id":"mzu4c0lnp7rwrww","previousEventId":"hsqlfyz3y2z0ovn","operationId":"y4rft17rwd552e0","previousOperationId":"lzha6hdy7uduaa4"}
{"type":"operationStart","subtype":"script","name":"scripts list-data","previousOperationId":"y4rft17rwd552e0","timestamp":1708457207324,"id":"5aq7g2jomdmuclu","previousEventId":"mzu4c0lnp7rwrww","operationId":"p4ygrmddcuchpgz"}
{"type":"log","timestamp":1708457207345,"level":"debug","message":"(console:log) [\n  {\n    list_description: {\n      id: 2,\n      list_name: 'sarshisha',\n      list_current_number: 13,\n      list_limit_number: 0\n    },\n    list_image: {\n      url: 'http://localhost:4000/rails/active_storage/blobs/redirect/eyJfcmFpbHMiOnsiZGF0YSI6MywicHVyIjoiYmxvYl9pZCJ9fQ==--07183cfade35ce6ffe715f60749642919ec61f5d/charcuteria.png'\n    }\n  },\n  {\n    list_description: {\n      id: 3,\n      list_name: 'stjsjshtshn',\n      list_current_number: 4,\n      list_limit_number: 0\n    },\n    list_image: {\n      url: 'http://localhost:4000/rails/active_storage/blobs/redirect/eyJfcmFpbHMiOnsiZGF0YSI6NCwicHVyIjoiYmxvYl9pZCJ9fQ==--023aae65cb60b3f6c6d73a9c76e14c0b0df6ad86/dibujoadrian.jpg'\n    }\n  },\n  {\n    list_description: {\n      id: 1,\n      list_name: 'charcuteria',\n      list_current_number: 1,\n      list_limit_number: 0\n    },\n    list_image: {\n      url: 'http://localhost:4000/rails/active_storage/blobs/redirect/eyJfcmFpbHMiOnsiZGF0YSI6MiwicHVyIjoiYmxvYl9pZCJ9fQ==--ee6d56bf52163135b48a4ba2c22b11a93e94d3b3/charcuteria.png'\n    }\n  }\n]","meta":{"userLevel":true,"rootId":"o9ribnpiqtizv6w","id":"o9ribnpiqtizv6w"},"id":"b0x43sqviir319n","previousOperationId":"p4ygrmddcuchpgz"}
{"type":"log","timestamp":1708457207353,"level":"debug","message":"(console:log) [\n  {\n    id: 1,\n    nickname: 'a',\n    is_admin: true,\n    suscriptor: null,\n    created_at: '2024-02-20T16:45:37.609Z',\n    updated_at: '2024-02-20T16:45:37.729Z',\n    email: 'a@a.a',\n    jti: '6a2b57ca-af4b-47a0-8285-477cffafa34b'\n  }\n]","meta":{"userLevel":true,"rootId":"o9ribnpiqtizv6w","id":"o9ribnpiqtizv6w"},"id":"cmzhenkqwyatjha","previousOperationId":"p4ygrmddcuchpgz"}
{"type":"operationEnd","operationId":"p4ygrmddcuchpgz","timestamp":1708457207354,"id":"jn2vr9ahb150rpx","previousEventId":"hsqlfyz3y2z0ovn","previousOperationId":"lzha6hdy7uduaa4"}
{"type":"operationEnd","operationId":"y4rft17rwd552e0","timestamp":1708457207354,"id":"0y3e6y3xlwwo9fk","previousEventId":"jn2vr9ahb150rpx","previousOperationId":"lzha6hdy7uduaa4"}
{"type":"log","timestamp":1708457207354,"level":"debug","message":"Base url not specified, skipping its injection.","meta":{"rootId":"o9ribnpiqtizv6w","id":"o9ribnpiqtizv6w"},"id":"c7xbtm2ecylozvp","previousOperationId":"y4rft17rwd552e0"}
{"type":"operationStart","subtype":"engine","name":"handlebars","timestamp":1708457207354,"id":"4nhwvk4ua3eso7c","previousEventId":"0y3e6y3xlwwo9fk","operationId":"8hnu4p4c9rokbxo","previousOperationId":"y4rft17rwd552e0"}
{"type":"log","timestamp":1708457207354,"level":"debug","message":"Rendering engine handlebars","meta":{"rootId":"o9ribnpiqtizv6w","id":"o9ribnpiqtizv6w"},"id":"iu2m56zda78zvn1","previousOperationId":"8hnu4p4c9rokbxo"}
{"type":"operationEnd","operationId":"8hnu4p4c9rokbxo","timestamp":1708457207362,"id":"teutf4yfj0hmt6j","previousEventId":"4nhwvk4ua3eso7c","previousOperationId":"8hnu4p4c9rokbxo"}
{"type":"operationStart","subtype":"recipe","name":"chrome-pdf","timestamp":1708457207362,"id":"xl3tq69y5ltxq42","previousEventId":"teutf4yfj0hmt6j","operationId":"l6agw4cr0jf9uqy","previousOperationId":"8hnu4p4c9rokbxo"}
{"type":"log","timestamp":1708457207362,"level":"debug","message":"Executing recipe chrome-pdf","meta":{"rootId":"o9ribnpiqtizv6w","id":"o9ribnpiqtizv6w"},"id":"q75u2n2wcjiavuv","previousOperationId":"l6agw4cr0jf9uqy"}
{"type":"log","timestamp":1708457207364,"level":"debug","message":"Converting with chrome HeadlessChrome/117.0.5938.149 using chrome-pool strategy","meta":{"rootId":"o9ribnpiqtizv6w","id":"o9ribnpiqtizv6w"},"id":"86s9qr31yugsnyx","previousOperationId":"l6agw4cr0jf9uqy"}
{"type":"log","timestamp":1708457207397,"level":"debug","message":"Page request: GET (document) file:///tmp/jsreport/autocleanup/0ed623dd-6528-4288-8341-75bf0e9e199e-chrome-pdf.html","meta":{"rootId":"o9ribnpiqtizv6w","id":"o9ribnpiqtizv6w"},"id":"izwmdnmddjqxfsu","previousOperationId":"l6agw4cr0jf9uqy"}
{"type":"log","timestamp":1708457207406,"level":"debug","message":"Page request: GET (stylesheet) https://cdn.jsdelivr.net/chartist.js/latest/chartist.min.css","meta":{"rootId":"o9ribnpiqtizv6w","id":"o9ribnpiqtizv6w"},"id":"lsxrwmnym4g6w89","previousOperationId":"l6agw4cr0jf9uqy"}
{"type":"log","timestamp":1708457207406,"level":"debug","message":"Page request: GET (script) https://cdn.jsdelivr.net/chartist.js/latest/chartist.min.js","meta":{"rootId":"o9ribnpiqtizv6w","id":"o9ribnpiqtizv6w"},"id":"nop3wus8lyby3gb","previousOperationId":"l6agw4cr0jf9uqy"}
{"type":"log","timestamp":1708457207407,"level":"debug","message":"Page request finished: GET (document) 200 file:///tmp/jsreport/autocleanup/0ed623dd-6528-4288-8341-75bf0e9e199e-chrome-pdf.html","meta":{"rootId":"o9ribnpiqtizv6w","id":"o9ribnpiqtizv6w"},"id":"3jxgzc47d20dq3o","previousOperationId":"l6agw4cr0jf9uqy"}
{"type":"log","timestamp":1708457207409,"level":"debug","message":"Page request finished: GET (stylesheet) 200 https://cdn.jsdelivr.net/chartist.js/latest/chartist.min.css","meta":{"rootId":"o9ribnpiqtizv6w","id":"o9ribnpiqtizv6w"},"id":"auan1c8vxy5z6sr","previousOperationId":"l6agw4cr0jf9uqy"}
{"type":"log","timestamp":1708457207410,"level":"debug","message":"Page request finished: GET (script) 200 https://cdn.jsdelivr.net/chartist.js/latest/chartist.min.js","meta":{"rootId":"o9ribnpiqtizv6w","id":"o9ribnpiqtizv6w"},"id":"8uly8ycaf6j3zoe","previousOperationId":"l6agw4cr0jf9uqy"}
{"type":"log","timestamp":1708457207421,"level":"debug","message":"Running chrome with params {\"printBackground\":true,\"timeout\":59952,\"margin\":{}}","meta":{"rootId":"o9ribnpiqtizv6w","id":"o9ribnpiqtizv6w"},"id":"tt8mw39cn1usf5n","previousOperationId":"l6agw4cr0jf9uqy"}
{"type":"operationEnd","operationId":"l6agw4cr0jf9uqy","timestamp":1708457207441,"id":"i0nytu764mc224h","previousEventId":"xl3tq69y5ltxq42","previousOperationId":"l6agw4cr0jf9uqy"}
{"type":"log","timestamp":1708457207441,"level":"debug","message":"Skipping storing report.","meta":{"rootId":"o9ribnpiqtizv6w","id":"o9ribnpiqtizv6w"},"id":"ewlxfpar19yl775","previousOperationId":"l6agw4cr0jf9uqy"}
{"type":"log","timestamp":1708457207441,"level":"info","message":"Rendering request 84 finished in 126 ms","meta":{"rootId":"o9ribnpiqtizv6w","id":"o9ribnpiqtizv6w"},"id":"kioikmgem0es4no","previousOperationId":"l6agw4cr0jf9uqy"}
{"type":"operationEnd","subtype":"render","operationId":"lzha6hdy7uduaa4","timestamp":1708457207441,"id":"zocni20tsyypd8h","previousEventId":"i0nytu764mc224h","previousOperationId":"l6agw4cr0jf9uqy"}
{"type":"operationEnd","doDiffs":false,"previousEventId":"m2v57aalebid7yy","previousOperationId":"u6rfz1wjnkov1no","operationId":"u6rfz1wjnkov1no","timestamp":1708457207443,"id":"w4n2ncc2330pcvk"}
