{"type":"operationStart","subtype":"profile","data":{"_id":"AapdAsvJJwchbuyq","timestamp":"2024-02-20T18:13:15.421Z","state":"queued","mode":"standard","creationDate":"2024-02-20T18:13:15.422Z","modificationDate":"2024-02-20T18:13:15.422Z","shortid":"2KD5Q5O","$entitySet":"profiles"},"doDiffs":false,"timestamp":1708452795421,"id":"rl408jon7gxqqxt","previousOperationId":null,"operationId":"uximozgj6jopgi2"}
{"type":"log","level":"info","message":"Render request 12 queued for execution and waiting for available worker","previousOperationId":"uximozgj6jopgi2","timestamp":1708452795421,"id":"zvpg8jutmp4475t"}
{"type":"operationStart","subtype":"render","name":"TemplateList","previousOperationId":"uximozgj6jopgi2","timestamp":1708452795428,"id":"buehs7zop8yinnh","previousEventId":"rl408jon7gxqqxt","operationId":"9z6pvta508az094"}
{"type":"log","timestamp":1708452795428,"level":"info","message":"Starting rendering request 12","meta":{"rootId":"od9kgxtqvdif6c3","id":"od9kgxtqvdif6c3"},"id":"quj1odry7pzb42t","previousOperationId":"9z6pvta508az094"}
{"type":"log","timestamp":1708452795428,"level":"info","message":"Rendering template { name: TemplateList, recipe: chrome-pdf, engine: handlebars, preview: true }","meta":{"rootId":"od9kgxtqvdif6c3","id":"od9kgxtqvdif6c3"},"id":"d9rrcgyums24545","previousOperationId":"9z6pvta508az094"}
{"type":"log","timestamp":1708452795429,"level":"debug","message":"Data item not defined for this template.","meta":{"rootId":"od9kgxtqvdif6c3","id":"od9kgxtqvdif6c3"},"id":"9aisbyhous9sh0e","previousOperationId":"9z6pvta508az094"}
{"type":"log","timestamp":1708452795434,"level":"debug","message":"Executing script list-data (beforeRender)","meta":{"rootId":"od9kgxtqvdif6c3","id":"od9kgxtqvdif6c3"},"id":"cr1buvtgens721t","previousOperationId":"9z6pvta508az094"}
{"type":"operationStart","subtype":"scriptsBeforeRender","name":"scripts beforeRender","timestamp":1708452795443,"id":"uj65med2ryky1rh","previousEventId":"buehs7zop8yinnh","operationId":"ghhz2brw8rbiwtc","previousOperationId":"9z6pvta508az094"}
{"type":"operationStart","subtype":"script","name":"scripts list-data","previousOperationId":"ghhz2brw8rbiwtc","timestamp":1708452795443,"id":"llc1hly07carg1i","previousEventId":"uj65med2ryky1rh","operationId":"z7sy4ebxpmd2ard"}
{"type":"log","timestamp":1708452795463,"level":"debug","message":"(console:log) [\n  {\n    list_description: {\n      id: 1,\n      list_name: 'charcuteria',\n      list_current_number: 0,\n      list_limit_number: 0\n    },\n    list_image: {\n      url: 'http://localhost:4000/rails/active_storage/blobs/redirect/eyJfcmFpbHMiOnsiZGF0YSI6MiwicHVyIjoiYmxvYl9pZCJ9fQ==--ee6d56bf52163135b48a4ba2c22b11a93e94d3b3/charcuteria.png'\n    }\n  },\n  {\n    list_description: {\n      id: 2,\n      list_name: 'sarshisha',\n      list_current_number: 0,\n      list_limit_number: 0\n    },\n    list_image: {\n      url: 'http://localhost:4000/rails/active_storage/blobs/redirect/eyJfcmFpbHMiOnsiZGF0YSI6MywicHVyIjoiYmxvYl9pZCJ9fQ==--07183cfade35ce6ffe715f60749642919ec61f5d/charcuteria.png'\n    }\n  },\n  {\n    list_description: {\n      id: 3,\n      list_name: 'stjsjshtshn',\n      list_current_number: 0,\n      list_limit_number: 0\n    },\n    list_image: {\n      url: 'http://localhost:4000/rails/active_storage/blobs/redirect/eyJfcmFpbHMiOnsiZGF0YSI6NCwicHVyIjoiYmxvYl9pZCJ9fQ==--023aae65cb60b3f6c6d73a9c76e14c0b0df6ad86/dibujoadrian.jpg'\n    }\n  }\n]","meta":{"userLevel":true,"rootId":"od9kgxtqvdif6c3","id":"od9kgxtqvdif6c3"},"id":"qx54hlq0olod2wb","previousOperationId":"z7sy4ebxpmd2ard"}
{"type":"log","timestamp":1708452795471,"level":"debug","message":"(console:log) [\n  {\n    id: 1,\n    nickname: 'a',\n    is_admin: true,\n    suscriptor: null,\n    created_at: '2024-02-20T16:45:37.609Z',\n    updated_at: '2024-02-20T16:45:37.729Z',\n    email: 'a@a.a',\n    jti: '6a2b57ca-af4b-47a0-8285-477cffafa34b'\n  }\n]","meta":{"userLevel":true,"rootId":"od9kgxtqvdif6c3","id":"od9kgxtqvdif6c3"},"id":"sgcifx8sr95v28s","previousOperationId":"z7sy4ebxpmd2ard"}
{"type":"operationEnd","operationId":"z7sy4ebxpmd2ard","timestamp":1708452795471,"id":"2chneqfgm8ttdru","previousEventId":"buehs7zop8yinnh","previousOperationId":"9z6pvta508az094"}
{"type":"operationEnd","operationId":"ghhz2brw8rbiwtc","timestamp":1708452795471,"id":"8fw3hsg9aotn9ic","previousEventId":"2chneqfgm8ttdru","previousOperationId":"9z6pvta508az094"}
{"type":"log","timestamp":1708452795471,"level":"debug","message":"Base url not specified, skipping its injection.","meta":{"rootId":"od9kgxtqvdif6c3","id":"od9kgxtqvdif6c3"},"id":"v1qlc2wy2wm40yf","previousOperationId":"ghhz2brw8rbiwtc"}
{"type":"operationStart","subtype":"engine","name":"handlebars","timestamp":1708452795471,"id":"8myu11k1hqouru0","previousEventId":"8fw3hsg9aotn9ic","operationId":"15c37kh2ntgt7ha","previousOperationId":"ghhz2brw8rbiwtc"}
{"type":"log","timestamp":1708452795471,"level":"debug","message":"Rendering engine handlebars","meta":{"rootId":"od9kgxtqvdif6c3","id":"od9kgxtqvdif6c3"},"id":"5e2mr4jwvkuhey3","previousOperationId":"15c37kh2ntgt7ha"}
{"type":"operationEnd","operationId":"15c37kh2ntgt7ha","timestamp":1708452795485,"id":"ms3vlmjo7h4goaw","previousEventId":"8myu11k1hqouru0","previousOperationId":"15c37kh2ntgt7ha"}
{"type":"operationStart","subtype":"recipe","name":"chrome-pdf","timestamp":1708452795485,"id":"5h1sj4i3vyg9i23","previousEventId":"ms3vlmjo7h4goaw","operationId":"kwmqlacnn6u5ns4","previousOperationId":"15c37kh2ntgt7ha"}
{"type":"log","timestamp":1708452795485,"level":"debug","message":"Executing recipe chrome-pdf","meta":{"rootId":"od9kgxtqvdif6c3","id":"od9kgxtqvdif6c3"},"id":"o96zul93qywc7jt","previousOperationId":"kwmqlacnn6u5ns4"}
{"type":"log","timestamp":1708452795487,"level":"debug","message":"Converting with chrome HeadlessChrome/117.0.5938.149 using chrome-pool strategy","meta":{"rootId":"od9kgxtqvdif6c3","id":"od9kgxtqvdif6c3"},"id":"9mnlhcw1n6mt1m8","previousOperationId":"kwmqlacnn6u5ns4"}
{"type":"log","timestamp":1708452795522,"level":"debug","message":"Page request: GET (document) file:///tmp/jsreport/autocleanup/dcb04b10-865d-49c1-a293-dc2a9353e839-chrome-pdf.html","meta":{"rootId":"od9kgxtqvdif6c3","id":"od9kgxtqvdif6c3"},"id":"ovtucuqr1wsqkmp","previousOperationId":"kwmqlacnn6u5ns4"}
{"type":"log","timestamp":1708452795529,"level":"debug","message":"Page request: GET (stylesheet) https://cdn.jsdelivr.net/chartist.js/latest/chartist.min.css","meta":{"rootId":"od9kgxtqvdif6c3","id":"od9kgxtqvdif6c3"},"id":"q1dsk9mja3r5qbh","previousOperationId":"kwmqlacnn6u5ns4"}
{"type":"log","timestamp":1708452795530,"level":"debug","message":"Page request: GET (script) https://cdn.jsdelivr.net/chartist.js/latest/chartist.min.js","meta":{"rootId":"od9kgxtqvdif6c3","id":"od9kgxtqvdif6c3"},"id":"68yrvc119pvyz1x","previousOperationId":"kwmqlacnn6u5ns4"}
{"type":"log","timestamp":1708452795530,"level":"debug","message":"Page request: GET (script) https://code.jquery.com/jquery-3.6.0.min.js","meta":{"rootId":"od9kgxtqvdif6c3","id":"od9kgxtqvdif6c3"},"id":"4txp0uk5ifehacc","previousOperationId":"kwmqlacnn6u5ns4"}
{"type":"log","timestamp":1708452795530,"level":"debug","message":"Page request finished: GET (document) 200 file:///tmp/jsreport/autocleanup/dcb04b10-865d-49c1-a293-dc2a9353e839-chrome-pdf.html","meta":{"rootId":"od9kgxtqvdif6c3","id":"od9kgxtqvdif6c3"},"id":"mgwpsfj8v1yej87","previousOperationId":"kwmqlacnn6u5ns4"}
{"type":"log","timestamp":1708452795532,"level":"debug","message":"Page request finished: GET (stylesheet) 200 https://cdn.jsdelivr.net/chartist.js/latest/chartist.min.css","meta":{"rootId":"od9kgxtqvdif6c3","id":"od9kgxtqvdif6c3"},"id":"idefybh18whd1a3","previousOperationId":"kwmqlacnn6u5ns4"}
{"type":"log","timestamp":1708452795533,"level":"debug","message":"Page request finished: GET (script) 200 https://cdn.jsdelivr.net/chartist.js/latest/chartist.min.js","meta":{"rootId":"od9kgxtqvdif6c3","id":"od9kgxtqvdif6c3"},"id":"p9g038252ymkxay","previousOperationId":"kwmqlacnn6u5ns4"}
{"type":"log","timestamp":1708452795536,"level":"debug","message":"Page request finished: GET (script) 200 https://code.jquery.com/jquery-3.6.0.min.js","meta":{"rootId":"od9kgxtqvdif6c3","id":"od9kgxtqvdif6c3"},"id":"qbh8l5ngmxfad0n","previousOperationId":"kwmqlacnn6u5ns4"}
{"type":"log","timestamp":1708452795540,"level":"warn","message":"Page error: Unexpected identifier 'Object' , stack: SyntaxError: Unexpected identifier 'Object'","meta":{"rootId":"od9kgxtqvdif6c3","id":"od9kgxtqvdif6c3"},"id":"4nz84drhtjnd2bh","previousOperationId":"kwmqlacnn6u5ns4"}
{"type":"log","timestamp":1708452795543,"level":"debug","message":"Running chrome with params {\"printBackground\":true,\"timeout\":59935,\"margin\":{}}","meta":{"rootId":"od9kgxtqvdif6c3","id":"od9kgxtqvdif6c3"},"id":"br9mkbujsdg05wk","previousOperationId":"kwmqlacnn6u5ns4"}
{"type":"operationEnd","operationId":"kwmqlacnn6u5ns4","timestamp":1708452795554,"id":"75agzbr8u5dmi99","previousEventId":"5h1sj4i3vyg9i23","previousOperationId":"kwmqlacnn6u5ns4"}
{"type":"log","timestamp":1708452795554,"level":"debug","message":"Skipping storing report.","meta":{"rootId":"od9kgxtqvdif6c3","id":"od9kgxtqvdif6c3"},"id":"ownhlu8xoj2pxyg","previousOperationId":"kwmqlacnn6u5ns4"}
{"type":"log","timestamp":1708452795554,"level":"info","message":"Rendering request 12 finished in 133 ms","meta":{"rootId":"od9kgxtqvdif6c3","id":"od9kgxtqvdif6c3"},"id":"b1x9h8bg4resmp6","previousOperationId":"kwmqlacnn6u5ns4"}
{"type":"operationEnd","subtype":"render","operationId":"9z6pvta508az094","timestamp":1708452795554,"id":"s9hxm56rhb4kkxi","previousEventId":"75agzbr8u5dmi99","previousOperationId":"kwmqlacnn6u5ns4"}
{"type":"operationEnd","doDiffs":false,"previousEventId":"rl408jon7gxqqxt","previousOperationId":"uximozgj6jopgi2","operationId":"uximozgj6jopgi2","timestamp":1708452795562,"id":"dpis1qt6plqg1h2"}
