{"type":"operationStart","subtype":"profile","data":{"_id":"eAFW0xFDOBM5ERsY","timestamp":"2024-02-20T19:19:05.005Z","state":"queued","mode":"standard","creationDate":"2024-02-20T19:19:05.006Z","modificationDate":"2024-02-20T19:19:05.006Z","shortid":"xBHhqwP","$entitySet":"profiles"},"doDiffs":false,"timestamp":1708456745006,"id":"vscv1917t0ffyfd","previousOperationId":null,"operationId":"9sdiibde6xkpoqg"}
{"type":"log","level":"info","message":"Render request 68 queued for execution and waiting for available worker","previousOperationId":"9sdiibde6xkpoqg","timestamp":1708456745006,"id":"qo3e275g6o5rcb3"}
{"type":"operationStart","subtype":"render","name":"TemplateList","previousOperationId":"9sdiibde6xkpoqg","timestamp":1708456745010,"id":"o7eg50153y6nvse","previousEventId":"vscv1917t0ffyfd","operationId":"7v9vwanuadj6pvu"}
{"type":"log","timestamp":1708456745010,"level":"info","message":"Starting rendering request 68","meta":{"rootId":"oj7omgfp8mobycf","id":"oj7omgfp8mobycf"},"id":"3361n4nox6qh7e4","previousOperationId":"7v9vwanuadj6pvu"}
{"type":"log","timestamp":1708456745010,"level":"info","message":"Rendering template { name: TemplateList, recipe: chrome-pdf, engine: handlebars, preview: true }","meta":{"rootId":"oj7omgfp8mobycf","id":"oj7omgfp8mobycf"},"id":"by35s40xrj4y8wt","previousOperationId":"7v9vwanuadj6pvu"}
{"type":"log","timestamp":1708456745011,"level":"debug","message":"Data item not defined for this template.","meta":{"rootId":"oj7omgfp8mobycf","id":"oj7omgfp8mobycf"},"id":"p5eaku110s9q7w4","previousOperationId":"7v9vwanuadj6pvu"}
{"type":"log","timestamp":1708456745013,"level":"debug","message":"Executing script list-data (beforeRender)","meta":{"rootId":"oj7omgfp8mobycf","id":"oj7omgfp8mobycf"},"id":"90yzs8tn7u2rzzj","previousOperationId":"7v9vwanuadj6pvu"}
{"type":"operationStart","subtype":"scriptsBeforeRender","name":"scripts beforeRender","timestamp":1708456745018,"id":"hah2d8outoy555r","previousEventId":"o7eg50153y6nvse","operationId":"imfirji09ankk0k","previousOperationId":"7v9vwanuadj6pvu"}
{"type":"operationStart","subtype":"script","name":"scripts list-data","previousOperationId":"imfirji09ankk0k","timestamp":1708456745018,"id":"kivso0tyzgjx9bp","previousEventId":"hah2d8outoy555r","operationId":"5fbmogcd90unfvo"}
{"type":"log","timestamp":1708456745037,"level":"debug","message":"(console:log) [\n  {\n    list_description: {\n      id: 2,\n      list_name: 'sarshisha',\n      list_current_number: 13,\n      list_limit_number: 0\n    },\n    list_image: {\n      url: 'http://localhost:4000/rails/active_storage/blobs/redirect/eyJfcmFpbHMiOnsiZGF0YSI6MywicHVyIjoiYmxvYl9pZCJ9fQ==--07183cfade35ce6ffe715f60749642919ec61f5d/charcuteria.png'\n    }\n  },\n  {\n    list_description: {\n      id: 3,\n      list_name: 'stjsjshtshn',\n      list_current_number: 4,\n      list_limit_number: 0\n    },\n    list_image: {\n      url: 'http://localhost:4000/rails/active_storage/blobs/redirect/eyJfcmFpbHMiOnsiZGF0YSI6NCwicHVyIjoiYmxvYl9pZCJ9fQ==--023aae65cb60b3f6c6d73a9c76e14c0b0df6ad86/dibujoadrian.jpg'\n    }\n  },\n  {\n    list_description: {\n      id: 1,\n      list_name: 'charcuteria',\n      list_current_number: 1,\n      list_limit_number: 0\n    },\n    list_image: {\n      url: 'http://localhost:4000/rails/active_storage/blobs/redirect/eyJfcmFpbHMiOnsiZGF0YSI6MiwicHVyIjoiYmxvYl9pZCJ9fQ==--ee6d56bf52163135b48a4ba2c22b11a93e94d3b3/charcuteria.png'\n    }\n  }\n]","meta":{"userLevel":true,"rootId":"oj7omgfp8mobycf","id":"oj7omgfp8mobycf"},"id":"1phmwq4ty4izcgw","previousOperationId":"5fbmogcd90unfvo"}
{"type":"log","timestamp":1708456745046,"level":"debug","message":"(console:log) [\n  {\n    id: 1,\n    nickname: 'a',\n    is_admin: true,\n    suscriptor: null,\n    created_at: '2024-02-20T16:45:37.609Z',\n    updated_at: '2024-02-20T16:45:37.729Z',\n    email: 'a@a.a',\n    jti: '6a2b57ca-af4b-47a0-8285-477cffafa34b'\n  }\n]","meta":{"userLevel":true,"rootId":"oj7omgfp8mobycf","id":"oj7omgfp8mobycf"},"id":"83m8l2ou1cc4npf","previousOperationId":"5fbmogcd90unfvo"}
{"type":"operationEnd","operationId":"5fbmogcd90unfvo","timestamp":1708456745046,"id":"8t2so6c681o8x2d","previousEventId":"o7eg50153y6nvse","previousOperationId":"7v9vwanuadj6pvu"}
{"type":"operationEnd","operationId":"imfirji09ankk0k","timestamp":1708456745046,"id":"1vgglbagghgplbu","previousEventId":"8t2so6c681o8x2d","previousOperationId":"7v9vwanuadj6pvu"}
{"type":"log","timestamp":1708456745046,"level":"debug","message":"Base url not specified, skipping its injection.","meta":{"rootId":"oj7omgfp8mobycf","id":"oj7omgfp8mobycf"},"id":"nkmkd0fw1aknzyu","previousOperationId":"imfirji09ankk0k"}
{"type":"operationStart","subtype":"engine","name":"handlebars","timestamp":1708456745046,"id":"kb8hd105kx055eb","previousEventId":"1vgglbagghgplbu","operationId":"62b58zsrm70r4lk","previousOperationId":"imfirji09ankk0k"}
{"type":"log","timestamp":1708456745046,"level":"debug","message":"Rendering engine handlebars","meta":{"rootId":"oj7omgfp8mobycf","id":"oj7omgfp8mobycf"},"id":"umftvhndpmtx9bt","previousOperationId":"62b58zsrm70r4lk"}
{"type":"operationEnd","operationId":"62b58zsrm70r4lk","timestamp":1708456745057,"id":"pbheaid9aar209s","previousEventId":"kb8hd105kx055eb","previousOperationId":"62b58zsrm70r4lk"}
{"type":"operationStart","subtype":"recipe","name":"chrome-pdf","timestamp":1708456745057,"id":"fwsu6q36ku4p83f","previousEventId":"pbheaid9aar209s","operationId":"hwc5vt4xrrppw1o","previousOperationId":"62b58zsrm70r4lk"}
{"type":"log","timestamp":1708456745057,"level":"debug","message":"Executing recipe chrome-pdf","meta":{"rootId":"oj7omgfp8mobycf","id":"oj7omgfp8mobycf"},"id":"78cpse7q40zjdgs","previousOperationId":"hwc5vt4xrrppw1o"}
{"type":"log","timestamp":1708456745058,"level":"debug","message":"Converting with chrome HeadlessChrome/117.0.5938.149 using chrome-pool strategy","meta":{"rootId":"oj7omgfp8mobycf","id":"oj7omgfp8mobycf"},"id":"qb4xmxgx3xao80v","previousOperationId":"hwc5vt4xrrppw1o"}
{"type":"log","timestamp":1708456745089,"level":"debug","message":"Page request: GET (document) file:///tmp/jsreport/autocleanup/7a938af5-f5fa-4cc2-8c82-34355a5e4e02-chrome-pdf.html","meta":{"rootId":"oj7omgfp8mobycf","id":"oj7omgfp8mobycf"},"id":"rfhqlxru3tdnyqd","previousOperationId":"hwc5vt4xrrppw1o"}
{"type":"log","timestamp":1708456745098,"level":"debug","message":"Page request: GET (stylesheet) https://cdn.jsdelivr.net/chartist.js/latest/chartist.min.css","meta":{"rootId":"oj7omgfp8mobycf","id":"oj7omgfp8mobycf"},"id":"lm9p84c9y1wqys0","previousOperationId":"hwc5vt4xrrppw1o"}
{"type":"log","timestamp":1708456745098,"level":"debug","message":"Page request: GET (script) https://cdn.jsdelivr.net/chartist.js/latest/chartist.min.js","meta":{"rootId":"oj7omgfp8mobycf","id":"oj7omgfp8mobycf"},"id":"qn7fcr35aysqso0","previousOperationId":"hwc5vt4xrrppw1o"}
{"type":"log","timestamp":1708456745099,"level":"debug","message":"Page request finished: GET (document) 200 file:///tmp/jsreport/autocleanup/7a938af5-f5fa-4cc2-8c82-34355a5e4e02-chrome-pdf.html","meta":{"rootId":"oj7omgfp8mobycf","id":"oj7omgfp8mobycf"},"id":"9z0wh0f1wzef7ak","previousOperationId":"hwc5vt4xrrppw1o"}
{"type":"log","timestamp":1708456745102,"level":"debug","message":"Page request finished: GET (stylesheet) 200 https://cdn.jsdelivr.net/chartist.js/latest/chartist.min.css","meta":{"rootId":"oj7omgfp8mobycf","id":"oj7omgfp8mobycf"},"id":"kw5e2qqt1t5aexh","previousOperationId":"hwc5vt4xrrppw1o"}
{"type":"log","timestamp":1708456745102,"level":"debug","message":"Page request finished: GET (script) 200 https://cdn.jsdelivr.net/chartist.js/latest/chartist.min.js","meta":{"rootId":"oj7omgfp8mobycf","id":"oj7omgfp8mobycf"},"id":"gutx6x527dw4qp9","previousOperationId":"hwc5vt4xrrppw1o"}
{"type":"log","timestamp":1708456745111,"level":"debug","message":"Running chrome with params {\"printBackground\":true,\"timeout\":59948,\"margin\":{}}","meta":{"rootId":"oj7omgfp8mobycf","id":"oj7omgfp8mobycf"},"id":"4vhbbccyg8m0ced","previousOperationId":"hwc5vt4xrrppw1o"}
{"type":"operationEnd","operationId":"hwc5vt4xrrppw1o","timestamp":1708456745126,"id":"hq5277uh55mgeta","previousEventId":"fwsu6q36ku4p83f","previousOperationId":"hwc5vt4xrrppw1o"}
{"type":"log","timestamp":1708456745126,"level":"debug","message":"Skipping storing report.","meta":{"rootId":"oj7omgfp8mobycf","id":"oj7omgfp8mobycf"},"id":"z9hkslhtxc8d8n3","previousOperationId":"hwc5vt4xrrppw1o"}
{"type":"log","timestamp":1708456745126,"level":"info","message":"Rendering request 68 finished in 121 ms","meta":{"rootId":"oj7omgfp8mobycf","id":"oj7omgfp8mobycf"},"id":"z7xx6tq1kzy4j3x","previousOperationId":"hwc5vt4xrrppw1o"}
{"type":"operationEnd","subtype":"render","operationId":"7v9vwanuadj6pvu","timestamp":1708456745126,"id":"hww0nlfpurptw7f","previousEventId":"hq5277uh55mgeta","previousOperationId":"hwc5vt4xrrppw1o"}
{"type":"operationEnd","doDiffs":false,"previousEventId":"vscv1917t0ffyfd","previousOperationId":"9sdiibde6xkpoqg","operationId":"9sdiibde6xkpoqg","timestamp":1708456745131,"id":"lrnvym0haxuhqps"}
