{"type":"operationStart","subtype":"profile","data":{"_id":"RsUEik1tDMXNgFcc","timestamp":"2024-02-20T17:33:45.247Z","state":"queued","mode":"standard","creationDate":"2024-02-20T17:33:45.252Z","modificationDate":"2024-02-20T17:33:45.252Z","shortid":"VDiJyu4","$entitySet":"profiles"},"doDiffs":false,"timestamp":1708450425249,"id":"da7y2o24747uj8s","previousOperationId":null,"operationId":"w3g9ulavj0ta1ks"}
{"type":"log","level":"info","message":"Render request 9 queued for execution and waiting for available worker","previousOperationId":"w3g9ulavj0ta1ks","timestamp":1708450425250,"id":"w2za4776hpaz2cd"}
{"type":"operationStart","subtype":"render","name":"TemplateList","previousOperationId":"w3g9ulavj0ta1ks","timestamp":1708450425273,"id":"mgfnvypkc0ofp0b","previousEventId":"da7y2o24747uj8s","operationId":"9worznrsljsvvc1"}
{"type":"log","timestamp":1708450425273,"level":"info","message":"Starting rendering request 9","meta":{"rootId":"oo071jd8zymfo1x","id":"oo071jd8zymfo1x"},"id":"j2u085h4i83hv6r","previousOperationId":"9worznrsljsvvc1"}
{"type":"log","timestamp":1708450425273,"level":"info","message":"Rendering template { name: TemplateList, recipe: chrome-pdf, engine: handlebars, preview: true }","meta":{"rootId":"oo071jd8zymfo1x","id":"oo071jd8zymfo1x"},"id":"prok3kjgxhlxovc","previousOperationId":"9worznrsljsvvc1"}
{"type":"log","timestamp":1708450425273,"level":"debug","message":"Data item not defined for this template.","meta":{"rootId":"oo071jd8zymfo1x","id":"oo071jd8zymfo1x"},"id":"fbml3o2bpcg51lu","previousOperationId":"9worznrsljsvvc1"}
{"type":"log","timestamp":1708450425275,"level":"debug","message":"Executing script list-data (beforeRender)","meta":{"rootId":"oo071jd8zymfo1x","id":"oo071jd8zymfo1x"},"id":"uydpjvb3am590bs","previousOperationId":"9worznrsljsvvc1"}
{"type":"operationStart","subtype":"scriptsBeforeRender","name":"scripts beforeRender","timestamp":1708450425283,"id":"tm8ojgd1g94j1s2","previousEventId":"mgfnvypkc0ofp0b","operationId":"ul7onqu7qhgc8bo","previousOperationId":"9worznrsljsvvc1"}
{"type":"operationStart","subtype":"script","name":"scripts list-data","previousOperationId":"ul7onqu7qhgc8bo","timestamp":1708450425283,"id":"932g14tgf4vzqu2","previousEventId":"tm8ojgd1g94j1s2","operationId":"yrg6hqsds4prrw3"}
{"type":"log","timestamp":1708450425285,"level":"debug","message":"(console:error) Error fetching lists: ReferenceError: fetch is not defined\n    at fetchlists (sandbox.js:2:22)\n    at Object.beforeRender (sandbox.js:13:32)\n    at executionFn (/home/miguel/workspace/tibuTicket/jsreports/node_modules/@jsreport/jsreport-scripts/lib/executeScript.js:67:35)\n    at sandbox.js:30:18\n    at async run (/home/miguel/workspace/tibuTicket/jsreports/node_modules/@jsreport/jsreport-core/lib/worker/sandbox/createSandbox.js:137:16)\n    at async WorkerReporter.runInSandbox [as _runInSandbox] (/home/miguel/workspace/tibuTicket/jsreports/node_modules/@jsreport/jsreport-core/lib/worker/sandbox/runInSandbox.js:195:14)\n    at async executeScript (/home/miguel/workspace/tibuTicket/jsreports/node_modules/@jsreport/jsreport-scripts/lib/executeScript.js:122:12)\n    at async Scripts._runScript (/home/miguel/workspace/tibuTicket/jsreports/node_modules/@jsreport/jsreport-scripts/lib/worker.js:140:30)\n    at async Scripts.handleBeforeRender (/home/miguel/workspace/tibuTicket/jsreports/node_modules/@jsreport/jsreport-scripts/lib/worker.js:64:7)\n    at async ListenerCollection.fire (/home/miguel/workspace/tibuTicket/jsreports/node_modules/@jsreport/jsreport-core/lib/shared/listenerCollection.js:157:21)","meta":{"userLevel":true,"rootId":"oo071jd8zymfo1x","id":"oo071jd8zymfo1x"},"id":"wlxhyenzdme4nmz","previousOperationId":"yrg6hqsds4prrw3"}
{"type":"operationEnd","operationId":"yrg6hqsds4prrw3","timestamp":1708450425285,"id":"j98ixv6xzd379nl","previousEventId":"mgfnvypkc0ofp0b","previousOperationId":"9worznrsljsvvc1"}
{"type":"operationEnd","operationId":"ul7onqu7qhgc8bo","timestamp":1708450425285,"id":"r8msorpxyf5efwg","previousEventId":"j98ixv6xzd379nl","previousOperationId":"9worznrsljsvvc1"}
{"type":"log","timestamp":1708450425285,"level":"debug","message":"Base url not specified, skipping its injection.","meta":{"rootId":"oo071jd8zymfo1x","id":"oo071jd8zymfo1x"},"id":"7up5xnilpedfdhp","previousOperationId":"ul7onqu7qhgc8bo"}
{"type":"operationStart","subtype":"engine","name":"handlebars","timestamp":1708450425286,"id":"cxu512aobh9teri","previousEventId":"r8msorpxyf5efwg","operationId":"ehqdq9g55ltfqpr","previousOperationId":"ul7onqu7qhgc8bo"}
{"type":"log","timestamp":1708450425286,"level":"debug","message":"Rendering engine handlebars","meta":{"rootId":"oo071jd8zymfo1x","id":"oo071jd8zymfo1x"},"id":"9ceajlnakxxtys1","previousOperationId":"ehqdq9g55ltfqpr"}
{"type":"operationEnd","operationId":"ehqdq9g55ltfqpr","timestamp":1708450425301,"id":"qwu56zi89arqg1v","previousEventId":"cxu512aobh9teri","previousOperationId":"ehqdq9g55ltfqpr"}
{"type":"operationStart","subtype":"recipe","name":"chrome-pdf","timestamp":1708450425301,"id":"8xsdvv0qvrn09rf","previousEventId":"qwu56zi89arqg1v","operationId":"qcmju6sfu7wgtgv","previousOperationId":"ehqdq9g55ltfqpr"}
{"type":"log","timestamp":1708450425302,"level":"debug","message":"Executing recipe chrome-pdf","meta":{"rootId":"oo071jd8zymfo1x","id":"oo071jd8zymfo1x"},"id":"nv5e9bcx4b28a63","previousOperationId":"qcmju6sfu7wgtgv"}
{"type":"log","timestamp":1708450425304,"level":"debug","message":"Converting with chrome HeadlessChrome/117.0.5938.149 using chrome-pool strategy","meta":{"rootId":"oo071jd8zymfo1x","id":"oo071jd8zymfo1x"},"id":"a0w9tk4zm2egevo","previousOperationId":"qcmju6sfu7wgtgv"}
{"type":"log","timestamp":1708450425338,"level":"debug","message":"Page request: GET (document) file:///tmp/jsreport/autocleanup/ab15c228-7377-47d7-a965-c3b91d0b7401-chrome-pdf.html","meta":{"rootId":"oo071jd8zymfo1x","id":"oo071jd8zymfo1x"},"id":"9j4tj7da9xkc0le","previousOperationId":"qcmju6sfu7wgtgv"}
{"type":"log","timestamp":1708450425348,"level":"debug","message":"Page request: GET (stylesheet) https://cdn.jsdelivr.net/chartist.js/latest/chartist.min.css","meta":{"rootId":"oo071jd8zymfo1x","id":"oo071jd8zymfo1x"},"id":"pmzf33az9vzkt5i","previousOperationId":"qcmju6sfu7wgtgv"}
{"type":"log","timestamp":1708450425348,"level":"debug","message":"Page request: GET (script) https://cdn.jsdelivr.net/chartist.js/latest/chartist.min.js","meta":{"rootId":"oo071jd8zymfo1x","id":"oo071jd8zymfo1x"},"id":"9egyfd7txyf5ygu","previousOperationId":"qcmju6sfu7wgtgv"}
{"type":"log","timestamp":1708450425348,"level":"debug","message":"Page request: GET (script) https://code.jquery.com/jquery-3.6.0.min.js","meta":{"rootId":"oo071jd8zymfo1x","id":"oo071jd8zymfo1x"},"id":"bwuvsmi8nfey39o","previousOperationId":"qcmju6sfu7wgtgv"}
{"type":"log","timestamp":1708450425349,"level":"debug","message":"Page request finished: GET (document) 200 file:///tmp/jsreport/autocleanup/ab15c228-7377-47d7-a965-c3b91d0b7401-chrome-pdf.html","meta":{"rootId":"oo071jd8zymfo1x","id":"oo071jd8zymfo1x"},"id":"1fosad8m7ygboe6","previousOperationId":"qcmju6sfu7wgtgv"}
{"type":"log","timestamp":1708450425350,"level":"debug","message":"Page request finished: GET (stylesheet) 200 https://cdn.jsdelivr.net/chartist.js/latest/chartist.min.css","meta":{"rootId":"oo071jd8zymfo1x","id":"oo071jd8zymfo1x"},"id":"bqltzgterpubv7k","previousOperationId":"qcmju6sfu7wgtgv"}
{"type":"log","timestamp":1708450425353,"level":"debug","message":"Page request finished: GET (script) 200 https://cdn.jsdelivr.net/chartist.js/latest/chartist.min.js","meta":{"rootId":"oo071jd8zymfo1x","id":"oo071jd8zymfo1x"},"id":"ll6o7u702ahjunz","previousOperationId":"qcmju6sfu7wgtgv"}
{"type":"log","timestamp":1708450425356,"level":"debug","message":"Page request finished: GET (script) 200 https://code.jquery.com/jquery-3.6.0.min.js","meta":{"rootId":"oo071jd8zymfo1x","id":"oo071jd8zymfo1x"},"id":"v1gzg9jmifv6w25","previousOperationId":"qcmju6sfu7wgtgv"}
{"type":"log","timestamp":1708450425366,"level":"debug","message":"(console:log) Lists: ","meta":{"userLevel":true,"rootId":"oo071jd8zymfo1x","id":"oo071jd8zymfo1x"},"id":"7boeddkbxo6tqft","previousOperationId":"qcmju6sfu7wgtgv"}
{"type":"log","timestamp":1708450425369,"level":"debug","message":"Running chrome with params {\"printBackground\":true,\"timeout\":59945,\"margin\":{}}","meta":{"rootId":"oo071jd8zymfo1x","id":"oo071jd8zymfo1x"},"id":"epklmoa5lrxrp28","previousOperationId":"qcmju6sfu7wgtgv"}
{"type":"operationEnd","operationId":"qcmju6sfu7wgtgv","timestamp":1708450425380,"id":"jyp3gjs0rekre2y","previousEventId":"8xsdvv0qvrn09rf","previousOperationId":"qcmju6sfu7wgtgv"}
{"type":"log","timestamp":1708450425380,"level":"debug","message":"Skipping storing report.","meta":{"rootId":"oo071jd8zymfo1x","id":"oo071jd8zymfo1x"},"id":"xu9cs82k68si0e6","previousOperationId":"qcmju6sfu7wgtgv"}
{"type":"log","timestamp":1708450425380,"level":"info","message":"Rendering request 9 finished in 133 ms","meta":{"rootId":"oo071jd8zymfo1x","id":"oo071jd8zymfo1x"},"id":"lanmtp7wgcyp0ct","previousOperationId":"qcmju6sfu7wgtgv"}
{"type":"operationEnd","subtype":"render","operationId":"9worznrsljsvvc1","timestamp":1708450425380,"id":"2k8i6k4u4rc6g6c","previousEventId":"jyp3gjs0rekre2y","previousOperationId":"qcmju6sfu7wgtgv"}
{"type":"operationEnd","doDiffs":false,"previousEventId":"da7y2o24747uj8s","previousOperationId":"w3g9ulavj0ta1ks","operationId":"w3g9ulavj0ta1ks","timestamp":1708450425387,"id":"e6psmcimrt3l83a"}
