{"type":"operationStart","subtype":"profile","data":{"_id":"sVMOJCtXRq7Mh2mz","timestamp":"2024-02-20T18:51:18.524Z","state":"queued","mode":"standard","creationDate":"2024-02-20T18:51:18.526Z","modificationDate":"2024-02-20T18:51:18.526Z","shortid":"96q5buV","$entitySet":"profiles"},"doDiffs":false,"timestamp":1708455078525,"id":"wmpcpczvt4lyc6t","previousOperationId":null,"operationId":"fxt2h8wklb6ji87"}
{"type":"log","level":"info","message":"Render request 22 queued for execution and waiting for available worker","previousOperationId":"fxt2h8wklb6ji87","timestamp":1708455078525,"id":"4ndwgl7xuncp8cm"}
{"type":"operationStart","subtype":"render","name":"TemplateList","previousOperationId":"fxt2h8wklb6ji87","timestamp":1708455078530,"id":"9kv5unnhfmq7uwd","previousEventId":"wmpcpczvt4lyc6t","operationId":"0x30qy2rtfdusux"}
{"type":"log","timestamp":1708455078530,"level":"info","message":"Starting rendering request 22","meta":{"rootId":"os6y7b73unfxhqy","id":"os6y7b73unfxhqy"},"id":"vxrl2yzjcukfmcm","previousOperationId":"0x30qy2rtfdusux"}
{"type":"log","timestamp":1708455078530,"level":"info","message":"Rendering template { name: TemplateList, recipe: chrome-pdf, engine: handlebars, preview: true }","meta":{"rootId":"os6y7b73unfxhqy","id":"os6y7b73unfxhqy"},"id":"bg4swezyor4ziyo","previousOperationId":"0x30qy2rtfdusux"}
{"type":"log","timestamp":1708455078530,"level":"debug","message":"Data item not defined for this template.","meta":{"rootId":"os6y7b73unfxhqy","id":"os6y7b73unfxhqy"},"id":"86ydkey8stub5sr","previousOperationId":"0x30qy2rtfdusux"}
{"type":"log","timestamp":1708455078531,"level":"debug","message":"Executing script list-data (beforeRender)","meta":{"rootId":"os6y7b73unfxhqy","id":"os6y7b73unfxhqy"},"id":"lbosr7ygb5xn9mm","previousOperationId":"0x30qy2rtfdusux"}
{"type":"operationStart","subtype":"scriptsBeforeRender","name":"scripts beforeRender","timestamp":1708455078535,"id":"c1axrprpy753lpc","previousEventId":"9kv5unnhfmq7uwd","operationId":"leuijakk9jsxkda","previousOperationId":"0x30qy2rtfdusux"}
{"type":"operationStart","subtype":"script","name":"scripts list-data","previousOperationId":"leuijakk9jsxkda","timestamp":1708455078535,"id":"it52pxy1zshfufd","previousEventId":"c1axrprpy753lpc","operationId":"ro3frdi819edang"}
{"type":"log","timestamp":1708455078554,"level":"debug","message":"(console:log) [\n  {\n    list_description: {\n      id: 3,\n      list_name: 'stjsjshtshn',\n      list_current_number: 0,\n      list_limit_number: 0\n    },\n    list_image: {\n      url: 'http://localhost:4000/rails/active_storage/blobs/redirect/eyJfcmFpbHMiOnsiZGF0YSI6NCwicHVyIjoiYmxvYl9pZCJ9fQ==--023aae65cb60b3f6c6d73a9c76e14c0b0df6ad86/dibujoadrian.jpg'\n    }\n  },\n  {\n    list_description: {\n      id: 1,\n      list_name: 'charcuteria',\n      list_current_number: 0,\n      list_limit_number: 0\n    },\n    list_image: {\n      url: 'http://localhost:4000/rails/active_storage/blobs/redirect/eyJfcmFpbHMiOnsiZGF0YSI6MiwicHVyIjoiYmxvYl9pZCJ9fQ==--ee6d56bf52163135b48a4ba2c22b11a93e94d3b3/charcuteria.png'\n    }\n  },\n  {\n    list_description: {\n      id: 2,\n      list_name: 'sarshisha',\n      list_current_number: 13,\n      list_limit_number: 0\n    },\n    list_image: {\n      url: 'http://localhost:4000/rails/active_storage/blobs/redirect/eyJfcmFpbHMiOnsiZGF0YSI6MywicHVyIjoiYmxvYl9pZCJ9fQ==--07183cfade35ce6ffe715f60749642919ec61f5d/charcuteria.png'\n    }\n  }\n]","meta":{"userLevel":true,"rootId":"os6y7b73unfxhqy","id":"os6y7b73unfxhqy"},"id":"u9a4stnedwwdx9y","previousOperationId":"ro3frdi819edang"}
{"type":"log","timestamp":1708455078561,"level":"debug","message":"(console:log) [\n  {\n    id: 1,\n    nickname: 'a',\n    is_admin: true,\n    suscriptor: null,\n    created_at: '2024-02-20T16:45:37.609Z',\n    updated_at: '2024-02-20T16:45:37.729Z',\n    email: 'a@a.a',\n    jti: '6a2b57ca-af4b-47a0-8285-477cffafa34b'\n  }\n]","meta":{"userLevel":true,"rootId":"os6y7b73unfxhqy","id":"os6y7b73unfxhqy"},"id":"0pmczmyqi1ya6g6","previousOperationId":"ro3frdi819edang"}
{"type":"operationEnd","operationId":"ro3frdi819edang","timestamp":1708455078562,"id":"f4e26ewwbg0jspu","previousEventId":"9kv5unnhfmq7uwd","previousOperationId":"0x30qy2rtfdusux"}
{"type":"operationEnd","operationId":"leuijakk9jsxkda","timestamp":1708455078562,"id":"vcvah4kdf8e8up2","previousEventId":"f4e26ewwbg0jspu","previousOperationId":"0x30qy2rtfdusux"}
{"type":"log","timestamp":1708455078562,"level":"debug","message":"Base url not specified, skipping its injection.","meta":{"rootId":"os6y7b73unfxhqy","id":"os6y7b73unfxhqy"},"id":"l7gkm6dxch80yr3","previousOperationId":"leuijakk9jsxkda"}
{"type":"operationStart","subtype":"engine","name":"handlebars","timestamp":1708455078562,"id":"8lwzg3org49hd1i","previousEventId":"vcvah4kdf8e8up2","operationId":"9y9h78fg2c9xr88","previousOperationId":"leuijakk9jsxkda"}
{"type":"log","timestamp":1708455078562,"level":"debug","message":"Rendering engine handlebars","meta":{"rootId":"os6y7b73unfxhqy","id":"os6y7b73unfxhqy"},"id":"z5fgojclxastgom","previousOperationId":"9y9h78fg2c9xr88"}
{"type":"operationEnd","operationId":"9y9h78fg2c9xr88","timestamp":1708455078574,"id":"7jju6zsuknkc579","previousEventId":"8lwzg3org49hd1i","previousOperationId":"9y9h78fg2c9xr88"}
{"type":"operationStart","subtype":"recipe","name":"chrome-pdf","timestamp":1708455078575,"id":"zfkktijb3iw5418","previousEventId":"7jju6zsuknkc579","operationId":"s6quymsm8x6f4pu","previousOperationId":"9y9h78fg2c9xr88"}
{"type":"log","timestamp":1708455078575,"level":"debug","message":"Executing recipe chrome-pdf","meta":{"rootId":"os6y7b73unfxhqy","id":"os6y7b73unfxhqy"},"id":"91xfxk58bgn1ye5","previousOperationId":"s6quymsm8x6f4pu"}
{"type":"log","timestamp":1708455078576,"level":"debug","message":"Converting with chrome HeadlessChrome/117.0.5938.149 using chrome-pool strategy","meta":{"rootId":"os6y7b73unfxhqy","id":"os6y7b73unfxhqy"},"id":"cahiw4794p0d6dk","previousOperationId":"s6quymsm8x6f4pu"}
{"type":"log","timestamp":1708455078609,"level":"debug","message":"Page request: GET (document) file:///tmp/jsreport/autocleanup/09ab794e-4340-4f32-ac97-97edb947363c-chrome-pdf.html","meta":{"rootId":"os6y7b73unfxhqy","id":"os6y7b73unfxhqy"},"id":"3o6txyqfpgdyihd","previousOperationId":"s6quymsm8x6f4pu"}
{"type":"log","timestamp":1708455078616,"level":"debug","message":"Page request: GET (stylesheet) https://cdn.jsdelivr.net/chartist.js/latest/chartist.min.css","meta":{"rootId":"os6y7b73unfxhqy","id":"os6y7b73unfxhqy"},"id":"m7elrzsqjvt3e5t","previousOperationId":"s6quymsm8x6f4pu"}
{"type":"log","timestamp":1708455078617,"level":"debug","message":"Page request: GET (script) https://cdn.jsdelivr.net/chartist.js/latest/chartist.min.js","meta":{"rootId":"os6y7b73unfxhqy","id":"os6y7b73unfxhqy"},"id":"vae1tlq7fx12pmd","previousOperationId":"s6quymsm8x6f4pu"}
{"type":"log","timestamp":1708455078617,"level":"debug","message":"Page request: GET (script) https://code.jquery.com/jquery-3.6.0.min.js","meta":{"rootId":"os6y7b73unfxhqy","id":"os6y7b73unfxhqy"},"id":"67ixh681tzgyi8g","previousOperationId":"s6quymsm8x6f4pu"}
{"type":"log","timestamp":1708455078617,"level":"debug","message":"Page request: GET (script) https://cdn.jsdelivr.net/npm/chart.js","meta":{"rootId":"os6y7b73unfxhqy","id":"os6y7b73unfxhqy"},"id":"dyzu0ckdw9llxel","previousOperationId":"s6quymsm8x6f4pu"}
{"type":"log","timestamp":1708455078617,"level":"debug","message":"Page request finished: GET (document) 200 file:///tmp/jsreport/autocleanup/09ab794e-4340-4f32-ac97-97edb947363c-chrome-pdf.html","meta":{"rootId":"os6y7b73unfxhqy","id":"os6y7b73unfxhqy"},"id":"cfh2pfh6mgc8ahf","previousOperationId":"s6quymsm8x6f4pu"}
{"type":"log","timestamp":1708455078620,"level":"debug","message":"Page request finished: GET (stylesheet) 200 https://cdn.jsdelivr.net/chartist.js/latest/chartist.min.css","meta":{"rootId":"os6y7b73unfxhqy","id":"os6y7b73unfxhqy"},"id":"97szswzawfyf4zt","previousOperationId":"s6quymsm8x6f4pu"}
{"type":"log","timestamp":1708455078622,"level":"debug","message":"Page request finished: GET (script) 200 https://cdn.jsdelivr.net/chartist.js/latest/chartist.min.js","meta":{"rootId":"os6y7b73unfxhqy","id":"os6y7b73unfxhqy"},"id":"xfxwbinpdsq7m6u","previousOperationId":"s6quymsm8x6f4pu"}
{"type":"log","timestamp":1708455078623,"level":"debug","message":"Page request finished: GET (script) 200 https://code.jquery.com/jquery-3.6.0.min.js","meta":{"rootId":"os6y7b73unfxhqy","id":"os6y7b73unfxhqy"},"id":"a7lnttvsee45nkm","previousOperationId":"s6quymsm8x6f4pu"}
{"type":"log","timestamp":1708455078628,"level":"debug","message":"Page request finished: GET (script) 200 https://cdn.jsdelivr.net/npm/chart.js","meta":{"rootId":"os6y7b73unfxhqy","id":"os6y7b73unfxhqy"},"id":"uzpky31vpb8oqko","previousOperationId":"s6quymsm8x6f4pu"}
{"type":"log","timestamp":1708455078668,"level":"debug","message":"Running chrome with params {\"printBackground\":true,\"timeout\":59949,\"margin\":{}}","meta":{"rootId":"os6y7b73unfxhqy","id":"os6y7b73unfxhqy"},"id":"3fugn8wlhkgmdjb","previousOperationId":"s6quymsm8x6f4pu"}
{"type":"operationEnd","operationId":"s6quymsm8x6f4pu","timestamp":1708455078696,"id":"43eb3tda28y0eac","previousEventId":"zfkktijb3iw5418","previousOperationId":"s6quymsm8x6f4pu"}
{"type":"log","timestamp":1708455078696,"level":"debug","message":"Skipping storing report.","meta":{"rootId":"os6y7b73unfxhqy","id":"os6y7b73unfxhqy"},"id":"45cx5rjty7a2ly7","previousOperationId":"s6quymsm8x6f4pu"}
{"type":"log","timestamp":1708455078696,"level":"info","message":"Rendering request 22 finished in 172 ms","meta":{"rootId":"os6y7b73unfxhqy","id":"os6y7b73unfxhqy"},"id":"s5ruohr28k4cmcr","previousOperationId":"s6quymsm8x6f4pu"}
{"type":"operationEnd","subtype":"render","operationId":"0x30qy2rtfdusux","timestamp":1708455078696,"id":"cct7142islevv06","previousEventId":"43eb3tda28y0eac","previousOperationId":"s6quymsm8x6f4pu"}
{"type":"operationEnd","doDiffs":false,"previousEventId":"wmpcpczvt4lyc6t","previousOperationId":"fxt2h8wklb6ji87","operationId":"fxt2h8wklb6ji87","timestamp":1708455078702,"id":"exqfsabqx676afa"}
