{"type":"operationStart","subtype":"profile","data":{"_id":"h4kublXyE03uO9Ja","timestamp":"2024-02-20T18:35:09.645Z","state":"queued","mode":"standard","creationDate":"2024-02-20T18:35:09.646Z","modificationDate":"2024-02-20T18:35:09.646Z","shortid":"DnSOf6R","$entitySet":"profiles"},"doDiffs":false,"timestamp":1708454109646,"id":"q99lif8917ikv9r","previousOperationId":null,"operationId":"fhpp58nhrb629y0"}
{"type":"log","level":"info","message":"Render request 2 queued for execution and waiting for available worker","previousOperationId":"fhpp58nhrb629y0","timestamp":1708454109646,"id":"087zzff7cccpcyw"}
{"type":"operationStart","subtype":"render","name":"TemplateList","previousOperationId":"fhpp58nhrb629y0","timestamp":1708454109650,"id":"97tmwgqbqbn0rwq","previousEventId":"q99lif8917ikv9r","operationId":"kj0x9n9a6ofp64d"}
{"type":"log","timestamp":1708454109651,"level":"info","message":"Starting rendering request 2","meta":{"rootId":"p07wsn1yv4nfdug","id":"p07wsn1yv4nfdug"},"id":"xkaxeq4gzyhry33","previousOperationId":"kj0x9n9a6ofp64d"}
{"type":"log","timestamp":1708454109651,"level":"info","message":"Rendering template { name: TemplateList, recipe: chrome-pdf, engine: handlebars, preview: false }","meta":{"rootId":"p07wsn1yv4nfdug","id":"p07wsn1yv4nfdug"},"id":"hikszti5my21myn","previousOperationId":"kj0x9n9a6ofp64d"}
{"type":"log","timestamp":1708454109653,"level":"debug","message":"Data item not defined for this template.","meta":{"rootId":"p07wsn1yv4nfdug","id":"p07wsn1yv4nfdug"},"id":"xx883opwytmbkf8","previousOperationId":"kj0x9n9a6ofp64d"}
{"type":"log","timestamp":1708454109655,"level":"debug","message":"Executing script list-data (beforeRender)","meta":{"rootId":"p07wsn1yv4nfdug","id":"p07wsn1yv4nfdug"},"id":"tdt1iwqga8n61gh","previousOperationId":"kj0x9n9a6ofp64d"}
{"type":"operationStart","subtype":"scriptsBeforeRender","name":"scripts beforeRender","timestamp":1708454109847,"id":"c9yud27huqqysjx","previousEventId":"97tmwgqbqbn0rwq","operationId":"ddmcqon0jti6mfz","previousOperationId":"kj0x9n9a6ofp64d"}
{"type":"operationStart","subtype":"script","name":"scripts list-data","previousOperationId":"ddmcqon0jti6mfz","timestamp":1708454109847,"id":"1k3urtvcmqlrr6y","previousEventId":"c9yud27huqqysjx","operationId":"6jxz7qn7irlk7sq"}
{"type":"log","timestamp":1708454109878,"level":"debug","message":"(console:log) [\n  {\n    list_description: {\n      id: 3,\n      list_name: 'stjsjshtshn',\n      list_current_number: 0,\n      list_limit_number: 0\n    },\n    list_image: {\n      url: 'http://localhost:4000/rails/active_storage/blobs/redirect/eyJfcmFpbHMiOnsiZGF0YSI6NCwicHVyIjoiYmxvYl9pZCJ9fQ==--023aae65cb60b3f6c6d73a9c76e14c0b0df6ad86/dibujoadrian.jpg'\n    }\n  },\n  {\n    list_description: {\n      id: 1,\n      list_name: 'charcuteria',\n      list_current_number: 0,\n      list_limit_number: 0\n    },\n    list_image: {\n      url: 'http://localhost:4000/rails/active_storage/blobs/redirect/eyJfcmFpbHMiOnsiZGF0YSI6MiwicHVyIjoiYmxvYl9pZCJ9fQ==--ee6d56bf52163135b48a4ba2c22b11a93e94d3b3/charcuteria.png'\n    }\n  },\n  {\n    list_description: {\n      id: 2,\n      list_name: 'sarshisha',\n      list_current_number: 13,\n      list_limit_number: 0\n    },\n    list_image: {\n      url: 'http://localhost:4000/rails/active_storage/blobs/redirect/eyJfcmFpbHMiOnsiZGF0YSI6MywicHVyIjoiYmxvYl9pZCJ9fQ==--07183cfade35ce6ffe715f60749642919ec61f5d/charcuteria.png'\n    }\n  }\n]","meta":{"userLevel":true,"rootId":"p07wsn1yv4nfdug","id":"p07wsn1yv4nfdug"},"id":"pet498gjze4unlq","previousOperationId":"6jxz7qn7irlk7sq"}
{"type":"log","timestamp":1708454109885,"level":"debug","message":"(console:log) [\n  {\n    id: 1,\n    nickname: 'a',\n    is_admin: true,\n    suscriptor: null,\n    created_at: '2024-02-20T16:45:37.609Z',\n    updated_at: '2024-02-20T16:45:37.729Z',\n    email: 'a@a.a',\n    jti: '6a2b57ca-af4b-47a0-8285-477cffafa34b'\n  }\n]","meta":{"userLevel":true,"rootId":"p07wsn1yv4nfdug","id":"p07wsn1yv4nfdug"},"id":"qyr72rn7sclqfsl","previousOperationId":"6jxz7qn7irlk7sq"}
{"type":"operationEnd","operationId":"6jxz7qn7irlk7sq","timestamp":1708454109886,"id":"3giruedoigbkxb6","previousEventId":"97tmwgqbqbn0rwq","previousOperationId":"kj0x9n9a6ofp64d"}
{"type":"operationEnd","operationId":"ddmcqon0jti6mfz","timestamp":1708454109886,"id":"imfr30kq6gqai0g","previousEventId":"3giruedoigbkxb6","previousOperationId":"kj0x9n9a6ofp64d"}
{"type":"log","timestamp":1708454109886,"level":"debug","message":"Base url not specified, skipping its injection.","meta":{"rootId":"p07wsn1yv4nfdug","id":"p07wsn1yv4nfdug"},"id":"roo194v6g16bbde","previousOperationId":"ddmcqon0jti6mfz"}
{"type":"operationStart","subtype":"engine","name":"handlebars","timestamp":1708454109887,"id":"ekx1lxv9xcpi8b0","previousEventId":"imfr30kq6gqai0g","operationId":"da93uxy0qdb8tzp","previousOperationId":"ddmcqon0jti6mfz"}
{"type":"log","timestamp":1708454109887,"level":"debug","message":"Rendering engine handlebars","meta":{"rootId":"p07wsn1yv4nfdug","id":"p07wsn1yv4nfdug"},"id":"bd4k13d9jaqrnci","previousOperationId":"da93uxy0qdb8tzp"}
{"type":"operationEnd","operationId":"da93uxy0qdb8tzp","timestamp":1708454110057,"id":"s6wplsan5ip0o2u","previousEventId":"ekx1lxv9xcpi8b0","previousOperationId":"da93uxy0qdb8tzp"}
{"type":"operationStart","subtype":"recipe","name":"chrome-pdf","timestamp":1708454110057,"id":"nmtt1o6fr47q41i","previousEventId":"s6wplsan5ip0o2u","operationId":"f9fbvzr561j55pc","previousOperationId":"da93uxy0qdb8tzp"}
{"type":"log","timestamp":1708454110057,"level":"debug","message":"Executing recipe chrome-pdf","meta":{"rootId":"p07wsn1yv4nfdug","id":"p07wsn1yv4nfdug"},"id":"n5diq48zzl15702","previousOperationId":"f9fbvzr561j55pc"}
{"type":"log","timestamp":1708454110341,"level":"debug","message":"Converting with chrome HeadlessChrome/117.0.5938.149 using chrome-pool strategy","meta":{"rootId":"p07wsn1yv4nfdug","id":"p07wsn1yv4nfdug"},"id":"flxik0b38qohif1","previousOperationId":"f9fbvzr561j55pc"}
{"type":"log","timestamp":1708454110385,"level":"debug","message":"Page request: GET (document) file:///tmp/jsreport/autocleanup/77efb92d-0f65-4e80-8cf5-79468b941633-chrome-pdf.html","meta":{"rootId":"p07wsn1yv4nfdug","id":"p07wsn1yv4nfdug"},"id":"h4adh538im73c2j","previousOperationId":"f9fbvzr561j55pc"}
{"type":"log","timestamp":1708454110392,"level":"debug","message":"Page request: GET (stylesheet) https://cdn.jsdelivr.net/chartist.js/latest/chartist.min.css","meta":{"rootId":"p07wsn1yv4nfdug","id":"p07wsn1yv4nfdug"},"id":"8z0lnu96sscy126","previousOperationId":"f9fbvzr561j55pc"}
{"type":"log","timestamp":1708454110392,"level":"debug","message":"Page request: GET (script) https://cdn.jsdelivr.net/chartist.js/latest/chartist.min.js","meta":{"rootId":"p07wsn1yv4nfdug","id":"p07wsn1yv4nfdug"},"id":"2ilbbqsn7afqf5k","previousOperationId":"f9fbvzr561j55pc"}
{"type":"log","timestamp":1708454110392,"level":"debug","message":"Page request: GET (script) https://code.jquery.com/jquery-3.6.0.min.js","meta":{"rootId":"p07wsn1yv4nfdug","id":"p07wsn1yv4nfdug"},"id":"xoj8p1uc74hqrj2","previousOperationId":"f9fbvzr561j55pc"}
{"type":"log","timestamp":1708454110393,"level":"debug","message":"Page request: GET (script) https://cdn.jsdelivr.net/npm/chart.js","meta":{"rootId":"p07wsn1yv4nfdug","id":"p07wsn1yv4nfdug"},"id":"i8ksogrll9y2cav","previousOperationId":"f9fbvzr561j55pc"}
{"type":"log","timestamp":1708454110393,"level":"debug","message":"Page request finished: GET (document) 200 file:///tmp/jsreport/autocleanup/77efb92d-0f65-4e80-8cf5-79468b941633-chrome-pdf.html","meta":{"rootId":"p07wsn1yv4nfdug","id":"p07wsn1yv4nfdug"},"id":"450io4xh65ceuep","previousOperationId":"f9fbvzr561j55pc"}
{"type":"log","timestamp":1708454110565,"level":"debug","message":"Page request finished: GET (script) 200 https://code.jquery.com/jquery-3.6.0.min.js","meta":{"rootId":"p07wsn1yv4nfdug","id":"p07wsn1yv4nfdug"},"id":"sdn8945e9gwo125","previousOperationId":"f9fbvzr561j55pc"}
{"type":"log","timestamp":1708454110582,"level":"debug","message":"Page request finished: GET (stylesheet) 200 https://cdn.jsdelivr.net/chartist.js/latest/chartist.min.css","meta":{"rootId":"p07wsn1yv4nfdug","id":"p07wsn1yv4nfdug"},"id":"mfro42gnb8m2o7p","previousOperationId":"f9fbvzr561j55pc"}
{"type":"log","timestamp":1708454110592,"level":"debug","message":"Page request finished: GET (script) 200 https://cdn.jsdelivr.net/chartist.js/latest/chartist.min.js","meta":{"rootId":"p07wsn1yv4nfdug","id":"p07wsn1yv4nfdug"},"id":"4x9opz5c5x9e2rj","previousOperationId":"f9fbvzr561j55pc"}
{"type":"log","timestamp":1708454110633,"level":"debug","message":"Page request finished: GET (script) 200 https://cdn.jsdelivr.net/npm/chart.js","meta":{"rootId":"p07wsn1yv4nfdug","id":"p07wsn1yv4nfdug"},"id":"z61eb7d3sdnidtn","previousOperationId":"f9fbvzr561j55pc"}
{"type":"log","timestamp":1708454110676,"level":"debug","message":"Running chrome with params {\"printBackground\":true,\"timeout\":59443,\"margin\":{}}","meta":{"rootId":"p07wsn1yv4nfdug","id":"p07wsn1yv4nfdug"},"id":"d4wx9mbd4d6s5oc","previousOperationId":"f9fbvzr561j55pc"}
{"type":"operationEnd","operationId":"f9fbvzr561j55pc","timestamp":1708454110708,"id":"3pnzpwo7ayd23dt","previousEventId":"nmtt1o6fr47q41i","previousOperationId":"f9fbvzr561j55pc"}
{"type":"log","timestamp":1708454110708,"level":"debug","message":"Skipping storing report.","meta":{"rootId":"p07wsn1yv4nfdug","id":"p07wsn1yv4nfdug"},"id":"8ioiii385cg7bm6","previousOperationId":"f9fbvzr561j55pc"}
{"type":"log","timestamp":1708454110709,"level":"info","message":"Rendering request 2 finished in 1065 ms","meta":{"rootId":"p07wsn1yv4nfdug","id":"p07wsn1yv4nfdug"},"id":"ldguqy3f8197xeh","previousOperationId":"f9fbvzr561j55pc"}
{"type":"operationEnd","subtype":"render","operationId":"kj0x9n9a6ofp64d","timestamp":1708454110709,"id":"2ih3qa16ybifdyw","previousEventId":"3pnzpwo7ayd23dt","previousOperationId":"f9fbvzr561j55pc"}
{"type":"operationEnd","doDiffs":false,"previousEventId":"q99lif8917ikv9r","previousOperationId":"fhpp58nhrb629y0","operationId":"fhpp58nhrb629y0","timestamp":1708454110710,"id":"00yjvrs74026bzc"}
