{"type":"operationStart","subtype":"profile","data":{"_id":"0bQvYdn29c2IIbB4","timestamp":"2024-02-20T18:52:01.995Z","state":"queued","mode":"standard","creationDate":"2024-02-20T18:52:01.995Z","modificationDate":"2024-02-20T18:52:01.995Z","shortid":"cWf7Jnl","$entitySet":"profiles"},"doDiffs":false,"timestamp":1708455121995,"id":"rnbk0tj5s0dsndk","previousOperationId":null,"operationId":"rb731k99drl8oie"}
{"type":"log","level":"info","message":"Render request 26 queued for execution and waiting for available worker","previousOperationId":"rb731k99drl8oie","timestamp":1708455121995,"id":"neou3qo3qiobyb5"}
{"type":"operationStart","subtype":"render","name":"TemplateList","previousOperationId":"rb731k99drl8oie","timestamp":1708455121999,"id":"qz19za7axjanndp","previousEventId":"rnbk0tj5s0dsndk","operationId":"0nowf3hn57s1z2q"}
{"type":"log","timestamp":1708455121999,"level":"info","message":"Starting rendering request 26","meta":{"rootId":"p2engle5rkggjh3","id":"p2engle5rkggjh3"},"id":"b01rbxvqm9xsf7k","previousOperationId":"0nowf3hn57s1z2q"}
{"type":"log","timestamp":1708455121999,"level":"info","message":"Rendering template { name: TemplateList, recipe: chrome-pdf, engine: handlebars, preview: true }","meta":{"rootId":"p2engle5rkggjh3","id":"p2engle5rkggjh3"},"id":"wufs1srda610r8k","previousOperationId":"0nowf3hn57s1z2q"}
{"type":"log","timestamp":1708455122000,"level":"debug","message":"Data item not defined for this template.","meta":{"rootId":"p2engle5rkggjh3","id":"p2engle5rkggjh3"},"id":"efwjwg7m3l6zbna","previousOperationId":"0nowf3hn57s1z2q"}
{"type":"log","timestamp":1708455122001,"level":"debug","message":"Executing script list-data (beforeRender)","meta":{"rootId":"p2engle5rkggjh3","id":"p2engle5rkggjh3"},"id":"bsrs0901efjyvkq","previousOperationId":"0nowf3hn57s1z2q"}
{"type":"operationStart","subtype":"scriptsBeforeRender","name":"scripts beforeRender","timestamp":1708455122005,"id":"38ic7tkkna35q5s","previousEventId":"qz19za7axjanndp","operationId":"ujw4uqez6drcp7u","previousOperationId":"0nowf3hn57s1z2q"}
{"type":"operationStart","subtype":"script","name":"scripts list-data","previousOperationId":"ujw4uqez6drcp7u","timestamp":1708455122005,"id":"w1g8i22f1ib2cc0","previousEventId":"38ic7tkkna35q5s","operationId":"xs4xxqrv2cjg64i"}
{"type":"log","timestamp":1708455122023,"level":"debug","message":"(console:log) [\n  {\n    list_description: {\n      id: 3,\n      list_name: 'stjsjshtshn',\n      list_current_number: 0,\n      list_limit_number: 0\n    },\n    list_image: {\n      url: 'http://localhost:4000/rails/active_storage/blobs/redirect/eyJfcmFpbHMiOnsiZGF0YSI6NCwicHVyIjoiYmxvYl9pZCJ9fQ==--023aae65cb60b3f6c6d73a9c76e14c0b0df6ad86/dibujoadrian.jpg'\n    }\n  },\n  {\n    list_description: {\n      id: 1,\n      list_name: 'charcuteria',\n      list_current_number: 0,\n      list_limit_number: 0\n    },\n    list_image: {\n      url: 'http://localhost:4000/rails/active_storage/blobs/redirect/eyJfcmFpbHMiOnsiZGF0YSI6MiwicHVyIjoiYmxvYl9pZCJ9fQ==--ee6d56bf52163135b48a4ba2c22b11a93e94d3b3/charcuteria.png'\n    }\n  },\n  {\n    list_description: {\n      id: 2,\n      list_name: 'sarshisha',\n      list_current_number: 13,\n      list_limit_number: 0\n    },\n    list_image: {\n      url: 'http://localhost:4000/rails/active_storage/blobs/redirect/eyJfcmFpbHMiOnsiZGF0YSI6MywicHVyIjoiYmxvYl9pZCJ9fQ==--07183cfade35ce6ffe715f60749642919ec61f5d/charcuteria.png'\n    }\n  }\n]","meta":{"userLevel":true,"rootId":"p2engle5rkggjh3","id":"p2engle5rkggjh3"},"id":"mwgzooz26e1b3hg","previousOperationId":"xs4xxqrv2cjg64i"}
{"type":"log","timestamp":1708455122031,"level":"debug","message":"(console:log) [\n  {\n    id: 1,\n    nickname: 'a',\n    is_admin: true,\n    suscriptor: null,\n    created_at: '2024-02-20T16:45:37.609Z',\n    updated_at: '2024-02-20T16:45:37.729Z',\n    email: 'a@a.a',\n    jti: '6a2b57ca-af4b-47a0-8285-477cffafa34b'\n  }\n]","meta":{"userLevel":true,"rootId":"p2engle5rkggjh3","id":"p2engle5rkggjh3"},"id":"xzbenbbrzrprq5d","previousOperationId":"xs4xxqrv2cjg64i"}
{"type":"operationEnd","operationId":"xs4xxqrv2cjg64i","timestamp":1708455122031,"id":"5pzn36dji9jw0sg","previousEventId":"qz19za7axjanndp","previousOperationId":"0nowf3hn57s1z2q"}
{"type":"operationEnd","operationId":"ujw4uqez6drcp7u","timestamp":1708455122031,"id":"z9pit7p3j4mla2t","previousEventId":"5pzn36dji9jw0sg","previousOperationId":"0nowf3hn57s1z2q"}
{"type":"log","timestamp":1708455122031,"level":"debug","message":"Base url not specified, skipping its injection.","meta":{"rootId":"p2engle5rkggjh3","id":"p2engle5rkggjh3"},"id":"aa39z0o9sxfhzgm","previousOperationId":"ujw4uqez6drcp7u"}
{"type":"operationStart","subtype":"engine","name":"handlebars","timestamp":1708455122031,"id":"jqfjdrraphg0hj3","previousEventId":"z9pit7p3j4mla2t","operationId":"5oqgnmulbbisrj2","previousOperationId":"ujw4uqez6drcp7u"}
{"type":"log","timestamp":1708455122031,"level":"debug","message":"Rendering engine handlebars","meta":{"rootId":"p2engle5rkggjh3","id":"p2engle5rkggjh3"},"id":"3geag1ajphubabs","previousOperationId":"5oqgnmulbbisrj2"}
{"type":"operationEnd","operationId":"5oqgnmulbbisrj2","timestamp":1708455122042,"id":"g615fskb4l85ide","previousEventId":"jqfjdrraphg0hj3","previousOperationId":"5oqgnmulbbisrj2"}
{"type":"operationStart","subtype":"recipe","name":"chrome-pdf","timestamp":1708455122042,"id":"bpy2b0ymibaqp2y","previousEventId":"g615fskb4l85ide","operationId":"ijzmogduozancib","previousOperationId":"5oqgnmulbbisrj2"}
{"type":"log","timestamp":1708455122042,"level":"debug","message":"Executing recipe chrome-pdf","meta":{"rootId":"p2engle5rkggjh3","id":"p2engle5rkggjh3"},"id":"szc2rzqoy78o2z5","previousOperationId":"ijzmogduozancib"}
{"type":"log","timestamp":1708455122044,"level":"debug","message":"Converting with chrome HeadlessChrome/117.0.5938.149 using chrome-pool strategy","meta":{"rootId":"p2engle5rkggjh3","id":"p2engle5rkggjh3"},"id":"p9hhsb20knzwg1p","previousOperationId":"ijzmogduozancib"}
{"type":"log","timestamp":1708455122080,"level":"debug","message":"Page request: GET (document) file:///tmp/jsreport/autocleanup/db702123-8401-481e-bdb0-2cf312b1f3d6-chrome-pdf.html","meta":{"rootId":"p2engle5rkggjh3","id":"p2engle5rkggjh3"},"id":"kyyewhz2ko7v2ma","previousOperationId":"ijzmogduozancib"}
{"type":"log","timestamp":1708455122089,"level":"debug","message":"Page request: GET (stylesheet) https://cdn.jsdelivr.net/chartist.js/latest/chartist.min.css","meta":{"rootId":"p2engle5rkggjh3","id":"p2engle5rkggjh3"},"id":"7yksyjbggf542y3","previousOperationId":"ijzmogduozancib"}
{"type":"log","timestamp":1708455122090,"level":"debug","message":"Page request: GET (script) https://cdn.jsdelivr.net/chartist.js/latest/chartist.min.js","meta":{"rootId":"p2engle5rkggjh3","id":"p2engle5rkggjh3"},"id":"rsxe0j628w6l7a7","previousOperationId":"ijzmogduozancib"}
{"type":"log","timestamp":1708455122090,"level":"debug","message":"Page request: GET (script) https://code.jquery.com/jquery-3.6.0.min.js","meta":{"rootId":"p2engle5rkggjh3","id":"p2engle5rkggjh3"},"id":"nlrsboaxpt5tvu4","previousOperationId":"ijzmogduozancib"}
{"type":"log","timestamp":1708455122090,"level":"debug","message":"Page request: GET (script) https://cdn.jsdelivr.net/npm/chart.js","meta":{"rootId":"p2engle5rkggjh3","id":"p2engle5rkggjh3"},"id":"ydgz0st9gwsdut7","previousOperationId":"ijzmogduozancib"}
{"type":"log","timestamp":1708455122091,"level":"debug","message":"Page request finished: GET (document) 200 file:///tmp/jsreport/autocleanup/db702123-8401-481e-bdb0-2cf312b1f3d6-chrome-pdf.html","meta":{"rootId":"p2engle5rkggjh3","id":"p2engle5rkggjh3"},"id":"l93ue9nd6g8orkl","previousOperationId":"ijzmogduozancib"}
{"type":"log","timestamp":1708455122093,"level":"debug","message":"Page request finished: GET (stylesheet) 200 https://cdn.jsdelivr.net/chartist.js/latest/chartist.min.css","meta":{"rootId":"p2engle5rkggjh3","id":"p2engle5rkggjh3"},"id":"fgxqp4xgb7fj4rl","previousOperationId":"ijzmogduozancib"}
{"type":"log","timestamp":1708455122095,"level":"debug","message":"Page request finished: GET (script) 200 https://cdn.jsdelivr.net/chartist.js/latest/chartist.min.js","meta":{"rootId":"p2engle5rkggjh3","id":"p2engle5rkggjh3"},"id":"kpmjrepbig8z6q6","previousOperationId":"ijzmogduozancib"}
{"type":"log","timestamp":1708455122097,"level":"debug","message":"Page request finished: GET (script) 200 https://code.jquery.com/jquery-3.6.0.min.js","meta":{"rootId":"p2engle5rkggjh3","id":"p2engle5rkggjh3"},"id":"hnaclnkwm05fc6d","previousOperationId":"ijzmogduozancib"}
{"type":"log","timestamp":1708455122102,"level":"debug","message":"Page request finished: GET (script) 200 https://cdn.jsdelivr.net/npm/chart.js","meta":{"rootId":"p2engle5rkggjh3","id":"p2engle5rkggjh3"},"id":"zh1dldf5ovtd84z","previousOperationId":"ijzmogduozancib"}
{"type":"log","timestamp":1708455122156,"level":"debug","message":"Running chrome with params {\"printBackground\":true,\"timeout\":59952,\"margin\":{}}","meta":{"rootId":"p2engle5rkggjh3","id":"p2engle5rkggjh3"},"id":"bcd583bb8nzm0w0","previousOperationId":"ijzmogduozancib"}
{"type":"operationEnd","operationId":"ijzmogduozancib","timestamp":1708455122181,"id":"dwh00w1f14mqq7n","previousEventId":"bpy2b0ymibaqp2y","previousOperationId":"ijzmogduozancib"}
{"type":"log","timestamp":1708455122181,"level":"debug","message":"Skipping storing report.","meta":{"rootId":"p2engle5rkggjh3","id":"p2engle5rkggjh3"},"id":"5t1mw5hab7k65vq","previousOperationId":"ijzmogduozancib"}
{"type":"log","timestamp":1708455122181,"level":"info","message":"Rendering request 26 finished in 186 ms","meta":{"rootId":"p2engle5rkggjh3","id":"p2engle5rkggjh3"},"id":"nmias8mhgxeldj7","previousOperationId":"ijzmogduozancib"}
{"type":"operationEnd","subtype":"render","operationId":"0nowf3hn57s1z2q","timestamp":1708455122181,"id":"x0b1cppfphc67km","previousEventId":"dwh00w1f14mqq7n","previousOperationId":"ijzmogduozancib"}
{"type":"operationEnd","doDiffs":false,"previousEventId":"rnbk0tj5s0dsndk","previousOperationId":"rb731k99drl8oie","operationId":"rb731k99drl8oie","timestamp":1708455122184,"id":"zagnn8ure2slnjm"}
