{"type":"operationStart","subtype":"profile","data":{"_id":"3FHRRvBiqZVtlXZC","timestamp":"2024-02-20T19:20:46.804Z","state":"queued","mode":"standard","creationDate":"2024-02-20T19:20:46.805Z","modificationDate":"2024-02-20T19:20:46.805Z","shortid":"_2ioDsA","$entitySet":"profiles"},"doDiffs":false,"timestamp":1708456846805,"id":"4z61hd5248gtwzb","previousOperationId":null,"operationId":"mgsy6go7j4c4mq6"}
{"type":"log","level":"info","message":"Render request 72 queued for execution and waiting for available worker","previousOperationId":"mgsy6go7j4c4mq6","timestamp":1708456846805,"id":"nei0vjzm820igqr"}
{"type":"operationStart","subtype":"render","name":"TemplateList","previousOperationId":"mgsy6go7j4c4mq6","timestamp":1708456846809,"id":"l4bk5cx338af8u4","previousEventId":"4z61hd5248gtwzb","operationId":"jpq7wexjtvcqwq7"}
{"type":"log","timestamp":1708456846809,"level":"info","message":"Starting rendering request 72","meta":{"rootId":"ph5uhauru9ev7qg","id":"ph5uhauru9ev7qg"},"id":"r7vz1e39hkcm3cy","previousOperationId":"jpq7wexjtvcqwq7"}
{"type":"log","timestamp":1708456846809,"level":"info","message":"Rendering template { name: TemplateList, recipe: chrome-pdf, engine: handlebars, preview: true }","meta":{"rootId":"ph5uhauru9ev7qg","id":"ph5uhauru9ev7qg"},"id":"1szjizkxqi10wun","previousOperationId":"jpq7wexjtvcqwq7"}
{"type":"log","timestamp":1708456846810,"level":"debug","message":"Data item not defined for this template.","meta":{"rootId":"ph5uhauru9ev7qg","id":"ph5uhauru9ev7qg"},"id":"bi7bnevpi6d5dmf","previousOperationId":"jpq7wexjtvcqwq7"}
{"type":"log","timestamp":1708456846811,"level":"debug","message":"Executing script list-data (beforeRender)","meta":{"rootId":"ph5uhauru9ev7qg","id":"ph5uhauru9ev7qg"},"id":"fuqevq09mkp95uj","previousOperationId":"jpq7wexjtvcqwq7"}
{"type":"operationStart","subtype":"scriptsBeforeRender","name":"scripts beforeRender","timestamp":1708456846813,"id":"enpcy2gw35az5da","previousEventId":"l4bk5cx338af8u4","operationId":"vjcgblgurp5s6lo","previousOperationId":"jpq7wexjtvcqwq7"}
{"type":"operationStart","subtype":"script","name":"scripts list-data","previousOperationId":"vjcgblgurp5s6lo","timestamp":1708456846813,"id":"3yfos4khh3ptxrk","previousEventId":"enpcy2gw35az5da","operationId":"revp4ta0bw9vgaj"}
{"type":"log","timestamp":1708456846829,"level":"debug","message":"(console:log) [\n  {\n    list_description: {\n      id: 2,\n      list_name: 'sarshisha',\n      list_current_number: 13,\n      list_limit_number: 0\n    },\n    list_image: {\n      url: 'http://localhost:4000/rails/active_storage/blobs/redirect/eyJfcmFpbHMiOnsiZGF0YSI6MywicHVyIjoiYmxvYl9pZCJ9fQ==--07183cfade35ce6ffe715f60749642919ec61f5d/charcuteria.png'\n    }\n  },\n  {\n    list_description: {\n      id: 3,\n      list_name: 'stjsjshtshn',\n      list_current_number: 4,\n      list_limit_number: 0\n    },\n    list_image: {\n      url: 'http://localhost:4000/rails/active_storage/blobs/redirect/eyJfcmFpbHMiOnsiZGF0YSI6NCwicHVyIjoiYmxvYl9pZCJ9fQ==--023aae65cb60b3f6c6d73a9c76e14c0b0df6ad86/dibujoadrian.jpg'\n    }\n  },\n  {\n    list_description: {\n      id: 1,\n      list_name: 'charcuteria',\n      list_current_number: 1,\n      list_limit_number: 0\n    },\n    list_image: {\n      url: 'http://localhost:4000/rails/active_storage/blobs/redirect/eyJfcmFpbHMiOnsiZGF0YSI6MiwicHVyIjoiYmxvYl9pZCJ9fQ==--ee6d56bf52163135b48a4ba2c22b11a93e94d3b3/charcuteria.png'\n    }\n  }\n]","meta":{"userLevel":true,"rootId":"ph5uhauru9ev7qg","id":"ph5uhauru9ev7qg"},"id":"l469a3aer37z0yh","previousOperationId":"revp4ta0bw9vgaj"}
{"type":"log","timestamp":1708456846838,"level":"debug","message":"(console:log) [\n  {\n    id: 1,\n    nickname: 'a',\n    is_admin: true,\n    suscriptor: null,\n    created_at: '2024-02-20T16:45:37.609Z',\n    updated_at: '2024-02-20T16:45:37.729Z',\n    email: 'a@a.a',\n    jti: '6a2b57ca-af4b-47a0-8285-477cffafa34b'\n  }\n]","meta":{"userLevel":true,"rootId":"ph5uhauru9ev7qg","id":"ph5uhauru9ev7qg"},"id":"gc4ynbg4zfghjx3","previousOperationId":"revp4ta0bw9vgaj"}
{"type":"operationEnd","operationId":"revp4ta0bw9vgaj","timestamp":1708456846838,"id":"xebx3vxspyusmbp","previousEventId":"l4bk5cx338af8u4","previousOperationId":"jpq7wexjtvcqwq7"}
{"type":"operationEnd","operationId":"vjcgblgurp5s6lo","timestamp":1708456846838,"id":"ksyxvc73psr39f5","previousEventId":"xebx3vxspyusmbp","previousOperationId":"jpq7wexjtvcqwq7"}
{"type":"log","timestamp":1708456846838,"level":"debug","message":"Base url not specified, skipping its injection.","meta":{"rootId":"ph5uhauru9ev7qg","id":"ph5uhauru9ev7qg"},"id":"xg7buklw3cwx8b9","previousOperationId":"vjcgblgurp5s6lo"}
{"type":"operationStart","subtype":"engine","name":"handlebars","timestamp":1708456846838,"id":"7dc1uztas6vmgrp","previousEventId":"ksyxvc73psr39f5","operationId":"tv79pcnt7kxi4o6","previousOperationId":"vjcgblgurp5s6lo"}
{"type":"log","timestamp":1708456846838,"level":"debug","message":"Rendering engine handlebars","meta":{"rootId":"ph5uhauru9ev7qg","id":"ph5uhauru9ev7qg"},"id":"10cenxoh763d2f3","previousOperationId":"tv79pcnt7kxi4o6"}
{"type":"operationEnd","operationId":"tv79pcnt7kxi4o6","timestamp":1708456846847,"id":"v3q9h97emhm0lqx","previousEventId":"7dc1uztas6vmgrp","previousOperationId":"tv79pcnt7kxi4o6"}
{"type":"operationStart","subtype":"recipe","name":"chrome-pdf","timestamp":1708456846847,"id":"aml3riv1ghz55uo","previousEventId":"v3q9h97emhm0lqx","operationId":"7a5d0955t4dqap3","previousOperationId":"tv79pcnt7kxi4o6"}
{"type":"log","timestamp":1708456846847,"level":"debug","message":"Executing recipe chrome-pdf","meta":{"rootId":"ph5uhauru9ev7qg","id":"ph5uhauru9ev7qg"},"id":"561dmmgbiu4p09z","previousOperationId":"7a5d0955t4dqap3"}
{"type":"log","timestamp":1708456846849,"level":"debug","message":"Converting with chrome HeadlessChrome/117.0.5938.149 using chrome-pool strategy","meta":{"rootId":"ph5uhauru9ev7qg","id":"ph5uhauru9ev7qg"},"id":"x8csbycxp0pskgv","previousOperationId":"7a5d0955t4dqap3"}
{"type":"log","timestamp":1708456846883,"level":"debug","message":"Page request: GET (document) file:///tmp/jsreport/autocleanup/8b74e910-959b-496a-aaf2-f309868db043-chrome-pdf.html","meta":{"rootId":"ph5uhauru9ev7qg","id":"ph5uhauru9ev7qg"},"id":"915w95q0cd5pbvp","previousOperationId":"7a5d0955t4dqap3"}
{"type":"log","timestamp":1708456846891,"level":"debug","message":"Page request: GET (stylesheet) https://cdn.jsdelivr.net/chartist.js/latest/chartist.min.css","meta":{"rootId":"ph5uhauru9ev7qg","id":"ph5uhauru9ev7qg"},"id":"oehy6cx9x2ygdq0","previousOperationId":"7a5d0955t4dqap3"}
{"type":"log","timestamp":1708456846891,"level":"debug","message":"Page request: GET (script) https://cdn.jsdelivr.net/chartist.js/latest/chartist.min.js","meta":{"rootId":"ph5uhauru9ev7qg","id":"ph5uhauru9ev7qg"},"id":"afoyu64zmoyfh7v","previousOperationId":"7a5d0955t4dqap3"}
{"type":"log","timestamp":1708456846891,"level":"debug","message":"Page request finished: GET (document) 200 file:///tmp/jsreport/autocleanup/8b74e910-959b-496a-aaf2-f309868db043-chrome-pdf.html","meta":{"rootId":"ph5uhauru9ev7qg","id":"ph5uhauru9ev7qg"},"id":"b8sc9wpimj3x3c3","previousOperationId":"7a5d0955t4dqap3"}
{"type":"log","timestamp":1708456846893,"level":"debug","message":"Page request finished: GET (stylesheet) 200 https://cdn.jsdelivr.net/chartist.js/latest/chartist.min.css","meta":{"rootId":"ph5uhauru9ev7qg","id":"ph5uhauru9ev7qg"},"id":"ec3vubr5y3e4yra","previousOperationId":"7a5d0955t4dqap3"}
{"type":"log","timestamp":1708456846893,"level":"debug","message":"Page request finished: GET (script) 200 https://cdn.jsdelivr.net/chartist.js/latest/chartist.min.js","meta":{"rootId":"ph5uhauru9ev7qg","id":"ph5uhauru9ev7qg"},"id":"4ovrbugpfginxks","previousOperationId":"7a5d0955t4dqap3"}
{"type":"log","timestamp":1708456846903,"level":"debug","message":"Running chrome with params {\"printBackground\":true,\"timeout\":59956,\"margin\":{}}","meta":{"rootId":"ph5uhauru9ev7qg","id":"ph5uhauru9ev7qg"},"id":"3gmg4fto1b1dkfz","previousOperationId":"7a5d0955t4dqap3"}
{"type":"operationEnd","operationId":"7a5d0955t4dqap3","timestamp":1708456846918,"id":"tpas8qhbzmz121g","previousEventId":"aml3riv1ghz55uo","previousOperationId":"7a5d0955t4dqap3"}
{"type":"log","timestamp":1708456846918,"level":"debug","message":"Skipping storing report.","meta":{"rootId":"ph5uhauru9ev7qg","id":"ph5uhauru9ev7qg"},"id":"9y11l0aeheekay2","previousOperationId":"7a5d0955t4dqap3"}
{"type":"log","timestamp":1708456846918,"level":"info","message":"Rendering request 72 finished in 114 ms","meta":{"rootId":"ph5uhauru9ev7qg","id":"ph5uhauru9ev7qg"},"id":"ww35jvkp7seg8nd","previousOperationId":"7a5d0955t4dqap3"}
{"type":"operationEnd","subtype":"render","operationId":"jpq7wexjtvcqwq7","timestamp":1708456846918,"id":"u26nddpqla6s7hf","previousEventId":"tpas8qhbzmz121g","previousOperationId":"7a5d0955t4dqap3"}
{"type":"operationEnd","doDiffs":false,"previousEventId":"4z61hd5248gtwzb","previousOperationId":"mgsy6go7j4c4mq6","operationId":"mgsy6go7j4c4mq6","timestamp":1708456846921,"id":"d2b76ujuue0kgdm"}
