{"type":"operationStart","subtype":"profile","data":{"_id":"33a2sSsdlU1pVQKP","timestamp":"2024-02-20T18:11:40.715Z","state":"queued","mode":"standard","creationDate":"2024-02-20T18:11:40.716Z","modificationDate":"2024-02-20T18:11:40.716Z","shortid":"CLgskuy","$entitySet":"profiles"},"doDiffs":false,"timestamp":1708452700715,"id":"5448ob6np5d1j80","previousOperationId":null,"operationId":"t84vejscyu9gyw7"}
{"type":"log","level":"info","message":"Render request 11 queued for execution and waiting for available worker","previousOperationId":"t84vejscyu9gyw7","timestamp":1708452700715,"id":"j77hmnha1pf3ghv"}
{"type":"operationStart","subtype":"render","name":"TemplateList","previousOperationId":"t84vejscyu9gyw7","timestamp":1708452700721,"id":"3lawqhjdb4g1jyo","previousEventId":"5448ob6np5d1j80","operationId":"sabvn4xv59i0xv3"}
{"type":"log","timestamp":1708452700721,"level":"info","message":"Starting rendering request 11","meta":{"rootId":"q81g4155we3no7b","id":"q81g4155we3no7b"},"id":"yyiviji4jb16bq1","previousOperationId":"sabvn4xv59i0xv3"}
{"type":"log","timestamp":1708452700721,"level":"info","message":"Rendering template { name: TemplateList, recipe: chrome-pdf, engine: handlebars, preview: true }","meta":{"rootId":"q81g4155we3no7b","id":"q81g4155we3no7b"},"id":"5zzx7bdpipb24h7","previousOperationId":"sabvn4xv59i0xv3"}
{"type":"log","timestamp":1708452700721,"level":"debug","message":"Data item not defined for this template.","meta":{"rootId":"q81g4155we3no7b","id":"q81g4155we3no7b"},"id":"1dadqdtwikgeoj1","previousOperationId":"sabvn4xv59i0xv3"}
{"type":"log","timestamp":1708452700723,"level":"debug","message":"Executing script list-data (beforeRender)","meta":{"rootId":"q81g4155we3no7b","id":"q81g4155we3no7b"},"id":"6v5kng84d5r09f5","previousOperationId":"sabvn4xv59i0xv3"}
{"type":"operationStart","subtype":"scriptsBeforeRender","name":"scripts beforeRender","timestamp":1708452700731,"id":"9k0zuvwqt1nb3ty","previousEventId":"3lawqhjdb4g1jyo","operationId":"1q5ainz80kzqvnl","previousOperationId":"sabvn4xv59i0xv3"}
{"type":"operationStart","subtype":"script","name":"scripts list-data","previousOperationId":"1q5ainz80kzqvnl","timestamp":1708452700731,"id":"28v4xx6yyb2698m","previousEventId":"9k0zuvwqt1nb3ty","operationId":"nt5yls1c34r867q"}
{"type":"log","timestamp":1708452700756,"level":"debug","message":"(console:log) [\n  {\n    list_description: {\n      id: 1,\n      list_name: 'charcuteria',\n      list_current_number: 0,\n      list_limit_number: 0\n    },\n    list_image: {\n      url: 'http://localhost:4000/rails/active_storage/blobs/redirect/eyJfcmFpbHMiOnsiZGF0YSI6MiwicHVyIjoiYmxvYl9pZCJ9fQ==--ee6d56bf52163135b48a4ba2c22b11a93e94d3b3/charcuteria.png'\n    }\n  },\n  {\n    list_description: {\n      id: 2,\n      list_name: 'sarshisha',\n      list_current_number: 0,\n      list_limit_number: 0\n    },\n    list_image: {\n      url: 'http://localhost:4000/rails/active_storage/blobs/redirect/eyJfcmFpbHMiOnsiZGF0YSI6MywicHVyIjoiYmxvYl9pZCJ9fQ==--07183cfade35ce6ffe715f60749642919ec61f5d/charcuteria.png'\n    }\n  },\n  {\n    list_description: {\n      id: 3,\n      list_name: 'stjsjshtshn',\n      list_current_number: 0,\n      list_limit_number: 0\n    },\n    list_image: {\n      url: 'http://localhost:4000/rails/active_storage/blobs/redirect/eyJfcmFpbHMiOnsiZGF0YSI6NCwicHVyIjoiYmxvYl9pZCJ9fQ==--023aae65cb60b3f6c6d73a9c76e14c0b0df6ad86/dibujoadrian.jpg'\n    }\n  }\n]","meta":{"userLevel":true,"rootId":"q81g4155we3no7b","id":"q81g4155we3no7b"},"id":"xv937iicp90clnc","previousOperationId":"nt5yls1c34r867q"}
{"type":"log","timestamp":1708452700770,"level":"debug","message":"(console:log) [\n  {\n    id: 1,\n    nickname: 'a',\n    is_admin: true,\n    suscriptor: null,\n    created_at: '2024-02-20T16:45:37.609Z',\n    updated_at: '2024-02-20T16:45:37.729Z',\n    email: 'a@a.a',\n    jti: '6a2b57ca-af4b-47a0-8285-477cffafa34b'\n  }\n]","meta":{"userLevel":true,"rootId":"q81g4155we3no7b","id":"q81g4155we3no7b"},"id":"hhdn2q21izk4dxd","previousOperationId":"nt5yls1c34r867q"}
{"type":"operationEnd","operationId":"nt5yls1c34r867q","timestamp":1708452700771,"id":"py6p0pwq41tsiw5","previousEventId":"3lawqhjdb4g1jyo","previousOperationId":"sabvn4xv59i0xv3"}
{"type":"operationEnd","operationId":"1q5ainz80kzqvnl","timestamp":1708452700771,"id":"klbs8vhyo3m8tjp","previousEventId":"py6p0pwq41tsiw5","previousOperationId":"sabvn4xv59i0xv3"}
{"type":"log","timestamp":1708452700771,"level":"debug","message":"Base url not specified, skipping its injection.","meta":{"rootId":"q81g4155we3no7b","id":"q81g4155we3no7b"},"id":"dvc8dgb767l45op","previousOperationId":"1q5ainz80kzqvnl"}
{"type":"operationStart","subtype":"engine","name":"handlebars","timestamp":1708452700771,"id":"4obxdq1ztdqdz3j","previousEventId":"klbs8vhyo3m8tjp","operationId":"xx25ppljrt3x49d","previousOperationId":"1q5ainz80kzqvnl"}
{"type":"log","timestamp":1708452700771,"level":"debug","message":"Rendering engine handlebars","meta":{"rootId":"q81g4155we3no7b","id":"q81g4155we3no7b"},"id":"pk7j12cxdo5oqk1","previousOperationId":"xx25ppljrt3x49d"}
{"type":"operationEnd","operationId":"xx25ppljrt3x49d","timestamp":1708452700781,"id":"ze0jognh47hcj3m","previousEventId":"4obxdq1ztdqdz3j","previousOperationId":"xx25ppljrt3x49d"}
{"type":"operationStart","subtype":"recipe","name":"chrome-pdf","timestamp":1708452700782,"id":"az392n7un15eldw","previousEventId":"ze0jognh47hcj3m","operationId":"21qpk8ljtio38sx","previousOperationId":"xx25ppljrt3x49d"}
{"type":"log","timestamp":1708452700782,"level":"debug","message":"Executing recipe chrome-pdf","meta":{"rootId":"q81g4155we3no7b","id":"q81g4155we3no7b"},"id":"tlnqkcw9f6bi3uz","previousOperationId":"21qpk8ljtio38sx"}
{"type":"log","timestamp":1708452700783,"level":"debug","message":"Converting with chrome HeadlessChrome/117.0.5938.149 using chrome-pool strategy","meta":{"rootId":"q81g4155we3no7b","id":"q81g4155we3no7b"},"id":"x5iqly0tx9sf0rj","previousOperationId":"21qpk8ljtio38sx"}
{"type":"log","timestamp":1708452700821,"level":"debug","message":"Page request: GET (document) file:///tmp/jsreport/autocleanup/2974d1a4-550b-4c5d-8783-33fde2c70f87-chrome-pdf.html","meta":{"rootId":"q81g4155we3no7b","id":"q81g4155we3no7b"},"id":"7xqptosr0oak6ci","previousOperationId":"21qpk8ljtio38sx"}
{"type":"log","timestamp":1708452700830,"level":"debug","message":"Page request: GET (stylesheet) https://cdn.jsdelivr.net/chartist.js/latest/chartist.min.css","meta":{"rootId":"q81g4155we3no7b","id":"q81g4155we3no7b"},"id":"90ssfk5i6b494w3","previousOperationId":"21qpk8ljtio38sx"}
{"type":"log","timestamp":1708452700830,"level":"debug","message":"Page request: GET (script) https://cdn.jsdelivr.net/chartist.js/latest/chartist.min.js","meta":{"rootId":"q81g4155we3no7b","id":"q81g4155we3no7b"},"id":"fltxcdo5mft4akr","previousOperationId":"21qpk8ljtio38sx"}
{"type":"log","timestamp":1708452700831,"level":"debug","message":"Page request: GET (script) https://code.jquery.com/jquery-3.6.0.min.js","meta":{"rootId":"q81g4155we3no7b","id":"q81g4155we3no7b"},"id":"wf7e6twt2owmlnf","previousOperationId":"21qpk8ljtio38sx"}
{"type":"log","timestamp":1708452700831,"level":"debug","message":"Page request finished: GET (document) 200 file:///tmp/jsreport/autocleanup/2974d1a4-550b-4c5d-8783-33fde2c70f87-chrome-pdf.html","meta":{"rootId":"q81g4155we3no7b","id":"q81g4155we3no7b"},"id":"ywqvj13ufw94hx9","previousOperationId":"21qpk8ljtio38sx"}
{"type":"log","timestamp":1708452700833,"level":"debug","message":"Page request finished: GET (stylesheet) 200 https://cdn.jsdelivr.net/chartist.js/latest/chartist.min.css","meta":{"rootId":"q81g4155we3no7b","id":"q81g4155we3no7b"},"id":"czqulhgfzwmjepl","previousOperationId":"21qpk8ljtio38sx"}
{"type":"log","timestamp":1708452700834,"level":"debug","message":"Page request finished: GET (script) 200 https://cdn.jsdelivr.net/chartist.js/latest/chartist.min.js","meta":{"rootId":"q81g4155we3no7b","id":"q81g4155we3no7b"},"id":"j8co43iirem5sc2","previousOperationId":"21qpk8ljtio38sx"}
{"type":"log","timestamp":1708452700836,"level":"debug","message":"Page request finished: GET (script) 200 https://code.jquery.com/jquery-3.6.0.min.js","meta":{"rootId":"q81g4155we3no7b","id":"q81g4155we3no7b"},"id":"20lg9mqg26ztj5b","previousOperationId":"21qpk8ljtio38sx"}
{"type":"log","timestamp":1708452700842,"level":"warn","message":"Page error: Unexpected identifier 'Object' , stack: SyntaxError: Unexpected identifier 'Object'","meta":{"rootId":"q81g4155we3no7b","id":"q81g4155we3no7b"},"id":"ctfks0ilzk6k42t","previousOperationId":"21qpk8ljtio38sx"}
{"type":"log","timestamp":1708452700847,"level":"debug","message":"Running chrome with params {\"printBackground\":true,\"timeout\":59932,\"margin\":{}}","meta":{"rootId":"q81g4155we3no7b","id":"q81g4155we3no7b"},"id":"vskbok3itr01bp3","previousOperationId":"21qpk8ljtio38sx"}
{"type":"operationEnd","operationId":"21qpk8ljtio38sx","timestamp":1708452700857,"id":"wyh58k61wxxlahw","previousEventId":"az392n7un15eldw","previousOperationId":"21qpk8ljtio38sx"}
{"type":"log","timestamp":1708452700857,"level":"debug","message":"Skipping storing report.","meta":{"rootId":"q81g4155we3no7b","id":"q81g4155we3no7b"},"id":"cpiwp39gwhqws1p","previousOperationId":"21qpk8ljtio38sx"}
{"type":"log","timestamp":1708452700857,"level":"info","message":"Rendering request 11 finished in 142 ms","meta":{"rootId":"q81g4155we3no7b","id":"q81g4155we3no7b"},"id":"uehk2zblk2j7xey","previousOperationId":"21qpk8ljtio38sx"}
{"type":"operationEnd","subtype":"render","operationId":"sabvn4xv59i0xv3","timestamp":1708452700857,"id":"qq0g60c8uuu7z8l","previousEventId":"wyh58k61wxxlahw","previousOperationId":"21qpk8ljtio38sx"}
{"type":"operationEnd","doDiffs":false,"previousEventId":"5448ob6np5d1j80","previousOperationId":"t84vejscyu9gyw7","operationId":"t84vejscyu9gyw7","timestamp":1708452700864,"id":"d29ucouf70bts9s"}
