{"type":"operationStart","subtype":"profile","data":{"_id":"b1nQgCr4qNfoPhrN","timestamp":"2024-02-20T19:03:18.719Z","state":"queued","mode":"standard","creationDate":"2024-02-20T19:03:18.720Z","modificationDate":"2024-02-20T19:03:18.720Z","shortid":"Urfyolb","$entitySet":"profiles"},"doDiffs":false,"timestamp":1708455798719,"id":"r8opvof111evl51","previousOperationId":null,"operationId":"9lao58eabwio2rn"}
{"type":"log","level":"info","message":"Render request 41 queued for execution and waiting for available worker","previousOperationId":"9lao58eabwio2rn","timestamp":1708455798719,"id":"x6kyx4xd7zzqoat"}
{"type":"operationStart","subtype":"render","name":"TemplateList","previousOperationId":"9lao58eabwio2rn","timestamp":1708455798724,"id":"v2xf4t5hn0a5os4","previousEventId":"r8opvof111evl51","operationId":"n64mpeqveq69qvc"}
{"type":"log","timestamp":1708455798725,"level":"info","message":"Starting rendering request 41","meta":{"rootId":"qai9u3r5avlqw7r","id":"qai9u3r5avlqw7r"},"id":"ddt5sy6jf6y7bcz","previousOperationId":"n64mpeqveq69qvc"}
{"type":"log","timestamp":1708455798725,"level":"info","message":"Rendering template { name: TemplateList, recipe: chrome-pdf, engine: handlebars, preview: true }","meta":{"rootId":"qai9u3r5avlqw7r","id":"qai9u3r5avlqw7r"},"id":"q0u6hdavbhe9e7s","previousOperationId":"n64mpeqveq69qvc"}
{"type":"log","timestamp":1708455798725,"level":"debug","message":"Data item not defined for this template.","meta":{"rootId":"qai9u3r5avlqw7r","id":"qai9u3r5avlqw7r"},"id":"x1w3ih225ysvcns","previousOperationId":"n64mpeqveq69qvc"}
{"type":"log","timestamp":1708455798728,"level":"debug","message":"Executing script list-data (beforeRender)","meta":{"rootId":"qai9u3r5avlqw7r","id":"qai9u3r5avlqw7r"},"id":"8rulyrixmodd05f","previousOperationId":"n64mpeqveq69qvc"}
{"type":"operationStart","subtype":"scriptsBeforeRender","name":"scripts beforeRender","timestamp":1708455798731,"id":"y2k6zppf4k5wypl","previousEventId":"v2xf4t5hn0a5os4","operationId":"9uwq4bbamn85n8h","previousOperationId":"n64mpeqveq69qvc"}
{"type":"operationStart","subtype":"script","name":"scripts list-data","previousOperationId":"9uwq4bbamn85n8h","timestamp":1708455798731,"id":"fbuj1yx2d9t67kc","previousEventId":"y2k6zppf4k5wypl","operationId":"rx3l06nfj86fzpi"}
{"type":"log","timestamp":1708455798748,"level":"debug","message":"(console:log) [\n  {\n    list_description: {\n      id: 2,\n      list_name: 'sarshisha',\n      list_current_number: 13,\n      list_limit_number: 0\n    },\n    list_image: {\n      url: 'http://localhost:4000/rails/active_storage/blobs/redirect/eyJfcmFpbHMiOnsiZGF0YSI6MywicHVyIjoiYmxvYl9pZCJ9fQ==--07183cfade35ce6ffe715f60749642919ec61f5d/charcuteria.png'\n    }\n  },\n  {\n    list_description: {\n      id: 3,\n      list_name: 'stjsjshtshn',\n      list_current_number: 4,\n      list_limit_number: 0\n    },\n    list_image: {\n      url: 'http://localhost:4000/rails/active_storage/blobs/redirect/eyJfcmFpbHMiOnsiZGF0YSI6NCwicHVyIjoiYmxvYl9pZCJ9fQ==--023aae65cb60b3f6c6d73a9c76e14c0b0df6ad86/dibujoadrian.jpg'\n    }\n  },\n  {\n    list_description: {\n      id: 1,\n      list_name: 'charcuteria',\n      list_current_number: 1,\n      list_limit_number: 0\n    },\n    list_image: {\n      url: 'http://localhost:4000/rails/active_storage/blobs/redirect/eyJfcmFpbHMiOnsiZGF0YSI6MiwicHVyIjoiYmxvYl9pZCJ9fQ==--ee6d56bf52163135b48a4ba2c22b11a93e94d3b3/charcuteria.png'\n    }\n  }\n]","meta":{"userLevel":true,"rootId":"qai9u3r5avlqw7r","id":"qai9u3r5avlqw7r"},"id":"ct29f4al50eocp0","previousOperationId":"rx3l06nfj86fzpi"}
{"type":"log","timestamp":1708455798755,"level":"debug","message":"(console:log) [\n  {\n    id: 1,\n    nickname: 'a',\n    is_admin: true,\n    suscriptor: null,\n    created_at: '2024-02-20T16:45:37.609Z',\n    updated_at: '2024-02-20T16:45:37.729Z',\n    email: 'a@a.a',\n    jti: '6a2b57ca-af4b-47a0-8285-477cffafa34b'\n  }\n]","meta":{"userLevel":true,"rootId":"qai9u3r5avlqw7r","id":"qai9u3r5avlqw7r"},"id":"3olbvfwv0jyx0xs","previousOperationId":"rx3l06nfj86fzpi"}
{"type":"operationEnd","operationId":"rx3l06nfj86fzpi","timestamp":1708455798755,"id":"obgbzjgvw980xe9","previousEventId":"v2xf4t5hn0a5os4","previousOperationId":"n64mpeqveq69qvc"}
{"type":"operationEnd","operationId":"9uwq4bbamn85n8h","timestamp":1708455798755,"id":"eu33f2ownpwvfqz","previousEventId":"obgbzjgvw980xe9","previousOperationId":"n64mpeqveq69qvc"}
{"type":"log","timestamp":1708455798755,"level":"debug","message":"Base url not specified, skipping its injection.","meta":{"rootId":"qai9u3r5avlqw7r","id":"qai9u3r5avlqw7r"},"id":"lol5suite10567k","previousOperationId":"9uwq4bbamn85n8h"}
{"type":"operationStart","subtype":"engine","name":"handlebars","timestamp":1708455798755,"id":"llo2uccifi2wo8o","previousEventId":"eu33f2ownpwvfqz","operationId":"zneit4ekgytgael","previousOperationId":"9uwq4bbamn85n8h"}
{"type":"log","timestamp":1708455798755,"level":"debug","message":"Rendering engine handlebars","meta":{"rootId":"qai9u3r5avlqw7r","id":"qai9u3r5avlqw7r"},"id":"fwlz64pormgvdbe","previousOperationId":"zneit4ekgytgael"}
{"type":"operationEnd","operationId":"zneit4ekgytgael","timestamp":1708455798768,"id":"sk137xdmjlwpzif","previousEventId":"llo2uccifi2wo8o","previousOperationId":"zneit4ekgytgael"}
{"type":"operationStart","subtype":"recipe","name":"chrome-pdf","timestamp":1708455798768,"id":"ap5dehzmhj48kco","previousEventId":"sk137xdmjlwpzif","operationId":"0f46atep5ca00mk","previousOperationId":"zneit4ekgytgael"}
{"type":"log","timestamp":1708455798768,"level":"debug","message":"Executing recipe chrome-pdf","meta":{"rootId":"qai9u3r5avlqw7r","id":"qai9u3r5avlqw7r"},"id":"n8qvyl8r4r0mb6w","previousOperationId":"0f46atep5ca00mk"}
{"type":"log","timestamp":1708455798770,"level":"debug","message":"Converting with chrome HeadlessChrome/117.0.5938.149 using chrome-pool strategy","meta":{"rootId":"qai9u3r5avlqw7r","id":"qai9u3r5avlqw7r"},"id":"5jvlwsrpx3elbsc","previousOperationId":"0f46atep5ca00mk"}
{"type":"log","timestamp":1708455798798,"level":"debug","message":"Page request: GET (document) file:///tmp/jsreport/autocleanup/99952d92-7520-4dc7-aa6b-9fcb128096da-chrome-pdf.html","meta":{"rootId":"qai9u3r5avlqw7r","id":"qai9u3r5avlqw7r"},"id":"2e0288i2zxyaeru","previousOperationId":"0f46atep5ca00mk"}
{"type":"log","timestamp":1708455798805,"level":"debug","message":"Page request: GET (stylesheet) https://cdn.jsdelivr.net/chartist.js/latest/chartist.min.css","meta":{"rootId":"qai9u3r5avlqw7r","id":"qai9u3r5avlqw7r"},"id":"5twtax7s0ihjmso","previousOperationId":"0f46atep5ca00mk"}
{"type":"log","timestamp":1708455798805,"level":"debug","message":"Page request: GET (script) https://cdn.jsdelivr.net/chartist.js/latest/chartist.min.js","meta":{"rootId":"qai9u3r5avlqw7r","id":"qai9u3r5avlqw7r"},"id":"oj227yrl07kmc43","previousOperationId":"0f46atep5ca00mk"}
{"type":"log","timestamp":1708455798805,"level":"debug","message":"Page request: GET (script) https://code.jquery.com/jquery-3.6.0.min.js","meta":{"rootId":"qai9u3r5avlqw7r","id":"qai9u3r5avlqw7r"},"id":"uswm1uf6xoyzwb1","previousOperationId":"0f46atep5ca00mk"}
{"type":"log","timestamp":1708455798805,"level":"debug","message":"Page request: GET (script) https://cdn.jsdelivr.net/npm/chart.js","meta":{"rootId":"qai9u3r5avlqw7r","id":"qai9u3r5avlqw7r"},"id":"hld86t6uhs9cazp","previousOperationId":"0f46atep5ca00mk"}
{"type":"log","timestamp":1708455798806,"level":"debug","message":"Page request finished: GET (document) 200 file:///tmp/jsreport/autocleanup/99952d92-7520-4dc7-aa6b-9fcb128096da-chrome-pdf.html","meta":{"rootId":"qai9u3r5avlqw7r","id":"qai9u3r5avlqw7r"},"id":"g7v0tmx2blu0bgb","previousOperationId":"0f46atep5ca00mk"}
{"type":"log","timestamp":1708455798807,"level":"debug","message":"Page request finished: GET (stylesheet) 200 https://cdn.jsdelivr.net/chartist.js/latest/chartist.min.css","meta":{"rootId":"qai9u3r5avlqw7r","id":"qai9u3r5avlqw7r"},"id":"tso4dvqh3oh8zhx","previousOperationId":"0f46atep5ca00mk"}
{"type":"log","timestamp":1708455798808,"level":"debug","message":"Page request finished: GET (script) 200 https://cdn.jsdelivr.net/chartist.js/latest/chartist.min.js","meta":{"rootId":"qai9u3r5avlqw7r","id":"qai9u3r5avlqw7r"},"id":"obvp62mhkbcnyr8","previousOperationId":"0f46atep5ca00mk"}
{"type":"log","timestamp":1708455798811,"level":"debug","message":"Page request finished: GET (script) 200 https://code.jquery.com/jquery-3.6.0.min.js","meta":{"rootId":"qai9u3r5avlqw7r","id":"qai9u3r5avlqw7r"},"id":"2lr23jqad2ftt5w","previousOperationId":"0f46atep5ca00mk"}
{"type":"log","timestamp":1708455798814,"level":"debug","message":"Page request finished: GET (script) 200 https://cdn.jsdelivr.net/npm/chart.js","meta":{"rootId":"qai9u3r5avlqw7r","id":"qai9u3r5avlqw7r"},"id":"ik9i8wujd902lu1","previousOperationId":"0f46atep5ca00mk"}
{"type":"log","timestamp":1708455798817,"level":"warn","message":"Page error: Unexpected token ',' , stack: SyntaxError: Unexpected token ','","meta":{"rootId":"qai9u3r5avlqw7r","id":"qai9u3r5avlqw7r"},"id":"wk7p3ebioxc5b7q","previousOperationId":"0f46atep5ca00mk"}
{"type":"log","timestamp":1708455798822,"level":"debug","message":"Running chrome with params {\"printBackground\":true,\"timeout\":59950,\"margin\":{}}","meta":{"rootId":"qai9u3r5avlqw7r","id":"qai9u3r5avlqw7r"},"id":"qh3khkjf3d2qnme","previousOperationId":"0f46atep5ca00mk"}
{"type":"operationEnd","operationId":"0f46atep5ca00mk","timestamp":1708455798833,"id":"dr2sfj0s0ml6tqk","previousEventId":"ap5dehzmhj48kco","previousOperationId":"0f46atep5ca00mk"}
{"type":"log","timestamp":1708455798833,"level":"debug","message":"Skipping storing report.","meta":{"rootId":"qai9u3r5avlqw7r","id":"qai9u3r5avlqw7r"},"id":"mqk5v6vmop26d94","previousOperationId":"0f46atep5ca00mk"}
{"type":"log","timestamp":1708455798833,"level":"info","message":"Rendering request 41 finished in 114 ms","meta":{"rootId":"qai9u3r5avlqw7r","id":"qai9u3r5avlqw7r"},"id":"edv4qy7cw7qv30l","previousOperationId":"0f46atep5ca00mk"}
{"type":"operationEnd","subtype":"render","operationId":"n64mpeqveq69qvc","timestamp":1708455798833,"id":"ty9qw9w71gedtjo","previousEventId":"dr2sfj0s0ml6tqk","previousOperationId":"0f46atep5ca00mk"}
{"type":"operationEnd","doDiffs":false,"previousEventId":"r8opvof111evl51","previousOperationId":"9lao58eabwio2rn","operationId":"9lao58eabwio2rn","timestamp":1708455798838,"id":"l1n1g2fmjt4pkqi"}
