{"type":"operationStart","subtype":"profile","data":{"_id":"k34GeFZA8Ux5H7eS","timestamp":"2024-02-20T19:00:06.057Z","state":"queued","mode":"standard","creationDate":"2024-02-20T19:00:06.061Z","modificationDate":"2024-02-20T19:00:06.061Z","shortid":"8csXhcD","$entitySet":"profiles"},"doDiffs":false,"timestamp":1708455606059,"id":"fmm1c25882hcx06","previousOperationId":null,"operationId":"dz5otkav1uwt790"}
{"type":"log","level":"info","message":"Render request 40 queued for execution and waiting for available worker","previousOperationId":"dz5otkav1uwt790","timestamp":1708455606059,"id":"xukg7wuinr8irqo"}
{"type":"operationStart","subtype":"render","name":"TemplateList","previousOperationId":"dz5otkav1uwt790","timestamp":1708455606076,"id":"j0mjkjee9iev103","previousEventId":"fmm1c25882hcx06","operationId":"sqrt4szyg5oezq9"}
{"type":"log","timestamp":1708455606076,"level":"info","message":"Starting rendering request 40","meta":{"rootId":"qazet9bmh455yzl","id":"qazet9bmh455yzl"},"id":"l0kpuymikghxuys","previousOperationId":"sqrt4szyg5oezq9"}
{"type":"log","timestamp":1708455606076,"level":"info","message":"Rendering template { name: TemplateList, recipe: chrome-pdf, engine: handlebars, preview: true }","meta":{"rootId":"qazet9bmh455yzl","id":"qazet9bmh455yzl"},"id":"16d9hmmolnm06pz","previousOperationId":"sqrt4szyg5oezq9"}
{"type":"log","timestamp":1708455606077,"level":"debug","message":"Data item not defined for this template.","meta":{"rootId":"qazet9bmh455yzl","id":"qazet9bmh455yzl"},"id":"raetkb58rmvx9yh","previousOperationId":"sqrt4szyg5oezq9"}
{"type":"log","timestamp":1708455606081,"level":"debug","message":"Executing script list-data (beforeRender)","meta":{"rootId":"qazet9bmh455yzl","id":"qazet9bmh455yzl"},"id":"n2rw92b0ut22snq","previousOperationId":"sqrt4szyg5oezq9"}
{"type":"operationStart","subtype":"scriptsBeforeRender","name":"scripts beforeRender","timestamp":1708455606086,"id":"5rh30rd7cnzol1j","previousEventId":"j0mjkjee9iev103","operationId":"599g3f2grtdmu94","previousOperationId":"sqrt4szyg5oezq9"}
{"type":"operationStart","subtype":"script","name":"scripts list-data","previousOperationId":"599g3f2grtdmu94","timestamp":1708455606086,"id":"udw80nkk9yu1l0c","previousEventId":"5rh30rd7cnzol1j","operationId":"ybsal2an1u565ye"}
{"type":"log","timestamp":1708455606109,"level":"debug","message":"(console:log) [\n  {\n    list_description: {\n      id: 2,\n      list_name: 'sarshisha',\n      list_current_number: 13,\n      list_limit_number: 0\n    },\n    list_image: {\n      url: 'http://localhost:4000/rails/active_storage/blobs/redirect/eyJfcmFpbHMiOnsiZGF0YSI6MywicHVyIjoiYmxvYl9pZCJ9fQ==--07183cfade35ce6ffe715f60749642919ec61f5d/charcuteria.png'\n    }\n  },\n  {\n    list_description: {\n      id: 3,\n      list_name: 'stjsjshtshn',\n      list_current_number: 4,\n      list_limit_number: 0\n    },\n    list_image: {\n      url: 'http://localhost:4000/rails/active_storage/blobs/redirect/eyJfcmFpbHMiOnsiZGF0YSI6NCwicHVyIjoiYmxvYl9pZCJ9fQ==--023aae65cb60b3f6c6d73a9c76e14c0b0df6ad86/dibujoadrian.jpg'\n    }\n  },\n  {\n    list_description: {\n      id: 1,\n      list_name: 'charcuteria',\n      list_current_number: 1,\n      list_limit_number: 0\n    },\n    list_image: {\n      url: 'http://localhost:4000/rails/active_storage/blobs/redirect/eyJfcmFpbHMiOnsiZGF0YSI6MiwicHVyIjoiYmxvYl9pZCJ9fQ==--ee6d56bf52163135b48a4ba2c22b11a93e94d3b3/charcuteria.png'\n    }\n  }\n]","meta":{"userLevel":true,"rootId":"qazet9bmh455yzl","id":"qazet9bmh455yzl"},"id":"wtdf6aaeqr3xzdm","previousOperationId":"ybsal2an1u565ye"}
{"type":"log","timestamp":1708455606117,"level":"debug","message":"(console:log) [\n  {\n    id: 1,\n    nickname: 'a',\n    is_admin: true,\n    suscriptor: null,\n    created_at: '2024-02-20T16:45:37.609Z',\n    updated_at: '2024-02-20T16:45:37.729Z',\n    email: 'a@a.a',\n    jti: '6a2b57ca-af4b-47a0-8285-477cffafa34b'\n  }\n]","meta":{"userLevel":true,"rootId":"qazet9bmh455yzl","id":"qazet9bmh455yzl"},"id":"outjn4jerznr2z3","previousOperationId":"ybsal2an1u565ye"}
{"type":"operationEnd","operationId":"ybsal2an1u565ye","timestamp":1708455606118,"id":"iv67ee4o0jvmyvy","previousEventId":"j0mjkjee9iev103","previousOperationId":"sqrt4szyg5oezq9"}
{"type":"operationEnd","operationId":"599g3f2grtdmu94","timestamp":1708455606118,"id":"x9qhirnkh3n7tvg","previousEventId":"iv67ee4o0jvmyvy","previousOperationId":"sqrt4szyg5oezq9"}
{"type":"log","timestamp":1708455606118,"level":"debug","message":"Base url not specified, skipping its injection.","meta":{"rootId":"qazet9bmh455yzl","id":"qazet9bmh455yzl"},"id":"0deedw7qi9ecqsn","previousOperationId":"599g3f2grtdmu94"}
{"type":"operationStart","subtype":"engine","name":"handlebars","timestamp":1708455606118,"id":"ochy0ei31stscpd","previousEventId":"x9qhirnkh3n7tvg","operationId":"imnx6oajjqhpg3k","previousOperationId":"599g3f2grtdmu94"}
{"type":"log","timestamp":1708455606118,"level":"debug","message":"Rendering engine handlebars","meta":{"rootId":"qazet9bmh455yzl","id":"qazet9bmh455yzl"},"id":"sqqnm2ebq74y0n7","previousOperationId":"imnx6oajjqhpg3k"}
{"type":"operationEnd","operationId":"imnx6oajjqhpg3k","timestamp":1708455606129,"id":"2xu9nfw5boigcjm","previousEventId":"ochy0ei31stscpd","previousOperationId":"imnx6oajjqhpg3k"}
{"type":"operationStart","subtype":"recipe","name":"chrome-pdf","timestamp":1708455606129,"id":"p72df54foprm8ie","previousEventId":"2xu9nfw5boigcjm","operationId":"gmnuvc6rcvomgn6","previousOperationId":"imnx6oajjqhpg3k"}
{"type":"log","timestamp":1708455606129,"level":"debug","message":"Executing recipe chrome-pdf","meta":{"rootId":"qazet9bmh455yzl","id":"qazet9bmh455yzl"},"id":"l437umu56qbs7ef","previousOperationId":"gmnuvc6rcvomgn6"}
{"type":"log","timestamp":1708455606130,"level":"debug","message":"Converting with chrome HeadlessChrome/117.0.5938.149 using chrome-pool strategy","meta":{"rootId":"qazet9bmh455yzl","id":"qazet9bmh455yzl"},"id":"a66xu3vaniuwqfo","previousOperationId":"gmnuvc6rcvomgn6"}
{"type":"log","timestamp":1708455606171,"level":"debug","message":"Page request: GET (document) file:///tmp/jsreport/autocleanup/e606a427-c3eb-4fe8-b110-53cc578435e2-chrome-pdf.html","meta":{"rootId":"qazet9bmh455yzl","id":"qazet9bmh455yzl"},"id":"igi3h76xjo8nuev","previousOperationId":"gmnuvc6rcvomgn6"}
{"type":"log","timestamp":1708455606177,"level":"debug","message":"Page request: GET (stylesheet) https://cdn.jsdelivr.net/chartist.js/latest/chartist.min.css","meta":{"rootId":"qazet9bmh455yzl","id":"qazet9bmh455yzl"},"id":"3iii2qfziarpk5m","previousOperationId":"gmnuvc6rcvomgn6"}
{"type":"log","timestamp":1708455606178,"level":"debug","message":"Page request: GET (script) https://cdn.jsdelivr.net/chartist.js/latest/chartist.min.js","meta":{"rootId":"qazet9bmh455yzl","id":"qazet9bmh455yzl"},"id":"1jw9o772kwmo2ex","previousOperationId":"gmnuvc6rcvomgn6"}
{"type":"log","timestamp":1708455606178,"level":"debug","message":"Page request: GET (script) https://code.jquery.com/jquery-3.6.0.min.js","meta":{"rootId":"qazet9bmh455yzl","id":"qazet9bmh455yzl"},"id":"6jin9y3jmhybgn1","previousOperationId":"gmnuvc6rcvomgn6"}
{"type":"log","timestamp":1708455606178,"level":"debug","message":"Page request: GET (script) https://cdn.jsdelivr.net/npm/chart.js","meta":{"rootId":"qazet9bmh455yzl","id":"qazet9bmh455yzl"},"id":"bzt6pb5o9o3cw6a","previousOperationId":"gmnuvc6rcvomgn6"}
{"type":"log","timestamp":1708455606178,"level":"debug","message":"Page request finished: GET (document) 200 file:///tmp/jsreport/autocleanup/e606a427-c3eb-4fe8-b110-53cc578435e2-chrome-pdf.html","meta":{"rootId":"qazet9bmh455yzl","id":"qazet9bmh455yzl"},"id":"swhhlom8iijppiy","previousOperationId":"gmnuvc6rcvomgn6"}
{"type":"log","timestamp":1708455606180,"level":"debug","message":"Page request finished: GET (stylesheet) 200 https://cdn.jsdelivr.net/chartist.js/latest/chartist.min.css","meta":{"rootId":"qazet9bmh455yzl","id":"qazet9bmh455yzl"},"id":"ccsptgyxuxtz5ul","previousOperationId":"gmnuvc6rcvomgn6"}
{"type":"log","timestamp":1708455606181,"level":"debug","message":"Page request finished: GET (script) 200 https://cdn.jsdelivr.net/chartist.js/latest/chartist.min.js","meta":{"rootId":"qazet9bmh455yzl","id":"qazet9bmh455yzl"},"id":"nnpuy36iwjcec74","previousOperationId":"gmnuvc6rcvomgn6"}
{"type":"log","timestamp":1708455606183,"level":"debug","message":"Page request finished: GET (script) 200 https://code.jquery.com/jquery-3.6.0.min.js","meta":{"rootId":"qazet9bmh455yzl","id":"qazet9bmh455yzl"},"id":"s8qi5t2m6esl2b5","previousOperationId":"gmnuvc6rcvomgn6"}
{"type":"log","timestamp":1708455606187,"level":"debug","message":"Page request finished: GET (script) 200 https://cdn.jsdelivr.net/npm/chart.js","meta":{"rootId":"qazet9bmh455yzl","id":"qazet9bmh455yzl"},"id":"9l59rfjh2yfqye9","previousOperationId":"gmnuvc6rcvomgn6"}
{"type":"log","timestamp":1708455606233,"level":"debug","message":"Running chrome with params {\"printBackground\":true,\"timeout\":59927,\"margin\":{}}","meta":{"rootId":"qazet9bmh455yzl","id":"qazet9bmh455yzl"},"id":"ihpcbe7lvcdfab5","previousOperationId":"gmnuvc6rcvomgn6"}
{"type":"operationEnd","operationId":"gmnuvc6rcvomgn6","timestamp":1708455606254,"id":"h3zoz5cruwm7p5p","previousEventId":"p72df54foprm8ie","previousOperationId":"gmnuvc6rcvomgn6"}
{"type":"log","timestamp":1708455606254,"level":"debug","message":"Skipping storing report.","meta":{"rootId":"qazet9bmh455yzl","id":"qazet9bmh455yzl"},"id":"6t46s5z924f8llk","previousOperationId":"gmnuvc6rcvomgn6"}
{"type":"log","timestamp":1708455606254,"level":"info","message":"Rendering request 40 finished in 197 ms","meta":{"rootId":"qazet9bmh455yzl","id":"qazet9bmh455yzl"},"id":"5pya477dx5lfn0e","previousOperationId":"gmnuvc6rcvomgn6"}
{"type":"operationEnd","subtype":"render","operationId":"sqrt4szyg5oezq9","timestamp":1708455606255,"id":"fogatru2h0ntdsr","previousEventId":"h3zoz5cruwm7p5p","previousOperationId":"gmnuvc6rcvomgn6"}
{"type":"operationEnd","doDiffs":false,"previousEventId":"fmm1c25882hcx06","previousOperationId":"dz5otkav1uwt790","operationId":"dz5otkav1uwt790","timestamp":1708455606257,"id":"emroauy9qd101n1"}
