{"type":"operationStart","subtype":"profile","data":{"_id":"9b5OdTuTXpBCc8kd","timestamp":"2024-02-20T18:58:17.714Z","state":"queued","mode":"standard","creationDate":"2024-02-20T18:58:17.715Z","modificationDate":"2024-02-20T18:58:17.715Z","shortid":"7pP3csW","$entitySet":"profiles"},"doDiffs":false,"timestamp":1708455497715,"id":"68fdkh8htj19lff","previousOperationId":null,"operationId":"wkhqp8i0fhww4ks"}
{"type":"log","level":"info","message":"Render request 39 queued for execution and waiting for available worker","previousOperationId":"wkhqp8i0fhww4ks","timestamp":1708455497715,"id":"4i9t5aw092l0732"}
{"type":"operationStart","subtype":"render","name":"TemplateList","previousOperationId":"wkhqp8i0fhww4ks","timestamp":1708455497719,"id":"mvhfxx12ug3p7uw","previousEventId":"68fdkh8htj19lff","operationId":"owky6v8vn1qrf81"}
{"type":"log","timestamp":1708455497719,"level":"info","message":"Starting rendering request 39","meta":{"rootId":"r4n7fv4m6xgxsbj","id":"r4n7fv4m6xgxsbj"},"id":"vxap7axvqp4is5e","previousOperationId":"owky6v8vn1qrf81"}
{"type":"log","timestamp":1708455497719,"level":"info","message":"Rendering template { name: TemplateList, recipe: chrome-pdf, engine: handlebars, preview: true }","meta":{"rootId":"r4n7fv4m6xgxsbj","id":"r4n7fv4m6xgxsbj"},"id":"qzh6jfxo5fdjc8t","previousOperationId":"owky6v8vn1qrf81"}
{"type":"log","timestamp":1708455497719,"level":"debug","message":"Data item not defined for this template.","meta":{"rootId":"r4n7fv4m6xgxsbj","id":"r4n7fv4m6xgxsbj"},"id":"ziq71jhcf7x9rx1","previousOperationId":"owky6v8vn1qrf81"}
{"type":"log","timestamp":1708455497720,"level":"debug","message":"Executing script list-data (beforeRender)","meta":{"rootId":"r4n7fv4m6xgxsbj","id":"r4n7fv4m6xgxsbj"},"id":"hyo7crdn8i7cg75","previousOperationId":"owky6v8vn1qrf81"}
{"type":"operationStart","subtype":"scriptsBeforeRender","name":"scripts beforeRender","timestamp":1708455497724,"id":"lg9k253kbmdg7gx","previousEventId":"mvhfxx12ug3p7uw","operationId":"oeunij3j6sp14b1","previousOperationId":"owky6v8vn1qrf81"}
{"type":"operationStart","subtype":"script","name":"scripts list-data","previousOperationId":"oeunij3j6sp14b1","timestamp":1708455497724,"id":"olawvmey30rypl5","previousEventId":"lg9k253kbmdg7gx","operationId":"ypdmt2s4ewvj3rp"}
{"type":"log","timestamp":1708455497745,"level":"debug","message":"(console:log) [\n  {\n    list_description: {\n      id: 2,\n      list_name: 'sarshisha',\n      list_current_number: 13,\n      list_limit_number: 0\n    },\n    list_image: {\n      url: 'http://localhost:4000/rails/active_storage/blobs/redirect/eyJfcmFpbHMiOnsiZGF0YSI6MywicHVyIjoiYmxvYl9pZCJ9fQ==--07183cfade35ce6ffe715f60749642919ec61f5d/charcuteria.png'\n    }\n  },\n  {\n    list_description: {\n      id: 3,\n      list_name: 'stjsjshtshn',\n      list_current_number: 4,\n      list_limit_number: 0\n    },\n    list_image: {\n      url: 'http://localhost:4000/rails/active_storage/blobs/redirect/eyJfcmFpbHMiOnsiZGF0YSI6NCwicHVyIjoiYmxvYl9pZCJ9fQ==--023aae65cb60b3f6c6d73a9c76e14c0b0df6ad86/dibujoadrian.jpg'\n    }\n  },\n  {\n    list_description: {\n      id: 1,\n      list_name: 'charcuteria',\n      list_current_number: 1,\n      list_limit_number: 0\n    },\n    list_image: {\n      url: 'http://localhost:4000/rails/active_storage/blobs/redirect/eyJfcmFpbHMiOnsiZGF0YSI6MiwicHVyIjoiYmxvYl9pZCJ9fQ==--ee6d56bf52163135b48a4ba2c22b11a93e94d3b3/charcuteria.png'\n    }\n  }\n]","meta":{"userLevel":true,"rootId":"r4n7fv4m6xgxsbj","id":"r4n7fv4m6xgxsbj"},"id":"7djp7hx5a53r7sd","previousOperationId":"ypdmt2s4ewvj3rp"}
{"type":"log","timestamp":1708455497755,"level":"debug","message":"(console:log) [\n  {\n    id: 1,\n    nickname: 'a',\n    is_admin: true,\n    suscriptor: null,\n    created_at: '2024-02-20T16:45:37.609Z',\n    updated_at: '2024-02-20T16:45:37.729Z',\n    email: 'a@a.a',\n    jti: '6a2b57ca-af4b-47a0-8285-477cffafa34b'\n  }\n]","meta":{"userLevel":true,"rootId":"r4n7fv4m6xgxsbj","id":"r4n7fv4m6xgxsbj"},"id":"5uyi8k8e3uv390z","previousOperationId":"ypdmt2s4ewvj3rp"}
{"type":"operationEnd","operationId":"ypdmt2s4ewvj3rp","timestamp":1708455497755,"id":"p2akercfcx05k2n","previousEventId":"mvhfxx12ug3p7uw","previousOperationId":"owky6v8vn1qrf81"}
{"type":"operationEnd","operationId":"oeunij3j6sp14b1","timestamp":1708455497755,"id":"s1p4h5d8rbkxjyr","previousEventId":"p2akercfcx05k2n","previousOperationId":"owky6v8vn1qrf81"}
{"type":"log","timestamp":1708455497755,"level":"debug","message":"Base url not specified, skipping its injection.","meta":{"rootId":"r4n7fv4m6xgxsbj","id":"r4n7fv4m6xgxsbj"},"id":"jog7thse80jf776","previousOperationId":"oeunij3j6sp14b1"}
{"type":"operationStart","subtype":"engine","name":"handlebars","timestamp":1708455497756,"id":"a48u4d6ascpb3ee","previousEventId":"s1p4h5d8rbkxjyr","operationId":"l0t7nck1rvze6gw","previousOperationId":"oeunij3j6sp14b1"}
{"type":"log","timestamp":1708455497756,"level":"debug","message":"Rendering engine handlebars","meta":{"rootId":"r4n7fv4m6xgxsbj","id":"r4n7fv4m6xgxsbj"},"id":"it021dsh5rj0owu","previousOperationId":"l0t7nck1rvze6gw"}
{"type":"operationEnd","operationId":"l0t7nck1rvze6gw","timestamp":1708455497765,"id":"2hfiadykdlk50b1","previousEventId":"a48u4d6ascpb3ee","previousOperationId":"l0t7nck1rvze6gw"}
{"type":"operationStart","subtype":"recipe","name":"chrome-pdf","timestamp":1708455497765,"id":"3s8ioypjigs0n1q","previousEventId":"2hfiadykdlk50b1","operationId":"kiua5ydhmkx6f59","previousOperationId":"l0t7nck1rvze6gw"}
{"type":"log","timestamp":1708455497765,"level":"debug","message":"Executing recipe chrome-pdf","meta":{"rootId":"r4n7fv4m6xgxsbj","id":"r4n7fv4m6xgxsbj"},"id":"f65low8f1ukbx1i","previousOperationId":"kiua5ydhmkx6f59"}
{"type":"log","timestamp":1708455497766,"level":"debug","message":"Converting with chrome HeadlessChrome/117.0.5938.149 using chrome-pool strategy","meta":{"rootId":"r4n7fv4m6xgxsbj","id":"r4n7fv4m6xgxsbj"},"id":"ynww852a4mdli4u","previousOperationId":"kiua5ydhmkx6f59"}
{"type":"log","timestamp":1708455497800,"level":"debug","message":"Page request: GET (document) file:///tmp/jsreport/autocleanup/90d062d6-07be-4cab-98e3-362e75982c76-chrome-pdf.html","meta":{"rootId":"r4n7fv4m6xgxsbj","id":"r4n7fv4m6xgxsbj"},"id":"c5981vzo09md8p4","previousOperationId":"kiua5ydhmkx6f59"}
{"type":"log","timestamp":1708455497807,"level":"debug","message":"Page request: GET (stylesheet) https://cdn.jsdelivr.net/chartist.js/latest/chartist.min.css","meta":{"rootId":"r4n7fv4m6xgxsbj","id":"r4n7fv4m6xgxsbj"},"id":"4v0cm7f1tc9t98h","previousOperationId":"kiua5ydhmkx6f59"}
{"type":"log","timestamp":1708455497807,"level":"debug","message":"Page request: GET (script) https://cdn.jsdelivr.net/chartist.js/latest/chartist.min.js","meta":{"rootId":"r4n7fv4m6xgxsbj","id":"r4n7fv4m6xgxsbj"},"id":"9ujui6yt2yhfamx","previousOperationId":"kiua5ydhmkx6f59"}
{"type":"log","timestamp":1708455497807,"level":"debug","message":"Page request: GET (script) https://code.jquery.com/jquery-3.6.0.min.js","meta":{"rootId":"r4n7fv4m6xgxsbj","id":"r4n7fv4m6xgxsbj"},"id":"l01afd4fdayf0jb","previousOperationId":"kiua5ydhmkx6f59"}
{"type":"log","timestamp":1708455497808,"level":"debug","message":"Page request: GET (script) https://cdn.jsdelivr.net/npm/chart.js","meta":{"rootId":"r4n7fv4m6xgxsbj","id":"r4n7fv4m6xgxsbj"},"id":"q4xq43mop5hah7g","previousOperationId":"kiua5ydhmkx6f59"}
{"type":"log","timestamp":1708455497808,"level":"debug","message":"Page request finished: GET (document) 200 file:///tmp/jsreport/autocleanup/90d062d6-07be-4cab-98e3-362e75982c76-chrome-pdf.html","meta":{"rootId":"r4n7fv4m6xgxsbj","id":"r4n7fv4m6xgxsbj"},"id":"05y97r4naix3rll","previousOperationId":"kiua5ydhmkx6f59"}
{"type":"log","timestamp":1708455497809,"level":"debug","message":"Page request finished: GET (stylesheet) 200 https://cdn.jsdelivr.net/chartist.js/latest/chartist.min.css","meta":{"rootId":"r4n7fv4m6xgxsbj","id":"r4n7fv4m6xgxsbj"},"id":"tggyka90gpfwtb0","previousOperationId":"kiua5ydhmkx6f59"}
{"type":"log","timestamp":1708455497811,"level":"debug","message":"Page request finished: GET (script) 200 https://cdn.jsdelivr.net/chartist.js/latest/chartist.min.js","meta":{"rootId":"r4n7fv4m6xgxsbj","id":"r4n7fv4m6xgxsbj"},"id":"j0c6fx7vy18u25a","previousOperationId":"kiua5ydhmkx6f59"}
{"type":"log","timestamp":1708455497812,"level":"debug","message":"Page request finished: GET (script) 200 https://code.jquery.com/jquery-3.6.0.min.js","meta":{"rootId":"r4n7fv4m6xgxsbj","id":"r4n7fv4m6xgxsbj"},"id":"2y2gbxy19sbk08w","previousOperationId":"kiua5ydhmkx6f59"}
{"type":"log","timestamp":1708455497817,"level":"debug","message":"Page request finished: GET (script) 200 https://cdn.jsdelivr.net/npm/chart.js","meta":{"rootId":"r4n7fv4m6xgxsbj","id":"r4n7fv4m6xgxsbj"},"id":"t9u4dxkc09e872v","previousOperationId":"kiua5ydhmkx6f59"}
{"type":"log","timestamp":1708455497867,"level":"debug","message":"Running chrome with params {\"printBackground\":true,\"timeout\":59948,\"margin\":{}}","meta":{"rootId":"r4n7fv4m6xgxsbj","id":"r4n7fv4m6xgxsbj"},"id":"y3nvx2u7ibevm3z","previousOperationId":"kiua5ydhmkx6f59"}
{"type":"operationEnd","operationId":"kiua5ydhmkx6f59","timestamp":1708455497900,"id":"7e86zp87r3ago71","previousEventId":"3s8ioypjigs0n1q","previousOperationId":"kiua5ydhmkx6f59"}
{"type":"log","timestamp":1708455497900,"level":"debug","message":"Skipping storing report.","meta":{"rootId":"r4n7fv4m6xgxsbj","id":"r4n7fv4m6xgxsbj"},"id":"ec16f21fm0cdyor","previousOperationId":"kiua5ydhmkx6f59"}
{"type":"log","timestamp":1708455497900,"level":"info","message":"Rendering request 39 finished in 186 ms","meta":{"rootId":"r4n7fv4m6xgxsbj","id":"r4n7fv4m6xgxsbj"},"id":"zf386ur2nvqhv70","previousOperationId":"kiua5ydhmkx6f59"}
{"type":"operationEnd","subtype":"render","operationId":"owky6v8vn1qrf81","timestamp":1708455497900,"id":"slvfxyk98vygesl","previousEventId":"7e86zp87r3ago71","previousOperationId":"kiua5ydhmkx6f59"}
{"type":"operationEnd","doDiffs":false,"previousEventId":"68fdkh8htj19lff","previousOperationId":"wkhqp8i0fhww4ks","operationId":"wkhqp8i0fhww4ks","timestamp":1708455497902,"id":"7luyqknxppdz4cx"}
