{"type":"operationStart","subtype":"profile","data":{"_id":"DG03C30UX8me3AQY","timestamp":"2024-02-20T18:47:45.168Z","state":"queued","mode":"standard","creationDate":"2024-02-20T18:47:45.172Z","modificationDate":"2024-02-20T18:47:45.172Z","shortid":"yniCvsi","$entitySet":"profiles"},"doDiffs":false,"timestamp":1708454865170,"id":"qrs6797zci5ry78","previousOperationId":null,"operationId":"qkkiuuvy8a07g71"}
{"type":"log","level":"info","message":"Render request 14 queued for execution and waiting for available worker","previousOperationId":"qkkiuuvy8a07g71","timestamp":1708454865170,"id":"dqtuk0inh40cyu1"}
{"type":"operationStart","subtype":"render","name":"TemplateList","previousOperationId":"qkkiuuvy8a07g71","timestamp":1708454865197,"id":"o1et3d8g330oe6r","previousEventId":"qrs6797zci5ry78","operationId":"usx8ctnr6t4fak8"}
{"type":"log","timestamp":1708454865197,"level":"info","message":"Starting rendering request 14","meta":{"rootId":"r7nzqhsuqzvpb3u","id":"r7nzqhsuqzvpb3u"},"id":"c1qk9jtlifpm68k","previousOperationId":"usx8ctnr6t4fak8"}
{"type":"log","timestamp":1708454865197,"level":"info","message":"Rendering template { name: TemplateList, recipe: chrome-pdf, engine: handlebars, preview: true }","meta":{"rootId":"r7nzqhsuqzvpb3u","id":"r7nzqhsuqzvpb3u"},"id":"zdggefmidicg4vc","previousOperationId":"usx8ctnr6t4fak8"}
{"type":"log","timestamp":1708454865197,"level":"debug","message":"Data item not defined for this template.","meta":{"rootId":"r7nzqhsuqzvpb3u","id":"r7nzqhsuqzvpb3u"},"id":"0xitfkr7r9k3g4l","previousOperationId":"usx8ctnr6t4fak8"}
{"type":"log","timestamp":1708454865202,"level":"debug","message":"Executing script list-data (beforeRender)","meta":{"rootId":"r7nzqhsuqzvpb3u","id":"r7nzqhsuqzvpb3u"},"id":"os2j5dwmtwatsio","previousOperationId":"usx8ctnr6t4fak8"}
{"type":"operationStart","subtype":"scriptsBeforeRender","name":"scripts beforeRender","timestamp":1708454865213,"id":"6mehxdppaksjfkc","previousEventId":"o1et3d8g330oe6r","operationId":"6uclpt8zdthrsif","previousOperationId":"usx8ctnr6t4fak8"}
{"type":"operationStart","subtype":"script","name":"scripts list-data","previousOperationId":"6uclpt8zdthrsif","timestamp":1708454865213,"id":"7bud7ucn31xxtre","previousEventId":"6mehxdppaksjfkc","operationId":"sky1eoz44oajx77"}
{"type":"log","timestamp":1708454865248,"level":"debug","message":"(console:log) [\n  {\n    list_description: {\n      id: 3,\n      list_name: 'stjsjshtshn',\n      list_current_number: 0,\n      list_limit_number: 0\n    },\n    list_image: {\n      url: 'http://localhost:4000/rails/active_storage/blobs/redirect/eyJfcmFpbHMiOnsiZGF0YSI6NCwicHVyIjoiYmxvYl9pZCJ9fQ==--023aae65cb60b3f6c6d73a9c76e14c0b0df6ad86/dibujoadrian.jpg'\n    }\n  },\n  {\n    list_description: {\n      id: 1,\n      list_name: 'charcuteria',\n      list_current_number: 0,\n      list_limit_number: 0\n    },\n    list_image: {\n      url: 'http://localhost:4000/rails/active_storage/blobs/redirect/eyJfcmFpbHMiOnsiZGF0YSI6MiwicHVyIjoiYmxvYl9pZCJ9fQ==--ee6d56bf52163135b48a4ba2c22b11a93e94d3b3/charcuteria.png'\n    }\n  },\n  {\n    list_description: {\n      id: 2,\n      list_name: 'sarshisha',\n      list_current_number: 13,\n      list_limit_number: 0\n    },\n    list_image: {\n      url: 'http://localhost:4000/rails/active_storage/blobs/redirect/eyJfcmFpbHMiOnsiZGF0YSI6MywicHVyIjoiYmxvYl9pZCJ9fQ==--07183cfade35ce6ffe715f60749642919ec61f5d/charcuteria.png'\n    }\n  }\n]","meta":{"userLevel":true,"rootId":"r7nzqhsuqzvpb3u","id":"r7nzqhsuqzvpb3u"},"id":"e8x4jg8bk2w9lpj","previousOperationId":"sky1eoz44oajx77"}
{"type":"log","timestamp":1708454865256,"level":"debug","message":"(console:log) [\n  {\n    id: 1,\n    nickname: 'a',\n    is_admin: true,\n    suscriptor: null,\n    created_at: '2024-02-20T16:45:37.609Z',\n    updated_at: '2024-02-20T16:45:37.729Z',\n    email: 'a@a.a',\n    jti: '6a2b57ca-af4b-47a0-8285-477cffafa34b'\n  }\n]","meta":{"userLevel":true,"rootId":"r7nzqhsuqzvpb3u","id":"r7nzqhsuqzvpb3u"},"id":"mks0ubetyxy6ukn","previousOperationId":"sky1eoz44oajx77"}
{"type":"operationEnd","operationId":"sky1eoz44oajx77","timestamp":1708454865257,"id":"3hoipv0gu8nv0ks","previousEventId":"o1et3d8g330oe6r","previousOperationId":"usx8ctnr6t4fak8"}
{"type":"operationEnd","operationId":"6uclpt8zdthrsif","timestamp":1708454865257,"id":"unyj1mbpinmzick","previousEventId":"3hoipv0gu8nv0ks","previousOperationId":"usx8ctnr6t4fak8"}
{"type":"log","timestamp":1708454865257,"level":"debug","message":"Base url not specified, skipping its injection.","meta":{"rootId":"r7nzqhsuqzvpb3u","id":"r7nzqhsuqzvpb3u"},"id":"k5zuhkfu02y01nu","previousOperationId":"6uclpt8zdthrsif"}
{"type":"operationStart","subtype":"engine","name":"handlebars","timestamp":1708454865257,"id":"dqi7t0cdd5gdhx9","previousEventId":"unyj1mbpinmzick","operationId":"ogfkpxyjpprs1k7","previousOperationId":"6uclpt8zdthrsif"}
{"type":"log","timestamp":1708454865257,"level":"debug","message":"Rendering engine handlebars","meta":{"rootId":"r7nzqhsuqzvpb3u","id":"r7nzqhsuqzvpb3u"},"id":"1ddp92uhmsxblxh","previousOperationId":"ogfkpxyjpprs1k7"}
{"type":"operationEnd","operationId":"ogfkpxyjpprs1k7","timestamp":1708454865274,"id":"3v1219rcyxi9a9e","previousEventId":"dqi7t0cdd5gdhx9","previousOperationId":"ogfkpxyjpprs1k7"}
{"type":"operationStart","subtype":"recipe","name":"chrome-pdf","timestamp":1708454865274,"id":"ob33ujiao8ui2qh","previousEventId":"3v1219rcyxi9a9e","operationId":"50o2zvke066fqgx","previousOperationId":"ogfkpxyjpprs1k7"}
{"type":"log","timestamp":1708454865274,"level":"debug","message":"Executing recipe chrome-pdf","meta":{"rootId":"r7nzqhsuqzvpb3u","id":"r7nzqhsuqzvpb3u"},"id":"pq386l7tvrssb4z","previousOperationId":"50o2zvke066fqgx"}
{"type":"log","timestamp":1708454865275,"level":"debug","message":"Converting with chrome HeadlessChrome/117.0.5938.149 using chrome-pool strategy","meta":{"rootId":"r7nzqhsuqzvpb3u","id":"r7nzqhsuqzvpb3u"},"id":"snqb3fx5wjwtisw","previousOperationId":"50o2zvke066fqgx"}
{"type":"log","timestamp":1708454865307,"level":"debug","message":"Page request: GET (document) file:///tmp/jsreport/autocleanup/96a4658a-bc94-4f0e-bb97-d64eb75d3b3e-chrome-pdf.html","meta":{"rootId":"r7nzqhsuqzvpb3u","id":"r7nzqhsuqzvpb3u"},"id":"2fl77jeziqx1oqt","previousOperationId":"50o2zvke066fqgx"}
{"type":"log","timestamp":1708454865314,"level":"debug","message":"Page request: GET (stylesheet) https://cdn.jsdelivr.net/chartist.js/latest/chartist.min.css","meta":{"rootId":"r7nzqhsuqzvpb3u","id":"r7nzqhsuqzvpb3u"},"id":"60slxqa8ekgcvo6","previousOperationId":"50o2zvke066fqgx"}
{"type":"log","timestamp":1708454865314,"level":"debug","message":"Page request: GET (script) https://cdn.jsdelivr.net/chartist.js/latest/chartist.min.js","meta":{"rootId":"r7nzqhsuqzvpb3u","id":"r7nzqhsuqzvpb3u"},"id":"ojccb33zr027iem","previousOperationId":"50o2zvke066fqgx"}
{"type":"log","timestamp":1708454865315,"level":"debug","message":"Page request: GET (script) https://code.jquery.com/jquery-3.6.0.min.js","meta":{"rootId":"r7nzqhsuqzvpb3u","id":"r7nzqhsuqzvpb3u"},"id":"rd8hm7aoycm36bh","previousOperationId":"50o2zvke066fqgx"}
{"type":"log","timestamp":1708454865315,"level":"debug","message":"Page request: GET (script) https://cdn.jsdelivr.net/npm/chart.js","meta":{"rootId":"r7nzqhsuqzvpb3u","id":"r7nzqhsuqzvpb3u"},"id":"184n4q4mktbnq94","previousOperationId":"50o2zvke066fqgx"}
{"type":"log","timestamp":1708454865315,"level":"debug","message":"Page request finished: GET (document) 200 file:///tmp/jsreport/autocleanup/96a4658a-bc94-4f0e-bb97-d64eb75d3b3e-chrome-pdf.html","meta":{"rootId":"r7nzqhsuqzvpb3u","id":"r7nzqhsuqzvpb3u"},"id":"uneemjcf5gofrjp","previousOperationId":"50o2zvke066fqgx"}
{"type":"log","timestamp":1708454865320,"level":"debug","message":"Page request finished: GET (stylesheet) 200 https://cdn.jsdelivr.net/chartist.js/latest/chartist.min.css","meta":{"rootId":"r7nzqhsuqzvpb3u","id":"r7nzqhsuqzvpb3u"},"id":"zvahskxch1zkd93","previousOperationId":"50o2zvke066fqgx"}
{"type":"log","timestamp":1708454865320,"level":"debug","message":"Page request finished: GET (script) 200 https://cdn.jsdelivr.net/chartist.js/latest/chartist.min.js","meta":{"rootId":"r7nzqhsuqzvpb3u","id":"r7nzqhsuqzvpb3u"},"id":"zq80tjl2j4r92xw","previousOperationId":"50o2zvke066fqgx"}
{"type":"log","timestamp":1708454865323,"level":"debug","message":"Page request finished: GET (script) 200 https://code.jquery.com/jquery-3.6.0.min.js","meta":{"rootId":"r7nzqhsuqzvpb3u","id":"r7nzqhsuqzvpb3u"},"id":"lfrj4q3bfyzgrqu","previousOperationId":"50o2zvke066fqgx"}
{"type":"log","timestamp":1708454865328,"level":"debug","message":"Page request finished: GET (script) 200 https://cdn.jsdelivr.net/npm/chart.js","meta":{"rootId":"r7nzqhsuqzvpb3u","id":"r7nzqhsuqzvpb3u"},"id":"dw89e44dzu548s6","previousOperationId":"50o2zvke066fqgx"}
{"type":"log","timestamp":1708454865371,"level":"debug","message":"Running chrome with params {\"printBackground\":true,\"timeout\":59893,\"margin\":{}}","meta":{"rootId":"r7nzqhsuqzvpb3u","id":"r7nzqhsuqzvpb3u"},"id":"7ndu2l0cnrh0zj1","previousOperationId":"50o2zvke066fqgx"}
{"type":"operationEnd","operationId":"50o2zvke066fqgx","timestamp":1708454865398,"id":"er0fdomqespujjr","previousEventId":"ob33ujiao8ui2qh","previousOperationId":"50o2zvke066fqgx"}
{"type":"log","timestamp":1708454865398,"level":"debug","message":"Skipping storing report.","meta":{"rootId":"r7nzqhsuqzvpb3u","id":"r7nzqhsuqzvpb3u"},"id":"glmxa082cg9zzos","previousOperationId":"50o2zvke066fqgx"}
{"type":"log","timestamp":1708454865398,"level":"info","message":"Rendering request 14 finished in 230 ms","meta":{"rootId":"r7nzqhsuqzvpb3u","id":"r7nzqhsuqzvpb3u"},"id":"q4m4tevngqwa02n","previousOperationId":"50o2zvke066fqgx"}
{"type":"operationEnd","subtype":"render","operationId":"usx8ctnr6t4fak8","timestamp":1708454865398,"id":"12dihijdx84y5tx","previousEventId":"er0fdomqespujjr","previousOperationId":"50o2zvke066fqgx"}
{"type":"operationEnd","doDiffs":false,"previousEventId":"qrs6797zci5ry78","previousOperationId":"qkkiuuvy8a07g71","operationId":"qkkiuuvy8a07g71","timestamp":1708454865405,"id":"s13pdmzgy1xav62"}
