{"type":"operationStart","subtype":"profile","data":{"_id":"JSb35A3yvWhLIHqz","timestamp":"2024-02-20T19:24:30.525Z","state":"queued","mode":"standard","creationDate":"2024-02-20T19:24:30.526Z","modificationDate":"2024-02-20T19:24:30.526Z","shortid":"K1tjIJ4","$entitySet":"profiles"},"doDiffs":false,"timestamp":1708457070526,"id":"zocfykn87bqdl7s","previousOperationId":null,"operationId":"02bz2gl34icn2pt"}
{"type":"log","level":"info","message":"Render request 80 queued for execution and waiting for available worker","previousOperationId":"02bz2gl34icn2pt","timestamp":1708457070526,"id":"ib3jh6z0x24llly"}
{"type":"operationStart","subtype":"render","name":"TemplateList","previousOperationId":"02bz2gl34icn2pt","timestamp":1708457070531,"id":"cbbkypls2g5b7pq","previousEventId":"zocfykn87bqdl7s","operationId":"olkqaiv01qnp19x"}
{"type":"log","timestamp":1708457070531,"level":"info","message":"Starting rendering request 80","meta":{"rootId":"rafze28as3qrbi9","id":"rafze28as3qrbi9"},"id":"epwpqjemq8i4cy8","previousOperationId":"olkqaiv01qnp19x"}
{"type":"log","timestamp":1708457070531,"level":"info","message":"Rendering template { name: TemplateList, recipe: chrome-pdf, engine: handlebars, preview: true }","meta":{"rootId":"rafze28as3qrbi9","id":"rafze28as3qrbi9"},"id":"jb0qnqiwhflzucs","previousOperationId":"olkqaiv01qnp19x"}
{"type":"log","timestamp":1708457070532,"level":"debug","message":"Data item not defined for this template.","meta":{"rootId":"rafze28as3qrbi9","id":"rafze28as3qrbi9"},"id":"vz6pptritdi3mha","previousOperationId":"olkqaiv01qnp19x"}
{"type":"log","timestamp":1708457070533,"level":"debug","message":"Executing script list-data (beforeRender)","meta":{"rootId":"rafze28as3qrbi9","id":"rafze28as3qrbi9"},"id":"h5k5bvbocjdj70c","previousOperationId":"olkqaiv01qnp19x"}
{"type":"operationStart","subtype":"scriptsBeforeRender","name":"scripts beforeRender","timestamp":1708457070536,"id":"k1jhngxnxb05ii9","previousEventId":"cbbkypls2g5b7pq","operationId":"7l6ok38jrz5s3e6","previousOperationId":"olkqaiv01qnp19x"}
{"type":"operationStart","subtype":"script","name":"scripts list-data","previousOperationId":"7l6ok38jrz5s3e6","timestamp":1708457070536,"id":"ursb2sleig9d57g","previousEventId":"k1jhngxnxb05ii9","operationId":"qx7hfjefko86eba"}
{"type":"log","timestamp":1708457070555,"level":"debug","message":"(console:log) [\n  {\n    list_description: {\n      id: 2,\n      list_name: 'sarshisha',\n      list_current_number: 13,\n      list_limit_number: 0\n    },\n    list_image: {\n      url: 'http://localhost:4000/rails/active_storage/blobs/redirect/eyJfcmFpbHMiOnsiZGF0YSI6MywicHVyIjoiYmxvYl9pZCJ9fQ==--07183cfade35ce6ffe715f60749642919ec61f5d/charcuteria.png'\n    }\n  },\n  {\n    list_description: {\n      id: 3,\n      list_name: 'stjsjshtshn',\n      list_current_number: 4,\n      list_limit_number: 0\n    },\n    list_image: {\n      url: 'http://localhost:4000/rails/active_storage/blobs/redirect/eyJfcmFpbHMiOnsiZGF0YSI6NCwicHVyIjoiYmxvYl9pZCJ9fQ==--023aae65cb60b3f6c6d73a9c76e14c0b0df6ad86/dibujoadrian.jpg'\n    }\n  },\n  {\n    list_description: {\n      id: 1,\n      list_name: 'charcuteria',\n      list_current_number: 1,\n      list_limit_number: 0\n    },\n    list_image: {\n      url: 'http://localhost:4000/rails/active_storage/blobs/redirect/eyJfcmFpbHMiOnsiZGF0YSI6MiwicHVyIjoiYmxvYl9pZCJ9fQ==--ee6d56bf52163135b48a4ba2c22b11a93e94d3b3/charcuteria.png'\n    }\n  }\n]","meta":{"userLevel":true,"rootId":"rafze28as3qrbi9","id":"rafze28as3qrbi9"},"id":"6ldrhti5hzq5yem","previousOperationId":"qx7hfjefko86eba"}
{"type":"log","timestamp":1708457070563,"level":"debug","message":"(console:log) [\n  {\n    id: 1,\n    nickname: 'a',\n    is_admin: true,\n    suscriptor: null,\n    created_at: '2024-02-20T16:45:37.609Z',\n    updated_at: '2024-02-20T16:45:37.729Z',\n    email: 'a@a.a',\n    jti: '6a2b57ca-af4b-47a0-8285-477cffafa34b'\n  }\n]","meta":{"userLevel":true,"rootId":"rafze28as3qrbi9","id":"rafze28as3qrbi9"},"id":"l2htnqrmdtj1efn","previousOperationId":"qx7hfjefko86eba"}
{"type":"operationEnd","operationId":"qx7hfjefko86eba","timestamp":1708457070563,"id":"sr1mdr3yn0wrj2y","previousEventId":"cbbkypls2g5b7pq","previousOperationId":"olkqaiv01qnp19x"}
{"type":"operationEnd","operationId":"7l6ok38jrz5s3e6","timestamp":1708457070563,"id":"112zs5r51lzv2g9","previousEventId":"sr1mdr3yn0wrj2y","previousOperationId":"olkqaiv01qnp19x"}
{"type":"log","timestamp":1708457070563,"level":"debug","message":"Base url not specified, skipping its injection.","meta":{"rootId":"rafze28as3qrbi9","id":"rafze28as3qrbi9"},"id":"sxd9y4z32epes4e","previousOperationId":"7l6ok38jrz5s3e6"}
{"type":"operationStart","subtype":"engine","name":"handlebars","timestamp":1708457070563,"id":"3cc4o8drpuiqw9e","previousEventId":"112zs5r51lzv2g9","operationId":"u1b6sm2wp0nd9fp","previousOperationId":"7l6ok38jrz5s3e6"}
{"type":"log","timestamp":1708457070563,"level":"debug","message":"Rendering engine handlebars","meta":{"rootId":"rafze28as3qrbi9","id":"rafze28as3qrbi9"},"id":"5shhjy8uzd8sz2b","previousOperationId":"u1b6sm2wp0nd9fp"}
{"type":"operationEnd","operationId":"u1b6sm2wp0nd9fp","timestamp":1708457070576,"id":"1ygjbow0tpwywsj","previousEventId":"3cc4o8drpuiqw9e","previousOperationId":"u1b6sm2wp0nd9fp"}
{"type":"operationStart","subtype":"recipe","name":"chrome-pdf","timestamp":1708457070576,"id":"3sv346nln50f4m1","previousEventId":"1ygjbow0tpwywsj","operationId":"35ud6evl6zl0poy","previousOperationId":"u1b6sm2wp0nd9fp"}
{"type":"log","timestamp":1708457070576,"level":"debug","message":"Executing recipe chrome-pdf","meta":{"rootId":"rafze28as3qrbi9","id":"rafze28as3qrbi9"},"id":"qdm8rfwoa1mtnw6","previousOperationId":"35ud6evl6zl0poy"}
{"type":"log","timestamp":1708457070577,"level":"debug","message":"Converting with chrome HeadlessChrome/117.0.5938.149 using chrome-pool strategy","meta":{"rootId":"rafze28as3qrbi9","id":"rafze28as3qrbi9"},"id":"okvg3b56b6dmns3","previousOperationId":"35ud6evl6zl0poy"}
{"type":"log","timestamp":1708457070612,"level":"debug","message":"Page request: GET (document) file:///tmp/jsreport/autocleanup/60589281-a589-4dc7-abe5-7c27e14542fc-chrome-pdf.html","meta":{"rootId":"rafze28as3qrbi9","id":"rafze28as3qrbi9"},"id":"27xfym4k4gzznxy","previousOperationId":"35ud6evl6zl0poy"}
{"type":"log","timestamp":1708457070620,"level":"debug","message":"Page request: GET (stylesheet) https://cdn.jsdelivr.net/chartist.js/latest/chartist.min.css","meta":{"rootId":"rafze28as3qrbi9","id":"rafze28as3qrbi9"},"id":"1uh360woiw3ed6n","previousOperationId":"35ud6evl6zl0poy"}
{"type":"log","timestamp":1708457070620,"level":"debug","message":"Page request: GET (script) https://cdn.jsdelivr.net/chartist.js/latest/chartist.min.js","meta":{"rootId":"rafze28as3qrbi9","id":"rafze28as3qrbi9"},"id":"ljgh7h064jzphym","previousOperationId":"35ud6evl6zl0poy"}
{"type":"log","timestamp":1708457070620,"level":"debug","message":"Page request finished: GET (document) 200 file:///tmp/jsreport/autocleanup/60589281-a589-4dc7-abe5-7c27e14542fc-chrome-pdf.html","meta":{"rootId":"rafze28as3qrbi9","id":"rafze28as3qrbi9"},"id":"ljqjrrhgo0qbg5b","previousOperationId":"35ud6evl6zl0poy"}
{"type":"log","timestamp":1708457070622,"level":"debug","message":"Page request finished: GET (stylesheet) 200 https://cdn.jsdelivr.net/chartist.js/latest/chartist.min.css","meta":{"rootId":"rafze28as3qrbi9","id":"rafze28as3qrbi9"},"id":"1ggzyxjdxwlm8hp","previousOperationId":"35ud6evl6zl0poy"}
{"type":"log","timestamp":1708457070623,"level":"debug","message":"Page request finished: GET (script) 200 https://cdn.jsdelivr.net/chartist.js/latest/chartist.min.js","meta":{"rootId":"rafze28as3qrbi9","id":"rafze28as3qrbi9"},"id":"54exogaf80exhck","previousOperationId":"35ud6evl6zl0poy"}
{"type":"log","timestamp":1708457070632,"level":"debug","message":"Running chrome with params {\"printBackground\":true,\"timeout\":59948,\"margin\":{}}","meta":{"rootId":"rafze28as3qrbi9","id":"rafze28as3qrbi9"},"id":"c3ewp4e5jqlpyv0","previousOperationId":"35ud6evl6zl0poy"}
{"type":"operationEnd","operationId":"35ud6evl6zl0poy","timestamp":1708457070650,"id":"tfbs8absjy720lc","previousEventId":"3sv346nln50f4m1","previousOperationId":"35ud6evl6zl0poy"}
{"type":"log","timestamp":1708457070650,"level":"debug","message":"Skipping storing report.","meta":{"rootId":"rafze28as3qrbi9","id":"rafze28as3qrbi9"},"id":"lc6smv6b8l01pmk","previousOperationId":"35ud6evl6zl0poy"}
{"type":"log","timestamp":1708457070650,"level":"info","message":"Rendering request 80 finished in 125 ms","meta":{"rootId":"rafze28as3qrbi9","id":"rafze28as3qrbi9"},"id":"ao1og0enc8738g8","previousOperationId":"35ud6evl6zl0poy"}
{"type":"operationEnd","subtype":"render","operationId":"olkqaiv01qnp19x","timestamp":1708457070650,"id":"cvz26hldwr85n8t","previousEventId":"tfbs8absjy720lc","previousOperationId":"35ud6evl6zl0poy"}
{"type":"operationEnd","doDiffs":false,"previousEventId":"zocfykn87bqdl7s","previousOperationId":"02bz2gl34icn2pt","operationId":"02bz2gl34icn2pt","timestamp":1708457070656,"id":"bp0eliwv3zgdblv"}
