{"type":"operationStart","subtype":"profile","data":{"_id":"RyK7LQeHhH8UN9rB","timestamp":"2024-02-20T19:31:00.585Z","state":"queued","mode":"standard","creationDate":"2024-02-20T19:31:00.585Z","modificationDate":"2024-02-20T19:31:00.585Z","shortid":"hwy2z6-","$entitySet":"profiles"},"doDiffs":false,"timestamp":1708457460585,"id":"c5ej3tjq008n73z","previousOperationId":null,"operationId":"mtl8c37hkk8xhcd"}
{"type":"log","level":"info","message":"Render request 87 queued for execution and waiting for available worker","previousOperationId":"mtl8c37hkk8xhcd","timestamp":1708457460585,"id":"hmtilbp6lnmejr1"}
{"type":"operationStart","subtype":"render","name":"TemplateList","previousOperationId":"mtl8c37hkk8xhcd","timestamp":1708457460590,"id":"527pi2c33pqpbcz","previousEventId":"c5ej3tjq008n73z","operationId":"c6o0e2aby01vsde"}
{"type":"log","timestamp":1708457460590,"level":"info","message":"Starting rendering request 87","meta":{"rootId":"sceclun2y4i6s9b","id":"sceclun2y4i6s9b"},"id":"78ankjve64ibejz","previousOperationId":"c6o0e2aby01vsde"}
{"type":"log","timestamp":1708457460590,"level":"info","message":"Rendering template { name: TemplateList, recipe: chrome-pdf, engine: handlebars, preview: true }","meta":{"rootId":"sceclun2y4i6s9b","id":"sceclun2y4i6s9b"},"id":"gzbjqas0e17zgwb","previousOperationId":"c6o0e2aby01vsde"}
{"type":"log","timestamp":1708457460590,"level":"debug","message":"Data item not defined for this template.","meta":{"rootId":"sceclun2y4i6s9b","id":"sceclun2y4i6s9b"},"id":"dr0n0y3g6486iyn","previousOperationId":"c6o0e2aby01vsde"}
{"type":"log","timestamp":1708457460593,"level":"debug","message":"Executing script list-data (beforeRender)","meta":{"rootId":"sceclun2y4i6s9b","id":"sceclun2y4i6s9b"},"id":"hafw36ny4s26oxb","previousOperationId":"c6o0e2aby01vsde"}
{"type":"operationStart","subtype":"scriptsBeforeRender","name":"scripts beforeRender","timestamp":1708457460598,"id":"8dtb7e1yo6ha0vh","previousEventId":"527pi2c33pqpbcz","operationId":"t11crxdp8f369a9","previousOperationId":"c6o0e2aby01vsde"}
{"type":"operationStart","subtype":"script","name":"scripts list-data","previousOperationId":"t11crxdp8f369a9","timestamp":1708457460598,"id":"kzd4flmor0g8ogt","previousEventId":"8dtb7e1yo6ha0vh","operationId":"yua6lnjbn3j59p8"}
{"type":"log","timestamp":1708457460621,"level":"debug","message":"(console:log) [\n  {\n    list_description: {\n      id: 2,\n      list_name: 'sarshisha',\n      list_current_number: 13,\n      list_limit_number: 0\n    },\n    list_image: {\n      url: 'http://localhost:4000/rails/active_storage/blobs/redirect/eyJfcmFpbHMiOnsiZGF0YSI6MywicHVyIjoiYmxvYl9pZCJ9fQ==--07183cfade35ce6ffe715f60749642919ec61f5d/charcuteria.png'\n    }\n  },\n  {\n    list_description: {\n      id: 3,\n      list_name: 'stjsjshtshn',\n      list_current_number: 4,\n      list_limit_number: 0\n    },\n    list_image: {\n      url: 'http://localhost:4000/rails/active_storage/blobs/redirect/eyJfcmFpbHMiOnsiZGF0YSI6NCwicHVyIjoiYmxvYl9pZCJ9fQ==--023aae65cb60b3f6c6d73a9c76e14c0b0df6ad86/dibujoadrian.jpg'\n    }\n  },\n  {\n    list_description: {\n      id: 1,\n      list_name: 'charcuteria',\n      list_current_number: 1,\n      list_limit_number: 0\n    },\n    list_image: {\n      url: 'http://localhost:4000/rails/active_storage/blobs/redirect/eyJfcmFpbHMiOnsiZGF0YSI6MiwicHVyIjoiYmxvYl9pZCJ9fQ==--ee6d56bf52163135b48a4ba2c22b11a93e94d3b3/charcuteria.png'\n    }\n  }\n]","meta":{"userLevel":true,"rootId":"sceclun2y4i6s9b","id":"sceclun2y4i6s9b"},"id":"vf71gtgoj69enti","previousOperationId":"yua6lnjbn3j59p8"}
{"type":"log","timestamp":1708457460628,"level":"debug","message":"(console:log) [\n  {\n    id: 1,\n    nickname: 'a',\n    is_admin: true,\n    suscriptor: null,\n    created_at: '2024-02-20T16:45:37.609Z',\n    updated_at: '2024-02-20T16:45:37.729Z',\n    email: 'a@a.a',\n    jti: '6a2b57ca-af4b-47a0-8285-477cffafa34b'\n  }\n]","meta":{"userLevel":true,"rootId":"sceclun2y4i6s9b","id":"sceclun2y4i6s9b"},"id":"o60aevu1zhorx5a","previousOperationId":"yua6lnjbn3j59p8"}
{"type":"operationEnd","operationId":"yua6lnjbn3j59p8","timestamp":1708457460628,"id":"yqk98dxmq1zw4do","previousEventId":"527pi2c33pqpbcz","previousOperationId":"c6o0e2aby01vsde"}
{"type":"operationEnd","operationId":"t11crxdp8f369a9","timestamp":1708457460629,"id":"0nf7lmwkxvjov50","previousEventId":"yqk98dxmq1zw4do","previousOperationId":"c6o0e2aby01vsde"}
{"type":"log","timestamp":1708457460629,"level":"debug","message":"Base url not specified, skipping its injection.","meta":{"rootId":"sceclun2y4i6s9b","id":"sceclun2y4i6s9b"},"id":"q8f9qjp418mzm1h","previousOperationId":"t11crxdp8f369a9"}
{"type":"operationStart","subtype":"engine","name":"handlebars","timestamp":1708457460629,"id":"lurz89t37tuulyb","previousEventId":"0nf7lmwkxvjov50","operationId":"zgilsxr29tngkmj","previousOperationId":"t11crxdp8f369a9"}
{"type":"log","timestamp":1708457460629,"level":"debug","message":"Rendering engine handlebars","meta":{"rootId":"sceclun2y4i6s9b","id":"sceclun2y4i6s9b"},"id":"g3j84yx3muqtdz5","previousOperationId":"zgilsxr29tngkmj"}
{"type":"operationEnd","operationId":"zgilsxr29tngkmj","timestamp":1708457460642,"id":"rchzu3kmj5flovw","previousEventId":"lurz89t37tuulyb","previousOperationId":"zgilsxr29tngkmj"}
{"type":"operationStart","subtype":"recipe","name":"chrome-pdf","timestamp":1708457460642,"id":"rr8sqd7mtq44dht","previousEventId":"rchzu3kmj5flovw","operationId":"dfszl01cy3t77a1","previousOperationId":"zgilsxr29tngkmj"}
{"type":"log","timestamp":1708457460642,"level":"debug","message":"Executing recipe chrome-pdf","meta":{"rootId":"sceclun2y4i6s9b","id":"sceclun2y4i6s9b"},"id":"95zz1t6o6mzaz6x","previousOperationId":"dfszl01cy3t77a1"}
{"type":"log","timestamp":1708457460643,"level":"debug","message":"Converting with chrome HeadlessChrome/117.0.5938.149 using chrome-pool strategy","meta":{"rootId":"sceclun2y4i6s9b","id":"sceclun2y4i6s9b"},"id":"b5xctf2dj3wwmdi","previousOperationId":"dfszl01cy3t77a1"}
{"type":"log","timestamp":1708457460682,"level":"debug","message":"Page request: GET (document) file:///tmp/jsreport/autocleanup/9aff2d2a-69fd-42d0-9cce-c7414b45a8ca-chrome-pdf.html","meta":{"rootId":"sceclun2y4i6s9b","id":"sceclun2y4i6s9b"},"id":"zhizwijc2z3gfvy","previousOperationId":"dfszl01cy3t77a1"}
{"type":"log","timestamp":1708457460691,"level":"debug","message":"Page request: GET (stylesheet) https://cdn.jsdelivr.net/chartist.js/latest/chartist.min.css","meta":{"rootId":"sceclun2y4i6s9b","id":"sceclun2y4i6s9b"},"id":"q8kcmswi10e7fxa","previousOperationId":"dfszl01cy3t77a1"}
{"type":"log","timestamp":1708457460691,"level":"debug","message":"Page request: GET (script) https://cdn.jsdelivr.net/chartist.js/latest/chartist.min.js","meta":{"rootId":"sceclun2y4i6s9b","id":"sceclun2y4i6s9b"},"id":"4lc91hxccpso15i","previousOperationId":"dfszl01cy3t77a1"}
{"type":"log","timestamp":1708457460692,"level":"debug","message":"Page request finished: GET (document) 200 file:///tmp/jsreport/autocleanup/9aff2d2a-69fd-42d0-9cce-c7414b45a8ca-chrome-pdf.html","meta":{"rootId":"sceclun2y4i6s9b","id":"sceclun2y4i6s9b"},"id":"sy50wo6a6mdw079","previousOperationId":"dfszl01cy3t77a1"}
{"type":"log","timestamp":1708457460696,"level":"debug","message":"Page request finished: GET (stylesheet) 200 https://cdn.jsdelivr.net/chartist.js/latest/chartist.min.css","meta":{"rootId":"sceclun2y4i6s9b","id":"sceclun2y4i6s9b"},"id":"5kb10wsl5nte08v","previousOperationId":"dfszl01cy3t77a1"}
{"type":"log","timestamp":1708457460696,"level":"debug","message":"Page request finished: GET (script) 200 https://cdn.jsdelivr.net/chartist.js/latest/chartist.min.js","meta":{"rootId":"sceclun2y4i6s9b","id":"sceclun2y4i6s9b"},"id":"y7nek2w4g9vgetn","previousOperationId":"dfszl01cy3t77a1"}
{"type":"log","timestamp":1708457460701,"level":"debug","message":"Running chrome with params {\"printBackground\":true,\"timeout\":59942,\"margin\":{}}","meta":{"rootId":"sceclun2y4i6s9b","id":"sceclun2y4i6s9b"},"id":"yhlc05qeehz2p55","previousOperationId":"dfszl01cy3t77a1"}
{"type":"operationEnd","operationId":"dfszl01cy3t77a1","timestamp":1708457460714,"id":"hh9mici5giyrbr7","previousEventId":"rr8sqd7mtq44dht","previousOperationId":"dfszl01cy3t77a1"}
{"type":"log","timestamp":1708457460714,"level":"debug","message":"Skipping storing report.","meta":{"rootId":"sceclun2y4i6s9b","id":"sceclun2y4i6s9b"},"id":"pfcd62h42730rad","previousOperationId":"dfszl01cy3t77a1"}
{"type":"log","timestamp":1708457460714,"level":"info","message":"Rendering request 87 finished in 130 ms","meta":{"rootId":"sceclun2y4i6s9b","id":"sceclun2y4i6s9b"},"id":"1nn6c6pqc914qp8","previousOperationId":"dfszl01cy3t77a1"}
{"type":"operationEnd","subtype":"render","operationId":"c6o0e2aby01vsde","timestamp":1708457460714,"id":"6n9ak05fhvh73zr","previousEventId":"hh9mici5giyrbr7","previousOperationId":"dfszl01cy3t77a1"}
{"type":"operationEnd","doDiffs":false,"previousEventId":"c5ej3tjq008n73z","previousOperationId":"mtl8c37hkk8xhcd","operationId":"mtl8c37hkk8xhcd","timestamp":1708457460720,"id":"iyu5347tyllvz56"}
