{"type":"operationStart","subtype":"profile","data":{"_id":"fSFmz7oRl2UPuGQq","timestamp":"2024-02-20T17:43:13.150Z","state":"queued","mode":"standard","creationDate":"2024-02-20T17:43:13.151Z","modificationDate":"2024-02-20T17:43:13.151Z","shortid":"DPJpLol","$entitySet":"profiles"},"doDiffs":false,"timestamp":1708450993150,"id":"kx7y42c9ajton91","previousOperationId":null,"operationId":"hn7wunimpb1vfgu"}
{"type":"log","level":"info","message":"Render request 20 queued for execution and waiting for available worker","previousOperationId":"hn7wunimpb1vfgu","timestamp":1708450993150,"id":"8xlg1belqvi4d78"}
{"type":"operationStart","subtype":"render","name":"TemplateList","previousOperationId":"hn7wunimpb1vfgu","timestamp":1708450993154,"id":"snk55lhmyw3evmf","previousEventId":"kx7y42c9ajton91","operationId":"8u242w9eivxhl5x"}
{"type":"log","timestamp":1708450993154,"level":"info","message":"Starting rendering request 20","meta":{"rootId":"shm0246td02l9zs","id":"shm0246td02l9zs"},"id":"5tirs9kldxq05es","previousOperationId":"8u242w9eivxhl5x"}
{"type":"log","timestamp":1708450993154,"level":"info","message":"Rendering template { name: TemplateList, recipe: chrome-pdf, engine: handlebars, preview: false }","meta":{"rootId":"shm0246td02l9zs","id":"shm0246td02l9zs"},"id":"ijwbit1fnrs9rla","previousOperationId":"8u242w9eivxhl5x"}
{"type":"log","timestamp":1708450993155,"level":"debug","message":"Data item not defined for this template.","meta":{"rootId":"shm0246td02l9zs","id":"shm0246td02l9zs"},"id":"bmimlu5lfggbqf5","previousOperationId":"8u242w9eivxhl5x"}
{"type":"log","timestamp":1708450993156,"level":"debug","message":"Executing script list-data (beforeRender)","meta":{"rootId":"shm0246td02l9zs","id":"shm0246td02l9zs"},"id":"o7m3t6bn5es85m8","previousOperationId":"8u242w9eivxhl5x"}
{"type":"operationStart","subtype":"scriptsBeforeRender","name":"scripts beforeRender","timestamp":1708450993161,"id":"izqubmv5g607mqg","previousEventId":"snk55lhmyw3evmf","operationId":"o51r7v4d3r0bu9z","previousOperationId":"8u242w9eivxhl5x"}
{"type":"operationStart","subtype":"script","name":"scripts list-data","previousOperationId":"o51r7v4d3r0bu9z","timestamp":1708450993161,"id":"w6je2au82ac4o0q","previousEventId":"izqubmv5g607mqg","operationId":"2ye7pac5akzxcwv"}
{"type":"log","timestamp":1708450993186,"level":"debug","message":"(console:log) [\n  {\n    list_description: {\n      id: 1,\n      list_name: 'charcuteria',\n      list_current_number: 0,\n      list_limit_number: 0\n    },\n    list_image: {\n      url: 'http://localhost:4000/rails/active_storage/blobs/redirect/eyJfcmFpbHMiOnsiZGF0YSI6MiwicHVyIjoiYmxvYl9pZCJ9fQ==--ee6d56bf52163135b48a4ba2c22b11a93e94d3b3/charcuteria.png'\n    }\n  },\n  {\n    list_description: {\n      id: 2,\n      list_name: 'sarshisha',\n      list_current_number: 0,\n      list_limit_number: 0\n    },\n    list_image: {\n      url: 'http://localhost:4000/rails/active_storage/blobs/redirect/eyJfcmFpbHMiOnsiZGF0YSI6MywicHVyIjoiYmxvYl9pZCJ9fQ==--07183cfade35ce6ffe715f60749642919ec61f5d/charcuteria.png'\n    }\n  },\n  {\n    list_description: {\n      id: 3,\n      list_name: 'stjsjshtshn',\n      list_current_number: 0,\n      list_limit_number: 0\n    },\n    list_image: {\n      url: 'http://localhost:4000/rails/active_storage/blobs/redirect/eyJfcmFpbHMiOnsiZGF0YSI6NCwicHVyIjoiYmxvYl9pZCJ9fQ==--023aae65cb60b3f6c6d73a9c76e14c0b0df6ad86/dibujoadrian.jpg'\n    }\n  }\n]","meta":{"userLevel":true,"rootId":"shm0246td02l9zs","id":"shm0246td02l9zs"},"id":"tgqb3rbqowycl8y","previousOperationId":"2ye7pac5akzxcwv"}
{"type":"operationEnd","operationId":"2ye7pac5akzxcwv","timestamp":1708450993186,"id":"jykle1b6s7rf5h5","previousEventId":"snk55lhmyw3evmf","previousOperationId":"8u242w9eivxhl5x"}
{"type":"operationEnd","operationId":"o51r7v4d3r0bu9z","timestamp":1708450993186,"id":"4fnipy72et1qgpg","previousEventId":"jykle1b6s7rf5h5","previousOperationId":"8u242w9eivxhl5x"}
{"type":"log","timestamp":1708450993186,"level":"debug","message":"Base url not specified, skipping its injection.","meta":{"rootId":"shm0246td02l9zs","id":"shm0246td02l9zs"},"id":"fglb13ywkcfrhjq","previousOperationId":"o51r7v4d3r0bu9z"}
{"type":"operationStart","subtype":"engine","name":"handlebars","timestamp":1708450993186,"id":"8ds5ug1c38f5l02","previousEventId":"4fnipy72et1qgpg","operationId":"03vmgfcinwq2f4a","previousOperationId":"o51r7v4d3r0bu9z"}
{"type":"log","timestamp":1708450993186,"level":"debug","message":"Rendering engine handlebars","meta":{"rootId":"shm0246td02l9zs","id":"shm0246td02l9zs"},"id":"62lhtwusn3zmxsv","previousOperationId":"03vmgfcinwq2f4a"}
{"type":"operationEnd","operationId":"03vmgfcinwq2f4a","timestamp":1708450993193,"id":"3pjadmla4z1a1pi","previousEventId":"8ds5ug1c38f5l02","previousOperationId":"03vmgfcinwq2f4a"}
{"type":"operationStart","subtype":"recipe","name":"chrome-pdf","timestamp":1708450993193,"id":"fvoiaog5dv4x9n2","previousEventId":"3pjadmla4z1a1pi","operationId":"ml62is4dwm6iroa","previousOperationId":"03vmgfcinwq2f4a"}
{"type":"log","timestamp":1708450993193,"level":"debug","message":"Executing recipe chrome-pdf","meta":{"rootId":"shm0246td02l9zs","id":"shm0246td02l9zs"},"id":"nmu3vmpendh6tfe","previousOperationId":"ml62is4dwm6iroa"}
{"type":"log","timestamp":1708450993196,"level":"debug","message":"Converting with chrome HeadlessChrome/117.0.5938.149 using chrome-pool strategy","meta":{"rootId":"shm0246td02l9zs","id":"shm0246td02l9zs"},"id":"9wlfofq5pyzssdf","previousOperationId":"ml62is4dwm6iroa"}
{"type":"log","timestamp":1708450993236,"level":"debug","message":"Page request: GET (document) file:///tmp/jsreport/autocleanup/bbfbd786-e382-49c5-b5bc-bab37e69251c-chrome-pdf.html","meta":{"rootId":"shm0246td02l9zs","id":"shm0246td02l9zs"},"id":"3zaxpynvdrk72a4","previousOperationId":"ml62is4dwm6iroa"}
{"type":"log","timestamp":1708450993244,"level":"debug","message":"Page request: GET (stylesheet) https://cdn.jsdelivr.net/chartist.js/latest/chartist.min.css","meta":{"rootId":"shm0246td02l9zs","id":"shm0246td02l9zs"},"id":"p04pn62mhwake1c","previousOperationId":"ml62is4dwm6iroa"}
{"type":"log","timestamp":1708450993244,"level":"debug","message":"Page request: GET (script) https://cdn.jsdelivr.net/chartist.js/latest/chartist.min.js","meta":{"rootId":"shm0246td02l9zs","id":"shm0246td02l9zs"},"id":"j8az8crv0yy8z6e","previousOperationId":"ml62is4dwm6iroa"}
{"type":"log","timestamp":1708450993245,"level":"debug","message":"Page request: GET (script) https://code.jquery.com/jquery-3.6.0.min.js","meta":{"rootId":"shm0246td02l9zs","id":"shm0246td02l9zs"},"id":"uok538c1xs6axso","previousOperationId":"ml62is4dwm6iroa"}
{"type":"log","timestamp":1708450993245,"level":"debug","message":"Page request finished: GET (document) 200 file:///tmp/jsreport/autocleanup/bbfbd786-e382-49c5-b5bc-bab37e69251c-chrome-pdf.html","meta":{"rootId":"shm0246td02l9zs","id":"shm0246td02l9zs"},"id":"yb10ms9cvwn8p02","previousOperationId":"ml62is4dwm6iroa"}
{"type":"log","timestamp":1708450993247,"level":"debug","message":"Page request finished: GET (stylesheet) 200 https://cdn.jsdelivr.net/chartist.js/latest/chartist.min.css","meta":{"rootId":"shm0246td02l9zs","id":"shm0246td02l9zs"},"id":"338oor420yrm8is","previousOperationId":"ml62is4dwm6iroa"}
{"type":"log","timestamp":1708450993249,"level":"debug","message":"Page request finished: GET (script) 200 https://cdn.jsdelivr.net/chartist.js/latest/chartist.min.js","meta":{"rootId":"shm0246td02l9zs","id":"shm0246td02l9zs"},"id":"v9x5xcnheoq9005","previousOperationId":"ml62is4dwm6iroa"}
{"type":"log","timestamp":1708450993250,"level":"debug","message":"Page request finished: GET (script) 200 https://code.jquery.com/jquery-3.6.0.min.js","meta":{"rootId":"shm0246td02l9zs","id":"shm0246td02l9zs"},"id":"lum3b38hek8us5l","previousOperationId":"ml62is4dwm6iroa"}
{"type":"log","timestamp":1708450993253,"level":"warn","message":"Page error: Unexpected identifier 'Object' , stack: SyntaxError: Unexpected identifier 'Object'","meta":{"rootId":"shm0246td02l9zs","id":"shm0246td02l9zs"},"id":"5hoycv4uy5y1goz","previousOperationId":"ml62is4dwm6iroa"}
{"type":"log","timestamp":1708450993259,"level":"debug","message":"Running chrome with params {\"printBackground\":true,\"timeout\":59956,\"margin\":{}}","meta":{"rootId":"shm0246td02l9zs","id":"shm0246td02l9zs"},"id":"7wqk2pzles6d8b5","previousOperationId":"ml62is4dwm6iroa"}
{"type":"operationEnd","operationId":"ml62is4dwm6iroa","timestamp":1708450993269,"id":"kiiejwcj5fo1tcn","previousEventId":"fvoiaog5dv4x9n2","previousOperationId":"ml62is4dwm6iroa"}
{"type":"log","timestamp":1708450993269,"level":"debug","message":"Skipping storing report.","meta":{"rootId":"shm0246td02l9zs","id":"shm0246td02l9zs"},"id":"aeii7ixoswt1vfy","previousOperationId":"ml62is4dwm6iroa"}
{"type":"log","timestamp":1708450993269,"level":"info","message":"Rendering request 20 finished in 119 ms","meta":{"rootId":"shm0246td02l9zs","id":"shm0246td02l9zs"},"id":"l0hgfqwefchw83e","previousOperationId":"ml62is4dwm6iroa"}
{"type":"operationEnd","subtype":"render","operationId":"8u242w9eivxhl5x","timestamp":1708450993269,"id":"lzjnh0wij3su381","previousEventId":"kiiejwcj5fo1tcn","previousOperationId":"ml62is4dwm6iroa"}
{"type":"operationEnd","doDiffs":false,"previousEventId":"kx7y42c9ajton91","previousOperationId":"hn7wunimpb1vfgu","operationId":"hn7wunimpb1vfgu","timestamp":1708450993272,"id":"l7ybo5frb5740bq"}
