{"type":"operationStart","subtype":"profile","data":{"_id":"zRTrkWaXZxkHiQTt","timestamp":"2024-02-20T19:13:52.055Z","state":"queued","mode":"standard","creationDate":"2024-02-20T19:13:52.055Z","modificationDate":"2024-02-20T19:13:52.055Z","shortid":"qx4RvJQ","$entitySet":"profiles"},"doDiffs":false,"timestamp":1708456432055,"id":"jcy5tpd6q0fdvt3","previousOperationId":null,"operationId":"zkhnkk2yrgma532"}
{"type":"log","level":"info","message":"Render request 57 queued for execution and waiting for available worker","previousOperationId":"zkhnkk2yrgma532","timestamp":1708456432055,"id":"z0vff4740jw7gf4"}
{"type":"operationStart","subtype":"render","name":"TemplateList","previousOperationId":"zkhnkk2yrgma532","timestamp":1708456432060,"id":"furi96tt6lyu8kf","previousEventId":"jcy5tpd6q0fdvt3","operationId":"izjlbvtospvr06q"}
{"type":"log","timestamp":1708456432060,"level":"info","message":"Starting rendering request 57","meta":{"rootId":"su6mggncub05iig","id":"su6mggncub05iig"},"id":"r8u5qavjk764byb","previousOperationId":"izjlbvtospvr06q"}
{"type":"log","timestamp":1708456432060,"level":"info","message":"Rendering template { name: TemplateList, recipe: chrome-pdf, engine: handlebars, preview: true }","meta":{"rootId":"su6mggncub05iig","id":"su6mggncub05iig"},"id":"u65l5pe710d0g91","previousOperationId":"izjlbvtospvr06q"}
{"type":"log","timestamp":1708456432060,"level":"debug","message":"Data item not defined for this template.","meta":{"rootId":"su6mggncub05iig","id":"su6mggncub05iig"},"id":"mr0aol9x7zy65jl","previousOperationId":"izjlbvtospvr06q"}
{"type":"log","timestamp":1708456432061,"level":"debug","message":"Executing script list-data (beforeRender)","meta":{"rootId":"su6mggncub05iig","id":"su6mggncub05iig"},"id":"mw7e1ymdgj9es4h","previousOperationId":"izjlbvtospvr06q"}
{"type":"operationStart","subtype":"scriptsBeforeRender","name":"scripts beforeRender","timestamp":1708456432065,"id":"iwba1lyy2hvovsm","previousEventId":"furi96tt6lyu8kf","operationId":"6bnvvuzedv1p6r5","previousOperationId":"izjlbvtospvr06q"}
{"type":"operationStart","subtype":"script","name":"scripts list-data","previousOperationId":"6bnvvuzedv1p6r5","timestamp":1708456432065,"id":"mtfgisac684noy3","previousEventId":"iwba1lyy2hvovsm","operationId":"jaqpdf6l1q014xv"}
{"type":"log","timestamp":1708456432083,"level":"debug","message":"(console:log) [\n  {\n    list_description: {\n      id: 2,\n      list_name: 'sarshisha',\n      list_current_number: 13,\n      list_limit_number: 0\n    },\n    list_image: {\n      url: 'http://localhost:4000/rails/active_storage/blobs/redirect/eyJfcmFpbHMiOnsiZGF0YSI6MywicHVyIjoiYmxvYl9pZCJ9fQ==--07183cfade35ce6ffe715f60749642919ec61f5d/charcuteria.png'\n    }\n  },\n  {\n    list_description: {\n      id: 3,\n      list_name: 'stjsjshtshn',\n      list_current_number: 4,\n      list_limit_number: 0\n    },\n    list_image: {\n      url: 'http://localhost:4000/rails/active_storage/blobs/redirect/eyJfcmFpbHMiOnsiZGF0YSI6NCwicHVyIjoiYmxvYl9pZCJ9fQ==--023aae65cb60b3f6c6d73a9c76e14c0b0df6ad86/dibujoadrian.jpg'\n    }\n  },\n  {\n    list_description: {\n      id: 1,\n      list_name: 'charcuteria',\n      list_current_number: 1,\n      list_limit_number: 0\n    },\n    list_image: {\n      url: 'http://localhost:4000/rails/active_storage/blobs/redirect/eyJfcmFpbHMiOnsiZGF0YSI6MiwicHVyIjoiYmxvYl9pZCJ9fQ==--ee6d56bf52163135b48a4ba2c22b11a93e94d3b3/charcuteria.png'\n    }\n  }\n]","meta":{"userLevel":true,"rootId":"su6mggncub05iig","id":"su6mggncub05iig"},"id":"6k3buad88k9uvaw","previousOperationId":"jaqpdf6l1q014xv"}
{"type":"log","timestamp":1708456432091,"level":"debug","message":"(console:log) [\n  {\n    id: 1,\n    nickname: 'a',\n    is_admin: true,\n    suscriptor: null,\n    created_at: '2024-02-20T16:45:37.609Z',\n    updated_at: '2024-02-20T16:45:37.729Z',\n    email: 'a@a.a',\n    jti: '6a2b57ca-af4b-47a0-8285-477cffafa34b'\n  }\n]","meta":{"userLevel":true,"rootId":"su6mggncub05iig","id":"su6mggncub05iig"},"id":"5m60d6mn4o0zfy5","previousOperationId":"jaqpdf6l1q014xv"}
{"type":"operationEnd","operationId":"jaqpdf6l1q014xv","timestamp":1708456432091,"id":"elthmyfbhvowenw","previousEventId":"furi96tt6lyu8kf","previousOperationId":"izjlbvtospvr06q"}
{"type":"operationEnd","operationId":"6bnvvuzedv1p6r5","timestamp":1708456432091,"id":"6yawbkozj5tpw9q","previousEventId":"elthmyfbhvowenw","previousOperationId":"izjlbvtospvr06q"}
{"type":"log","timestamp":1708456432091,"level":"debug","message":"Base url not specified, skipping its injection.","meta":{"rootId":"su6mggncub05iig","id":"su6mggncub05iig"},"id":"t1y8r86tpc72ude","previousOperationId":"6bnvvuzedv1p6r5"}
{"type":"operationStart","subtype":"engine","name":"handlebars","timestamp":1708456432091,"id":"hv1nvkvqum52a17","previousEventId":"6yawbkozj5tpw9q","operationId":"22z4eqeniykuesb","previousOperationId":"6bnvvuzedv1p6r5"}
{"type":"log","timestamp":1708456432091,"level":"debug","message":"Rendering engine handlebars","meta":{"rootId":"su6mggncub05iig","id":"su6mggncub05iig"},"id":"eqpvs442egkew07","previousOperationId":"22z4eqeniykuesb"}
{"type":"operationEnd","operationId":"22z4eqeniykuesb","timestamp":1708456432101,"id":"4ipamh1q97vjqsl","previousEventId":"hv1nvkvqum52a17","previousOperationId":"22z4eqeniykuesb"}
{"type":"operationStart","subtype":"recipe","name":"chrome-pdf","timestamp":1708456432102,"id":"m70si1iryn73393","previousEventId":"4ipamh1q97vjqsl","operationId":"i2xz1gwl4r6ellk","previousOperationId":"22z4eqeniykuesb"}
{"type":"log","timestamp":1708456432102,"level":"debug","message":"Executing recipe chrome-pdf","meta":{"rootId":"su6mggncub05iig","id":"su6mggncub05iig"},"id":"7a05r049mjnmx8t","previousOperationId":"i2xz1gwl4r6ellk"}
{"type":"log","timestamp":1708456432103,"level":"debug","message":"Converting with chrome HeadlessChrome/117.0.5938.149 using chrome-pool strategy","meta":{"rootId":"su6mggncub05iig","id":"su6mggncub05iig"},"id":"6nn3ehcwsasd7jt","previousOperationId":"i2xz1gwl4r6ellk"}
{"type":"log","timestamp":1708456432138,"level":"debug","message":"Page request: GET (document) file:///tmp/jsreport/autocleanup/a8a35b4f-74db-4b2c-8e60-61cc87379d80-chrome-pdf.html","meta":{"rootId":"su6mggncub05iig","id":"su6mggncub05iig"},"id":"zlf7p629hzwpqhb","previousOperationId":"i2xz1gwl4r6ellk"}
{"type":"log","timestamp":1708456432146,"level":"debug","message":"Page request: GET (stylesheet) https://cdn.jsdelivr.net/chartist.js/latest/chartist.min.css","meta":{"rootId":"su6mggncub05iig","id":"su6mggncub05iig"},"id":"5e5w3c93sfyz88o","previousOperationId":"i2xz1gwl4r6ellk"}
{"type":"log","timestamp":1708456432147,"level":"debug","message":"Page request: GET (script) https://cdn.jsdelivr.net/chartist.js/latest/chartist.min.js","meta":{"rootId":"su6mggncub05iig","id":"su6mggncub05iig"},"id":"3d8w4gbp77y0flz","previousOperationId":"i2xz1gwl4r6ellk"}
{"type":"log","timestamp":1708456432147,"level":"debug","message":"Page request finished: GET (document) 200 file:///tmp/jsreport/autocleanup/a8a35b4f-74db-4b2c-8e60-61cc87379d80-chrome-pdf.html","meta":{"rootId":"su6mggncub05iig","id":"su6mggncub05iig"},"id":"686sijgibkt0vcc","previousOperationId":"i2xz1gwl4r6ellk"}
{"type":"log","timestamp":1708456432150,"level":"debug","message":"Page request finished: GET (stylesheet) 200 https://cdn.jsdelivr.net/chartist.js/latest/chartist.min.css","meta":{"rootId":"su6mggncub05iig","id":"su6mggncub05iig"},"id":"cszc5plgte6i3kk","previousOperationId":"i2xz1gwl4r6ellk"}
{"type":"log","timestamp":1708456432150,"level":"debug","message":"Page request finished: GET (script) 200 https://cdn.jsdelivr.net/chartist.js/latest/chartist.min.js","meta":{"rootId":"su6mggncub05iig","id":"su6mggncub05iig"},"id":"ob44xr6v7oz8tmx","previousOperationId":"i2xz1gwl4r6ellk"}
{"type":"log","timestamp":1708456432168,"level":"debug","message":"Running chrome with params {\"printBackground\":true,\"timeout\":59952,\"margin\":{}}","meta":{"rootId":"su6mggncub05iig","id":"su6mggncub05iig"},"id":"6cg9zahqyqjurac","previousOperationId":"i2xz1gwl4r6ellk"}
{"type":"operationEnd","operationId":"i2xz1gwl4r6ellk","timestamp":1708456432187,"id":"dfzhl2vtye70fmu","previousEventId":"m70si1iryn73393","previousOperationId":"i2xz1gwl4r6ellk"}
{"type":"log","timestamp":1708456432187,"level":"debug","message":"Skipping storing report.","meta":{"rootId":"su6mggncub05iig","id":"su6mggncub05iig"},"id":"uf639mwgzy6ao2p","previousOperationId":"i2xz1gwl4r6ellk"}
{"type":"log","timestamp":1708456432187,"level":"info","message":"Rendering request 57 finished in 133 ms","meta":{"rootId":"su6mggncub05iig","id":"su6mggncub05iig"},"id":"mq3uvbnh0hymmry","previousOperationId":"i2xz1gwl4r6ellk"}
{"type":"operationEnd","subtype":"render","operationId":"izjlbvtospvr06q","timestamp":1708456432187,"id":"zp0qa0kd2c60fcc","previousEventId":"dfzhl2vtye70fmu","previousOperationId":"i2xz1gwl4r6ellk"}
{"type":"operationEnd","doDiffs":false,"previousEventId":"jcy5tpd6q0fdvt3","previousOperationId":"zkhnkk2yrgma532","operationId":"zkhnkk2yrgma532","timestamp":1708456432191,"id":"7mbv1nx6o1j3hff"}
