{"type":"operationStart","subtype":"profile","data":{"_id":"jN296cPt9c5OPD9d","timestamp":"2024-02-20T18:15:36.825Z","state":"queued","mode":"standard","creationDate":"2024-02-20T18:15:36.826Z","modificationDate":"2024-02-20T18:15:36.826Z","shortid":"o44mQ1U","$entitySet":"profiles"},"doDiffs":false,"timestamp":1708452936825,"id":"p9ohtva3rnc6fwq","previousOperationId":null,"operationId":"c1idwcz57idt487"}
{"type":"log","level":"info","message":"Render request 17 queued for execution and waiting for available worker","previousOperationId":"c1idwcz57idt487","timestamp":1708452936826,"id":"ktc2vaacijh7o44"}
{"type":"operationStart","subtype":"render","name":"TemplateList","previousOperationId":"c1idwcz57idt487","timestamp":1708452936830,"id":"epfa0ddi4nimyq3","previousEventId":"p9ohtva3rnc6fwq","operationId":"28m08h54ulmprqz"}
{"type":"log","timestamp":1708452936830,"level":"info","message":"Starting rendering request 17","meta":{"rootId":"syxc3rj23f45cl7","id":"syxc3rj23f45cl7"},"id":"yavou1i3y3kd52o","previousOperationId":"28m08h54ulmprqz"}
{"type":"log","timestamp":1708452936830,"level":"info","message":"Rendering template { name: TemplateList, recipe: chrome-pdf, engine: handlebars, preview: true }","meta":{"rootId":"syxc3rj23f45cl7","id":"syxc3rj23f45cl7"},"id":"5jyrykx3o0emifm","previousOperationId":"28m08h54ulmprqz"}
{"type":"log","timestamp":1708452936830,"level":"debug","message":"Data item not defined for this template.","meta":{"rootId":"syxc3rj23f45cl7","id":"syxc3rj23f45cl7"},"id":"5t711nk8cyn64yt","previousOperationId":"28m08h54ulmprqz"}
{"type":"log","timestamp":1708452936832,"level":"debug","message":"Executing script list-data (beforeRender)","meta":{"rootId":"syxc3rj23f45cl7","id":"syxc3rj23f45cl7"},"id":"nvou0vul8dr6n72","previousOperationId":"28m08h54ulmprqz"}
{"type":"operationStart","subtype":"scriptsBeforeRender","name":"scripts beforeRender","timestamp":1708452936835,"id":"1m8vlgxmccn43n0","previousEventId":"epfa0ddi4nimyq3","operationId":"9wiujn32tiwivuh","previousOperationId":"28m08h54ulmprqz"}
{"type":"operationStart","subtype":"script","name":"scripts list-data","previousOperationId":"9wiujn32tiwivuh","timestamp":1708452936835,"id":"voafncuhdbfq9p6","previousEventId":"1m8vlgxmccn43n0","operationId":"71xixmygf0ypm1f"}
{"type":"log","timestamp":1708452936862,"level":"debug","message":"(console:log) [\n  {\n    list_description: {\n      id: 1,\n      list_name: 'charcuteria',\n      list_current_number: 0,\n      list_limit_number: 0\n    },\n    list_image: {\n      url: 'http://localhost:4000/rails/active_storage/blobs/redirect/eyJfcmFpbHMiOnsiZGF0YSI6MiwicHVyIjoiYmxvYl9pZCJ9fQ==--ee6d56bf52163135b48a4ba2c22b11a93e94d3b3/charcuteria.png'\n    }\n  },\n  {\n    list_description: {\n      id: 2,\n      list_name: 'sarshisha',\n      list_current_number: 0,\n      list_limit_number: 0\n    },\n    list_image: {\n      url: 'http://localhost:4000/rails/active_storage/blobs/redirect/eyJfcmFpbHMiOnsiZGF0YSI6MywicHVyIjoiYmxvYl9pZCJ9fQ==--07183cfade35ce6ffe715f60749642919ec61f5d/charcuteria.png'\n    }\n  },\n  {\n    list_description: {\n      id: 3,\n      list_name: 'stjsjshtshn',\n      list_current_number: 0,\n      list_limit_number: 0\n    },\n    list_image: {\n      url: 'http://localhost:4000/rails/active_storage/blobs/redirect/eyJfcmFpbHMiOnsiZGF0YSI6NCwicHVyIjoiYmxvYl9pZCJ9fQ==--023aae65cb60b3f6c6d73a9c76e14c0b0df6ad86/dibujoadrian.jpg'\n    }\n  }\n]","meta":{"userLevel":true,"rootId":"syxc3rj23f45cl7","id":"syxc3rj23f45cl7"},"id":"dxnki8tawg5u63c","previousOperationId":"71xixmygf0ypm1f"}
{"type":"log","timestamp":1708452936871,"level":"debug","message":"(console:log) [\n  {\n    id: 1,\n    nickname: 'a',\n    is_admin: true,\n    suscriptor: null,\n    created_at: '2024-02-20T16:45:37.609Z',\n    updated_at: '2024-02-20T16:45:37.729Z',\n    email: 'a@a.a',\n    jti: '6a2b57ca-af4b-47a0-8285-477cffafa34b'\n  }\n]","meta":{"userLevel":true,"rootId":"syxc3rj23f45cl7","id":"syxc3rj23f45cl7"},"id":"uuft6ayllhlv6ll","previousOperationId":"71xixmygf0ypm1f"}
{"type":"operationEnd","operationId":"71xixmygf0ypm1f","timestamp":1708452936871,"id":"5pj3yzcsyh4io99","previousEventId":"epfa0ddi4nimyq3","previousOperationId":"28m08h54ulmprqz"}
{"type":"operationEnd","operationId":"9wiujn32tiwivuh","timestamp":1708452936871,"id":"99m1xal7pi31iez","previousEventId":"5pj3yzcsyh4io99","previousOperationId":"28m08h54ulmprqz"}
{"type":"log","timestamp":1708452936871,"level":"debug","message":"Base url not specified, skipping its injection.","meta":{"rootId":"syxc3rj23f45cl7","id":"syxc3rj23f45cl7"},"id":"4nc3gdzxtuvi8le","previousOperationId":"9wiujn32tiwivuh"}
{"type":"operationStart","subtype":"engine","name":"handlebars","timestamp":1708452936871,"id":"zy6y5xoxp3eg3ue","previousEventId":"99m1xal7pi31iez","operationId":"bunwavy55q37xww","previousOperationId":"9wiujn32tiwivuh"}
{"type":"log","timestamp":1708452936871,"level":"debug","message":"Rendering engine handlebars","meta":{"rootId":"syxc3rj23f45cl7","id":"syxc3rj23f45cl7"},"id":"5v0rrc0q2g5mhtn","previousOperationId":"bunwavy55q37xww"}
{"type":"operationEnd","operationId":"bunwavy55q37xww","timestamp":1708452936885,"id":"wkmycvmx7vqqwuz","previousEventId":"zy6y5xoxp3eg3ue","previousOperationId":"bunwavy55q37xww"}
{"type":"operationStart","subtype":"recipe","name":"chrome-pdf","timestamp":1708452936885,"id":"g3bjyyg6usf2w1w","previousEventId":"wkmycvmx7vqqwuz","operationId":"y1w559x1gc6q5ki","previousOperationId":"bunwavy55q37xww"}
{"type":"log","timestamp":1708452936885,"level":"debug","message":"Executing recipe chrome-pdf","meta":{"rootId":"syxc3rj23f45cl7","id":"syxc3rj23f45cl7"},"id":"oi9a9o39f5rdit2","previousOperationId":"y1w559x1gc6q5ki"}
{"type":"log","timestamp":1708452936886,"level":"debug","message":"Converting with chrome HeadlessChrome/117.0.5938.149 using chrome-pool strategy","meta":{"rootId":"syxc3rj23f45cl7","id":"syxc3rj23f45cl7"},"id":"qc1e5vo7qad8tph","previousOperationId":"y1w559x1gc6q5ki"}
{"type":"log","timestamp":1708452936926,"level":"debug","message":"Page request: GET (document) file:///tmp/jsreport/autocleanup/83631d28-7525-4938-b16c-45b196115cc7-chrome-pdf.html","meta":{"rootId":"syxc3rj23f45cl7","id":"syxc3rj23f45cl7"},"id":"a8oqg9jkaqf029g","previousOperationId":"y1w559x1gc6q5ki"}
{"type":"log","timestamp":1708452936936,"level":"debug","message":"Page request: GET (stylesheet) https://cdn.jsdelivr.net/chartist.js/latest/chartist.min.css","meta":{"rootId":"syxc3rj23f45cl7","id":"syxc3rj23f45cl7"},"id":"d2ki9sw26ytegmb","previousOperationId":"y1w559x1gc6q5ki"}
{"type":"log","timestamp":1708452936936,"level":"debug","message":"Page request: GET (script) https://cdn.jsdelivr.net/chartist.js/latest/chartist.min.js","meta":{"rootId":"syxc3rj23f45cl7","id":"syxc3rj23f45cl7"},"id":"zlsg4r24lowwniw","previousOperationId":"y1w559x1gc6q5ki"}
{"type":"log","timestamp":1708452936937,"level":"debug","message":"Page request: GET (script) https://code.jquery.com/jquery-3.6.0.min.js","meta":{"rootId":"syxc3rj23f45cl7","id":"syxc3rj23f45cl7"},"id":"ce8zw56q1mltpue","previousOperationId":"y1w559x1gc6q5ki"}
{"type":"log","timestamp":1708452936937,"level":"debug","message":"Page request finished: GET (document) 200 file:///tmp/jsreport/autocleanup/83631d28-7525-4938-b16c-45b196115cc7-chrome-pdf.html","meta":{"rootId":"syxc3rj23f45cl7","id":"syxc3rj23f45cl7"},"id":"lzhzhrs4pk64x8b","previousOperationId":"y1w559x1gc6q5ki"}
{"type":"log","timestamp":1708452936943,"level":"debug","message":"Page request finished: GET (stylesheet) 200 https://cdn.jsdelivr.net/chartist.js/latest/chartist.min.css","meta":{"rootId":"syxc3rj23f45cl7","id":"syxc3rj23f45cl7"},"id":"kltfoxikwncqlup","previousOperationId":"y1w559x1gc6q5ki"}
{"type":"log","timestamp":1708452936944,"level":"debug","message":"Page request finished: GET (script) 200 https://cdn.jsdelivr.net/chartist.js/latest/chartist.min.js","meta":{"rootId":"syxc3rj23f45cl7","id":"syxc3rj23f45cl7"},"id":"fzfkt6ixlwc5n11","previousOperationId":"y1w559x1gc6q5ki"}
{"type":"log","timestamp":1708452936948,"level":"debug","message":"Page request finished: GET (script) 200 https://code.jquery.com/jquery-3.6.0.min.js","meta":{"rootId":"syxc3rj23f45cl7","id":"syxc3rj23f45cl7"},"id":"7iptav9xtxymqn9","previousOperationId":"y1w559x1gc6q5ki"}
{"type":"log","timestamp":1708452936955,"level":"warn","message":"Page error: Unexpected identifier 'Object' , stack: SyntaxError: Unexpected identifier 'Object'","meta":{"rootId":"syxc3rj23f45cl7","id":"syxc3rj23f45cl7"},"id":"9v1k4xndt900wlv","previousOperationId":"y1w559x1gc6q5ki"}
{"type":"log","timestamp":1708452936963,"level":"debug","message":"Running chrome with params {\"printBackground\":true,\"timeout\":59939,\"margin\":{}}","meta":{"rootId":"syxc3rj23f45cl7","id":"syxc3rj23f45cl7"},"id":"nlsw0jbghsdae50","previousOperationId":"y1w559x1gc6q5ki"}
{"type":"operationEnd","operationId":"y1w559x1gc6q5ki","timestamp":1708452936978,"id":"vypo1kiao1l553v","previousEventId":"g3bjyyg6usf2w1w","previousOperationId":"y1w559x1gc6q5ki"}
{"type":"log","timestamp":1708452936978,"level":"debug","message":"Skipping storing report.","meta":{"rootId":"syxc3rj23f45cl7","id":"syxc3rj23f45cl7"},"id":"qf1bwyoeakapll5","previousOperationId":"y1w559x1gc6q5ki"}
{"type":"log","timestamp":1708452936978,"level":"info","message":"Rendering request 17 finished in 153 ms","meta":{"rootId":"syxc3rj23f45cl7","id":"syxc3rj23f45cl7"},"id":"q0ng1mbl0p7j0d1","previousOperationId":"y1w559x1gc6q5ki"}
{"type":"operationEnd","subtype":"render","operationId":"28m08h54ulmprqz","timestamp":1708452936978,"id":"io3huir8sv2aduy","previousEventId":"vypo1kiao1l553v","previousOperationId":"y1w559x1gc6q5ki"}
{"type":"operationEnd","doDiffs":false,"previousEventId":"p9ohtva3rnc6fwq","previousOperationId":"c1idwcz57idt487","operationId":"c1idwcz57idt487","timestamp":1708452936981,"id":"37nzuycuzulndmh"}
