{"type":"operationStart","subtype":"profile","data":{"_id":"TvSjMg8HLqxiWjOT","timestamp":"2024-02-20T18:02:45.927Z","state":"queued","mode":"standard","creationDate":"2024-02-20T18:02:45.931Z","modificationDate":"2024-02-20T18:02:45.931Z","shortid":"XaIYJJq","$entitySet":"profiles"},"doDiffs":false,"timestamp":1708452165928,"id":"p0vspt0tssd7ild","previousOperationId":null,"operationId":"cjdkv361w5ujztk"}
{"type":"log","level":"info","message":"Render request 1 queued for execution and waiting for available worker","previousOperationId":"cjdkv361w5ujztk","timestamp":1708452165929,"id":"c5c8ilj91r4yt4m"}
{"type":"operationStart","subtype":"render","name":"TemplateList","previousOperationId":"cjdkv361w5ujztk","timestamp":1708452165952,"id":"cfwdr87oiq85x82","previousEventId":"p0vspt0tssd7ild","operationId":"rzdwmzjfyi7a8ur"}
{"type":"log","timestamp":1708452165952,"level":"info","message":"Starting rendering request 1","meta":{"rootId":"tep28wx4igyx9ap","id":"tep28wx4igyx9ap"},"id":"ej6fgdubhnjs37g","previousOperationId":"rzdwmzjfyi7a8ur"}
{"type":"log","timestamp":1708452165953,"level":"info","message":"Rendering template { name: TemplateList, recipe: chrome-pdf, engine: handlebars, preview: true }","meta":{"rootId":"tep28wx4igyx9ap","id":"tep28wx4igyx9ap"},"id":"xksyt0ihxiyl7ca","previousOperationId":"rzdwmzjfyi7a8ur"}
{"type":"log","timestamp":1708452165955,"level":"debug","message":"Data item not defined for this template.","meta":{"rootId":"tep28wx4igyx9ap","id":"tep28wx4igyx9ap"},"id":"u90opfgdie61ggn","previousOperationId":"rzdwmzjfyi7a8ur"}
{"type":"log","timestamp":1708452165958,"level":"debug","message":"Executing script list-data (beforeRender)","meta":{"rootId":"tep28wx4igyx9ap","id":"tep28wx4igyx9ap"},"id":"kk95pue5aecgxb7","previousOperationId":"rzdwmzjfyi7a8ur"}
{"type":"operationStart","subtype":"scriptsBeforeRender","name":"scripts beforeRender","timestamp":1708452166116,"id":"0lfh2kkjytict7w","previousEventId":"cfwdr87oiq85x82","operationId":"up3lscs0rgdtxtk","previousOperationId":"rzdwmzjfyi7a8ur"}
{"type":"operationStart","subtype":"script","name":"scripts list-data","previousOperationId":"up3lscs0rgdtxtk","timestamp":1708452166116,"id":"dc4x7x4yg2wukrc","previousEventId":"0lfh2kkjytict7w","operationId":"bhx6zntejqyy05y"}
{"type":"log","timestamp":1708452166145,"level":"debug","message":"(console:log) [\n  {\n    list_description: {\n      id: 1,\n      list_name: 'charcuteria',\n      list_current_number: 0,\n      list_limit_number: 0\n    },\n    list_image: {\n      url: 'http://localhost:4000/rails/active_storage/blobs/redirect/eyJfcmFpbHMiOnsiZGF0YSI6MiwicHVyIjoiYmxvYl9pZCJ9fQ==--ee6d56bf52163135b48a4ba2c22b11a93e94d3b3/charcuteria.png'\n    }\n  },\n  {\n    list_description: {\n      id: 2,\n      list_name: 'sarshisha',\n      list_current_number: 0,\n      list_limit_number: 0\n    },\n    list_image: {\n      url: 'http://localhost:4000/rails/active_storage/blobs/redirect/eyJfcmFpbHMiOnsiZGF0YSI6MywicHVyIjoiYmxvYl9pZCJ9fQ==--07183cfade35ce6ffe715f60749642919ec61f5d/charcuteria.png'\n    }\n  },\n  {\n    list_description: {\n      id: 3,\n      list_name: 'stjsjshtshn',\n      list_current_number: 0,\n      list_limit_number: 0\n    },\n    list_image: {\n      url: 'http://localhost:4000/rails/active_storage/blobs/redirect/eyJfcmFpbHMiOnsiZGF0YSI6NCwicHVyIjoiYmxvYl9pZCJ9fQ==--023aae65cb60b3f6c6d73a9c76e14c0b0df6ad86/dibujoadrian.jpg'\n    }\n  }\n]","meta":{"userLevel":true,"rootId":"tep28wx4igyx9ap","id":"tep28wx4igyx9ap"},"id":"vtuqx49nm5haues","previousOperationId":"bhx6zntejqyy05y"}
{"type":"operationEnd","operationId":"bhx6zntejqyy05y","timestamp":1708452166145,"id":"iz55sxzir2ppssl","previousEventId":"cfwdr87oiq85x82","previousOperationId":"rzdwmzjfyi7a8ur"}
{"type":"operationEnd","operationId":"up3lscs0rgdtxtk","timestamp":1708452166145,"id":"71jpdzn5pgwq9vt","previousEventId":"iz55sxzir2ppssl","previousOperationId":"rzdwmzjfyi7a8ur"}
{"type":"log","timestamp":1708452166145,"level":"debug","message":"Base url not specified, skipping its injection.","meta":{"rootId":"tep28wx4igyx9ap","id":"tep28wx4igyx9ap"},"id":"khi2bw1nr6d5yfl","previousOperationId":"up3lscs0rgdtxtk"}
{"type":"operationStart","subtype":"engine","name":"handlebars","timestamp":1708452166146,"id":"g1mc6nzarsx62i7","previousEventId":"71jpdzn5pgwq9vt","operationId":"mhi8jmlhq5o1zhw","previousOperationId":"up3lscs0rgdtxtk"}
{"type":"log","timestamp":1708452166146,"level":"debug","message":"Rendering engine handlebars","meta":{"rootId":"tep28wx4igyx9ap","id":"tep28wx4igyx9ap"},"id":"nf89pv6a42x4app","previousOperationId":"mhi8jmlhq5o1zhw"}
{"type":"operationEnd","operationId":"mhi8jmlhq5o1zhw","timestamp":1708452166321,"id":"gu1r7wp7ikvisjy","previousEventId":"g1mc6nzarsx62i7","previousOperationId":"mhi8jmlhq5o1zhw"}
{"type":"operationStart","subtype":"recipe","name":"chrome-pdf","timestamp":1708452166322,"id":"ea85ymy3ewivipa","previousEventId":"gu1r7wp7ikvisjy","operationId":"wll4cu6f5ogq41h","previousOperationId":"mhi8jmlhq5o1zhw"}
{"type":"log","timestamp":1708452166322,"level":"debug","message":"Executing recipe chrome-pdf","meta":{"rootId":"tep28wx4igyx9ap","id":"tep28wx4igyx9ap"},"id":"bvma7qwam1i5gp3","previousOperationId":"wll4cu6f5ogq41h"}
{"type":"log","timestamp":1708452166608,"level":"debug","message":"Converting with chrome HeadlessChrome/117.0.5938.149 using chrome-pool strategy","meta":{"rootId":"tep28wx4igyx9ap","id":"tep28wx4igyx9ap"},"id":"pxrx8lo5jm73oip","previousOperationId":"wll4cu6f5ogq41h"}
{"type":"log","timestamp":1708452166664,"level":"debug","message":"Page request: GET (document) file:///tmp/jsreport/autocleanup/0f2a2b6d-8dae-40dd-82db-9d282e26ac20-chrome-pdf.html","meta":{"rootId":"tep28wx4igyx9ap","id":"tep28wx4igyx9ap"},"id":"mg9x21sjnjsjmx7","previousOperationId":"wll4cu6f5ogq41h"}
{"type":"log","timestamp":1708452166672,"level":"debug","message":"Page request: GET (stylesheet) https://cdn.jsdelivr.net/chartist.js/latest/chartist.min.css","meta":{"rootId":"tep28wx4igyx9ap","id":"tep28wx4igyx9ap"},"id":"r3tyvwumqgdf7j4","previousOperationId":"wll4cu6f5ogq41h"}
{"type":"log","timestamp":1708452166672,"level":"debug","message":"Page request: GET (script) https://cdn.jsdelivr.net/chartist.js/latest/chartist.min.js","meta":{"rootId":"tep28wx4igyx9ap","id":"tep28wx4igyx9ap"},"id":"xcopzddov234ref","previousOperationId":"wll4cu6f5ogq41h"}
{"type":"log","timestamp":1708452166673,"level":"debug","message":"Page request: GET (script) https://code.jquery.com/jquery-3.6.0.min.js","meta":{"rootId":"tep28wx4igyx9ap","id":"tep28wx4igyx9ap"},"id":"rpn7euivtta3c7l","previousOperationId":"wll4cu6f5ogq41h"}
{"type":"log","timestamp":1708452166673,"level":"debug","message":"Page request finished: GET (document) 200 file:///tmp/jsreport/autocleanup/0f2a2b6d-8dae-40dd-82db-9d282e26ac20-chrome-pdf.html","meta":{"rootId":"tep28wx4igyx9ap","id":"tep28wx4igyx9ap"},"id":"tfv5zxuz2rumfna","previousOperationId":"wll4cu6f5ogq41h"}
{"type":"log","timestamp":1708452166927,"level":"debug","message":"Page request finished: GET (stylesheet) 200 https://cdn.jsdelivr.net/chartist.js/latest/chartist.min.css","meta":{"rootId":"tep28wx4igyx9ap","id":"tep28wx4igyx9ap"},"id":"l565d20cjwg3ul9","previousOperationId":"wll4cu6f5ogq41h"}
{"type":"log","timestamp":1708452166928,"level":"debug","message":"Page request finished: GET (script) 200 https://cdn.jsdelivr.net/chartist.js/latest/chartist.min.js","meta":{"rootId":"tep28wx4igyx9ap","id":"tep28wx4igyx9ap"},"id":"54sybx2gy6lgnpm","previousOperationId":"wll4cu6f5ogq41h"}
{"type":"log","timestamp":1708452166930,"level":"debug","message":"Page request finished: GET (script) 200 https://code.jquery.com/jquery-3.6.0.min.js","meta":{"rootId":"tep28wx4igyx9ap","id":"tep28wx4igyx9ap"},"id":"axaal0iar5nqv27","previousOperationId":"wll4cu6f5ogq41h"}
{"type":"log","timestamp":1708452166937,"level":"warn","message":"Page error: Unexpected identifier 'Object' , stack: SyntaxError: Unexpected identifier 'Object'","meta":{"rootId":"tep28wx4igyx9ap","id":"tep28wx4igyx9ap"},"id":"pp0hw375pv4o5pc","previousOperationId":"wll4cu6f5ogq41h"}
{"type":"log","timestamp":1708452166944,"level":"debug","message":"Running chrome with params {\"printBackground\":true,\"timeout\":59440,\"margin\":{}}","meta":{"rootId":"tep28wx4igyx9ap","id":"tep28wx4igyx9ap"},"id":"dksem0nbhs60m6j","previousOperationId":"wll4cu6f5ogq41h"}
{"type":"operationEnd","operationId":"wll4cu6f5ogq41h","timestamp":1708452166959,"id":"xqupki498a47zu1","previousEventId":"ea85ymy3ewivipa","previousOperationId":"wll4cu6f5ogq41h"}
{"type":"log","timestamp":1708452166960,"level":"debug","message":"Skipping storing report.","meta":{"rootId":"tep28wx4igyx9ap","id":"tep28wx4igyx9ap"},"id":"7rzmeqiwqmhm0q5","previousOperationId":"wll4cu6f5ogq41h"}
{"type":"log","timestamp":1708452166960,"level":"info","message":"Rendering request 1 finished in 1033 ms","meta":{"rootId":"tep28wx4igyx9ap","id":"tep28wx4igyx9ap"},"id":"zspe6j531zrcqqx","previousOperationId":"wll4cu6f5ogq41h"}
{"type":"operationEnd","subtype":"render","operationId":"rzdwmzjfyi7a8ur","timestamp":1708452166960,"id":"4gfnd3fhbtc9h1x","previousEventId":"xqupki498a47zu1","previousOperationId":"wll4cu6f5ogq41h"}
{"type":"operationEnd","doDiffs":false,"previousEventId":"p0vspt0tssd7ild","previousOperationId":"cjdkv361w5ujztk","operationId":"cjdkv361w5ujztk","timestamp":1708452166967,"id":"ysetsg95aa7wms0"}
