{"type":"operationStart","subtype":"profile","data":{"_id":"U7uCZ8XXaAzNEMD8","timestamp":"2024-02-20T19:08:44.065Z","state":"queued","mode":"standard","creationDate":"2024-02-20T19:08:44.066Z","modificationDate":"2024-02-20T19:08:44.066Z","shortid":"Wbgw1BC","$entitySet":"profiles"},"doDiffs":false,"timestamp":1708456124065,"id":"rdgpvtw7nb53nuq","previousOperationId":null,"operationId":"asszic7961dehvv"}
{"type":"log","level":"info","message":"Render request 45 queued for execution and waiting for available worker","previousOperationId":"asszic7961dehvv","timestamp":1708456124065,"id":"aq8hqjpzbylud7o"}
{"type":"operationStart","subtype":"render","name":"TemplateList","previousOperationId":"asszic7961dehvv","timestamp":1708456124070,"id":"zdw6wj3zo4iirwj","previousEventId":"rdgpvtw7nb53nuq","operationId":"g2u552dv9i65brs"}
{"type":"log","timestamp":1708456124070,"level":"info","message":"Starting rendering request 45","meta":{"rootId":"tmhap52si1wi4vw","id":"tmhap52si1wi4vw"},"id":"wnj8izuez6cocr8","previousOperationId":"g2u552dv9i65brs"}
{"type":"log","timestamp":1708456124070,"level":"info","message":"Rendering template { name: TemplateList, recipe: chrome-pdf, engine: handlebars, preview: true }","meta":{"rootId":"tmhap52si1wi4vw","id":"tmhap52si1wi4vw"},"id":"mm3pbene9jgefys","previousOperationId":"g2u552dv9i65brs"}
{"type":"log","timestamp":1708456124070,"level":"debug","message":"Data item not defined for this template.","meta":{"rootId":"tmhap52si1wi4vw","id":"tmhap52si1wi4vw"},"id":"hwl6c39o2xdfo3y","previousOperationId":"g2u552dv9i65brs"}
{"type":"log","timestamp":1708456124072,"level":"debug","message":"Executing script list-data (beforeRender)","meta":{"rootId":"tmhap52si1wi4vw","id":"tmhap52si1wi4vw"},"id":"q2g4uccsgvhlq5w","previousOperationId":"g2u552dv9i65brs"}
{"type":"operationStart","subtype":"scriptsBeforeRender","name":"scripts beforeRender","timestamp":1708456124076,"id":"e12h3hux5ype75f","previousEventId":"zdw6wj3zo4iirwj","operationId":"eizdzdh6lti60g9","previousOperationId":"g2u552dv9i65brs"}
{"type":"operationStart","subtype":"script","name":"scripts list-data","previousOperationId":"eizdzdh6lti60g9","timestamp":1708456124076,"id":"al01do8dhu8yihv","previousEventId":"e12h3hux5ype75f","operationId":"81e6veazl58eug9"}
{"type":"log","timestamp":1708456124099,"level":"debug","message":"(console:log) [\n  {\n    list_description: {\n      id: 2,\n      list_name: 'sarshisha',\n      list_current_number: 13,\n      list_limit_number: 0\n    },\n    list_image: {\n      url: 'http://localhost:4000/rails/active_storage/blobs/redirect/eyJfcmFpbHMiOnsiZGF0YSI6MywicHVyIjoiYmxvYl9pZCJ9fQ==--07183cfade35ce6ffe715f60749642919ec61f5d/charcuteria.png'\n    }\n  },\n  {\n    list_description: {\n      id: 3,\n      list_name: 'stjsjshtshn',\n      list_current_number: 4,\n      list_limit_number: 0\n    },\n    list_image: {\n      url: 'http://localhost:4000/rails/active_storage/blobs/redirect/eyJfcmFpbHMiOnsiZGF0YSI6NCwicHVyIjoiYmxvYl9pZCJ9fQ==--023aae65cb60b3f6c6d73a9c76e14c0b0df6ad86/dibujoadrian.jpg'\n    }\n  },\n  {\n    list_description: {\n      id: 1,\n      list_name: 'charcuteria',\n      list_current_number: 1,\n      list_limit_number: 0\n    },\n    list_image: {\n      url: 'http://localhost:4000/rails/active_storage/blobs/redirect/eyJfcmFpbHMiOnsiZGF0YSI6MiwicHVyIjoiYmxvYl9pZCJ9fQ==--ee6d56bf52163135b48a4ba2c22b11a93e94d3b3/charcuteria.png'\n    }\n  }\n]","meta":{"userLevel":true,"rootId":"tmhap52si1wi4vw","id":"tmhap52si1wi4vw"},"id":"cosyed5opht3j66","previousOperationId":"81e6veazl58eug9"}
{"type":"log","timestamp":1708456124106,"level":"debug","message":"(console:log) [\n  {\n    id: 1,\n    nickname: 'a',\n    is_admin: true,\n    suscriptor: null,\n    created_at: '2024-02-20T16:45:37.609Z',\n    updated_at: '2024-02-20T16:45:37.729Z',\n    email: 'a@a.a',\n    jti: '6a2b57ca-af4b-47a0-8285-477cffafa34b'\n  }\n]","meta":{"userLevel":true,"rootId":"tmhap52si1wi4vw","id":"tmhap52si1wi4vw"},"id":"j03tvfxkix7l3bj","previousOperationId":"81e6veazl58eug9"}
{"type":"operationEnd","operationId":"81e6veazl58eug9","timestamp":1708456124106,"id":"dprutycgr26hzgc","previousEventId":"zdw6wj3zo4iirwj","previousOperationId":"g2u552dv9i65brs"}
{"type":"operationEnd","operationId":"eizdzdh6lti60g9","timestamp":1708456124106,"id":"3w1klhg4qybu262","previousEventId":"dprutycgr26hzgc","previousOperationId":"g2u552dv9i65brs"}
{"type":"log","timestamp":1708456124106,"level":"debug","message":"Base url not specified, skipping its injection.","meta":{"rootId":"tmhap52si1wi4vw","id":"tmhap52si1wi4vw"},"id":"wd8ocg69tw57tca","previousOperationId":"eizdzdh6lti60g9"}
{"type":"operationStart","subtype":"engine","name":"handlebars","timestamp":1708456124106,"id":"pacb84bbwigcqyw","previousEventId":"3w1klhg4qybu262","operationId":"gpswnislnqg1tq0","previousOperationId":"eizdzdh6lti60g9"}
{"type":"log","timestamp":1708456124106,"level":"debug","message":"Rendering engine handlebars","meta":{"rootId":"tmhap52si1wi4vw","id":"tmhap52si1wi4vw"},"id":"066ki98aezl2n0h","previousOperationId":"gpswnislnqg1tq0"}
{"type":"operationEnd","operationId":"gpswnislnqg1tq0","timestamp":1708456124118,"id":"1puh7taf00kxm93","previousEventId":"pacb84bbwigcqyw","previousOperationId":"gpswnislnqg1tq0"}
{"type":"operationStart","subtype":"recipe","name":"chrome-pdf","timestamp":1708456124118,"id":"jk8lm7iz11qjlw8","previousEventId":"1puh7taf00kxm93","operationId":"hyrdb8vsfononuu","previousOperationId":"gpswnislnqg1tq0"}
{"type":"log","timestamp":1708456124118,"level":"debug","message":"Executing recipe chrome-pdf","meta":{"rootId":"tmhap52si1wi4vw","id":"tmhap52si1wi4vw"},"id":"5q5aay0tlq3mfe0","previousOperationId":"hyrdb8vsfononuu"}
{"type":"log","timestamp":1708456124119,"level":"debug","message":"Converting with chrome HeadlessChrome/117.0.5938.149 using chrome-pool strategy","meta":{"rootId":"tmhap52si1wi4vw","id":"tmhap52si1wi4vw"},"id":"ews50i12hnmtjy8","previousOperationId":"hyrdb8vsfononuu"}
{"type":"log","timestamp":1708456124149,"level":"debug","message":"Page request: GET (document) file:///tmp/jsreport/autocleanup/99262813-7043-4e51-a457-0616fd19824c-chrome-pdf.html","meta":{"rootId":"tmhap52si1wi4vw","id":"tmhap52si1wi4vw"},"id":"e6j1tu0h6xq90h7","previousOperationId":"hyrdb8vsfononuu"}
{"type":"log","timestamp":1708456124157,"level":"debug","message":"Page request: GET (stylesheet) https://cdn.jsdelivr.net/chartist.js/latest/chartist.min.css","meta":{"rootId":"tmhap52si1wi4vw","id":"tmhap52si1wi4vw"},"id":"3dl0kjh42n7txa4","previousOperationId":"hyrdb8vsfononuu"}
{"type":"log","timestamp":1708456124157,"level":"debug","message":"Page request: GET (script) https://cdn.jsdelivr.net/chartist.js/latest/chartist.min.js","meta":{"rootId":"tmhap52si1wi4vw","id":"tmhap52si1wi4vw"},"id":"ah3i92g53inktzy","previousOperationId":"hyrdb8vsfononuu"}
{"type":"log","timestamp":1708456124157,"level":"debug","message":"Page request: GET (script) https://code.jquery.com/jquery-3.6.0.min.js","meta":{"rootId":"tmhap52si1wi4vw","id":"tmhap52si1wi4vw"},"id":"3mq9unyw5c5hxnm","previousOperationId":"hyrdb8vsfononuu"}
{"type":"log","timestamp":1708456124158,"level":"debug","message":"Page request: GET (script) https://cdn.jsdelivr.net/npm/chart.js","meta":{"rootId":"tmhap52si1wi4vw","id":"tmhap52si1wi4vw"},"id":"klhi61gl6ndh2r0","previousOperationId":"hyrdb8vsfononuu"}
{"type":"log","timestamp":1708456124158,"level":"debug","message":"Page request finished: GET (document) 200 file:///tmp/jsreport/autocleanup/99262813-7043-4e51-a457-0616fd19824c-chrome-pdf.html","meta":{"rootId":"tmhap52si1wi4vw","id":"tmhap52si1wi4vw"},"id":"lip2hefrwipyr8a","previousOperationId":"hyrdb8vsfononuu"}
{"type":"log","timestamp":1708456124160,"level":"debug","message":"Page request finished: GET (stylesheet) 200 https://cdn.jsdelivr.net/chartist.js/latest/chartist.min.css","meta":{"rootId":"tmhap52si1wi4vw","id":"tmhap52si1wi4vw"},"id":"rk80ag047hgm7u5","previousOperationId":"hyrdb8vsfononuu"}
{"type":"log","timestamp":1708456124161,"level":"debug","message":"Page request finished: GET (script) 200 https://cdn.jsdelivr.net/chartist.js/latest/chartist.min.js","meta":{"rootId":"tmhap52si1wi4vw","id":"tmhap52si1wi4vw"},"id":"j07rdiy37byc85h","previousOperationId":"hyrdb8vsfononuu"}
{"type":"log","timestamp":1708456124163,"level":"debug","message":"Page request finished: GET (script) 200 https://code.jquery.com/jquery-3.6.0.min.js","meta":{"rootId":"tmhap52si1wi4vw","id":"tmhap52si1wi4vw"},"id":"m3q33z30cgl98bp","previousOperationId":"hyrdb8vsfononuu"}
{"type":"log","timestamp":1708456124167,"level":"debug","message":"Page request finished: GET (script) 200 https://cdn.jsdelivr.net/npm/chart.js","meta":{"rootId":"tmhap52si1wi4vw","id":"tmhap52si1wi4vw"},"id":"dusfttisiu4zyoy","previousOperationId":"hyrdb8vsfononuu"}
{"type":"log","timestamp":1708456124208,"level":"debug","message":"Running chrome with params {\"printBackground\":true,\"timeout\":59947,\"margin\":{}}","meta":{"rootId":"tmhap52si1wi4vw","id":"tmhap52si1wi4vw"},"id":"506a6z9zxh02jyb","previousOperationId":"hyrdb8vsfononuu"}
{"type":"operationEnd","operationId":"hyrdb8vsfononuu","timestamp":1708456124243,"id":"zzc8n4cviaw629d","previousEventId":"jk8lm7iz11qjlw8","previousOperationId":"hyrdb8vsfononuu"}
{"type":"log","timestamp":1708456124243,"level":"debug","message":"Skipping storing report.","meta":{"rootId":"tmhap52si1wi4vw","id":"tmhap52si1wi4vw"},"id":"smydob294noomzi","previousOperationId":"hyrdb8vsfononuu"}
{"type":"log","timestamp":1708456124243,"level":"info","message":"Rendering request 45 finished in 178 ms","meta":{"rootId":"tmhap52si1wi4vw","id":"tmhap52si1wi4vw"},"id":"ebippz0ab54gi45","previousOperationId":"hyrdb8vsfononuu"}
{"type":"operationEnd","subtype":"render","operationId":"g2u552dv9i65brs","timestamp":1708456124243,"id":"l8x7jh5sdhgurgx","previousEventId":"zzc8n4cviaw629d","previousOperationId":"hyrdb8vsfononuu"}
{"type":"operationEnd","doDiffs":false,"previousEventId":"rdgpvtw7nb53nuq","previousOperationId":"asszic7961dehvv","operationId":"asszic7961dehvv","timestamp":1708456124245,"id":"6cmb3f13gh7l7ob"}
