{"type":"operationStart","subtype":"profile","data":{"_id":"mtVKqZiMB0p5mhFg","timestamp":"2024-02-20T18:54:41.165Z","state":"queued","mode":"standard","creationDate":"2024-02-20T18:54:41.165Z","modificationDate":"2024-02-20T18:54:41.165Z","shortid":"l6VEMOO","$entitySet":"profiles"},"doDiffs":false,"timestamp":1708455281165,"id":"tpswrtvx664nb2k","previousOperationId":null,"operationId":"1qrg2aejxp3zj8u"}
{"type":"log","level":"info","message":"Render request 32 queued for execution and waiting for available worker","previousOperationId":"1qrg2aejxp3zj8u","timestamp":1708455281165,"id":"2ekbmrtzhmj7ayt"}
{"type":"operationStart","subtype":"render","name":"TemplateList","previousOperationId":"1qrg2aejxp3zj8u","timestamp":1708455281170,"id":"2z4cb4k39u3o880","previousEventId":"tpswrtvx664nb2k","operationId":"6evhrszhy11sge9"}
{"type":"log","timestamp":1708455281170,"level":"info","message":"Starting rendering request 32","meta":{"rootId":"tq42wrhkfeso4lg","id":"tq42wrhkfeso4lg"},"id":"g2ayr9nua7alnol","previousOperationId":"6evhrszhy11sge9"}
{"type":"log","timestamp":1708455281170,"level":"info","message":"Rendering template { name: TemplateList, recipe: chrome-pdf, engine: handlebars, preview: true }","meta":{"rootId":"tq42wrhkfeso4lg","id":"tq42wrhkfeso4lg"},"id":"layyw9nadphmux0","previousOperationId":"6evhrszhy11sge9"}
{"type":"log","timestamp":1708455281170,"level":"debug","message":"Data item not defined for this template.","meta":{"rootId":"tq42wrhkfeso4lg","id":"tq42wrhkfeso4lg"},"id":"ob87c8hf5jmueh9","previousOperationId":"6evhrszhy11sge9"}
{"type":"log","timestamp":1708455281172,"level":"debug","message":"Executing script list-data (beforeRender)","meta":{"rootId":"tq42wrhkfeso4lg","id":"tq42wrhkfeso4lg"},"id":"hr2taqvbvq32by7","previousOperationId":"6evhrszhy11sge9"}
{"type":"operationStart","subtype":"scriptsBeforeRender","name":"scripts beforeRender","timestamp":1708455281177,"id":"xv8fifhdfxry7m9","previousEventId":"2z4cb4k39u3o880","operationId":"ce73xcb29r9erqj","previousOperationId":"6evhrszhy11sge9"}
{"type":"operationStart","subtype":"script","name":"scripts list-data","previousOperationId":"ce73xcb29r9erqj","timestamp":1708455281177,"id":"6rzw4dkbkav4uyi","previousEventId":"xv8fifhdfxry7m9","operationId":"hfolbniucwgbali"}
{"type":"log","timestamp":1708455281196,"level":"debug","message":"(console:log) [\n  {\n    list_description: {\n      id: 2,\n      list_name: 'sarshisha',\n      list_current_number: 13,\n      list_limit_number: 0\n    },\n    list_image: {\n      url: 'http://localhost:4000/rails/active_storage/blobs/redirect/eyJfcmFpbHMiOnsiZGF0YSI6MywicHVyIjoiYmxvYl9pZCJ9fQ==--07183cfade35ce6ffe715f60749642919ec61f5d/charcuteria.png'\n    }\n  },\n  {\n    list_description: {\n      id: 3,\n      list_name: 'stjsjshtshn',\n      list_current_number: 4,\n      list_limit_number: 0\n    },\n    list_image: {\n      url: 'http://localhost:4000/rails/active_storage/blobs/redirect/eyJfcmFpbHMiOnsiZGF0YSI6NCwicHVyIjoiYmxvYl9pZCJ9fQ==--023aae65cb60b3f6c6d73a9c76e14c0b0df6ad86/dibujoadrian.jpg'\n    }\n  },\n  {\n    list_description: {\n      id: 1,\n      list_name: 'charcuteria',\n      list_current_number: 1,\n      list_limit_number: 0\n    },\n    list_image: {\n      url: 'http://localhost:4000/rails/active_storage/blobs/redirect/eyJfcmFpbHMiOnsiZGF0YSI6MiwicHVyIjoiYmxvYl9pZCJ9fQ==--ee6d56bf52163135b48a4ba2c22b11a93e94d3b3/charcuteria.png'\n    }\n  }\n]","meta":{"userLevel":true,"rootId":"tq42wrhkfeso4lg","id":"tq42wrhkfeso4lg"},"id":"k5wwsichnraqr5b","previousOperationId":"hfolbniucwgbali"}
{"type":"log","timestamp":1708455281203,"level":"debug","message":"(console:log) [\n  {\n    id: 1,\n    nickname: 'a',\n    is_admin: true,\n    suscriptor: null,\n    created_at: '2024-02-20T16:45:37.609Z',\n    updated_at: '2024-02-20T16:45:37.729Z',\n    email: 'a@a.a',\n    jti: '6a2b57ca-af4b-47a0-8285-477cffafa34b'\n  }\n]","meta":{"userLevel":true,"rootId":"tq42wrhkfeso4lg","id":"tq42wrhkfeso4lg"},"id":"sg2z45bb65pd0u4","previousOperationId":"hfolbniucwgbali"}
{"type":"operationEnd","operationId":"hfolbniucwgbali","timestamp":1708455281204,"id":"xhuq6z6x76razds","previousEventId":"2z4cb4k39u3o880","previousOperationId":"6evhrszhy11sge9"}
{"type":"operationEnd","operationId":"ce73xcb29r9erqj","timestamp":1708455281204,"id":"ajcwt23727u0kqm","previousEventId":"xhuq6z6x76razds","previousOperationId":"6evhrszhy11sge9"}
{"type":"log","timestamp":1708455281204,"level":"debug","message":"Base url not specified, skipping its injection.","meta":{"rootId":"tq42wrhkfeso4lg","id":"tq42wrhkfeso4lg"},"id":"wqc1vv472vhfwpz","previousOperationId":"ce73xcb29r9erqj"}
{"type":"operationStart","subtype":"engine","name":"handlebars","timestamp":1708455281204,"id":"khjb6snzyrjmtgw","previousEventId":"ajcwt23727u0kqm","operationId":"fvl2zek76x4o0mw","previousOperationId":"ce73xcb29r9erqj"}
{"type":"log","timestamp":1708455281204,"level":"debug","message":"Rendering engine handlebars","meta":{"rootId":"tq42wrhkfeso4lg","id":"tq42wrhkfeso4lg"},"id":"9ashw3ta7f3fm8h","previousOperationId":"fvl2zek76x4o0mw"}
{"type":"operationEnd","operationId":"fvl2zek76x4o0mw","timestamp":1708455281216,"id":"cbq3pqc61b2oo5l","previousEventId":"khjb6snzyrjmtgw","previousOperationId":"fvl2zek76x4o0mw"}
{"type":"operationStart","subtype":"recipe","name":"chrome-pdf","timestamp":1708455281216,"id":"ep5ekbuz098j5du","previousEventId":"cbq3pqc61b2oo5l","operationId":"v7qd1lsd15wcz8r","previousOperationId":"fvl2zek76x4o0mw"}
{"type":"log","timestamp":1708455281216,"level":"debug","message":"Executing recipe chrome-pdf","meta":{"rootId":"tq42wrhkfeso4lg","id":"tq42wrhkfeso4lg"},"id":"p8k5v4pke2wseaa","previousOperationId":"v7qd1lsd15wcz8r"}
{"type":"log","timestamp":1708455281217,"level":"debug","message":"Converting with chrome HeadlessChrome/117.0.5938.149 using chrome-pool strategy","meta":{"rootId":"tq42wrhkfeso4lg","id":"tq42wrhkfeso4lg"},"id":"o8i7zvaqqwtzl19","previousOperationId":"v7qd1lsd15wcz8r"}
{"type":"log","timestamp":1708455281270,"level":"debug","message":"Page request: GET (document) file:///tmp/jsreport/autocleanup/bfbc6104-22ee-4d3c-a989-989aee29cc5a-chrome-pdf.html","meta":{"rootId":"tq42wrhkfeso4lg","id":"tq42wrhkfeso4lg"},"id":"veb9prfd6e7a4g7","previousOperationId":"v7qd1lsd15wcz8r"}
{"type":"log","timestamp":1708455281280,"level":"debug","message":"Page request: GET (stylesheet) https://cdn.jsdelivr.net/chartist.js/latest/chartist.min.css","meta":{"rootId":"tq42wrhkfeso4lg","id":"tq42wrhkfeso4lg"},"id":"azptzgc6y0pa5as","previousOperationId":"v7qd1lsd15wcz8r"}
{"type":"log","timestamp":1708455281280,"level":"debug","message":"Page request: GET (script) https://cdn.jsdelivr.net/chartist.js/latest/chartist.min.js","meta":{"rootId":"tq42wrhkfeso4lg","id":"tq42wrhkfeso4lg"},"id":"iwacu5lhm6ksi0h","previousOperationId":"v7qd1lsd15wcz8r"}
{"type":"log","timestamp":1708455281281,"level":"debug","message":"Page request: GET (script) https://code.jquery.com/jquery-3.6.0.min.js","meta":{"rootId":"tq42wrhkfeso4lg","id":"tq42wrhkfeso4lg"},"id":"30wo8tq3ti9w1y5","previousOperationId":"v7qd1lsd15wcz8r"}
{"type":"log","timestamp":1708455281281,"level":"debug","message":"Page request: GET (script) https://cdn.jsdelivr.net/npm/chart.js","meta":{"rootId":"tq42wrhkfeso4lg","id":"tq42wrhkfeso4lg"},"id":"zxaqxwqg0490f1y","previousOperationId":"v7qd1lsd15wcz8r"}
{"type":"log","timestamp":1708455281281,"level":"debug","message":"Page request finished: GET (document) 200 file:///tmp/jsreport/autocleanup/bfbc6104-22ee-4d3c-a989-989aee29cc5a-chrome-pdf.html","meta":{"rootId":"tq42wrhkfeso4lg","id":"tq42wrhkfeso4lg"},"id":"dczukcl2jsu2qr6","previousOperationId":"v7qd1lsd15wcz8r"}
{"type":"log","timestamp":1708455281284,"level":"debug","message":"Page request finished: GET (stylesheet) 200 https://cdn.jsdelivr.net/chartist.js/latest/chartist.min.css","meta":{"rootId":"tq42wrhkfeso4lg","id":"tq42wrhkfeso4lg"},"id":"dq8vvzghhgqr1k3","previousOperationId":"v7qd1lsd15wcz8r"}
{"type":"log","timestamp":1708455281286,"level":"debug","message":"Page request finished: GET (script) 200 https://cdn.jsdelivr.net/chartist.js/latest/chartist.min.js","meta":{"rootId":"tq42wrhkfeso4lg","id":"tq42wrhkfeso4lg"},"id":"tvzi61qae65bctq","previousOperationId":"v7qd1lsd15wcz8r"}
{"type":"log","timestamp":1708455281288,"level":"debug","message":"Page request finished: GET (script) 200 https://code.jquery.com/jquery-3.6.0.min.js","meta":{"rootId":"tq42wrhkfeso4lg","id":"tq42wrhkfeso4lg"},"id":"o8s9wrc0le4fuj6","previousOperationId":"v7qd1lsd15wcz8r"}
{"type":"log","timestamp":1708455281295,"level":"debug","message":"Page request finished: GET (script) 200 https://cdn.jsdelivr.net/npm/chart.js","meta":{"rootId":"tq42wrhkfeso4lg","id":"tq42wrhkfeso4lg"},"id":"92nw7fgplczfxnv","previousOperationId":"v7qd1lsd15wcz8r"}
{"type":"log","timestamp":1708455281346,"level":"debug","message":"Running chrome with params {\"printBackground\":true,\"timeout\":59949,\"margin\":{}}","meta":{"rootId":"tq42wrhkfeso4lg","id":"tq42wrhkfeso4lg"},"id":"pxtjowh17jk88fb","previousOperationId":"v7qd1lsd15wcz8r"}
{"type":"operationEnd","operationId":"v7qd1lsd15wcz8r","timestamp":1708455281378,"id":"xd5g9gwpwf11slp","previousEventId":"ep5ekbuz098j5du","previousOperationId":"v7qd1lsd15wcz8r"}
{"type":"log","timestamp":1708455281378,"level":"debug","message":"Skipping storing report.","meta":{"rootId":"tq42wrhkfeso4lg","id":"tq42wrhkfeso4lg"},"id":"km52a9ovdt3y4uj","previousOperationId":"v7qd1lsd15wcz8r"}
{"type":"log","timestamp":1708455281378,"level":"info","message":"Rendering request 32 finished in 213 ms","meta":{"rootId":"tq42wrhkfeso4lg","id":"tq42wrhkfeso4lg"},"id":"bwrm4yrqimnfapi","previousOperationId":"v7qd1lsd15wcz8r"}
{"type":"operationEnd","subtype":"render","operationId":"6evhrszhy11sge9","timestamp":1708455281378,"id":"7wcsc0p8zpux6ab","previousEventId":"xd5g9gwpwf11slp","previousOperationId":"v7qd1lsd15wcz8r"}
{"type":"operationEnd","doDiffs":false,"previousEventId":"tpswrtvx664nb2k","previousOperationId":"1qrg2aejxp3zj8u","operationId":"1qrg2aejxp3zj8u","timestamp":1708455281381,"id":"pja77h2110zkemk"}
