{"type":"operationStart","subtype":"profile","data":{"_id":"1eslh2FCBMFYk8m3","timestamp":"2024-02-20T18:14:39.035Z","state":"queued","mode":"standard","creationDate":"2024-02-20T18:14:39.036Z","modificationDate":"2024-02-20T18:14:39.036Z","shortid":"1pcXsHY","$entitySet":"profiles"},"doDiffs":false,"timestamp":1708452879035,"id":"980e4oa2sim551m","previousOperationId":null,"operationId":"my6alu1i9cd0tpt"}
{"type":"log","level":"info","message":"Render request 15 queued for execution and waiting for available worker","previousOperationId":"my6alu1i9cd0tpt","timestamp":1708452879035,"id":"69k5k4nnd5kz7t8"}
{"type":"operationStart","subtype":"render","name":"TemplateList","previousOperationId":"my6alu1i9cd0tpt","timestamp":1708452879040,"id":"na1anc68lxv6c18","previousEventId":"980e4oa2sim551m","operationId":"c2map1gvat1y5ag"}
{"type":"log","timestamp":1708452879040,"level":"info","message":"Starting rendering request 15","meta":{"rootId":"trx1w468udwect9","id":"trx1w468udwect9"},"id":"gkei41pwk4z6k39","previousOperationId":"c2map1gvat1y5ag"}
{"type":"log","timestamp":1708452879041,"level":"info","message":"Rendering template { name: TemplateList, recipe: chrome-pdf, engine: handlebars, preview: true }","meta":{"rootId":"trx1w468udwect9","id":"trx1w468udwect9"},"id":"nghp86mqg6td2s6","previousOperationId":"c2map1gvat1y5ag"}
{"type":"log","timestamp":1708452879041,"level":"debug","message":"Data item not defined for this template.","meta":{"rootId":"trx1w468udwect9","id":"trx1w468udwect9"},"id":"1eysd486gh1fktc","previousOperationId":"c2map1gvat1y5ag"}
{"type":"log","timestamp":1708452879044,"level":"debug","message":"Executing script list-data (beforeRender)","meta":{"rootId":"trx1w468udwect9","id":"trx1w468udwect9"},"id":"54zr9jnhupaehsh","previousOperationId":"c2map1gvat1y5ag"}
{"type":"operationStart","subtype":"scriptsBeforeRender","name":"scripts beforeRender","timestamp":1708452879048,"id":"hyoc3zon8ocmjuv","previousEventId":"na1anc68lxv6c18","operationId":"rzk1gjeiny4rjdg","previousOperationId":"c2map1gvat1y5ag"}
{"type":"operationStart","subtype":"script","name":"scripts list-data","previousOperationId":"rzk1gjeiny4rjdg","timestamp":1708452879048,"id":"4vx5h8s88bv9lym","previousEventId":"hyoc3zon8ocmjuv","operationId":"sx36hh3k4qdfzvj"}
{"type":"log","timestamp":1708452879076,"level":"debug","message":"(console:log) [\n  {\n    list_description: {\n      id: 1,\n      list_name: 'charcuteria',\n      list_current_number: 0,\n      list_limit_number: 0\n    },\n    list_image: {\n      url: 'http://localhost:4000/rails/active_storage/blobs/redirect/eyJfcmFpbHMiOnsiZGF0YSI6MiwicHVyIjoiYmxvYl9pZCJ9fQ==--ee6d56bf52163135b48a4ba2c22b11a93e94d3b3/charcuteria.png'\n    }\n  },\n  {\n    list_description: {\n      id: 2,\n      list_name: 'sarshisha',\n      list_current_number: 0,\n      list_limit_number: 0\n    },\n    list_image: {\n      url: 'http://localhost:4000/rails/active_storage/blobs/redirect/eyJfcmFpbHMiOnsiZGF0YSI6MywicHVyIjoiYmxvYl9pZCJ9fQ==--07183cfade35ce6ffe715f60749642919ec61f5d/charcuteria.png'\n    }\n  },\n  {\n    list_description: {\n      id: 3,\n      list_name: 'stjsjshtshn',\n      list_current_number: 0,\n      list_limit_number: 0\n    },\n    list_image: {\n      url: 'http://localhost:4000/rails/active_storage/blobs/redirect/eyJfcmFpbHMiOnsiZGF0YSI6NCwicHVyIjoiYmxvYl9pZCJ9fQ==--023aae65cb60b3f6c6d73a9c76e14c0b0df6ad86/dibujoadrian.jpg'\n    }\n  }\n]","meta":{"userLevel":true,"rootId":"trx1w468udwect9","id":"trx1w468udwect9"},"id":"5soqp5m31bp00gf","previousOperationId":"sx36hh3k4qdfzvj"}
{"type":"log","timestamp":1708452879086,"level":"debug","message":"(console:log) [\n  {\n    id: 1,\n    nickname: 'a',\n    is_admin: true,\n    suscriptor: null,\n    created_at: '2024-02-20T16:45:37.609Z',\n    updated_at: '2024-02-20T16:45:37.729Z',\n    email: 'a@a.a',\n    jti: '6a2b57ca-af4b-47a0-8285-477cffafa34b'\n  }\n]","meta":{"userLevel":true,"rootId":"trx1w468udwect9","id":"trx1w468udwect9"},"id":"dqjt0rsvcjzzzp3","previousOperationId":"sx36hh3k4qdfzvj"}
{"type":"operationEnd","operationId":"sx36hh3k4qdfzvj","timestamp":1708452879087,"id":"1ot1m8gi6thsl8b","previousEventId":"na1anc68lxv6c18","previousOperationId":"c2map1gvat1y5ag"}
{"type":"operationEnd","operationId":"rzk1gjeiny4rjdg","timestamp":1708452879087,"id":"o6m39mdiin0190q","previousEventId":"1ot1m8gi6thsl8b","previousOperationId":"c2map1gvat1y5ag"}
{"type":"log","timestamp":1708452879087,"level":"debug","message":"Base url not specified, skipping its injection.","meta":{"rootId":"trx1w468udwect9","id":"trx1w468udwect9"},"id":"a6mto8izarszbx8","previousOperationId":"rzk1gjeiny4rjdg"}
{"type":"operationStart","subtype":"engine","name":"handlebars","timestamp":1708452879087,"id":"h1xjditpt3he545","previousEventId":"o6m39mdiin0190q","operationId":"u0ttego26lkbft4","previousOperationId":"rzk1gjeiny4rjdg"}
{"type":"log","timestamp":1708452879087,"level":"debug","message":"Rendering engine handlebars","meta":{"rootId":"trx1w468udwect9","id":"trx1w468udwect9"},"id":"13z9c2j482hrlty","previousOperationId":"u0ttego26lkbft4"}
{"type":"operationEnd","operationId":"u0ttego26lkbft4","timestamp":1708452879104,"id":"tqmlq002tlzl0hh","previousEventId":"h1xjditpt3he545","previousOperationId":"u0ttego26lkbft4"}
{"type":"operationStart","subtype":"recipe","name":"chrome-pdf","timestamp":1708452879105,"id":"fu9hjjdz3xu0e8r","previousEventId":"tqmlq002tlzl0hh","operationId":"bxgagbdnqh039xy","previousOperationId":"u0ttego26lkbft4"}
{"type":"log","timestamp":1708452879105,"level":"debug","message":"Executing recipe chrome-pdf","meta":{"rootId":"trx1w468udwect9","id":"trx1w468udwect9"},"id":"ik1f7t35kgf190f","previousOperationId":"bxgagbdnqh039xy"}
{"type":"log","timestamp":1708452879108,"level":"debug","message":"Converting with chrome HeadlessChrome/117.0.5938.149 using chrome-pool strategy","meta":{"rootId":"trx1w468udwect9","id":"trx1w468udwect9"},"id":"2o583pi7ghlnh48","previousOperationId":"bxgagbdnqh039xy"}
{"type":"log","timestamp":1708452879156,"level":"debug","message":"Page request: GET (document) file:///tmp/jsreport/autocleanup/9a47a8e3-14b5-4b82-b370-ee9e22dc8554-chrome-pdf.html","meta":{"rootId":"trx1w468udwect9","id":"trx1w468udwect9"},"id":"yzf473kiofog7ms","previousOperationId":"bxgagbdnqh039xy"}
{"type":"log","timestamp":1708452879164,"level":"debug","message":"Page request: GET (stylesheet) https://cdn.jsdelivr.net/chartist.js/latest/chartist.min.css","meta":{"rootId":"trx1w468udwect9","id":"trx1w468udwect9"},"id":"ylaty7o2cqwtmgk","previousOperationId":"bxgagbdnqh039xy"}
{"type":"log","timestamp":1708452879165,"level":"debug","message":"Page request: GET (script) https://cdn.jsdelivr.net/chartist.js/latest/chartist.min.js","meta":{"rootId":"trx1w468udwect9","id":"trx1w468udwect9"},"id":"12ky698fy4ztut7","previousOperationId":"bxgagbdnqh039xy"}
{"type":"log","timestamp":1708452879165,"level":"debug","message":"Page request: GET (script) https://code.jquery.com/jquery-3.6.0.min.js","meta":{"rootId":"trx1w468udwect9","id":"trx1w468udwect9"},"id":"hbg5vllu05l6mmf","previousOperationId":"bxgagbdnqh039xy"}
{"type":"log","timestamp":1708452879165,"level":"debug","message":"Page request finished: GET (document) 200 file:///tmp/jsreport/autocleanup/9a47a8e3-14b5-4b82-b370-ee9e22dc8554-chrome-pdf.html","meta":{"rootId":"trx1w468udwect9","id":"trx1w468udwect9"},"id":"tfksqfa97e4ga4j","previousOperationId":"bxgagbdnqh039xy"}
{"type":"log","timestamp":1708452879167,"level":"debug","message":"Page request finished: GET (stylesheet) 200 https://cdn.jsdelivr.net/chartist.js/latest/chartist.min.css","meta":{"rootId":"trx1w468udwect9","id":"trx1w468udwect9"},"id":"blwokpgsxohtsh2","previousOperationId":"bxgagbdnqh039xy"}
{"type":"log","timestamp":1708452879168,"level":"debug","message":"Page request finished: GET (script) 200 https://cdn.jsdelivr.net/chartist.js/latest/chartist.min.js","meta":{"rootId":"trx1w468udwect9","id":"trx1w468udwect9"},"id":"i7jayng11fj6jek","previousOperationId":"bxgagbdnqh039xy"}
{"type":"log","timestamp":1708452879169,"level":"debug","message":"Page request finished: GET (script) 200 https://code.jquery.com/jquery-3.6.0.min.js","meta":{"rootId":"trx1w468udwect9","id":"trx1w468udwect9"},"id":"tkbhy8i4w1f0vlz","previousOperationId":"bxgagbdnqh039xy"}
{"type":"log","timestamp":1708452879174,"level":"warn","message":"Page error: Unexpected identifier 'Object' , stack: SyntaxError: Unexpected identifier 'Object'","meta":{"rootId":"trx1w468udwect9","id":"trx1w468udwect9"},"id":"1xbettxu4iaten8","previousOperationId":"bxgagbdnqh039xy"}
{"type":"log","timestamp":1708452879179,"level":"debug","message":"Running chrome with params {\"printBackground\":true,\"timeout\":59927,\"margin\":{}}","meta":{"rootId":"trx1w468udwect9","id":"trx1w468udwect9"},"id":"rsjdwhnu5s8d7uk","previousOperationId":"bxgagbdnqh039xy"}
{"type":"operationEnd","operationId":"bxgagbdnqh039xy","timestamp":1708452879192,"id":"ubteyqmol4j290z","previousEventId":"fu9hjjdz3xu0e8r","previousOperationId":"bxgagbdnqh039xy"}
{"type":"log","timestamp":1708452879192,"level":"debug","message":"Skipping storing report.","meta":{"rootId":"trx1w468udwect9","id":"trx1w468udwect9"},"id":"wtjxqxqa4ygi9f1","previousOperationId":"bxgagbdnqh039xy"}
{"type":"log","timestamp":1708452879192,"level":"info","message":"Rendering request 15 finished in 158 ms","meta":{"rootId":"trx1w468udwect9","id":"trx1w468udwect9"},"id":"4du55ppokd31w0q","previousOperationId":"bxgagbdnqh039xy"}
{"type":"operationEnd","subtype":"render","operationId":"c2map1gvat1y5ag","timestamp":1708452879192,"id":"bfm7uporvlx6iol","previousEventId":"ubteyqmol4j290z","previousOperationId":"bxgagbdnqh039xy"}
{"type":"operationEnd","doDiffs":false,"previousEventId":"980e4oa2sim551m","previousOperationId":"my6alu1i9cd0tpt","operationId":"my6alu1i9cd0tpt","timestamp":1708452879201,"id":"q2f7wy8wbs23dsi"}
