{"type":"operationStart","subtype":"profile","data":{"_id":"FwUyGwq11rTi3czb","timestamp":"2024-02-20T19:20:00.195Z","state":"queued","mode":"standard","creationDate":"2024-02-20T19:20:00.195Z","modificationDate":"2024-02-20T19:20:00.195Z","shortid":"QPeKMls","$entitySet":"profiles"},"doDiffs":false,"timestamp":1708456800195,"id":"p181rkf63hug40a","previousOperationId":null,"operationId":"bpg54f1taae1zs8"}
{"type":"log","level":"info","message":"Render request 69 queued for execution and waiting for available worker","previousOperationId":"bpg54f1taae1zs8","timestamp":1708456800195,"id":"v7a10wr1ekymhp8"}
{"type":"operationStart","subtype":"render","name":"TemplateList","previousOperationId":"bpg54f1taae1zs8","timestamp":1708456800200,"id":"u6ukyh5i5rwj681","previousEventId":"p181rkf63hug40a","operationId":"60jc7dcpytdrj3t"}
{"type":"log","timestamp":1708456800200,"level":"info","message":"Starting rendering request 69","meta":{"rootId":"u69u182jxjtgope","id":"u69u182jxjtgope"},"id":"k6xkyiha7imvajj","previousOperationId":"60jc7dcpytdrj3t"}
{"type":"log","timestamp":1708456800200,"level":"info","message":"Rendering template { name: TemplateList, recipe: chrome-pdf, engine: handlebars, preview: true }","meta":{"rootId":"u69u182jxjtgope","id":"u69u182jxjtgope"},"id":"gla5g5u7tutxilr","previousOperationId":"60jc7dcpytdrj3t"}
{"type":"log","timestamp":1708456800200,"level":"debug","message":"Data item not defined for this template.","meta":{"rootId":"u69u182jxjtgope","id":"u69u182jxjtgope"},"id":"cdp32gpwyhw3xrx","previousOperationId":"60jc7dcpytdrj3t"}
{"type":"log","timestamp":1708456800201,"level":"debug","message":"Executing script list-data (beforeRender)","meta":{"rootId":"u69u182jxjtgope","id":"u69u182jxjtgope"},"id":"lwj1p0o6ww7zieu","previousOperationId":"60jc7dcpytdrj3t"}
{"type":"operationStart","subtype":"scriptsBeforeRender","name":"scripts beforeRender","timestamp":1708456800205,"id":"s36h95hyc754hyl","previousEventId":"u6ukyh5i5rwj681","operationId":"mjyd8hi9kxq35mk","previousOperationId":"60jc7dcpytdrj3t"}
{"type":"operationStart","subtype":"script","name":"scripts list-data","previousOperationId":"mjyd8hi9kxq35mk","timestamp":1708456800205,"id":"qqxwsjbzux7ce9r","previousEventId":"s36h95hyc754hyl","operationId":"wi10yvlrguzjswp"}
{"type":"log","timestamp":1708456800226,"level":"debug","message":"(console:log) [\n  {\n    list_description: {\n      id: 2,\n      list_name: 'sarshisha',\n      list_current_number: 13,\n      list_limit_number: 0\n    },\n    list_image: {\n      url: 'http://localhost:4000/rails/active_storage/blobs/redirect/eyJfcmFpbHMiOnsiZGF0YSI6MywicHVyIjoiYmxvYl9pZCJ9fQ==--07183cfade35ce6ffe715f60749642919ec61f5d/charcuteria.png'\n    }\n  },\n  {\n    list_description: {\n      id: 3,\n      list_name: 'stjsjshtshn',\n      list_current_number: 4,\n      list_limit_number: 0\n    },\n    list_image: {\n      url: 'http://localhost:4000/rails/active_storage/blobs/redirect/eyJfcmFpbHMiOnsiZGF0YSI6NCwicHVyIjoiYmxvYl9pZCJ9fQ==--023aae65cb60b3f6c6d73a9c76e14c0b0df6ad86/dibujoadrian.jpg'\n    }\n  },\n  {\n    list_description: {\n      id: 1,\n      list_name: 'charcuteria',\n      list_current_number: 1,\n      list_limit_number: 0\n    },\n    list_image: {\n      url: 'http://localhost:4000/rails/active_storage/blobs/redirect/eyJfcmFpbHMiOnsiZGF0YSI6MiwicHVyIjoiYmxvYl9pZCJ9fQ==--ee6d56bf52163135b48a4ba2c22b11a93e94d3b3/charcuteria.png'\n    }\n  }\n]","meta":{"userLevel":true,"rootId":"u69u182jxjtgope","id":"u69u182jxjtgope"},"id":"mbqlt0bu4nnsvm2","previousOperationId":"wi10yvlrguzjswp"}
{"type":"log","timestamp":1708456800233,"level":"debug","message":"(console:log) [\n  {\n    id: 1,\n    nickname: 'a',\n    is_admin: true,\n    suscriptor: null,\n    created_at: '2024-02-20T16:45:37.609Z',\n    updated_at: '2024-02-20T16:45:37.729Z',\n    email: 'a@a.a',\n    jti: '6a2b57ca-af4b-47a0-8285-477cffafa34b'\n  }\n]","meta":{"userLevel":true,"rootId":"u69u182jxjtgope","id":"u69u182jxjtgope"},"id":"bw65o08s4wrl0p4","previousOperationId":"wi10yvlrguzjswp"}
{"type":"operationEnd","operationId":"wi10yvlrguzjswp","timestamp":1708456800233,"id":"f5ot64r1zp4dww7","previousEventId":"u6ukyh5i5rwj681","previousOperationId":"60jc7dcpytdrj3t"}
{"type":"operationEnd","operationId":"mjyd8hi9kxq35mk","timestamp":1708456800233,"id":"nulfxow6fbj5i42","previousEventId":"f5ot64r1zp4dww7","previousOperationId":"60jc7dcpytdrj3t"}
{"type":"log","timestamp":1708456800233,"level":"debug","message":"Base url not specified, skipping its injection.","meta":{"rootId":"u69u182jxjtgope","id":"u69u182jxjtgope"},"id":"nsnpiqobmt41vcq","previousOperationId":"mjyd8hi9kxq35mk"}
{"type":"operationStart","subtype":"engine","name":"handlebars","timestamp":1708456800233,"id":"aizr7ylkewe8vz6","previousEventId":"nulfxow6fbj5i42","operationId":"mupoti6vc54zqns","previousOperationId":"mjyd8hi9kxq35mk"}
{"type":"log","timestamp":1708456800233,"level":"debug","message":"Rendering engine handlebars","meta":{"rootId":"u69u182jxjtgope","id":"u69u182jxjtgope"},"id":"lvhbaiu3kp8igjr","previousOperationId":"mupoti6vc54zqns"}
{"type":"operationEnd","operationId":"mupoti6vc54zqns","timestamp":1708456800242,"id":"3hlhbaftss7m0u1","previousEventId":"aizr7ylkewe8vz6","previousOperationId":"mupoti6vc54zqns"}
{"type":"operationStart","subtype":"recipe","name":"chrome-pdf","timestamp":1708456800242,"id":"h8xgueozbm530hp","previousEventId":"3hlhbaftss7m0u1","operationId":"kj6a6lneia82sum","previousOperationId":"mupoti6vc54zqns"}
{"type":"log","timestamp":1708456800242,"level":"debug","message":"Executing recipe chrome-pdf","meta":{"rootId":"u69u182jxjtgope","id":"u69u182jxjtgope"},"id":"uuzr4l62pi14npy","previousOperationId":"kj6a6lneia82sum"}
{"type":"log","timestamp":1708456800243,"level":"debug","message":"Converting with chrome HeadlessChrome/117.0.5938.149 using chrome-pool strategy","meta":{"rootId":"u69u182jxjtgope","id":"u69u182jxjtgope"},"id":"ru8d6wcvbfcvr3u","previousOperationId":"kj6a6lneia82sum"}
{"type":"log","timestamp":1708456800273,"level":"debug","message":"Page request: GET (document) file:///tmp/jsreport/autocleanup/902b9d0e-d776-4bc7-9514-594c16e41c05-chrome-pdf.html","meta":{"rootId":"u69u182jxjtgope","id":"u69u182jxjtgope"},"id":"4omxj5inj8dcufl","previousOperationId":"kj6a6lneia82sum"}
{"type":"log","timestamp":1708456800281,"level":"debug","message":"Page request: GET (stylesheet) https://cdn.jsdelivr.net/chartist.js/latest/chartist.min.css","meta":{"rootId":"u69u182jxjtgope","id":"u69u182jxjtgope"},"id":"bp1o4hwvlbwtufl","previousOperationId":"kj6a6lneia82sum"}
{"type":"log","timestamp":1708456800282,"level":"debug","message":"Page request: GET (script) https://cdn.jsdelivr.net/chartist.js/latest/chartist.min.js","meta":{"rootId":"u69u182jxjtgope","id":"u69u182jxjtgope"},"id":"99s83h8fl0uxf36","previousOperationId":"kj6a6lneia82sum"}
{"type":"log","timestamp":1708456800282,"level":"debug","message":"Page request finished: GET (document) 200 file:///tmp/jsreport/autocleanup/902b9d0e-d776-4bc7-9514-594c16e41c05-chrome-pdf.html","meta":{"rootId":"u69u182jxjtgope","id":"u69u182jxjtgope"},"id":"f259fe4uap487iq","previousOperationId":"kj6a6lneia82sum"}
{"type":"log","timestamp":1708456800284,"level":"debug","message":"Page request finished: GET (stylesheet) 200 https://cdn.jsdelivr.net/chartist.js/latest/chartist.min.css","meta":{"rootId":"u69u182jxjtgope","id":"u69u182jxjtgope"},"id":"14v7jmuuuh2yttf","previousOperationId":"kj6a6lneia82sum"}
{"type":"log","timestamp":1708456800285,"level":"debug","message":"Page request finished: GET (script) 200 https://cdn.jsdelivr.net/chartist.js/latest/chartist.min.js","meta":{"rootId":"u69u182jxjtgope","id":"u69u182jxjtgope"},"id":"pw0q8vqg8b1be3q","previousOperationId":"kj6a6lneia82sum"}
{"type":"log","timestamp":1708456800297,"level":"debug","message":"Running chrome with params {\"printBackground\":true,\"timeout\":59952,\"margin\":{}}","meta":{"rootId":"u69u182jxjtgope","id":"u69u182jxjtgope"},"id":"6iqdigu0zkr2m8g","previousOperationId":"kj6a6lneia82sum"}
{"type":"operationEnd","operationId":"kj6a6lneia82sum","timestamp":1708456800311,"id":"tb2krkhtvz8smkb","previousEventId":"h8xgueozbm530hp","previousOperationId":"kj6a6lneia82sum"}
{"type":"log","timestamp":1708456800311,"level":"debug","message":"Skipping storing report.","meta":{"rootId":"u69u182jxjtgope","id":"u69u182jxjtgope"},"id":"e5jmz6gq33f4pto","previousOperationId":"kj6a6lneia82sum"}
{"type":"log","timestamp":1708456800311,"level":"info","message":"Rendering request 69 finished in 116 ms","meta":{"rootId":"u69u182jxjtgope","id":"u69u182jxjtgope"},"id":"5d87wagm2xohhjz","previousOperationId":"kj6a6lneia82sum"}
{"type":"operationEnd","subtype":"render","operationId":"60jc7dcpytdrj3t","timestamp":1708456800311,"id":"cli5l9glavbqhwn","previousEventId":"tb2krkhtvz8smkb","previousOperationId":"kj6a6lneia82sum"}
{"type":"operationEnd","doDiffs":false,"previousEventId":"p181rkf63hug40a","previousOperationId":"bpg54f1taae1zs8","operationId":"bpg54f1taae1zs8","timestamp":1708456800316,"id":"22kvjo1f3pn5zln"}
