{"type":"operationStart","subtype":"profile","data":{"_id":"sC5nk7CO3MekKPbm","timestamp":"2024-02-20T18:51:51.015Z","state":"queued","mode":"standard","creationDate":"2024-02-20T18:51:51.015Z","modificationDate":"2024-02-20T18:51:51.015Z","shortid":"PYGPEmw","$entitySet":"profiles"},"doDiffs":false,"timestamp":1708455111015,"id":"bab5k1p2wrqzt0x","previousOperationId":null,"operationId":"6zvxn514ljrssac"}
{"type":"log","level":"info","message":"Render request 25 queued for execution and waiting for available worker","previousOperationId":"6zvxn514ljrssac","timestamp":1708455111015,"id":"rw0hg53hhlw8uyl"}
{"type":"operationStart","subtype":"render","name":"TemplateList","previousOperationId":"6zvxn514ljrssac","timestamp":1708455111019,"id":"0p8w9czu0un32u1","previousEventId":"bab5k1p2wrqzt0x","operationId":"nzubqimw18l9g70"}
{"type":"log","timestamp":1708455111019,"level":"info","message":"Starting rendering request 25","meta":{"rootId":"ud2ikfvtu5losxb","id":"ud2ikfvtu5losxb"},"id":"c4celo659wxe137","previousOperationId":"nzubqimw18l9g70"}
{"type":"log","timestamp":1708455111019,"level":"info","message":"Rendering template { name: TemplateList, recipe: chrome-pdf, engine: handlebars, preview: true }","meta":{"rootId":"ud2ikfvtu5losxb","id":"ud2ikfvtu5losxb"},"id":"ndedwur2t0r8rsh","previousOperationId":"nzubqimw18l9g70"}
{"type":"log","timestamp":1708455111020,"level":"debug","message":"Data item not defined for this template.","meta":{"rootId":"ud2ikfvtu5losxb","id":"ud2ikfvtu5losxb"},"id":"02k3swfbjqs0qwo","previousOperationId":"nzubqimw18l9g70"}
{"type":"log","timestamp":1708455111024,"level":"debug","message":"Executing script list-data (beforeRender)","meta":{"rootId":"ud2ikfvtu5losxb","id":"ud2ikfvtu5losxb"},"id":"gp8oltnxitkn04q","previousOperationId":"nzubqimw18l9g70"}
{"type":"operationStart","subtype":"scriptsBeforeRender","name":"scripts beforeRender","timestamp":1708455111028,"id":"9ot8751nfrdxzb5","previousEventId":"0p8w9czu0un32u1","operationId":"kbk55phmdruyd4k","previousOperationId":"nzubqimw18l9g70"}
{"type":"operationStart","subtype":"script","name":"scripts list-data","previousOperationId":"kbk55phmdruyd4k","timestamp":1708455111028,"id":"ezez8l6bg2ztft1","previousEventId":"9ot8751nfrdxzb5","operationId":"35llnhr9wj4kyby"}
{"type":"log","timestamp":1708455111049,"level":"debug","message":"(console:log) [\n  {\n    list_description: {\n      id: 3,\n      list_name: 'stjsjshtshn',\n      list_current_number: 0,\n      list_limit_number: 0\n    },\n    list_image: {\n      url: 'http://localhost:4000/rails/active_storage/blobs/redirect/eyJfcmFpbHMiOnsiZGF0YSI6NCwicHVyIjoiYmxvYl9pZCJ9fQ==--023aae65cb60b3f6c6d73a9c76e14c0b0df6ad86/dibujoadrian.jpg'\n    }\n  },\n  {\n    list_description: {\n      id: 1,\n      list_name: 'charcuteria',\n      list_current_number: 0,\n      list_limit_number: 0\n    },\n    list_image: {\n      url: 'http://localhost:4000/rails/active_storage/blobs/redirect/eyJfcmFpbHMiOnsiZGF0YSI6MiwicHVyIjoiYmxvYl9pZCJ9fQ==--ee6d56bf52163135b48a4ba2c22b11a93e94d3b3/charcuteria.png'\n    }\n  },\n  {\n    list_description: {\n      id: 2,\n      list_name: 'sarshisha',\n      list_current_number: 13,\n      list_limit_number: 0\n    },\n    list_image: {\n      url: 'http://localhost:4000/rails/active_storage/blobs/redirect/eyJfcmFpbHMiOnsiZGF0YSI6MywicHVyIjoiYmxvYl9pZCJ9fQ==--07183cfade35ce6ffe715f60749642919ec61f5d/charcuteria.png'\n    }\n  }\n]","meta":{"userLevel":true,"rootId":"ud2ikfvtu5losxb","id":"ud2ikfvtu5losxb"},"id":"kq2jdu1gww02432","previousOperationId":"35llnhr9wj4kyby"}
{"type":"log","timestamp":1708455111058,"level":"debug","message":"(console:log) [\n  {\n    id: 1,\n    nickname: 'a',\n    is_admin: true,\n    suscriptor: null,\n    created_at: '2024-02-20T16:45:37.609Z',\n    updated_at: '2024-02-20T16:45:37.729Z',\n    email: 'a@a.a',\n    jti: '6a2b57ca-af4b-47a0-8285-477cffafa34b'\n  }\n]","meta":{"userLevel":true,"rootId":"ud2ikfvtu5losxb","id":"ud2ikfvtu5losxb"},"id":"fwlioyejfxpzzej","previousOperationId":"35llnhr9wj4kyby"}
{"type":"operationEnd","operationId":"35llnhr9wj4kyby","timestamp":1708455111058,"id":"hjhbugjb4c93boi","previousEventId":"0p8w9czu0un32u1","previousOperationId":"nzubqimw18l9g70"}
{"type":"operationEnd","operationId":"kbk55phmdruyd4k","timestamp":1708455111058,"id":"zw7lufo2785fnrb","previousEventId":"hjhbugjb4c93boi","previousOperationId":"nzubqimw18l9g70"}
{"type":"log","timestamp":1708455111058,"level":"debug","message":"Base url not specified, skipping its injection.","meta":{"rootId":"ud2ikfvtu5losxb","id":"ud2ikfvtu5losxb"},"id":"lvz7yniabsi4qip","previousOperationId":"kbk55phmdruyd4k"}
{"type":"operationStart","subtype":"engine","name":"handlebars","timestamp":1708455111058,"id":"t4axb3o898mxrj5","previousEventId":"zw7lufo2785fnrb","operationId":"w7j0swlftevlfvd","previousOperationId":"kbk55phmdruyd4k"}
{"type":"log","timestamp":1708455111058,"level":"debug","message":"Rendering engine handlebars","meta":{"rootId":"ud2ikfvtu5losxb","id":"ud2ikfvtu5losxb"},"id":"kjj46hf93trugm8","previousOperationId":"w7j0swlftevlfvd"}
{"type":"operationEnd","operationId":"w7j0swlftevlfvd","timestamp":1708455111069,"id":"zprmlb1qlsv1j4n","previousEventId":"t4axb3o898mxrj5","previousOperationId":"w7j0swlftevlfvd"}
{"type":"operationStart","subtype":"recipe","name":"chrome-pdf","timestamp":1708455111069,"id":"bmejtc8nps20xsk","previousEventId":"zprmlb1qlsv1j4n","operationId":"fx7alsmpnrj287n","previousOperationId":"w7j0swlftevlfvd"}
{"type":"log","timestamp":1708455111069,"level":"debug","message":"Executing recipe chrome-pdf","meta":{"rootId":"ud2ikfvtu5losxb","id":"ud2ikfvtu5losxb"},"id":"y1hnb1uj4kq2p4j","previousOperationId":"fx7alsmpnrj287n"}
{"type":"log","timestamp":1708455111070,"level":"debug","message":"Converting with chrome HeadlessChrome/117.0.5938.149 using chrome-pool strategy","meta":{"rootId":"ud2ikfvtu5losxb","id":"ud2ikfvtu5losxb"},"id":"ddig9k9a0b276zb","previousOperationId":"fx7alsmpnrj287n"}
{"type":"log","timestamp":1708455111102,"level":"debug","message":"Page request: GET (document) file:///tmp/jsreport/autocleanup/7ef87b62-4858-4090-bfaf-7da6951ec765-chrome-pdf.html","meta":{"rootId":"ud2ikfvtu5losxb","id":"ud2ikfvtu5losxb"},"id":"b92qf2m2g879a8i","previousOperationId":"fx7alsmpnrj287n"}
{"type":"log","timestamp":1708455111110,"level":"debug","message":"Page request: GET (stylesheet) https://cdn.jsdelivr.net/chartist.js/latest/chartist.min.css","meta":{"rootId":"ud2ikfvtu5losxb","id":"ud2ikfvtu5losxb"},"id":"ssjzhr792cx5vm3","previousOperationId":"fx7alsmpnrj287n"}
{"type":"log","timestamp":1708455111111,"level":"debug","message":"Page request: GET (script) https://cdn.jsdelivr.net/chartist.js/latest/chartist.min.js","meta":{"rootId":"ud2ikfvtu5losxb","id":"ud2ikfvtu5losxb"},"id":"6lz66m1nfob25j7","previousOperationId":"fx7alsmpnrj287n"}
{"type":"log","timestamp":1708455111111,"level":"debug","message":"Page request: GET (script) https://code.jquery.com/jquery-3.6.0.min.js","meta":{"rootId":"ud2ikfvtu5losxb","id":"ud2ikfvtu5losxb"},"id":"x5nlz4ts9wc0qk9","previousOperationId":"fx7alsmpnrj287n"}
{"type":"log","timestamp":1708455111111,"level":"debug","message":"Page request: GET (script) https://cdn.jsdelivr.net/npm/chart.js","meta":{"rootId":"ud2ikfvtu5losxb","id":"ud2ikfvtu5losxb"},"id":"3tomf9dxxutnq8q","previousOperationId":"fx7alsmpnrj287n"}
{"type":"log","timestamp":1708455111112,"level":"debug","message":"Page request finished: GET (document) 200 file:///tmp/jsreport/autocleanup/7ef87b62-4858-4090-bfaf-7da6951ec765-chrome-pdf.html","meta":{"rootId":"ud2ikfvtu5losxb","id":"ud2ikfvtu5losxb"},"id":"2utmf1oirjkxdo7","previousOperationId":"fx7alsmpnrj287n"}
{"type":"log","timestamp":1708455111113,"level":"debug","message":"Page request finished: GET (stylesheet) 200 https://cdn.jsdelivr.net/chartist.js/latest/chartist.min.css","meta":{"rootId":"ud2ikfvtu5losxb","id":"ud2ikfvtu5losxb"},"id":"pcy4f14e656fuqm","previousOperationId":"fx7alsmpnrj287n"}
{"type":"log","timestamp":1708455111115,"level":"debug","message":"Page request finished: GET (script) 200 https://cdn.jsdelivr.net/chartist.js/latest/chartist.min.js","meta":{"rootId":"ud2ikfvtu5losxb","id":"ud2ikfvtu5losxb"},"id":"zfgz6mh5v00xm97","previousOperationId":"fx7alsmpnrj287n"}
{"type":"log","timestamp":1708455111117,"level":"debug","message":"Page request finished: GET (script) 200 https://code.jquery.com/jquery-3.6.0.min.js","meta":{"rootId":"ud2ikfvtu5losxb","id":"ud2ikfvtu5losxb"},"id":"7cu9uoocobjmabk","previousOperationId":"fx7alsmpnrj287n"}
{"type":"log","timestamp":1708455111122,"level":"debug","message":"Page request finished: GET (script) 200 https://cdn.jsdelivr.net/npm/chart.js","meta":{"rootId":"ud2ikfvtu5losxb","id":"ud2ikfvtu5losxb"},"id":"flyptlo4773xhrr","previousOperationId":"fx7alsmpnrj287n"}
{"type":"log","timestamp":1708455111181,"level":"debug","message":"Running chrome with params {\"printBackground\":true,\"timeout\":59944,\"margin\":{}}","meta":{"rootId":"ud2ikfvtu5losxb","id":"ud2ikfvtu5losxb"},"id":"9f1kj6xdckti1yr","previousOperationId":"fx7alsmpnrj287n"}
{"type":"operationEnd","operationId":"fx7alsmpnrj287n","timestamp":1708455111207,"id":"e17u3p5rvi6q1ka","previousEventId":"bmejtc8nps20xsk","previousOperationId":"fx7alsmpnrj287n"}
{"type":"log","timestamp":1708455111207,"level":"debug","message":"Skipping storing report.","meta":{"rootId":"ud2ikfvtu5losxb","id":"ud2ikfvtu5losxb"},"id":"6f4vc7tvoo3kqwa","previousOperationId":"fx7alsmpnrj287n"}
{"type":"log","timestamp":1708455111207,"level":"info","message":"Rendering request 25 finished in 193 ms","meta":{"rootId":"ud2ikfvtu5losxb","id":"ud2ikfvtu5losxb"},"id":"r2r8otzvqck3ury","previousOperationId":"fx7alsmpnrj287n"}
{"type":"operationEnd","subtype":"render","operationId":"nzubqimw18l9g70","timestamp":1708455111207,"id":"w3v1ssseu0gp47z","previousEventId":"e17u3p5rvi6q1ka","previousOperationId":"fx7alsmpnrj287n"}
{"type":"operationEnd","doDiffs":false,"previousEventId":"bab5k1p2wrqzt0x","previousOperationId":"6zvxn514ljrssac","operationId":"6zvxn514ljrssac","timestamp":1708455111210,"id":"rxx2vncjx076u75"}
