{"type":"operationStart","subtype":"profile","data":{"_id":"QSCoCr3TiOZlIaxG","timestamp":"2024-02-20T19:18:47.795Z","state":"queued","mode":"standard","creationDate":"2024-02-20T19:18:47.795Z","modificationDate":"2024-02-20T19:18:47.795Z","shortid":"YTVqqkr","$entitySet":"profiles"},"doDiffs":false,"timestamp":1708456727795,"id":"nxf70mxn6h40ojk","previousOperationId":null,"operationId":"xus3h47zf0oj0yf"}
{"type":"log","level":"info","message":"Render request 66 queued for execution and waiting for available worker","previousOperationId":"xus3h47zf0oj0yf","timestamp":1708456727795,"id":"458321o8dl6pn2b"}
{"type":"operationStart","subtype":"render","name":"TemplateList","previousOperationId":"xus3h47zf0oj0yf","timestamp":1708456727800,"id":"2vsyhg33x8fcoaj","previousEventId":"nxf70mxn6h40ojk","operationId":"tubp78dq4t5zntp"}
{"type":"log","timestamp":1708456727800,"level":"info","message":"Starting rendering request 66","meta":{"rootId":"uwbupgkwsgt9c6e","id":"uwbupgkwsgt9c6e"},"id":"5bc6j9qytl8j2rq","previousOperationId":"tubp78dq4t5zntp"}
{"type":"log","timestamp":1708456727800,"level":"info","message":"Rendering template { name: TemplateList, recipe: chrome-pdf, engine: handlebars, preview: true }","meta":{"rootId":"uwbupgkwsgt9c6e","id":"uwbupgkwsgt9c6e"},"id":"t4fbucbuogoz1pc","previousOperationId":"tubp78dq4t5zntp"}
{"type":"log","timestamp":1708456727801,"level":"debug","message":"Data item not defined for this template.","meta":{"rootId":"uwbupgkwsgt9c6e","id":"uwbupgkwsgt9c6e"},"id":"idtf2p8d0sf7x6l","previousOperationId":"tubp78dq4t5zntp"}
{"type":"log","timestamp":1708456727803,"level":"debug","message":"Executing script list-data (beforeRender)","meta":{"rootId":"uwbupgkwsgt9c6e","id":"uwbupgkwsgt9c6e"},"id":"t8if2qartd7lisv","previousOperationId":"tubp78dq4t5zntp"}
{"type":"operationStart","subtype":"scriptsBeforeRender","name":"scripts beforeRender","timestamp":1708456727807,"id":"cs74078y4twlvqb","previousEventId":"2vsyhg33x8fcoaj","operationId":"fj05abtiegpfq8s","previousOperationId":"tubp78dq4t5zntp"}
{"type":"operationStart","subtype":"script","name":"scripts list-data","previousOperationId":"fj05abtiegpfq8s","timestamp":1708456727807,"id":"blkfdphjyiplok7","previousEventId":"cs74078y4twlvqb","operationId":"qd53f3mx5ckphmr"}
{"type":"log","timestamp":1708456727832,"level":"debug","message":"(console:log) [\n  {\n    list_description: {\n      id: 2,\n      list_name: 'sarshisha',\n      list_current_number: 13,\n      list_limit_number: 0\n    },\n    list_image: {\n      url: 'http://localhost:4000/rails/active_storage/blobs/redirect/eyJfcmFpbHMiOnsiZGF0YSI6MywicHVyIjoiYmxvYl9pZCJ9fQ==--07183cfade35ce6ffe715f60749642919ec61f5d/charcuteria.png'\n    }\n  },\n  {\n    list_description: {\n      id: 3,\n      list_name: 'stjsjshtshn',\n      list_current_number: 4,\n      list_limit_number: 0\n    },\n    list_image: {\n      url: 'http://localhost:4000/rails/active_storage/blobs/redirect/eyJfcmFpbHMiOnsiZGF0YSI6NCwicHVyIjoiYmxvYl9pZCJ9fQ==--023aae65cb60b3f6c6d73a9c76e14c0b0df6ad86/dibujoadrian.jpg'\n    }\n  },\n  {\n    list_description: {\n      id: 1,\n      list_name: 'charcuteria',\n      list_current_number: 1,\n      list_limit_number: 0\n    },\n    list_image: {\n      url: 'http://localhost:4000/rails/active_storage/blobs/redirect/eyJfcmFpbHMiOnsiZGF0YSI6MiwicHVyIjoiYmxvYl9pZCJ9fQ==--ee6d56bf52163135b48a4ba2c22b11a93e94d3b3/charcuteria.png'\n    }\n  }\n]","meta":{"userLevel":true,"rootId":"uwbupgkwsgt9c6e","id":"uwbupgkwsgt9c6e"},"id":"itgbg2xyp4rook1","previousOperationId":"qd53f3mx5ckphmr"}
{"type":"log","timestamp":1708456727839,"level":"debug","message":"(console:log) [\n  {\n    id: 1,\n    nickname: 'a',\n    is_admin: true,\n    suscriptor: null,\n    created_at: '2024-02-20T16:45:37.609Z',\n    updated_at: '2024-02-20T16:45:37.729Z',\n    email: 'a@a.a',\n    jti: '6a2b57ca-af4b-47a0-8285-477cffafa34b'\n  }\n]","meta":{"userLevel":true,"rootId":"uwbupgkwsgt9c6e","id":"uwbupgkwsgt9c6e"},"id":"k930pyj0hsijxr3","previousOperationId":"qd53f3mx5ckphmr"}
{"type":"operationEnd","operationId":"qd53f3mx5ckphmr","timestamp":1708456727839,"id":"2i1b67lpyd2hcq6","previousEventId":"2vsyhg33x8fcoaj","previousOperationId":"tubp78dq4t5zntp"}
{"type":"operationEnd","operationId":"fj05abtiegpfq8s","timestamp":1708456727839,"id":"boxz4mav7euhiok","previousEventId":"2i1b67lpyd2hcq6","previousOperationId":"tubp78dq4t5zntp"}
{"type":"log","timestamp":1708456727839,"level":"debug","message":"Base url not specified, skipping its injection.","meta":{"rootId":"uwbupgkwsgt9c6e","id":"uwbupgkwsgt9c6e"},"id":"x98hj3a0ym9bsga","previousOperationId":"fj05abtiegpfq8s"}
{"type":"operationStart","subtype":"engine","name":"handlebars","timestamp":1708456727839,"id":"rdlbsn6vahozspx","previousEventId":"boxz4mav7euhiok","operationId":"06aaj4xlqah7a5w","previousOperationId":"fj05abtiegpfq8s"}
{"type":"log","timestamp":1708456727839,"level":"debug","message":"Rendering engine handlebars","meta":{"rootId":"uwbupgkwsgt9c6e","id":"uwbupgkwsgt9c6e"},"id":"egnrzcbgigvpifx","previousOperationId":"06aaj4xlqah7a5w"}
{"type":"operationEnd","operationId":"06aaj4xlqah7a5w","timestamp":1708456727854,"id":"z7vcb858ld1b49i","previousEventId":"rdlbsn6vahozspx","previousOperationId":"06aaj4xlqah7a5w"}
{"type":"operationStart","subtype":"recipe","name":"chrome-pdf","timestamp":1708456727854,"id":"z0ux5bz5wf26tgz","previousEventId":"z7vcb858ld1b49i","operationId":"wejkbwlx5e5lapr","previousOperationId":"06aaj4xlqah7a5w"}
{"type":"log","timestamp":1708456727854,"level":"debug","message":"Executing recipe chrome-pdf","meta":{"rootId":"uwbupgkwsgt9c6e","id":"uwbupgkwsgt9c6e"},"id":"5w0xieiz03ew7lb","previousOperationId":"wejkbwlx5e5lapr"}
{"type":"log","timestamp":1708456727857,"level":"debug","message":"Converting with chrome HeadlessChrome/117.0.5938.149 using chrome-pool strategy","meta":{"rootId":"uwbupgkwsgt9c6e","id":"uwbupgkwsgt9c6e"},"id":"0nqfdolmzzfnbo9","previousOperationId":"wejkbwlx5e5lapr"}
{"type":"log","timestamp":1708456727893,"level":"debug","message":"Page request: GET (document) file:///tmp/jsreport/autocleanup/99f9fa92-c82a-4fec-9952-42328f162e06-chrome-pdf.html","meta":{"rootId":"uwbupgkwsgt9c6e","id":"uwbupgkwsgt9c6e"},"id":"jpfdk37wdbb4g7x","previousOperationId":"wejkbwlx5e5lapr"}
{"type":"log","timestamp":1708456727901,"level":"debug","message":"Page request: GET (stylesheet) https://cdn.jsdelivr.net/chartist.js/latest/chartist.min.css","meta":{"rootId":"uwbupgkwsgt9c6e","id":"uwbupgkwsgt9c6e"},"id":"jz38lbn6la5o1hm","previousOperationId":"wejkbwlx5e5lapr"}
{"type":"log","timestamp":1708456727901,"level":"debug","message":"Page request: GET (script) https://cdn.jsdelivr.net/chartist.js/latest/chartist.min.js","meta":{"rootId":"uwbupgkwsgt9c6e","id":"uwbupgkwsgt9c6e"},"id":"gvwbm99s3mtmbno","previousOperationId":"wejkbwlx5e5lapr"}
{"type":"log","timestamp":1708456727902,"level":"debug","message":"Page request finished: GET (document) 200 file:///tmp/jsreport/autocleanup/99f9fa92-c82a-4fec-9952-42328f162e06-chrome-pdf.html","meta":{"rootId":"uwbupgkwsgt9c6e","id":"uwbupgkwsgt9c6e"},"id":"1wj45qnp4ykow1o","previousOperationId":"wejkbwlx5e5lapr"}
{"type":"log","timestamp":1708456727904,"level":"debug","message":"Page request finished: GET (stylesheet) 200 https://cdn.jsdelivr.net/chartist.js/latest/chartist.min.css","meta":{"rootId":"uwbupgkwsgt9c6e","id":"uwbupgkwsgt9c6e"},"id":"labr5ww9chgir4q","previousOperationId":"wejkbwlx5e5lapr"}
{"type":"log","timestamp":1708456727904,"level":"debug","message":"Page request finished: GET (script) 200 https://cdn.jsdelivr.net/chartist.js/latest/chartist.min.js","meta":{"rootId":"uwbupgkwsgt9c6e","id":"uwbupgkwsgt9c6e"},"id":"f1r6u8urtc2zlte","previousOperationId":"wejkbwlx5e5lapr"}
{"type":"log","timestamp":1708456727913,"level":"debug","message":"Running chrome with params {\"printBackground\":true,\"timeout\":59940,\"margin\":{}}","meta":{"rootId":"uwbupgkwsgt9c6e","id":"uwbupgkwsgt9c6e"},"id":"y6oz0oionhhyrfz","previousOperationId":"wejkbwlx5e5lapr"}
{"type":"operationEnd","operationId":"wejkbwlx5e5lapr","timestamp":1708456727927,"id":"q9bo5h5xjio2h5t","previousEventId":"z0ux5bz5wf26tgz","previousOperationId":"wejkbwlx5e5lapr"}
{"type":"log","timestamp":1708456727927,"level":"debug","message":"Skipping storing report.","meta":{"rootId":"uwbupgkwsgt9c6e","id":"uwbupgkwsgt9c6e"},"id":"fa7nylou8dg065q","previousOperationId":"wejkbwlx5e5lapr"}
{"type":"log","timestamp":1708456727927,"level":"info","message":"Rendering request 66 finished in 132 ms","meta":{"rootId":"uwbupgkwsgt9c6e","id":"uwbupgkwsgt9c6e"},"id":"v4fegngt2wrym44","previousOperationId":"wejkbwlx5e5lapr"}
{"type":"operationEnd","subtype":"render","operationId":"tubp78dq4t5zntp","timestamp":1708456727927,"id":"3gb90awj8wtn3rd","previousEventId":"q9bo5h5xjio2h5t","previousOperationId":"wejkbwlx5e5lapr"}
{"type":"operationEnd","doDiffs":false,"previousEventId":"nxf70mxn6h40ojk","previousOperationId":"xus3h47zf0oj0yf","operationId":"xus3h47zf0oj0yf","timestamp":1708456727932,"id":"h5tv0i67yd11smr"}
