{"type":"operationStart","subtype":"profile","data":{"_id":"TQNBP0LoqHprAICu","timestamp":"2024-02-20T18:38:11.965Z","state":"queued","mode":"standard","creationDate":"2024-02-20T18:38:11.967Z","modificationDate":"2024-02-20T18:38:11.967Z","shortid":"3f9Girn","$entitySet":"profiles"},"doDiffs":false,"timestamp":1708454291966,"id":"6xhs0h3bm1cacjw","previousOperationId":null,"operationId":"aybrii0o9333ghg"}
{"type":"log","level":"info","message":"Render request 3 queued for execution and waiting for available worker","previousOperationId":"aybrii0o9333ghg","timestamp":1708454291967,"id":"9u0oisy5lr6zd3b"}
{"type":"operationStart","subtype":"render","name":"TemplateList","previousOperationId":"aybrii0o9333ghg","timestamp":1708454291973,"id":"8gb81p4rhx0djj1","previousEventId":"6xhs0h3bm1cacjw","operationId":"edh2b6z9ml3o9z6"}
{"type":"log","timestamp":1708454291973,"level":"info","message":"Starting rendering request 3","meta":{"rootId":"vbg528rbl72tpha","id":"vbg528rbl72tpha"},"id":"j8z3w3s7qzgiosb","previousOperationId":"edh2b6z9ml3o9z6"}
{"type":"log","timestamp":1708454291973,"level":"info","message":"Rendering template { name: TemplateList, recipe: chrome-pdf, engine: handlebars, preview: true }","meta":{"rootId":"vbg528rbl72tpha","id":"vbg528rbl72tpha"},"id":"xu5pq7ncuzaol0t","previousOperationId":"edh2b6z9ml3o9z6"}
{"type":"log","timestamp":1708454291973,"level":"debug","message":"Data item not defined for this template.","meta":{"rootId":"vbg528rbl72tpha","id":"vbg528rbl72tpha"},"id":"oakk0g68x6zvod3","previousOperationId":"edh2b6z9ml3o9z6"}
{"type":"log","timestamp":1708454291975,"level":"debug","message":"Executing script list-data (beforeRender)","meta":{"rootId":"vbg528rbl72tpha","id":"vbg528rbl72tpha"},"id":"89ezjw17yotdzb7","previousOperationId":"edh2b6z9ml3o9z6"}
{"type":"operationStart","subtype":"scriptsBeforeRender","name":"scripts beforeRender","timestamp":1708454291981,"id":"cnbq43rcu823hvk","previousEventId":"8gb81p4rhx0djj1","operationId":"sfk23ietnazcm5k","previousOperationId":"edh2b6z9ml3o9z6"}
{"type":"operationStart","subtype":"script","name":"scripts list-data","previousOperationId":"sfk23ietnazcm5k","timestamp":1708454291981,"id":"pn0vwd5m0r9p8ix","previousEventId":"cnbq43rcu823hvk","operationId":"8ib01kke1d6d3i2"}
{"type":"log","timestamp":1708454292003,"level":"debug","message":"(console:log) [\n  {\n    list_description: {\n      id: 3,\n      list_name: 'stjsjshtshn',\n      list_current_number: 0,\n      list_limit_number: 0\n    },\n    list_image: {\n      url: 'http://localhost:4000/rails/active_storage/blobs/redirect/eyJfcmFpbHMiOnsiZGF0YSI6NCwicHVyIjoiYmxvYl9pZCJ9fQ==--023aae65cb60b3f6c6d73a9c76e14c0b0df6ad86/dibujoadrian.jpg'\n    }\n  },\n  {\n    list_description: {\n      id: 1,\n      list_name: 'charcuteria',\n      list_current_number: 0,\n      list_limit_number: 0\n    },\n    list_image: {\n      url: 'http://localhost:4000/rails/active_storage/blobs/redirect/eyJfcmFpbHMiOnsiZGF0YSI6MiwicHVyIjoiYmxvYl9pZCJ9fQ==--ee6d56bf52163135b48a4ba2c22b11a93e94d3b3/charcuteria.png'\n    }\n  },\n  {\n    list_description: {\n      id: 2,\n      list_name: 'sarshisha',\n      list_current_number: 13,\n      list_limit_number: 0\n    },\n    list_image: {\n      url: 'http://localhost:4000/rails/active_storage/blobs/redirect/eyJfcmFpbHMiOnsiZGF0YSI6MywicHVyIjoiYmxvYl9pZCJ9fQ==--07183cfade35ce6ffe715f60749642919ec61f5d/charcuteria.png'\n    }\n  }\n]","meta":{"userLevel":true,"rootId":"vbg528rbl72tpha","id":"vbg528rbl72tpha"},"id":"hleggsbyyk62nis","previousOperationId":"8ib01kke1d6d3i2"}
{"type":"log","timestamp":1708454292011,"level":"debug","message":"(console:log) [\n  {\n    id: 1,\n    nickname: 'a',\n    is_admin: true,\n    suscriptor: null,\n    created_at: '2024-02-20T16:45:37.609Z',\n    updated_at: '2024-02-20T16:45:37.729Z',\n    email: 'a@a.a',\n    jti: '6a2b57ca-af4b-47a0-8285-477cffafa34b'\n  }\n]","meta":{"userLevel":true,"rootId":"vbg528rbl72tpha","id":"vbg528rbl72tpha"},"id":"0nzrjymdn48f3nx","previousOperationId":"8ib01kke1d6d3i2"}
{"type":"operationEnd","operationId":"8ib01kke1d6d3i2","timestamp":1708454292011,"id":"f01liob31v513l5","previousEventId":"8gb81p4rhx0djj1","previousOperationId":"edh2b6z9ml3o9z6"}
{"type":"operationEnd","operationId":"sfk23ietnazcm5k","timestamp":1708454292011,"id":"t5cm7kbjt3ywcf3","previousEventId":"f01liob31v513l5","previousOperationId":"edh2b6z9ml3o9z6"}
{"type":"log","timestamp":1708454292011,"level":"debug","message":"Base url not specified, skipping its injection.","meta":{"rootId":"vbg528rbl72tpha","id":"vbg528rbl72tpha"},"id":"vt21071q1e9tq8m","previousOperationId":"sfk23ietnazcm5k"}
{"type":"operationStart","subtype":"engine","name":"handlebars","timestamp":1708454292012,"id":"acabynqg8nvky82","previousEventId":"t5cm7kbjt3ywcf3","operationId":"9lmqcwlluqckfrk","previousOperationId":"sfk23ietnazcm5k"}
{"type":"log","timestamp":1708454292012,"level":"debug","message":"Rendering engine handlebars","meta":{"rootId":"vbg528rbl72tpha","id":"vbg528rbl72tpha"},"id":"j6x708p3k19qejl","previousOperationId":"9lmqcwlluqckfrk"}
{"type":"operationEnd","operationId":"9lmqcwlluqckfrk","timestamp":1708454292031,"id":"7b9n0vp03ltq0r2","previousEventId":"acabynqg8nvky82","previousOperationId":"9lmqcwlluqckfrk"}
{"type":"operationStart","subtype":"recipe","name":"chrome-pdf","timestamp":1708454292031,"id":"dnzi0bidm8uxzem","previousEventId":"7b9n0vp03ltq0r2","operationId":"na10oiq294e4is9","previousOperationId":"9lmqcwlluqckfrk"}
{"type":"log","timestamp":1708454292031,"level":"debug","message":"Executing recipe chrome-pdf","meta":{"rootId":"vbg528rbl72tpha","id":"vbg528rbl72tpha"},"id":"hn5mtntbowhmk2s","previousOperationId":"na10oiq294e4is9"}
{"type":"log","timestamp":1708454292033,"level":"debug","message":"Converting with chrome HeadlessChrome/117.0.5938.149 using chrome-pool strategy","meta":{"rootId":"vbg528rbl72tpha","id":"vbg528rbl72tpha"},"id":"l9fagpej5hgmfzu","previousOperationId":"na10oiq294e4is9"}
{"type":"log","timestamp":1708454292068,"level":"debug","message":"Page request: GET (document) file:///tmp/jsreport/autocleanup/00a4b3e1-f9a4-4674-a4a2-ec783bd00a49-chrome-pdf.html","meta":{"rootId":"vbg528rbl72tpha","id":"vbg528rbl72tpha"},"id":"vzhxquxmd1ewmmo","previousOperationId":"na10oiq294e4is9"}
{"type":"log","timestamp":1708454292077,"level":"debug","message":"Page request: GET (stylesheet) https://cdn.jsdelivr.net/chartist.js/latest/chartist.min.css","meta":{"rootId":"vbg528rbl72tpha","id":"vbg528rbl72tpha"},"id":"cqi2vbmpeekeh67","previousOperationId":"na10oiq294e4is9"}
{"type":"log","timestamp":1708454292077,"level":"debug","message":"Page request: GET (script) https://cdn.jsdelivr.net/chartist.js/latest/chartist.min.js","meta":{"rootId":"vbg528rbl72tpha","id":"vbg528rbl72tpha"},"id":"esej7qr90dnk4y1","previousOperationId":"na10oiq294e4is9"}
{"type":"log","timestamp":1708454292078,"level":"debug","message":"Page request: GET (script) https://code.jquery.com/jquery-3.6.0.min.js","meta":{"rootId":"vbg528rbl72tpha","id":"vbg528rbl72tpha"},"id":"zu2hg4ibvysz7up","previousOperationId":"na10oiq294e4is9"}
{"type":"log","timestamp":1708454292078,"level":"debug","message":"Page request: GET (script) https://cdn.jsdelivr.net/npm/chart.js","meta":{"rootId":"vbg528rbl72tpha","id":"vbg528rbl72tpha"},"id":"74nng5ex7rz6wsm","previousOperationId":"na10oiq294e4is9"}
{"type":"log","timestamp":1708454292079,"level":"debug","message":"Page request finished: GET (document) 200 file:///tmp/jsreport/autocleanup/00a4b3e1-f9a4-4674-a4a2-ec783bd00a49-chrome-pdf.html","meta":{"rootId":"vbg528rbl72tpha","id":"vbg528rbl72tpha"},"id":"m7vz7uopw3ukyvq","previousOperationId":"na10oiq294e4is9"}
{"type":"log","timestamp":1708454292081,"level":"debug","message":"Page request finished: GET (stylesheet) 200 https://cdn.jsdelivr.net/chartist.js/latest/chartist.min.css","meta":{"rootId":"vbg528rbl72tpha","id":"vbg528rbl72tpha"},"id":"g9j2bm6i4gllahu","previousOperationId":"na10oiq294e4is9"}
{"type":"log","timestamp":1708454292100,"level":"debug","message":"Page request finished: GET (script) 200 https://cdn.jsdelivr.net/chartist.js/latest/chartist.min.js","meta":{"rootId":"vbg528rbl72tpha","id":"vbg528rbl72tpha"},"id":"5nj2ibebpebqahl","previousOperationId":"na10oiq294e4is9"}
{"type":"log","timestamp":1708454292102,"level":"debug","message":"Page request finished: GET (script) 200 https://code.jquery.com/jquery-3.6.0.min.js","meta":{"rootId":"vbg528rbl72tpha","id":"vbg528rbl72tpha"},"id":"yb28rsnzpt6nd71","previousOperationId":"na10oiq294e4is9"}
{"type":"log","timestamp":1708454292116,"level":"debug","message":"Page request finished: GET (script) 200 https://cdn.jsdelivr.net/npm/chart.js","meta":{"rootId":"vbg528rbl72tpha","id":"vbg528rbl72tpha"},"id":"of60ey3c4oo466p","previousOperationId":"na10oiq294e4is9"}
{"type":"log","timestamp":1708454292177,"level":"debug","message":"Running chrome with params {\"printBackground\":true,\"timeout\":59933,\"margin\":{}}","meta":{"rootId":"vbg528rbl72tpha","id":"vbg528rbl72tpha"},"id":"ze9ds7fdl5xlqe4","previousOperationId":"na10oiq294e4is9"}
{"type":"operationEnd","operationId":"na10oiq294e4is9","timestamp":1708454292220,"id":"le0ykwfws8aas9a","previousEventId":"dnzi0bidm8uxzem","previousOperationId":"na10oiq294e4is9"}
{"type":"log","timestamp":1708454292220,"level":"debug","message":"Skipping storing report.","meta":{"rootId":"vbg528rbl72tpha","id":"vbg528rbl72tpha"},"id":"e8nxso18t4ck83f","previousOperationId":"na10oiq294e4is9"}
{"type":"log","timestamp":1708454292220,"level":"info","message":"Rendering request 3 finished in 255 ms","meta":{"rootId":"vbg528rbl72tpha","id":"vbg528rbl72tpha"},"id":"sknczt6mykg9po3","previousOperationId":"na10oiq294e4is9"}
{"type":"operationEnd","subtype":"render","operationId":"edh2b6z9ml3o9z6","timestamp":1708454292220,"id":"7bndyg2qbfv3z3l","previousEventId":"le0ykwfws8aas9a","previousOperationId":"na10oiq294e4is9"}
{"type":"operationEnd","doDiffs":false,"previousEventId":"6xhs0h3bm1cacjw","previousOperationId":"aybrii0o9333ghg","operationId":"aybrii0o9333ghg","timestamp":1708454292226,"id":"m9d1n6mr8k46mad"}
