{"type":"operationStart","subtype":"profile","data":{"_id":"0kEevFd0Md1hSL5J","timestamp":"2024-02-20T18:52:14.805Z","state":"queued","mode":"standard","creationDate":"2024-02-20T18:52:14.805Z","modificationDate":"2024-02-20T18:52:14.805Z","shortid":"XV7i6ay","$entitySet":"profiles"},"doDiffs":false,"timestamp":1708455134805,"id":"ytnu6tfu9zaxbe8","previousOperationId":null,"operationId":"0n6x2svi88il67i"}
{"type":"log","level":"info","message":"Render request 27 queued for execution and waiting for available worker","previousOperationId":"0n6x2svi88il67i","timestamp":1708455134805,"id":"79s8v9k1s9zj522"}
{"type":"operationStart","subtype":"render","name":"TemplateList","previousOperationId":"0n6x2svi88il67i","timestamp":1708455134809,"id":"tcu0h4yhq6bcw2o","previousEventId":"ytnu6tfu9zaxbe8","operationId":"170y846ee2ct9ol"}
{"type":"log","timestamp":1708455134809,"level":"info","message":"Starting rendering request 27","meta":{"rootId":"vq98im5jp9qpi7v","id":"vq98im5jp9qpi7v"},"id":"dbia5bfmfd2p0ni","previousOperationId":"170y846ee2ct9ol"}
{"type":"log","timestamp":1708455134809,"level":"info","message":"Rendering template { name: TemplateList, recipe: chrome-pdf, engine: handlebars, preview: true }","meta":{"rootId":"vq98im5jp9qpi7v","id":"vq98im5jp9qpi7v"},"id":"hhtwyg9xjb3zzn8","previousOperationId":"170y846ee2ct9ol"}
{"type":"log","timestamp":1708455134809,"level":"debug","message":"Data item not defined for this template.","meta":{"rootId":"vq98im5jp9qpi7v","id":"vq98im5jp9qpi7v"},"id":"g2u30jtw72w0cv4","previousOperationId":"170y846ee2ct9ol"}
{"type":"log","timestamp":1708455134810,"level":"debug","message":"Executing script list-data (beforeRender)","meta":{"rootId":"vq98im5jp9qpi7v","id":"vq98im5jp9qpi7v"},"id":"x8qpv6n60cge7sw","previousOperationId":"170y846ee2ct9ol"}
{"type":"operationStart","subtype":"scriptsBeforeRender","name":"scripts beforeRender","timestamp":1708455134814,"id":"9uh9u3b7m294ngs","previousEventId":"tcu0h4yhq6bcw2o","operationId":"ts1d14fgbpn912g","previousOperationId":"170y846ee2ct9ol"}
{"type":"operationStart","subtype":"script","name":"scripts list-data","previousOperationId":"ts1d14fgbpn912g","timestamp":1708455134814,"id":"qme9g0gdeu9kmiw","previousEventId":"9uh9u3b7m294ngs","operationId":"40m10i5212sk1g0"}
{"type":"log","timestamp":1708455134830,"level":"debug","message":"(console:log) [\n  {\n    list_description: {\n      id: 3,\n      list_name: 'stjsjshtshn',\n      list_current_number: 0,\n      list_limit_number: 0\n    },\n    list_image: {\n      url: 'http://localhost:4000/rails/active_storage/blobs/redirect/eyJfcmFpbHMiOnsiZGF0YSI6NCwicHVyIjoiYmxvYl9pZCJ9fQ==--023aae65cb60b3f6c6d73a9c76e14c0b0df6ad86/dibujoadrian.jpg'\n    }\n  },\n  {\n    list_description: {\n      id: 1,\n      list_name: 'charcuteria',\n      list_current_number: 0,\n      list_limit_number: 0\n    },\n    list_image: {\n      url: 'http://localhost:4000/rails/active_storage/blobs/redirect/eyJfcmFpbHMiOnsiZGF0YSI6MiwicHVyIjoiYmxvYl9pZCJ9fQ==--ee6d56bf52163135b48a4ba2c22b11a93e94d3b3/charcuteria.png'\n    }\n  },\n  {\n    list_description: {\n      id: 2,\n      list_name: 'sarshisha',\n      list_current_number: 13,\n      list_limit_number: 0\n    },\n    list_image: {\n      url: 'http://localhost:4000/rails/active_storage/blobs/redirect/eyJfcmFpbHMiOnsiZGF0YSI6MywicHVyIjoiYmxvYl9pZCJ9fQ==--07183cfade35ce6ffe715f60749642919ec61f5d/charcuteria.png'\n    }\n  }\n]","meta":{"userLevel":true,"rootId":"vq98im5jp9qpi7v","id":"vq98im5jp9qpi7v"},"id":"zazpsk36u2pznpo","previousOperationId":"40m10i5212sk1g0"}
{"type":"log","timestamp":1708455134836,"level":"debug","message":"(console:log) [\n  {\n    id: 1,\n    nickname: 'a',\n    is_admin: true,\n    suscriptor: null,\n    created_at: '2024-02-20T16:45:37.609Z',\n    updated_at: '2024-02-20T16:45:37.729Z',\n    email: 'a@a.a',\n    jti: '6a2b57ca-af4b-47a0-8285-477cffafa34b'\n  }\n]","meta":{"userLevel":true,"rootId":"vq98im5jp9qpi7v","id":"vq98im5jp9qpi7v"},"id":"s0412rz3aszekcd","previousOperationId":"40m10i5212sk1g0"}
{"type":"operationEnd","operationId":"40m10i5212sk1g0","timestamp":1708455134836,"id":"6x3jm3pyceczdzz","previousEventId":"tcu0h4yhq6bcw2o","previousOperationId":"170y846ee2ct9ol"}
{"type":"operationEnd","operationId":"ts1d14fgbpn912g","timestamp":1708455134836,"id":"wqqaqf0yi1ghkb1","previousEventId":"6x3jm3pyceczdzz","previousOperationId":"170y846ee2ct9ol"}
{"type":"log","timestamp":1708455134836,"level":"debug","message":"Base url not specified, skipping its injection.","meta":{"rootId":"vq98im5jp9qpi7v","id":"vq98im5jp9qpi7v"},"id":"t69hh441phy6nz2","previousOperationId":"ts1d14fgbpn912g"}
{"type":"operationStart","subtype":"engine","name":"handlebars","timestamp":1708455134836,"id":"qhfqbydxgdchdqj","previousEventId":"wqqaqf0yi1ghkb1","operationId":"zkfiorvqzo6u218","previousOperationId":"ts1d14fgbpn912g"}
{"type":"log","timestamp":1708455134836,"level":"debug","message":"Rendering engine handlebars","meta":{"rootId":"vq98im5jp9qpi7v","id":"vq98im5jp9qpi7v"},"id":"7i71z3icof2kz5m","previousOperationId":"zkfiorvqzo6u218"}
{"type":"operationEnd","operationId":"zkfiorvqzo6u218","timestamp":1708455134848,"id":"taqrl7s0yliy9n0","previousEventId":"qhfqbydxgdchdqj","previousOperationId":"zkfiorvqzo6u218"}
{"type":"operationStart","subtype":"recipe","name":"chrome-pdf","timestamp":1708455134849,"id":"xalptv7cmnu3ph4","previousEventId":"taqrl7s0yliy9n0","operationId":"tgw0i3xsvmnc0tw","previousOperationId":"zkfiorvqzo6u218"}
{"type":"log","timestamp":1708455134849,"level":"debug","message":"Executing recipe chrome-pdf","meta":{"rootId":"vq98im5jp9qpi7v","id":"vq98im5jp9qpi7v"},"id":"amnk5s1dxyjj6g6","previousOperationId":"tgw0i3xsvmnc0tw"}
{"type":"log","timestamp":1708455134850,"level":"debug","message":"Converting with chrome HeadlessChrome/117.0.5938.149 using chrome-pool strategy","meta":{"rootId":"vq98im5jp9qpi7v","id":"vq98im5jp9qpi7v"},"id":"44gmnzkwigzpyu6","previousOperationId":"tgw0i3xsvmnc0tw"}
{"type":"log","timestamp":1708455134886,"level":"debug","message":"Page request: GET (document) file:///tmp/jsreport/autocleanup/c43c9c8f-2812-4ac5-bfd3-f9e20ed86bcb-chrome-pdf.html","meta":{"rootId":"vq98im5jp9qpi7v","id":"vq98im5jp9qpi7v"},"id":"314nq3z1q6hsvi6","previousOperationId":"tgw0i3xsvmnc0tw"}
{"type":"log","timestamp":1708455134897,"level":"debug","message":"Page request: GET (stylesheet) https://cdn.jsdelivr.net/chartist.js/latest/chartist.min.css","meta":{"rootId":"vq98im5jp9qpi7v","id":"vq98im5jp9qpi7v"},"id":"3sbsi5qqlfmghoz","previousOperationId":"tgw0i3xsvmnc0tw"}
{"type":"log","timestamp":1708455134898,"level":"debug","message":"Page request: GET (script) https://cdn.jsdelivr.net/chartist.js/latest/chartist.min.js","meta":{"rootId":"vq98im5jp9qpi7v","id":"vq98im5jp9qpi7v"},"id":"7ndkf8xg6un4t51","previousOperationId":"tgw0i3xsvmnc0tw"}
{"type":"log","timestamp":1708455134899,"level":"debug","message":"Page request: GET (script) https://code.jquery.com/jquery-3.6.0.min.js","meta":{"rootId":"vq98im5jp9qpi7v","id":"vq98im5jp9qpi7v"},"id":"vonqzl53qsmjnhm","previousOperationId":"tgw0i3xsvmnc0tw"}
{"type":"log","timestamp":1708455134899,"level":"debug","message":"Page request: GET (script) https://cdn.jsdelivr.net/npm/chart.js","meta":{"rootId":"vq98im5jp9qpi7v","id":"vq98im5jp9qpi7v"},"id":"box5ivzat1jgzf8","previousOperationId":"tgw0i3xsvmnc0tw"}
{"type":"log","timestamp":1708455134899,"level":"debug","message":"Page request finished: GET (document) 200 file:///tmp/jsreport/autocleanup/c43c9c8f-2812-4ac5-bfd3-f9e20ed86bcb-chrome-pdf.html","meta":{"rootId":"vq98im5jp9qpi7v","id":"vq98im5jp9qpi7v"},"id":"2sy1rw677xn91p3","previousOperationId":"tgw0i3xsvmnc0tw"}
{"type":"log","timestamp":1708455134902,"level":"debug","message":"Page request finished: GET (stylesheet) 200 https://cdn.jsdelivr.net/chartist.js/latest/chartist.min.css","meta":{"rootId":"vq98im5jp9qpi7v","id":"vq98im5jp9qpi7v"},"id":"1psndm6r1do9en5","previousOperationId":"tgw0i3xsvmnc0tw"}
{"type":"log","timestamp":1708455134904,"level":"debug","message":"Page request finished: GET (script) 200 https://cdn.jsdelivr.net/chartist.js/latest/chartist.min.js","meta":{"rootId":"vq98im5jp9qpi7v","id":"vq98im5jp9qpi7v"},"id":"2g71yrvd7543510","previousOperationId":"tgw0i3xsvmnc0tw"}
{"type":"log","timestamp":1708455134907,"level":"debug","message":"Page request finished: GET (script) 200 https://code.jquery.com/jquery-3.6.0.min.js","meta":{"rootId":"vq98im5jp9qpi7v","id":"vq98im5jp9qpi7v"},"id":"jm4ik5m13wv430f","previousOperationId":"tgw0i3xsvmnc0tw"}
{"type":"log","timestamp":1708455134914,"level":"debug","message":"Page request finished: GET (script) 200 https://cdn.jsdelivr.net/npm/chart.js","meta":{"rootId":"vq98im5jp9qpi7v","id":"vq98im5jp9qpi7v"},"id":"q8jh04zs8h34hxp","previousOperationId":"tgw0i3xsvmnc0tw"}
{"type":"log","timestamp":1708455134962,"level":"debug","message":"Running chrome with params {\"printBackground\":true,\"timeout\":59956,\"margin\":{}}","meta":{"rootId":"vq98im5jp9qpi7v","id":"vq98im5jp9qpi7v"},"id":"mozdsu6jy809e5p","previousOperationId":"tgw0i3xsvmnc0tw"}
{"type":"operationEnd","operationId":"tgw0i3xsvmnc0tw","timestamp":1708455134991,"id":"63pu48f2h2su7x7","previousEventId":"xalptv7cmnu3ph4","previousOperationId":"tgw0i3xsvmnc0tw"}
{"type":"log","timestamp":1708455134991,"level":"debug","message":"Skipping storing report.","meta":{"rootId":"vq98im5jp9qpi7v","id":"vq98im5jp9qpi7v"},"id":"bnvoub1uh0iq1sb","previousOperationId":"tgw0i3xsvmnc0tw"}
{"type":"log","timestamp":1708455134991,"level":"info","message":"Rendering request 27 finished in 186 ms","meta":{"rootId":"vq98im5jp9qpi7v","id":"vq98im5jp9qpi7v"},"id":"mxfms4nto0sv73v","previousOperationId":"tgw0i3xsvmnc0tw"}
{"type":"operationEnd","subtype":"render","operationId":"170y846ee2ct9ol","timestamp":1708455134991,"id":"0k2qoe8kc04p86f","previousEventId":"63pu48f2h2su7x7","previousOperationId":"tgw0i3xsvmnc0tw"}
{"type":"operationEnd","doDiffs":false,"previousEventId":"ytnu6tfu9zaxbe8","previousOperationId":"0n6x2svi88il67i","operationId":"0n6x2svi88il67i","timestamp":1708455134993,"id":"ievv0h1rx4ir22l"}
