{"type":"operationStart","subtype":"profile","data":{"_id":"4He0W0W5VuCaGxM1","timestamp":"2024-02-20T19:12:44.515Z","state":"queued","mode":"standard","creationDate":"2024-02-20T19:12:44.516Z","modificationDate":"2024-02-20T19:12:44.516Z","shortid":"kFz8uoM","$entitySet":"profiles"},"doDiffs":false,"timestamp":1708456364515,"id":"qcksmz4dopv1d2d","previousOperationId":null,"operationId":"9k16tyx4ae9prud"}
{"type":"log","level":"info","message":"Render request 55 queued for execution and waiting for available worker","previousOperationId":"9k16tyx4ae9prud","timestamp":1708456364515,"id":"qfwjkdvvzieyy1c"}
{"type":"operationStart","subtype":"render","name":"TemplateList","previousOperationId":"9k16tyx4ae9prud","timestamp":1708456364520,"id":"rv6vj51uerr9l55","previousEventId":"qcksmz4dopv1d2d","operationId":"hqotl9rqie8tb3k"}
{"type":"log","timestamp":1708456364520,"level":"info","message":"Starting rendering request 55","meta":{"rootId":"vvm8dp4k8ly1jzi","id":"vvm8dp4k8ly1jzi"},"id":"lvvztv6rqk3e9bt","previousOperationId":"hqotl9rqie8tb3k"}
{"type":"log","timestamp":1708456364520,"level":"info","message":"Rendering template { name: TemplateList, recipe: chrome-pdf, engine: handlebars, preview: true }","meta":{"rootId":"vvm8dp4k8ly1jzi","id":"vvm8dp4k8ly1jzi"},"id":"i1padrwz2fn9ew3","previousOperationId":"hqotl9rqie8tb3k"}
{"type":"log","timestamp":1708456364520,"level":"debug","message":"Data item not defined for this template.","meta":{"rootId":"vvm8dp4k8ly1jzi","id":"vvm8dp4k8ly1jzi"},"id":"4ttb72f0rapgfgo","previousOperationId":"hqotl9rqie8tb3k"}
{"type":"log","timestamp":1708456364522,"level":"debug","message":"Executing script list-data (beforeRender)","meta":{"rootId":"vvm8dp4k8ly1jzi","id":"vvm8dp4k8ly1jzi"},"id":"dkol225gc82auub","previousOperationId":"hqotl9rqie8tb3k"}
{"type":"operationStart","subtype":"scriptsBeforeRender","name":"scripts beforeRender","timestamp":1708456364526,"id":"opjx44gplp55gzp","previousEventId":"rv6vj51uerr9l55","operationId":"l7risvrkdh97zr3","previousOperationId":"hqotl9rqie8tb3k"}
{"type":"operationStart","subtype":"script","name":"scripts list-data","previousOperationId":"l7risvrkdh97zr3","timestamp":1708456364526,"id":"xd3j4x5k41b44ul","previousEventId":"opjx44gplp55gzp","operationId":"tj5d9wewr5wkuhw"}
{"type":"log","timestamp":1708456364547,"level":"debug","message":"(console:log) [\n  {\n    list_description: {\n      id: 2,\n      list_name: 'sarshisha',\n      list_current_number: 13,\n      list_limit_number: 0\n    },\n    list_image: {\n      url: 'http://localhost:4000/rails/active_storage/blobs/redirect/eyJfcmFpbHMiOnsiZGF0YSI6MywicHVyIjoiYmxvYl9pZCJ9fQ==--07183cfade35ce6ffe715f60749642919ec61f5d/charcuteria.png'\n    }\n  },\n  {\n    list_description: {\n      id: 3,\n      list_name: 'stjsjshtshn',\n      list_current_number: 4,\n      list_limit_number: 0\n    },\n    list_image: {\n      url: 'http://localhost:4000/rails/active_storage/blobs/redirect/eyJfcmFpbHMiOnsiZGF0YSI6NCwicHVyIjoiYmxvYl9pZCJ9fQ==--023aae65cb60b3f6c6d73a9c76e14c0b0df6ad86/dibujoadrian.jpg'\n    }\n  },\n  {\n    list_description: {\n      id: 1,\n      list_name: 'charcuteria',\n      list_current_number: 1,\n      list_limit_number: 0\n    },\n    list_image: {\n      url: 'http://localhost:4000/rails/active_storage/blobs/redirect/eyJfcmFpbHMiOnsiZGF0YSI6MiwicHVyIjoiYmxvYl9pZCJ9fQ==--ee6d56bf52163135b48a4ba2c22b11a93e94d3b3/charcuteria.png'\n    }\n  }\n]","meta":{"userLevel":true,"rootId":"vvm8dp4k8ly1jzi","id":"vvm8dp4k8ly1jzi"},"id":"ug9rfi9gb9kahfh","previousOperationId":"tj5d9wewr5wkuhw"}
{"type":"log","timestamp":1708456364553,"level":"debug","message":"(console:log) [\n  {\n    id: 1,\n    nickname: 'a',\n    is_admin: true,\n    suscriptor: null,\n    created_at: '2024-02-20T16:45:37.609Z',\n    updated_at: '2024-02-20T16:45:37.729Z',\n    email: 'a@a.a',\n    jti: '6a2b57ca-af4b-47a0-8285-477cffafa34b'\n  }\n]","meta":{"userLevel":true,"rootId":"vvm8dp4k8ly1jzi","id":"vvm8dp4k8ly1jzi"},"id":"xmuotuzf0u17x0i","previousOperationId":"tj5d9wewr5wkuhw"}
{"type":"operationEnd","operationId":"tj5d9wewr5wkuhw","timestamp":1708456364554,"id":"6yqhh94cexc9zdy","previousEventId":"rv6vj51uerr9l55","previousOperationId":"hqotl9rqie8tb3k"}
{"type":"operationEnd","operationId":"l7risvrkdh97zr3","timestamp":1708456364554,"id":"sclj0naxsf7gmw6","previousEventId":"6yqhh94cexc9zdy","previousOperationId":"hqotl9rqie8tb3k"}
{"type":"log","timestamp":1708456364554,"level":"debug","message":"Base url not specified, skipping its injection.","meta":{"rootId":"vvm8dp4k8ly1jzi","id":"vvm8dp4k8ly1jzi"},"id":"rdz39fmkmhadaku","previousOperationId":"l7risvrkdh97zr3"}
{"type":"operationStart","subtype":"engine","name":"handlebars","timestamp":1708456364554,"id":"l2qpuut7nzsmmls","previousEventId":"sclj0naxsf7gmw6","operationId":"v5s0ancthhvx863","previousOperationId":"l7risvrkdh97zr3"}
{"type":"log","timestamp":1708456364554,"level":"debug","message":"Rendering engine handlebars","meta":{"rootId":"vvm8dp4k8ly1jzi","id":"vvm8dp4k8ly1jzi"},"id":"abf9uoqe9zn49y3","previousOperationId":"v5s0ancthhvx863"}
{"type":"operationEnd","operationId":"v5s0ancthhvx863","timestamp":1708456364563,"id":"nrjl7t9mg3reaxi","previousEventId":"l2qpuut7nzsmmls","previousOperationId":"v5s0ancthhvx863"}
{"type":"operationStart","subtype":"recipe","name":"chrome-pdf","timestamp":1708456364563,"id":"rxb3aogse0i7uz3","previousEventId":"nrjl7t9mg3reaxi","operationId":"5sqo9oi0muak0h6","previousOperationId":"v5s0ancthhvx863"}
{"type":"log","timestamp":1708456364563,"level":"debug","message":"Executing recipe chrome-pdf","meta":{"rootId":"vvm8dp4k8ly1jzi","id":"vvm8dp4k8ly1jzi"},"id":"vej6sqwz162d8cn","previousOperationId":"5sqo9oi0muak0h6"}
{"type":"log","timestamp":1708456364564,"level":"debug","message":"Converting with chrome HeadlessChrome/117.0.5938.149 using chrome-pool strategy","meta":{"rootId":"vvm8dp4k8ly1jzi","id":"vvm8dp4k8ly1jzi"},"id":"i21sfv8l3r6vakt","previousOperationId":"5sqo9oi0muak0h6"}
{"type":"log","timestamp":1708456364600,"level":"debug","message":"Page request: GET (document) file:///tmp/jsreport/autocleanup/df787a85-74ee-449f-94aa-1056a7590253-chrome-pdf.html","meta":{"rootId":"vvm8dp4k8ly1jzi","id":"vvm8dp4k8ly1jzi"},"id":"mql6mzuzm2tmo7d","previousOperationId":"5sqo9oi0muak0h6"}
{"type":"log","timestamp":1708456364607,"level":"debug","message":"Page request: GET (script) https://cdn.jsdelivr.net/npm/chart.js","meta":{"rootId":"vvm8dp4k8ly1jzi","id":"vvm8dp4k8ly1jzi"},"id":"g2h9owjzuu0vito","previousOperationId":"5sqo9oi0muak0h6"}
{"type":"log","timestamp":1708456364607,"level":"debug","message":"Page request finished: GET (document) 200 file:///tmp/jsreport/autocleanup/df787a85-74ee-449f-94aa-1056a7590253-chrome-pdf.html","meta":{"rootId":"vvm8dp4k8ly1jzi","id":"vvm8dp4k8ly1jzi"},"id":"a81kvowurd6xpvt","previousOperationId":"5sqo9oi0muak0h6"}
{"type":"log","timestamp":1708456364610,"level":"debug","message":"Page request finished: GET (script) 200 https://cdn.jsdelivr.net/npm/chart.js","meta":{"rootId":"vvm8dp4k8ly1jzi","id":"vvm8dp4k8ly1jzi"},"id":"y0vxa4amkf0rodo","previousOperationId":"5sqo9oi0muak0h6"}
{"type":"log","timestamp":1708456364656,"level":"debug","message":"Running chrome with params {\"printBackground\":true,\"timeout\":59952,\"margin\":{}}","meta":{"rootId":"vvm8dp4k8ly1jzi","id":"vvm8dp4k8ly1jzi"},"id":"7o6tgpx89wrd8pe","previousOperationId":"5sqo9oi0muak0h6"}
{"type":"operationEnd","operationId":"5sqo9oi0muak0h6","timestamp":1708456364682,"id":"jsb9d44flphybsc","previousEventId":"rxb3aogse0i7uz3","previousOperationId":"5sqo9oi0muak0h6"}
{"type":"log","timestamp":1708456364682,"level":"debug","message":"Skipping storing report.","meta":{"rootId":"vvm8dp4k8ly1jzi","id":"vvm8dp4k8ly1jzi"},"id":"urztqmio1hc84m5","previousOperationId":"5sqo9oi0muak0h6"}
{"type":"log","timestamp":1708456364682,"level":"info","message":"Rendering request 55 finished in 167 ms","meta":{"rootId":"vvm8dp4k8ly1jzi","id":"vvm8dp4k8ly1jzi"},"id":"36m0e08mpmu2cji","previousOperationId":"5sqo9oi0muak0h6"}
{"type":"operationEnd","subtype":"render","operationId":"hqotl9rqie8tb3k","timestamp":1708456364682,"id":"bph1bb06dmnvr84","previousEventId":"jsb9d44flphybsc","previousOperationId":"5sqo9oi0muak0h6"}
{"type":"operationEnd","doDiffs":false,"previousEventId":"qcksmz4dopv1d2d","previousOperationId":"9k16tyx4ae9prud","operationId":"9k16tyx4ae9prud","timestamp":1708456364684,"id":"2vsrsbuyh8o758k"}
