{"type":"operationStart","subtype":"profile","data":{"_id":"OAZ9dtoLohGBnf9M","timestamp":"2024-02-20T18:45:32.695Z","state":"queued","mode":"standard","creationDate":"2024-02-20T18:45:32.696Z","modificationDate":"2024-02-20T18:45:32.696Z","shortid":"yBaBiAG","$entitySet":"profiles"},"doDiffs":false,"timestamp":1708454732696,"id":"yetn86orb2jnwu1","previousOperationId":null,"operationId":"njk7idpztmw38pv"}
{"type":"log","level":"info","message":"Render request 12 queued for execution and waiting for available worker","previousOperationId":"njk7idpztmw38pv","timestamp":1708454732696,"id":"6vnh108vq0sbsd4"}
{"type":"operationStart","subtype":"render","name":"TemplateList","previousOperationId":"njk7idpztmw38pv","timestamp":1708454732702,"id":"0ciokx85z6n3k3j","previousEventId":"yetn86orb2jnwu1","operationId":"qt084x5q02wwdeg"}
{"type":"log","timestamp":1708454732702,"level":"info","message":"Starting rendering request 12","meta":{"rootId":"w158oeyfyig6u9p","id":"w158oeyfyig6u9p"},"id":"vsowu9o99dnxlol","previousOperationId":"qt084x5q02wwdeg"}
{"type":"log","timestamp":1708454732702,"level":"info","message":"Rendering template { name: TemplateList, recipe: chrome-pdf, engine: handlebars, preview: true }","meta":{"rootId":"w158oeyfyig6u9p","id":"w158oeyfyig6u9p"},"id":"2295abcfz1mhuxf","previousOperationId":"qt084x5q02wwdeg"}
{"type":"log","timestamp":1708454732703,"level":"debug","message":"Data item not defined for this template.","meta":{"rootId":"w158oeyfyig6u9p","id":"w158oeyfyig6u9p"},"id":"drd2mpjjo8904r0","previousOperationId":"qt084x5q02wwdeg"}
{"type":"log","timestamp":1708454732705,"level":"debug","message":"Executing script list-data (beforeRender)","meta":{"rootId":"w158oeyfyig6u9p","id":"w158oeyfyig6u9p"},"id":"kw14m05cku2sb8r","previousOperationId":"qt084x5q02wwdeg"}
{"type":"operationStart","subtype":"scriptsBeforeRender","name":"scripts beforeRender","timestamp":1708454732710,"id":"ifhc1q897ubj7vl","previousEventId":"0ciokx85z6n3k3j","operationId":"olpuaucbe29nsbh","previousOperationId":"qt084x5q02wwdeg"}
{"type":"operationStart","subtype":"script","name":"scripts list-data","previousOperationId":"olpuaucbe29nsbh","timestamp":1708454732710,"id":"txp7yhawgt3nwcr","previousEventId":"ifhc1q897ubj7vl","operationId":"ie6uk1j1rcg1pup"}
{"type":"log","timestamp":1708454732734,"level":"debug","message":"(console:log) [\n  {\n    list_description: {\n      id: 3,\n      list_name: 'stjsjshtshn',\n      list_current_number: 0,\n      list_limit_number: 0\n    },\n    list_image: {\n      url: 'http://localhost:4000/rails/active_storage/blobs/redirect/eyJfcmFpbHMiOnsiZGF0YSI6NCwicHVyIjoiYmxvYl9pZCJ9fQ==--023aae65cb60b3f6c6d73a9c76e14c0b0df6ad86/dibujoadrian.jpg'\n    }\n  },\n  {\n    list_description: {\n      id: 1,\n      list_name: 'charcuteria',\n      list_current_number: 0,\n      list_limit_number: 0\n    },\n    list_image: {\n      url: 'http://localhost:4000/rails/active_storage/blobs/redirect/eyJfcmFpbHMiOnsiZGF0YSI6MiwicHVyIjoiYmxvYl9pZCJ9fQ==--ee6d56bf52163135b48a4ba2c22b11a93e94d3b3/charcuteria.png'\n    }\n  },\n  {\n    list_description: {\n      id: 2,\n      list_name: 'sarshisha',\n      list_current_number: 13,\n      list_limit_number: 0\n    },\n    list_image: {\n      url: 'http://localhost:4000/rails/active_storage/blobs/redirect/eyJfcmFpbHMiOnsiZGF0YSI6MywicHVyIjoiYmxvYl9pZCJ9fQ==--07183cfade35ce6ffe715f60749642919ec61f5d/charcuteria.png'\n    }\n  }\n]","meta":{"userLevel":true,"rootId":"w158oeyfyig6u9p","id":"w158oeyfyig6u9p"},"id":"5660acvy1biy8i7","previousOperationId":"ie6uk1j1rcg1pup"}
{"type":"log","timestamp":1708454732741,"level":"debug","message":"(console:log) [\n  {\n    id: 1,\n    nickname: 'a',\n    is_admin: true,\n    suscriptor: null,\n    created_at: '2024-02-20T16:45:37.609Z',\n    updated_at: '2024-02-20T16:45:37.729Z',\n    email: 'a@a.a',\n    jti: '6a2b57ca-af4b-47a0-8285-477cffafa34b'\n  }\n]","meta":{"userLevel":true,"rootId":"w158oeyfyig6u9p","id":"w158oeyfyig6u9p"},"id":"wppb0ilxjbvotvx","previousOperationId":"ie6uk1j1rcg1pup"}
{"type":"operationEnd","operationId":"ie6uk1j1rcg1pup","timestamp":1708454732742,"id":"mgkefjfgkneb8dv","previousEventId":"0ciokx85z6n3k3j","previousOperationId":"qt084x5q02wwdeg"}
{"type":"operationEnd","operationId":"olpuaucbe29nsbh","timestamp":1708454732742,"id":"2rh5v1tiava31m0","previousEventId":"mgkefjfgkneb8dv","previousOperationId":"qt084x5q02wwdeg"}
{"type":"log","timestamp":1708454732742,"level":"debug","message":"Base url not specified, skipping its injection.","meta":{"rootId":"w158oeyfyig6u9p","id":"w158oeyfyig6u9p"},"id":"d6o570789zndg7m","previousOperationId":"olpuaucbe29nsbh"}
{"type":"operationStart","subtype":"engine","name":"handlebars","timestamp":1708454732742,"id":"u2vsvfkwjucmsdi","previousEventId":"2rh5v1tiava31m0","operationId":"5vxstej5axika4k","previousOperationId":"olpuaucbe29nsbh"}
{"type":"log","timestamp":1708454732742,"level":"debug","message":"Rendering engine handlebars","meta":{"rootId":"w158oeyfyig6u9p","id":"w158oeyfyig6u9p"},"id":"hk2cbbyk7m60pjl","previousOperationId":"5vxstej5axika4k"}
{"type":"operationEnd","operationId":"5vxstej5axika4k","timestamp":1708454732769,"id":"eb7v5lxh2z0kz8k","previousEventId":"u2vsvfkwjucmsdi","previousOperationId":"5vxstej5axika4k"}
{"type":"operationStart","subtype":"recipe","name":"chrome-pdf","timestamp":1708454732769,"id":"4lp7cwqszi06hk2","previousEventId":"eb7v5lxh2z0kz8k","operationId":"fqeb95qtwfnkitp","previousOperationId":"5vxstej5axika4k"}
{"type":"log","timestamp":1708454732769,"level":"debug","message":"Executing recipe chrome-pdf","meta":{"rootId":"w158oeyfyig6u9p","id":"w158oeyfyig6u9p"},"id":"ivr8m3gb4lkbarl","previousOperationId":"fqeb95qtwfnkitp"}
{"type":"log","timestamp":1708454732771,"level":"debug","message":"Converting with chrome HeadlessChrome/117.0.5938.149 using chrome-pool strategy","meta":{"rootId":"w158oeyfyig6u9p","id":"w158oeyfyig6u9p"},"id":"tgrb7w7tzdod0fv","previousOperationId":"fqeb95qtwfnkitp"}
{"type":"log","timestamp":1708454732804,"level":"debug","message":"Page request: GET (document) file:///tmp/jsreport/autocleanup/04191416-d6a7-4298-9b41-ae64a15ea39c-chrome-pdf.html","meta":{"rootId":"w158oeyfyig6u9p","id":"w158oeyfyig6u9p"},"id":"2ua884wnkrb69m8","previousOperationId":"fqeb95qtwfnkitp"}
{"type":"log","timestamp":1708454732812,"level":"debug","message":"Page request: GET (stylesheet) https://cdn.jsdelivr.net/chartist.js/latest/chartist.min.css","meta":{"rootId":"w158oeyfyig6u9p","id":"w158oeyfyig6u9p"},"id":"9aqmelhicd452sv","previousOperationId":"fqeb95qtwfnkitp"}
{"type":"log","timestamp":1708454732812,"level":"debug","message":"Page request: GET (script) https://cdn.jsdelivr.net/chartist.js/latest/chartist.min.js","meta":{"rootId":"w158oeyfyig6u9p","id":"w158oeyfyig6u9p"},"id":"y18k22nljcd67ul","previousOperationId":"fqeb95qtwfnkitp"}
{"type":"log","timestamp":1708454732812,"level":"debug","message":"Page request: GET (script) https://code.jquery.com/jquery-3.6.0.min.js","meta":{"rootId":"w158oeyfyig6u9p","id":"w158oeyfyig6u9p"},"id":"v8ydtjx0hplvgqg","previousOperationId":"fqeb95qtwfnkitp"}
{"type":"log","timestamp":1708454732813,"level":"debug","message":"Page request: GET (script) https://cdn.jsdelivr.net/npm/chart.js","meta":{"rootId":"w158oeyfyig6u9p","id":"w158oeyfyig6u9p"},"id":"3pwc8aa4orsl8u2","previousOperationId":"fqeb95qtwfnkitp"}
{"type":"log","timestamp":1708454732813,"level":"debug","message":"Page request finished: GET (document) 200 file:///tmp/jsreport/autocleanup/04191416-d6a7-4298-9b41-ae64a15ea39c-chrome-pdf.html","meta":{"rootId":"w158oeyfyig6u9p","id":"w158oeyfyig6u9p"},"id":"ds2gb5nwgqctv7l","previousOperationId":"fqeb95qtwfnkitp"}
{"type":"log","timestamp":1708454732815,"level":"debug","message":"Page request finished: GET (stylesheet) 200 https://cdn.jsdelivr.net/chartist.js/latest/chartist.min.css","meta":{"rootId":"w158oeyfyig6u9p","id":"w158oeyfyig6u9p"},"id":"o7ravz3im9cj63z","previousOperationId":"fqeb95qtwfnkitp"}
{"type":"log","timestamp":1708454732817,"level":"debug","message":"Page request finished: GET (script) 200 https://cdn.jsdelivr.net/chartist.js/latest/chartist.min.js","meta":{"rootId":"w158oeyfyig6u9p","id":"w158oeyfyig6u9p"},"id":"5auzlnwl36efofd","previousOperationId":"fqeb95qtwfnkitp"}
{"type":"log","timestamp":1708454732817,"level":"debug","message":"Page request finished: GET (script) 200 https://code.jquery.com/jquery-3.6.0.min.js","meta":{"rootId":"w158oeyfyig6u9p","id":"w158oeyfyig6u9p"},"id":"jg8qasu47note2z","previousOperationId":"fqeb95qtwfnkitp"}
{"type":"log","timestamp":1708454732822,"level":"debug","message":"Page request finished: GET (script) 200 https://cdn.jsdelivr.net/npm/chart.js","meta":{"rootId":"w158oeyfyig6u9p","id":"w158oeyfyig6u9p"},"id":"if0xcdb6ee61rts","previousOperationId":"fqeb95qtwfnkitp"}
{"type":"log","timestamp":1708454732868,"level":"debug","message":"Running chrome with params {\"printBackground\":true,\"timeout\":59925,\"margin\":{}}","meta":{"rootId":"w158oeyfyig6u9p","id":"w158oeyfyig6u9p"},"id":"bgz51lc17i63w0z","previousOperationId":"fqeb95qtwfnkitp"}
{"type":"operationEnd","operationId":"fqeb95qtwfnkitp","timestamp":1708454732903,"id":"z0rjy7wkj62ghs3","previousEventId":"4lp7cwqszi06hk2","previousOperationId":"fqeb95qtwfnkitp"}
{"type":"log","timestamp":1708454732903,"level":"debug","message":"Skipping storing report.","meta":{"rootId":"w158oeyfyig6u9p","id":"w158oeyfyig6u9p"},"id":"3nyn43cc895ohsr","previousOperationId":"fqeb95qtwfnkitp"}
{"type":"log","timestamp":1708454732903,"level":"info","message":"Rendering request 12 finished in 208 ms","meta":{"rootId":"w158oeyfyig6u9p","id":"w158oeyfyig6u9p"},"id":"h0yss2ldwnayhyc","previousOperationId":"fqeb95qtwfnkitp"}
{"type":"operationEnd","subtype":"render","operationId":"qt084x5q02wwdeg","timestamp":1708454732903,"id":"7k2yz47n42k9oq7","previousEventId":"z0rjy7wkj62ghs3","previousOperationId":"fqeb95qtwfnkitp"}
{"type":"operationEnd","doDiffs":false,"previousEventId":"yetn86orb2jnwu1","previousOperationId":"njk7idpztmw38pv","operationId":"njk7idpztmw38pv","timestamp":1708454732906,"id":"ar3mlhthyi5h5cb"}
