{"type":"operationStart","subtype":"profile","data":{"_id":"M4kv45N5ezHXR32a","timestamp":"2024-02-20T19:18:01.074Z","state":"queued","mode":"standard","creationDate":"2024-02-20T19:18:01.075Z","modificationDate":"2024-02-20T19:18:01.075Z","shortid":"EaubZ8m","$entitySet":"profiles"},"doDiffs":false,"timestamp":1708456681075,"id":"fnfn9yfzfdfmw5s","previousOperationId":null,"operationId":"562wiayi9b1wnpd"}
{"type":"log","level":"info","message":"Render request 64 queued for execution and waiting for available worker","previousOperationId":"562wiayi9b1wnpd","timestamp":1708456681075,"id":"h8jyt8ki6xdxnx5"}
{"type":"operationStart","subtype":"render","name":"TemplateList","previousOperationId":"562wiayi9b1wnpd","timestamp":1708456681080,"id":"niwqf1skjwn27pb","previousEventId":"fnfn9yfzfdfmw5s","operationId":"m76xaj403rbs3pj"}
{"type":"log","timestamp":1708456681080,"level":"info","message":"Starting rendering request 64","meta":{"rootId":"w8hl3h3bxs9zpaw","id":"w8hl3h3bxs9zpaw"},"id":"w562jeqp3v4ev5x","previousOperationId":"m76xaj403rbs3pj"}
{"type":"log","timestamp":1708456681080,"level":"info","message":"Rendering template { name: TemplateList, recipe: chrome-pdf, engine: handlebars, preview: true }","meta":{"rootId":"w8hl3h3bxs9zpaw","id":"w8hl3h3bxs9zpaw"},"id":"x01yrzr35c07ptk","previousOperationId":"m76xaj403rbs3pj"}
{"type":"log","timestamp":1708456681080,"level":"debug","message":"Data item not defined for this template.","meta":{"rootId":"w8hl3h3bxs9zpaw","id":"w8hl3h3bxs9zpaw"},"id":"hndff4smjbo74zm","previousOperationId":"m76xaj403rbs3pj"}
{"type":"log","timestamp":1708456681081,"level":"debug","message":"Executing script list-data (beforeRender)","meta":{"rootId":"w8hl3h3bxs9zpaw","id":"w8hl3h3bxs9zpaw"},"id":"ojhk1hjozavpkgf","previousOperationId":"m76xaj403rbs3pj"}
{"type":"operationStart","subtype":"scriptsBeforeRender","name":"scripts beforeRender","timestamp":1708456681085,"id":"dk45vq5crsmdxnf","previousEventId":"niwqf1skjwn27pb","operationId":"q8cjfetqtrccym2","previousOperationId":"m76xaj403rbs3pj"}
{"type":"operationStart","subtype":"script","name":"scripts list-data","previousOperationId":"q8cjfetqtrccym2","timestamp":1708456681085,"id":"4jeuic2zzmvjfaw","previousEventId":"dk45vq5crsmdxnf","operationId":"jthyddhdvduvham"}
{"type":"log","timestamp":1708456681104,"level":"debug","message":"(console:log) [\n  {\n    list_description: {\n      id: 2,\n      list_name: 'sarshisha',\n      list_current_number: 13,\n      list_limit_number: 0\n    },\n    list_image: {\n      url: 'http://localhost:4000/rails/active_storage/blobs/redirect/eyJfcmFpbHMiOnsiZGF0YSI6MywicHVyIjoiYmxvYl9pZCJ9fQ==--07183cfade35ce6ffe715f60749642919ec61f5d/charcuteria.png'\n    }\n  },\n  {\n    list_description: {\n      id: 3,\n      list_name: 'stjsjshtshn',\n      list_current_number: 4,\n      list_limit_number: 0\n    },\n    list_image: {\n      url: 'http://localhost:4000/rails/active_storage/blobs/redirect/eyJfcmFpbHMiOnsiZGF0YSI6NCwicHVyIjoiYmxvYl9pZCJ9fQ==--023aae65cb60b3f6c6d73a9c76e14c0b0df6ad86/dibujoadrian.jpg'\n    }\n  },\n  {\n    list_description: {\n      id: 1,\n      list_name: 'charcuteria',\n      list_current_number: 1,\n      list_limit_number: 0\n    },\n    list_image: {\n      url: 'http://localhost:4000/rails/active_storage/blobs/redirect/eyJfcmFpbHMiOnsiZGF0YSI6MiwicHVyIjoiYmxvYl9pZCJ9fQ==--ee6d56bf52163135b48a4ba2c22b11a93e94d3b3/charcuteria.png'\n    }\n  }\n]","meta":{"userLevel":true,"rootId":"w8hl3h3bxs9zpaw","id":"w8hl3h3bxs9zpaw"},"id":"54gulx2nlzxotde","previousOperationId":"jthyddhdvduvham"}
{"type":"log","timestamp":1708456681113,"level":"debug","message":"(console:log) [\n  {\n    id: 1,\n    nickname: 'a',\n    is_admin: true,\n    suscriptor: null,\n    created_at: '2024-02-20T16:45:37.609Z',\n    updated_at: '2024-02-20T16:45:37.729Z',\n    email: 'a@a.a',\n    jti: '6a2b57ca-af4b-47a0-8285-477cffafa34b'\n  }\n]","meta":{"userLevel":true,"rootId":"w8hl3h3bxs9zpaw","id":"w8hl3h3bxs9zpaw"},"id":"1x7p8am2rtf8bsz","previousOperationId":"jthyddhdvduvham"}
{"type":"operationEnd","operationId":"jthyddhdvduvham","timestamp":1708456681113,"id":"kk1aw24yf9j4mco","previousEventId":"niwqf1skjwn27pb","previousOperationId":"m76xaj403rbs3pj"}
{"type":"operationEnd","operationId":"q8cjfetqtrccym2","timestamp":1708456681113,"id":"nw3yotrrq8i33l8","previousEventId":"kk1aw24yf9j4mco","previousOperationId":"m76xaj403rbs3pj"}
{"type":"log","timestamp":1708456681113,"level":"debug","message":"Base url not specified, skipping its injection.","meta":{"rootId":"w8hl3h3bxs9zpaw","id":"w8hl3h3bxs9zpaw"},"id":"y8a2i48advbgr8i","previousOperationId":"q8cjfetqtrccym2"}
{"type":"operationStart","subtype":"engine","name":"handlebars","timestamp":1708456681113,"id":"2hlbprq7q4sthsl","previousEventId":"nw3yotrrq8i33l8","operationId":"axx6ohlwtnhuvts","previousOperationId":"q8cjfetqtrccym2"}
{"type":"log","timestamp":1708456681113,"level":"debug","message":"Rendering engine handlebars","meta":{"rootId":"w8hl3h3bxs9zpaw","id":"w8hl3h3bxs9zpaw"},"id":"l4gpx8bje3w7wj5","previousOperationId":"axx6ohlwtnhuvts"}
{"type":"operationEnd","operationId":"axx6ohlwtnhuvts","timestamp":1708456681125,"id":"uluosgso880r5xh","previousEventId":"2hlbprq7q4sthsl","previousOperationId":"axx6ohlwtnhuvts"}
{"type":"operationStart","subtype":"recipe","name":"chrome-pdf","timestamp":1708456681125,"id":"dr2g6rqlcde5sae","previousEventId":"uluosgso880r5xh","operationId":"ab550zu4c92n4lx","previousOperationId":"axx6ohlwtnhuvts"}
{"type":"log","timestamp":1708456681125,"level":"debug","message":"Executing recipe chrome-pdf","meta":{"rootId":"w8hl3h3bxs9zpaw","id":"w8hl3h3bxs9zpaw"},"id":"hrkcohjc06kvx00","previousOperationId":"ab550zu4c92n4lx"}
{"type":"log","timestamp":1708456681127,"level":"debug","message":"Converting with chrome HeadlessChrome/117.0.5938.149 using chrome-pool strategy","meta":{"rootId":"w8hl3h3bxs9zpaw","id":"w8hl3h3bxs9zpaw"},"id":"osyzedmct50723q","previousOperationId":"ab550zu4c92n4lx"}
{"type":"log","timestamp":1708456681159,"level":"debug","message":"Page request: GET (document) file:///tmp/jsreport/autocleanup/563bc7f5-9700-4ea2-8105-b8cc9b2580fa-chrome-pdf.html","meta":{"rootId":"w8hl3h3bxs9zpaw","id":"w8hl3h3bxs9zpaw"},"id":"offikm2jkkufb3d","previousOperationId":"ab550zu4c92n4lx"}
{"type":"log","timestamp":1708456681167,"level":"debug","message":"Page request: GET (stylesheet) https://cdn.jsdelivr.net/chartist.js/latest/chartist.min.css","meta":{"rootId":"w8hl3h3bxs9zpaw","id":"w8hl3h3bxs9zpaw"},"id":"iwbuxyysxc1b5kg","previousOperationId":"ab550zu4c92n4lx"}
{"type":"log","timestamp":1708456681167,"level":"debug","message":"Page request: GET (script) https://cdn.jsdelivr.net/chartist.js/latest/chartist.min.js","meta":{"rootId":"w8hl3h3bxs9zpaw","id":"w8hl3h3bxs9zpaw"},"id":"p180ojmrro29w9a","previousOperationId":"ab550zu4c92n4lx"}
{"type":"log","timestamp":1708456681167,"level":"debug","message":"Page request finished: GET (document) 200 file:///tmp/jsreport/autocleanup/563bc7f5-9700-4ea2-8105-b8cc9b2580fa-chrome-pdf.html","meta":{"rootId":"w8hl3h3bxs9zpaw","id":"w8hl3h3bxs9zpaw"},"id":"argiothnthatkuv","previousOperationId":"ab550zu4c92n4lx"}
{"type":"log","timestamp":1708456681169,"level":"debug","message":"Page request finished: GET (stylesheet) 200 https://cdn.jsdelivr.net/chartist.js/latest/chartist.min.css","meta":{"rootId":"w8hl3h3bxs9zpaw","id":"w8hl3h3bxs9zpaw"},"id":"gnkypura9q90qx6","previousOperationId":"ab550zu4c92n4lx"}
{"type":"log","timestamp":1708456681170,"level":"debug","message":"Page request finished: GET (script) 200 https://cdn.jsdelivr.net/chartist.js/latest/chartist.min.js","meta":{"rootId":"w8hl3h3bxs9zpaw","id":"w8hl3h3bxs9zpaw"},"id":"0718ma8f9erjkwu","previousOperationId":"ab550zu4c92n4lx"}
{"type":"log","timestamp":1708456681179,"level":"debug","message":"Running chrome with params {\"printBackground\":true,\"timeout\":59948,\"margin\":{}}","meta":{"rootId":"w8hl3h3bxs9zpaw","id":"w8hl3h3bxs9zpaw"},"id":"o455uwrijeg4t28","previousOperationId":"ab550zu4c92n4lx"}
{"type":"operationEnd","operationId":"ab550zu4c92n4lx","timestamp":1708456681193,"id":"ps693pd78nz11g9","previousEventId":"dr2g6rqlcde5sae","previousOperationId":"ab550zu4c92n4lx"}
{"type":"log","timestamp":1708456681193,"level":"debug","message":"Skipping storing report.","meta":{"rootId":"w8hl3h3bxs9zpaw","id":"w8hl3h3bxs9zpaw"},"id":"yrmka79tnc2eol3","previousOperationId":"ab550zu4c92n4lx"}
{"type":"log","timestamp":1708456681193,"level":"info","message":"Rendering request 64 finished in 119 ms","meta":{"rootId":"w8hl3h3bxs9zpaw","id":"w8hl3h3bxs9zpaw"},"id":"bqa9mr0sj3wn5g0","previousOperationId":"ab550zu4c92n4lx"}
{"type":"operationEnd","subtype":"render","operationId":"m76xaj403rbs3pj","timestamp":1708456681193,"id":"9fl5h13tlsvwn56","previousEventId":"ps693pd78nz11g9","previousOperationId":"ab550zu4c92n4lx"}
{"type":"operationEnd","doDiffs":false,"previousEventId":"fnfn9yfzfdfmw5s","previousOperationId":"562wiayi9b1wnpd","operationId":"562wiayi9b1wnpd","timestamp":1708456681200,"id":"mrgs8gaf4b7a6on"}
