{"type":"operationStart","subtype":"profile","data":{"_id":"MBuVQqSfxmA3KLru","timestamp":"2024-02-20T18:24:19.375Z","state":"queued","mode":"standard","creationDate":"2024-02-20T18:24:19.375Z","modificationDate":"2024-02-20T18:24:19.375Z","shortid":"w6ZAoKZ","$entitySet":"profiles"},"doDiffs":false,"timestamp":1708453459375,"id":"cb9ks2474ochynz","previousOperationId":null,"operationId":"xhk35mb125bqj93"}
{"type":"log","level":"info","message":"Render request 24 queued for execution and waiting for available worker","previousOperationId":"xhk35mb125bqj93","timestamp":1708453459375,"id":"imxhnif47lay9oe"}
{"type":"operationStart","subtype":"render","name":"TemplateList","previousOperationId":"xhk35mb125bqj93","timestamp":1708453459379,"id":"o922nc5wj4d85fb","previousEventId":"cb9ks2474ochynz","operationId":"brdak1cp89d98hs"}
{"type":"log","timestamp":1708453459379,"level":"info","message":"Starting rendering request 24","meta":{"rootId":"w9h0ky0xh37s1ri","id":"w9h0ky0xh37s1ri"},"id":"2st3b9eo2f8d1j3","previousOperationId":"brdak1cp89d98hs"}
{"type":"log","timestamp":1708453459379,"level":"info","message":"Rendering template { name: TemplateList, recipe: chrome-pdf, engine: handlebars, preview: true }","meta":{"rootId":"w9h0ky0xh37s1ri","id":"w9h0ky0xh37s1ri"},"id":"bw9bles5nvzzb1e","previousOperationId":"brdak1cp89d98hs"}
{"type":"log","timestamp":1708453459379,"level":"debug","message":"Data item not defined for this template.","meta":{"rootId":"w9h0ky0xh37s1ri","id":"w9h0ky0xh37s1ri"},"id":"302c5lrqw6qw1xr","previousOperationId":"brdak1cp89d98hs"}
{"type":"log","timestamp":1708453459380,"level":"debug","message":"Executing script list-data (beforeRender)","meta":{"rootId":"w9h0ky0xh37s1ri","id":"w9h0ky0xh37s1ri"},"id":"h5pwdeusqscpxcf","previousOperationId":"brdak1cp89d98hs"}
{"type":"operationStart","subtype":"scriptsBeforeRender","name":"scripts beforeRender","timestamp":1708453459384,"id":"o554pvee78m9498","previousEventId":"o922nc5wj4d85fb","operationId":"2igxmo9h0qltfea","previousOperationId":"brdak1cp89d98hs"}
{"type":"operationStart","subtype":"script","name":"scripts list-data","previousOperationId":"2igxmo9h0qltfea","timestamp":1708453459385,"id":"3efkcenyya8k0bz","previousEventId":"o554pvee78m9498","operationId":"c4ft59jlxsg3jac"}
{"type":"log","timestamp":1708453459430,"level":"debug","message":"(console:log) [\n  {\n    list_description: {\n      id: 1,\n      list_name: 'charcuteria',\n      list_current_number: 0,\n      list_limit_number: 0\n    },\n    list_image: {\n      url: 'http://localhost:4000/rails/active_storage/blobs/redirect/eyJfcmFpbHMiOnsiZGF0YSI6MiwicHVyIjoiYmxvYl9pZCJ9fQ==--ee6d56bf52163135b48a4ba2c22b11a93e94d3b3/charcuteria.png'\n    }\n  },\n  {\n    list_description: {\n      id: 2,\n      list_name: 'sarshisha',\n      list_current_number: 0,\n      list_limit_number: 0\n    },\n    list_image: {\n      url: 'http://localhost:4000/rails/active_storage/blobs/redirect/eyJfcmFpbHMiOnsiZGF0YSI6MywicHVyIjoiYmxvYl9pZCJ9fQ==--07183cfade35ce6ffe715f60749642919ec61f5d/charcuteria.png'\n    }\n  },\n  {\n    list_description: {\n      id: 3,\n      list_name: 'stjsjshtshn',\n      list_current_number: 0,\n      list_limit_number: 0\n    },\n    list_image: {\n      url: 'http://localhost:4000/rails/active_storage/blobs/redirect/eyJfcmFpbHMiOnsiZGF0YSI6NCwicHVyIjoiYmxvYl9pZCJ9fQ==--023aae65cb60b3f6c6d73a9c76e14c0b0df6ad86/dibujoadrian.jpg'\n    }\n  }\n]","meta":{"userLevel":true,"rootId":"w9h0ky0xh37s1ri","id":"w9h0ky0xh37s1ri"},"id":"vhtli6jg0pqyjc5","previousOperationId":"c4ft59jlxsg3jac"}
{"type":"log","timestamp":1708453459438,"level":"debug","message":"(console:log) [\n  {\n    id: 1,\n    nickname: 'a',\n    is_admin: true,\n    suscriptor: null,\n    created_at: '2024-02-20T16:45:37.609Z',\n    updated_at: '2024-02-20T16:45:37.729Z',\n    email: 'a@a.a',\n    jti: '6a2b57ca-af4b-47a0-8285-477cffafa34b'\n  }\n]","meta":{"userLevel":true,"rootId":"w9h0ky0xh37s1ri","id":"w9h0ky0xh37s1ri"},"id":"ts3dt5aus0rv0gn","previousOperationId":"c4ft59jlxsg3jac"}
{"type":"operationEnd","operationId":"c4ft59jlxsg3jac","timestamp":1708453459438,"id":"2auk3vj40c9f83e","previousEventId":"o922nc5wj4d85fb","previousOperationId":"brdak1cp89d98hs"}
{"type":"operationEnd","operationId":"2igxmo9h0qltfea","timestamp":1708453459438,"id":"9bw6bmlmro1wvi9","previousEventId":"2auk3vj40c9f83e","previousOperationId":"brdak1cp89d98hs"}
{"type":"log","timestamp":1708453459438,"level":"debug","message":"Base url not specified, skipping its injection.","meta":{"rootId":"w9h0ky0xh37s1ri","id":"w9h0ky0xh37s1ri"},"id":"r1vyuefo3yjlz5y","previousOperationId":"2igxmo9h0qltfea"}
{"type":"operationStart","subtype":"engine","name":"handlebars","timestamp":1708453459439,"id":"n2vqmc4jrciw9ur","previousEventId":"9bw6bmlmro1wvi9","operationId":"0blj0oahay880cz","previousOperationId":"2igxmo9h0qltfea"}
{"type":"log","timestamp":1708453459439,"level":"debug","message":"Rendering engine handlebars","meta":{"rootId":"w9h0ky0xh37s1ri","id":"w9h0ky0xh37s1ri"},"id":"bwd8xpbhbrw8biv","previousOperationId":"0blj0oahay880cz"}
{"type":"operationEnd","operationId":"0blj0oahay880cz","timestamp":1708453459451,"id":"yngb34a0j90qvp1","previousEventId":"n2vqmc4jrciw9ur","previousOperationId":"0blj0oahay880cz"}
{"type":"operationStart","subtype":"recipe","name":"chrome-pdf","timestamp":1708453459451,"id":"vfziwdonrebzcli","previousEventId":"yngb34a0j90qvp1","operationId":"dm5vp4fppr7ubl9","previousOperationId":"0blj0oahay880cz"}
{"type":"log","timestamp":1708453459451,"level":"debug","message":"Executing recipe chrome-pdf","meta":{"rootId":"w9h0ky0xh37s1ri","id":"w9h0ky0xh37s1ri"},"id":"o29s2w9bcsshdrf","previousOperationId":"dm5vp4fppr7ubl9"}
{"type":"log","timestamp":1708453459452,"level":"debug","message":"Converting with chrome HeadlessChrome/117.0.5938.149 using chrome-pool strategy","meta":{"rootId":"w9h0ky0xh37s1ri","id":"w9h0ky0xh37s1ri"},"id":"8qv6putti0y71av","previousOperationId":"dm5vp4fppr7ubl9"}
{"type":"log","timestamp":1708453459489,"level":"debug","message":"Page request: GET (document) file:///tmp/jsreport/autocleanup/6245a6cc-1818-4b74-9284-99efbf8a8316-chrome-pdf.html","meta":{"rootId":"w9h0ky0xh37s1ri","id":"w9h0ky0xh37s1ri"},"id":"imythwq0jajy4ou","previousOperationId":"dm5vp4fppr7ubl9"}
{"type":"log","timestamp":1708453459498,"level":"debug","message":"Page request: GET (stylesheet) https://cdn.jsdelivr.net/chartist.js/latest/chartist.min.css","meta":{"rootId":"w9h0ky0xh37s1ri","id":"w9h0ky0xh37s1ri"},"id":"vajesd0xsldyq5y","previousOperationId":"dm5vp4fppr7ubl9"}
{"type":"log","timestamp":1708453459498,"level":"debug","message":"Page request: GET (script) https://cdn.jsdelivr.net/chartist.js/latest/chartist.min.js","meta":{"rootId":"w9h0ky0xh37s1ri","id":"w9h0ky0xh37s1ri"},"id":"zd8b0j3liocqmd5","previousOperationId":"dm5vp4fppr7ubl9"}
{"type":"log","timestamp":1708453459499,"level":"debug","message":"Page request: GET (script) https://code.jquery.com/jquery-3.6.0.min.js","meta":{"rootId":"w9h0ky0xh37s1ri","id":"w9h0ky0xh37s1ri"},"id":"0i0szimlpc4z4is","previousOperationId":"dm5vp4fppr7ubl9"}
{"type":"log","timestamp":1708453459499,"level":"debug","message":"Page request: GET (script) https://cdn.jsdelivr.net/npm/chart.js","meta":{"rootId":"w9h0ky0xh37s1ri","id":"w9h0ky0xh37s1ri"},"id":"faujjhm5qtzsbr2","previousOperationId":"dm5vp4fppr7ubl9"}
{"type":"log","timestamp":1708453459499,"level":"debug","message":"Page request finished: GET (document) 200 file:///tmp/jsreport/autocleanup/6245a6cc-1818-4b74-9284-99efbf8a8316-chrome-pdf.html","meta":{"rootId":"w9h0ky0xh37s1ri","id":"w9h0ky0xh37s1ri"},"id":"0sng8u3vzvqfnwe","previousOperationId":"dm5vp4fppr7ubl9"}
{"type":"log","timestamp":1708453459502,"level":"debug","message":"Page request finished: GET (stylesheet) 200 https://cdn.jsdelivr.net/chartist.js/latest/chartist.min.css","meta":{"rootId":"w9h0ky0xh37s1ri","id":"w9h0ky0xh37s1ri"},"id":"a246en7vclo6a7d","previousOperationId":"dm5vp4fppr7ubl9"}
{"type":"log","timestamp":1708453459503,"level":"debug","message":"Page request finished: GET (script) 200 https://cdn.jsdelivr.net/chartist.js/latest/chartist.min.js","meta":{"rootId":"w9h0ky0xh37s1ri","id":"w9h0ky0xh37s1ri"},"id":"fx4kshx3ac7ra0a","previousOperationId":"dm5vp4fppr7ubl9"}
{"type":"log","timestamp":1708453459505,"level":"debug","message":"Page request finished: GET (script) 200 https://code.jquery.com/jquery-3.6.0.min.js","meta":{"rootId":"w9h0ky0xh37s1ri","id":"w9h0ky0xh37s1ri"},"id":"71fqfcnnol13po2","previousOperationId":"dm5vp4fppr7ubl9"}
{"type":"log","timestamp":1708453459677,"level":"debug","message":"Page request finished: GET (script) 200 https://cdn.jsdelivr.net/npm/chart.js","meta":{"rootId":"w9h0ky0xh37s1ri","id":"w9h0ky0xh37s1ri"},"id":"3zzqtfymv0mpw4d","previousOperationId":"dm5vp4fppr7ubl9"}
{"type":"log","timestamp":1708453459681,"level":"warn","message":"Page error: Unexpected identifier 'Object' , stack: SyntaxError: Unexpected identifier 'Object'","meta":{"rootId":"w9h0ky0xh37s1ri","id":"w9h0ky0xh37s1ri"},"id":"j5lsgezkh3kpu1v","previousOperationId":"dm5vp4fppr7ubl9"}
{"type":"log","timestamp":1708453459723,"level":"debug","message":"Running chrome with params {\"printBackground\":true,\"timeout\":59922,\"margin\":{}}","meta":{"rootId":"w9h0ky0xh37s1ri","id":"w9h0ky0xh37s1ri"},"id":"khm8udo6wp5pkit","previousOperationId":"dm5vp4fppr7ubl9"}
{"type":"operationEnd","operationId":"dm5vp4fppr7ubl9","timestamp":1708453459755,"id":"rj6fgm5ss9xy57x","previousEventId":"vfziwdonrebzcli","previousOperationId":"dm5vp4fppr7ubl9"}
{"type":"log","timestamp":1708453459755,"level":"debug","message":"Skipping storing report.","meta":{"rootId":"w9h0ky0xh37s1ri","id":"w9h0ky0xh37s1ri"},"id":"920y2kltwavqbai","previousOperationId":"dm5vp4fppr7ubl9"}
{"type":"log","timestamp":1708453459755,"level":"info","message":"Rendering request 24 finished in 381 ms","meta":{"rootId":"w9h0ky0xh37s1ri","id":"w9h0ky0xh37s1ri"},"id":"dfwqfqz1acs08fe","previousOperationId":"dm5vp4fppr7ubl9"}
{"type":"operationEnd","subtype":"render","operationId":"brdak1cp89d98hs","timestamp":1708453459755,"id":"lg8q8qihcd3smdb","previousEventId":"rj6fgm5ss9xy57x","previousOperationId":"dm5vp4fppr7ubl9"}
{"type":"operationEnd","doDiffs":false,"previousEventId":"cb9ks2474ochynz","previousOperationId":"xhk35mb125bqj93","operationId":"xhk35mb125bqj93","timestamp":1708453459758,"id":"eg8oohxd6g3u694"}
