{"type":"operationStart","subtype":"profile","data":{"_id":"ozo2Yj7t6mOrVY2c","timestamp":"2024-02-20T18:21:18.376Z","state":"queued","mode":"standard","creationDate":"2024-02-20T18:21:18.380Z","modificationDate":"2024-02-20T18:21:18.380Z","shortid":"g-RmsiV","$entitySet":"profiles"},"doDiffs":false,"timestamp":1708453278378,"id":"1eyz99vtyhxx0qs","previousOperationId":null,"operationId":"tlrezehw4g37zpw"}
{"type":"log","level":"info","message":"Render request 21 queued for execution and waiting for available worker","previousOperationId":"tlrezehw4g37zpw","timestamp":1708453278379,"id":"9mxw0gquuhkfaqu"}
{"type":"operationStart","subtype":"render","name":"TemplateList","previousOperationId":"tlrezehw4g37zpw","timestamp":1708453278387,"id":"svx8mbimxz3aqbh","previousEventId":"1eyz99vtyhxx0qs","operationId":"4kr1gvd5a1vy0ri"}
{"type":"log","timestamp":1708453278387,"level":"info","message":"Starting rendering request 21","meta":{"rootId":"wownn9whj60olnm","id":"wownn9whj60olnm"},"id":"oovv5z75u583ysz","previousOperationId":"4kr1gvd5a1vy0ri"}
{"type":"log","timestamp":1708453278387,"level":"info","message":"Rendering template { name: TemplateList, recipe: chrome-pdf, engine: handlebars, preview: true }","meta":{"rootId":"wownn9whj60olnm","id":"wownn9whj60olnm"},"id":"2oqwxu7wa1byqr2","previousOperationId":"4kr1gvd5a1vy0ri"}
{"type":"log","timestamp":1708453278388,"level":"debug","message":"Data item not defined for this template.","meta":{"rootId":"wownn9whj60olnm","id":"wownn9whj60olnm"},"id":"7hkwk43f7lo71ug","previousOperationId":"4kr1gvd5a1vy0ri"}
{"type":"log","timestamp":1708453278389,"level":"debug","message":"Executing script list-data (beforeRender)","meta":{"rootId":"wownn9whj60olnm","id":"wownn9whj60olnm"},"id":"slbolh3bee3is0k","previousOperationId":"4kr1gvd5a1vy0ri"}
{"type":"operationStart","subtype":"scriptsBeforeRender","name":"scripts beforeRender","timestamp":1708453278393,"id":"zqi7vbeif4oguwi","previousEventId":"svx8mbimxz3aqbh","operationId":"4joqi25s2ot2fim","previousOperationId":"4kr1gvd5a1vy0ri"}
{"type":"operationStart","subtype":"script","name":"scripts list-data","previousOperationId":"4joqi25s2ot2fim","timestamp":1708453278393,"id":"9ne5g17oqd8z4ff","previousEventId":"zqi7vbeif4oguwi","operationId":"9918nk1qnf0twte"}
{"type":"log","timestamp":1708453278412,"level":"debug","message":"(console:log) [\n  {\n    list_description: {\n      id: 1,\n      list_name: 'charcuteria',\n      list_current_number: 0,\n      list_limit_number: 0\n    },\n    list_image: {\n      url: 'http://localhost:4000/rails/active_storage/blobs/redirect/eyJfcmFpbHMiOnsiZGF0YSI6MiwicHVyIjoiYmxvYl9pZCJ9fQ==--ee6d56bf52163135b48a4ba2c22b11a93e94d3b3/charcuteria.png'\n    }\n  },\n  {\n    list_description: {\n      id: 2,\n      list_name: 'sarshisha',\n      list_current_number: 0,\n      list_limit_number: 0\n    },\n    list_image: {\n      url: 'http://localhost:4000/rails/active_storage/blobs/redirect/eyJfcmFpbHMiOnsiZGF0YSI6MywicHVyIjoiYmxvYl9pZCJ9fQ==--07183cfade35ce6ffe715f60749642919ec61f5d/charcuteria.png'\n    }\n  },\n  {\n    list_description: {\n      id: 3,\n      list_name: 'stjsjshtshn',\n      list_current_number: 0,\n      list_limit_number: 0\n    },\n    list_image: {\n      url: 'http://localhost:4000/rails/active_storage/blobs/redirect/eyJfcmFpbHMiOnsiZGF0YSI6NCwicHVyIjoiYmxvYl9pZCJ9fQ==--023aae65cb60b3f6c6d73a9c76e14c0b0df6ad86/dibujoadrian.jpg'\n    }\n  }\n]","meta":{"userLevel":true,"rootId":"wownn9whj60olnm","id":"wownn9whj60olnm"},"id":"no84punsrbce1xt","previousOperationId":"9918nk1qnf0twte"}
{"type":"log","timestamp":1708453278419,"level":"debug","message":"(console:log) [\n  {\n    id: 1,\n    nickname: 'a',\n    is_admin: true,\n    suscriptor: null,\n    created_at: '2024-02-20T16:45:37.609Z',\n    updated_at: '2024-02-20T16:45:37.729Z',\n    email: 'a@a.a',\n    jti: '6a2b57ca-af4b-47a0-8285-477cffafa34b'\n  }\n]","meta":{"userLevel":true,"rootId":"wownn9whj60olnm","id":"wownn9whj60olnm"},"id":"kgakjhezq3on5gu","previousOperationId":"9918nk1qnf0twte"}
{"type":"operationEnd","operationId":"9918nk1qnf0twte","timestamp":1708453278420,"id":"r92g9itboiatscg","previousEventId":"svx8mbimxz3aqbh","previousOperationId":"4kr1gvd5a1vy0ri"}
{"type":"operationEnd","operationId":"4joqi25s2ot2fim","timestamp":1708453278420,"id":"vc3du9trwckgbxk","previousEventId":"r92g9itboiatscg","previousOperationId":"4kr1gvd5a1vy0ri"}
{"type":"log","timestamp":1708453278420,"level":"debug","message":"Base url not specified, skipping its injection.","meta":{"rootId":"wownn9whj60olnm","id":"wownn9whj60olnm"},"id":"sd6c97gx0yop64c","previousOperationId":"4joqi25s2ot2fim"}
{"type":"operationStart","subtype":"engine","name":"handlebars","timestamp":1708453278420,"id":"vx18611t3d7qvjn","previousEventId":"vc3du9trwckgbxk","operationId":"7o1f84m87hxl5fs","previousOperationId":"4joqi25s2ot2fim"}
{"type":"log","timestamp":1708453278420,"level":"debug","message":"Rendering engine handlebars","meta":{"rootId":"wownn9whj60olnm","id":"wownn9whj60olnm"},"id":"xyublm1vcxtaso4","previousOperationId":"7o1f84m87hxl5fs"}
{"type":"operationEnd","operationId":"7o1f84m87hxl5fs","timestamp":1708453278430,"id":"p2uducxsx2og28a","previousEventId":"vx18611t3d7qvjn","previousOperationId":"7o1f84m87hxl5fs"}
{"type":"operationStart","subtype":"recipe","name":"chrome-pdf","timestamp":1708453278430,"id":"60cm4dpgl4nlegx","previousEventId":"p2uducxsx2og28a","operationId":"2alt2of2xif369a","previousOperationId":"7o1f84m87hxl5fs"}
{"type":"log","timestamp":1708453278430,"level":"debug","message":"Executing recipe chrome-pdf","meta":{"rootId":"wownn9whj60olnm","id":"wownn9whj60olnm"},"id":"86851jl2eo2e5j4","previousOperationId":"2alt2of2xif369a"}
{"type":"log","timestamp":1708453278432,"level":"debug","message":"Converting with chrome HeadlessChrome/117.0.5938.149 using chrome-pool strategy","meta":{"rootId":"wownn9whj60olnm","id":"wownn9whj60olnm"},"id":"ssfiua6tok5uquh","previousOperationId":"2alt2of2xif369a"}
{"type":"log","timestamp":1708453278470,"level":"debug","message":"Page request: GET (document) file:///tmp/jsreport/autocleanup/b70cb14e-b715-4afe-a7f1-b28b424803b7-chrome-pdf.html","meta":{"rootId":"wownn9whj60olnm","id":"wownn9whj60olnm"},"id":"o3aiontxsco5n19","previousOperationId":"2alt2of2xif369a"}
{"type":"log","timestamp":1708453278478,"level":"debug","message":"Page request: GET (stylesheet) https://cdn.jsdelivr.net/chartist.js/latest/chartist.min.css","meta":{"rootId":"wownn9whj60olnm","id":"wownn9whj60olnm"},"id":"27bug5mggx8hb18","previousOperationId":"2alt2of2xif369a"}
{"type":"log","timestamp":1708453278478,"level":"debug","message":"Page request: GET (script) https://cdn.jsdelivr.net/chartist.js/latest/chartist.min.js","meta":{"rootId":"wownn9whj60olnm","id":"wownn9whj60olnm"},"id":"v72aiap4vguzp6h","previousOperationId":"2alt2of2xif369a"}
{"type":"log","timestamp":1708453278478,"level":"debug","message":"Page request: GET (script) https://code.jquery.com/jquery-3.6.0.min.js","meta":{"rootId":"wownn9whj60olnm","id":"wownn9whj60olnm"},"id":"1e7tace2hx2srv5","previousOperationId":"2alt2of2xif369a"}
{"type":"log","timestamp":1708453278479,"level":"debug","message":"Page request finished: GET (document) 200 file:///tmp/jsreport/autocleanup/b70cb14e-b715-4afe-a7f1-b28b424803b7-chrome-pdf.html","meta":{"rootId":"wownn9whj60olnm","id":"wownn9whj60olnm"},"id":"jj2mbqr6o79w637","previousOperationId":"2alt2of2xif369a"}
{"type":"log","timestamp":1708453278480,"level":"debug","message":"Page request finished: GET (stylesheet) 200 https://cdn.jsdelivr.net/chartist.js/latest/chartist.min.css","meta":{"rootId":"wownn9whj60olnm","id":"wownn9whj60olnm"},"id":"6fz2nd6kemmp8nd","previousOperationId":"2alt2of2xif369a"}
{"type":"log","timestamp":1708453278481,"level":"debug","message":"Page request finished: GET (script) 200 https://cdn.jsdelivr.net/chartist.js/latest/chartist.min.js","meta":{"rootId":"wownn9whj60olnm","id":"wownn9whj60olnm"},"id":"literwumqvz5tmr","previousOperationId":"2alt2of2xif369a"}
{"type":"log","timestamp":1708453278482,"level":"debug","message":"Page request finished: GET (script) 200 https://code.jquery.com/jquery-3.6.0.min.js","meta":{"rootId":"wownn9whj60olnm","id":"wownn9whj60olnm"},"id":"xr95hskiu97xn5r","previousOperationId":"2alt2of2xif369a"}
{"type":"log","timestamp":1708453278486,"level":"warn","message":"Page error: Unexpected identifier 'Object' , stack: SyntaxError: Unexpected identifier 'Object'","meta":{"rootId":"wownn9whj60olnm","id":"wownn9whj60olnm"},"id":"chopy7xfn2vje44","previousOperationId":"2alt2of2xif369a"}
{"type":"log","timestamp":1708453278491,"level":"debug","message":"Running chrome with params {\"printBackground\":true,\"timeout\":59945,\"margin\":{}}","meta":{"rootId":"wownn9whj60olnm","id":"wownn9whj60olnm"},"id":"3apiq4950zw0ms3","previousOperationId":"2alt2of2xif369a"}
{"type":"operationEnd","operationId":"2alt2of2xif369a","timestamp":1708453278503,"id":"2dmet23tw1x1vnb","previousEventId":"60cm4dpgl4nlegx","previousOperationId":"2alt2of2xif369a"}
{"type":"log","timestamp":1708453278503,"level":"debug","message":"Skipping storing report.","meta":{"rootId":"wownn9whj60olnm","id":"wownn9whj60olnm"},"id":"kdm9p827a2gt38m","previousOperationId":"2alt2of2xif369a"}
{"type":"log","timestamp":1708453278503,"level":"info","message":"Rendering request 21 finished in 127 ms","meta":{"rootId":"wownn9whj60olnm","id":"wownn9whj60olnm"},"id":"yoq3c6gjsp874en","previousOperationId":"2alt2of2xif369a"}
{"type":"operationEnd","subtype":"render","operationId":"4kr1gvd5a1vy0ri","timestamp":1708453278503,"id":"7zg4yki94falcfq","previousEventId":"2dmet23tw1x1vnb","previousOperationId":"2alt2of2xif369a"}
{"type":"operationEnd","doDiffs":false,"previousEventId":"1eyz99vtyhxx0qs","previousOperationId":"tlrezehw4g37zpw","operationId":"tlrezehw4g37zpw","timestamp":1708453278509,"id":"3590kjfvn1ph0cy"}
