{"type":"operationStart","subtype":"profile","data":{"_id":"gI1C5KtWTuw74k1x","timestamp":"2024-02-20T19:11:18.644Z","state":"queued","mode":"standard","creationDate":"2024-02-20T19:11:18.645Z","modificationDate":"2024-02-20T19:11:18.645Z","shortid":"d7rKqbX","$entitySet":"profiles"},"doDiffs":false,"timestamp":1708456278645,"id":"p6we53l0pkfb8wn","previousOperationId":null,"operationId":"28bjw5so5gfq3cm"}
{"type":"log","level":"info","message":"Render request 52 queued for execution and waiting for available worker","previousOperationId":"28bjw5so5gfq3cm","timestamp":1708456278645,"id":"96btniqos9qv1f4"}
{"type":"operationStart","subtype":"render","name":"TemplateList","previousOperationId":"28bjw5so5gfq3cm","timestamp":1708456278650,"id":"fasxdwwxbc0jj6s","previousEventId":"p6we53l0pkfb8wn","operationId":"6bpwrfazfk6togr"}
{"type":"log","timestamp":1708456278650,"level":"info","message":"Starting rendering request 52","meta":{"rootId":"wpz72ar12qz6ri4","id":"wpz72ar12qz6ri4"},"id":"1h2simmmgwmxme8","previousOperationId":"6bpwrfazfk6togr"}
{"type":"log","timestamp":1708456278650,"level":"info","message":"Rendering template { name: TemplateList, recipe: chrome-pdf, engine: handlebars, preview: true }","meta":{"rootId":"wpz72ar12qz6ri4","id":"wpz72ar12qz6ri4"},"id":"88wz3de18hxt04o","previousOperationId":"6bpwrfazfk6togr"}
{"type":"log","timestamp":1708456278651,"level":"debug","message":"Data item not defined for this template.","meta":{"rootId":"wpz72ar12qz6ri4","id":"wpz72ar12qz6ri4"},"id":"ro0apno71iozzzt","previousOperationId":"6bpwrfazfk6togr"}
{"type":"log","timestamp":1708456278652,"level":"debug","message":"Executing script list-data (beforeRender)","meta":{"rootId":"wpz72ar12qz6ri4","id":"wpz72ar12qz6ri4"},"id":"osmmhj1ske52o85","previousOperationId":"6bpwrfazfk6togr"}
{"type":"operationStart","subtype":"scriptsBeforeRender","name":"scripts beforeRender","timestamp":1708456278656,"id":"9v9izuteob3f7ov","previousEventId":"fasxdwwxbc0jj6s","operationId":"jyfak9xyn27e17k","previousOperationId":"6bpwrfazfk6togr"}
{"type":"operationStart","subtype":"script","name":"scripts list-data","previousOperationId":"jyfak9xyn27e17k","timestamp":1708456278656,"id":"apvklau4i691xj9","previousEventId":"9v9izuteob3f7ov","operationId":"rx492nnp7d1r1kb"}
{"type":"log","timestamp":1708456278681,"level":"debug","message":"(console:log) [\n  {\n    list_description: {\n      id: 2,\n      list_name: 'sarshisha',\n      list_current_number: 13,\n      list_limit_number: 0\n    },\n    list_image: {\n      url: 'http://localhost:4000/rails/active_storage/blobs/redirect/eyJfcmFpbHMiOnsiZGF0YSI6MywicHVyIjoiYmxvYl9pZCJ9fQ==--07183cfade35ce6ffe715f60749642919ec61f5d/charcuteria.png'\n    }\n  },\n  {\n    list_description: {\n      id: 3,\n      list_name: 'stjsjshtshn',\n      list_current_number: 4,\n      list_limit_number: 0\n    },\n    list_image: {\n      url: 'http://localhost:4000/rails/active_storage/blobs/redirect/eyJfcmFpbHMiOnsiZGF0YSI6NCwicHVyIjoiYmxvYl9pZCJ9fQ==--023aae65cb60b3f6c6d73a9c76e14c0b0df6ad86/dibujoadrian.jpg'\n    }\n  },\n  {\n    list_description: {\n      id: 1,\n      list_name: 'charcuteria',\n      list_current_number: 1,\n      list_limit_number: 0\n    },\n    list_image: {\n      url: 'http://localhost:4000/rails/active_storage/blobs/redirect/eyJfcmFpbHMiOnsiZGF0YSI6MiwicHVyIjoiYmxvYl9pZCJ9fQ==--ee6d56bf52163135b48a4ba2c22b11a93e94d3b3/charcuteria.png'\n    }\n  }\n]","meta":{"userLevel":true,"rootId":"wpz72ar12qz6ri4","id":"wpz72ar12qz6ri4"},"id":"0i28lfnmpalqrqq","previousOperationId":"rx492nnp7d1r1kb"}
{"type":"log","timestamp":1708456278692,"level":"debug","message":"(console:log) [\n  {\n    id: 1,\n    nickname: 'a',\n    is_admin: true,\n    suscriptor: null,\n    created_at: '2024-02-20T16:45:37.609Z',\n    updated_at: '2024-02-20T16:45:37.729Z',\n    email: 'a@a.a',\n    jti: '6a2b57ca-af4b-47a0-8285-477cffafa34b'\n  }\n]","meta":{"userLevel":true,"rootId":"wpz72ar12qz6ri4","id":"wpz72ar12qz6ri4"},"id":"auncpy0i4ptihoe","previousOperationId":"rx492nnp7d1r1kb"}
{"type":"operationEnd","operationId":"rx492nnp7d1r1kb","timestamp":1708456278692,"id":"wdtb06tnwrmefml","previousEventId":"fasxdwwxbc0jj6s","previousOperationId":"6bpwrfazfk6togr"}
{"type":"operationEnd","operationId":"jyfak9xyn27e17k","timestamp":1708456278692,"id":"fd8scrgyi9au4zo","previousEventId":"wdtb06tnwrmefml","previousOperationId":"6bpwrfazfk6togr"}
{"type":"log","timestamp":1708456278692,"level":"debug","message":"Base url not specified, skipping its injection.","meta":{"rootId":"wpz72ar12qz6ri4","id":"wpz72ar12qz6ri4"},"id":"87ee9r2yuce9tk6","previousOperationId":"jyfak9xyn27e17k"}
{"type":"operationStart","subtype":"engine","name":"handlebars","timestamp":1708456278692,"id":"kmxovl0ymthu63e","previousEventId":"fd8scrgyi9au4zo","operationId":"4kvzyfazna7r01g","previousOperationId":"jyfak9xyn27e17k"}
{"type":"log","timestamp":1708456278692,"level":"debug","message":"Rendering engine handlebars","meta":{"rootId":"wpz72ar12qz6ri4","id":"wpz72ar12qz6ri4"},"id":"rcveqs86tnx1dzh","previousOperationId":"4kvzyfazna7r01g"}
{"type":"operationEnd","operationId":"4kvzyfazna7r01g","timestamp":1708456278706,"id":"ucajenetz9c68ng","previousEventId":"kmxovl0ymthu63e","previousOperationId":"4kvzyfazna7r01g"}
{"type":"operationStart","subtype":"recipe","name":"chrome-pdf","timestamp":1708456278706,"id":"0e8bqeie2x6apb1","previousEventId":"ucajenetz9c68ng","operationId":"59roh6eo7sysizq","previousOperationId":"4kvzyfazna7r01g"}
{"type":"log","timestamp":1708456278706,"level":"debug","message":"Executing recipe chrome-pdf","meta":{"rootId":"wpz72ar12qz6ri4","id":"wpz72ar12qz6ri4"},"id":"bdmhatns76gh4xc","previousOperationId":"59roh6eo7sysizq"}
{"type":"log","timestamp":1708456278708,"level":"debug","message":"Converting with chrome HeadlessChrome/117.0.5938.149 using chrome-pool strategy","meta":{"rootId":"wpz72ar12qz6ri4","id":"wpz72ar12qz6ri4"},"id":"w27y9pk3r1aodcx","previousOperationId":"59roh6eo7sysizq"}
{"type":"log","timestamp":1708456278753,"level":"debug","message":"Page request: GET (document) file:///tmp/jsreport/autocleanup/f411ad9b-cd26-4c73-b753-a8916c205be1-chrome-pdf.html","meta":{"rootId":"wpz72ar12qz6ri4","id":"wpz72ar12qz6ri4"},"id":"ghaylqrwb9d5tl6","previousOperationId":"59roh6eo7sysizq"}
{"type":"log","timestamp":1708456278763,"level":"debug","message":"Page request: GET (stylesheet) https://cdn.jsdelivr.net/chartist.js/latest/chartist.min.css","meta":{"rootId":"wpz72ar12qz6ri4","id":"wpz72ar12qz6ri4"},"id":"khh1hedc9rx0j9h","previousOperationId":"59roh6eo7sysizq"}
{"type":"log","timestamp":1708456278764,"level":"debug","message":"Page request: GET (script) https://cdn.jsdelivr.net/chartist.js/latest/chartist.min.js","meta":{"rootId":"wpz72ar12qz6ri4","id":"wpz72ar12qz6ri4"},"id":"wzgj56vuinecxp2","previousOperationId":"59roh6eo7sysizq"}
{"type":"log","timestamp":1708456278764,"level":"debug","message":"Page request: GET (script) https://code.jquery.com/jquery-3.6.0.min.js","meta":{"rootId":"wpz72ar12qz6ri4","id":"wpz72ar12qz6ri4"},"id":"va8nb39spff218h","previousOperationId":"59roh6eo7sysizq"}
{"type":"log","timestamp":1708456278764,"level":"debug","message":"Page request: GET (script) https://cdn.jsdelivr.net/npm/chart.js","meta":{"rootId":"wpz72ar12qz6ri4","id":"wpz72ar12qz6ri4"},"id":"h7likj04fa8lvt9","previousOperationId":"59roh6eo7sysizq"}
{"type":"log","timestamp":1708456278765,"level":"debug","message":"Page request finished: GET (document) 200 file:///tmp/jsreport/autocleanup/f411ad9b-cd26-4c73-b753-a8916c205be1-chrome-pdf.html","meta":{"rootId":"wpz72ar12qz6ri4","id":"wpz72ar12qz6ri4"},"id":"g62nvmv97m2xav8","previousOperationId":"59roh6eo7sysizq"}
{"type":"log","timestamp":1708456278767,"level":"debug","message":"Page request finished: GET (stylesheet) 200 https://cdn.jsdelivr.net/chartist.js/latest/chartist.min.css","meta":{"rootId":"wpz72ar12qz6ri4","id":"wpz72ar12qz6ri4"},"id":"c967y4606az5il0","previousOperationId":"59roh6eo7sysizq"}
{"type":"log","timestamp":1708456278770,"level":"debug","message":"Page request finished: GET (script) 200 https://cdn.jsdelivr.net/chartist.js/latest/chartist.min.js","meta":{"rootId":"wpz72ar12qz6ri4","id":"wpz72ar12qz6ri4"},"id":"yq5m03rowthtrcc","previousOperationId":"59roh6eo7sysizq"}
{"type":"log","timestamp":1708456278772,"level":"debug","message":"Page request finished: GET (script) 200 https://code.jquery.com/jquery-3.6.0.min.js","meta":{"rootId":"wpz72ar12qz6ri4","id":"wpz72ar12qz6ri4"},"id":"hlq88q0x7t6bnvi","previousOperationId":"59roh6eo7sysizq"}
{"type":"log","timestamp":1708456278785,"level":"debug","message":"Page request finished: GET (script) 200 https://cdn.jsdelivr.net/npm/chart.js","meta":{"rootId":"wpz72ar12qz6ri4","id":"wpz72ar12qz6ri4"},"id":"hd18biopoq3ggfm","previousOperationId":"59roh6eo7sysizq"}
{"type":"log","timestamp":1708456278843,"level":"debug","message":"Running chrome with params {\"printBackground\":true,\"timeout\":59937,\"margin\":{}}","meta":{"rootId":"wpz72ar12qz6ri4","id":"wpz72ar12qz6ri4"},"id":"qbnm8dpckhfm8l7","previousOperationId":"59roh6eo7sysizq"}
{"type":"operationEnd","operationId":"59roh6eo7sysizq","timestamp":1708456278868,"id":"z05nzpaq3n107hi","previousEventId":"0e8bqeie2x6apb1","previousOperationId":"59roh6eo7sysizq"}
{"type":"log","timestamp":1708456278868,"level":"debug","message":"Skipping storing report.","meta":{"rootId":"wpz72ar12qz6ri4","id":"wpz72ar12qz6ri4"},"id":"d0gf7l220c206hs","previousOperationId":"59roh6eo7sysizq"}
{"type":"log","timestamp":1708456278868,"level":"info","message":"Rendering request 52 finished in 224 ms","meta":{"rootId":"wpz72ar12qz6ri4","id":"wpz72ar12qz6ri4"},"id":"dt5rgzz0hwcxxl8","previousOperationId":"59roh6eo7sysizq"}
{"type":"operationEnd","subtype":"render","operationId":"6bpwrfazfk6togr","timestamp":1708456278868,"id":"fjnjcmesltxh1sh","previousEventId":"z05nzpaq3n107hi","previousOperationId":"59roh6eo7sysizq"}
{"type":"operationEnd","doDiffs":false,"previousEventId":"p6we53l0pkfb8wn","previousOperationId":"28bjw5so5gfq3cm","operationId":"28bjw5so5gfq3cm","timestamp":1708456278871,"id":"pyvenux8ex9u9k7"}
