{"type":"operationStart","subtype":"profile","data":{"_id":"BoON6la8s4ZAB4ft","timestamp":"2024-02-20T18:41:01.565Z","state":"queued","mode":"standard","creationDate":"2024-02-20T18:41:01.565Z","modificationDate":"2024-02-20T18:41:01.565Z","shortid":"2P1TlRk","$entitySet":"profiles"},"doDiffs":false,"timestamp":1708454461565,"id":"ejyl5oag3ya9rsy","previousOperationId":null,"operationId":"5xtznbvff8fs7mx"}
{"type":"log","level":"info","message":"Render request 7 queued for execution and waiting for available worker","previousOperationId":"5xtznbvff8fs7mx","timestamp":1708454461565,"id":"iaglq5tw3yynqcq"}
{"type":"operationStart","subtype":"render","name":"TemplateList","previousOperationId":"5xtznbvff8fs7mx","timestamp":1708454461571,"id":"gcn44phd66p4bkk","previousEventId":"ejyl5oag3ya9rsy","operationId":"dct8br5b6qzmnvk"}
{"type":"log","timestamp":1708454461571,"level":"info","message":"Starting rendering request 7","meta":{"rootId":"x1de42cv99whnzy","id":"x1de42cv99whnzy"},"id":"tvw14z11gttf4kp","previousOperationId":"dct8br5b6qzmnvk"}
{"type":"log","timestamp":1708454461571,"level":"info","message":"Rendering template { name: TemplateList, recipe: chrome-pdf, engine: handlebars, preview: true }","meta":{"rootId":"x1de42cv99whnzy","id":"x1de42cv99whnzy"},"id":"dnafhhvk2rc67rs","previousOperationId":"dct8br5b6qzmnvk"}
{"type":"log","timestamp":1708454461571,"level":"debug","message":"Data item not defined for this template.","meta":{"rootId":"x1de42cv99whnzy","id":"x1de42cv99whnzy"},"id":"txbvs9u3jfnhq9i","previousOperationId":"dct8br5b6qzmnvk"}
{"type":"log","timestamp":1708454461573,"level":"debug","message":"Executing script list-data (beforeRender)","meta":{"rootId":"x1de42cv99whnzy","id":"x1de42cv99whnzy"},"id":"zh75i7zhchi85s2","previousOperationId":"dct8br5b6qzmnvk"}
{"type":"operationStart","subtype":"scriptsBeforeRender","name":"scripts beforeRender","timestamp":1708454461579,"id":"g1nqkbis5r5mhni","previousEventId":"gcn44phd66p4bkk","operationId":"mdodbkrfc4mpno3","previousOperationId":"dct8br5b6qzmnvk"}
{"type":"operationStart","subtype":"script","name":"scripts list-data","previousOperationId":"mdodbkrfc4mpno3","timestamp":1708454461579,"id":"rrvz9p4yx9b67qf","previousEventId":"g1nqkbis5r5mhni","operationId":"7ly38g42a5mygwt"}
{"type":"log","timestamp":1708454461600,"level":"debug","message":"(console:log) [\n  {\n    list_description: {\n      id: 3,\n      list_name: 'stjsjshtshn',\n      list_current_number: 0,\n      list_limit_number: 0\n    },\n    list_image: {\n      url: 'http://localhost:4000/rails/active_storage/blobs/redirect/eyJfcmFpbHMiOnsiZGF0YSI6NCwicHVyIjoiYmxvYl9pZCJ9fQ==--023aae65cb60b3f6c6d73a9c76e14c0b0df6ad86/dibujoadrian.jpg'\n    }\n  },\n  {\n    list_description: {\n      id: 1,\n      list_name: 'charcuteria',\n      list_current_number: 0,\n      list_limit_number: 0\n    },\n    list_image: {\n      url: 'http://localhost:4000/rails/active_storage/blobs/redirect/eyJfcmFpbHMiOnsiZGF0YSI6MiwicHVyIjoiYmxvYl9pZCJ9fQ==--ee6d56bf52163135b48a4ba2c22b11a93e94d3b3/charcuteria.png'\n    }\n  },\n  {\n    list_description: {\n      id: 2,\n      list_name: 'sarshisha',\n      list_current_number: 13,\n      list_limit_number: 0\n    },\n    list_image: {\n      url: 'http://localhost:4000/rails/active_storage/blobs/redirect/eyJfcmFpbHMiOnsiZGF0YSI6MywicHVyIjoiYmxvYl9pZCJ9fQ==--07183cfade35ce6ffe715f60749642919ec61f5d/charcuteria.png'\n    }\n  }\n]","meta":{"userLevel":true,"rootId":"x1de42cv99whnzy","id":"x1de42cv99whnzy"},"id":"1h1rzp5y6z70yad","previousOperationId":"7ly38g42a5mygwt"}
{"type":"log","timestamp":1708454461610,"level":"debug","message":"(console:log) [\n  {\n    id: 1,\n    nickname: 'a',\n    is_admin: true,\n    suscriptor: null,\n    created_at: '2024-02-20T16:45:37.609Z',\n    updated_at: '2024-02-20T16:45:37.729Z',\n    email: 'a@a.a',\n    jti: '6a2b57ca-af4b-47a0-8285-477cffafa34b'\n  }\n]","meta":{"userLevel":true,"rootId":"x1de42cv99whnzy","id":"x1de42cv99whnzy"},"id":"1wt65tky582lldf","previousOperationId":"7ly38g42a5mygwt"}
{"type":"operationEnd","operationId":"7ly38g42a5mygwt","timestamp":1708454461610,"id":"xdli83zjg6v28sx","previousEventId":"gcn44phd66p4bkk","previousOperationId":"dct8br5b6qzmnvk"}
{"type":"operationEnd","operationId":"mdodbkrfc4mpno3","timestamp":1708454461610,"id":"ybuashf531f2yqc","previousEventId":"xdli83zjg6v28sx","previousOperationId":"dct8br5b6qzmnvk"}
{"type":"log","timestamp":1708454461610,"level":"debug","message":"Base url not specified, skipping its injection.","meta":{"rootId":"x1de42cv99whnzy","id":"x1de42cv99whnzy"},"id":"2pirzcay9sy6qyq","previousOperationId":"mdodbkrfc4mpno3"}
{"type":"operationStart","subtype":"engine","name":"handlebars","timestamp":1708454461610,"id":"dj18pvm0g0gh5vy","previousEventId":"ybuashf531f2yqc","operationId":"lqpcqh1b4ptpy8z","previousOperationId":"mdodbkrfc4mpno3"}
{"type":"log","timestamp":1708454461610,"level":"debug","message":"Rendering engine handlebars","meta":{"rootId":"x1de42cv99whnzy","id":"x1de42cv99whnzy"},"id":"yqz2jylqxqo6u1z","previousOperationId":"lqpcqh1b4ptpy8z"}
{"type":"operationEnd","operationId":"lqpcqh1b4ptpy8z","timestamp":1708454461622,"id":"x0j09wp7tnr2utk","previousEventId":"dj18pvm0g0gh5vy","previousOperationId":"lqpcqh1b4ptpy8z"}
{"type":"operationStart","subtype":"recipe","name":"chrome-pdf","timestamp":1708454461622,"id":"3wz5601vscvgxz7","previousEventId":"x0j09wp7tnr2utk","operationId":"on15vwjybd7oua0","previousOperationId":"lqpcqh1b4ptpy8z"}
{"type":"log","timestamp":1708454461622,"level":"debug","message":"Executing recipe chrome-pdf","meta":{"rootId":"x1de42cv99whnzy","id":"x1de42cv99whnzy"},"id":"akx9kjmndxrz31k","previousOperationId":"on15vwjybd7oua0"}
{"type":"log","timestamp":1708454461624,"level":"debug","message":"Converting with chrome HeadlessChrome/117.0.5938.149 using chrome-pool strategy","meta":{"rootId":"x1de42cv99whnzy","id":"x1de42cv99whnzy"},"id":"uivlka2tb7v2vvb","previousOperationId":"on15vwjybd7oua0"}
{"type":"log","timestamp":1708454461659,"level":"debug","message":"Page request: GET (document) file:///tmp/jsreport/autocleanup/7b2a8f50-64b8-4385-854e-cc4a34a900f9-chrome-pdf.html","meta":{"rootId":"x1de42cv99whnzy","id":"x1de42cv99whnzy"},"id":"zr79x2mebvbduir","previousOperationId":"on15vwjybd7oua0"}
{"type":"log","timestamp":1708454461666,"level":"debug","message":"Page request: GET (stylesheet) https://cdn.jsdelivr.net/chartist.js/latest/chartist.min.css","meta":{"rootId":"x1de42cv99whnzy","id":"x1de42cv99whnzy"},"id":"un8qrt4vafqscbw","previousOperationId":"on15vwjybd7oua0"}
{"type":"log","timestamp":1708454461667,"level":"debug","message":"Page request: GET (script) https://cdn.jsdelivr.net/chartist.js/latest/chartist.min.js","meta":{"rootId":"x1de42cv99whnzy","id":"x1de42cv99whnzy"},"id":"ghb4gzrucyg6ipd","previousOperationId":"on15vwjybd7oua0"}
{"type":"log","timestamp":1708454461667,"level":"debug","message":"Page request: GET (script) https://code.jquery.com/jquery-3.6.0.min.js","meta":{"rootId":"x1de42cv99whnzy","id":"x1de42cv99whnzy"},"id":"k5tohubqgbg4nxi","previousOperationId":"on15vwjybd7oua0"}
{"type":"log","timestamp":1708454461667,"level":"debug","message":"Page request: GET (script) https://cdn.jsdelivr.net/npm/chart.js","meta":{"rootId":"x1de42cv99whnzy","id":"x1de42cv99whnzy"},"id":"b44ni7uvktg2dmx","previousOperationId":"on15vwjybd7oua0"}
{"type":"log","timestamp":1708454461667,"level":"debug","message":"Page request finished: GET (document) 200 file:///tmp/jsreport/autocleanup/7b2a8f50-64b8-4385-854e-cc4a34a900f9-chrome-pdf.html","meta":{"rootId":"x1de42cv99whnzy","id":"x1de42cv99whnzy"},"id":"71ix8hr6gr1z5gi","previousOperationId":"on15vwjybd7oua0"}
{"type":"log","timestamp":1708454461669,"level":"debug","message":"Page request finished: GET (stylesheet) 200 https://cdn.jsdelivr.net/chartist.js/latest/chartist.min.css","meta":{"rootId":"x1de42cv99whnzy","id":"x1de42cv99whnzy"},"id":"a7vbbhsg71dpftp","previousOperationId":"on15vwjybd7oua0"}
{"type":"log","timestamp":1708454461670,"level":"debug","message":"Page request finished: GET (script) 200 https://cdn.jsdelivr.net/chartist.js/latest/chartist.min.js","meta":{"rootId":"x1de42cv99whnzy","id":"x1de42cv99whnzy"},"id":"frta5u7whv66u5r","previousOperationId":"on15vwjybd7oua0"}
{"type":"log","timestamp":1708454461673,"level":"debug","message":"Page request finished: GET (script) 200 https://code.jquery.com/jquery-3.6.0.min.js","meta":{"rootId":"x1de42cv99whnzy","id":"x1de42cv99whnzy"},"id":"vpr372xsv5x4t8m","previousOperationId":"on15vwjybd7oua0"}
{"type":"log","timestamp":1708454461677,"level":"debug","message":"Page request finished: GET (script) 200 https://cdn.jsdelivr.net/npm/chart.js","meta":{"rootId":"x1de42cv99whnzy","id":"x1de42cv99whnzy"},"id":"aq5mkpq1r67dvpd","previousOperationId":"on15vwjybd7oua0"}
{"type":"log","timestamp":1708454461725,"level":"debug","message":"Running chrome with params {\"printBackground\":true,\"timeout\":59942,\"margin\":{}}","meta":{"rootId":"x1de42cv99whnzy","id":"x1de42cv99whnzy"},"id":"7tjwvmdtqhn9ivl","previousOperationId":"on15vwjybd7oua0"}
{"type":"operationEnd","operationId":"on15vwjybd7oua0","timestamp":1708454461763,"id":"9lmdetej26wuaf8","previousEventId":"3wz5601vscvgxz7","previousOperationId":"on15vwjybd7oua0"}
{"type":"log","timestamp":1708454461763,"level":"debug","message":"Skipping storing report.","meta":{"rootId":"x1de42cv99whnzy","id":"x1de42cv99whnzy"},"id":"lmoipd6x9d38xxa","previousOperationId":"on15vwjybd7oua0"}
{"type":"log","timestamp":1708454461763,"level":"info","message":"Rendering request 7 finished in 198 ms","meta":{"rootId":"x1de42cv99whnzy","id":"x1de42cv99whnzy"},"id":"ohwl37d7sd1mwjg","previousOperationId":"on15vwjybd7oua0"}
{"type":"operationEnd","subtype":"render","operationId":"dct8br5b6qzmnvk","timestamp":1708454461763,"id":"z40hmzezkl21dp3","previousEventId":"9lmdetej26wuaf8","previousOperationId":"on15vwjybd7oua0"}
{"type":"operationEnd","doDiffs":false,"previousEventId":"ejyl5oag3ya9rsy","previousOperationId":"5xtznbvff8fs7mx","operationId":"5xtznbvff8fs7mx","timestamp":1708454461766,"id":"0f2wxj1x2wk7bb1"}
