{"type":"operationStart","subtype":"profile","data":{"_id":"DbWUwK4XdRqrsCSa","timestamp":"2024-02-20T18:23:20.985Z","state":"queued","mode":"standard","creationDate":"2024-02-20T18:23:20.986Z","modificationDate":"2024-02-20T18:23:20.986Z","shortid":"ybnGQwV","$entitySet":"profiles"},"doDiffs":false,"timestamp":1708453400985,"id":"uizs9tbraw5eyh6","previousOperationId":null,"operationId":"13h560sfftvjnrw"}
{"type":"log","level":"info","message":"Render request 23 queued for execution and waiting for available worker","previousOperationId":"13h560sfftvjnrw","timestamp":1708453400985,"id":"btiscxmgqsyafpr"}
{"type":"operationStart","subtype":"render","name":"TemplateList","previousOperationId":"13h560sfftvjnrw","timestamp":1708453400990,"id":"rft6rb036akdwql","previousEventId":"uizs9tbraw5eyh6","operationId":"losd8j17i13r755"}
{"type":"log","timestamp":1708453400990,"level":"info","message":"Starting rendering request 23","meta":{"rootId":"xfg4iuyv351omrb","id":"xfg4iuyv351omrb"},"id":"xp72j9c5aji0lg9","previousOperationId":"losd8j17i13r755"}
{"type":"log","timestamp":1708453400990,"level":"info","message":"Rendering template { name: TemplateList, recipe: chrome-pdf, engine: handlebars, preview: true }","meta":{"rootId":"xfg4iuyv351omrb","id":"xfg4iuyv351omrb"},"id":"w2pjong028btw91","previousOperationId":"losd8j17i13r755"}
{"type":"log","timestamp":1708453400990,"level":"debug","message":"Data item not defined for this template.","meta":{"rootId":"xfg4iuyv351omrb","id":"xfg4iuyv351omrb"},"id":"urhwkp1vvopd548","previousOperationId":"losd8j17i13r755"}
{"type":"log","timestamp":1708453400992,"level":"debug","message":"Executing script list-data (beforeRender)","meta":{"rootId":"xfg4iuyv351omrb","id":"xfg4iuyv351omrb"},"id":"kzq3qw9lvl4kkaj","previousOperationId":"losd8j17i13r755"}
{"type":"operationStart","subtype":"scriptsBeforeRender","name":"scripts beforeRender","timestamp":1708453400996,"id":"0jxuxfaqug4droa","previousEventId":"rft6rb036akdwql","operationId":"ytfrbfv88n779ft","previousOperationId":"losd8j17i13r755"}
{"type":"operationStart","subtype":"script","name":"scripts list-data","previousOperationId":"ytfrbfv88n779ft","timestamp":1708453400996,"id":"z7t59m545qmr4jc","previousEventId":"0jxuxfaqug4droa","operationId":"2rkz0rm4o4sw4mm"}
{"type":"log","timestamp":1708453401017,"level":"debug","message":"(console:log) [\n  {\n    list_description: {\n      id: 1,\n      list_name: 'charcuteria',\n      list_current_number: 0,\n      list_limit_number: 0\n    },\n    list_image: {\n      url: 'http://localhost:4000/rails/active_storage/blobs/redirect/eyJfcmFpbHMiOnsiZGF0YSI6MiwicHVyIjoiYmxvYl9pZCJ9fQ==--ee6d56bf52163135b48a4ba2c22b11a93e94d3b3/charcuteria.png'\n    }\n  },\n  {\n    list_description: {\n      id: 2,\n      list_name: 'sarshisha',\n      list_current_number: 0,\n      list_limit_number: 0\n    },\n    list_image: {\n      url: 'http://localhost:4000/rails/active_storage/blobs/redirect/eyJfcmFpbHMiOnsiZGF0YSI6MywicHVyIjoiYmxvYl9pZCJ9fQ==--07183cfade35ce6ffe715f60749642919ec61f5d/charcuteria.png'\n    }\n  },\n  {\n    list_description: {\n      id: 3,\n      list_name: 'stjsjshtshn',\n      list_current_number: 0,\n      list_limit_number: 0\n    },\n    list_image: {\n      url: 'http://localhost:4000/rails/active_storage/blobs/redirect/eyJfcmFpbHMiOnsiZGF0YSI6NCwicHVyIjoiYmxvYl9pZCJ9fQ==--023aae65cb60b3f6c6d73a9c76e14c0b0df6ad86/dibujoadrian.jpg'\n    }\n  }\n]","meta":{"userLevel":true,"rootId":"xfg4iuyv351omrb","id":"xfg4iuyv351omrb"},"id":"0crh9aroznb801j","previousOperationId":"2rkz0rm4o4sw4mm"}
{"type":"log","timestamp":1708453401026,"level":"debug","message":"(console:log) [\n  {\n    id: 1,\n    nickname: 'a',\n    is_admin: true,\n    suscriptor: null,\n    created_at: '2024-02-20T16:45:37.609Z',\n    updated_at: '2024-02-20T16:45:37.729Z',\n    email: 'a@a.a',\n    jti: '6a2b57ca-af4b-47a0-8285-477cffafa34b'\n  }\n]","meta":{"userLevel":true,"rootId":"xfg4iuyv351omrb","id":"xfg4iuyv351omrb"},"id":"2c7xs2mdwvu0byg","previousOperationId":"2rkz0rm4o4sw4mm"}
{"type":"operationEnd","operationId":"2rkz0rm4o4sw4mm","timestamp":1708453401026,"id":"lpnmlrlqu0ns9k5","previousEventId":"rft6rb036akdwql","previousOperationId":"losd8j17i13r755"}
{"type":"operationEnd","operationId":"ytfrbfv88n779ft","timestamp":1708453401026,"id":"qddmybsuqadkp5q","previousEventId":"lpnmlrlqu0ns9k5","previousOperationId":"losd8j17i13r755"}
{"type":"log","timestamp":1708453401026,"level":"debug","message":"Base url not specified, skipping its injection.","meta":{"rootId":"xfg4iuyv351omrb","id":"xfg4iuyv351omrb"},"id":"ujc0fz35godg9dj","previousOperationId":"ytfrbfv88n779ft"}
{"type":"operationStart","subtype":"engine","name":"handlebars","timestamp":1708453401026,"id":"1yb9yzo8y7ftz1s","previousEventId":"qddmybsuqadkp5q","operationId":"gndbudq0h22yxx7","previousOperationId":"ytfrbfv88n779ft"}
{"type":"log","timestamp":1708453401026,"level":"debug","message":"Rendering engine handlebars","meta":{"rootId":"xfg4iuyv351omrb","id":"xfg4iuyv351omrb"},"id":"a927nyyfp94gvto","previousOperationId":"gndbudq0h22yxx7"}
{"type":"operationEnd","operationId":"gndbudq0h22yxx7","timestamp":1708453401039,"id":"a75a7yooxjh6hzn","previousEventId":"1yb9yzo8y7ftz1s","previousOperationId":"gndbudq0h22yxx7"}
{"type":"operationStart","subtype":"recipe","name":"chrome-pdf","timestamp":1708453401039,"id":"q9hizr0rek7loqs","previousEventId":"a75a7yooxjh6hzn","operationId":"e4bmbkptsb9l7g5","previousOperationId":"gndbudq0h22yxx7"}
{"type":"log","timestamp":1708453401039,"level":"debug","message":"Executing recipe chrome-pdf","meta":{"rootId":"xfg4iuyv351omrb","id":"xfg4iuyv351omrb"},"id":"mu410dnviuyjkn9","previousOperationId":"e4bmbkptsb9l7g5"}
{"type":"log","timestamp":1708453401041,"level":"debug","message":"Converting with chrome HeadlessChrome/117.0.5938.149 using chrome-pool strategy","meta":{"rootId":"xfg4iuyv351omrb","id":"xfg4iuyv351omrb"},"id":"e5k9zcyrf4mr1kb","previousOperationId":"e4bmbkptsb9l7g5"}
{"type":"log","timestamp":1708453401083,"level":"debug","message":"Page request: GET (document) file:///tmp/jsreport/autocleanup/18dcbeed-93d6-483c-bc85-0ead570cac1e-chrome-pdf.html","meta":{"rootId":"xfg4iuyv351omrb","id":"xfg4iuyv351omrb"},"id":"8belvpf1cttc60j","previousOperationId":"e4bmbkptsb9l7g5"}
{"type":"log","timestamp":1708453401093,"level":"debug","message":"Page request: GET (stylesheet) https://cdn.jsdelivr.net/chartist.js/latest/chartist.min.css","meta":{"rootId":"xfg4iuyv351omrb","id":"xfg4iuyv351omrb"},"id":"s1x7hr2plov7caa","previousOperationId":"e4bmbkptsb9l7g5"}
{"type":"log","timestamp":1708453401094,"level":"debug","message":"Page request: GET (script) https://cdn.jsdelivr.net/chartist.js/latest/chartist.min.js","meta":{"rootId":"xfg4iuyv351omrb","id":"xfg4iuyv351omrb"},"id":"qy2vcjwaqseuqkk","previousOperationId":"e4bmbkptsb9l7g5"}
{"type":"log","timestamp":1708453401094,"level":"debug","message":"Page request: GET (script) https://code.jquery.com/jquery-3.6.0.min.js","meta":{"rootId":"xfg4iuyv351omrb","id":"xfg4iuyv351omrb"},"id":"1aupgvlzzll2al9","previousOperationId":"e4bmbkptsb9l7g5"}
{"type":"log","timestamp":1708453401094,"level":"debug","message":"Page request: GET (script) https://cdn.jsdelivr.net/npm/chart.js","meta":{"rootId":"xfg4iuyv351omrb","id":"xfg4iuyv351omrb"},"id":"hbxjm3qjl6se89j","previousOperationId":"e4bmbkptsb9l7g5"}
{"type":"log","timestamp":1708453401094,"level":"debug","message":"Page request finished: GET (document) 200 file:///tmp/jsreport/autocleanup/18dcbeed-93d6-483c-bc85-0ead570cac1e-chrome-pdf.html","meta":{"rootId":"xfg4iuyv351omrb","id":"xfg4iuyv351omrb"},"id":"l60yyyudb9pheri","previousOperationId":"e4bmbkptsb9l7g5"}
{"type":"log","timestamp":1708453401103,"level":"debug","message":"Page request finished: GET (stylesheet) 200 https://cdn.jsdelivr.net/chartist.js/latest/chartist.min.css","meta":{"rootId":"xfg4iuyv351omrb","id":"xfg4iuyv351omrb"},"id":"yu128u7rdm3n48p","previousOperationId":"e4bmbkptsb9l7g5"}
{"type":"log","timestamp":1708453401104,"level":"debug","message":"Page request finished: GET (script) 200 https://cdn.jsdelivr.net/chartist.js/latest/chartist.min.js","meta":{"rootId":"xfg4iuyv351omrb","id":"xfg4iuyv351omrb"},"id":"mtkxeosdolo5e34","previousOperationId":"e4bmbkptsb9l7g5"}
{"type":"log","timestamp":1708453401106,"level":"debug","message":"Page request finished: GET (script) 200 https://code.jquery.com/jquery-3.6.0.min.js","meta":{"rootId":"xfg4iuyv351omrb","id":"xfg4iuyv351omrb"},"id":"lkc9bnmt7chbx19","previousOperationId":"e4bmbkptsb9l7g5"}
{"type":"log","timestamp":1708453401332,"level":"debug","message":"Page request finished: GET (script) 200 https://cdn.jsdelivr.net/npm/chart.js","meta":{"rootId":"xfg4iuyv351omrb","id":"xfg4iuyv351omrb"},"id":"ngypry8r8s1abtq","previousOperationId":"e4bmbkptsb9l7g5"}
{"type":"log","timestamp":1708453401342,"level":"warn","message":"Page error: Unexpected identifier 'Object' , stack: SyntaxError: Unexpected identifier 'Object'","meta":{"rootId":"xfg4iuyv351omrb","id":"xfg4iuyv351omrb"},"id":"h7atnw1ee1u4sg8","previousOperationId":"e4bmbkptsb9l7g5"}
{"type":"log","timestamp":1708453401415,"level":"debug","message":"Running chrome with params {\"printBackground\":true,\"timeout\":59944,\"margin\":{}}","meta":{"rootId":"xfg4iuyv351omrb","id":"xfg4iuyv351omrb"},"id":"6p0nd3ksbiz8lwa","previousOperationId":"e4bmbkptsb9l7g5"}
{"type":"operationEnd","operationId":"e4bmbkptsb9l7g5","timestamp":1708453401443,"id":"10cr2f05eq0t4pq","previousEventId":"q9hizr0rek7loqs","previousOperationId":"e4bmbkptsb9l7g5"}
{"type":"log","timestamp":1708453401443,"level":"debug","message":"Skipping storing report.","meta":{"rootId":"xfg4iuyv351omrb","id":"xfg4iuyv351omrb"},"id":"xtrhwlkwewqzvnc","previousOperationId":"e4bmbkptsb9l7g5"}
{"type":"log","timestamp":1708453401443,"level":"info","message":"Rendering request 23 finished in 459 ms","meta":{"rootId":"xfg4iuyv351omrb","id":"xfg4iuyv351omrb"},"id":"pc5m2np5wl4nilk","previousOperationId":"e4bmbkptsb9l7g5"}
{"type":"operationEnd","subtype":"render","operationId":"losd8j17i13r755","timestamp":1708453401443,"id":"dykxflvetar8ddx","previousEventId":"10cr2f05eq0t4pq","previousOperationId":"e4bmbkptsb9l7g5"}
{"type":"operationEnd","doDiffs":false,"previousEventId":"uizs9tbraw5eyh6","previousOperationId":"13h560sfftvjnrw","operationId":"13h560sfftvjnrw","timestamp":1708453401446,"id":"yuqjiwuqzguxt2x"}
