{"type":"operationStart","subtype":"profile","data":{"_id":"dgowHxifK2sz2W1f","timestamp":"2024-02-20T19:14:33.974Z","state":"queued","mode":"standard","creationDate":"2024-02-20T19:14:33.975Z","modificationDate":"2024-02-20T19:14:33.975Z","shortid":"6uOjLC_","$entitySet":"profiles"},"doDiffs":false,"timestamp":1708456473975,"id":"gq1eywq2tneuj7c","previousOperationId":null,"operationId":"kjeeptw4g21qpy4"}
{"type":"log","level":"info","message":"Render request 60 queued for execution and waiting for available worker","previousOperationId":"kjeeptw4g21qpy4","timestamp":1708456473975,"id":"t7uezs48bzobphq"}
{"type":"operationStart","subtype":"render","name":"TemplateList","previousOperationId":"kjeeptw4g21qpy4","timestamp":1708456473979,"id":"c4bmhfm0ou5jgef","previousEventId":"gq1eywq2tneuj7c","operationId":"1vcmdfaoynsv5da"}
{"type":"log","timestamp":1708456473979,"level":"info","message":"Starting rendering request 60","meta":{"rootId":"xnlpejemae7sc39","id":"xnlpejemae7sc39"},"id":"l1rlac5h1zm5hbj","previousOperationId":"1vcmdfaoynsv5da"}
{"type":"log","timestamp":1708456473979,"level":"info","message":"Rendering template { name: TemplateList, recipe: chrome-pdf, engine: handlebars, preview: true }","meta":{"rootId":"xnlpejemae7sc39","id":"xnlpejemae7sc39"},"id":"vk2cdo03trjbhri","previousOperationId":"1vcmdfaoynsv5da"}
{"type":"log","timestamp":1708456473979,"level":"debug","message":"Data item not defined for this template.","meta":{"rootId":"xnlpejemae7sc39","id":"xnlpejemae7sc39"},"id":"ghjq4b1pa2nh4iv","previousOperationId":"1vcmdfaoynsv5da"}
{"type":"log","timestamp":1708456473981,"level":"debug","message":"Executing script list-data (beforeRender)","meta":{"rootId":"xnlpejemae7sc39","id":"xnlpejemae7sc39"},"id":"u19yoewc1zomgx2","previousOperationId":"1vcmdfaoynsv5da"}
{"type":"operationStart","subtype":"scriptsBeforeRender","name":"scripts beforeRender","timestamp":1708456473984,"id":"m7172ktkg4snn6t","previousEventId":"c4bmhfm0ou5jgef","operationId":"k38h7a86bjwolbi","previousOperationId":"1vcmdfaoynsv5da"}
{"type":"operationStart","subtype":"script","name":"scripts list-data","previousOperationId":"k38h7a86bjwolbi","timestamp":1708456473984,"id":"8m0piuc3guhwniq","previousEventId":"m7172ktkg4snn6t","operationId":"ebup6rqzux4xtkk"}
{"type":"log","timestamp":1708456474003,"level":"debug","message":"(console:log) [\n  {\n    list_description: {\n      id: 2,\n      list_name: 'sarshisha',\n      list_current_number: 13,\n      list_limit_number: 0\n    },\n    list_image: {\n      url: 'http://localhost:4000/rails/active_storage/blobs/redirect/eyJfcmFpbHMiOnsiZGF0YSI6MywicHVyIjoiYmxvYl9pZCJ9fQ==--07183cfade35ce6ffe715f60749642919ec61f5d/charcuteria.png'\n    }\n  },\n  {\n    list_description: {\n      id: 3,\n      list_name: 'stjsjshtshn',\n      list_current_number: 4,\n      list_limit_number: 0\n    },\n    list_image: {\n      url: 'http://localhost:4000/rails/active_storage/blobs/redirect/eyJfcmFpbHMiOnsiZGF0YSI6NCwicHVyIjoiYmxvYl9pZCJ9fQ==--023aae65cb60b3f6c6d73a9c76e14c0b0df6ad86/dibujoadrian.jpg'\n    }\n  },\n  {\n    list_description: {\n      id: 1,\n      list_name: 'charcuteria',\n      list_current_number: 1,\n      list_limit_number: 0\n    },\n    list_image: {\n      url: 'http://localhost:4000/rails/active_storage/blobs/redirect/eyJfcmFpbHMiOnsiZGF0YSI6MiwicHVyIjoiYmxvYl9pZCJ9fQ==--ee6d56bf52163135b48a4ba2c22b11a93e94d3b3/charcuteria.png'\n    }\n  }\n]","meta":{"userLevel":true,"rootId":"xnlpejemae7sc39","id":"xnlpejemae7sc39"},"id":"fqn9sete8vhz9b6","previousOperationId":"ebup6rqzux4xtkk"}
{"type":"log","timestamp":1708456474010,"level":"debug","message":"(console:log) [\n  {\n    id: 1,\n    nickname: 'a',\n    is_admin: true,\n    suscriptor: null,\n    created_at: '2024-02-20T16:45:37.609Z',\n    updated_at: '2024-02-20T16:45:37.729Z',\n    email: 'a@a.a',\n    jti: '6a2b57ca-af4b-47a0-8285-477cffafa34b'\n  }\n]","meta":{"userLevel":true,"rootId":"xnlpejemae7sc39","id":"xnlpejemae7sc39"},"id":"dhenxo5a3qoai11","previousOperationId":"ebup6rqzux4xtkk"}
{"type":"operationEnd","operationId":"ebup6rqzux4xtkk","timestamp":1708456474011,"id":"uvei59ik461jplh","previousEventId":"c4bmhfm0ou5jgef","previousOperationId":"1vcmdfaoynsv5da"}
{"type":"operationEnd","operationId":"k38h7a86bjwolbi","timestamp":1708456474011,"id":"3uk876den1fcorr","previousEventId":"uvei59ik461jplh","previousOperationId":"1vcmdfaoynsv5da"}
{"type":"log","timestamp":1708456474011,"level":"debug","message":"Base url not specified, skipping its injection.","meta":{"rootId":"xnlpejemae7sc39","id":"xnlpejemae7sc39"},"id":"tzg61s8pih9yv63","previousOperationId":"k38h7a86bjwolbi"}
{"type":"operationStart","subtype":"engine","name":"handlebars","timestamp":1708456474011,"id":"dkt23wwx6vk3fgi","previousEventId":"3uk876den1fcorr","operationId":"o7p90azyg1vk6lo","previousOperationId":"k38h7a86bjwolbi"}
{"type":"log","timestamp":1708456474011,"level":"debug","message":"Rendering engine handlebars","meta":{"rootId":"xnlpejemae7sc39","id":"xnlpejemae7sc39"},"id":"33cqm3n4h70yox6","previousOperationId":"o7p90azyg1vk6lo"}
{"type":"operationEnd","operationId":"o7p90azyg1vk6lo","timestamp":1708456474019,"id":"uasf9y7swrter8t","previousEventId":"dkt23wwx6vk3fgi","previousOperationId":"o7p90azyg1vk6lo"}
{"type":"operationStart","subtype":"recipe","name":"chrome-pdf","timestamp":1708456474019,"id":"vjj07zvpkquvtal","previousEventId":"uasf9y7swrter8t","operationId":"0k0b75mj7yuc64j","previousOperationId":"o7p90azyg1vk6lo"}
{"type":"log","timestamp":1708456474019,"level":"debug","message":"Executing recipe chrome-pdf","meta":{"rootId":"xnlpejemae7sc39","id":"xnlpejemae7sc39"},"id":"lrlfrqehsi5861x","previousOperationId":"0k0b75mj7yuc64j"}
{"type":"log","timestamp":1708456474020,"level":"debug","message":"Converting with chrome HeadlessChrome/117.0.5938.149 using chrome-pool strategy","meta":{"rootId":"xnlpejemae7sc39","id":"xnlpejemae7sc39"},"id":"ni1z1i1dxjf8x52","previousOperationId":"0k0b75mj7yuc64j"}
{"type":"log","timestamp":1708456474050,"level":"debug","message":"Page request: GET (document) file:///tmp/jsreport/autocleanup/57edd735-75a1-44aa-b0ef-08e229d4ac62-chrome-pdf.html","meta":{"rootId":"xnlpejemae7sc39","id":"xnlpejemae7sc39"},"id":"r3qiy0loildq2do","previousOperationId":"0k0b75mj7yuc64j"}
{"type":"log","timestamp":1708456474058,"level":"debug","message":"Page request: GET (stylesheet) https://cdn.jsdelivr.net/chartist.js/latest/chartist.min.css","meta":{"rootId":"xnlpejemae7sc39","id":"xnlpejemae7sc39"},"id":"kps21ephczk47ye","previousOperationId":"0k0b75mj7yuc64j"}
{"type":"log","timestamp":1708456474059,"level":"debug","message":"Page request: GET (script) https://cdn.jsdelivr.net/chartist.js/latest/chartist.min.js","meta":{"rootId":"xnlpejemae7sc39","id":"xnlpejemae7sc39"},"id":"09uypjrk3935cjn","previousOperationId":"0k0b75mj7yuc64j"}
{"type":"log","timestamp":1708456474059,"level":"debug","message":"Page request finished: GET (document) 200 file:///tmp/jsreport/autocleanup/57edd735-75a1-44aa-b0ef-08e229d4ac62-chrome-pdf.html","meta":{"rootId":"xnlpejemae7sc39","id":"xnlpejemae7sc39"},"id":"t01dpkjufq1c0k4","previousOperationId":"0k0b75mj7yuc64j"}
{"type":"log","timestamp":1708456474062,"level":"debug","message":"Page request finished: GET (stylesheet) 200 https://cdn.jsdelivr.net/chartist.js/latest/chartist.min.css","meta":{"rootId":"xnlpejemae7sc39","id":"xnlpejemae7sc39"},"id":"53i5pjnmpc91awq","previousOperationId":"0k0b75mj7yuc64j"}
{"type":"log","timestamp":1708456474062,"level":"debug","message":"Page request finished: GET (script) 200 https://cdn.jsdelivr.net/chartist.js/latest/chartist.min.js","meta":{"rootId":"xnlpejemae7sc39","id":"xnlpejemae7sc39"},"id":"xhn35bq9jhxjo4c","previousOperationId":"0k0b75mj7yuc64j"}
{"type":"log","timestamp":1708456474064,"level":"warn","message":"Page error: Chart is not defined , stack: ReferenceError: Chart is not defined\n    at <anonymous> (file:///tmp/jsreport/autocleanup/57edd735-75a1-44aa-b0ef-08e229d4ac62-chrome-pdf.html:90:23)","meta":{"rootId":"xnlpejemae7sc39","id":"xnlpejemae7sc39"},"id":"ghmlzkvawtbhwy3","previousOperationId":"0k0b75mj7yuc64j"}
{"type":"log","timestamp":1708456474068,"level":"debug","message":"Running chrome with params {\"printBackground\":true,\"timeout\":59954,\"margin\":{}}","meta":{"rootId":"xnlpejemae7sc39","id":"xnlpejemae7sc39"},"id":"v7t90sixjapezn2","previousOperationId":"0k0b75mj7yuc64j"}
{"type":"operationEnd","operationId":"0k0b75mj7yuc64j","timestamp":1708456474080,"id":"7t8zvsadkg9qo4n","previousEventId":"vjj07zvpkquvtal","previousOperationId":"0k0b75mj7yuc64j"}
{"type":"log","timestamp":1708456474080,"level":"debug","message":"Skipping storing report.","meta":{"rootId":"xnlpejemae7sc39","id":"xnlpejemae7sc39"},"id":"km8e7t0aeltaw2k","previousOperationId":"0k0b75mj7yuc64j"}
{"type":"log","timestamp":1708456474080,"level":"info","message":"Rendering request 60 finished in 106 ms","meta":{"rootId":"xnlpejemae7sc39","id":"xnlpejemae7sc39"},"id":"d87d1nhvkz5a7z9","previousOperationId":"0k0b75mj7yuc64j"}
{"type":"operationEnd","subtype":"render","operationId":"1vcmdfaoynsv5da","timestamp":1708456474080,"id":"2gc0kounigbrluj","previousEventId":"7t8zvsadkg9qo4n","previousOperationId":"0k0b75mj7yuc64j"}
{"type":"operationEnd","doDiffs":false,"previousEventId":"gq1eywq2tneuj7c","previousOperationId":"kjeeptw4g21qpy4","operationId":"kjeeptw4g21qpy4","timestamp":1708456474085,"id":"vpd1lk7q9pgm6dp"}
