{"type":"operationStart","subtype":"profile","data":{"_id":"vs33w8rH6UDVdrni","timestamp":"2024-02-20T17:34:48.644Z","state":"queued","mode":"standard","creationDate":"2024-02-20T17:34:48.647Z","modificationDate":"2024-02-20T17:34:48.647Z","shortid":"J4B2Ebp","$entitySet":"profiles"},"doDiffs":false,"timestamp":1708450488647,"id":"dsx294xp7h6j52m","previousOperationId":null,"operationId":"tpnwhogolwkkzbw"}
{"type":"log","level":"info","message":"Render request 11 queued for execution and waiting for available worker","previousOperationId":"tpnwhogolwkkzbw","timestamp":1708450488647,"id":"ylz8nbv1s22h377"}
{"type":"operationStart","subtype":"render","name":"TemplateList","previousOperationId":"tpnwhogolwkkzbw","timestamp":1708450488653,"id":"9m6ppdtl3otwqse","previousEventId":"dsx294xp7h6j52m","operationId":"r8vp1ggh90uitjd"}
{"type":"log","timestamp":1708450488653,"level":"info","message":"Starting rendering request 11","meta":{"rootId":"xssaw84er8scvl5","id":"xssaw84er8scvl5"},"id":"feiojlnfohjgifk","previousOperationId":"r8vp1ggh90uitjd"}
{"type":"log","timestamp":1708450488653,"level":"info","message":"Rendering template { name: TemplateList, recipe: chrome-pdf, engine: handlebars, preview: true }","meta":{"rootId":"xssaw84er8scvl5","id":"xssaw84er8scvl5"},"id":"3nxqsodj9u5mxmp","previousOperationId":"r8vp1ggh90uitjd"}
{"type":"log","timestamp":1708450488653,"level":"debug","message":"Data item not defined for this template.","meta":{"rootId":"xssaw84er8scvl5","id":"xssaw84er8scvl5"},"id":"iwyga30jov44or5","previousOperationId":"r8vp1ggh90uitjd"}
{"type":"log","timestamp":1708450488655,"level":"debug","message":"Executing script list-data (beforeRender)","meta":{"rootId":"xssaw84er8scvl5","id":"xssaw84er8scvl5"},"id":"vvjsz70bilwkcve","previousOperationId":"r8vp1ggh90uitjd"}
{"type":"operationStart","subtype":"scriptsBeforeRender","name":"scripts beforeRender","timestamp":1708450488661,"id":"7h3arwm6tgdhwur","previousEventId":"9m6ppdtl3otwqse","operationId":"ytt4gqp5x9kxdpm","previousOperationId":"r8vp1ggh90uitjd"}
{"type":"operationStart","subtype":"script","name":"scripts list-data","previousOperationId":"ytt4gqp5x9kxdpm","timestamp":1708450488661,"id":"q04y4lbeq3s81eb","previousEventId":"7h3arwm6tgdhwur","operationId":"0qrc941y8ory1fu"}
{"type":"log","timestamp":1708450488661,"level":"debug","message":"(console:error) Error fetching lists: ReferenceError: fetch is not defined\n    at fetchlists (sandbox.js:2:22)\n    at Object.beforeRender (sandbox.js:13:32)\n    at executionFn (/home/miguel/workspace/tibuTicket/jsreports/node_modules/@jsreport/jsreport-scripts/lib/executeScript.js:67:35)\n    at sandbox.js:30:18\n    at async run (/home/miguel/workspace/tibuTicket/jsreports/node_modules/@jsreport/jsreport-core/lib/worker/sandbox/createSandbox.js:137:16)\n    at async WorkerReporter.runInSandbox [as _runInSandbox] (/home/miguel/workspace/tibuTicket/jsreports/node_modules/@jsreport/jsreport-core/lib/worker/sandbox/runInSandbox.js:195:14)\n    at async executeScript (/home/miguel/workspace/tibuTicket/jsreports/node_modules/@jsreport/jsreport-scripts/lib/executeScript.js:122:12)\n    at async Scripts._runScript (/home/miguel/workspace/tibuTicket/jsreports/node_modules/@jsreport/jsreport-scripts/lib/worker.js:140:30)\n    at async Scripts.handleBeforeRender (/home/miguel/workspace/tibuTicket/jsreports/node_modules/@jsreport/jsreport-scripts/lib/worker.js:64:7)\n    at async ListenerCollection.fire (/home/miguel/workspace/tibuTicket/jsreports/node_modules/@jsreport/jsreport-core/lib/shared/listenerCollection.js:157:21)","meta":{"userLevel":true,"rootId":"xssaw84er8scvl5","id":"xssaw84er8scvl5"},"id":"gpazxsbn5mc66bz","previousOperationId":"0qrc941y8ory1fu"}
{"type":"operationEnd","operationId":"0qrc941y8ory1fu","timestamp":1708450488661,"id":"jbmhk10kwzdzgb3","previousEventId":"9m6ppdtl3otwqse","previousOperationId":"r8vp1ggh90uitjd"}
{"type":"operationEnd","operationId":"ytt4gqp5x9kxdpm","timestamp":1708450488661,"id":"n3i9stohwa6m0bq","previousEventId":"jbmhk10kwzdzgb3","previousOperationId":"r8vp1ggh90uitjd"}
{"type":"log","timestamp":1708450488661,"level":"debug","message":"Base url not specified, skipping its injection.","meta":{"rootId":"xssaw84er8scvl5","id":"xssaw84er8scvl5"},"id":"b6cm6w7joxa1qw1","previousOperationId":"ytt4gqp5x9kxdpm"}
{"type":"operationStart","subtype":"engine","name":"handlebars","timestamp":1708450488661,"id":"savzhfos3hoygxd","previousEventId":"n3i9stohwa6m0bq","operationId":"oq3l73qoni7kbic","previousOperationId":"ytt4gqp5x9kxdpm"}
{"type":"log","timestamp":1708450488661,"level":"debug","message":"Rendering engine handlebars","meta":{"rootId":"xssaw84er8scvl5","id":"xssaw84er8scvl5"},"id":"maho0xuaszuqh1x","previousOperationId":"oq3l73qoni7kbic"}
{"type":"operationEnd","operationId":"oq3l73qoni7kbic","timestamp":1708450488673,"id":"dns9je6bfqnzwzw","previousEventId":"savzhfos3hoygxd","previousOperationId":"oq3l73qoni7kbic"}
{"type":"operationStart","subtype":"recipe","name":"chrome-pdf","timestamp":1708450488674,"id":"0y26k1py9ff55dy","previousEventId":"dns9je6bfqnzwzw","operationId":"vcs70glwpaei37q","previousOperationId":"oq3l73qoni7kbic"}
{"type":"log","timestamp":1708450488674,"level":"debug","message":"Executing recipe chrome-pdf","meta":{"rootId":"xssaw84er8scvl5","id":"xssaw84er8scvl5"},"id":"dgnd9ysa26kv6mu","previousOperationId":"vcs70glwpaei37q"}
{"type":"log","timestamp":1708450488675,"level":"debug","message":"Converting with chrome HeadlessChrome/117.0.5938.149 using chrome-pool strategy","meta":{"rootId":"xssaw84er8scvl5","id":"xssaw84er8scvl5"},"id":"k5723e3l2lozfua","previousOperationId":"vcs70glwpaei37q"}
{"type":"log","timestamp":1708450488708,"level":"debug","message":"Page request: GET (document) file:///tmp/jsreport/autocleanup/e937d472-cea7-4ac1-8342-f42c5658b243-chrome-pdf.html","meta":{"rootId":"xssaw84er8scvl5","id":"xssaw84er8scvl5"},"id":"6hoo5jf274pakhh","previousOperationId":"vcs70glwpaei37q"}
{"type":"log","timestamp":1708450488718,"level":"debug","message":"Page request: GET (stylesheet) https://cdn.jsdelivr.net/chartist.js/latest/chartist.min.css","meta":{"rootId":"xssaw84er8scvl5","id":"xssaw84er8scvl5"},"id":"n6k6i6ajo3pocg3","previousOperationId":"vcs70glwpaei37q"}
{"type":"log","timestamp":1708450488718,"level":"debug","message":"Page request: GET (script) https://cdn.jsdelivr.net/chartist.js/latest/chartist.min.js","meta":{"rootId":"xssaw84er8scvl5","id":"xssaw84er8scvl5"},"id":"011mpskvn0arlte","previousOperationId":"vcs70glwpaei37q"}
{"type":"log","timestamp":1708450488719,"level":"debug","message":"Page request: GET (script) https://code.jquery.com/jquery-3.6.0.min.js","meta":{"rootId":"xssaw84er8scvl5","id":"xssaw84er8scvl5"},"id":"528r1fb0thp190c","previousOperationId":"vcs70glwpaei37q"}
{"type":"log","timestamp":1708450488719,"level":"debug","message":"Page request finished: GET (document) 200 file:///tmp/jsreport/autocleanup/e937d472-cea7-4ac1-8342-f42c5658b243-chrome-pdf.html","meta":{"rootId":"xssaw84er8scvl5","id":"xssaw84er8scvl5"},"id":"zicfb9dzi5nitek","previousOperationId":"vcs70glwpaei37q"}
{"type":"log","timestamp":1708450488721,"level":"debug","message":"Page request finished: GET (stylesheet) 200 https://cdn.jsdelivr.net/chartist.js/latest/chartist.min.css","meta":{"rootId":"xssaw84er8scvl5","id":"xssaw84er8scvl5"},"id":"xlu6jg87bgdv228","previousOperationId":"vcs70glwpaei37q"}
{"type":"log","timestamp":1708450488723,"level":"debug","message":"Page request finished: GET (script) 200 https://cdn.jsdelivr.net/chartist.js/latest/chartist.min.js","meta":{"rootId":"xssaw84er8scvl5","id":"xssaw84er8scvl5"},"id":"b8bwazg2r75sjfv","previousOperationId":"vcs70glwpaei37q"}
{"type":"log","timestamp":1708450488724,"level":"debug","message":"Page request finished: GET (script) 200 https://code.jquery.com/jquery-3.6.0.min.js","meta":{"rootId":"xssaw84er8scvl5","id":"xssaw84er8scvl5"},"id":"fgcggid68p98qlg","previousOperationId":"vcs70glwpaei37q"}
{"type":"log","timestamp":1708450488729,"level":"debug","message":"(console:log) Lists: ","meta":{"userLevel":true,"rootId":"xssaw84er8scvl5","id":"xssaw84er8scvl5"},"id":"x416l6jufdhyonw","previousOperationId":"vcs70glwpaei37q"}
{"type":"log","timestamp":1708450488731,"level":"debug","message":"Running chrome with params {\"printBackground\":true,\"timeout\":59970,\"margin\":{}}","meta":{"rootId":"xssaw84er8scvl5","id":"xssaw84er8scvl5"},"id":"tpatqsscg8e6aa6","previousOperationId":"vcs70glwpaei37q"}
{"type":"operationEnd","operationId":"vcs70glwpaei37q","timestamp":1708450488742,"id":"czduen7qnruieds","previousEventId":"0y26k1py9ff55dy","previousOperationId":"vcs70glwpaei37q"}
{"type":"log","timestamp":1708450488742,"level":"debug","message":"Skipping storing report.","meta":{"rootId":"xssaw84er8scvl5","id":"xssaw84er8scvl5"},"id":"jmhgv2ados6cbdo","previousOperationId":"vcs70glwpaei37q"}
{"type":"log","timestamp":1708450488742,"level":"info","message":"Rendering request 11 finished in 98 ms","meta":{"rootId":"xssaw84er8scvl5","id":"xssaw84er8scvl5"},"id":"utu71gc7tav9404","previousOperationId":"vcs70glwpaei37q"}
{"type":"operationEnd","subtype":"render","operationId":"r8vp1ggh90uitjd","timestamp":1708450488742,"id":"n47z7gighr75jql","previousEventId":"czduen7qnruieds","previousOperationId":"vcs70glwpaei37q"}
{"type":"operationEnd","doDiffs":false,"previousEventId":"dsx294xp7h6j52m","previousOperationId":"tpnwhogolwkkzbw","operationId":"tpnwhogolwkkzbw","timestamp":1708450488749,"id":"stohghh4o8u74ci"}
