{"type":"operationStart","subtype":"profile","data":{"_id":"LHvHcg11SQA9B7Ku","timestamp":"2024-02-20T19:09:11.724Z","state":"queued","mode":"standard","creationDate":"2024-02-20T19:09:11.725Z","modificationDate":"2024-02-20T19:09:11.725Z","shortid":"1jiy6EZ","$entitySet":"profiles"},"doDiffs":false,"timestamp":1708456151725,"id":"8idq04fmanreblk","previousOperationId":null,"operationId":"c1e7j22vqwc6y39"}
{"type":"log","level":"info","message":"Render request 46 queued for execution and waiting for available worker","previousOperationId":"c1e7j22vqwc6y39","timestamp":1708456151725,"id":"e5x6dcfynq0787q"}
{"type":"operationStart","subtype":"render","name":"TemplateList","previousOperationId":"c1e7j22vqwc6y39","timestamp":1708456151729,"id":"ox881d9tij1072u","previousEventId":"8idq04fmanreblk","operationId":"qf817i6ujiusm2v"}
{"type":"log","timestamp":1708456151729,"level":"info","message":"Starting rendering request 46","meta":{"rootId":"y0rwrcjwa6gvqwr","id":"y0rwrcjwa6gvqwr"},"id":"euf2ho84hdmwqtc","previousOperationId":"qf817i6ujiusm2v"}
{"type":"log","timestamp":1708456151729,"level":"info","message":"Rendering template { name: TemplateList, recipe: chrome-pdf, engine: handlebars, preview: true }","meta":{"rootId":"y0rwrcjwa6gvqwr","id":"y0rwrcjwa6gvqwr"},"id":"xp7pho0kdt7t2dp","previousOperationId":"qf817i6ujiusm2v"}
{"type":"log","timestamp":1708456151730,"level":"debug","message":"Data item not defined for this template.","meta":{"rootId":"y0rwrcjwa6gvqwr","id":"y0rwrcjwa6gvqwr"},"id":"dowmr9t5sd5h6sz","previousOperationId":"qf817i6ujiusm2v"}
{"type":"log","timestamp":1708456151731,"level":"debug","message":"Executing script list-data (beforeRender)","meta":{"rootId":"y0rwrcjwa6gvqwr","id":"y0rwrcjwa6gvqwr"},"id":"673ky1r70aykyob","previousOperationId":"qf817i6ujiusm2v"}
{"type":"operationStart","subtype":"scriptsBeforeRender","name":"scripts beforeRender","timestamp":1708456151736,"id":"tjxleug42nrjr6r","previousEventId":"ox881d9tij1072u","operationId":"h414t15h3nlcdc4","previousOperationId":"qf817i6ujiusm2v"}
{"type":"operationStart","subtype":"script","name":"scripts list-data","previousOperationId":"h414t15h3nlcdc4","timestamp":1708456151736,"id":"x7c5g0jsr3unnzi","previousEventId":"tjxleug42nrjr6r","operationId":"tihai4zl372rm79"}
{"type":"log","timestamp":1708456151756,"level":"debug","message":"(console:log) [\n  {\n    list_description: {\n      id: 2,\n      list_name: 'sarshisha',\n      list_current_number: 13,\n      list_limit_number: 0\n    },\n    list_image: {\n      url: 'http://localhost:4000/rails/active_storage/blobs/redirect/eyJfcmFpbHMiOnsiZGF0YSI6MywicHVyIjoiYmxvYl9pZCJ9fQ==--07183cfade35ce6ffe715f60749642919ec61f5d/charcuteria.png'\n    }\n  },\n  {\n    list_description: {\n      id: 3,\n      list_name: 'stjsjshtshn',\n      list_current_number: 4,\n      list_limit_number: 0\n    },\n    list_image: {\n      url: 'http://localhost:4000/rails/active_storage/blobs/redirect/eyJfcmFpbHMiOnsiZGF0YSI6NCwicHVyIjoiYmxvYl9pZCJ9fQ==--023aae65cb60b3f6c6d73a9c76e14c0b0df6ad86/dibujoadrian.jpg'\n    }\n  },\n  {\n    list_description: {\n      id: 1,\n      list_name: 'charcuteria',\n      list_current_number: 1,\n      list_limit_number: 0\n    },\n    list_image: {\n      url: 'http://localhost:4000/rails/active_storage/blobs/redirect/eyJfcmFpbHMiOnsiZGF0YSI6MiwicHVyIjoiYmxvYl9pZCJ9fQ==--ee6d56bf52163135b48a4ba2c22b11a93e94d3b3/charcuteria.png'\n    }\n  }\n]","meta":{"userLevel":true,"rootId":"y0rwrcjwa6gvqwr","id":"y0rwrcjwa6gvqwr"},"id":"wkpbc91jpux6sg3","previousOperationId":"tihai4zl372rm79"}
{"type":"log","timestamp":1708456151764,"level":"debug","message":"(console:log) [\n  {\n    id: 1,\n    nickname: 'a',\n    is_admin: true,\n    suscriptor: null,\n    created_at: '2024-02-20T16:45:37.609Z',\n    updated_at: '2024-02-20T16:45:37.729Z',\n    email: 'a@a.a',\n    jti: '6a2b57ca-af4b-47a0-8285-477cffafa34b'\n  }\n]","meta":{"userLevel":true,"rootId":"y0rwrcjwa6gvqwr","id":"y0rwrcjwa6gvqwr"},"id":"w8xwtds3peekxr5","previousOperationId":"tihai4zl372rm79"}
{"type":"operationEnd","operationId":"tihai4zl372rm79","timestamp":1708456151764,"id":"vz3g6f5x9ehjrqt","previousEventId":"ox881d9tij1072u","previousOperationId":"qf817i6ujiusm2v"}
{"type":"operationEnd","operationId":"h414t15h3nlcdc4","timestamp":1708456151764,"id":"r8ymnkmxi290ld7","previousEventId":"vz3g6f5x9ehjrqt","previousOperationId":"qf817i6ujiusm2v"}
{"type":"log","timestamp":1708456151764,"level":"debug","message":"Base url not specified, skipping its injection.","meta":{"rootId":"y0rwrcjwa6gvqwr","id":"y0rwrcjwa6gvqwr"},"id":"9j323joyu3trvvy","previousOperationId":"h414t15h3nlcdc4"}
{"type":"operationStart","subtype":"engine","name":"handlebars","timestamp":1708456151764,"id":"ztv4rhwjascjwpl","previousEventId":"r8ymnkmxi290ld7","operationId":"ns9qwgvfa3gq66k","previousOperationId":"h414t15h3nlcdc4"}
{"type":"log","timestamp":1708456151764,"level":"debug","message":"Rendering engine handlebars","meta":{"rootId":"y0rwrcjwa6gvqwr","id":"y0rwrcjwa6gvqwr"},"id":"kruzgfqgygxd2e2","previousOperationId":"ns9qwgvfa3gq66k"}
{"type":"operationEnd","operationId":"ns9qwgvfa3gq66k","timestamp":1708456151775,"id":"vydcjt5z789q5jq","previousEventId":"ztv4rhwjascjwpl","previousOperationId":"ns9qwgvfa3gq66k"}
{"type":"operationStart","subtype":"recipe","name":"chrome-pdf","timestamp":1708456151775,"id":"80nvhw9hbajb8zs","previousEventId":"vydcjt5z789q5jq","operationId":"fg3gqpnlhgz0m5f","previousOperationId":"ns9qwgvfa3gq66k"}
{"type":"log","timestamp":1708456151775,"level":"debug","message":"Executing recipe chrome-pdf","meta":{"rootId":"y0rwrcjwa6gvqwr","id":"y0rwrcjwa6gvqwr"},"id":"x31mvy0hftyjy5y","previousOperationId":"fg3gqpnlhgz0m5f"}
{"type":"log","timestamp":1708456151776,"level":"debug","message":"Converting with chrome HeadlessChrome/117.0.5938.149 using chrome-pool strategy","meta":{"rootId":"y0rwrcjwa6gvqwr","id":"y0rwrcjwa6gvqwr"},"id":"18bispidzl0zulu","previousOperationId":"fg3gqpnlhgz0m5f"}
{"type":"log","timestamp":1708456151807,"level":"debug","message":"Page request: GET (document) file:///tmp/jsreport/autocleanup/10ad87c1-fcb1-43e0-954b-35db0df41673-chrome-pdf.html","meta":{"rootId":"y0rwrcjwa6gvqwr","id":"y0rwrcjwa6gvqwr"},"id":"2aoh51tpwh6msu2","previousOperationId":"fg3gqpnlhgz0m5f"}
{"type":"log","timestamp":1708456151814,"level":"debug","message":"Page request: GET (stylesheet) https://cdn.jsdelivr.net/chartist.js/latest/chartist.min.css","meta":{"rootId":"y0rwrcjwa6gvqwr","id":"y0rwrcjwa6gvqwr"},"id":"f0d4hd34qpdeuw5","previousOperationId":"fg3gqpnlhgz0m5f"}
{"type":"log","timestamp":1708456151815,"level":"debug","message":"Page request: GET (script) https://cdn.jsdelivr.net/chartist.js/latest/chartist.min.js","meta":{"rootId":"y0rwrcjwa6gvqwr","id":"y0rwrcjwa6gvqwr"},"id":"csk9qevdd415i2j","previousOperationId":"fg3gqpnlhgz0m5f"}
{"type":"log","timestamp":1708456151815,"level":"debug","message":"Page request: GET (script) https://code.jquery.com/jquery-3.6.0.min.js","meta":{"rootId":"y0rwrcjwa6gvqwr","id":"y0rwrcjwa6gvqwr"},"id":"l1ua7qnkrjjt8ky","previousOperationId":"fg3gqpnlhgz0m5f"}
{"type":"log","timestamp":1708456151815,"level":"debug","message":"Page request: GET (script) https://cdn.jsdelivr.net/npm/chart.js","meta":{"rootId":"y0rwrcjwa6gvqwr","id":"y0rwrcjwa6gvqwr"},"id":"fz9e7e0lxcr0s5z","previousOperationId":"fg3gqpnlhgz0m5f"}
{"type":"log","timestamp":1708456151815,"level":"debug","message":"Page request finished: GET (document) 200 file:///tmp/jsreport/autocleanup/10ad87c1-fcb1-43e0-954b-35db0df41673-chrome-pdf.html","meta":{"rootId":"y0rwrcjwa6gvqwr","id":"y0rwrcjwa6gvqwr"},"id":"a33s8e0t22kprmi","previousOperationId":"fg3gqpnlhgz0m5f"}
{"type":"log","timestamp":1708456151817,"level":"debug","message":"Page request finished: GET (stylesheet) 200 https://cdn.jsdelivr.net/chartist.js/latest/chartist.min.css","meta":{"rootId":"y0rwrcjwa6gvqwr","id":"y0rwrcjwa6gvqwr"},"id":"60ekr6lygouytqx","previousOperationId":"fg3gqpnlhgz0m5f"}
{"type":"log","timestamp":1708456151818,"level":"debug","message":"Page request finished: GET (script) 200 https://cdn.jsdelivr.net/chartist.js/latest/chartist.min.js","meta":{"rootId":"y0rwrcjwa6gvqwr","id":"y0rwrcjwa6gvqwr"},"id":"z79tszh6uvvo9zx","previousOperationId":"fg3gqpnlhgz0m5f"}
{"type":"log","timestamp":1708456151821,"level":"debug","message":"Page request finished: GET (script) 200 https://code.jquery.com/jquery-3.6.0.min.js","meta":{"rootId":"y0rwrcjwa6gvqwr","id":"y0rwrcjwa6gvqwr"},"id":"zqbt4bp77uc41es","previousOperationId":"fg3gqpnlhgz0m5f"}
{"type":"log","timestamp":1708456151824,"level":"debug","message":"Page request finished: GET (script) 200 https://cdn.jsdelivr.net/npm/chart.js","meta":{"rootId":"y0rwrcjwa6gvqwr","id":"y0rwrcjwa6gvqwr"},"id":"h5kccmcqwdsqr4h","previousOperationId":"fg3gqpnlhgz0m5f"}
{"type":"log","timestamp":1708456151828,"level":"warn","message":"Page error: Unexpected token '<' , stack: SyntaxError: Unexpected token '<'","meta":{"rootId":"y0rwrcjwa6gvqwr","id":"y0rwrcjwa6gvqwr"},"id":"snqfvb98m5rizf4","previousOperationId":"fg3gqpnlhgz0m5f"}
{"type":"log","timestamp":1708456151831,"level":"debug","message":"Running chrome with params {\"printBackground\":true,\"timeout\":59949,\"margin\":{}}","meta":{"rootId":"y0rwrcjwa6gvqwr","id":"y0rwrcjwa6gvqwr"},"id":"62bslr6cxkpx35o","previousOperationId":"fg3gqpnlhgz0m5f"}
{"type":"operationEnd","operationId":"fg3gqpnlhgz0m5f","timestamp":1708456151841,"id":"cufjooocl7fm7gk","previousEventId":"80nvhw9hbajb8zs","previousOperationId":"fg3gqpnlhgz0m5f"}
{"type":"log","timestamp":1708456151841,"level":"debug","message":"Skipping storing report.","meta":{"rootId":"y0rwrcjwa6gvqwr","id":"y0rwrcjwa6gvqwr"},"id":"2kjci2wtzliafpg","previousOperationId":"fg3gqpnlhgz0m5f"}
{"type":"log","timestamp":1708456151841,"level":"info","message":"Rendering request 46 finished in 117 ms","meta":{"rootId":"y0rwrcjwa6gvqwr","id":"y0rwrcjwa6gvqwr"},"id":"511zmmf5seywgu6","previousOperationId":"fg3gqpnlhgz0m5f"}
{"type":"operationEnd","subtype":"render","operationId":"qf817i6ujiusm2v","timestamp":1708456151841,"id":"ayugfh2kvuto7nl","previousEventId":"cufjooocl7fm7gk","previousOperationId":"fg3gqpnlhgz0m5f"}
{"type":"operationEnd","doDiffs":false,"previousEventId":"8idq04fmanreblk","previousOperationId":"c1e7j22vqwc6y39","operationId":"c1e7j22vqwc6y39","timestamp":1708456151847,"id":"74c6filztavtv0m"}
