{"type":"operationStart","subtype":"profile","data":{"_id":"4vTGo4YIyRvknZe4","timestamp":"2024-02-20T19:20:49.300Z","state":"queued","mode":"standard","creationDate":"2024-02-20T19:20:49.301Z","modificationDate":"2024-02-20T19:20:49.301Z","shortid":"lW7qFif","$entitySet":"profiles"},"doDiffs":false,"timestamp":1708456849301,"id":"2mmxwu4iyss7x8q","previousOperationId":null,"operationId":"k1zzcrlix7khj43"}
{"type":"log","level":"info","message":"Render request 73 queued for execution and waiting for available worker","previousOperationId":"k1zzcrlix7khj43","timestamp":1708456849301,"id":"mc00p86kvo4k2l8"}
{"type":"operationStart","subtype":"render","name":"TemplateList","previousOperationId":"k1zzcrlix7khj43","timestamp":1708456849305,"id":"xg7mq3lmyd3zzwo","previousEventId":"2mmxwu4iyss7x8q","operationId":"71z7bh9g7o02fy6"}
{"type":"log","timestamp":1708456849306,"level":"info","message":"Starting rendering request 73","meta":{"rootId":"y6u9olz684ttuzt","id":"y6u9olz684ttuzt"},"id":"o9rzktxs5vjhy7t","previousOperationId":"71z7bh9g7o02fy6"}
{"type":"log","timestamp":1708456849306,"level":"info","message":"Rendering template { name: TemplateList, recipe: chrome-pdf, engine: handlebars, preview: false }","meta":{"rootId":"y6u9olz684ttuzt","id":"y6u9olz684ttuzt"},"id":"os37c7zcah0j630","previousOperationId":"71z7bh9g7o02fy6"}
{"type":"log","timestamp":1708456849306,"level":"debug","message":"Data item not defined for this template.","meta":{"rootId":"y6u9olz684ttuzt","id":"y6u9olz684ttuzt"},"id":"8ew99yngbm38oz5","previousOperationId":"71z7bh9g7o02fy6"}
{"type":"log","timestamp":1708456849308,"level":"debug","message":"Executing script list-data (beforeRender)","meta":{"rootId":"y6u9olz684ttuzt","id":"y6u9olz684ttuzt"},"id":"vyg8xx20b9qcfqw","previousOperationId":"71z7bh9g7o02fy6"}
{"type":"operationStart","subtype":"scriptsBeforeRender","name":"scripts beforeRender","timestamp":1708456849311,"id":"rcyy48mf2mtqeis","previousEventId":"xg7mq3lmyd3zzwo","operationId":"poi0neqqjujmy1b","previousOperationId":"71z7bh9g7o02fy6"}
{"type":"operationStart","subtype":"script","name":"scripts list-data","previousOperationId":"poi0neqqjujmy1b","timestamp":1708456849311,"id":"3y4g7r0lvvnr0nb","previousEventId":"rcyy48mf2mtqeis","operationId":"lqp7sk6tik52x0b"}
{"type":"log","timestamp":1708456849332,"level":"debug","message":"(console:log) [\n  {\n    list_description: {\n      id: 2,\n      list_name: 'sarshisha',\n      list_current_number: 13,\n      list_limit_number: 0\n    },\n    list_image: {\n      url: 'http://localhost:4000/rails/active_storage/blobs/redirect/eyJfcmFpbHMiOnsiZGF0YSI6MywicHVyIjoiYmxvYl9pZCJ9fQ==--07183cfade35ce6ffe715f60749642919ec61f5d/charcuteria.png'\n    }\n  },\n  {\n    list_description: {\n      id: 3,\n      list_name: 'stjsjshtshn',\n      list_current_number: 4,\n      list_limit_number: 0\n    },\n    list_image: {\n      url: 'http://localhost:4000/rails/active_storage/blobs/redirect/eyJfcmFpbHMiOnsiZGF0YSI6NCwicHVyIjoiYmxvYl9pZCJ9fQ==--023aae65cb60b3f6c6d73a9c76e14c0b0df6ad86/dibujoadrian.jpg'\n    }\n  },\n  {\n    list_description: {\n      id: 1,\n      list_name: 'charcuteria',\n      list_current_number: 1,\n      list_limit_number: 0\n    },\n    list_image: {\n      url: 'http://localhost:4000/rails/active_storage/blobs/redirect/eyJfcmFpbHMiOnsiZGF0YSI6MiwicHVyIjoiYmxvYl9pZCJ9fQ==--ee6d56bf52163135b48a4ba2c22b11a93e94d3b3/charcuteria.png'\n    }\n  }\n]","meta":{"userLevel":true,"rootId":"y6u9olz684ttuzt","id":"y6u9olz684ttuzt"},"id":"2fsie9sbqw8b8sq","previousOperationId":"lqp7sk6tik52x0b"}
{"type":"log","timestamp":1708456849338,"level":"debug","message":"(console:log) [\n  {\n    id: 1,\n    nickname: 'a',\n    is_admin: true,\n    suscriptor: null,\n    created_at: '2024-02-20T16:45:37.609Z',\n    updated_at: '2024-02-20T16:45:37.729Z',\n    email: 'a@a.a',\n    jti: '6a2b57ca-af4b-47a0-8285-477cffafa34b'\n  }\n]","meta":{"userLevel":true,"rootId":"y6u9olz684ttuzt","id":"y6u9olz684ttuzt"},"id":"68dl0s73hhlq6er","previousOperationId":"lqp7sk6tik52x0b"}
{"type":"operationEnd","operationId":"lqp7sk6tik52x0b","timestamp":1708456849338,"id":"5jrf34z6uq24uu6","previousEventId":"xg7mq3lmyd3zzwo","previousOperationId":"71z7bh9g7o02fy6"}
{"type":"operationEnd","operationId":"poi0neqqjujmy1b","timestamp":1708456849338,"id":"leolbja6npju4zm","previousEventId":"5jrf34z6uq24uu6","previousOperationId":"71z7bh9g7o02fy6"}
{"type":"log","timestamp":1708456849338,"level":"debug","message":"Base url not specified, skipping its injection.","meta":{"rootId":"y6u9olz684ttuzt","id":"y6u9olz684ttuzt"},"id":"3omwiahy1eafmvs","previousOperationId":"poi0neqqjujmy1b"}
{"type":"operationStart","subtype":"engine","name":"handlebars","timestamp":1708456849338,"id":"h3fens6ww2l8f6y","previousEventId":"leolbja6npju4zm","operationId":"18zb1j8eegbl90j","previousOperationId":"poi0neqqjujmy1b"}
{"type":"log","timestamp":1708456849338,"level":"debug","message":"Rendering engine handlebars","meta":{"rootId":"y6u9olz684ttuzt","id":"y6u9olz684ttuzt"},"id":"bl2yt056btm4d7q","previousOperationId":"18zb1j8eegbl90j"}
{"type":"operationEnd","operationId":"18zb1j8eegbl90j","timestamp":1708456849343,"id":"nbu9gczzkaj3wxu","previousEventId":"h3fens6ww2l8f6y","previousOperationId":"18zb1j8eegbl90j"}
{"type":"operationStart","subtype":"recipe","name":"chrome-pdf","timestamp":1708456849344,"id":"3we6oetej5veew0","previousEventId":"nbu9gczzkaj3wxu","operationId":"d4453n2ixgav3rx","previousOperationId":"18zb1j8eegbl90j"}
{"type":"log","timestamp":1708456849344,"level":"debug","message":"Executing recipe chrome-pdf","meta":{"rootId":"y6u9olz684ttuzt","id":"y6u9olz684ttuzt"},"id":"p7yn8670gu30p2r","previousOperationId":"d4453n2ixgav3rx"}
{"type":"log","timestamp":1708456849345,"level":"debug","message":"Converting with chrome HeadlessChrome/117.0.5938.149 using chrome-pool strategy","meta":{"rootId":"y6u9olz684ttuzt","id":"y6u9olz684ttuzt"},"id":"dai1ora23l5xnnc","previousOperationId":"d4453n2ixgav3rx"}
{"type":"log","timestamp":1708456849375,"level":"debug","message":"Page request: GET (document) file:///tmp/jsreport/autocleanup/66fffbee-c0fd-4d1c-af87-a75efafb7fc4-chrome-pdf.html","meta":{"rootId":"y6u9olz684ttuzt","id":"y6u9olz684ttuzt"},"id":"2i8zohyjf1jwree","previousOperationId":"d4453n2ixgav3rx"}
{"type":"log","timestamp":1708456849384,"level":"debug","message":"Page request: GET (stylesheet) https://cdn.jsdelivr.net/chartist.js/latest/chartist.min.css","meta":{"rootId":"y6u9olz684ttuzt","id":"y6u9olz684ttuzt"},"id":"mmx1l1kdgm0xk3t","previousOperationId":"d4453n2ixgav3rx"}
{"type":"log","timestamp":1708456849384,"level":"debug","message":"Page request: GET (script) https://cdn.jsdelivr.net/chartist.js/latest/chartist.min.js","meta":{"rootId":"y6u9olz684ttuzt","id":"y6u9olz684ttuzt"},"id":"tzrz5u4axaklskn","previousOperationId":"d4453n2ixgav3rx"}
{"type":"log","timestamp":1708456849384,"level":"debug","message":"Page request finished: GET (document) 200 file:///tmp/jsreport/autocleanup/66fffbee-c0fd-4d1c-af87-a75efafb7fc4-chrome-pdf.html","meta":{"rootId":"y6u9olz684ttuzt","id":"y6u9olz684ttuzt"},"id":"zw59r3i2k8qu9na","previousOperationId":"d4453n2ixgav3rx"}
{"type":"log","timestamp":1708456849386,"level":"debug","message":"Page request finished: GET (stylesheet) 200 https://cdn.jsdelivr.net/chartist.js/latest/chartist.min.css","meta":{"rootId":"y6u9olz684ttuzt","id":"y6u9olz684ttuzt"},"id":"eogxfw65rz4yuig","previousOperationId":"d4453n2ixgav3rx"}
{"type":"log","timestamp":1708456849387,"level":"debug","message":"Page request finished: GET (script) 200 https://cdn.jsdelivr.net/chartist.js/latest/chartist.min.js","meta":{"rootId":"y6u9olz684ttuzt","id":"y6u9olz684ttuzt"},"id":"egzhooxb5cfnfxe","previousOperationId":"d4453n2ixgav3rx"}
{"type":"log","timestamp":1708456849396,"level":"debug","message":"Running chrome with params {\"printBackground\":true,\"timeout\":59956,\"margin\":{}}","meta":{"rootId":"y6u9olz684ttuzt","id":"y6u9olz684ttuzt"},"id":"44ix4pfwnbh0jve","previousOperationId":"d4453n2ixgav3rx"}
{"type":"operationEnd","operationId":"d4453n2ixgav3rx","timestamp":1708456849414,"id":"8xllqb2f6iej3lg","previousEventId":"3we6oetej5veew0","previousOperationId":"d4453n2ixgav3rx"}
{"type":"log","timestamp":1708456849414,"level":"debug","message":"Skipping storing report.","meta":{"rootId":"y6u9olz684ttuzt","id":"y6u9olz684ttuzt"},"id":"fjaxu5ldn38r1wr","previousOperationId":"d4453n2ixgav3rx"}
{"type":"log","timestamp":1708456849414,"level":"info","message":"Rendering request 73 finished in 114 ms","meta":{"rootId":"y6u9olz684ttuzt","id":"y6u9olz684ttuzt"},"id":"iemuee3ivmzvemc","previousOperationId":"d4453n2ixgav3rx"}
{"type":"operationEnd","subtype":"render","operationId":"71z7bh9g7o02fy6","timestamp":1708456849414,"id":"hchnp2tei69pee7","previousEventId":"8xllqb2f6iej3lg","previousOperationId":"d4453n2ixgav3rx"}
{"type":"operationEnd","doDiffs":false,"previousEventId":"2mmxwu4iyss7x8q","previousOperationId":"k1zzcrlix7khj43","operationId":"k1zzcrlix7khj43","timestamp":1708456849415,"id":"9tfqevqur9wpx26"}
