{"type":"operationStart","subtype":"profile","data":{"_id":"ssoG36UJznvFKqvw","timestamp":"2024-02-20T17:49:02.675Z","state":"queued","mode":"standard","creationDate":"2024-02-20T17:49:02.676Z","modificationDate":"2024-02-20T17:49:02.676Z","shortid":"dZdo7kI","$entitySet":"profiles"},"doDiffs":false,"timestamp":1708451342675,"id":"nwlejchpyre55gt","previousOperationId":null,"operationId":"ai7bjn1t99wx736"}
{"type":"log","level":"info","message":"Render request 3 queued for execution and waiting for available worker","previousOperationId":"ai7bjn1t99wx736","timestamp":1708451342676,"id":"y7vmaq5kr6ergf8"}
{"type":"operationStart","subtype":"render","name":"TemplateList","previousOperationId":"ai7bjn1t99wx736","timestamp":1708451342682,"id":"6b1rdl49g54fhvo","previousEventId":"nwlejchpyre55gt","operationId":"7gu4pckp9u10ou0"}
{"type":"log","timestamp":1708451342682,"level":"info","message":"Starting rendering request 3","meta":{"rootId":"yvdxyh1hh16mk37","id":"yvdxyh1hh16mk37"},"id":"3j03erfdb8vqgb4","previousOperationId":"7gu4pckp9u10ou0"}
{"type":"log","timestamp":1708451342683,"level":"info","message":"Rendering template { name: TemplateList, recipe: chrome-pdf, engine: handlebars, preview: true }","meta":{"rootId":"yvdxyh1hh16mk37","id":"yvdxyh1hh16mk37"},"id":"1jokf28rv1cqwo6","previousOperationId":"7gu4pckp9u10ou0"}
{"type":"log","timestamp":1708451342684,"level":"debug","message":"Data item not defined for this template.","meta":{"rootId":"yvdxyh1hh16mk37","id":"yvdxyh1hh16mk37"},"id":"2sbme41ghr68zug","previousOperationId":"7gu4pckp9u10ou0"}
{"type":"log","timestamp":1708451342687,"level":"debug","message":"Executing script list-data (beforeRender)","meta":{"rootId":"yvdxyh1hh16mk37","id":"yvdxyh1hh16mk37"},"id":"99r511jwpyldqwh","previousOperationId":"7gu4pckp9u10ou0"}
{"type":"operationStart","subtype":"scriptsBeforeRender","name":"scripts beforeRender","timestamp":1708451342833,"id":"y18nwsqx7npx2pm","previousEventId":"6b1rdl49g54fhvo","operationId":"4kfm70vx564pvz4","previousOperationId":"7gu4pckp9u10ou0"}
{"type":"operationStart","subtype":"script","name":"scripts list-data","previousOperationId":"4kfm70vx564pvz4","timestamp":1708451342833,"id":"1nlfzhryibbxtnm","previousEventId":"y18nwsqx7npx2pm","operationId":"jfgz2016l1626oz"}
{"type":"log","timestamp":1708451342867,"level":"debug","message":"(console:error) Error fetching lists: TypeError: Cannot read properties of undefined (reading 'users')\n    at sandbox.js:38:30\n    at new Promise (<anonymous>)\n    at fetchusers (sandbox.js:31:12)\n    at Object.beforeRender (sandbox.js:47:32)\n    at process.processTicksAndRejections (node:internal/process/task_queues:95:5)\n    at async executionFn (/home/miguel/workspace/tibuTicket/jsreports/node_modules/@jsreport/jsreport-scripts/lib/executeScript.js:67:11)\n    at async run (/home/miguel/workspace/tibuTicket/jsreports/node_modules/@jsreport/jsreport-core/lib/worker/sandbox/createSandbox.js:137:16)\n    at async WorkerReporter.runInSandbox [as _runInSandbox] (/home/miguel/workspace/tibuTicket/jsreports/node_modules/@jsreport/jsreport-core/lib/worker/sandbox/runInSandbox.js:195:14)\n    at async executeScript (/home/miguel/workspace/tibuTicket/jsreports/node_modules/@jsreport/jsreport-scripts/lib/executeScript.js:122:12)\n    at async Scripts._runScript (/home/miguel/workspace/tibuTicket/jsreports/node_modules/@jsreport/jsreport-scripts/lib/worker.js:140:30)","meta":{"userLevel":true,"rootId":"yvdxyh1hh16mk37","id":"yvdxyh1hh16mk37"},"id":"tfrajicg0d63lja","previousOperationId":"jfgz2016l1626oz"}
{"type":"operationEnd","operationId":"jfgz2016l1626oz","timestamp":1708451342868,"id":"iya9pv1a9zlr8pi","previousEventId":"6b1rdl49g54fhvo","previousOperationId":"7gu4pckp9u10ou0"}
{"type":"operationEnd","operationId":"4kfm70vx564pvz4","timestamp":1708451342868,"id":"t8dbvhwlv4wn89z","previousEventId":"iya9pv1a9zlr8pi","previousOperationId":"7gu4pckp9u10ou0"}
{"type":"log","timestamp":1708451342868,"level":"debug","message":"Base url not specified, skipping its injection.","meta":{"rootId":"yvdxyh1hh16mk37","id":"yvdxyh1hh16mk37"},"id":"qt5jm2081yri9um","previousOperationId":"4kfm70vx564pvz4"}
{"type":"operationStart","subtype":"engine","name":"handlebars","timestamp":1708451342870,"id":"3utsl3hbm7v1vv8","previousEventId":"t8dbvhwlv4wn89z","operationId":"3tg0ver88pwdtts","previousOperationId":"4kfm70vx564pvz4"}
{"type":"log","timestamp":1708451342870,"level":"debug","message":"Rendering engine handlebars","meta":{"rootId":"yvdxyh1hh16mk37","id":"yvdxyh1hh16mk37"},"id":"i454atpr6n6lb2k","previousOperationId":"3tg0ver88pwdtts"}
{"type":"operationEnd","operationId":"3tg0ver88pwdtts","timestamp":1708451343051,"id":"4dackhz4rwdpeup","previousEventId":"3utsl3hbm7v1vv8","previousOperationId":"3tg0ver88pwdtts"}
{"type":"operationStart","subtype":"recipe","name":"chrome-pdf","timestamp":1708451343052,"id":"vgfq9w0l0t2g94k","previousEventId":"4dackhz4rwdpeup","operationId":"atieskgtoknhl41","previousOperationId":"3tg0ver88pwdtts"}
{"type":"log","timestamp":1708451343052,"level":"debug","message":"Executing recipe chrome-pdf","meta":{"rootId":"yvdxyh1hh16mk37","id":"yvdxyh1hh16mk37"},"id":"r4ywe0zo4hy75dg","previousOperationId":"atieskgtoknhl41"}
{"type":"log","timestamp":1708451343309,"level":"debug","message":"Converting with chrome HeadlessChrome/117.0.5938.149 using chrome-pool strategy","meta":{"rootId":"yvdxyh1hh16mk37","id":"yvdxyh1hh16mk37"},"id":"v5hamx9jchr8uqg","previousOperationId":"atieskgtoknhl41"}
{"type":"log","timestamp":1708451343358,"level":"debug","message":"Page request: GET (document) file:///tmp/jsreport/autocleanup/f49c0a49-2076-49ad-8655-442021104dae-chrome-pdf.html","meta":{"rootId":"yvdxyh1hh16mk37","id":"yvdxyh1hh16mk37"},"id":"fn6mixfdigpbi7a","previousOperationId":"atieskgtoknhl41"}
{"type":"log","timestamp":1708451343366,"level":"debug","message":"Page request finished: GET (document) 200 file:///tmp/jsreport/autocleanup/f49c0a49-2076-49ad-8655-442021104dae-chrome-pdf.html","meta":{"rootId":"yvdxyh1hh16mk37","id":"yvdxyh1hh16mk37"},"id":"e0lwpxhnuyb143u","previousOperationId":"atieskgtoknhl41"}
{"type":"log","timestamp":1708451343368,"level":"debug","message":"Page request: GET (stylesheet) https://cdn.jsdelivr.net/chartist.js/latest/chartist.min.css","meta":{"rootId":"yvdxyh1hh16mk37","id":"yvdxyh1hh16mk37"},"id":"mseqkk2k5cgn2s0","previousOperationId":"atieskgtoknhl41"}
{"type":"log","timestamp":1708451343368,"level":"debug","message":"Page request: GET (script) https://cdn.jsdelivr.net/chartist.js/latest/chartist.min.js","meta":{"rootId":"yvdxyh1hh16mk37","id":"yvdxyh1hh16mk37"},"id":"9c1eu5hor8l6210","previousOperationId":"atieskgtoknhl41"}
{"type":"log","timestamp":1708451343369,"level":"debug","message":"Page request: GET (script) https://code.jquery.com/jquery-3.6.0.min.js","meta":{"rootId":"yvdxyh1hh16mk37","id":"yvdxyh1hh16mk37"},"id":"49fjbwjrvsezcqx","previousOperationId":"atieskgtoknhl41"}
{"type":"log","timestamp":1708451343553,"level":"debug","message":"Page request finished: GET (stylesheet) 200 https://cdn.jsdelivr.net/chartist.js/latest/chartist.min.css","meta":{"rootId":"yvdxyh1hh16mk37","id":"yvdxyh1hh16mk37"},"id":"u5fgqb0pq30fpnc","previousOperationId":"atieskgtoknhl41"}
{"type":"log","timestamp":1708451343556,"level":"debug","message":"Page request finished: GET (script) 200 https://cdn.jsdelivr.net/chartist.js/latest/chartist.min.js","meta":{"rootId":"yvdxyh1hh16mk37","id":"yvdxyh1hh16mk37"},"id":"riwqcr2nfjmd6rn","previousOperationId":"atieskgtoknhl41"}
{"type":"log","timestamp":1708451343571,"level":"debug","message":"Page request finished: GET (script) 200 https://code.jquery.com/jquery-3.6.0.min.js","meta":{"rootId":"yvdxyh1hh16mk37","id":"yvdxyh1hh16mk37"},"id":"52iyd7hnvg3435w","previousOperationId":"atieskgtoknhl41"}
{"type":"log","timestamp":1708451343578,"level":"warn","message":"Page error: Unexpected identifier 'Object' , stack: SyntaxError: Unexpected identifier 'Object'","meta":{"rootId":"yvdxyh1hh16mk37","id":"yvdxyh1hh16mk37"},"id":"v530evgkccc0w95","previousOperationId":"atieskgtoknhl41"}
{"type":"log","timestamp":1708451343585,"level":"debug","message":"Running chrome with params {\"printBackground\":true,\"timeout\":59480,\"margin\":{}}","meta":{"rootId":"yvdxyh1hh16mk37","id":"yvdxyh1hh16mk37"},"id":"ntcwledirp7zkfm","previousOperationId":"atieskgtoknhl41"}
{"type":"operationEnd","operationId":"atieskgtoknhl41","timestamp":1708451343607,"id":"q33qiusrl5vx3v0","previousEventId":"vgfq9w0l0t2g94k","previousOperationId":"atieskgtoknhl41"}
{"type":"log","timestamp":1708451343610,"level":"debug","message":"Skipping storing report.","meta":{"rootId":"yvdxyh1hh16mk37","id":"yvdxyh1hh16mk37"},"id":"l3hsf216gbsueqh","previousOperationId":"atieskgtoknhl41"}
{"type":"log","timestamp":1708451343610,"level":"info","message":"Rendering request 3 finished in 935 ms","meta":{"rootId":"yvdxyh1hh16mk37","id":"yvdxyh1hh16mk37"},"id":"0upn5vioukxbd85","previousOperationId":"atieskgtoknhl41"}
{"type":"operationEnd","subtype":"render","operationId":"7gu4pckp9u10ou0","timestamp":1708451343610,"id":"kr84c3d681vtaca","previousEventId":"q33qiusrl5vx3v0","previousOperationId":"atieskgtoknhl41"}
{"type":"operationEnd","doDiffs":false,"previousEventId":"nwlejchpyre55gt","previousOperationId":"ai7bjn1t99wx736","operationId":"ai7bjn1t99wx736","timestamp":1708451343616,"id":"ozl0fs4ieo004hh"}
