{"type":"operationStart","subtype":"profile","data":{"_id":"dlJHxxRD1nDyXPPT","timestamp":"2024-02-20T17:50:20.417Z","state":"queued","mode":"standard","creationDate":"2024-02-20T17:50:20.419Z","modificationDate":"2024-02-20T17:50:20.419Z","shortid":"pjCADWi","$entitySet":"profiles"},"doDiffs":false,"timestamp":1708451420418,"id":"tjuuafbqlckzatz","previousOperationId":null,"operationId":"58lptjs8k8of28c"}
{"type":"log","level":"info","message":"Render request 1 queued for execution and waiting for available worker","previousOperationId":"58lptjs8k8of28c","timestamp":1708451420418,"id":"cm3qz8n9j6ul7wv"}
{"type":"operationStart","subtype":"render","name":"TemplateList","previousOperationId":"58lptjs8k8of28c","timestamp":1708451420440,"id":"tukvgwvpehz41ge","previousEventId":"tjuuafbqlckzatz","operationId":"890cqztp43ck96r"}
{"type":"log","timestamp":1708451420441,"level":"info","message":"Starting rendering request 1","meta":{"rootId":"zjqoahaug6f6ts5","id":"zjqoahaug6f6ts5"},"id":"hkzpiin2zxb4ie9","previousOperationId":"890cqztp43ck96r"}
{"type":"log","timestamp":1708451420442,"level":"info","message":"Rendering template { name: TemplateList, recipe: chrome-pdf, engine: handlebars, preview: true }","meta":{"rootId":"zjqoahaug6f6ts5","id":"zjqoahaug6f6ts5"},"id":"y86xyo2nfbbati3","previousOperationId":"890cqztp43ck96r"}
{"type":"log","timestamp":1708451420443,"level":"debug","message":"Data item not defined for this template.","meta":{"rootId":"zjqoahaug6f6ts5","id":"zjqoahaug6f6ts5"},"id":"ppbhpw6xwqrkq6i","previousOperationId":"890cqztp43ck96r"}
{"type":"log","timestamp":1708451420445,"level":"debug","message":"Executing script list-data (beforeRender)","meta":{"rootId":"zjqoahaug6f6ts5","id":"zjqoahaug6f6ts5"},"id":"73zcmignielf2gt","previousOperationId":"890cqztp43ck96r"}
{"type":"operationStart","subtype":"scriptsBeforeRender","name":"scripts beforeRender","timestamp":1708451420591,"id":"c7i89ag77se1x30","previousEventId":"tukvgwvpehz41ge","operationId":"0ms0siurp46gacp","previousOperationId":"890cqztp43ck96r"}
{"type":"operationStart","subtype":"script","name":"scripts list-data","previousOperationId":"0ms0siurp46gacp","timestamp":1708451420591,"id":"s142bs217w1xo74","previousEventId":"c7i89ag77se1x30","operationId":"5r9qkusgo6uwf0i"}
{"type":"log","timestamp":1708451420625,"level":"debug","message":"(console:log) [\n  {\n    list_description: {\n      id: 1,\n      list_name: 'charcuteria',\n      list_current_number: 0,\n      list_limit_number: 0\n    },\n    list_image: {\n      url: 'http://localhost:4000/rails/active_storage/blobs/redirect/eyJfcmFpbHMiOnsiZGF0YSI6MiwicHVyIjoiYmxvYl9pZCJ9fQ==--ee6d56bf52163135b48a4ba2c22b11a93e94d3b3/charcuteria.png'\n    }\n  },\n  {\n    list_description: {\n      id: 2,\n      list_name: 'sarshisha',\n      list_current_number: 0,\n      list_limit_number: 0\n    },\n    list_image: {\n      url: 'http://localhost:4000/rails/active_storage/blobs/redirect/eyJfcmFpbHMiOnsiZGF0YSI6MywicHVyIjoiYmxvYl9pZCJ9fQ==--07183cfade35ce6ffe715f60749642919ec61f5d/charcuteria.png'\n    }\n  },\n  {\n    list_description: {\n      id: 3,\n      list_name: 'stjsjshtshn',\n      list_current_number: 0,\n      list_limit_number: 0\n    },\n    list_image: {\n      url: 'http://localhost:4000/rails/active_storage/blobs/redirect/eyJfcmFpbHMiOnsiZGF0YSI6NCwicHVyIjoiYmxvYl9pZCJ9fQ==--023aae65cb60b3f6c6d73a9c76e14c0b0df6ad86/dibujoadrian.jpg'\n    }\n  }\n]","meta":{"userLevel":true,"rootId":"zjqoahaug6f6ts5","id":"zjqoahaug6f6ts5"},"id":"q1tr198d2gqvpzw","previousOperationId":"5r9qkusgo6uwf0i"}
{"type":"operationEnd","operationId":"5r9qkusgo6uwf0i","timestamp":1708451420626,"id":"ufku6uuqm9x1xqq","previousEventId":"tukvgwvpehz41ge","previousOperationId":"890cqztp43ck96r"}
{"type":"operationEnd","operationId":"0ms0siurp46gacp","timestamp":1708451420626,"id":"qgos5hy4t9hw83y","previousEventId":"ufku6uuqm9x1xqq","previousOperationId":"890cqztp43ck96r"}
{"type":"log","timestamp":1708451420626,"level":"debug","message":"Base url not specified, skipping its injection.","meta":{"rootId":"zjqoahaug6f6ts5","id":"zjqoahaug6f6ts5"},"id":"gzp4n7p4y31hjvd","previousOperationId":"0ms0siurp46gacp"}
{"type":"operationStart","subtype":"engine","name":"handlebars","timestamp":1708451420627,"id":"nbotqq27bfok52c","previousEventId":"qgos5hy4t9hw83y","operationId":"bvqseu6ktacnu60","previousOperationId":"0ms0siurp46gacp"}
{"type":"log","timestamp":1708451420627,"level":"debug","message":"Rendering engine handlebars","meta":{"rootId":"zjqoahaug6f6ts5","id":"zjqoahaug6f6ts5"},"id":"ibcfc9xs327crbg","previousOperationId":"bvqseu6ktacnu60"}
{"type":"operationEnd","operationId":"bvqseu6ktacnu60","timestamp":1708451420819,"id":"9638yxyefd3ob5t","previousEventId":"nbotqq27bfok52c","previousOperationId":"bvqseu6ktacnu60"}
{"type":"operationStart","subtype":"recipe","name":"chrome-pdf","timestamp":1708451420819,"id":"h92kcldoso23j4v","previousEventId":"9638yxyefd3ob5t","operationId":"i6cp2g1ftjw7azr","previousOperationId":"bvqseu6ktacnu60"}
{"type":"log","timestamp":1708451420820,"level":"debug","message":"Executing recipe chrome-pdf","meta":{"rootId":"zjqoahaug6f6ts5","id":"zjqoahaug6f6ts5"},"id":"uxhytcllwmy6umw","previousOperationId":"i6cp2g1ftjw7azr"}
{"type":"log","timestamp":1708451421080,"level":"debug","message":"Converting with chrome HeadlessChrome/117.0.5938.149 using chrome-pool strategy","meta":{"rootId":"zjqoahaug6f6ts5","id":"zjqoahaug6f6ts5"},"id":"65rhoeh7px9cqne","previousOperationId":"i6cp2g1ftjw7azr"}
{"type":"log","timestamp":1708451421138,"level":"debug","message":"Page request: GET (document) file:///tmp/jsreport/autocleanup/1b35730a-0409-45e1-8785-a76bdcad5ca6-chrome-pdf.html","meta":{"rootId":"zjqoahaug6f6ts5","id":"zjqoahaug6f6ts5"},"id":"wpod6f9kqzy5ay9","previousOperationId":"i6cp2g1ftjw7azr"}
{"type":"log","timestamp":1708451421145,"level":"debug","message":"Page request: GET (stylesheet) https://cdn.jsdelivr.net/chartist.js/latest/chartist.min.css","meta":{"rootId":"zjqoahaug6f6ts5","id":"zjqoahaug6f6ts5"},"id":"kotwujwatjw3k2z","previousOperationId":"i6cp2g1ftjw7azr"}
{"type":"log","timestamp":1708451421146,"level":"debug","message":"Page request: GET (script) https://cdn.jsdelivr.net/chartist.js/latest/chartist.min.js","meta":{"rootId":"zjqoahaug6f6ts5","id":"zjqoahaug6f6ts5"},"id":"j0khmut0n6xbm1f","previousOperationId":"i6cp2g1ftjw7azr"}
{"type":"log","timestamp":1708451421146,"level":"debug","message":"Page request: GET (script) https://code.jquery.com/jquery-3.6.0.min.js","meta":{"rootId":"zjqoahaug6f6ts5","id":"zjqoahaug6f6ts5"},"id":"z4efecrjtxtg8pj","previousOperationId":"i6cp2g1ftjw7azr"}
{"type":"log","timestamp":1708451421147,"level":"debug","message":"Page request finished: GET (document) 200 file:///tmp/jsreport/autocleanup/1b35730a-0409-45e1-8785-a76bdcad5ca6-chrome-pdf.html","meta":{"rootId":"zjqoahaug6f6ts5","id":"zjqoahaug6f6ts5"},"id":"j3kyvub45d21zdh","previousOperationId":"i6cp2g1ftjw7azr"}
{"type":"log","timestamp":1708451421338,"level":"debug","message":"Page request finished: GET (stylesheet) 200 https://cdn.jsdelivr.net/chartist.js/latest/chartist.min.css","meta":{"rootId":"zjqoahaug6f6ts5","id":"zjqoahaug6f6ts5"},"id":"uaj1rv5bacavrmu","previousOperationId":"i6cp2g1ftjw7azr"}
{"type":"log","timestamp":1708451421342,"level":"debug","message":"Page request finished: GET (script) 200 https://cdn.jsdelivr.net/chartist.js/latest/chartist.min.js","meta":{"rootId":"zjqoahaug6f6ts5","id":"zjqoahaug6f6ts5"},"id":"2xjm6jz6iryzsj5","previousOperationId":"i6cp2g1ftjw7azr"}
{"type":"log","timestamp":1708451421347,"level":"debug","message":"Page request finished: GET (script) 200 https://code.jquery.com/jquery-3.6.0.min.js","meta":{"rootId":"zjqoahaug6f6ts5","id":"zjqoahaug6f6ts5"},"id":"rq1mlkmlfwdic3c","previousOperationId":"i6cp2g1ftjw7azr"}
{"type":"log","timestamp":1708451421354,"level":"warn","message":"Page error: Unexpected identifier 'Object' , stack: SyntaxError: Unexpected identifier 'Object'","meta":{"rootId":"zjqoahaug6f6ts5","id":"zjqoahaug6f6ts5"},"id":"ayhbzo93zm402gd","previousOperationId":"i6cp2g1ftjw7azr"}
{"type":"log","timestamp":1708451421362,"level":"debug","message":"Running chrome with params {\"printBackground\":true,\"timeout\":59456,\"margin\":{}}","meta":{"rootId":"zjqoahaug6f6ts5","id":"zjqoahaug6f6ts5"},"id":"0qker3fh4da2vjv","previousOperationId":"i6cp2g1ftjw7azr"}
{"type":"operationEnd","operationId":"i6cp2g1ftjw7azr","timestamp":1708451421381,"id":"z51c7wp1s0b4sh1","previousEventId":"h92kcldoso23j4v","previousOperationId":"i6cp2g1ftjw7azr"}
{"type":"log","timestamp":1708451421382,"level":"debug","message":"Skipping storing report.","meta":{"rootId":"zjqoahaug6f6ts5","id":"zjqoahaug6f6ts5"},"id":"p79pcu0qgfh2gdh","previousOperationId":"i6cp2g1ftjw7azr"}
{"type":"log","timestamp":1708451421382,"level":"info","message":"Rendering request 1 finished in 965 ms","meta":{"rootId":"zjqoahaug6f6ts5","id":"zjqoahaug6f6ts5"},"id":"aii9fr9yl55j7ke","previousOperationId":"i6cp2g1ftjw7azr"}
{"type":"operationEnd","subtype":"render","operationId":"890cqztp43ck96r","timestamp":1708451421382,"id":"kha4gzl0y560pfi","previousEventId":"z51c7wp1s0b4sh1","previousOperationId":"i6cp2g1ftjw7azr"}
{"type":"operationEnd","doDiffs":false,"previousEventId":"tjuuafbqlckzatz","previousOperationId":"58lptjs8k8of28c","operationId":"58lptjs8k8of28c","timestamp":1708451421387,"id":"rrc3m499x0c62n7"}
