{"type":"operationStart","subtype":"profile","data":{"_id":"PhaFfcw6QDA7vzWp","timestamp":"2024-02-21T15:12:40.100Z","state":"queued","mode":"standard","creationDate":"2024-02-21T15:12:40.100Z","modificationDate":"2024-02-21T15:12:40.100Z","shortid":"z9iwJ5h","$entitySet":"profiles"},"doDiffs":false,"timestamp":1708528360100,"id":"8553e6xqqeopdy8","previousOperationId":null,"operationId":"tv4ahspx5zddwnx"}
{"type":"log","level":"info","message":"Render request 3 queued for execution and waiting for available worker","previousOperationId":"tv4ahspx5zddwnx","timestamp":1708528360100,"id":"ee76rah518qxd0c"}
{"type":"operationStart","subtype":"render","name":"TemplateGraphic","previousOperationId":"tv4ahspx5zddwnx","timestamp":1708528360104,"id":"4o0afboxv2bnanl","previousEventId":"8553e6xqqeopdy8","operationId":"stfe4py9u9gwjna"}
{"type":"log","timestamp":1708528360104,"level":"info","message":"Starting rendering request 3","meta":{"rootId":"1hs3tmo7yhbos7t","id":"1hs3tmo7yhbos7t"},"id":"5ezzzotnzky4lqw","previousOperationId":"stfe4py9u9gwjna"}
{"type":"log","timestamp":1708528360104,"level":"info","message":"Rendering template { name: TemplateGraphic, recipe: chrome-pdf, engine: handlebars, preview: false }","meta":{"rootId":"1hs3tmo7yhbos7t","id":"1hs3tmo7yhbos7t"},"id":"5gshyac6wgc9th3","previousOperationId":"stfe4py9u9gwjna"}
{"type":"log","timestamp":1708528360104,"level":"debug","message":"Data item not defined for this template.","meta":{"rootId":"1hs3tmo7yhbos7t","id":"1hs3tmo7yhbos7t"},"id":"8er4g8yxpv5zjga","previousOperationId":"stfe4py9u9gwjna"}
{"type":"log","timestamp":1708528360106,"level":"debug","message":"Executing script list-data (beforeRender)","meta":{"rootId":"1hs3tmo7yhbos7t","id":"1hs3tmo7yhbos7t"},"id":"ut64qxppwzytiri","previousOperationId":"stfe4py9u9gwjna"}
{"type":"operationStart","subtype":"scriptsBeforeRender","name":"scripts beforeRender","timestamp":1708528360109,"id":"wwsbt5i2jc5aeva","previousEventId":"4o0afboxv2bnanl","operationId":"n9nnkp9x1nguf9p","previousOperationId":"stfe4py9u9gwjna"}
{"type":"operationStart","subtype":"script","name":"scripts list-data","previousOperationId":"n9nnkp9x1nguf9p","timestamp":1708528360109,"id":"5dt7qy248pmaeod","previousEventId":"wwsbt5i2jc5aeva","operationId":"eyqatqhtm4ekgl8"}
{"type":"log","timestamp":1708528360115,"level":"debug","message":"(console:log) []","meta":{"userLevel":true,"rootId":"1hs3tmo7yhbos7t","id":"1hs3tmo7yhbos7t"},"id":"yxtih7biunldsay","previousOperationId":"eyqatqhtm4ekgl8"}
{"type":"log","timestamp":1708528360122,"level":"debug","message":"(console:log) [\n  {\n    id: 1,\n    nickname: 'a',\n    is_admin: true,\n    suscriptor: null,\n    created_at: '2024-02-21T15:10:53.705Z',\n    updated_at: '2024-02-21T15:10:53.705Z',\n    email: 'aa@aa',\n    jti: '19ae21bd-9ffc-485b-939b-487af72659c6'\n  }\n]","meta":{"userLevel":true,"rootId":"1hs3tmo7yhbos7t","id":"1hs3tmo7yhbos7t"},"id":"7ik4tsh94uh76z1","previousOperationId":"eyqatqhtm4ekgl8"}
{"type":"operationEnd","operationId":"eyqatqhtm4ekgl8","timestamp":1708528360122,"id":"kk2bd3lcr9i81tb","previousEventId":"4o0afboxv2bnanl","previousOperationId":"stfe4py9u9gwjna"}
{"type":"operationEnd","operationId":"n9nnkp9x1nguf9p","timestamp":1708528360122,"id":"ldny9mgwa4kmnc1","previousEventId":"kk2bd3lcr9i81tb","previousOperationId":"stfe4py9u9gwjna"}
{"type":"log","timestamp":1708528360122,"level":"debug","message":"Base url not specified, skipping its injection.","meta":{"rootId":"1hs3tmo7yhbos7t","id":"1hs3tmo7yhbos7t"},"id":"lp8vzg7jk3hw0az","previousOperationId":"n9nnkp9x1nguf9p"}
{"type":"operationStart","subtype":"engine","name":"handlebars","timestamp":1708528360122,"id":"2s02hy9m5k6gy1x","previousEventId":"ldny9mgwa4kmnc1","operationId":"g2smodxh24j38vv","previousOperationId":"n9nnkp9x1nguf9p"}
{"type":"log","timestamp":1708528360122,"level":"debug","message":"Rendering engine handlebars","meta":{"rootId":"1hs3tmo7yhbos7t","id":"1hs3tmo7yhbos7t"},"id":"81k73huscbuyq5a","previousOperationId":"g2smodxh24j38vv"}
{"type":"operationEnd","operationId":"g2smodxh24j38vv","timestamp":1708528360131,"id":"mcici5bltojt8nd","previousEventId":"2s02hy9m5k6gy1x","previousOperationId":"g2smodxh24j38vv"}
{"type":"operationStart","subtype":"recipe","name":"chrome-pdf","timestamp":1708528360131,"id":"ywkamomk3swd9ab","previousEventId":"mcici5bltojt8nd","operationId":"ngc0nrjb7yefu78","previousOperationId":"g2smodxh24j38vv"}
{"type":"log","timestamp":1708528360131,"level":"debug","message":"Executing recipe chrome-pdf","meta":{"rootId":"1hs3tmo7yhbos7t","id":"1hs3tmo7yhbos7t"},"id":"6vycozojbjjqxu9","previousOperationId":"ngc0nrjb7yefu78"}
{"type":"log","timestamp":1708528360132,"level":"debug","message":"Converting with chrome HeadlessChrome/117.0.5938.149 using chrome-pool strategy","meta":{"rootId":"1hs3tmo7yhbos7t","id":"1hs3tmo7yhbos7t"},"id":"3lyy9izy5yofam3","previousOperationId":"ngc0nrjb7yefu78"}
{"type":"log","timestamp":1708528360151,"level":"debug","message":"Page request: GET (document) file:///tmp/jsreport/autocleanup/f1b595e9-38fc-4bd9-88ef-844f7afbb831-chrome-pdf.html","meta":{"rootId":"1hs3tmo7yhbos7t","id":"1hs3tmo7yhbos7t"},"id":"pqkhdafwdsto6mk","previousOperationId":"ngc0nrjb7yefu78"}
{"type":"log","timestamp":1708528360157,"level":"debug","message":"Page request: GET (stylesheet) https://cdn.jsdelivr.net/chartist.js/latest/chartist.min.css","meta":{"rootId":"1hs3tmo7yhbos7t","id":"1hs3tmo7yhbos7t"},"id":"nqe1l7y9uz0x8gs","previousOperationId":"ngc0nrjb7yefu78"}
{"type":"log","timestamp":1708528360157,"level":"debug","message":"Page request: GET (script) https://cdn.jsdelivr.net/chartist.js/latest/chartist.min.js","meta":{"rootId":"1hs3tmo7yhbos7t","id":"1hs3tmo7yhbos7t"},"id":"9zl7a7cm1u87oeu","previousOperationId":"ngc0nrjb7yefu78"}
{"type":"log","timestamp":1708528360157,"level":"debug","message":"Page request finished: GET (document) 200 file:///tmp/jsreport/autocleanup/f1b595e9-38fc-4bd9-88ef-844f7afbb831-chrome-pdf.html","meta":{"rootId":"1hs3tmo7yhbos7t","id":"1hs3tmo7yhbos7t"},"id":"y1ofuwbm21ot8cw","previousOperationId":"ngc0nrjb7yefu78"}
{"type":"log","timestamp":1708528360159,"level":"debug","message":"Page request finished: GET (stylesheet) 200 https://cdn.jsdelivr.net/chartist.js/latest/chartist.min.css","meta":{"rootId":"1hs3tmo7yhbos7t","id":"1hs3tmo7yhbos7t"},"id":"wry8m97oxvhgzty","previousOperationId":"ngc0nrjb7yefu78"}
{"type":"log","timestamp":1708528360160,"level":"debug","message":"Page request finished: GET (script) 200 https://cdn.jsdelivr.net/chartist.js/latest/chartist.min.js","meta":{"rootId":"1hs3tmo7yhbos7t","id":"1hs3tmo7yhbos7t"},"id":"29shrwvwwgt6psf","previousOperationId":"ngc0nrjb7yefu78"}
{"type":"log","timestamp":1708528360177,"level":"debug","message":"Running chrome with params {\"printBackground\":true,\"timeout\":59968,\"margin\":{}}","meta":{"rootId":"1hs3tmo7yhbos7t","id":"1hs3tmo7yhbos7t"},"id":"5f71lquu2q4wzw2","previousOperationId":"ngc0nrjb7yefu78"}
{"type":"operationEnd","operationId":"ngc0nrjb7yefu78","timestamp":1708528360186,"id":"o36zi33px0ugsck","previousEventId":"ywkamomk3swd9ab","previousOperationId":"ngc0nrjb7yefu78"}
{"type":"log","timestamp":1708528360186,"level":"debug","message":"Skipping storing report.","meta":{"rootId":"1hs3tmo7yhbos7t","id":"1hs3tmo7yhbos7t"},"id":"5ou7gffhp28c1ui","previousOperationId":"ngc0nrjb7yefu78"}
{"type":"log","timestamp":1708528360186,"level":"info","message":"Rendering request 3 finished in 87 ms","meta":{"rootId":"1hs3tmo7yhbos7t","id":"1hs3tmo7yhbos7t"},"id":"2cc0hljnuedqu46","previousOperationId":"ngc0nrjb7yefu78"}
{"type":"operationEnd","subtype":"render","operationId":"stfe4py9u9gwjna","timestamp":1708528360186,"id":"tpz77yh4xcl1mw4","previousEventId":"o36zi33px0ugsck","previousOperationId":"ngc0nrjb7yefu78"}
{"type":"operationEnd","doDiffs":false,"previousEventId":"8553e6xqqeopdy8","previousOperationId":"tv4ahspx5zddwnx","operationId":"tv4ahspx5zddwnx","timestamp":1708528360187,"id":"wp9i85d3fqclb9n"}
