{"type":"operationStart","subtype":"profile","data":{"_id":"Fbi4Cwzfm6Blk2Lj","timestamp":"2024-02-20T19:40:04.861Z","state":"queued","mode":"standard","creationDate":"2024-02-20T19:40:04.862Z","modificationDate":"2024-02-20T19:40:04.862Z","shortid":"x3rkfDe","$entitySet":"profiles"},"doDiffs":false,"timestamp":1708458004862,"id":"cmkbw3wvi6psnbv","previousOperationId":null,"operationId":"igtplo51hskcsqd"}
{"type":"log","level":"info","message":"Render request 92 queued for execution and waiting for available worker","previousOperationId":"igtplo51hskcsqd","timestamp":1708458004862,"id":"jzumy452pqi79ov"}
{"type":"operationStart","subtype":"render","name":"TemplateGraphic","previousOperationId":"igtplo51hskcsqd","timestamp":1708458004867,"id":"22i0rkt42oz1mgn","previousEventId":"cmkbw3wvi6psnbv","operationId":"7hhtz7fz1ct07pd"}
{"type":"log","timestamp":1708458004867,"level":"info","message":"Starting rendering request 92","meta":{"rootId":"ahs2tjtanv4sn2d","id":"ahs2tjtanv4sn2d"},"id":"6nydxeva27h0mm6","previousOperationId":"7hhtz7fz1ct07pd"}
{"type":"log","timestamp":1708458004867,"level":"info","message":"Rendering template { name: TemplateGraphic, recipe: chrome-pdf, engine: handlebars, preview: false }","meta":{"rootId":"ahs2tjtanv4sn2d","id":"ahs2tjtanv4sn2d"},"id":"zlnieextanb46jn","previousOperationId":"7hhtz7fz1ct07pd"}
{"type":"log","timestamp":1708458004867,"level":"debug","message":"Data item not defined for this template.","meta":{"rootId":"ahs2tjtanv4sn2d","id":"ahs2tjtanv4sn2d"},"id":"rppa9brj8coc6qd","previousOperationId":"7hhtz7fz1ct07pd"}
{"type":"log","timestamp":1708458004869,"level":"debug","message":"Executing script list-data (beforeRender)","meta":{"rootId":"ahs2tjtanv4sn2d","id":"ahs2tjtanv4sn2d"},"id":"f5wg21mhgnblgbk","previousOperationId":"7hhtz7fz1ct07pd"}
{"type":"operationStart","subtype":"scriptsBeforeRender","name":"scripts beforeRender","timestamp":1708458004873,"id":"dxu1f92otqvyoel","previousEventId":"22i0rkt42oz1mgn","operationId":"iqb8tszdkqj406y","previousOperationId":"7hhtz7fz1ct07pd"}
{"type":"operationStart","subtype":"script","name":"scripts list-data","previousOperationId":"iqb8tszdkqj406y","timestamp":1708458004873,"id":"mepafjc0nm5uxxc","previousEventId":"dxu1f92otqvyoel","operationId":"63dzta076h4a6bh"}
{"type":"log","timestamp":1708458004891,"level":"debug","message":"(console:log) [\n  {\n    list_description: {\n      id: 2,\n      list_name: 'sarshisha',\n      list_current_number: 13,\n      list_limit_number: 0\n    },\n    list_image: {\n      url: 'http://localhost:4000/rails/active_storage/blobs/redirect/eyJfcmFpbHMiOnsiZGF0YSI6MywicHVyIjoiYmxvYl9pZCJ9fQ==--07183cfade35ce6ffe715f60749642919ec61f5d/charcuteria.png'\n    }\n  },\n  {\n    list_description: {\n      id: 3,\n      list_name: 'stjsjshtshn',\n      list_current_number: 4,\n      list_limit_number: 0\n    },\n    list_image: {\n      url: 'http://localhost:4000/rails/active_storage/blobs/redirect/eyJfcmFpbHMiOnsiZGF0YSI6NCwicHVyIjoiYmxvYl9pZCJ9fQ==--023aae65cb60b3f6c6d73a9c76e14c0b0df6ad86/dibujoadrian.jpg'\n    }\n  },\n  {\n    list_description: {\n      id: 1,\n      list_name: 'charcuteria',\n      list_current_number: 1,\n      list_limit_number: 0\n    },\n    list_image: {\n      url: 'http://localhost:4000/rails/active_storage/blobs/redirect/eyJfcmFpbHMiOnsiZGF0YSI6MiwicHVyIjoiYmxvYl9pZCJ9fQ==--ee6d56bf52163135b48a4ba2c22b11a93e94d3b3/charcuteria.png'\n    }\n  }\n]","meta":{"userLevel":true,"rootId":"ahs2tjtanv4sn2d","id":"ahs2tjtanv4sn2d"},"id":"hzxd5whwmo12jey","previousOperationId":"63dzta076h4a6bh"}
{"type":"log","timestamp":1708458004899,"level":"debug","message":"(console:log) [\n  {\n    id: 1,\n    nickname: 'a',\n    is_admin: true,\n    suscriptor: null,\n    created_at: '2024-02-20T16:45:37.609Z',\n    updated_at: '2024-02-20T16:45:37.729Z',\n    email: 'a@a.a',\n    jti: '6a2b57ca-af4b-47a0-8285-477cffafa34b'\n  }\n]","meta":{"userLevel":true,"rootId":"ahs2tjtanv4sn2d","id":"ahs2tjtanv4sn2d"},"id":"wx2kaznr1u8i6r0","previousOperationId":"63dzta076h4a6bh"}
{"type":"operationEnd","operationId":"63dzta076h4a6bh","timestamp":1708458004899,"id":"t6yj8lol4y9nbsu","previousEventId":"22i0rkt42oz1mgn","previousOperationId":"7hhtz7fz1ct07pd"}
{"type":"operationEnd","operationId":"iqb8tszdkqj406y","timestamp":1708458004899,"id":"db4l4i0jt61in33","previousEventId":"t6yj8lol4y9nbsu","previousOperationId":"7hhtz7fz1ct07pd"}
{"type":"log","timestamp":1708458004899,"level":"debug","message":"Base url not specified, skipping its injection.","meta":{"rootId":"ahs2tjtanv4sn2d","id":"ahs2tjtanv4sn2d"},"id":"kscpyy5wj5k8uo2","previousOperationId":"iqb8tszdkqj406y"}
{"type":"operationStart","subtype":"engine","name":"handlebars","timestamp":1708458004899,"id":"kwxbjrbdfcdwo14","previousEventId":"db4l4i0jt61in33","operationId":"kbs41nj8fm7p5us","previousOperationId":"iqb8tszdkqj406y"}
{"type":"log","timestamp":1708458004899,"level":"debug","message":"Rendering engine handlebars","meta":{"rootId":"ahs2tjtanv4sn2d","id":"ahs2tjtanv4sn2d"},"id":"u5qaojk6nhx2x2z","previousOperationId":"kbs41nj8fm7p5us"}
{"type":"operationEnd","operationId":"kbs41nj8fm7p5us","timestamp":1708458004907,"id":"n71feuehimm98z0","previousEventId":"kwxbjrbdfcdwo14","previousOperationId":"kbs41nj8fm7p5us"}
{"type":"operationStart","subtype":"recipe","name":"chrome-pdf","timestamp":1708458004907,"id":"v7jrf1omnajvtdz","previousEventId":"n71feuehimm98z0","operationId":"ktqfevkth4vsc8l","previousOperationId":"kbs41nj8fm7p5us"}
{"type":"log","timestamp":1708458004907,"level":"debug","message":"Executing recipe chrome-pdf","meta":{"rootId":"ahs2tjtanv4sn2d","id":"ahs2tjtanv4sn2d"},"id":"rxje1ndxpuejzil","previousOperationId":"ktqfevkth4vsc8l"}
{"type":"log","timestamp":1708458004908,"level":"debug","message":"Converting with chrome HeadlessChrome/117.0.5938.149 using chrome-pool strategy","meta":{"rootId":"ahs2tjtanv4sn2d","id":"ahs2tjtanv4sn2d"},"id":"59tanmmi6gmr363","previousOperationId":"ktqfevkth4vsc8l"}
{"type":"log","timestamp":1708458004934,"level":"debug","message":"Page request: GET (document) file:///tmp/jsreport/autocleanup/13b45643-d685-4c27-a210-a9470a42c8c0-chrome-pdf.html","meta":{"rootId":"ahs2tjtanv4sn2d","id":"ahs2tjtanv4sn2d"},"id":"gfhzl5ofchuaspc","previousOperationId":"ktqfevkth4vsc8l"}
{"type":"log","timestamp":1708458004942,"level":"debug","message":"Page request: GET (stylesheet) https://cdn.jsdelivr.net/chartist.js/latest/chartist.min.css","meta":{"rootId":"ahs2tjtanv4sn2d","id":"ahs2tjtanv4sn2d"},"id":"mwvmyc3nx501yvg","previousOperationId":"ktqfevkth4vsc8l"}
{"type":"log","timestamp":1708458004942,"level":"debug","message":"Page request: GET (script) https://cdn.jsdelivr.net/chartist.js/latest/chartist.min.js","meta":{"rootId":"ahs2tjtanv4sn2d","id":"ahs2tjtanv4sn2d"},"id":"3xgbuiy42cs6rhs","previousOperationId":"ktqfevkth4vsc8l"}
{"type":"log","timestamp":1708458004942,"level":"debug","message":"Page request finished: GET (document) 200 file:///tmp/jsreport/autocleanup/13b45643-d685-4c27-a210-a9470a42c8c0-chrome-pdf.html","meta":{"rootId":"ahs2tjtanv4sn2d","id":"ahs2tjtanv4sn2d"},"id":"dtz3p48t0kj0088","previousOperationId":"ktqfevkth4vsc8l"}
{"type":"log","timestamp":1708458004944,"level":"debug","message":"Page request finished: GET (stylesheet) 200 https://cdn.jsdelivr.net/chartist.js/latest/chartist.min.css","meta":{"rootId":"ahs2tjtanv4sn2d","id":"ahs2tjtanv4sn2d"},"id":"8sp43dlxn97wnbb","previousOperationId":"ktqfevkth4vsc8l"}
{"type":"log","timestamp":1708458004945,"level":"debug","message":"Page request finished: GET (script) 200 https://cdn.jsdelivr.net/chartist.js/latest/chartist.min.js","meta":{"rootId":"ahs2tjtanv4sn2d","id":"ahs2tjtanv4sn2d"},"id":"voh2rgvon1km5e5","previousOperationId":"ktqfevkth4vsc8l"}
{"type":"log","timestamp":1708458004955,"level":"debug","message":"Running chrome with params {\"printBackground\":true,\"timeout\":59954,\"margin\":{}}","meta":{"rootId":"ahs2tjtanv4sn2d","id":"ahs2tjtanv4sn2d"},"id":"4ii5432t48x543i","previousOperationId":"ktqfevkth4vsc8l"}
{"type":"operationEnd","operationId":"ktqfevkth4vsc8l","timestamp":1708458004968,"id":"eii8qjf5k6jdrgf","previousEventId":"v7jrf1omnajvtdz","previousOperationId":"ktqfevkth4vsc8l"}
{"type":"log","timestamp":1708458004968,"level":"debug","message":"Skipping storing report.","meta":{"rootId":"ahs2tjtanv4sn2d","id":"ahs2tjtanv4sn2d"},"id":"58a4f76vhzl89fw","previousOperationId":"ktqfevkth4vsc8l"}
{"type":"log","timestamp":1708458004968,"level":"info","message":"Rendering request 92 finished in 107 ms","meta":{"rootId":"ahs2tjtanv4sn2d","id":"ahs2tjtanv4sn2d"},"id":"zvwqop6vdvdc0au","previousOperationId":"ktqfevkth4vsc8l"}
{"type":"operationEnd","subtype":"render","operationId":"7hhtz7fz1ct07pd","timestamp":1708458004968,"id":"iyd40clpt77iuk6","previousEventId":"eii8qjf5k6jdrgf","previousOperationId":"ktqfevkth4vsc8l"}
{"type":"operationEnd","doDiffs":false,"previousEventId":"cmkbw3wvi6psnbv","previousOperationId":"igtplo51hskcsqd","operationId":"igtplo51hskcsqd","timestamp":1708458004970,"id":"xig1kytz5j20adz"}
