{"type":"operationStart","subtype":"profile","data":{"_id":"VcNJ4iui7QVvC41d","timestamp":"2024-02-23T19:18:09.737Z","state":"queued","mode":"standard","creationDate":"2024-02-23T19:18:09.738Z","modificationDate":"2024-02-23T19:18:09.738Z","shortid":"tPG2hs3","$entitySet":"profiles"},"doDiffs":false,"timestamp":1708715889738,"id":"qjuq0dm994pzyef","previousOperationId":null,"operationId":"396zcrsjamghyou"}
{"type":"log","level":"info","message":"Render request 5 queued for execution and waiting for available worker","previousOperationId":"396zcrsjamghyou","timestamp":1708715889738,"id":"e9y5of1xq7f50nq"}
{"type":"operationStart","subtype":"render","name":"TemplateGraphic","previousOperationId":"396zcrsjamghyou","timestamp":1708715889743,"id":"a1k30va99ncmw57","previousEventId":"qjuq0dm994pzyef","operationId":"2cf1y2f2x25id7s"}
{"type":"log","timestamp":1708715889743,"level":"info","message":"Starting rendering request 5","meta":{"rootId":"amuqsdc9546nvqu","id":"amuqsdc9546nvqu"},"id":"hcrncccn9x3vohk","previousOperationId":"2cf1y2f2x25id7s"}
{"type":"log","timestamp":1708715889743,"level":"info","message":"Rendering template { name: TemplateGraphic, recipe: chrome-pdf, engine: handlebars, preview: false }","meta":{"rootId":"amuqsdc9546nvqu","id":"amuqsdc9546nvqu"},"id":"9fa3zgunvpt98d9","previousOperationId":"2cf1y2f2x25id7s"}
{"type":"log","timestamp":1708715889743,"level":"debug","message":"Inline data specified.","meta":{"rootId":"amuqsdc9546nvqu","id":"amuqsdc9546nvqu"},"id":"jd8qzvn87ya0g2m","previousOperationId":"2cf1y2f2x25id7s"}
{"type":"log","timestamp":1708715889745,"level":"debug","message":"Executing script list-data (beforeRender)","meta":{"rootId":"amuqsdc9546nvqu","id":"amuqsdc9546nvqu"},"id":"uc624pevj8elv8i","previousOperationId":"2cf1y2f2x25id7s"}
{"type":"operationStart","subtype":"scriptsBeforeRender","name":"scripts beforeRender","timestamp":1708715889749,"id":"rau5p3c7740t7os","previousEventId":"a1k30va99ncmw57","operationId":"f1aonbje0sw3vhp","previousOperationId":"2cf1y2f2x25id7s"}
{"type":"operationStart","subtype":"script","name":"scripts list-data","previousOperationId":"f1aonbje0sw3vhp","timestamp":1708715889750,"id":"t33qta7o7kt1wtl","previousEventId":"rau5p3c7740t7os","operationId":"pz5hypjo57o32cx"}
{"type":"log","timestamp":1708715889755,"level":"debug","message":"(console:log) []","meta":{"userLevel":true,"rootId":"amuqsdc9546nvqu","id":"amuqsdc9546nvqu"},"id":"vgwn3z0wd1g35zn","previousOperationId":"pz5hypjo57o32cx"}
{"type":"log","timestamp":1708715889761,"level":"debug","message":"(console:log) [\n  {\n    id: 1,\n    nickname: 'a',\n    is_admin: true,\n    created_at: '2024-02-23T19:14:46.163Z',\n    updated_at: '2024-02-23T19:14:46.163Z',\n    email: 'aa@aa',\n    jti: '91d3f777-c410-4b69-91f1-d374ed9d3894'\n  }\n]","meta":{"userLevel":true,"rootId":"amuqsdc9546nvqu","id":"amuqsdc9546nvqu"},"id":"p81sbdhto8ldois","previousOperationId":"pz5hypjo57o32cx"}
{"type":"operationEnd","operationId":"pz5hypjo57o32cx","timestamp":1708715889761,"id":"m6m1k73q777k8k3","previousEventId":"a1k30va99ncmw57","previousOperationId":"2cf1y2f2x25id7s"}
{"type":"operationEnd","operationId":"f1aonbje0sw3vhp","timestamp":1708715889761,"id":"60henpmotwqghk4","previousEventId":"m6m1k73q777k8k3","previousOperationId":"2cf1y2f2x25id7s"}
{"type":"log","timestamp":1708715889761,"level":"debug","message":"Base url not specified, skipping its injection.","meta":{"rootId":"amuqsdc9546nvqu","id":"amuqsdc9546nvqu"},"id":"punfk8oltvxj1h2","previousOperationId":"f1aonbje0sw3vhp"}
{"type":"operationStart","subtype":"engine","name":"handlebars","timestamp":1708715889761,"id":"k9y29c1xw32coyy","previousEventId":"60henpmotwqghk4","operationId":"wm4mb7qzu22xxiu","previousOperationId":"f1aonbje0sw3vhp"}
{"type":"log","timestamp":1708715889761,"level":"debug","message":"Rendering engine handlebars","meta":{"rootId":"amuqsdc9546nvqu","id":"amuqsdc9546nvqu"},"id":"qeu29udq284x2s5","previousOperationId":"wm4mb7qzu22xxiu"}
{"type":"operationEnd","operationId":"wm4mb7qzu22xxiu","timestamp":1708715889766,"id":"r57orp1iuzto8qy","previousEventId":"k9y29c1xw32coyy","previousOperationId":"wm4mb7qzu22xxiu"}
{"type":"operationStart","subtype":"recipe","name":"chrome-pdf","timestamp":1708715889766,"id":"gf96s2fsb0eukb6","previousEventId":"r57orp1iuzto8qy","operationId":"e9gucnrf3waqwwm","previousOperationId":"wm4mb7qzu22xxiu"}
{"type":"log","timestamp":1708715889766,"level":"debug","message":"Executing recipe chrome-pdf","meta":{"rootId":"amuqsdc9546nvqu","id":"amuqsdc9546nvqu"},"id":"qblpl3svhbbhzyl","previousOperationId":"e9gucnrf3waqwwm"}
{"type":"log","timestamp":1708715889767,"level":"debug","message":"Converting with chrome HeadlessChrome/117.0.5938.149 using chrome-pool strategy","meta":{"rootId":"amuqsdc9546nvqu","id":"amuqsdc9546nvqu"},"id":"mfat0g5x55as00s","previousOperationId":"e9gucnrf3waqwwm"}
{"type":"log","timestamp":1708715889787,"level":"debug","message":"Page request: GET (document) file:///tmp/jsreport/autocleanup/c3330b4f-fed0-4550-9a36-36ba5f5114a4-chrome-pdf.html","meta":{"rootId":"amuqsdc9546nvqu","id":"amuqsdc9546nvqu"},"id":"ojm8mpqx84qvzq1","previousOperationId":"e9gucnrf3waqwwm"}
{"type":"log","timestamp":1708715889792,"level":"debug","message":"Page request: GET (stylesheet) https://cdn.jsdelivr.net/chartist.js/latest/chartist.min.css","meta":{"rootId":"amuqsdc9546nvqu","id":"amuqsdc9546nvqu"},"id":"jslejse35athxn1","previousOperationId":"e9gucnrf3waqwwm"}
{"type":"log","timestamp":1708715889793,"level":"debug","message":"Page request: GET (script) https://cdn.jsdelivr.net/chartist.js/latest/chartist.min.js","meta":{"rootId":"amuqsdc9546nvqu","id":"amuqsdc9546nvqu"},"id":"2as7b06xbin3ius","previousOperationId":"e9gucnrf3waqwwm"}
{"type":"log","timestamp":1708715889793,"level":"debug","message":"Page request finished: GET (document) 200 file:///tmp/jsreport/autocleanup/c3330b4f-fed0-4550-9a36-36ba5f5114a4-chrome-pdf.html","meta":{"rootId":"amuqsdc9546nvqu","id":"amuqsdc9546nvqu"},"id":"5ij0eic9mv2kkg0","previousOperationId":"e9gucnrf3waqwwm"}
{"type":"log","timestamp":1708715889795,"level":"debug","message":"Page request finished: GET (stylesheet) 200 https://cdn.jsdelivr.net/chartist.js/latest/chartist.min.css","meta":{"rootId":"amuqsdc9546nvqu","id":"amuqsdc9546nvqu"},"id":"57rcvyt73x55lm1","previousOperationId":"e9gucnrf3waqwwm"}
{"type":"log","timestamp":1708715889795,"level":"debug","message":"Page request finished: GET (script) 200 https://cdn.jsdelivr.net/chartist.js/latest/chartist.min.js","meta":{"rootId":"amuqsdc9546nvqu","id":"amuqsdc9546nvqu"},"id":"rqnmffnb3wwx8fe","previousOperationId":"e9gucnrf3waqwwm"}
{"type":"log","timestamp":1708715889801,"level":"debug","message":"Running chrome with params {\"printBackground\":true,\"timeout\":59971,\"margin\":{}}","meta":{"rootId":"amuqsdc9546nvqu","id":"amuqsdc9546nvqu"},"id":"mz044ff9zd1t6rz","previousOperationId":"e9gucnrf3waqwwm"}
{"type":"operationEnd","operationId":"e9gucnrf3waqwwm","timestamp":1708715889810,"id":"vbtnnn0102cccma","previousEventId":"gf96s2fsb0eukb6","previousOperationId":"e9gucnrf3waqwwm"}
{"type":"log","timestamp":1708715889810,"level":"debug","message":"Executing script list-data (afterRender)","meta":{"rootId":"amuqsdc9546nvqu","id":"amuqsdc9546nvqu"},"id":"tcgwuy737rsfnyd","previousOperationId":"e9gucnrf3waqwwm"}
{"type":"operationStart","subtype":"scriptsAfterRender","name":"scripts afterRender","timestamp":1708715889815,"id":"qtv55mntzlvs9oe","previousEventId":"vbtnnn0102cccma","operationId":"54kvrs36gl74mtf","previousOperationId":"e9gucnrf3waqwwm"}
{"type":"operationStart","subtype":"script","name":"scripts list-data","previousOperationId":"54kvrs36gl74mtf","timestamp":1708715889815,"id":"dhdautd78ab04pq","previousEventId":"qtv55mntzlvs9oe","operationId":"p6auo0rp506vfw3"}
{"type":"operationEnd","operationId":"p6auo0rp506vfw3","timestamp":1708715889816,"id":"5idhvca1z6cqhsf","previousEventId":"vbtnnn0102cccma","previousOperationId":"e9gucnrf3waqwwm"}
{"type":"operationEnd","operationId":"54kvrs36gl74mtf","timestamp":1708715889816,"id":"jemi18lvxbdbpmu","previousEventId":"5idhvca1z6cqhsf","previousOperationId":"e9gucnrf3waqwwm"}
{"type":"log","timestamp":1708715889816,"level":"debug","message":"Skipping storing report.","meta":{"rootId":"amuqsdc9546nvqu","id":"amuqsdc9546nvqu"},"id":"mgj7ng4p9exxn32","previousOperationId":"54kvrs36gl74mtf"}
{"type":"log","timestamp":1708715889816,"level":"info","message":"Rendering request 5 finished in 79 ms","meta":{"rootId":"amuqsdc9546nvqu","id":"amuqsdc9546nvqu"},"id":"fkuecuhzvyb121h","previousOperationId":"54kvrs36gl74mtf"}
{"type":"operationEnd","subtype":"render","operationId":"2cf1y2f2x25id7s","timestamp":1708715889816,"id":"xlv893ri3jjsar0","previousEventId":"jemi18lvxbdbpmu","previousOperationId":"54kvrs36gl74mtf"}
{"type":"operationEnd","doDiffs":false,"previousEventId":"qjuq0dm994pzyef","previousOperationId":"396zcrsjamghyou","operationId":"396zcrsjamghyou","timestamp":1708715889817,"id":"fpgf7p1nmllyoqq"}
