{"type":"operationStart","subtype":"profile","data":{"_id":"m22XZGp5nSefJBme","timestamp":"2024-02-23T19:16:13.122Z","state":"queued","mode":"standard","creationDate":"2024-02-23T19:16:13.122Z","modificationDate":"2024-02-23T19:16:13.122Z","shortid":"e5f-P-h","$entitySet":"profiles"},"doDiffs":false,"timestamp":1708715773122,"id":"whu87xq3t9yem32","previousOperationId":null,"operationId":"wpbyf9mbbp7vtvr"}
{"type":"log","level":"info","message":"Render request 3 queued for execution and waiting for available worker","previousOperationId":"wpbyf9mbbp7vtvr","timestamp":1708715773122,"id":"820jt23ioi151sk"}
{"type":"operationStart","subtype":"render","name":"TemplateGraphic","previousOperationId":"wpbyf9mbbp7vtvr","timestamp":1708715773126,"id":"u08bdldb7hu42j9","previousEventId":"whu87xq3t9yem32","operationId":"mvgsb5yhz11znd1"}
{"type":"log","timestamp":1708715773126,"level":"info","message":"Starting rendering request 3","meta":{"rootId":"butqledll0kqiy8","id":"butqledll0kqiy8"},"id":"cn3060lbgtjavaj","previousOperationId":"mvgsb5yhz11znd1"}
{"type":"log","timestamp":1708715773126,"level":"info","message":"Rendering template { name: TemplateGraphic, recipe: chrome-pdf, engine: handlebars, preview: false }","meta":{"rootId":"butqledll0kqiy8","id":"butqledll0kqiy8"},"id":"h9nfw5zv2zz6xs5","previousOperationId":"mvgsb5yhz11znd1"}
{"type":"log","timestamp":1708715773126,"level":"debug","message":"Inline data specified.","meta":{"rootId":"butqledll0kqiy8","id":"butqledll0kqiy8"},"id":"sgxwuskig0lhkgc","previousOperationId":"mvgsb5yhz11znd1"}
{"type":"log","timestamp":1708715773128,"level":"debug","message":"Executing script list-data (beforeRender)","meta":{"rootId":"butqledll0kqiy8","id":"butqledll0kqiy8"},"id":"sppvmum1is80gd2","previousOperationId":"mvgsb5yhz11znd1"}
{"type":"operationStart","subtype":"scriptsBeforeRender","name":"scripts beforeRender","timestamp":1708715773134,"id":"trhmxahmrhhtsql","previousEventId":"u08bdldb7hu42j9","operationId":"s9v1un0h6myqazc","previousOperationId":"mvgsb5yhz11znd1"}
{"type":"operationStart","subtype":"script","name":"scripts list-data","previousOperationId":"s9v1un0h6myqazc","timestamp":1708715773134,"id":"knmea5x4rcbtehq","previousEventId":"trhmxahmrhhtsql","operationId":"8hhqsmoyzkga3yb"}
{"type":"log","timestamp":1708715773141,"level":"debug","message":"(console:log) []","meta":{"userLevel":true,"rootId":"butqledll0kqiy8","id":"butqledll0kqiy8"},"id":"2ozi6rel2g1ijkv","previousOperationId":"8hhqsmoyzkga3yb"}
{"type":"log","timestamp":1708715773147,"level":"debug","message":"(console:log) [\n  {\n    id: 1,\n    nickname: 'a',\n    is_admin: true,\n    created_at: '2024-02-23T19:14:46.163Z',\n    updated_at: '2024-02-23T19:14:46.163Z',\n    email: 'aa@aa',\n    jti: '91d3f777-c410-4b69-91f1-d374ed9d3894'\n  }\n]","meta":{"userLevel":true,"rootId":"butqledll0kqiy8","id":"butqledll0kqiy8"},"id":"90d7e397ccgbdzg","previousOperationId":"8hhqsmoyzkga3yb"}
{"type":"operationEnd","operationId":"8hhqsmoyzkga3yb","timestamp":1708715773147,"id":"e5hqxhtk0e5hxaj","previousEventId":"u08bdldb7hu42j9","previousOperationId":"mvgsb5yhz11znd1"}
{"type":"operationEnd","operationId":"s9v1un0h6myqazc","timestamp":1708715773147,"id":"vbh7iojuln2bj5l","previousEventId":"e5hqxhtk0e5hxaj","previousOperationId":"mvgsb5yhz11znd1"}
{"type":"log","timestamp":1708715773147,"level":"debug","message":"Base url not specified, skipping its injection.","meta":{"rootId":"butqledll0kqiy8","id":"butqledll0kqiy8"},"id":"ir5jmo18dk9sxrd","previousOperationId":"s9v1un0h6myqazc"}
{"type":"operationStart","subtype":"engine","name":"handlebars","timestamp":1708715773147,"id":"ek4sy7ydxgf42pu","previousEventId":"vbh7iojuln2bj5l","operationId":"i8l33tul3mmwp3b","previousOperationId":"s9v1un0h6myqazc"}
{"type":"log","timestamp":1708715773147,"level":"debug","message":"Rendering engine handlebars","meta":{"rootId":"butqledll0kqiy8","id":"butqledll0kqiy8"},"id":"3vsuuuthcokex8a","previousOperationId":"i8l33tul3mmwp3b"}
{"type":"operationEnd","operationId":"i8l33tul3mmwp3b","timestamp":1708715773155,"id":"p2xhggwi7hbi3vq","previousEventId":"ek4sy7ydxgf42pu","previousOperationId":"i8l33tul3mmwp3b"}
{"type":"operationStart","subtype":"recipe","name":"chrome-pdf","timestamp":1708715773155,"id":"7k312upp34qpblt","previousEventId":"p2xhggwi7hbi3vq","operationId":"cd72izgdb5cxy00","previousOperationId":"i8l33tul3mmwp3b"}
{"type":"log","timestamp":1708715773155,"level":"debug","message":"Executing recipe chrome-pdf","meta":{"rootId":"butqledll0kqiy8","id":"butqledll0kqiy8"},"id":"ysq499fxyluszot","previousOperationId":"cd72izgdb5cxy00"}
{"type":"log","timestamp":1708715773157,"level":"debug","message":"Converting with chrome HeadlessChrome/117.0.5938.149 using chrome-pool strategy","meta":{"rootId":"butqledll0kqiy8","id":"butqledll0kqiy8"},"id":"s6vocvtvh2ai30i","previousOperationId":"cd72izgdb5cxy00"}
{"type":"log","timestamp":1708715773178,"level":"debug","message":"Page request: GET (document) file:///tmp/jsreport/autocleanup/fe7498a4-cb59-42f4-a7a6-c6fff69de65f-chrome-pdf.html","meta":{"rootId":"butqledll0kqiy8","id":"butqledll0kqiy8"},"id":"3hiq9cbsdylhpcy","previousOperationId":"cd72izgdb5cxy00"}
{"type":"log","timestamp":1708715773184,"level":"debug","message":"Page request: GET (stylesheet) https://cdn.jsdelivr.net/chartist.js/latest/chartist.min.css","meta":{"rootId":"butqledll0kqiy8","id":"butqledll0kqiy8"},"id":"ws6ue9vht0ulgvm","previousOperationId":"cd72izgdb5cxy00"}
{"type":"log","timestamp":1708715773185,"level":"debug","message":"Page request: GET (script) https://cdn.jsdelivr.net/chartist.js/latest/chartist.min.js","meta":{"rootId":"butqledll0kqiy8","id":"butqledll0kqiy8"},"id":"5u6h2vxp01stqmw","previousOperationId":"cd72izgdb5cxy00"}
{"type":"log","timestamp":1708715773185,"level":"debug","message":"Page request finished: GET (document) 200 file:///tmp/jsreport/autocleanup/fe7498a4-cb59-42f4-a7a6-c6fff69de65f-chrome-pdf.html","meta":{"rootId":"butqledll0kqiy8","id":"butqledll0kqiy8"},"id":"n51sapo6q7h9oz5","previousOperationId":"cd72izgdb5cxy00"}
{"type":"log","timestamp":1708715773186,"level":"debug","message":"Page request finished: GET (stylesheet) 200 https://cdn.jsdelivr.net/chartist.js/latest/chartist.min.css","meta":{"rootId":"butqledll0kqiy8","id":"butqledll0kqiy8"},"id":"qx44kxjha5o2a69","previousOperationId":"cd72izgdb5cxy00"}
{"type":"log","timestamp":1708715773187,"level":"debug","message":"Page request finished: GET (script) 200 https://cdn.jsdelivr.net/chartist.js/latest/chartist.min.js","meta":{"rootId":"butqledll0kqiy8","id":"butqledll0kqiy8"},"id":"trvrc4mu62w6txo","previousOperationId":"cd72izgdb5cxy00"}
{"type":"log","timestamp":1708715773206,"level":"debug","message":"Running chrome with params {\"printBackground\":true,\"timeout\":59966,\"margin\":{}}","meta":{"rootId":"butqledll0kqiy8","id":"butqledll0kqiy8"},"id":"6egc2x7eb9es9v7","previousOperationId":"cd72izgdb5cxy00"}
{"type":"operationEnd","operationId":"cd72izgdb5cxy00","timestamp":1708715773214,"id":"0orpe1j6xzelkd5","previousEventId":"7k312upp34qpblt","previousOperationId":"cd72izgdb5cxy00"}
{"type":"log","timestamp":1708715773214,"level":"debug","message":"Executing script list-data (afterRender)","meta":{"rootId":"butqledll0kqiy8","id":"butqledll0kqiy8"},"id":"1loy1hs4hknfu5d","previousOperationId":"cd72izgdb5cxy00"}
{"type":"operationStart","subtype":"scriptsAfterRender","name":"scripts afterRender","timestamp":1708715773217,"id":"hycm2hw3g95xhnn","previousEventId":"0orpe1j6xzelkd5","operationId":"926m0idju67vjl7","previousOperationId":"cd72izgdb5cxy00"}
{"type":"operationStart","subtype":"script","name":"scripts list-data","previousOperationId":"926m0idju67vjl7","timestamp":1708715773217,"id":"bpshpmgkyr4whrc","previousEventId":"hycm2hw3g95xhnn","operationId":"6hyl52e8knf78ng"}
{"type":"operationEnd","operationId":"6hyl52e8knf78ng","timestamp":1708715773218,"id":"1350g255yd1m5wg","previousEventId":"0orpe1j6xzelkd5","previousOperationId":"cd72izgdb5cxy00"}
{"type":"operationEnd","operationId":"926m0idju67vjl7","timestamp":1708715773218,"id":"88n4kn8tz8tcr3v","previousEventId":"1350g255yd1m5wg","previousOperationId":"cd72izgdb5cxy00"}
{"type":"log","timestamp":1708715773218,"level":"debug","message":"Skipping storing report.","meta":{"rootId":"butqledll0kqiy8","id":"butqledll0kqiy8"},"id":"p5gr9og6q21zdzi","previousOperationId":"926m0idju67vjl7"}
{"type":"log","timestamp":1708715773219,"level":"info","message":"Rendering request 3 finished in 97 ms","meta":{"rootId":"butqledll0kqiy8","id":"butqledll0kqiy8"},"id":"04a4cska51r4beh","previousOperationId":"926m0idju67vjl7"}
{"type":"operationEnd","subtype":"render","operationId":"mvgsb5yhz11znd1","timestamp":1708715773219,"id":"n0w82atl2oberym","previousEventId":"88n4kn8tz8tcr3v","previousOperationId":"926m0idju67vjl7"}
{"type":"operationEnd","doDiffs":false,"previousEventId":"whu87xq3t9yem32","previousOperationId":"wpbyf9mbbp7vtvr","operationId":"wpbyf9mbbp7vtvr","timestamp":1708715773220,"id":"ygqvxfmq9r6n455"}
