{"type":"operationStart","subtype":"profile","data":{"_id":"IH6dY6Oi2lE7jmIt","timestamp":"2024-02-20T19:42:26.354Z","state":"queued","mode":"standard","creationDate":"2024-02-20T19:42:26.354Z","modificationDate":"2024-02-20T19:42:26.354Z","shortid":"CnY0Ipf","$entitySet":"profiles"},"doDiffs":false,"timestamp":1708458146354,"id":"j2564o9gyb81pah","previousOperationId":null,"operationId":"cmofqib58czhk2s"}
{"type":"log","level":"info","message":"Render request 95 queued for execution and waiting for available worker","previousOperationId":"cmofqib58czhk2s","timestamp":1708458146354,"id":"tja1kwt2tlgqg0b"}
{"type":"operationStart","subtype":"render","name":"TemplateGraphic","previousOperationId":"cmofqib58czhk2s","timestamp":1708458146358,"id":"3rg2cjvv4wvn00d","previousEventId":"j2564o9gyb81pah","operationId":"ml3976sykhgtkoq"}
{"type":"log","timestamp":1708458146358,"level":"info","message":"Starting rendering request 95","meta":{"rootId":"e2lxfdg24dt83zo","id":"e2lxfdg24dt83zo"},"id":"kv107dciru7icwt","previousOperationId":"ml3976sykhgtkoq"}
{"type":"log","timestamp":1708458146358,"level":"info","message":"Rendering template { name: TemplateGraphic, recipe: chrome-pdf, engine: handlebars, preview: false }","meta":{"rootId":"e2lxfdg24dt83zo","id":"e2lxfdg24dt83zo"},"id":"qq3ir7ska3p5b1t","previousOperationId":"ml3976sykhgtkoq"}
{"type":"log","timestamp":1708458146359,"level":"debug","message":"Data item not defined for this template.","meta":{"rootId":"e2lxfdg24dt83zo","id":"e2lxfdg24dt83zo"},"id":"ken1nsuh10kqrld","previousOperationId":"ml3976sykhgtkoq"}
{"type":"log","timestamp":1708458146360,"level":"debug","message":"Executing script list-data (beforeRender)","meta":{"rootId":"e2lxfdg24dt83zo","id":"e2lxfdg24dt83zo"},"id":"2f63gl13c2m5uxd","previousOperationId":"ml3976sykhgtkoq"}
{"type":"operationStart","subtype":"scriptsBeforeRender","name":"scripts beforeRender","timestamp":1708458146364,"id":"a9n9rij7671v6fe","previousEventId":"3rg2cjvv4wvn00d","operationId":"t534kfw9iiki7t1","previousOperationId":"ml3976sykhgtkoq"}
{"type":"operationStart","subtype":"script","name":"scripts list-data","previousOperationId":"t534kfw9iiki7t1","timestamp":1708458146364,"id":"qjmd9k73sj0j526","previousEventId":"a9n9rij7671v6fe","operationId":"e32r7z5jven5f4m"}
{"type":"log","timestamp":1708458146387,"level":"debug","message":"(console:log) [\n  {\n    list_description: {\n      id: 2,\n      list_name: 'sarshisha',\n      list_current_number: 13,\n      list_limit_number: 0\n    },\n    list_image: {\n      url: 'http://localhost:4000/rails/active_storage/blobs/redirect/eyJfcmFpbHMiOnsiZGF0YSI6MywicHVyIjoiYmxvYl9pZCJ9fQ==--07183cfade35ce6ffe715f60749642919ec61f5d/charcuteria.png'\n    }\n  },\n  {\n    list_description: {\n      id: 3,\n      list_name: 'stjsjshtshn',\n      list_current_number: 4,\n      list_limit_number: 0\n    },\n    list_image: {\n      url: 'http://localhost:4000/rails/active_storage/blobs/redirect/eyJfcmFpbHMiOnsiZGF0YSI6NCwicHVyIjoiYmxvYl9pZCJ9fQ==--023aae65cb60b3f6c6d73a9c76e14c0b0df6ad86/dibujoadrian.jpg'\n    }\n  },\n  {\n    list_description: {\n      id: 1,\n      list_name: 'charcuteria',\n      list_current_number: 1,\n      list_limit_number: 0\n    },\n    list_image: {\n      url: 'http://localhost:4000/rails/active_storage/blobs/redirect/eyJfcmFpbHMiOnsiZGF0YSI6MiwicHVyIjoiYmxvYl9pZCJ9fQ==--ee6d56bf52163135b48a4ba2c22b11a93e94d3b3/charcuteria.png'\n    }\n  }\n]","meta":{"userLevel":true,"rootId":"e2lxfdg24dt83zo","id":"e2lxfdg24dt83zo"},"id":"i6bek8zmc1rt7gx","previousOperationId":"e32r7z5jven5f4m"}
{"type":"log","timestamp":1708458146395,"level":"debug","message":"(console:log) [\n  {\n    id: 1,\n    nickname: 'a',\n    is_admin: true,\n    suscriptor: null,\n    created_at: '2024-02-20T16:45:37.609Z',\n    updated_at: '2024-02-20T16:45:37.729Z',\n    email: 'a@a.a',\n    jti: '6a2b57ca-af4b-47a0-8285-477cffafa34b'\n  }\n]","meta":{"userLevel":true,"rootId":"e2lxfdg24dt83zo","id":"e2lxfdg24dt83zo"},"id":"df21d75zk8p1d9f","previousOperationId":"e32r7z5jven5f4m"}
{"type":"operationEnd","operationId":"e32r7z5jven5f4m","timestamp":1708458146396,"id":"gdj6fak8ytlyvy6","previousEventId":"3rg2cjvv4wvn00d","previousOperationId":"ml3976sykhgtkoq"}
{"type":"operationEnd","operationId":"t534kfw9iiki7t1","timestamp":1708458146396,"id":"lg8zhouepj708ab","previousEventId":"gdj6fak8ytlyvy6","previousOperationId":"ml3976sykhgtkoq"}
{"type":"log","timestamp":1708458146396,"level":"debug","message":"Base url not specified, skipping its injection.","meta":{"rootId":"e2lxfdg24dt83zo","id":"e2lxfdg24dt83zo"},"id":"kny444d06oysu61","previousOperationId":"t534kfw9iiki7t1"}
{"type":"operationStart","subtype":"engine","name":"handlebars","timestamp":1708458146396,"id":"pxvcwapfx4z4t44","previousEventId":"lg8zhouepj708ab","operationId":"dvgbr3xkq6b2dax","previousOperationId":"t534kfw9iiki7t1"}
{"type":"log","timestamp":1708458146396,"level":"debug","message":"Rendering engine handlebars","meta":{"rootId":"e2lxfdg24dt83zo","id":"e2lxfdg24dt83zo"},"id":"m4ra18weinoner6","previousOperationId":"dvgbr3xkq6b2dax"}
{"type":"operationEnd","operationId":"dvgbr3xkq6b2dax","timestamp":1708458146402,"id":"dujittuh2ls2w3a","previousEventId":"pxvcwapfx4z4t44","previousOperationId":"dvgbr3xkq6b2dax"}
{"type":"operationStart","subtype":"recipe","name":"chrome-pdf","timestamp":1708458146402,"id":"6desbv3prjry4ve","previousEventId":"dujittuh2ls2w3a","operationId":"zgrngnh2mua9ruc","previousOperationId":"dvgbr3xkq6b2dax"}
{"type":"log","timestamp":1708458146402,"level":"debug","message":"Executing recipe chrome-pdf","meta":{"rootId":"e2lxfdg24dt83zo","id":"e2lxfdg24dt83zo"},"id":"zcf3u40tt9f49p1","previousOperationId":"zgrngnh2mua9ruc"}
{"type":"log","timestamp":1708458146403,"level":"debug","message":"Converting with chrome HeadlessChrome/117.0.5938.149 using chrome-pool strategy","meta":{"rootId":"e2lxfdg24dt83zo","id":"e2lxfdg24dt83zo"},"id":"tmwq3ktge8q8y40","previousOperationId":"zgrngnh2mua9ruc"}
{"type":"log","timestamp":1708458146442,"level":"debug","message":"Page request: GET (document) file:///tmp/jsreport/autocleanup/b121af52-a111-4be2-b3d5-273fa6afa23c-chrome-pdf.html","meta":{"rootId":"e2lxfdg24dt83zo","id":"e2lxfdg24dt83zo"},"id":"2qc2w3mxsg313kx","previousOperationId":"zgrngnh2mua9ruc"}
{"type":"log","timestamp":1708458146450,"level":"debug","message":"Page request: GET (stylesheet) https://cdn.jsdelivr.net/chartist.js/latest/chartist.min.css","meta":{"rootId":"e2lxfdg24dt83zo","id":"e2lxfdg24dt83zo"},"id":"38hzfriuldgm3t5","previousOperationId":"zgrngnh2mua9ruc"}
{"type":"log","timestamp":1708458146451,"level":"debug","message":"Page request: GET (script) https://cdn.jsdelivr.net/chartist.js/latest/chartist.min.js","meta":{"rootId":"e2lxfdg24dt83zo","id":"e2lxfdg24dt83zo"},"id":"mppsfe3blizx76b","previousOperationId":"zgrngnh2mua9ruc"}
{"type":"log","timestamp":1708458146451,"level":"debug","message":"Page request finished: GET (document) 200 file:///tmp/jsreport/autocleanup/b121af52-a111-4be2-b3d5-273fa6afa23c-chrome-pdf.html","meta":{"rootId":"e2lxfdg24dt83zo","id":"e2lxfdg24dt83zo"},"id":"c0yp26i1xlqp69p","previousOperationId":"zgrngnh2mua9ruc"}
{"type":"log","timestamp":1708458146455,"level":"debug","message":"Page request finished: GET (stylesheet) 200 https://cdn.jsdelivr.net/chartist.js/latest/chartist.min.css","meta":{"rootId":"e2lxfdg24dt83zo","id":"e2lxfdg24dt83zo"},"id":"xwym3erh84o5ftg","previousOperationId":"zgrngnh2mua9ruc"}
{"type":"log","timestamp":1708458146456,"level":"debug","message":"Page request finished: GET (script) 200 https://cdn.jsdelivr.net/chartist.js/latest/chartist.min.js","meta":{"rootId":"e2lxfdg24dt83zo","id":"e2lxfdg24dt83zo"},"id":"2bgbyqf7vtg7xf2","previousOperationId":"zgrngnh2mua9ruc"}
{"type":"log","timestamp":1708458146472,"level":"debug","message":"Running chrome with params {\"printBackground\":true,\"timeout\":59951,\"margin\":{}}","meta":{"rootId":"e2lxfdg24dt83zo","id":"e2lxfdg24dt83zo"},"id":"gana0wsy8jo1j01","previousOperationId":"zgrngnh2mua9ruc"}
{"type":"operationEnd","operationId":"zgrngnh2mua9ruc","timestamp":1708458146490,"id":"2gykb5jiaxpuyvd","previousEventId":"6desbv3prjry4ve","previousOperationId":"zgrngnh2mua9ruc"}
{"type":"log","timestamp":1708458146490,"level":"debug","message":"Skipping storing report.","meta":{"rootId":"e2lxfdg24dt83zo","id":"e2lxfdg24dt83zo"},"id":"yozm3qr112p2f2m","previousOperationId":"zgrngnh2mua9ruc"}
{"type":"log","timestamp":1708458146490,"level":"info","message":"Rendering request 95 finished in 137 ms","meta":{"rootId":"e2lxfdg24dt83zo","id":"e2lxfdg24dt83zo"},"id":"syx332ynwzqescm","previousOperationId":"zgrngnh2mua9ruc"}
{"type":"operationEnd","subtype":"render","operationId":"ml3976sykhgtkoq","timestamp":1708458146490,"id":"d31j3k0hefglw70","previousEventId":"2gykb5jiaxpuyvd","previousOperationId":"zgrngnh2mua9ruc"}
{"type":"operationEnd","doDiffs":false,"previousEventId":"j2564o9gyb81pah","previousOperationId":"cmofqib58czhk2s","operationId":"cmofqib58czhk2s","timestamp":1708458146494,"id":"64hgbm8kw27r0ot"}
