{"type":"operationStart","subtype":"profile","data":{"_id":"Wzlgv8C6iUNpyTUy","timestamp":"2024-02-20T19:38:30.901Z","state":"queued","mode":"standard","creationDate":"2024-02-20T19:38:30.903Z","modificationDate":"2024-02-20T19:38:30.903Z","shortid":"IKoPnPA","$entitySet":"profiles"},"doDiffs":false,"timestamp":1708457910902,"id":"nruz291tawscsg5","previousOperationId":null,"operationId":"ihzwowlm9bqa8me"}
{"type":"log","level":"info","message":"Render request 88 queued for execution and waiting for available worker","previousOperationId":"ihzwowlm9bqa8me","timestamp":1708457910902,"id":"w5m3hprns6g5ffb"}
{"type":"operationStart","subtype":"render","name":"TemplateGraphic","previousOperationId":"ihzwowlm9bqa8me","timestamp":1708457910910,"id":"baolh5nzow4blxd","previousEventId":"nruz291tawscsg5","operationId":"3zq25mw327ndze5"}
{"type":"log","timestamp":1708457910910,"level":"info","message":"Starting rendering request 88","meta":{"rootId":"i3uff3qbjigm9wl","id":"i3uff3qbjigm9wl"},"id":"73mv3yyjeva6jr4","previousOperationId":"3zq25mw327ndze5"}
{"type":"log","timestamp":1708457910910,"level":"info","message":"Rendering template { name: TemplateGraphic, recipe: chrome-pdf, engine: handlebars, preview: false }","meta":{"rootId":"i3uff3qbjigm9wl","id":"i3uff3qbjigm9wl"},"id":"o7gk4idegdc2u1y","previousOperationId":"3zq25mw327ndze5"}
{"type":"log","timestamp":1708457910911,"level":"debug","message":"Data item not defined for this template.","meta":{"rootId":"i3uff3qbjigm9wl","id":"i3uff3qbjigm9wl"},"id":"vp8qzahn1nevu81","previousOperationId":"3zq25mw327ndze5"}
{"type":"log","timestamp":1708457910913,"level":"debug","message":"Executing script list-data (beforeRender)","meta":{"rootId":"i3uff3qbjigm9wl","id":"i3uff3qbjigm9wl"},"id":"3jlshye8hejgg6q","previousOperationId":"3zq25mw327ndze5"}
{"type":"operationStart","subtype":"scriptsBeforeRender","name":"scripts beforeRender","timestamp":1708457910918,"id":"a9q3g6ew2nfu51n","previousEventId":"baolh5nzow4blxd","operationId":"y3avo63k7uvcevj","previousOperationId":"3zq25mw327ndze5"}
{"type":"operationStart","subtype":"script","name":"scripts list-data","previousOperationId":"y3avo63k7uvcevj","timestamp":1708457910918,"id":"m7td3le6ihbnbo4","previousEventId":"a9q3g6ew2nfu51n","operationId":"a4bct25h6thvxbl"}
{"type":"log","timestamp":1708457910939,"level":"debug","message":"(console:log) [\n  {\n    list_description: {\n      id: 2,\n      list_name: 'sarshisha',\n      list_current_number: 13,\n      list_limit_number: 0\n    },\n    list_image: {\n      url: 'http://localhost:4000/rails/active_storage/blobs/redirect/eyJfcmFpbHMiOnsiZGF0YSI6MywicHVyIjoiYmxvYl9pZCJ9fQ==--07183cfade35ce6ffe715f60749642919ec61f5d/charcuteria.png'\n    }\n  },\n  {\n    list_description: {\n      id: 3,\n      list_name: 'stjsjshtshn',\n      list_current_number: 4,\n      list_limit_number: 0\n    },\n    list_image: {\n      url: 'http://localhost:4000/rails/active_storage/blobs/redirect/eyJfcmFpbHMiOnsiZGF0YSI6NCwicHVyIjoiYmxvYl9pZCJ9fQ==--023aae65cb60b3f6c6d73a9c76e14c0b0df6ad86/dibujoadrian.jpg'\n    }\n  },\n  {\n    list_description: {\n      id: 1,\n      list_name: 'charcuteria',\n      list_current_number: 1,\n      list_limit_number: 0\n    },\n    list_image: {\n      url: 'http://localhost:4000/rails/active_storage/blobs/redirect/eyJfcmFpbHMiOnsiZGF0YSI6MiwicHVyIjoiYmxvYl9pZCJ9fQ==--ee6d56bf52163135b48a4ba2c22b11a93e94d3b3/charcuteria.png'\n    }\n  }\n]","meta":{"userLevel":true,"rootId":"i3uff3qbjigm9wl","id":"i3uff3qbjigm9wl"},"id":"dqhidfdam4dwzvv","previousOperationId":"a4bct25h6thvxbl"}
{"type":"log","timestamp":1708457910949,"level":"debug","message":"(console:log) [\n  {\n    id: 1,\n    nickname: 'a',\n    is_admin: true,\n    suscriptor: null,\n    created_at: '2024-02-20T16:45:37.609Z',\n    updated_at: '2024-02-20T16:45:37.729Z',\n    email: 'a@a.a',\n    jti: '6a2b57ca-af4b-47a0-8285-477cffafa34b'\n  }\n]","meta":{"userLevel":true,"rootId":"i3uff3qbjigm9wl","id":"i3uff3qbjigm9wl"},"id":"ipwl0oaivqcdf15","previousOperationId":"a4bct25h6thvxbl"}
{"type":"operationEnd","operationId":"a4bct25h6thvxbl","timestamp":1708457910949,"id":"9vs9a6zkbgst83r","previousEventId":"baolh5nzow4blxd","previousOperationId":"3zq25mw327ndze5"}
{"type":"operationEnd","operationId":"y3avo63k7uvcevj","timestamp":1708457910949,"id":"hjmm1hjhg7l0jua","previousEventId":"9vs9a6zkbgst83r","previousOperationId":"3zq25mw327ndze5"}
{"type":"log","timestamp":1708457910949,"level":"debug","message":"Base url not specified, skipping its injection.","meta":{"rootId":"i3uff3qbjigm9wl","id":"i3uff3qbjigm9wl"},"id":"oq5ows6bh1f95ch","previousOperationId":"y3avo63k7uvcevj"}
{"type":"operationStart","subtype":"engine","name":"handlebars","timestamp":1708457910949,"id":"ha7kizok8vsdpxy","previousEventId":"hjmm1hjhg7l0jua","operationId":"a9qge4nkv1g886c","previousOperationId":"y3avo63k7uvcevj"}
{"type":"log","timestamp":1708457910949,"level":"debug","message":"Rendering engine handlebars","meta":{"rootId":"i3uff3qbjigm9wl","id":"i3uff3qbjigm9wl"},"id":"ecukmas55o6w5xh","previousOperationId":"a9qge4nkv1g886c"}
{"type":"operationEnd","operationId":"a9qge4nkv1g886c","timestamp":1708457910961,"id":"k88im1kiqch2toq","previousEventId":"ha7kizok8vsdpxy","previousOperationId":"a9qge4nkv1g886c"}
{"type":"operationStart","subtype":"recipe","name":"chrome-pdf","timestamp":1708457910961,"id":"08kkfpcv44donf2","previousEventId":"k88im1kiqch2toq","operationId":"7bujj1ej4v5noua","previousOperationId":"a9qge4nkv1g886c"}
{"type":"log","timestamp":1708457910961,"level":"debug","message":"Executing recipe chrome-pdf","meta":{"rootId":"i3uff3qbjigm9wl","id":"i3uff3qbjigm9wl"},"id":"vglplvafm53lsc4","previousOperationId":"7bujj1ej4v5noua"}
{"type":"log","timestamp":1708457910963,"level":"debug","message":"Converting with chrome HeadlessChrome/117.0.5938.149 using chrome-pool strategy","meta":{"rootId":"i3uff3qbjigm9wl","id":"i3uff3qbjigm9wl"},"id":"0bpe833yytygisu","previousOperationId":"7bujj1ej4v5noua"}
{"type":"log","timestamp":1708457911001,"level":"debug","message":"Page request: GET (document) file:///tmp/jsreport/autocleanup/ac06735d-bd66-47e7-bba0-f5c8d072d00d-chrome-pdf.html","meta":{"rootId":"i3uff3qbjigm9wl","id":"i3uff3qbjigm9wl"},"id":"efo5o690uhbdkes","previousOperationId":"7bujj1ej4v5noua"}
{"type":"log","timestamp":1708457911008,"level":"debug","message":"Page request: GET (stylesheet) https://cdn.jsdelivr.net/chartist.js/latest/chartist.min.css","meta":{"rootId":"i3uff3qbjigm9wl","id":"i3uff3qbjigm9wl"},"id":"lef7fc7hqj6egw8","previousOperationId":"7bujj1ej4v5noua"}
{"type":"log","timestamp":1708457911008,"level":"debug","message":"Page request: GET (script) https://cdn.jsdelivr.net/chartist.js/latest/chartist.min.js","meta":{"rootId":"i3uff3qbjigm9wl","id":"i3uff3qbjigm9wl"},"id":"86vseyzgjwusu16","previousOperationId":"7bujj1ej4v5noua"}
{"type":"log","timestamp":1708457911008,"level":"debug","message":"Page request finished: GET (document) 200 file:///tmp/jsreport/autocleanup/ac06735d-bd66-47e7-bba0-f5c8d072d00d-chrome-pdf.html","meta":{"rootId":"i3uff3qbjigm9wl","id":"i3uff3qbjigm9wl"},"id":"u1fgu5gub5rjxk9","previousOperationId":"7bujj1ej4v5noua"}
{"type":"log","timestamp":1708457911010,"level":"debug","message":"Page request finished: GET (stylesheet) 200 https://cdn.jsdelivr.net/chartist.js/latest/chartist.min.css","meta":{"rootId":"i3uff3qbjigm9wl","id":"i3uff3qbjigm9wl"},"id":"kka8vvks5s8sq0r","previousOperationId":"7bujj1ej4v5noua"}
{"type":"log","timestamp":1708457911011,"level":"debug","message":"Page request finished: GET (script) 200 https://cdn.jsdelivr.net/chartist.js/latest/chartist.min.js","meta":{"rootId":"i3uff3qbjigm9wl","id":"i3uff3qbjigm9wl"},"id":"axwvsll5nhka62z","previousOperationId":"7bujj1ej4v5noua"}
{"type":"log","timestamp":1708457911021,"level":"debug","message":"Running chrome with params {\"printBackground\":true,\"timeout\":59939,\"margin\":{}}","meta":{"rootId":"i3uff3qbjigm9wl","id":"i3uff3qbjigm9wl"},"id":"vazkjtomm5waxs9","previousOperationId":"7bujj1ej4v5noua"}
{"type":"operationEnd","operationId":"7bujj1ej4v5noua","timestamp":1708457911036,"id":"76pfbmrrwwn7elw","previousEventId":"08kkfpcv44donf2","previousOperationId":"7bujj1ej4v5noua"}
{"type":"log","timestamp":1708457911037,"level":"debug","message":"Skipping storing report.","meta":{"rootId":"i3uff3qbjigm9wl","id":"i3uff3qbjigm9wl"},"id":"wba2hyzfsuvd802","previousOperationId":"7bujj1ej4v5noua"}
{"type":"log","timestamp":1708457911037,"level":"info","message":"Rendering request 88 finished in 136 ms","meta":{"rootId":"i3uff3qbjigm9wl","id":"i3uff3qbjigm9wl"},"id":"qqeo20nc7dbjm3t","previousOperationId":"7bujj1ej4v5noua"}
{"type":"operationEnd","subtype":"render","operationId":"3zq25mw327ndze5","timestamp":1708457911037,"id":"kuqwtvcmbrp2tvm","previousEventId":"76pfbmrrwwn7elw","previousOperationId":"7bujj1ej4v5noua"}
{"type":"operationEnd","doDiffs":false,"previousEventId":"nruz291tawscsg5","previousOperationId":"ihzwowlm9bqa8me","operationId":"ihzwowlm9bqa8me","timestamp":1708457911039,"id":"nnmoe0xvmqmuvy0"}
