{"type":"operationStart","subtype":"profile","data":{"_id":"EDmjmhtWo1JMuE2J","timestamp":"2024-02-20T19:30:53.165Z","state":"queued","mode":"standard","creationDate":"2024-02-20T19:30:53.166Z","modificationDate":"2024-02-20T19:30:53.166Z","shortid":"io6vUIA","$entitySet":"profiles"},"doDiffs":false,"timestamp":1708457453165,"id":"l7ib8ziqv4mmtou","previousOperationId":null,"operationId":"epxgd09n3rvi70y"}
{"type":"log","level":"info","message":"Render request 85 queued for execution and waiting for available worker","previousOperationId":"epxgd09n3rvi70y","timestamp":1708457453165,"id":"609nlbhkwb0g8ad"}
{"type":"operationStart","subtype":"render","name":"TemplateGraphic","previousOperationId":"epxgd09n3rvi70y","timestamp":1708457453171,"id":"6troqptt7pda45i","previousEventId":"l7ib8ziqv4mmtou","operationId":"ekidkahspmexzon"}
{"type":"log","timestamp":1708457453171,"level":"info","message":"Starting rendering request 85","meta":{"rootId":"ppa2jvdqu8wrjrr","id":"ppa2jvdqu8wrjrr"},"id":"jxoqfwzhsuriw1e","previousOperationId":"ekidkahspmexzon"}
{"type":"log","timestamp":1708457453171,"level":"info","message":"Rendering template { name: TemplateGraphic, recipe: chrome-pdf, engine: handlebars, preview: true }","meta":{"rootId":"ppa2jvdqu8wrjrr","id":"ppa2jvdqu8wrjrr"},"id":"dn00wm3n4vu8mkc","previousOperationId":"ekidkahspmexzon"}
{"type":"log","timestamp":1708457453172,"level":"debug","message":"Data item not defined for this template.","meta":{"rootId":"ppa2jvdqu8wrjrr","id":"ppa2jvdqu8wrjrr"},"id":"daitlq3y0ys9uxy","previousOperationId":"ekidkahspmexzon"}
{"type":"log","timestamp":1708457453175,"level":"debug","message":"Executing script list-data (beforeRender)","meta":{"rootId":"ppa2jvdqu8wrjrr","id":"ppa2jvdqu8wrjrr"},"id":"x34zdi4wxbn8jug","previousOperationId":"ekidkahspmexzon"}
{"type":"operationStart","subtype":"scriptsBeforeRender","name":"scripts beforeRender","timestamp":1708457453179,"id":"tsetleph9r97agr","previousEventId":"6troqptt7pda45i","operationId":"heu0w88669gr9p0","previousOperationId":"ekidkahspmexzon"}
{"type":"operationStart","subtype":"script","name":"scripts list-data","previousOperationId":"heu0w88669gr9p0","timestamp":1708457453179,"id":"k8i7m5i3y1zunlr","previousEventId":"tsetleph9r97agr","operationId":"rmmgmf8nloyj22l"}
{"type":"log","timestamp":1708457453208,"level":"debug","message":"(console:log) [\n  {\n    list_description: {\n      id: 2,\n      list_name: 'sarshisha',\n      list_current_number: 13,\n      list_limit_number: 0\n    },\n    list_image: {\n      url: 'http://localhost:4000/rails/active_storage/blobs/redirect/eyJfcmFpbHMiOnsiZGF0YSI6MywicHVyIjoiYmxvYl9pZCJ9fQ==--07183cfade35ce6ffe715f60749642919ec61f5d/charcuteria.png'\n    }\n  },\n  {\n    list_description: {\n      id: 3,\n      list_name: 'stjsjshtshn',\n      list_current_number: 4,\n      list_limit_number: 0\n    },\n    list_image: {\n      url: 'http://localhost:4000/rails/active_storage/blobs/redirect/eyJfcmFpbHMiOnsiZGF0YSI6NCwicHVyIjoiYmxvYl9pZCJ9fQ==--023aae65cb60b3f6c6d73a9c76e14c0b0df6ad86/dibujoadrian.jpg'\n    }\n  },\n  {\n    list_description: {\n      id: 1,\n      list_name: 'charcuteria',\n      list_current_number: 1,\n      list_limit_number: 0\n    },\n    list_image: {\n      url: 'http://localhost:4000/rails/active_storage/blobs/redirect/eyJfcmFpbHMiOnsiZGF0YSI6MiwicHVyIjoiYmxvYl9pZCJ9fQ==--ee6d56bf52163135b48a4ba2c22b11a93e94d3b3/charcuteria.png'\n    }\n  }\n]","meta":{"userLevel":true,"rootId":"ppa2jvdqu8wrjrr","id":"ppa2jvdqu8wrjrr"},"id":"xjrqj1ipcgwlklj","previousOperationId":"rmmgmf8nloyj22l"}
{"type":"log","timestamp":1708457453216,"level":"debug","message":"(console:log) [\n  {\n    id: 1,\n    nickname: 'a',\n    is_admin: true,\n    suscriptor: null,\n    created_at: '2024-02-20T16:45:37.609Z',\n    updated_at: '2024-02-20T16:45:37.729Z',\n    email: 'a@a.a',\n    jti: '6a2b57ca-af4b-47a0-8285-477cffafa34b'\n  }\n]","meta":{"userLevel":true,"rootId":"ppa2jvdqu8wrjrr","id":"ppa2jvdqu8wrjrr"},"id":"t7mxfp20l43n6us","previousOperationId":"rmmgmf8nloyj22l"}
{"type":"operationEnd","operationId":"rmmgmf8nloyj22l","timestamp":1708457453216,"id":"8k8ras0ypd7mo9q","previousEventId":"6troqptt7pda45i","previousOperationId":"ekidkahspmexzon"}
{"type":"operationEnd","operationId":"heu0w88669gr9p0","timestamp":1708457453216,"id":"dui1rlukr10mtw7","previousEventId":"8k8ras0ypd7mo9q","previousOperationId":"ekidkahspmexzon"}
{"type":"log","timestamp":1708457453216,"level":"debug","message":"Base url not specified, skipping its injection.","meta":{"rootId":"ppa2jvdqu8wrjrr","id":"ppa2jvdqu8wrjrr"},"id":"qc3tlzb7poy5syq","previousOperationId":"heu0w88669gr9p0"}
{"type":"operationStart","subtype":"engine","name":"handlebars","timestamp":1708457453217,"id":"3wyd29mbu204i6z","previousEventId":"dui1rlukr10mtw7","operationId":"p8t6mm9mgmjlc27","previousOperationId":"heu0w88669gr9p0"}
{"type":"log","timestamp":1708457453217,"level":"debug","message":"Rendering engine handlebars","meta":{"rootId":"ppa2jvdqu8wrjrr","id":"ppa2jvdqu8wrjrr"},"id":"2ajny36tz9qwyz6","previousOperationId":"p8t6mm9mgmjlc27"}
{"type":"operationEnd","operationId":"p8t6mm9mgmjlc27","timestamp":1708457453230,"id":"2wsh52szvsvngz4","previousEventId":"3wyd29mbu204i6z","previousOperationId":"p8t6mm9mgmjlc27"}
{"type":"operationStart","subtype":"recipe","name":"chrome-pdf","timestamp":1708457453230,"id":"q4a70vgnji5uad7","previousEventId":"2wsh52szvsvngz4","operationId":"accf31qwbbkjp40","previousOperationId":"p8t6mm9mgmjlc27"}
{"type":"log","timestamp":1708457453230,"level":"debug","message":"Executing recipe chrome-pdf","meta":{"rootId":"ppa2jvdqu8wrjrr","id":"ppa2jvdqu8wrjrr"},"id":"dg170enbm83j82f","previousOperationId":"accf31qwbbkjp40"}
{"type":"log","timestamp":1708457453232,"level":"debug","message":"Converting with chrome HeadlessChrome/117.0.5938.149 using chrome-pool strategy","meta":{"rootId":"ppa2jvdqu8wrjrr","id":"ppa2jvdqu8wrjrr"},"id":"qria5h0qp9m8m58","previousOperationId":"accf31qwbbkjp40"}
{"type":"log","timestamp":1708457453270,"level":"debug","message":"Page request: GET (document) file:///tmp/jsreport/autocleanup/707d95bd-56d0-4e5a-a803-2465e96dd033-chrome-pdf.html","meta":{"rootId":"ppa2jvdqu8wrjrr","id":"ppa2jvdqu8wrjrr"},"id":"6g79arpouw7hvrs","previousOperationId":"accf31qwbbkjp40"}
{"type":"log","timestamp":1708457453277,"level":"debug","message":"Page request: GET (stylesheet) https://cdn.jsdelivr.net/chartist.js/latest/chartist.min.css","meta":{"rootId":"ppa2jvdqu8wrjrr","id":"ppa2jvdqu8wrjrr"},"id":"suu38x2db2d6j4h","previousOperationId":"accf31qwbbkjp40"}
{"type":"log","timestamp":1708457453278,"level":"debug","message":"Page request: GET (script) https://cdn.jsdelivr.net/chartist.js/latest/chartist.min.js","meta":{"rootId":"ppa2jvdqu8wrjrr","id":"ppa2jvdqu8wrjrr"},"id":"a68rjp9a51duxkb","previousOperationId":"accf31qwbbkjp40"}
{"type":"log","timestamp":1708457453278,"level":"debug","message":"Page request finished: GET (document) 200 file:///tmp/jsreport/autocleanup/707d95bd-56d0-4e5a-a803-2465e96dd033-chrome-pdf.html","meta":{"rootId":"ppa2jvdqu8wrjrr","id":"ppa2jvdqu8wrjrr"},"id":"5tu5z77433talsj","previousOperationId":"accf31qwbbkjp40"}
{"type":"log","timestamp":1708457453280,"level":"debug","message":"Page request finished: GET (stylesheet) 200 https://cdn.jsdelivr.net/chartist.js/latest/chartist.min.css","meta":{"rootId":"ppa2jvdqu8wrjrr","id":"ppa2jvdqu8wrjrr"},"id":"r8nxo3dud2trrmt","previousOperationId":"accf31qwbbkjp40"}
{"type":"log","timestamp":1708457453281,"level":"debug","message":"Page request finished: GET (script) 200 https://cdn.jsdelivr.net/chartist.js/latest/chartist.min.js","meta":{"rootId":"ppa2jvdqu8wrjrr","id":"ppa2jvdqu8wrjrr"},"id":"wx70gofyalowum8","previousOperationId":"accf31qwbbkjp40"}
{"type":"log","timestamp":1708457453290,"level":"debug","message":"Running chrome with params {\"printBackground\":true,\"timeout\":59934,\"margin\":{}}","meta":{"rootId":"ppa2jvdqu8wrjrr","id":"ppa2jvdqu8wrjrr"},"id":"rs3x6derae63nd5","previousOperationId":"accf31qwbbkjp40"}
{"type":"operationEnd","operationId":"accf31qwbbkjp40","timestamp":1708457453303,"id":"6v3aotjrl6h45rj","previousEventId":"q4a70vgnji5uad7","previousOperationId":"accf31qwbbkjp40"}
{"type":"log","timestamp":1708457453304,"level":"debug","message":"Skipping storing report.","meta":{"rootId":"ppa2jvdqu8wrjrr","id":"ppa2jvdqu8wrjrr"},"id":"sea3q2gw6jzwb9z","previousOperationId":"accf31qwbbkjp40"}
{"type":"log","timestamp":1708457453304,"level":"info","message":"Rendering request 85 finished in 139 ms","meta":{"rootId":"ppa2jvdqu8wrjrr","id":"ppa2jvdqu8wrjrr"},"id":"wjrbdlchq77zmqu","previousOperationId":"accf31qwbbkjp40"}
{"type":"operationEnd","subtype":"render","operationId":"ekidkahspmexzon","timestamp":1708457453304,"id":"auhs8yj1ri2to74","previousEventId":"6v3aotjrl6h45rj","previousOperationId":"accf31qwbbkjp40"}
{"type":"operationEnd","doDiffs":false,"previousEventId":"l7ib8ziqv4mmtou","previousOperationId":"epxgd09n3rvi70y","operationId":"epxgd09n3rvi70y","timestamp":1708457453309,"id":"vfl6wmb9ftyntk8"}
