{"type":"operationStart","subtype":"profile","data":{"_id":"igoK5R8Vh16ppoR8","timestamp":"2024-02-20T17:00:30.942Z","state":"queued","mode":"standard","creationDate":"2024-02-20T17:00:30.943Z","modificationDate":"2024-02-20T17:00:30.943Z","shortid":"60eQXLk","$entitySet":"profiles"},"doDiffs":false,"timestamp":1708448430942,"id":"td3l5sv69vdvfrt","previousOperationId":null,"operationId":"3nr1pvhagbkpi2l"}
{"type":"log","level":"info","message":"Render request 28 queued for execution and waiting for available worker","previousOperationId":"3nr1pvhagbkpi2l","timestamp":1708448430942,"id":"a0l8uooe56xj1u1"}
{"type":"operationStart","subtype":"render","name":"InfoList","previousOperationId":"3nr1pvhagbkpi2l","timestamp":1708448430947,"id":"6nkfqurnod9xn8z","previousEventId":"td3l5sv69vdvfrt","operationId":"fdmnin2xgex28go"}
{"type":"log","timestamp":1708448430947,"level":"info","message":"Starting rendering request 28","meta":{"rootId":"18k21drr83ftcdp","id":"18k21drr83ftcdp"},"id":"4rknzixb899whny","previousOperationId":"fdmnin2xgex28go"}
{"type":"log","timestamp":1708448430947,"level":"info","message":"Rendering template { name: InfoList, recipe: chrome-pdf, engine: handlebars, preview: true }","meta":{"rootId":"18k21drr83ftcdp","id":"18k21drr83ftcdp"},"id":"qw4bsa8fg3dszar","previousOperationId":"fdmnin2xgex28go"}
{"type":"log","timestamp":1708448430948,"level":"debug","message":"Data item not defined for this template.","meta":{"rootId":"18k21drr83ftcdp","id":"18k21drr83ftcdp"},"id":"rvnrkrix9pi26fc","previousOperationId":"fdmnin2xgex28go"}
{"type":"log","timestamp":1708448430950,"level":"debug","message":"Base url not specified, skipping its injection.","meta":{"rootId":"18k21drr83ftcdp","id":"18k21drr83ftcdp"},"id":"c3dggcbdxfhytwb","previousOperationId":"fdmnin2xgex28go"}
{"type":"operationStart","subtype":"engine","name":"handlebars","timestamp":1708448430950,"id":"55c1rnaqvcjar2i","previousEventId":"6nkfqurnod9xn8z","operationId":"0grc5vxpuueplid","previousOperationId":"fdmnin2xgex28go"}
{"type":"log","timestamp":1708448430950,"level":"debug","message":"Rendering engine handlebars","meta":{"rootId":"18k21drr83ftcdp","id":"18k21drr83ftcdp"},"id":"mrgsu959u6qavbd","previousOperationId":"0grc5vxpuueplid"}
{"type":"operationEnd","operationId":"0grc5vxpuueplid","timestamp":1708448430962,"id":"xm9hzxsw0ackc09","previousEventId":"55c1rnaqvcjar2i","previousOperationId":"0grc5vxpuueplid"}
{"type":"operationStart","subtype":"recipe","name":"chrome-pdf","timestamp":1708448430962,"id":"3xyg80m1g7b64p6","previousEventId":"xm9hzxsw0ackc09","operationId":"2yer4psnauk7vq9","previousOperationId":"0grc5vxpuueplid"}
{"type":"log","timestamp":1708448430962,"level":"debug","message":"Executing recipe chrome-pdf","meta":{"rootId":"18k21drr83ftcdp","id":"18k21drr83ftcdp"},"id":"21apzin5gnueb6i","previousOperationId":"2yer4psnauk7vq9"}
{"type":"log","timestamp":1708448430964,"level":"debug","message":"Converting with chrome HeadlessChrome/117.0.5938.149 using chrome-pool strategy","meta":{"rootId":"18k21drr83ftcdp","id":"18k21drr83ftcdp"},"id":"z1bhf5740ntr6qv","previousOperationId":"2yer4psnauk7vq9"}
{"type":"log","timestamp":1708448431000,"level":"debug","message":"Page request: GET (document) file:///tmp/jsreport/autocleanup/68ad1cce-6fcb-44f8-8da7-03ce4dc57ca0-chrome-pdf.html","meta":{"rootId":"18k21drr83ftcdp","id":"18k21drr83ftcdp"},"id":"8kv9f6my2kmsatk","previousOperationId":"2yer4psnauk7vq9"}
{"type":"log","timestamp":1708448431008,"level":"debug","message":"Page request: GET (stylesheet) https://cdn.jsdelivr.net/chartist.js/latest/chartist.min.css","meta":{"rootId":"18k21drr83ftcdp","id":"18k21drr83ftcdp"},"id":"jpwd4vdelwj0hx2","previousOperationId":"2yer4psnauk7vq9"}
{"type":"log","timestamp":1708448431009,"level":"debug","message":"Page request: GET (script) https://cdn.jsdelivr.net/chartist.js/latest/chartist.min.js","meta":{"rootId":"18k21drr83ftcdp","id":"18k21drr83ftcdp"},"id":"6n87q1f5gfej389","previousOperationId":"2yer4psnauk7vq9"}
{"type":"log","timestamp":1708448431009,"level":"debug","message":"Page request: GET (script) https://code.jquery.com/jquery-3.6.0.min.js","meta":{"rootId":"18k21drr83ftcdp","id":"18k21drr83ftcdp"},"id":"70y1qym6gkrppmy","previousOperationId":"2yer4psnauk7vq9"}
{"type":"log","timestamp":1708448431009,"level":"debug","message":"Page request finished: GET (document) 200 file:///tmp/jsreport/autocleanup/68ad1cce-6fcb-44f8-8da7-03ce4dc57ca0-chrome-pdf.html","meta":{"rootId":"18k21drr83ftcdp","id":"18k21drr83ftcdp"},"id":"mbb39mabo70y8n4","previousOperationId":"2yer4psnauk7vq9"}
{"type":"log","timestamp":1708448431011,"level":"debug","message":"Page request finished: GET (stylesheet) 200 https://cdn.jsdelivr.net/chartist.js/latest/chartist.min.css","meta":{"rootId":"18k21drr83ftcdp","id":"18k21drr83ftcdp"},"id":"p388bg8rey9r66l","previousOperationId":"2yer4psnauk7vq9"}
{"type":"log","timestamp":1708448431013,"level":"debug","message":"Page request finished: GET (script) 200 https://cdn.jsdelivr.net/chartist.js/latest/chartist.min.js","meta":{"rootId":"18k21drr83ftcdp","id":"18k21drr83ftcdp"},"id":"s8b01chp9fbbtyj","previousOperationId":"2yer4psnauk7vq9"}
{"type":"log","timestamp":1708448431014,"level":"debug","message":"Page request finished: GET (script) 200 https://code.jquery.com/jquery-3.6.0.min.js","meta":{"rootId":"18k21drr83ftcdp","id":"18k21drr83ftcdp"},"id":"3136tat8c3yz9pm","previousOperationId":"2yer4psnauk7vq9"}
{"type":"log","timestamp":1708448431021,"level":"debug","message":"Page request: GET (fetch) http://localhost:4000/api/v1/lists","meta":{"rootId":"18k21drr83ftcdp","id":"18k21drr83ftcdp"},"id":"hi0ycjui31fbbpp","previousOperationId":"2yer4psnauk7vq9"}
{"type":"log","timestamp":1708448431021,"level":"debug","message":"Running chrome with params {\"printBackground\":true,\"timeout\":59979,\"margin\":{}}","meta":{"rootId":"18k21drr83ftcdp","id":"18k21drr83ftcdp"},"id":"9izk3pfjmyk7j7z","previousOperationId":"2yer4psnauk7vq9"}
{"type":"operationEnd","operationId":"2yer4psnauk7vq9","timestamp":1708448431030,"id":"l97o8ubg1gycnq9","previousEventId":"3xyg80m1g7b64p6","previousOperationId":"2yer4psnauk7vq9"}
{"type":"log","timestamp":1708448431030,"level":"debug","message":"Skipping storing report.","meta":{"rootId":"18k21drr83ftcdp","id":"18k21drr83ftcdp"},"id":"tg6pso0znpkzf27","previousOperationId":"2yer4psnauk7vq9"}
{"type":"log","timestamp":1708448431030,"level":"info","message":"Rendering request 28 finished in 88 ms","meta":{"rootId":"18k21drr83ftcdp","id":"18k21drr83ftcdp"},"id":"y2ehxalq0gch26e","previousOperationId":"2yer4psnauk7vq9"}
{"type":"operationEnd","subtype":"render","operationId":"fdmnin2xgex28go","timestamp":1708448431030,"id":"td7vcwd75h52nhr","previousEventId":"l97o8ubg1gycnq9","previousOperationId":"2yer4psnauk7vq9"}
{"type":"operationEnd","doDiffs":false,"previousEventId":"td3l5sv69vdvfrt","previousOperationId":"3nr1pvhagbkpi2l","operationId":"3nr1pvhagbkpi2l","timestamp":1708448431037,"id":"a2w2jpsydxdbenl"}
