{"type":"operationStart","subtype":"profile","data":{"_id":"95xAUfGrgwd5MDK5","timestamp":"2024-02-20T16:59:07.415Z","state":"queued","mode":"standard","creationDate":"2024-02-20T16:59:07.416Z","modificationDate":"2024-02-20T16:59:07.416Z","shortid":"xVMxlHX","$entitySet":"profiles"},"doDiffs":false,"timestamp":1708448347415,"id":"ueb504q1j2j9fnb","previousOperationId":null,"operationId":"kwnh2wh5j9j7b5x"}
{"type":"log","level":"info","message":"Render request 26 queued for execution and waiting for available worker","previousOperationId":"kwnh2wh5j9j7b5x","timestamp":1708448347415,"id":"9n8pss1n332bi0z"}
{"type":"operationStart","subtype":"render","name":"InfoList","previousOperationId":"kwnh2wh5j9j7b5x","timestamp":1708448347422,"id":"gu1ldk9qab1p94y","previousEventId":"ueb504q1j2j9fnb","operationId":"a2vifd0ycyue13j"}
{"type":"log","timestamp":1708448347422,"level":"info","message":"Starting rendering request 26","meta":{"rootId":"2eczrqspqoo9bkk","id":"2eczrqspqoo9bkk"},"id":"qhwsghe8u8klaba","previousOperationId":"a2vifd0ycyue13j"}
{"type":"log","timestamp":1708448347423,"level":"info","message":"Rendering template { name: InfoList, recipe: chrome-pdf, engine: handlebars, preview: true }","meta":{"rootId":"2eczrqspqoo9bkk","id":"2eczrqspqoo9bkk"},"id":"s9bq83vt6zfqid5","previousOperationId":"a2vifd0ycyue13j"}
{"type":"log","timestamp":1708448347423,"level":"debug","message":"Data item not defined for this template.","meta":{"rootId":"2eczrqspqoo9bkk","id":"2eczrqspqoo9bkk"},"id":"mc0ojt45v4o6oiv","previousOperationId":"a2vifd0ycyue13j"}
{"type":"log","timestamp":1708448347424,"level":"debug","message":"Base url not specified, skipping its injection.","meta":{"rootId":"2eczrqspqoo9bkk","id":"2eczrqspqoo9bkk"},"id":"c7p8b1mctqn2sdr","previousOperationId":"a2vifd0ycyue13j"}
{"type":"operationStart","subtype":"engine","name":"handlebars","timestamp":1708448347424,"id":"h1zgezqnjybbuq1","previousEventId":"gu1ldk9qab1p94y","operationId":"454uh1sfbd6mwhi","previousOperationId":"a2vifd0ycyue13j"}
{"type":"log","timestamp":1708448347424,"level":"debug","message":"Rendering engine handlebars","meta":{"rootId":"2eczrqspqoo9bkk","id":"2eczrqspqoo9bkk"},"id":"txqura9r84izsxq","previousOperationId":"454uh1sfbd6mwhi"}
{"type":"operationEnd","operationId":"454uh1sfbd6mwhi","timestamp":1708448347432,"id":"eq7x1y1byq3inmq","previousEventId":"h1zgezqnjybbuq1","previousOperationId":"454uh1sfbd6mwhi"}
{"type":"operationStart","subtype":"recipe","name":"chrome-pdf","timestamp":1708448347432,"id":"tmjwnbzx0dlfhwe","previousEventId":"eq7x1y1byq3inmq","operationId":"wtdchb79u6qi0lo","previousOperationId":"454uh1sfbd6mwhi"}
{"type":"log","timestamp":1708448347432,"level":"debug","message":"Executing recipe chrome-pdf","meta":{"rootId":"2eczrqspqoo9bkk","id":"2eczrqspqoo9bkk"},"id":"t7y16kuazjc0hln","previousOperationId":"wtdchb79u6qi0lo"}
{"type":"log","timestamp":1708448347434,"level":"debug","message":"Converting with chrome HeadlessChrome/117.0.5938.149 using chrome-pool strategy","meta":{"rootId":"2eczrqspqoo9bkk","id":"2eczrqspqoo9bkk"},"id":"xljucp52auo2z6w","previousOperationId":"wtdchb79u6qi0lo"}
{"type":"log","timestamp":1708448347465,"level":"debug","message":"Page request: GET (document) file:///tmp/jsreport/autocleanup/ab5f8641-f420-4251-be30-2c004dfb418c-chrome-pdf.html","meta":{"rootId":"2eczrqspqoo9bkk","id":"2eczrqspqoo9bkk"},"id":"4ke5127zwn56f16","previousOperationId":"wtdchb79u6qi0lo"}
{"type":"log","timestamp":1708448347473,"level":"debug","message":"Page request: GET (stylesheet) https://cdn.jsdelivr.net/chartist.js/latest/chartist.min.css","meta":{"rootId":"2eczrqspqoo9bkk","id":"2eczrqspqoo9bkk"},"id":"7kocswagrid700v","previousOperationId":"wtdchb79u6qi0lo"}
{"type":"log","timestamp":1708448347473,"level":"debug","message":"Page request: GET (script) https://cdn.jsdelivr.net/chartist.js/latest/chartist.min.js","meta":{"rootId":"2eczrqspqoo9bkk","id":"2eczrqspqoo9bkk"},"id":"qfvuh0dug9lq2bw","previousOperationId":"wtdchb79u6qi0lo"}
{"type":"log","timestamp":1708448347474,"level":"debug","message":"Page request: GET (script) https://code.jquery.com/jquery-3.6.0.min.js","meta":{"rootId":"2eczrqspqoo9bkk","id":"2eczrqspqoo9bkk"},"id":"f2foyz50o87waqy","previousOperationId":"wtdchb79u6qi0lo"}
{"type":"log","timestamp":1708448347474,"level":"debug","message":"Page request finished: GET (document) 200 file:///tmp/jsreport/autocleanup/ab5f8641-f420-4251-be30-2c004dfb418c-chrome-pdf.html","meta":{"rootId":"2eczrqspqoo9bkk","id":"2eczrqspqoo9bkk"},"id":"aed5aarqrtf1zyf","previousOperationId":"wtdchb79u6qi0lo"}
{"type":"log","timestamp":1708448347476,"level":"debug","message":"Page request finished: GET (stylesheet) 200 https://cdn.jsdelivr.net/chartist.js/latest/chartist.min.css","meta":{"rootId":"2eczrqspqoo9bkk","id":"2eczrqspqoo9bkk"},"id":"g9kke5cgmmjwkvu","previousOperationId":"wtdchb79u6qi0lo"}
{"type":"log","timestamp":1708448347478,"level":"debug","message":"Page request finished: GET (script) 200 https://cdn.jsdelivr.net/chartist.js/latest/chartist.min.js","meta":{"rootId":"2eczrqspqoo9bkk","id":"2eczrqspqoo9bkk"},"id":"hb6sao74sc1qcm7","previousOperationId":"wtdchb79u6qi0lo"}
{"type":"log","timestamp":1708448347482,"level":"debug","message":"Page request finished: GET (script) 200 https://code.jquery.com/jquery-3.6.0.min.js","meta":{"rootId":"2eczrqspqoo9bkk","id":"2eczrqspqoo9bkk"},"id":"4tuyun1yxgbvgb1","previousOperationId":"wtdchb79u6qi0lo"}
{"type":"log","timestamp":1708448347495,"level":"debug","message":"Page request: GET (fetch) http://localhost:4000/api/v1/lists","meta":{"rootId":"2eczrqspqoo9bkk","id":"2eczrqspqoo9bkk"},"id":"1zapg2a2i7d7zf0","previousOperationId":"wtdchb79u6qi0lo"}
{"type":"log","timestamp":1708448347495,"level":"debug","message":"Running chrome with params {\"printBackground\":true,\"timeout\":59981,\"margin\":{}}","meta":{"rootId":"2eczrqspqoo9bkk","id":"2eczrqspqoo9bkk"},"id":"o2ybg51cg6pqgz8","previousOperationId":"wtdchb79u6qi0lo"}
{"type":"operationEnd","operationId":"wtdchb79u6qi0lo","timestamp":1708448347504,"id":"88s2i0l58z1oqkx","previousEventId":"tmjwnbzx0dlfhwe","previousOperationId":"wtdchb79u6qi0lo"}
{"type":"log","timestamp":1708448347504,"level":"debug","message":"Skipping storing report.","meta":{"rootId":"2eczrqspqoo9bkk","id":"2eczrqspqoo9bkk"},"id":"2m85sl3m0yq6tm5","previousOperationId":"wtdchb79u6qi0lo"}
{"type":"log","timestamp":1708448347504,"level":"info","message":"Rendering request 26 finished in 90 ms","meta":{"rootId":"2eczrqspqoo9bkk","id":"2eczrqspqoo9bkk"},"id":"hdtrfuob9l1kz74","previousOperationId":"wtdchb79u6qi0lo"}
{"type":"operationEnd","subtype":"render","operationId":"a2vifd0ycyue13j","timestamp":1708448347504,"id":"m7vlbhdfqfavwl2","previousEventId":"88s2i0l58z1oqkx","previousOperationId":"wtdchb79u6qi0lo"}
{"type":"operationEnd","doDiffs":false,"previousEventId":"ueb504q1j2j9fnb","previousOperationId":"kwnh2wh5j9j7b5x","operationId":"kwnh2wh5j9j7b5x","timestamp":1708448347511,"id":"a08vt6zmko1b403"}
