{"type":"operationStart","subtype":"profile","data":{"_id":"OEX2SIwblOxLypGu","timestamp":"2024-02-20T16:58:09.014Z","state":"queued","mode":"standard","creationDate":"2024-02-20T16:58:09.016Z","modificationDate":"2024-02-20T16:58:09.016Z","shortid":"L11_Xe5","$entitySet":"profiles"},"doDiffs":false,"timestamp":1708448289015,"id":"js2joj54f1b0lqt","previousOperationId":null,"operationId":"wf7gxi2vhen2eav"}
{"type":"log","level":"info","message":"Render request 25 queued for execution and waiting for available worker","previousOperationId":"wf7gxi2vhen2eav","timestamp":1708448289015,"id":"xvcj5pjg59omcsw"}
{"type":"operationStart","subtype":"render","name":"InfoList","previousOperationId":"wf7gxi2vhen2eav","timestamp":1708448289020,"id":"hknmzupd35ye2cd","previousEventId":"js2joj54f1b0lqt","operationId":"poo78zh4hxg2jja"}
{"type":"log","timestamp":1708448289020,"level":"info","message":"Starting rendering request 25","meta":{"rootId":"4m0x0a3de0okm69","id":"4m0x0a3de0okm69"},"id":"jrjcula3zbhdbha","previousOperationId":"poo78zh4hxg2jja"}
{"type":"log","timestamp":1708448289020,"level":"info","message":"Rendering template { name: InfoList, recipe: chrome-pdf, engine: handlebars, preview: true }","meta":{"rootId":"4m0x0a3de0okm69","id":"4m0x0a3de0okm69"},"id":"rq4y113o9oufhd0","previousOperationId":"poo78zh4hxg2jja"}
{"type":"log","timestamp":1708448289020,"level":"debug","message":"Data item not defined for this template.","meta":{"rootId":"4m0x0a3de0okm69","id":"4m0x0a3de0okm69"},"id":"pv7z4f7w8l2twjo","previousOperationId":"poo78zh4hxg2jja"}
{"type":"log","timestamp":1708448289022,"level":"debug","message":"Base url not specified, skipping its injection.","meta":{"rootId":"4m0x0a3de0okm69","id":"4m0x0a3de0okm69"},"id":"0x1n29wvgq8tma8","previousOperationId":"poo78zh4hxg2jja"}
{"type":"operationStart","subtype":"engine","name":"handlebars","timestamp":1708448289023,"id":"tw1z3qt2mtb7p0f","previousEventId":"hknmzupd35ye2cd","operationId":"affknch91eypyws","previousOperationId":"poo78zh4hxg2jja"}
{"type":"log","timestamp":1708448289023,"level":"debug","message":"Rendering engine handlebars","meta":{"rootId":"4m0x0a3de0okm69","id":"4m0x0a3de0okm69"},"id":"bpyugfbq919a9lf","previousOperationId":"affknch91eypyws"}
{"type":"operationEnd","operationId":"affknch91eypyws","timestamp":1708448289036,"id":"czfcpdi1202aflq","previousEventId":"tw1z3qt2mtb7p0f","previousOperationId":"affknch91eypyws"}
{"type":"operationStart","subtype":"recipe","name":"chrome-pdf","timestamp":1708448289036,"id":"t647j1sj73qxl4e","previousEventId":"czfcpdi1202aflq","operationId":"02f7z30r88i1nla","previousOperationId":"affknch91eypyws"}
{"type":"log","timestamp":1708448289036,"level":"debug","message":"Executing recipe chrome-pdf","meta":{"rootId":"4m0x0a3de0okm69","id":"4m0x0a3de0okm69"},"id":"4jzxn3xa4k05uk7","previousOperationId":"02f7z30r88i1nla"}
{"type":"log","timestamp":1708448289038,"level":"debug","message":"Converting with chrome HeadlessChrome/117.0.5938.149 using chrome-pool strategy","meta":{"rootId":"4m0x0a3de0okm69","id":"4m0x0a3de0okm69"},"id":"gxaq4xtnp44z9pb","previousOperationId":"02f7z30r88i1nla"}
{"type":"log","timestamp":1708448289088,"level":"debug","message":"Page request: GET (document) file:///tmp/jsreport/autocleanup/06705f5d-c231-412c-8b75-bfbb1ad1ffa5-chrome-pdf.html","meta":{"rootId":"4m0x0a3de0okm69","id":"4m0x0a3de0okm69"},"id":"bqc6h9tbfs0wzne","previousOperationId":"02f7z30r88i1nla"}
{"type":"log","timestamp":1708448289099,"level":"debug","message":"Page request: GET (stylesheet) https://cdn.jsdelivr.net/chartist.js/latest/chartist.min.css","meta":{"rootId":"4m0x0a3de0okm69","id":"4m0x0a3de0okm69"},"id":"a0zk4d3c9wleapy","previousOperationId":"02f7z30r88i1nla"}
{"type":"log","timestamp":1708448289099,"level":"debug","message":"Page request: GET (script) https://cdn.jsdelivr.net/chartist.js/latest/chartist.min.js","meta":{"rootId":"4m0x0a3de0okm69","id":"4m0x0a3de0okm69"},"id":"d9lacdmf398lerd","previousOperationId":"02f7z30r88i1nla"}
{"type":"log","timestamp":1708448289100,"level":"debug","message":"Page request: GET (script) https://code.jquery.com/jquery-3.6.0.min.js","meta":{"rootId":"4m0x0a3de0okm69","id":"4m0x0a3de0okm69"},"id":"5ncyr0te5vpewm7","previousOperationId":"02f7z30r88i1nla"}
{"type":"log","timestamp":1708448289100,"level":"debug","message":"Page request finished: GET (document) 200 file:///tmp/jsreport/autocleanup/06705f5d-c231-412c-8b75-bfbb1ad1ffa5-chrome-pdf.html","meta":{"rootId":"4m0x0a3de0okm69","id":"4m0x0a3de0okm69"},"id":"lcus0p58sulzbi6","previousOperationId":"02f7z30r88i1nla"}
{"type":"log","timestamp":1708448289103,"level":"debug","message":"Page request finished: GET (stylesheet) 200 https://cdn.jsdelivr.net/chartist.js/latest/chartist.min.css","meta":{"rootId":"4m0x0a3de0okm69","id":"4m0x0a3de0okm69"},"id":"9lscv8t4247xpk5","previousOperationId":"02f7z30r88i1nla"}
{"type":"log","timestamp":1708448289104,"level":"debug","message":"Page request finished: GET (script) 200 https://cdn.jsdelivr.net/chartist.js/latest/chartist.min.js","meta":{"rootId":"4m0x0a3de0okm69","id":"4m0x0a3de0okm69"},"id":"b9pyp8yv4mn4vwp","previousOperationId":"02f7z30r88i1nla"}
{"type":"log","timestamp":1708448289302,"level":"debug","message":"Page request finished: GET (script) 200 https://code.jquery.com/jquery-3.6.0.min.js","meta":{"rootId":"4m0x0a3de0okm69","id":"4m0x0a3de0okm69"},"id":"g8ixty4qc9vk2bp","previousOperationId":"02f7z30r88i1nla"}
{"type":"log","timestamp":1708448289313,"level":"debug","message":"Page request: GET (fetch) http://localhost:4000/api/v1/lists","meta":{"rootId":"4m0x0a3de0okm69","id":"4m0x0a3de0okm69"},"id":"2mmg6crprwoh6ar","previousOperationId":"02f7z30r88i1nla"}
{"type":"log","timestamp":1708448289313,"level":"debug","message":"Running chrome with params {\"printBackground\":true,\"timeout\":59977,\"margin\":{}}","meta":{"rootId":"4m0x0a3de0okm69","id":"4m0x0a3de0okm69"},"id":"eceor5bbz77zuow","previousOperationId":"02f7z30r88i1nla"}
{"type":"operationEnd","operationId":"02f7z30r88i1nla","timestamp":1708448289321,"id":"lr44osk69roxxbf","previousEventId":"t647j1sj73qxl4e","previousOperationId":"02f7z30r88i1nla"}
{"type":"log","timestamp":1708448289321,"level":"debug","message":"Skipping storing report.","meta":{"rootId":"4m0x0a3de0okm69","id":"4m0x0a3de0okm69"},"id":"cwh4qlgg4nogwiy","previousOperationId":"02f7z30r88i1nla"}
{"type":"log","timestamp":1708448289321,"level":"info","message":"Rendering request 25 finished in 307 ms","meta":{"rootId":"4m0x0a3de0okm69","id":"4m0x0a3de0okm69"},"id":"ydddnex77oar964","previousOperationId":"02f7z30r88i1nla"}
{"type":"operationEnd","subtype":"render","operationId":"poo78zh4hxg2jja","timestamp":1708448289321,"id":"iux57ota5sgroo6","previousEventId":"lr44osk69roxxbf","previousOperationId":"02f7z30r88i1nla"}
{"type":"operationEnd","doDiffs":false,"previousEventId":"js2joj54f1b0lqt","previousOperationId":"wf7gxi2vhen2eav","operationId":"wf7gxi2vhen2eav","timestamp":1708448289326,"id":"d2i91yg9y4aaaty"}
