{"type":"operationStart","subtype":"profile","data":{"_id":"xTWJs2956h0ZSyNL","timestamp":"2024-02-20T16:44:24.402Z","state":"queued","mode":"standard","creationDate":"2024-02-20T16:44:24.403Z","modificationDate":"2024-02-20T16:44:24.403Z","shortid":"fzuzygF","$entitySet":"profiles"},"doDiffs":false,"timestamp":1708447464403,"id":"e9mc4k59i4m81l4","previousOperationId":null,"operationId":"r3633fiyrxpx1u1"}
{"type":"log","level":"info","message":"Render request 17 queued for execution and waiting for available worker","previousOperationId":"r3633fiyrxpx1u1","timestamp":1708447464403,"id":"1wkkm8uvwwq0kgh"}
{"type":"operationStart","subtype":"render","name":"InfoList","previousOperationId":"r3633fiyrxpx1u1","timestamp":1708447464408,"id":"tdgqx77azkbjnjg","previousEventId":"e9mc4k59i4m81l4","operationId":"6eozjauwt3xdkr5"}
{"type":"log","timestamp":1708447464409,"level":"info","message":"Starting rendering request 17","meta":{"rootId":"5g8xsyydu4ubvx6","id":"5g8xsyydu4ubvx6"},"id":"jz1u457hz6pg70s","previousOperationId":"6eozjauwt3xdkr5"}
{"type":"log","timestamp":1708447464409,"level":"info","message":"Rendering template { name: InfoList, recipe: chrome-pdf, engine: handlebars, preview: true }","meta":{"rootId":"5g8xsyydu4ubvx6","id":"5g8xsyydu4ubvx6"},"id":"ufb7trhtb7f5fkq","previousOperationId":"6eozjauwt3xdkr5"}
{"type":"log","timestamp":1708447464410,"level":"debug","message":"Data item not defined for this template.","meta":{"rootId":"5g8xsyydu4ubvx6","id":"5g8xsyydu4ubvx6"},"id":"pt78lmv7c0b327x","previousOperationId":"6eozjauwt3xdkr5"}
{"type":"log","timestamp":1708447464411,"level":"debug","message":"Base url not specified, skipping its injection.","meta":{"rootId":"5g8xsyydu4ubvx6","id":"5g8xsyydu4ubvx6"},"id":"ychc1ilx3wai1f5","previousOperationId":"6eozjauwt3xdkr5"}
{"type":"operationStart","subtype":"engine","name":"handlebars","timestamp":1708447464412,"id":"u3wye2p6jxlje8t","previousEventId":"tdgqx77azkbjnjg","operationId":"i97dw25231fnq7j","previousOperationId":"6eozjauwt3xdkr5"}
{"type":"log","timestamp":1708447464412,"level":"debug","message":"Rendering engine handlebars","meta":{"rootId":"5g8xsyydu4ubvx6","id":"5g8xsyydu4ubvx6"},"id":"ok35i3yrxamsyf3","previousOperationId":"i97dw25231fnq7j"}
{"type":"operationEnd","operationId":"i97dw25231fnq7j","timestamp":1708447464422,"id":"tjpn2pz46zcvjlv","previousEventId":"u3wye2p6jxlje8t","previousOperationId":"i97dw25231fnq7j"}
{"type":"operationStart","subtype":"recipe","name":"chrome-pdf","timestamp":1708447464422,"id":"9qgjb2z6fl1qhw8","previousEventId":"tjpn2pz46zcvjlv","operationId":"iu9fw2jcoocq0md","previousOperationId":"i97dw25231fnq7j"}
{"type":"log","timestamp":1708447464422,"level":"debug","message":"Executing recipe chrome-pdf","meta":{"rootId":"5g8xsyydu4ubvx6","id":"5g8xsyydu4ubvx6"},"id":"bszl4bmueyx81e1","previousOperationId":"iu9fw2jcoocq0md"}
{"type":"log","timestamp":1708447464424,"level":"debug","message":"Converting with chrome HeadlessChrome/117.0.5938.149 using chrome-pool strategy","meta":{"rootId":"5g8xsyydu4ubvx6","id":"5g8xsyydu4ubvx6"},"id":"jpdrj0lq50c2amb","previousOperationId":"iu9fw2jcoocq0md"}
{"type":"log","timestamp":1708447464457,"level":"debug","message":"Page request: GET (document) file:///tmp/jsreport/autocleanup/b09d8224-355e-4065-bb50-6fd4683678b0-chrome-pdf.html","meta":{"rootId":"5g8xsyydu4ubvx6","id":"5g8xsyydu4ubvx6"},"id":"s1eilalm82ai64g","previousOperationId":"iu9fw2jcoocq0md"}
{"type":"log","timestamp":1708447464463,"level":"debug","message":"Page request: GET (stylesheet) https://cdn.jsdelivr.net/chartist.js/latest/chartist.min.css","meta":{"rootId":"5g8xsyydu4ubvx6","id":"5g8xsyydu4ubvx6"},"id":"5wrhy0gh3pl5888","previousOperationId":"iu9fw2jcoocq0md"}
{"type":"log","timestamp":1708447464464,"level":"debug","message":"Page request: GET (script) https://cdn.jsdelivr.net/chartist.js/latest/chartist.min.js","meta":{"rootId":"5g8xsyydu4ubvx6","id":"5g8xsyydu4ubvx6"},"id":"1m9ah7o7eij51wb","previousOperationId":"iu9fw2jcoocq0md"}
{"type":"log","timestamp":1708447464464,"level":"debug","message":"Page request finished: GET (document) 200 file:///tmp/jsreport/autocleanup/b09d8224-355e-4065-bb50-6fd4683678b0-chrome-pdf.html","meta":{"rootId":"5g8xsyydu4ubvx6","id":"5g8xsyydu4ubvx6"},"id":"guoscizvqcwcx13","previousOperationId":"iu9fw2jcoocq0md"}
{"type":"log","timestamp":1708447464466,"level":"debug","message":"Page request finished: GET (stylesheet) 200 https://cdn.jsdelivr.net/chartist.js/latest/chartist.min.css","meta":{"rootId":"5g8xsyydu4ubvx6","id":"5g8xsyydu4ubvx6"},"id":"wvle9mr5hdk71ap","previousOperationId":"iu9fw2jcoocq0md"}
{"type":"log","timestamp":1708447464467,"level":"debug","message":"Page request finished: GET (script) 200 https://cdn.jsdelivr.net/chartist.js/latest/chartist.min.js","meta":{"rootId":"5g8xsyydu4ubvx6","id":"5g8xsyydu4ubvx6"},"id":"hzpqe932jdf24w3","previousOperationId":"iu9fw2jcoocq0md"}
{"type":"log","timestamp":1708447464468,"level":"debug","message":"Page request: GET (fetch) http://localhost:4000/api/v1/lists","meta":{"rootId":"5g8xsyydu4ubvx6","id":"5g8xsyydu4ubvx6"},"id":"9heo6miu32k3238","previousOperationId":"iu9fw2jcoocq0md"}
{"type":"log","timestamp":1708447464472,"level":"debug","message":"Running chrome with params {\"printBackground\":true,\"timeout\":59979,\"margin\":{}}","meta":{"rootId":"5g8xsyydu4ubvx6","id":"5g8xsyydu4ubvx6"},"id":"wl5p38k5wh6r6mk","previousOperationId":"iu9fw2jcoocq0md"}
{"type":"log","timestamp":1708447464479,"level":"debug","message":"(console:error) Access to fetch at 'http://localhost:4000/api/v1/lists' from origin 'null' has been blocked by CORS policy: No 'Access-Control-Allow-Origin' header is present on the requested resource. If an opaque response serves your needs, set the request's mode to 'no-cors' to fetch the resource with CORS disabled.","meta":{"userLevel":true,"rootId":"5g8xsyydu4ubvx6","id":"5g8xsyydu4ubvx6"},"id":"wvah25dww5klqvl","previousOperationId":"iu9fw2jcoocq0md"}
{"type":"log","timestamp":1708447464479,"level":"warn","message":"Page request failed: GET (fetch) http://localhost:4000/api/v1/lists, failure: net::ERR_FAILED","meta":{"rootId":"5g8xsyydu4ubvx6","id":"5g8xsyydu4ubvx6"},"id":"rmiqtzkltm9v36w","previousOperationId":"iu9fw2jcoocq0md"}
{"type":"log","timestamp":1708447464480,"level":"debug","message":"(console:error) Failed to load resource: net::ERR_FAILED","meta":{"userLevel":true,"rootId":"5g8xsyydu4ubvx6","id":"5g8xsyydu4ubvx6"},"id":"16uf6k6d71ce727","previousOperationId":"iu9fw2jcoocq0md"}
{"type":"log","timestamp":1708447464480,"level":"debug","message":"(console:error) Error fetching data: JSHandle@error","meta":{"userLevel":true,"rootId":"5g8xsyydu4ubvx6","id":"5g8xsyydu4ubvx6"},"id":"pcj309fgkuprwh8","previousOperationId":"iu9fw2jcoocq0md"}
{"type":"operationEnd","operationId":"iu9fw2jcoocq0md","timestamp":1708447464484,"id":"q0odfvpwzpz6mwa","previousEventId":"9qgjb2z6fl1qhw8","previousOperationId":"iu9fw2jcoocq0md"}
{"type":"log","timestamp":1708447464485,"level":"debug","message":"Skipping storing report.","meta":{"rootId":"5g8xsyydu4ubvx6","id":"5g8xsyydu4ubvx6"},"id":"xnw6xc132bwi72w","previousOperationId":"iu9fw2jcoocq0md"}
{"type":"log","timestamp":1708447464485,"level":"info","message":"Rendering request 17 finished in 83 ms","meta":{"rootId":"5g8xsyydu4ubvx6","id":"5g8xsyydu4ubvx6"},"id":"376o0jtx6mfxlge","previousOperationId":"iu9fw2jcoocq0md"}
{"type":"operationEnd","subtype":"render","operationId":"6eozjauwt3xdkr5","timestamp":1708447464485,"id":"g697h095gtbev17","previousEventId":"q0odfvpwzpz6mwa","previousOperationId":"iu9fw2jcoocq0md"}
{"type":"operationEnd","doDiffs":false,"previousEventId":"e9mc4k59i4m81l4","previousOperationId":"r3633fiyrxpx1u1","operationId":"r3633fiyrxpx1u1","timestamp":1708447464495,"id":"b407us2nr9xxkk9"}
