{"type":"operationStart","subtype":"profile","data":{"_id":"ALauZLUGI0hsbUPT","timestamp":"2024-02-20T17:01:21.795Z","state":"queued","mode":"standard","creationDate":"2024-02-20T17:01:21.796Z","modificationDate":"2024-02-20T17:01:21.796Z","shortid":"EeL6D4F","$entitySet":"profiles"},"doDiffs":false,"timestamp":1708448481795,"id":"l17yqli74fia5i7","previousOperationId":null,"operationId":"dlrj40dj7h1flvo"}
{"type":"log","level":"info","message":"Render request 29 queued for execution and waiting for available worker","previousOperationId":"dlrj40dj7h1flvo","timestamp":1708448481795,"id":"hndnfrx91h5datg"}
{"type":"operationStart","subtype":"render","name":"InfoList","previousOperationId":"dlrj40dj7h1flvo","timestamp":1708448481800,"id":"hcojy023cx31nwo","previousEventId":"l17yqli74fia5i7","operationId":"5pk5qf7ws21740p"}
{"type":"log","timestamp":1708448481800,"level":"info","message":"Starting rendering request 29","meta":{"rootId":"71u6ttmuxhrtxcc","id":"71u6ttmuxhrtxcc"},"id":"nd6t94eizz2er5c","previousOperationId":"5pk5qf7ws21740p"}
{"type":"log","timestamp":1708448481800,"level":"info","message":"Rendering template { name: InfoList, recipe: chrome-pdf, engine: handlebars, preview: true }","meta":{"rootId":"71u6ttmuxhrtxcc","id":"71u6ttmuxhrtxcc"},"id":"gvcyhag1cf1ma07","previousOperationId":"5pk5qf7ws21740p"}
{"type":"log","timestamp":1708448481801,"level":"debug","message":"Data item not defined for this template.","meta":{"rootId":"71u6ttmuxhrtxcc","id":"71u6ttmuxhrtxcc"},"id":"7f1au707nza55r1","previousOperationId":"5pk5qf7ws21740p"}
{"type":"log","timestamp":1708448481803,"level":"debug","message":"Base url not specified, skipping its injection.","meta":{"rootId":"71u6ttmuxhrtxcc","id":"71u6ttmuxhrtxcc"},"id":"ncjm5t7utrvfqv1","previousOperationId":"5pk5qf7ws21740p"}
{"type":"operationStart","subtype":"engine","name":"handlebars","timestamp":1708448481804,"id":"2kk77ap2l8svzuu","previousEventId":"hcojy023cx31nwo","operationId":"jbjgaxcmxxxlqk8","previousOperationId":"5pk5qf7ws21740p"}
{"type":"log","timestamp":1708448481804,"level":"debug","message":"Rendering engine handlebars","meta":{"rootId":"71u6ttmuxhrtxcc","id":"71u6ttmuxhrtxcc"},"id":"oqur51zioxifoxl","previousOperationId":"jbjgaxcmxxxlqk8"}
{"type":"operationEnd","operationId":"jbjgaxcmxxxlqk8","timestamp":1708448481817,"id":"gr5lfkzxc9t7u3o","previousEventId":"2kk77ap2l8svzuu","previousOperationId":"jbjgaxcmxxxlqk8"}
{"type":"operationStart","subtype":"recipe","name":"chrome-pdf","timestamp":1708448481817,"id":"9ua3paoaexnw5le","previousEventId":"gr5lfkzxc9t7u3o","operationId":"pvx8wr1g7or504q","previousOperationId":"jbjgaxcmxxxlqk8"}
{"type":"log","timestamp":1708448481817,"level":"debug","message":"Executing recipe chrome-pdf","meta":{"rootId":"71u6ttmuxhrtxcc","id":"71u6ttmuxhrtxcc"},"id":"6nchhri3ammct7g","previousOperationId":"pvx8wr1g7or504q"}
{"type":"log","timestamp":1708448481818,"level":"debug","message":"Converting with chrome HeadlessChrome/117.0.5938.149 using chrome-pool strategy","meta":{"rootId":"71u6ttmuxhrtxcc","id":"71u6ttmuxhrtxcc"},"id":"vr5osqrfb349ade","previousOperationId":"pvx8wr1g7or504q"}
{"type":"log","timestamp":1708448481853,"level":"debug","message":"Page request: GET (document) file:///tmp/jsreport/autocleanup/485aa9a6-4457-4051-b9fe-fbae0683b14a-chrome-pdf.html","meta":{"rootId":"71u6ttmuxhrtxcc","id":"71u6ttmuxhrtxcc"},"id":"z43e7wods6474ay","previousOperationId":"pvx8wr1g7or504q"}
{"type":"log","timestamp":1708448481860,"level":"debug","message":"Page request: GET (stylesheet) https://cdn.jsdelivr.net/chartist.js/latest/chartist.min.css","meta":{"rootId":"71u6ttmuxhrtxcc","id":"71u6ttmuxhrtxcc"},"id":"mr78x4pef2p0ek3","previousOperationId":"pvx8wr1g7or504q"}
{"type":"log","timestamp":1708448481861,"level":"debug","message":"Page request: GET (script) https://cdn.jsdelivr.net/chartist.js/latest/chartist.min.js","meta":{"rootId":"71u6ttmuxhrtxcc","id":"71u6ttmuxhrtxcc"},"id":"ec9b3ghjtox8ni5","previousOperationId":"pvx8wr1g7or504q"}
{"type":"log","timestamp":1708448481861,"level":"debug","message":"Page request: GET (script) https://code.jquery.com/jquery-3.6.0.min.js","meta":{"rootId":"71u6ttmuxhrtxcc","id":"71u6ttmuxhrtxcc"},"id":"z6sk64hyfq7xr15","previousOperationId":"pvx8wr1g7or504q"}
{"type":"log","timestamp":1708448481862,"level":"debug","message":"Page request finished: GET (document) 200 file:///tmp/jsreport/autocleanup/485aa9a6-4457-4051-b9fe-fbae0683b14a-chrome-pdf.html","meta":{"rootId":"71u6ttmuxhrtxcc","id":"71u6ttmuxhrtxcc"},"id":"bdac5ia9nqm2nah","previousOperationId":"pvx8wr1g7or504q"}
{"type":"log","timestamp":1708448481863,"level":"debug","message":"Page request finished: GET (stylesheet) 200 https://cdn.jsdelivr.net/chartist.js/latest/chartist.min.css","meta":{"rootId":"71u6ttmuxhrtxcc","id":"71u6ttmuxhrtxcc"},"id":"j6x7hhvybijetqo","previousOperationId":"pvx8wr1g7or504q"}
{"type":"log","timestamp":1708448481865,"level":"debug","message":"Page request finished: GET (script) 200 https://cdn.jsdelivr.net/chartist.js/latest/chartist.min.js","meta":{"rootId":"71u6ttmuxhrtxcc","id":"71u6ttmuxhrtxcc"},"id":"7ycd0n9vzmxm8wl","previousOperationId":"pvx8wr1g7or504q"}
{"type":"log","timestamp":1708448481866,"level":"debug","message":"Page request finished: GET (script) 200 https://code.jquery.com/jquery-3.6.0.min.js","meta":{"rootId":"71u6ttmuxhrtxcc","id":"71u6ttmuxhrtxcc"},"id":"fybwpcyx15v4e7b","previousOperationId":"pvx8wr1g7or504q"}
{"type":"log","timestamp":1708448481878,"level":"debug","message":"Page request: GET (fetch) http://localhost:4000/api/v1/lists","meta":{"rootId":"71u6ttmuxhrtxcc","id":"71u6ttmuxhrtxcc"},"id":"d4o6hnvk1e7hz60","previousOperationId":"pvx8wr1g7or504q"}
{"type":"log","timestamp":1708448481879,"level":"debug","message":"Running chrome with params {\"printBackground\":true,\"timeout\":59977,\"margin\":{}}","meta":{"rootId":"71u6ttmuxhrtxcc","id":"71u6ttmuxhrtxcc"},"id":"y5avw37su7th6ih","previousOperationId":"pvx8wr1g7or504q"}
{"type":"operationEnd","operationId":"pvx8wr1g7or504q","timestamp":1708448481908,"id":"ax6usftfnp2lu1e","previousEventId":"9ua3paoaexnw5le","previousOperationId":"pvx8wr1g7or504q"}
{"type":"log","timestamp":1708448481908,"level":"debug","message":"Skipping storing report.","meta":{"rootId":"71u6ttmuxhrtxcc","id":"71u6ttmuxhrtxcc"},"id":"1ss33u2of503elo","previousOperationId":"pvx8wr1g7or504q"}
{"type":"log","timestamp":1708448481908,"level":"info","message":"Rendering request 29 finished in 113 ms","meta":{"rootId":"71u6ttmuxhrtxcc","id":"71u6ttmuxhrtxcc"},"id":"bcrb59ea1tm53zp","previousOperationId":"pvx8wr1g7or504q"}
{"type":"operationEnd","subtype":"render","operationId":"5pk5qf7ws21740p","timestamp":1708448481908,"id":"p72zyd8miiwzz3g","previousEventId":"ax6usftfnp2lu1e","previousOperationId":"pvx8wr1g7or504q"}
{"type":"operationEnd","doDiffs":false,"previousEventId":"l17yqli74fia5i7","previousOperationId":"dlrj40dj7h1flvo","operationId":"dlrj40dj7h1flvo","timestamp":1708448481916,"id":"4elgbecjsrunrqk"}
