{"type":"operationStart","subtype":"profile","data":{"_id":"AwnlRoLd4RW31lB1","timestamp":"2024-02-20T16:35:38.705Z","state":"queued","mode":"standard","creationDate":"2024-02-20T16:35:38.706Z","modificationDate":"2024-02-20T16:35:38.706Z","shortid":"2hLGGuC","$entitySet":"profiles"},"doDiffs":false,"timestamp":1708446938705,"id":"d5vd9baldhb7bbs","previousOperationId":null,"operationId":"2bxn6bnm1y1c228"}
{"type":"log","level":"info","message":"Render request 12 queued for execution and waiting for available worker","previousOperationId":"2bxn6bnm1y1c228","timestamp":1708446938706,"id":"4y4952sfhhlf530"}
{"type":"operationStart","subtype":"render","name":"InfoList","previousOperationId":"2bxn6bnm1y1c228","timestamp":1708446938711,"id":"hk8lnug9fqkorsp","previousEventId":"d5vd9baldhb7bbs","operationId":"5i08j3wyt19e0u7"}
{"type":"log","timestamp":1708446938711,"level":"info","message":"Starting rendering request 12","meta":{"rootId":"77ypqrtga6qntj9","id":"77ypqrtga6qntj9"},"id":"59irun89zmoc2gb","previousOperationId":"5i08j3wyt19e0u7"}
{"type":"log","timestamp":1708446938711,"level":"info","message":"Rendering template { name: InfoList, recipe: chrome-pdf, engine: handlebars, preview: true }","meta":{"rootId":"77ypqrtga6qntj9","id":"77ypqrtga6qntj9"},"id":"t7057n78lngzpkl","previousOperationId":"5i08j3wyt19e0u7"}
{"type":"log","timestamp":1708446938712,"level":"debug","message":"Data item not defined for this template.","meta":{"rootId":"77ypqrtga6qntj9","id":"77ypqrtga6qntj9"},"id":"vq7mm8x8xrocerg","previousOperationId":"5i08j3wyt19e0u7"}
{"type":"log","timestamp":1708446938713,"level":"debug","message":"Base url not specified, skipping its injection.","meta":{"rootId":"77ypqrtga6qntj9","id":"77ypqrtga6qntj9"},"id":"9581a1ae83dl4bh","previousOperationId":"5i08j3wyt19e0u7"}
{"type":"operationStart","subtype":"engine","name":"handlebars","timestamp":1708446938713,"id":"cxtmchnmda5b1xt","previousEventId":"hk8lnug9fqkorsp","operationId":"tzdxd2esqsmj35b","previousOperationId":"5i08j3wyt19e0u7"}
{"type":"log","timestamp":1708446938713,"level":"debug","message":"Rendering engine handlebars","meta":{"rootId":"77ypqrtga6qntj9","id":"77ypqrtga6qntj9"},"id":"c8jvh5qi7b70k32","previousOperationId":"tzdxd2esqsmj35b"}
{"type":"operationEnd","operationId":"tzdxd2esqsmj35b","timestamp":1708446938723,"id":"awc0ict8acgkxz8","previousEventId":"cxtmchnmda5b1xt","previousOperationId":"tzdxd2esqsmj35b"}
{"type":"operationStart","subtype":"recipe","name":"chrome-pdf","timestamp":1708446938723,"id":"kcd5ape9pxgpy16","previousEventId":"awc0ict8acgkxz8","operationId":"l1u1c6or69nx3l3","previousOperationId":"tzdxd2esqsmj35b"}
{"type":"log","timestamp":1708446938723,"level":"debug","message":"Executing recipe chrome-pdf","meta":{"rootId":"77ypqrtga6qntj9","id":"77ypqrtga6qntj9"},"id":"va6tf401wjxrc8l","previousOperationId":"l1u1c6or69nx3l3"}
{"type":"log","timestamp":1708446938724,"level":"debug","message":"Converting with chrome HeadlessChrome/117.0.5938.149 using chrome-pool strategy","meta":{"rootId":"77ypqrtga6qntj9","id":"77ypqrtga6qntj9"},"id":"z2t1utmlabpilkr","previousOperationId":"l1u1c6or69nx3l3"}
{"type":"log","timestamp":1708446938754,"level":"debug","message":"Page request: GET (document) file:///tmp/jsreport/autocleanup/e4b1c9bb-4f6b-48a9-a152-853a1a968efe-chrome-pdf.html","meta":{"rootId":"77ypqrtga6qntj9","id":"77ypqrtga6qntj9"},"id":"duowsz9i0w2rcvv","previousOperationId":"l1u1c6or69nx3l3"}
{"type":"log","timestamp":1708446938761,"level":"debug","message":"Page request: GET (stylesheet) https://cdn.jsdelivr.net/chartist.js/latest/chartist.min.css","meta":{"rootId":"77ypqrtga6qntj9","id":"77ypqrtga6qntj9"},"id":"xhq1lsr3elg8lr5","previousOperationId":"l1u1c6or69nx3l3"}
{"type":"log","timestamp":1708446938762,"level":"debug","message":"Page request: GET (script) https://cdn.jsdelivr.net/chartist.js/latest/chartist.min.js","meta":{"rootId":"77ypqrtga6qntj9","id":"77ypqrtga6qntj9"},"id":"knpf1o6sqxw36ei","previousOperationId":"l1u1c6or69nx3l3"}
{"type":"log","timestamp":1708446938762,"level":"debug","message":"Page request finished: GET (document) 200 file:///tmp/jsreport/autocleanup/e4b1c9bb-4f6b-48a9-a152-853a1a968efe-chrome-pdf.html","meta":{"rootId":"77ypqrtga6qntj9","id":"77ypqrtga6qntj9"},"id":"rmrl0is0fltwo06","previousOperationId":"l1u1c6or69nx3l3"}
{"type":"log","timestamp":1708446938765,"level":"debug","message":"Page request finished: GET (stylesheet) 200 https://cdn.jsdelivr.net/chartist.js/latest/chartist.min.css","meta":{"rootId":"77ypqrtga6qntj9","id":"77ypqrtga6qntj9"},"id":"0mwjiuhgrbdz8j7","previousOperationId":"l1u1c6or69nx3l3"}
{"type":"log","timestamp":1708446938766,"level":"debug","message":"Page request finished: GET (script) 200 https://cdn.jsdelivr.net/chartist.js/latest/chartist.min.js","meta":{"rootId":"77ypqrtga6qntj9","id":"77ypqrtga6qntj9"},"id":"jvpcpgahnjnke13","previousOperationId":"l1u1c6or69nx3l3"}
{"type":"log","timestamp":1708446938769,"level":"debug","message":"Page request: GET (fetch) http://localhost:4000/api/v1/lists","meta":{"rootId":"77ypqrtga6qntj9","id":"77ypqrtga6qntj9"},"id":"ijkftkkdfc7c8mx","previousOperationId":"l1u1c6or69nx3l3"}
{"type":"log","timestamp":1708446938771,"level":"debug","message":"Running chrome with params {\"printBackground\":true,\"timeout\":59982,\"margin\":{}}","meta":{"rootId":"77ypqrtga6qntj9","id":"77ypqrtga6qntj9"},"id":"abgns6pinll6ybr","previousOperationId":"l1u1c6or69nx3l3"}
{"type":"operationEnd","operationId":"l1u1c6or69nx3l3","timestamp":1708446938781,"id":"dozjzbtf7n8mkug","previousEventId":"kcd5ape9pxgpy16","previousOperationId":"l1u1c6or69nx3l3"}
{"type":"log","timestamp":1708446938781,"level":"debug","message":"Skipping storing report.","meta":{"rootId":"77ypqrtga6qntj9","id":"77ypqrtga6qntj9"},"id":"5kb5hmjka4up3qn","previousOperationId":"l1u1c6or69nx3l3"}
{"type":"log","timestamp":1708446938781,"level":"info","message":"Rendering request 12 finished in 76 ms","meta":{"rootId":"77ypqrtga6qntj9","id":"77ypqrtga6qntj9"},"id":"zfos6i2y43klzop","previousOperationId":"l1u1c6or69nx3l3"}
{"type":"operationEnd","subtype":"render","operationId":"5i08j3wyt19e0u7","timestamp":1708446938781,"id":"c9nbhclh5g067w9","previousEventId":"dozjzbtf7n8mkug","previousOperationId":"l1u1c6or69nx3l3"}
{"type":"operationEnd","doDiffs":false,"previousEventId":"d5vd9baldhb7bbs","previousOperationId":"2bxn6bnm1y1c228","operationId":"2bxn6bnm1y1c228","timestamp":1708446938793,"id":"i296objacs2q4d4"}
