{"type":"operationStart","subtype":"profile","data":{"_id":"wQqiLFkC7BA9RvTa","timestamp":"2024-02-20T16:32:43.385Z","state":"queued","mode":"standard","creationDate":"2024-02-20T16:32:43.385Z","modificationDate":"2024-02-20T16:32:43.385Z","shortid":"J2RVwqk","$entitySet":"profiles"},"doDiffs":false,"timestamp":1708446763385,"id":"hbrran5nr5sy8jn","previousOperationId":null,"operationId":"8l0gwa5iyjs6cyq"}
{"type":"log","level":"info","message":"Render request 10 queued for execution and waiting for available worker","previousOperationId":"8l0gwa5iyjs6cyq","timestamp":1708446763385,"id":"bb2uvq6rbgqzcg7"}
{"type":"operationStart","subtype":"render","name":"InfoList","previousOperationId":"8l0gwa5iyjs6cyq","timestamp":1708446763390,"id":"hwio4ybstspgyvt","previousEventId":"hbrran5nr5sy8jn","operationId":"mant52iy7imtvf0"}
{"type":"log","timestamp":1708446763390,"level":"info","message":"Starting rendering request 10","meta":{"rootId":"8p9pronah52bb2z","id":"8p9pronah52bb2z"},"id":"rsqn9sl7rzh8syt","previousOperationId":"mant52iy7imtvf0"}
{"type":"log","timestamp":1708446763390,"level":"info","message":"Rendering template { name: InfoList, recipe: chrome-pdf, engine: handlebars, preview: true }","meta":{"rootId":"8p9pronah52bb2z","id":"8p9pronah52bb2z"},"id":"ruqewew5qeokx7c","previousOperationId":"mant52iy7imtvf0"}
{"type":"log","timestamp":1708446763391,"level":"debug","message":"Data item not defined for this template.","meta":{"rootId":"8p9pronah52bb2z","id":"8p9pronah52bb2z"},"id":"kb8agf326chlvco","previousOperationId":"mant52iy7imtvf0"}
{"type":"log","timestamp":1708446763392,"level":"debug","message":"Base url not specified, skipping its injection.","meta":{"rootId":"8p9pronah52bb2z","id":"8p9pronah52bb2z"},"id":"05uvir755eqvvix","previousOperationId":"mant52iy7imtvf0"}
{"type":"operationStart","subtype":"engine","name":"handlebars","timestamp":1708446763392,"id":"t3cf989rso1ryoh","previousEventId":"hwio4ybstspgyvt","operationId":"m2fpn6wvdy6vprd","previousOperationId":"mant52iy7imtvf0"}
{"type":"log","timestamp":1708446763392,"level":"debug","message":"Rendering engine handlebars","meta":{"rootId":"8p9pronah52bb2z","id":"8p9pronah52bb2z"},"id":"e6yqug9972y6lqi","previousOperationId":"m2fpn6wvdy6vprd"}
{"type":"operationEnd","operationId":"m2fpn6wvdy6vprd","timestamp":1708446763404,"id":"71i9aqe2r5pgvwm","previousEventId":"t3cf989rso1ryoh","previousOperationId":"m2fpn6wvdy6vprd"}
{"type":"operationStart","subtype":"recipe","name":"chrome-pdf","timestamp":1708446763404,"id":"ufjlp3ik3u6s7ey","previousEventId":"71i9aqe2r5pgvwm","operationId":"d17xz1ss9kzqwe8","previousOperationId":"m2fpn6wvdy6vprd"}
{"type":"log","timestamp":1708446763404,"level":"debug","message":"Executing recipe chrome-pdf","meta":{"rootId":"8p9pronah52bb2z","id":"8p9pronah52bb2z"},"id":"erlfgbmv81f708m","previousOperationId":"d17xz1ss9kzqwe8"}
{"type":"log","timestamp":1708446763409,"level":"debug","message":"Converting with chrome HeadlessChrome/117.0.5938.149 using chrome-pool strategy","meta":{"rootId":"8p9pronah52bb2z","id":"8p9pronah52bb2z"},"id":"3j3dow8d95ujtj8","previousOperationId":"d17xz1ss9kzqwe8"}
{"type":"log","timestamp":1708446763474,"level":"debug","message":"Page request: GET (document) file:///tmp/jsreport/autocleanup/3ea592db-8d4f-40f0-997b-9cb0faeb6ffb-chrome-pdf.html","meta":{"rootId":"8p9pronah52bb2z","id":"8p9pronah52bb2z"},"id":"f8ap6sqknmqg0di","previousOperationId":"d17xz1ss9kzqwe8"}
{"type":"log","timestamp":1708446763485,"level":"debug","message":"Page request finished: GET (document) 200 file:///tmp/jsreport/autocleanup/3ea592db-8d4f-40f0-997b-9cb0faeb6ffb-chrome-pdf.html","meta":{"rootId":"8p9pronah52bb2z","id":"8p9pronah52bb2z"},"id":"isyuxdyk7hhuip5","previousOperationId":"d17xz1ss9kzqwe8"}
{"type":"log","timestamp":1708446763485,"level":"debug","message":"Page request: GET (stylesheet) https://cdn.jsdelivr.net/chartist.js/latest/chartist.min.css","meta":{"rootId":"8p9pronah52bb2z","id":"8p9pronah52bb2z"},"id":"an68vud6i1dww2g","previousOperationId":"d17xz1ss9kzqwe8"}
{"type":"log","timestamp":1708446763486,"level":"debug","message":"Page request: GET (script) https://cdn.jsdelivr.net/chartist.js/latest/chartist.min.js","meta":{"rootId":"8p9pronah52bb2z","id":"8p9pronah52bb2z"},"id":"h82t0qh4i3aawax","previousOperationId":"d17xz1ss9kzqwe8"}
{"type":"log","timestamp":1708446763701,"level":"debug","message":"Page request finished: GET (stylesheet) 200 https://cdn.jsdelivr.net/chartist.js/latest/chartist.min.css","meta":{"rootId":"8p9pronah52bb2z","id":"8p9pronah52bb2z"},"id":"g9ggxza7e0ouzv2","previousOperationId":"d17xz1ss9kzqwe8"}
{"type":"log","timestamp":1708446763703,"level":"debug","message":"Page request finished: GET (script) 200 https://cdn.jsdelivr.net/chartist.js/latest/chartist.min.js","meta":{"rootId":"8p9pronah52bb2z","id":"8p9pronah52bb2z"},"id":"etpao3qq6zxhomo","previousOperationId":"d17xz1ss9kzqwe8"}
{"type":"log","timestamp":1708446763718,"level":"debug","message":"(console:error) Fetch API cannot load file:///tmp/jsreport/autocleanup/URL_DE_TU_API. URL scheme \"file\" is not supported.","meta":{"userLevel":true,"rootId":"8p9pronah52bb2z","id":"8p9pronah52bb2z"},"id":"t7u6233jarvefqy","previousOperationId":"d17xz1ss9kzqwe8"}
{"type":"log","timestamp":1708446763721,"level":"debug","message":"(console:error) Error fetching data: JSHandle@error","meta":{"userLevel":true,"rootId":"8p9pronah52bb2z","id":"8p9pronah52bb2z"},"id":"7aovfxoit3xgpc0","previousOperationId":"d17xz1ss9kzqwe8"}
{"type":"log","timestamp":1708446763722,"level":"debug","message":"Running chrome with params {\"printBackground\":true,\"timeout\":59978,\"margin\":{}}","meta":{"rootId":"8p9pronah52bb2z","id":"8p9pronah52bb2z"},"id":"x52gz6mvb6c8gya","previousOperationId":"d17xz1ss9kzqwe8"}
{"type":"operationEnd","operationId":"d17xz1ss9kzqwe8","timestamp":1708446763736,"id":"kc711vnjtv277y2","previousEventId":"ufjlp3ik3u6s7ey","previousOperationId":"d17xz1ss9kzqwe8"}
{"type":"log","timestamp":1708446763736,"level":"debug","message":"Skipping storing report.","meta":{"rootId":"8p9pronah52bb2z","id":"8p9pronah52bb2z"},"id":"q3tjn5d03u0mdem","previousOperationId":"d17xz1ss9kzqwe8"}
{"type":"log","timestamp":1708446763736,"level":"info","message":"Rendering request 10 finished in 352 ms","meta":{"rootId":"8p9pronah52bb2z","id":"8p9pronah52bb2z"},"id":"8w09klxxw1kd4hq","previousOperationId":"d17xz1ss9kzqwe8"}
{"type":"operationEnd","subtype":"render","operationId":"mant52iy7imtvf0","timestamp":1708446763736,"id":"yec5kepsl0oa56w","previousEventId":"kc711vnjtv277y2","previousOperationId":"d17xz1ss9kzqwe8"}
{"type":"operationEnd","doDiffs":false,"previousEventId":"hbrran5nr5sy8jn","previousOperationId":"8l0gwa5iyjs6cyq","operationId":"8l0gwa5iyjs6cyq","timestamp":1708446763741,"id":"p7uhwgp57psnuam"}
