{"type":"operationStart","subtype":"profile","data":{"_id":"YiwTQ5n7UCQzOE8H","timestamp":"2024-02-20T17:03:48.515Z","state":"queued","mode":"standard","creationDate":"2024-02-20T17:03:48.516Z","modificationDate":"2024-02-20T17:03:48.516Z","shortid":"hpREwA-","$entitySet":"profiles"},"doDiffs":false,"timestamp":1708448628515,"id":"r299vaaj73mtzvz","previousOperationId":null,"operationId":"jz9xonggjui48q6"}
{"type":"log","level":"info","message":"Render request 30 queued for execution and waiting for available worker","previousOperationId":"jz9xonggjui48q6","timestamp":1708448628515,"id":"kc9k9les3vjykk3"}
{"type":"operationStart","subtype":"render","name":"InfoList","previousOperationId":"jz9xonggjui48q6","timestamp":1708448628520,"id":"syazw069h9ultwt","previousEventId":"r299vaaj73mtzvz","operationId":"z0gwhsb0m9uvkuk"}
{"type":"log","timestamp":1708448628520,"level":"info","message":"Starting rendering request 30","meta":{"rootId":"99deg8exw2dh21c","id":"99deg8exw2dh21c"},"id":"3odp6pjtgxofukn","previousOperationId":"z0gwhsb0m9uvkuk"}
{"type":"log","timestamp":1708448628520,"level":"info","message":"Rendering template { name: InfoList, recipe: chrome-pdf, engine: handlebars, preview: true }","meta":{"rootId":"99deg8exw2dh21c","id":"99deg8exw2dh21c"},"id":"mqr7acoeqbeilpb","previousOperationId":"z0gwhsb0m9uvkuk"}
{"type":"log","timestamp":1708448628521,"level":"debug","message":"Data item not defined for this template.","meta":{"rootId":"99deg8exw2dh21c","id":"99deg8exw2dh21c"},"id":"5cy6nwiy774myn5","previousOperationId":"z0gwhsb0m9uvkuk"}
{"type":"log","timestamp":1708448628522,"level":"debug","message":"Base url not specified, skipping its injection.","meta":{"rootId":"99deg8exw2dh21c","id":"99deg8exw2dh21c"},"id":"7iof2e5idrjqzrt","previousOperationId":"z0gwhsb0m9uvkuk"}
{"type":"operationStart","subtype":"engine","name":"handlebars","timestamp":1708448628522,"id":"w4y5r3h8zfh7rru","previousEventId":"syazw069h9ultwt","operationId":"73jf9rfzrr3w5ms","previousOperationId":"z0gwhsb0m9uvkuk"}
{"type":"log","timestamp":1708448628522,"level":"debug","message":"Rendering engine handlebars","meta":{"rootId":"99deg8exw2dh21c","id":"99deg8exw2dh21c"},"id":"1gfkwsxb6eolrvd","previousOperationId":"73jf9rfzrr3w5ms"}
{"type":"operationEnd","operationId":"73jf9rfzrr3w5ms","timestamp":1708448628540,"id":"96np345y1vimj8n","previousEventId":"w4y5r3h8zfh7rru","previousOperationId":"73jf9rfzrr3w5ms"}
{"type":"operationStart","subtype":"recipe","name":"chrome-pdf","timestamp":1708448628540,"id":"9ks4meh9s29r013","previousEventId":"96np345y1vimj8n","operationId":"orhwkz8zwmy641t","previousOperationId":"73jf9rfzrr3w5ms"}
{"type":"log","timestamp":1708448628540,"level":"debug","message":"Executing recipe chrome-pdf","meta":{"rootId":"99deg8exw2dh21c","id":"99deg8exw2dh21c"},"id":"1d8sj7bethm8z4w","previousOperationId":"orhwkz8zwmy641t"}
{"type":"log","timestamp":1708448628559,"level":"debug","message":"Converting with chrome HeadlessChrome/117.0.5938.149 using chrome-pool strategy","meta":{"rootId":"99deg8exw2dh21c","id":"99deg8exw2dh21c"},"id":"xftr5r7b4vmdkpi","previousOperationId":"orhwkz8zwmy641t"}
{"type":"log","timestamp":1708448628626,"level":"debug","message":"Page request: GET (document) file:///tmp/jsreport/autocleanup/c40bad8f-b350-4c83-b548-0f51e48537e3-chrome-pdf.html","meta":{"rootId":"99deg8exw2dh21c","id":"99deg8exw2dh21c"},"id":"3vzi5yqibev2jnm","previousOperationId":"orhwkz8zwmy641t"}
{"type":"log","timestamp":1708448628633,"level":"debug","message":"Page request: GET (stylesheet) https://cdn.jsdelivr.net/chartist.js/latest/chartist.min.css","meta":{"rootId":"99deg8exw2dh21c","id":"99deg8exw2dh21c"},"id":"fsib64ibiaon8z6","previousOperationId":"orhwkz8zwmy641t"}
{"type":"log","timestamp":1708448628633,"level":"debug","message":"Page request: GET (script) https://cdn.jsdelivr.net/chartist.js/latest/chartist.min.js","meta":{"rootId":"99deg8exw2dh21c","id":"99deg8exw2dh21c"},"id":"u1togh650io04tg","previousOperationId":"orhwkz8zwmy641t"}
{"type":"log","timestamp":1708448628634,"level":"debug","message":"Page request finished: GET (document) 200 file:///tmp/jsreport/autocleanup/c40bad8f-b350-4c83-b548-0f51e48537e3-chrome-pdf.html","meta":{"rootId":"99deg8exw2dh21c","id":"99deg8exw2dh21c"},"id":"e6z05nnqtwq5n47","previousOperationId":"orhwkz8zwmy641t"}
{"type":"log","timestamp":1708448628634,"level":"debug","message":"Page request: GET (script) https://code.jquery.com/jquery-3.6.0.min.js","meta":{"rootId":"99deg8exw2dh21c","id":"99deg8exw2dh21c"},"id":"y378lq2blextc7h","previousOperationId":"orhwkz8zwmy641t"}
{"type":"log","timestamp":1708448628636,"level":"debug","message":"Page request finished: GET (stylesheet) 200 https://cdn.jsdelivr.net/chartist.js/latest/chartist.min.css","meta":{"rootId":"99deg8exw2dh21c","id":"99deg8exw2dh21c"},"id":"ltzlvkeuuef1dwl","previousOperationId":"orhwkz8zwmy641t"}
{"type":"log","timestamp":1708448628639,"level":"debug","message":"Page request finished: GET (script) 200 https://cdn.jsdelivr.net/chartist.js/latest/chartist.min.js","meta":{"rootId":"99deg8exw2dh21c","id":"99deg8exw2dh21c"},"id":"zr5eem5gqeufoht","previousOperationId":"orhwkz8zwmy641t"}
{"type":"log","timestamp":1708448628640,"level":"debug","message":"Page request finished: GET (script) 200 https://code.jquery.com/jquery-3.6.0.min.js","meta":{"rootId":"99deg8exw2dh21c","id":"99deg8exw2dh21c"},"id":"seb991m7sypso9z","previousOperationId":"orhwkz8zwmy641t"}
{"type":"log","timestamp":1708448628666,"level":"debug","message":"Running chrome with params {\"printBackground\":true,\"timeout\":59973,\"margin\":{}}","meta":{"rootId":"99deg8exw2dh21c","id":"99deg8exw2dh21c"},"id":"wmg5po06oircbrp","previousOperationId":"orhwkz8zwmy641t"}
{"type":"operationEnd","operationId":"orhwkz8zwmy641t","timestamp":1708448628708,"id":"gowfmwo06ywfm20","previousEventId":"9ks4meh9s29r013","previousOperationId":"orhwkz8zwmy641t"}
{"type":"log","timestamp":1708448628708,"level":"debug","message":"Skipping storing report.","meta":{"rootId":"99deg8exw2dh21c","id":"99deg8exw2dh21c"},"id":"g0egm5or88avods","previousOperationId":"orhwkz8zwmy641t"}
{"type":"log","timestamp":1708448628709,"level":"info","message":"Rendering request 30 finished in 194 ms","meta":{"rootId":"99deg8exw2dh21c","id":"99deg8exw2dh21c"},"id":"x4kkc21p5svsvsb","previousOperationId":"orhwkz8zwmy641t"}
{"type":"operationEnd","subtype":"render","operationId":"z0gwhsb0m9uvkuk","timestamp":1708448628709,"id":"um7bjk2sq2xas5l","previousEventId":"gowfmwo06ywfm20","previousOperationId":"orhwkz8zwmy641t"}
{"type":"operationEnd","doDiffs":false,"previousEventId":"r299vaaj73mtzvz","previousOperationId":"jz9xonggjui48q6","operationId":"jz9xonggjui48q6","timestamp":1708448628719,"id":"m3kqluk17nga9s1"}
