{"type":"operationStart","subtype":"profile","data":{"_id":"9xHNqzqwYuYUQ5lG","timestamp":"2024-02-20T16:46:08.617Z","state":"queued","mode":"standard","creationDate":"2024-02-20T16:46:08.618Z","modificationDate":"2024-02-20T16:46:08.618Z","shortid":"FolBKCN","$entitySet":"profiles"},"doDiffs":false,"timestamp":1708447568618,"id":"c4lu8oa3wki9v7c","previousOperationId":null,"operationId":"1sjaual0vcg54l5"}
{"type":"log","level":"info","message":"Render request 20 queued for execution and waiting for available worker","previousOperationId":"1sjaual0vcg54l5","timestamp":1708447568618,"id":"xmvfajvfeebw1tm"}
{"type":"operationStart","subtype":"render","name":"InfoList","previousOperationId":"1sjaual0vcg54l5","timestamp":1708447568623,"id":"bueevp4014zoj95","previousEventId":"c4lu8oa3wki9v7c","operationId":"afsmsrrs8yjm0fa"}
{"type":"log","timestamp":1708447568623,"level":"info","message":"Starting rendering request 20","meta":{"rootId":"ac1dcjxgn0mrttn","id":"ac1dcjxgn0mrttn"},"id":"w8gzd18f4e36c86","previousOperationId":"afsmsrrs8yjm0fa"}
{"type":"log","timestamp":1708447568623,"level":"info","message":"Rendering template { name: InfoList, recipe: chrome-pdf, engine: handlebars, preview: true }","meta":{"rootId":"ac1dcjxgn0mrttn","id":"ac1dcjxgn0mrttn"},"id":"3u1vxzmoxmkp7y9","previousOperationId":"afsmsrrs8yjm0fa"}
{"type":"log","timestamp":1708447568624,"level":"debug","message":"Data item not defined for this template.","meta":{"rootId":"ac1dcjxgn0mrttn","id":"ac1dcjxgn0mrttn"},"id":"tgbl80xxyz2dqso","previousOperationId":"afsmsrrs8yjm0fa"}
{"type":"log","timestamp":1708447568626,"level":"debug","message":"Base url not specified, skipping its injection.","meta":{"rootId":"ac1dcjxgn0mrttn","id":"ac1dcjxgn0mrttn"},"id":"8p3lhgazad1orxd","previousOperationId":"afsmsrrs8yjm0fa"}
{"type":"operationStart","subtype":"engine","name":"handlebars","timestamp":1708447568626,"id":"xv4wsusb4xla4q9","previousEventId":"bueevp4014zoj95","operationId":"z3b42wntcl13jb5","previousOperationId":"afsmsrrs8yjm0fa"}
{"type":"log","timestamp":1708447568626,"level":"debug","message":"Rendering engine handlebars","meta":{"rootId":"ac1dcjxgn0mrttn","id":"ac1dcjxgn0mrttn"},"id":"p65xuarm715w3k0","previousOperationId":"z3b42wntcl13jb5"}
{"type":"operationEnd","operationId":"z3b42wntcl13jb5","timestamp":1708447568638,"id":"5i97avepuh9ak49","previousEventId":"xv4wsusb4xla4q9","previousOperationId":"z3b42wntcl13jb5"}
{"type":"operationStart","subtype":"recipe","name":"chrome-pdf","timestamp":1708447568638,"id":"uhxanq1doqsubag","previousEventId":"5i97avepuh9ak49","operationId":"8w0zhgb82zqapg1","previousOperationId":"z3b42wntcl13jb5"}
{"type":"log","timestamp":1708447568638,"level":"debug","message":"Executing recipe chrome-pdf","meta":{"rootId":"ac1dcjxgn0mrttn","id":"ac1dcjxgn0mrttn"},"id":"xdxj0tk4xdnqywk","previousOperationId":"8w0zhgb82zqapg1"}
{"type":"log","timestamp":1708447568639,"level":"debug","message":"Converting with chrome HeadlessChrome/117.0.5938.149 using chrome-pool strategy","meta":{"rootId":"ac1dcjxgn0mrttn","id":"ac1dcjxgn0mrttn"},"id":"5kid8cj2vvmhgt9","previousOperationId":"8w0zhgb82zqapg1"}
{"type":"log","timestamp":1708447568675,"level":"debug","message":"Page request: GET (document) file:///tmp/jsreport/autocleanup/6cfa74f1-fee9-4f82-b81a-5aa3bcb89560-chrome-pdf.html","meta":{"rootId":"ac1dcjxgn0mrttn","id":"ac1dcjxgn0mrttn"},"id":"rhwzf1r2xkfzb1j","previousOperationId":"8w0zhgb82zqapg1"}
{"type":"log","timestamp":1708447568686,"level":"debug","message":"Page request: GET (stylesheet) https://cdn.jsdelivr.net/chartist.js/latest/chartist.min.css","meta":{"rootId":"ac1dcjxgn0mrttn","id":"ac1dcjxgn0mrttn"},"id":"3jkan7wl3pq5cq7","previousOperationId":"8w0zhgb82zqapg1"}
{"type":"log","timestamp":1708447568687,"level":"debug","message":"Page request: GET (script) https://cdn.jsdelivr.net/chartist.js/latest/chartist.min.js","meta":{"rootId":"ac1dcjxgn0mrttn","id":"ac1dcjxgn0mrttn"},"id":"q4jyxp9dq1g855e","previousOperationId":"8w0zhgb82zqapg1"}
{"type":"log","timestamp":1708447568687,"level":"debug","message":"Page request finished: GET (document) 200 file:///tmp/jsreport/autocleanup/6cfa74f1-fee9-4f82-b81a-5aa3bcb89560-chrome-pdf.html","meta":{"rootId":"ac1dcjxgn0mrttn","id":"ac1dcjxgn0mrttn"},"id":"xangqvdcr7ga8dg","previousOperationId":"8w0zhgb82zqapg1"}
{"type":"log","timestamp":1708447568689,"level":"debug","message":"Page request finished: GET (stylesheet) 200 https://cdn.jsdelivr.net/chartist.js/latest/chartist.min.css","meta":{"rootId":"ac1dcjxgn0mrttn","id":"ac1dcjxgn0mrttn"},"id":"pp27f8wfjivagyx","previousOperationId":"8w0zhgb82zqapg1"}
{"type":"log","timestamp":1708447568690,"level":"debug","message":"Page request finished: GET (script) 200 https://cdn.jsdelivr.net/chartist.js/latest/chartist.min.js","meta":{"rootId":"ac1dcjxgn0mrttn","id":"ac1dcjxgn0mrttn"},"id":"w5dvev9yh33o6i3","previousOperationId":"8w0zhgb82zqapg1"}
{"type":"log","timestamp":1708447568692,"level":"debug","message":"Page request: GET (fetch) http://localhost:4000/api/v1/lists","meta":{"rootId":"ac1dcjxgn0mrttn","id":"ac1dcjxgn0mrttn"},"id":"vhjqwscc8li38h0","previousOperationId":"8w0zhgb82zqapg1"}
{"type":"log","timestamp":1708447568695,"level":"debug","message":"Running chrome with params {\"printBackground\":true,\"timeout\":59979,\"margin\":{}}","meta":{"rootId":"ac1dcjxgn0mrttn","id":"ac1dcjxgn0mrttn"},"id":"riwjndaeuv8hqyd","previousOperationId":"8w0zhgb82zqapg1"}
{"type":"operationEnd","operationId":"8w0zhgb82zqapg1","timestamp":1708447568705,"id":"jj4gtudffg2uvl0","previousEventId":"uhxanq1doqsubag","previousOperationId":"8w0zhgb82zqapg1"}
{"type":"log","timestamp":1708447568705,"level":"debug","message":"Skipping storing report.","meta":{"rootId":"ac1dcjxgn0mrttn","id":"ac1dcjxgn0mrttn"},"id":"euiawrqekgyccye","previousOperationId":"8w0zhgb82zqapg1"}
{"type":"log","timestamp":1708447568705,"level":"info","message":"Rendering request 20 finished in 88 ms","meta":{"rootId":"ac1dcjxgn0mrttn","id":"ac1dcjxgn0mrttn"},"id":"iewgm72g94re1nj","previousOperationId":"8w0zhgb82zqapg1"}
{"type":"operationEnd","subtype":"render","operationId":"afsmsrrs8yjm0fa","timestamp":1708447568705,"id":"ismlwm8g83fhaf1","previousEventId":"jj4gtudffg2uvl0","previousOperationId":"8w0zhgb82zqapg1"}
{"type":"operationEnd","doDiffs":false,"previousEventId":"c4lu8oa3wki9v7c","previousOperationId":"1sjaual0vcg54l5","operationId":"1sjaual0vcg54l5","timestamp":1708447568714,"id":"22c7fjq5lwpquv3"}
