{"type":"operationStart","subtype":"profile","data":{"_id":"PqPy1E9lcZtE8HgF","timestamp":"2024-02-20T16:44:26.805Z","state":"queued","mode":"standard","creationDate":"2024-02-20T16:44:26.806Z","modificationDate":"2024-02-20T16:44:26.806Z","shortid":"mk_JzCf","$entitySet":"profiles"},"doDiffs":false,"timestamp":1708447466805,"id":"h7hylf3theavtop","previousOperationId":null,"operationId":"1ogi106w70ye7hp"}
{"type":"log","level":"info","message":"Render request 18 queued for execution and waiting for available worker","previousOperationId":"1ogi106w70ye7hp","timestamp":1708447466805,"id":"00dw6foreep53a4"}
{"type":"operationStart","subtype":"render","name":"InfoList","previousOperationId":"1ogi106w70ye7hp","timestamp":1708447466809,"id":"emoymduhbnjyx62","previousEventId":"h7hylf3theavtop","operationId":"aispczsdbzgr1az"}
{"type":"log","timestamp":1708447466809,"level":"info","message":"Starting rendering request 18","meta":{"rootId":"ay33l0umoiq7p5u","id":"ay33l0umoiq7p5u"},"id":"8j2xo68mrckdjx0","previousOperationId":"aispczsdbzgr1az"}
{"type":"log","timestamp":1708447466809,"level":"info","message":"Rendering template { name: InfoList, recipe: chrome-pdf, engine: handlebars, preview: true }","meta":{"rootId":"ay33l0umoiq7p5u","id":"ay33l0umoiq7p5u"},"id":"g5tdsrg6evc6dl7","previousOperationId":"aispczsdbzgr1az"}
{"type":"log","timestamp":1708447466810,"level":"debug","message":"Data item not defined for this template.","meta":{"rootId":"ay33l0umoiq7p5u","id":"ay33l0umoiq7p5u"},"id":"g8t6vix5138rktn","previousOperationId":"aispczsdbzgr1az"}
{"type":"log","timestamp":1708447466811,"level":"debug","message":"Base url not specified, skipping its injection.","meta":{"rootId":"ay33l0umoiq7p5u","id":"ay33l0umoiq7p5u"},"id":"iuokdm5yg8q4nc3","previousOperationId":"aispczsdbzgr1az"}
{"type":"operationStart","subtype":"engine","name":"handlebars","timestamp":1708447466811,"id":"dnkfdwykceeugr9","previousEventId":"emoymduhbnjyx62","operationId":"m3htytwavlwgnru","previousOperationId":"aispczsdbzgr1az"}
{"type":"log","timestamp":1708447466811,"level":"debug","message":"Rendering engine handlebars","meta":{"rootId":"ay33l0umoiq7p5u","id":"ay33l0umoiq7p5u"},"id":"28n7mvt2m9w7zkr","previousOperationId":"m3htytwavlwgnru"}
{"type":"operationEnd","operationId":"m3htytwavlwgnru","timestamp":1708447466820,"id":"6jw1mne1lnyrfnc","previousEventId":"dnkfdwykceeugr9","previousOperationId":"m3htytwavlwgnru"}
{"type":"operationStart","subtype":"recipe","name":"chrome-pdf","timestamp":1708447466820,"id":"av92vb7n9m0kcy6","previousEventId":"6jw1mne1lnyrfnc","operationId":"f65i4hn5ci78i5w","previousOperationId":"m3htytwavlwgnru"}
{"type":"log","timestamp":1708447466820,"level":"debug","message":"Executing recipe chrome-pdf","meta":{"rootId":"ay33l0umoiq7p5u","id":"ay33l0umoiq7p5u"},"id":"9w6ys30rxjs8xpd","previousOperationId":"f65i4hn5ci78i5w"}
{"type":"log","timestamp":1708447466821,"level":"debug","message":"Converting with chrome HeadlessChrome/117.0.5938.149 using chrome-pool strategy","meta":{"rootId":"ay33l0umoiq7p5u","id":"ay33l0umoiq7p5u"},"id":"y2bp9pv3hizsadq","previousOperationId":"f65i4hn5ci78i5w"}
{"type":"log","timestamp":1708447466851,"level":"debug","message":"Page request: GET (document) file:///tmp/jsreport/autocleanup/0de6b0b5-8edf-48a0-9009-3450e86b3b9b-chrome-pdf.html","meta":{"rootId":"ay33l0umoiq7p5u","id":"ay33l0umoiq7p5u"},"id":"o2l5b44x5250sij","previousOperationId":"f65i4hn5ci78i5w"}
{"type":"log","timestamp":1708447466859,"level":"debug","message":"Page request: GET (stylesheet) https://cdn.jsdelivr.net/chartist.js/latest/chartist.min.css","meta":{"rootId":"ay33l0umoiq7p5u","id":"ay33l0umoiq7p5u"},"id":"hyz0kklvy51o4lu","previousOperationId":"f65i4hn5ci78i5w"}
{"type":"log","timestamp":1708447466859,"level":"debug","message":"Page request: GET (script) https://cdn.jsdelivr.net/chartist.js/latest/chartist.min.js","meta":{"rootId":"ay33l0umoiq7p5u","id":"ay33l0umoiq7p5u"},"id":"rqeu0cieyxo5y3i","previousOperationId":"f65i4hn5ci78i5w"}
{"type":"log","timestamp":1708447466859,"level":"debug","message":"Page request finished: GET (document) 200 file:///tmp/jsreport/autocleanup/0de6b0b5-8edf-48a0-9009-3450e86b3b9b-chrome-pdf.html","meta":{"rootId":"ay33l0umoiq7p5u","id":"ay33l0umoiq7p5u"},"id":"db7j0auqoj0qsco","previousOperationId":"f65i4hn5ci78i5w"}
{"type":"log","timestamp":1708447466863,"level":"debug","message":"Page request finished: GET (stylesheet) 200 https://cdn.jsdelivr.net/chartist.js/latest/chartist.min.css","meta":{"rootId":"ay33l0umoiq7p5u","id":"ay33l0umoiq7p5u"},"id":"omqafrouustcnko","previousOperationId":"f65i4hn5ci78i5w"}
{"type":"log","timestamp":1708447466863,"level":"debug","message":"Page request finished: GET (script) 200 https://cdn.jsdelivr.net/chartist.js/latest/chartist.min.js","meta":{"rootId":"ay33l0umoiq7p5u","id":"ay33l0umoiq7p5u"},"id":"w57zt40cvicjhtw","previousOperationId":"f65i4hn5ci78i5w"}
{"type":"log","timestamp":1708447466865,"level":"debug","message":"Page request: GET (fetch) http://localhost:4000/api/v1/lists","meta":{"rootId":"ay33l0umoiq7p5u","id":"ay33l0umoiq7p5u"},"id":"8liiryu2ayqnx8q","previousOperationId":"f65i4hn5ci78i5w"}
{"type":"log","timestamp":1708447466869,"level":"debug","message":"Running chrome with params {\"printBackground\":true,\"timeout\":59983,\"margin\":{}}","meta":{"rootId":"ay33l0umoiq7p5u","id":"ay33l0umoiq7p5u"},"id":"bb3bsqxrnbrfczo","previousOperationId":"f65i4hn5ci78i5w"}
{"type":"log","timestamp":1708447466878,"level":"debug","message":"(console:error) Access to fetch at 'http://localhost:4000/api/v1/lists' from origin 'null' has been blocked by CORS policy: No 'Access-Control-Allow-Origin' header is present on the requested resource. If an opaque response serves your needs, set the request's mode to 'no-cors' to fetch the resource with CORS disabled.","meta":{"userLevel":true,"rootId":"ay33l0umoiq7p5u","id":"ay33l0umoiq7p5u"},"id":"cckpvhilyx89noh","previousOperationId":"f65i4hn5ci78i5w"}
{"type":"log","timestamp":1708447466878,"level":"warn","message":"Page request failed: GET (fetch) http://localhost:4000/api/v1/lists, failure: net::ERR_FAILED","meta":{"rootId":"ay33l0umoiq7p5u","id":"ay33l0umoiq7p5u"},"id":"1squfeubch1ofve","previousOperationId":"f65i4hn5ci78i5w"}
{"type":"log","timestamp":1708447466878,"level":"debug","message":"(console:error) Failed to load resource: net::ERR_FAILED","meta":{"userLevel":true,"rootId":"ay33l0umoiq7p5u","id":"ay33l0umoiq7p5u"},"id":"0zrnp99bntl39f9","previousOperationId":"f65i4hn5ci78i5w"}
{"type":"log","timestamp":1708447466878,"level":"debug","message":"(console:error) Error fetching data: JSHandle@error","meta":{"userLevel":true,"rootId":"ay33l0umoiq7p5u","id":"ay33l0umoiq7p5u"},"id":"iaqn1a8014unz2n","previousOperationId":"f65i4hn5ci78i5w"}
{"type":"operationEnd","operationId":"f65i4hn5ci78i5w","timestamp":1708447466885,"id":"dd6sohtoee837pg","previousEventId":"av92vb7n9m0kcy6","previousOperationId":"f65i4hn5ci78i5w"}
{"type":"log","timestamp":1708447466885,"level":"debug","message":"Skipping storing report.","meta":{"rootId":"ay33l0umoiq7p5u","id":"ay33l0umoiq7p5u"},"id":"f5krkan23djpbz5","previousOperationId":"f65i4hn5ci78i5w"}
{"type":"log","timestamp":1708447466885,"level":"info","message":"Rendering request 18 finished in 81 ms","meta":{"rootId":"ay33l0umoiq7p5u","id":"ay33l0umoiq7p5u"},"id":"e6g0bd5drnaz7x1","previousOperationId":"f65i4hn5ci78i5w"}
{"type":"operationEnd","subtype":"render","operationId":"aispczsdbzgr1az","timestamp":1708447466885,"id":"hdxcikghh40c1a7","previousEventId":"dd6sohtoee837pg","previousOperationId":"f65i4hn5ci78i5w"}
{"type":"operationEnd","doDiffs":false,"previousEventId":"h7hylf3theavtop","previousOperationId":"1ogi106w70ye7hp","operationId":"1ogi106w70ye7hp","timestamp":1708447466897,"id":"zc1lrcdprq7kuzz"}
