{"type":"operationStart","subtype":"profile","data":{"_id":"Tp5ymzB0Xw8PNxis","timestamp":"2024-02-20T16:39:44.846Z","state":"queued","mode":"standard","creationDate":"2024-02-20T16:39:44.847Z","modificationDate":"2024-02-20T16:39:44.847Z","shortid":"OQL8LUn","$entitySet":"profiles"},"doDiffs":false,"timestamp":1708447184846,"id":"g26snaw1afdqivd","previousOperationId":null,"operationId":"78y5yocyds99fcn"}
{"type":"log","level":"info","message":"Render request 15 queued for execution and waiting for available worker","previousOperationId":"78y5yocyds99fcn","timestamp":1708447184847,"id":"adnm7guvdtrplmz"}
{"type":"operationStart","subtype":"render","name":"InfoList","previousOperationId":"78y5yocyds99fcn","timestamp":1708447184855,"id":"z5bokde2njmd4iz","previousEventId":"g26snaw1afdqivd","operationId":"k5wvkdcha7hy9l2"}
{"type":"log","timestamp":1708447184855,"level":"info","message":"Starting rendering request 15","meta":{"rootId":"e7bzehajp5r2kqi","id":"e7bzehajp5r2kqi"},"id":"74ba6v3zm9uutkb","previousOperationId":"k5wvkdcha7hy9l2"}
{"type":"log","timestamp":1708447184855,"level":"info","message":"Rendering template { name: InfoList, recipe: chrome-pdf, engine: handlebars, preview: true }","meta":{"rootId":"e7bzehajp5r2kqi","id":"e7bzehajp5r2kqi"},"id":"ltjd68733cndgjc","previousOperationId":"k5wvkdcha7hy9l2"}
{"type":"log","timestamp":1708447184856,"level":"debug","message":"Data item not defined for this template.","meta":{"rootId":"e7bzehajp5r2kqi","id":"e7bzehajp5r2kqi"},"id":"iq86xduvxa88pk4","previousOperationId":"k5wvkdcha7hy9l2"}
{"type":"log","timestamp":1708447184858,"level":"debug","message":"Base url not specified, skipping its injection.","meta":{"rootId":"e7bzehajp5r2kqi","id":"e7bzehajp5r2kqi"},"id":"y4jrx1hbvb7hytt","previousOperationId":"k5wvkdcha7hy9l2"}
{"type":"operationStart","subtype":"engine","name":"handlebars","timestamp":1708447184858,"id":"pozuwt7ry4t84dr","previousEventId":"z5bokde2njmd4iz","operationId":"9x84sfeyl42kif1","previousOperationId":"k5wvkdcha7hy9l2"}
{"type":"log","timestamp":1708447184858,"level":"debug","message":"Rendering engine handlebars","meta":{"rootId":"e7bzehajp5r2kqi","id":"e7bzehajp5r2kqi"},"id":"iqrikzmd7k8l1ui","previousOperationId":"9x84sfeyl42kif1"}
{"type":"operationEnd","operationId":"9x84sfeyl42kif1","timestamp":1708447184880,"id":"cqteka9c1ow8e77","previousEventId":"pozuwt7ry4t84dr","previousOperationId":"9x84sfeyl42kif1"}
{"type":"operationStart","subtype":"recipe","name":"chrome-pdf","timestamp":1708447184881,"id":"i3ejv34by020rqf","previousEventId":"cqteka9c1ow8e77","operationId":"wddo1y12r682v50","previousOperationId":"9x84sfeyl42kif1"}
{"type":"log","timestamp":1708447184881,"level":"debug","message":"Executing recipe chrome-pdf","meta":{"rootId":"e7bzehajp5r2kqi","id":"e7bzehajp5r2kqi"},"id":"o1j4f2cphpdzqaq","previousOperationId":"wddo1y12r682v50"}
{"type":"log","timestamp":1708447184883,"level":"debug","message":"Converting with chrome HeadlessChrome/117.0.5938.149 using chrome-pool strategy","meta":{"rootId":"e7bzehajp5r2kqi","id":"e7bzehajp5r2kqi"},"id":"tptt57jysfum6p5","previousOperationId":"wddo1y12r682v50"}
{"type":"log","timestamp":1708447184930,"level":"debug","message":"Page request: GET (document) file:///tmp/jsreport/autocleanup/c9ade90d-281c-4a4b-8795-edd825df23e5-chrome-pdf.html","meta":{"rootId":"e7bzehajp5r2kqi","id":"e7bzehajp5r2kqi"},"id":"f3fja1tmhooj160","previousOperationId":"wddo1y12r682v50"}
{"type":"log","timestamp":1708447184950,"level":"debug","message":"Page request: GET (stylesheet) https://cdn.jsdelivr.net/chartist.js/latest/chartist.min.css","meta":{"rootId":"e7bzehajp5r2kqi","id":"e7bzehajp5r2kqi"},"id":"klnkmwe0e4girhk","previousOperationId":"wddo1y12r682v50"}
{"type":"log","timestamp":1708447184950,"level":"debug","message":"Page request: GET (script) https://cdn.jsdelivr.net/chartist.js/latest/chartist.min.js","meta":{"rootId":"e7bzehajp5r2kqi","id":"e7bzehajp5r2kqi"},"id":"ig0mqhtarqjh2gc","previousOperationId":"wddo1y12r682v50"}
{"type":"log","timestamp":1708447184951,"level":"debug","message":"Page request finished: GET (document) 200 file:///tmp/jsreport/autocleanup/c9ade90d-281c-4a4b-8795-edd825df23e5-chrome-pdf.html","meta":{"rootId":"e7bzehajp5r2kqi","id":"e7bzehajp5r2kqi"},"id":"4wqtpd73cwtq0ti","previousOperationId":"wddo1y12r682v50"}
{"type":"log","timestamp":1708447184954,"level":"debug","message":"Page request finished: GET (stylesheet) 200 https://cdn.jsdelivr.net/chartist.js/latest/chartist.min.css","meta":{"rootId":"e7bzehajp5r2kqi","id":"e7bzehajp5r2kqi"},"id":"tinllo6g418dsza","previousOperationId":"wddo1y12r682v50"}
{"type":"log","timestamp":1708447184955,"level":"debug","message":"Page request finished: GET (script) 200 https://cdn.jsdelivr.net/chartist.js/latest/chartist.min.js","meta":{"rootId":"e7bzehajp5r2kqi","id":"e7bzehajp5r2kqi"},"id":"vhpsrsogkngsi1i","previousOperationId":"wddo1y12r682v50"}
{"type":"log","timestamp":1708447184958,"level":"debug","message":"Page request: GET (fetch) http://localhost:4000/api/v1/lists","meta":{"rootId":"e7bzehajp5r2kqi","id":"e7bzehajp5r2kqi"},"id":"sv38pcoapx767un","previousOperationId":"wddo1y12r682v50"}
{"type":"log","timestamp":1708447184962,"level":"debug","message":"Running chrome with params {\"printBackground\":true,\"timeout\":59964,\"margin\":{}}","meta":{"rootId":"e7bzehajp5r2kqi","id":"e7bzehajp5r2kqi"},"id":"bvjk1hrn219mjmb","previousOperationId":"wddo1y12r682v50"}
{"type":"operationEnd","operationId":"wddo1y12r682v50","timestamp":1708447184978,"id":"u8mcms60im0ibjt","previousEventId":"i3ejv34by020rqf","previousOperationId":"wddo1y12r682v50"}
{"type":"log","timestamp":1708447184978,"level":"debug","message":"Skipping storing report.","meta":{"rootId":"e7bzehajp5r2kqi","id":"e7bzehajp5r2kqi"},"id":"2uip95riaguh3q1","previousOperationId":"wddo1y12r682v50"}
{"type":"log","timestamp":1708447184978,"level":"info","message":"Rendering request 15 finished in 132 ms","meta":{"rootId":"e7bzehajp5r2kqi","id":"e7bzehajp5r2kqi"},"id":"x5mo9b1j5lxu8rs","previousOperationId":"wddo1y12r682v50"}
{"type":"operationEnd","subtype":"render","operationId":"k5wvkdcha7hy9l2","timestamp":1708447184978,"id":"82rvvd0nigasasj","previousEventId":"u8mcms60im0ibjt","previousOperationId":"wddo1y12r682v50"}
{"type":"operationEnd","doDiffs":false,"previousEventId":"g26snaw1afdqivd","previousOperationId":"78y5yocyds99fcn","operationId":"78y5yocyds99fcn","timestamp":1708447184985,"id":"nlqq0xd00tbb5b4"}
