{"type":"operationStart","subtype":"profile","data":{"_id":"LvHfKSwrJtKG0sRx","timestamp":"2024-02-20T16:39:32.905Z","state":"queued","mode":"standard","creationDate":"2024-02-20T16:39:32.907Z","modificationDate":"2024-02-20T16:39:32.907Z","shortid":"fK8zYbR","$entitySet":"profiles"},"doDiffs":false,"timestamp":1708447172906,"id":"3ovbms7indwu9x8","previousOperationId":null,"operationId":"uv5syhm8skrrn9x"}
{"type":"log","level":"info","message":"Render request 13 queued for execution and waiting for available worker","previousOperationId":"uv5syhm8skrrn9x","timestamp":1708447172906,"id":"0f43tn3cyst0kia"}
{"type":"operationStart","subtype":"render","name":"InfoList","previousOperationId":"uv5syhm8skrrn9x","timestamp":1708447172913,"id":"ylyzof7r7n2hm4j","previousEventId":"3ovbms7indwu9x8","operationId":"tcacng29m2kxt0i"}
{"type":"log","timestamp":1708447172913,"level":"info","message":"Starting rendering request 13","meta":{"rootId":"gcj94h8drr61pp1","id":"gcj94h8drr61pp1"},"id":"x9i379lkaicn8th","previousOperationId":"tcacng29m2kxt0i"}
{"type":"log","timestamp":1708447172914,"level":"info","message":"Rendering template { name: InfoList, recipe: chrome-pdf, engine: handlebars, preview: true }","meta":{"rootId":"gcj94h8drr61pp1","id":"gcj94h8drr61pp1"},"id":"onxkl87lxw7yi3l","previousOperationId":"tcacng29m2kxt0i"}
{"type":"log","timestamp":1708447172914,"level":"debug","message":"Data item not defined for this template.","meta":{"rootId":"gcj94h8drr61pp1","id":"gcj94h8drr61pp1"},"id":"bjkk1bzrc00c4xv","previousOperationId":"tcacng29m2kxt0i"}
{"type":"log","timestamp":1708447172916,"level":"debug","message":"Base url not specified, skipping its injection.","meta":{"rootId":"gcj94h8drr61pp1","id":"gcj94h8drr61pp1"},"id":"cpardj0kco46miz","previousOperationId":"tcacng29m2kxt0i"}
{"type":"operationStart","subtype":"engine","name":"handlebars","timestamp":1708447172917,"id":"88p7fey44rqto16","previousEventId":"ylyzof7r7n2hm4j","operationId":"pfoz73dbhwpmswx","previousOperationId":"tcacng29m2kxt0i"}
{"type":"log","timestamp":1708447172917,"level":"debug","message":"Rendering engine handlebars","meta":{"rootId":"gcj94h8drr61pp1","id":"gcj94h8drr61pp1"},"id":"1g4uoppnvaz5vuy","previousOperationId":"pfoz73dbhwpmswx"}
{"type":"operationEnd","operationId":"pfoz73dbhwpmswx","timestamp":1708447172931,"id":"du1cof4g24uwrrl","previousEventId":"88p7fey44rqto16","previousOperationId":"pfoz73dbhwpmswx"}
{"type":"operationStart","subtype":"recipe","name":"chrome-pdf","timestamp":1708447172932,"id":"kybb5907vi38q87","previousEventId":"du1cof4g24uwrrl","operationId":"f7lwc7hldj6db2a","previousOperationId":"pfoz73dbhwpmswx"}
{"type":"log","timestamp":1708447172932,"level":"debug","message":"Executing recipe chrome-pdf","meta":{"rootId":"gcj94h8drr61pp1","id":"gcj94h8drr61pp1"},"id":"7br7kzxnv6m44nc","previousOperationId":"f7lwc7hldj6db2a"}
{"type":"log","timestamp":1708447172937,"level":"debug","message":"Converting with chrome HeadlessChrome/117.0.5938.149 using chrome-pool strategy","meta":{"rootId":"gcj94h8drr61pp1","id":"gcj94h8drr61pp1"},"id":"t3vxp9b4e8bx82m","previousOperationId":"f7lwc7hldj6db2a"}
{"type":"log","timestamp":1708447172987,"level":"debug","message":"Page request: GET (document) file:///tmp/jsreport/autocleanup/a7562c54-a7c7-4c83-86e6-a6f497076b05-chrome-pdf.html","meta":{"rootId":"gcj94h8drr61pp1","id":"gcj94h8drr61pp1"},"id":"k13c6191kbxmd23","previousOperationId":"f7lwc7hldj6db2a"}
{"type":"log","timestamp":1708447172997,"level":"debug","message":"Page request: GET (stylesheet) https://cdn.jsdelivr.net/chartist.js/latest/chartist.min.css","meta":{"rootId":"gcj94h8drr61pp1","id":"gcj94h8drr61pp1"},"id":"x3c6ntmzdv7yvms","previousOperationId":"f7lwc7hldj6db2a"}
{"type":"log","timestamp":1708447172997,"level":"debug","message":"Page request: GET (script) https://cdn.jsdelivr.net/chartist.js/latest/chartist.min.js","meta":{"rootId":"gcj94h8drr61pp1","id":"gcj94h8drr61pp1"},"id":"6tfkjk32t6a9tto","previousOperationId":"f7lwc7hldj6db2a"}
{"type":"log","timestamp":1708447172998,"level":"debug","message":"Page request finished: GET (document) 200 file:///tmp/jsreport/autocleanup/a7562c54-a7c7-4c83-86e6-a6f497076b05-chrome-pdf.html","meta":{"rootId":"gcj94h8drr61pp1","id":"gcj94h8drr61pp1"},"id":"tk1iowcsz8pc7vw","previousOperationId":"f7lwc7hldj6db2a"}
{"type":"log","timestamp":1708447173003,"level":"debug","message":"Page request finished: GET (stylesheet) 200 https://cdn.jsdelivr.net/chartist.js/latest/chartist.min.css","meta":{"rootId":"gcj94h8drr61pp1","id":"gcj94h8drr61pp1"},"id":"nuvu5q0xovmbapu","previousOperationId":"f7lwc7hldj6db2a"}
{"type":"log","timestamp":1708447173006,"level":"debug","message":"Page request finished: GET (script) 200 https://cdn.jsdelivr.net/chartist.js/latest/chartist.min.js","meta":{"rootId":"gcj94h8drr61pp1","id":"gcj94h8drr61pp1"},"id":"wh11oets4qh6jjq","previousOperationId":"f7lwc7hldj6db2a"}
{"type":"log","timestamp":1708447173010,"level":"debug","message":"Page request: GET (fetch) http://localhost:4000/api/v1/lists","meta":{"rootId":"gcj94h8drr61pp1","id":"gcj94h8drr61pp1"},"id":"girvzv1fmdquiek","previousOperationId":"f7lwc7hldj6db2a"}
{"type":"log","timestamp":1708447173014,"level":"debug","message":"Running chrome with params {\"printBackground\":true,\"timeout\":59970,\"margin\":{}}","meta":{"rootId":"gcj94h8drr61pp1","id":"gcj94h8drr61pp1"},"id":"o3nravb1lk0lb1e","previousOperationId":"f7lwc7hldj6db2a"}
{"type":"operationEnd","operationId":"f7lwc7hldj6db2a","timestamp":1708447173026,"id":"0w1r7t6nluakagt","previousEventId":"kybb5907vi38q87","previousOperationId":"f7lwc7hldj6db2a"}
{"type":"log","timestamp":1708447173026,"level":"debug","message":"Skipping storing report.","meta":{"rootId":"gcj94h8drr61pp1","id":"gcj94h8drr61pp1"},"id":"wkyckyev22zqp9c","previousOperationId":"f7lwc7hldj6db2a"}
{"type":"log","timestamp":1708447173026,"level":"info","message":"Rendering request 13 finished in 121 ms","meta":{"rootId":"gcj94h8drr61pp1","id":"gcj94h8drr61pp1"},"id":"nav5oxcc31qgst4","previousOperationId":"f7lwc7hldj6db2a"}
{"type":"operationEnd","subtype":"render","operationId":"tcacng29m2kxt0i","timestamp":1708447173026,"id":"4e23d800ekjqyi7","previousEventId":"0w1r7t6nluakagt","previousOperationId":"f7lwc7hldj6db2a"}
{"type":"operationEnd","doDiffs":false,"previousEventId":"3ovbms7indwu9x8","previousOperationId":"uv5syhm8skrrn9x","operationId":"uv5syhm8skrrn9x","timestamp":1708447173038,"id":"r3n8d1ds3q9kdif"}
