{"type":"operationStart","subtype":"profile","data":{"_id":"cEoAzn6b17g5OgtD","timestamp":"2024-02-20T16:34:58.175Z","state":"queued","mode":"standard","creationDate":"2024-02-20T16:34:58.175Z","modificationDate":"2024-02-20T16:34:58.175Z","shortid":"86qASQd","$entitySet":"profiles"},"doDiffs":false,"timestamp":1708446898175,"id":"k0mlsa8lmf5x4wa","previousOperationId":null,"operationId":"t76kmefzal7shtd"}
{"type":"log","level":"info","message":"Render request 11 queued for execution and waiting for available worker","previousOperationId":"t76kmefzal7shtd","timestamp":1708446898175,"id":"6zu3ufi11wrgqwv"}
{"type":"operationStart","subtype":"render","name":"InfoList","previousOperationId":"t76kmefzal7shtd","timestamp":1708446898179,"id":"t6yx80a8sv9oz3b","previousEventId":"k0mlsa8lmf5x4wa","operationId":"otxyds9v76cj3w3"}
{"type":"log","timestamp":1708446898179,"level":"info","message":"Starting rendering request 11","meta":{"rootId":"gvys2x2yczzejq5","id":"gvys2x2yczzejq5"},"id":"fwk6xzdgmh1jai1","previousOperationId":"otxyds9v76cj3w3"}
{"type":"log","timestamp":1708446898179,"level":"info","message":"Rendering template { name: InfoList, recipe: chrome-pdf, engine: handlebars, preview: true }","meta":{"rootId":"gvys2x2yczzejq5","id":"gvys2x2yczzejq5"},"id":"ld36wl3beqex97l","previousOperationId":"otxyds9v76cj3w3"}
{"type":"log","timestamp":1708446898179,"level":"debug","message":"Data item not defined for this template.","meta":{"rootId":"gvys2x2yczzejq5","id":"gvys2x2yczzejq5"},"id":"9q414t3nf7xx8b1","previousOperationId":"otxyds9v76cj3w3"}
{"type":"log","timestamp":1708446898181,"level":"debug","message":"Base url not specified, skipping its injection.","meta":{"rootId":"gvys2x2yczzejq5","id":"gvys2x2yczzejq5"},"id":"hxng17osajg04q8","previousOperationId":"otxyds9v76cj3w3"}
{"type":"operationStart","subtype":"engine","name":"handlebars","timestamp":1708446898181,"id":"s5ctlajygqlx9qd","previousEventId":"t6yx80a8sv9oz3b","operationId":"bcsmit96zhbthn7","previousOperationId":"otxyds9v76cj3w3"}
{"type":"log","timestamp":1708446898181,"level":"debug","message":"Rendering engine handlebars","meta":{"rootId":"gvys2x2yczzejq5","id":"gvys2x2yczzejq5"},"id":"t41aol5e3ml3kbq","previousOperationId":"bcsmit96zhbthn7"}
{"type":"operationEnd","operationId":"bcsmit96zhbthn7","timestamp":1708446898191,"id":"n7gj686wx554r7k","previousEventId":"s5ctlajygqlx9qd","previousOperationId":"bcsmit96zhbthn7"}
{"type":"operationStart","subtype":"recipe","name":"chrome-pdf","timestamp":1708446898191,"id":"875k22z09f8zoug","previousEventId":"n7gj686wx554r7k","operationId":"7368ed1jz7n5pi0","previousOperationId":"bcsmit96zhbthn7"}
{"type":"log","timestamp":1708446898191,"level":"debug","message":"Executing recipe chrome-pdf","meta":{"rootId":"gvys2x2yczzejq5","id":"gvys2x2yczzejq5"},"id":"umhnwmvrbfhmj6a","previousOperationId":"7368ed1jz7n5pi0"}
{"type":"log","timestamp":1708446898196,"level":"debug","message":"Converting with chrome HeadlessChrome/117.0.5938.149 using chrome-pool strategy","meta":{"rootId":"gvys2x2yczzejq5","id":"gvys2x2yczzejq5"},"id":"8ozwtjnc5pckvn3","previousOperationId":"7368ed1jz7n5pi0"}
{"type":"log","timestamp":1708446898228,"level":"debug","message":"Page request: GET (document) file:///tmp/jsreport/autocleanup/988c7042-2de9-408a-9f78-c2ce6cf1bea9-chrome-pdf.html","meta":{"rootId":"gvys2x2yczzejq5","id":"gvys2x2yczzejq5"},"id":"1wgkw9ezp1lgsgk","previousOperationId":"7368ed1jz7n5pi0"}
{"type":"log","timestamp":1708446898235,"level":"debug","message":"Page request: GET (stylesheet) https://cdn.jsdelivr.net/chartist.js/latest/chartist.min.css","meta":{"rootId":"gvys2x2yczzejq5","id":"gvys2x2yczzejq5"},"id":"tk8uinxbujyz0mj","previousOperationId":"7368ed1jz7n5pi0"}
{"type":"log","timestamp":1708446898236,"level":"debug","message":"Page request: GET (script) https://cdn.jsdelivr.net/chartist.js/latest/chartist.min.js","meta":{"rootId":"gvys2x2yczzejq5","id":"gvys2x2yczzejq5"},"id":"p1oo3ylazdcdnto","previousOperationId":"7368ed1jz7n5pi0"}
{"type":"log","timestamp":1708446898236,"level":"debug","message":"Page request finished: GET (document) 200 file:///tmp/jsreport/autocleanup/988c7042-2de9-408a-9f78-c2ce6cf1bea9-chrome-pdf.html","meta":{"rootId":"gvys2x2yczzejq5","id":"gvys2x2yczzejq5"},"id":"78pmkp96blmfyvf","previousOperationId":"7368ed1jz7n5pi0"}
{"type":"log","timestamp":1708446898454,"level":"debug","message":"Page request finished: GET (stylesheet) 200 https://cdn.jsdelivr.net/chartist.js/latest/chartist.min.css","meta":{"rootId":"gvys2x2yczzejq5","id":"gvys2x2yczzejq5"},"id":"kllgkgfg0s49cjb","previousOperationId":"7368ed1jz7n5pi0"}
{"type":"log","timestamp":1708446898454,"level":"debug","message":"Page request finished: GET (script) 200 https://cdn.jsdelivr.net/chartist.js/latest/chartist.min.js","meta":{"rootId":"gvys2x2yczzejq5","id":"gvys2x2yczzejq5"},"id":"diy7m0mu8r4ukvt","previousOperationId":"7368ed1jz7n5pi0"}
{"type":"log","timestamp":1708446898456,"level":"debug","message":"Page request: GET (fetch) http://localhost:4000/api/v1/lists","meta":{"rootId":"gvys2x2yczzejq5","id":"gvys2x2yczzejq5"},"id":"go4puokuhlv5qsp","previousOperationId":"7368ed1jz7n5pi0"}
{"type":"log","timestamp":1708446898461,"level":"debug","message":"Running chrome with params {\"printBackground\":true,\"timeout\":59981,\"margin\":{}}","meta":{"rootId":"gvys2x2yczzejq5","id":"gvys2x2yczzejq5"},"id":"um4yyj5zp193g6o","previousOperationId":"7368ed1jz7n5pi0"}
{"type":"operationEnd","operationId":"7368ed1jz7n5pi0","timestamp":1708446898473,"id":"0b58n2el7fxwfir","previousEventId":"875k22z09f8zoug","previousOperationId":"7368ed1jz7n5pi0"}
{"type":"log","timestamp":1708446898473,"level":"debug","message":"Skipping storing report.","meta":{"rootId":"gvys2x2yczzejq5","id":"gvys2x2yczzejq5"},"id":"9jzlqd1c6uzt7yw","previousOperationId":"7368ed1jz7n5pi0"}
{"type":"log","timestamp":1708446898473,"level":"info","message":"Rendering request 11 finished in 298 ms","meta":{"rootId":"gvys2x2yczzejq5","id":"gvys2x2yczzejq5"},"id":"u45i4qu7vlwpxsu","previousOperationId":"7368ed1jz7n5pi0"}
{"type":"operationEnd","subtype":"render","operationId":"otxyds9v76cj3w3","timestamp":1708446898473,"id":"kvpxhnkt8dbd2qt","previousEventId":"0b58n2el7fxwfir","previousOperationId":"7368ed1jz7n5pi0"}
{"type":"operationEnd","doDiffs":false,"previousEventId":"k0mlsa8lmf5x4wa","previousOperationId":"t76kmefzal7shtd","operationId":"t76kmefzal7shtd","timestamp":1708446898476,"id":"zkrsos0oc6ion7h"}
