{"type":"operationStart","subtype":"profile","data":{"_id":"zAAFKb89faWD4gR0","timestamp":"2024-02-20T16:44:27.665Z","state":"queued","mode":"standard","creationDate":"2024-02-20T16:44:27.666Z","modificationDate":"2024-02-20T16:44:27.666Z","shortid":"teGskWF","$entitySet":"profiles"},"doDiffs":false,"timestamp":1708447467666,"id":"7t5yb2vhexxlb2f","previousOperationId":null,"operationId":"zx2dik87inhkdas"}
{"type":"log","level":"info","message":"Render request 19 queued for execution and waiting for available worker","previousOperationId":"zx2dik87inhkdas","timestamp":1708447467666,"id":"9969lsy3dj50huk"}
{"type":"operationStart","subtype":"render","name":"InfoList","previousOperationId":"zx2dik87inhkdas","timestamp":1708447467670,"id":"ct35do0yuctb1lw","previousEventId":"7t5yb2vhexxlb2f","operationId":"3ngnpqsxwxenlcc"}
{"type":"log","timestamp":1708447467670,"level":"info","message":"Starting rendering request 19","meta":{"rootId":"ln67tt918tyojci","id":"ln67tt918tyojci"},"id":"vx9b9unadrzkhnw","previousOperationId":"3ngnpqsxwxenlcc"}
{"type":"log","timestamp":1708447467670,"level":"info","message":"Rendering template { name: InfoList, recipe: chrome-pdf, engine: handlebars, preview: true }","meta":{"rootId":"ln67tt918tyojci","id":"ln67tt918tyojci"},"id":"8iev1wcsp3uzl98","previousOperationId":"3ngnpqsxwxenlcc"}
{"type":"log","timestamp":1708447467671,"level":"debug","message":"Data item not defined for this template.","meta":{"rootId":"ln67tt918tyojci","id":"ln67tt918tyojci"},"id":"grv9vr21diox4s4","previousOperationId":"3ngnpqsxwxenlcc"}
{"type":"log","timestamp":1708447467672,"level":"debug","message":"Base url not specified, skipping its injection.","meta":{"rootId":"ln67tt918tyojci","id":"ln67tt918tyojci"},"id":"pkbapxdztjxaua3","previousOperationId":"3ngnpqsxwxenlcc"}
{"type":"operationStart","subtype":"engine","name":"handlebars","timestamp":1708447467673,"id":"yton9u1b6p943gz","previousEventId":"ct35do0yuctb1lw","operationId":"kt7ohoalyxqxlxk","previousOperationId":"3ngnpqsxwxenlcc"}
{"type":"log","timestamp":1708447467673,"level":"debug","message":"Rendering engine handlebars","meta":{"rootId":"ln67tt918tyojci","id":"ln67tt918tyojci"},"id":"jr9487n4oa3bxn2","previousOperationId":"kt7ohoalyxqxlxk"}
{"type":"operationEnd","operationId":"kt7ohoalyxqxlxk","timestamp":1708447467681,"id":"9bl4b5it3m0ul2w","previousEventId":"yton9u1b6p943gz","previousOperationId":"kt7ohoalyxqxlxk"}
{"type":"operationStart","subtype":"recipe","name":"chrome-pdf","timestamp":1708447467681,"id":"cls3mpx9cr80igk","previousEventId":"9bl4b5it3m0ul2w","operationId":"eg93noex1wi39ma","previousOperationId":"kt7ohoalyxqxlxk"}
{"type":"log","timestamp":1708447467681,"level":"debug","message":"Executing recipe chrome-pdf","meta":{"rootId":"ln67tt918tyojci","id":"ln67tt918tyojci"},"id":"rdgp8xr8p9p9eib","previousOperationId":"eg93noex1wi39ma"}
{"type":"log","timestamp":1708447467682,"level":"debug","message":"Converting with chrome HeadlessChrome/117.0.5938.149 using chrome-pool strategy","meta":{"rootId":"ln67tt918tyojci","id":"ln67tt918tyojci"},"id":"cax63zhistgsbgm","previousOperationId":"eg93noex1wi39ma"}
{"type":"log","timestamp":1708447467712,"level":"debug","message":"Page request: GET (document) file:///tmp/jsreport/autocleanup/1a90150a-9dca-4d74-b878-5a37e1259fb1-chrome-pdf.html","meta":{"rootId":"ln67tt918tyojci","id":"ln67tt918tyojci"},"id":"vld9wrukj2dgvf8","previousOperationId":"eg93noex1wi39ma"}
{"type":"log","timestamp":1708447467718,"level":"debug","message":"Page request: GET (stylesheet) https://cdn.jsdelivr.net/chartist.js/latest/chartist.min.css","meta":{"rootId":"ln67tt918tyojci","id":"ln67tt918tyojci"},"id":"03y5r4lmuh2se8l","previousOperationId":"eg93noex1wi39ma"}
{"type":"log","timestamp":1708447467719,"level":"debug","message":"Page request: GET (script) https://cdn.jsdelivr.net/chartist.js/latest/chartist.min.js","meta":{"rootId":"ln67tt918tyojci","id":"ln67tt918tyojci"},"id":"3xlt7t3wz3wu0pt","previousOperationId":"eg93noex1wi39ma"}
{"type":"log","timestamp":1708447467719,"level":"debug","message":"Page request finished: GET (document) 200 file:///tmp/jsreport/autocleanup/1a90150a-9dca-4d74-b878-5a37e1259fb1-chrome-pdf.html","meta":{"rootId":"ln67tt918tyojci","id":"ln67tt918tyojci"},"id":"wq0igz9ku9cr9yk","previousOperationId":"eg93noex1wi39ma"}
{"type":"log","timestamp":1708447467721,"level":"debug","message":"Page request finished: GET (stylesheet) 200 https://cdn.jsdelivr.net/chartist.js/latest/chartist.min.css","meta":{"rootId":"ln67tt918tyojci","id":"ln67tt918tyojci"},"id":"vpj8nf9xiydwkfq","previousOperationId":"eg93noex1wi39ma"}
{"type":"log","timestamp":1708447467722,"level":"debug","message":"Page request finished: GET (script) 200 https://cdn.jsdelivr.net/chartist.js/latest/chartist.min.js","meta":{"rootId":"ln67tt918tyojci","id":"ln67tt918tyojci"},"id":"t0ck5a0h1ug63hv","previousOperationId":"eg93noex1wi39ma"}
{"type":"log","timestamp":1708447467723,"level":"debug","message":"Page request: GET (fetch) http://localhost:4000/api/v1/lists","meta":{"rootId":"ln67tt918tyojci","id":"ln67tt918tyojci"},"id":"vt6gk5v1zzqgha9","previousOperationId":"eg93noex1wi39ma"}
{"type":"log","timestamp":1708447467726,"level":"debug","message":"Running chrome with params {\"printBackground\":true,\"timeout\":59983,\"margin\":{}}","meta":{"rootId":"ln67tt918tyojci","id":"ln67tt918tyojci"},"id":"febsbdzp6bwzgss","previousOperationId":"eg93noex1wi39ma"}
{"type":"log","timestamp":1708447467732,"level":"debug","message":"(console:error) Access to fetch at 'http://localhost:4000/api/v1/lists' from origin 'null' has been blocked by CORS policy: No 'Access-Control-Allow-Origin' header is present on the requested resource. If an opaque response serves your needs, set the request's mode to 'no-cors' to fetch the resource with CORS disabled.","meta":{"userLevel":true,"rootId":"ln67tt918tyojci","id":"ln67tt918tyojci"},"id":"i7bkxx1ql0y5j84","previousOperationId":"eg93noex1wi39ma"}
{"type":"log","timestamp":1708447467733,"level":"warn","message":"Page request failed: GET (fetch) http://localhost:4000/api/v1/lists, failure: net::ERR_FAILED","meta":{"rootId":"ln67tt918tyojci","id":"ln67tt918tyojci"},"id":"vdhfk2e19ob2g1g","previousOperationId":"eg93noex1wi39ma"}
{"type":"log","timestamp":1708447467733,"level":"debug","message":"(console:error) Failed to load resource: net::ERR_FAILED","meta":{"userLevel":true,"rootId":"ln67tt918tyojci","id":"ln67tt918tyojci"},"id":"0jsb74j16xbkldr","previousOperationId":"eg93noex1wi39ma"}
{"type":"log","timestamp":1708447467733,"level":"debug","message":"(console:error) Error fetching data: JSHandle@error","meta":{"userLevel":true,"rootId":"ln67tt918tyojci","id":"ln67tt918tyojci"},"id":"ksj2qynph3700cn","previousOperationId":"eg93noex1wi39ma"}
{"type":"operationEnd","operationId":"eg93noex1wi39ma","timestamp":1708447467735,"id":"r5rdprs9vtvq7o5","previousEventId":"cls3mpx9cr80igk","previousOperationId":"eg93noex1wi39ma"}
{"type":"log","timestamp":1708447467735,"level":"debug","message":"Skipping storing report.","meta":{"rootId":"ln67tt918tyojci","id":"ln67tt918tyojci"},"id":"fw1fsui61hkqbe1","previousOperationId":"eg93noex1wi39ma"}
{"type":"log","timestamp":1708447467736,"level":"info","message":"Rendering request 19 finished in 71 ms","meta":{"rootId":"ln67tt918tyojci","id":"ln67tt918tyojci"},"id":"s65l6xw9kjkcu10","previousOperationId":"eg93noex1wi39ma"}
{"type":"operationEnd","subtype":"render","operationId":"3ngnpqsxwxenlcc","timestamp":1708447467736,"id":"s46vv1esagjb4bi","previousEventId":"r5rdprs9vtvq7o5","previousOperationId":"eg93noex1wi39ma"}
{"type":"operationEnd","doDiffs":false,"previousEventId":"7t5yb2vhexxlb2f","previousOperationId":"zx2dik87inhkdas","operationId":"zx2dik87inhkdas","timestamp":1708447467746,"id":"5bxi97oztx8ta07"}
