{"type":"operationStart","subtype":"profile","data":{"_id":"1W0P8TORB2Efsjti","timestamp":"2024-02-20T16:49:45.565Z","state":"queued","mode":"standard","creationDate":"2024-02-20T16:49:45.566Z","modificationDate":"2024-02-20T16:49:45.566Z","shortid":"8TFrKr3","$entitySet":"profiles"},"doDiffs":false,"timestamp":1708447785565,"id":"jheybuaz946spfk","previousOperationId":null,"operationId":"g3sbkvuz3julc1b"}
{"type":"log","level":"info","message":"Render request 21 queued for execution and waiting for available worker","previousOperationId":"g3sbkvuz3julc1b","timestamp":1708447785565,"id":"p2bi94229nip9if"}
{"type":"operationStart","subtype":"render","name":"InfoList","previousOperationId":"g3sbkvuz3julc1b","timestamp":1708447785571,"id":"bvcc4y7jo0gpysi","previousEventId":"jheybuaz946spfk","operationId":"kn86kq4hx0gqv82"}
{"type":"log","timestamp":1708447785571,"level":"info","message":"Starting rendering request 21","meta":{"rootId":"ny9dyjurxjfp2j9","id":"ny9dyjurxjfp2j9"},"id":"08ii4xvqibhtp25","previousOperationId":"kn86kq4hx0gqv82"}
{"type":"log","timestamp":1708447785571,"level":"info","message":"Rendering template { name: InfoList, recipe: chrome-pdf, engine: handlebars, preview: true }","meta":{"rootId":"ny9dyjurxjfp2j9","id":"ny9dyjurxjfp2j9"},"id":"oqfy80k7sp2x8k4","previousOperationId":"kn86kq4hx0gqv82"}
{"type":"log","timestamp":1708447785572,"level":"debug","message":"Data item not defined for this template.","meta":{"rootId":"ny9dyjurxjfp2j9","id":"ny9dyjurxjfp2j9"},"id":"1lmvsppdlqgl5o8","previousOperationId":"kn86kq4hx0gqv82"}
{"type":"log","timestamp":1708447785573,"level":"debug","message":"Base url not specified, skipping its injection.","meta":{"rootId":"ny9dyjurxjfp2j9","id":"ny9dyjurxjfp2j9"},"id":"7ku5mssx5vz5p27","previousOperationId":"kn86kq4hx0gqv82"}
{"type":"operationStart","subtype":"engine","name":"handlebars","timestamp":1708447785574,"id":"yl0i58ujx9z4mnf","previousEventId":"bvcc4y7jo0gpysi","operationId":"p1pfrail6o3y749","previousOperationId":"kn86kq4hx0gqv82"}
{"type":"log","timestamp":1708447785574,"level":"debug","message":"Rendering engine handlebars","meta":{"rootId":"ny9dyjurxjfp2j9","id":"ny9dyjurxjfp2j9"},"id":"n8fokpidy9ugc30","previousOperationId":"p1pfrail6o3y749"}
{"type":"operationEnd","operationId":"p1pfrail6o3y749","timestamp":1708447785587,"id":"hwo7ypa0l43eg95","previousEventId":"yl0i58ujx9z4mnf","previousOperationId":"p1pfrail6o3y749"}
{"type":"operationStart","subtype":"recipe","name":"chrome-pdf","timestamp":1708447785587,"id":"90b2a9250bol30o","previousEventId":"hwo7ypa0l43eg95","operationId":"9yy48mgem4uf11j","previousOperationId":"p1pfrail6o3y749"}
{"type":"log","timestamp":1708447785587,"level":"debug","message":"Executing recipe chrome-pdf","meta":{"rootId":"ny9dyjurxjfp2j9","id":"ny9dyjurxjfp2j9"},"id":"ly6ilspsgnnhk1x","previousOperationId":"9yy48mgem4uf11j"}
{"type":"log","timestamp":1708447785589,"level":"debug","message":"Converting with chrome HeadlessChrome/117.0.5938.149 using chrome-pool strategy","meta":{"rootId":"ny9dyjurxjfp2j9","id":"ny9dyjurxjfp2j9"},"id":"0910u5s5sfiav45","previousOperationId":"9yy48mgem4uf11j"}
{"type":"log","timestamp":1708447785622,"level":"debug","message":"Page request: GET (document) file:///tmp/jsreport/autocleanup/d4cc8b40-97a7-4e49-8c2e-d70da8b9da5c-chrome-pdf.html","meta":{"rootId":"ny9dyjurxjfp2j9","id":"ny9dyjurxjfp2j9"},"id":"yzadpghogk0pu6m","previousOperationId":"9yy48mgem4uf11j"}
{"type":"log","timestamp":1708447785631,"level":"debug","message":"Page request: GET (stylesheet) https://cdn.jsdelivr.net/chartist.js/latest/chartist.min.css","meta":{"rootId":"ny9dyjurxjfp2j9","id":"ny9dyjurxjfp2j9"},"id":"6yuvjprymnbwmyi","previousOperationId":"9yy48mgem4uf11j"}
{"type":"log","timestamp":1708447785631,"level":"debug","message":"Page request: GET (script) https://cdn.jsdelivr.net/chartist.js/latest/chartist.min.js","meta":{"rootId":"ny9dyjurxjfp2j9","id":"ny9dyjurxjfp2j9"},"id":"dw06bqj129wcyp2","previousOperationId":"9yy48mgem4uf11j"}
{"type":"log","timestamp":1708447785632,"level":"debug","message":"Page request finished: GET (document) 200 file:///tmp/jsreport/autocleanup/d4cc8b40-97a7-4e49-8c2e-d70da8b9da5c-chrome-pdf.html","meta":{"rootId":"ny9dyjurxjfp2j9","id":"ny9dyjurxjfp2j9"},"id":"cstb9p97iej6ezo","previousOperationId":"9yy48mgem4uf11j"}
{"type":"log","timestamp":1708447785634,"level":"debug","message":"Page request finished: GET (stylesheet) 200 https://cdn.jsdelivr.net/chartist.js/latest/chartist.min.css","meta":{"rootId":"ny9dyjurxjfp2j9","id":"ny9dyjurxjfp2j9"},"id":"1w1oyalokdq25r2","previousOperationId":"9yy48mgem4uf11j"}
{"type":"log","timestamp":1708447785635,"level":"debug","message":"Page request finished: GET (script) 200 https://cdn.jsdelivr.net/chartist.js/latest/chartist.min.js","meta":{"rootId":"ny9dyjurxjfp2j9","id":"ny9dyjurxjfp2j9"},"id":"b6ml25najjq0m9e","previousOperationId":"9yy48mgem4uf11j"}
{"type":"log","timestamp":1708447785637,"level":"debug","message":"Page request: GET (fetch) http://localhost:4000/api/v1/lists","meta":{"rootId":"ny9dyjurxjfp2j9","id":"ny9dyjurxjfp2j9"},"id":"xrnydhe50rn5yaa","previousOperationId":"9yy48mgem4uf11j"}
{"type":"log","timestamp":1708447785642,"level":"debug","message":"Running chrome with params {\"printBackground\":true,\"timeout\":59977,\"margin\":{}}","meta":{"rootId":"ny9dyjurxjfp2j9","id":"ny9dyjurxjfp2j9"},"id":"psjl7nxblrq7dsc","previousOperationId":"9yy48mgem4uf11j"}
{"type":"operationEnd","operationId":"9yy48mgem4uf11j","timestamp":1708447785655,"id":"ogcabz5f5fdizzr","previousEventId":"90b2a9250bol30o","previousOperationId":"9yy48mgem4uf11j"}
{"type":"log","timestamp":1708447785655,"level":"debug","message":"Skipping storing report.","meta":{"rootId":"ny9dyjurxjfp2j9","id":"ny9dyjurxjfp2j9"},"id":"1qviyv4vexhgpop","previousOperationId":"9yy48mgem4uf11j"}
{"type":"log","timestamp":1708447785655,"level":"info","message":"Rendering request 21 finished in 90 ms","meta":{"rootId":"ny9dyjurxjfp2j9","id":"ny9dyjurxjfp2j9"},"id":"wlbfw66e37hg2rm","previousOperationId":"9yy48mgem4uf11j"}
{"type":"operationEnd","subtype":"render","operationId":"kn86kq4hx0gqv82","timestamp":1708447785655,"id":"zyxhqt6ateljb6y","previousEventId":"ogcabz5f5fdizzr","previousOperationId":"9yy48mgem4uf11j"}
{"type":"operationEnd","doDiffs":false,"previousEventId":"jheybuaz946spfk","previousOperationId":"g3sbkvuz3julc1b","operationId":"g3sbkvuz3julc1b","timestamp":1708447785667,"id":"1t95l1y4pg0ygdd"}
