{"type":"operationStart","subtype":"profile","data":{"_id":"miI45T2p6FDhGxHZ","timestamp":"2024-02-20T16:04:21.843Z","state":"queued","mode":"standard","creationDate":"2024-02-20T16:04:21.844Z","modificationDate":"2024-02-20T16:04:21.844Z","shortid":"SBdV4SK","$entitySet":"profiles"},"doDiffs":false,"timestamp":1708445061844,"id":"qlg8pjgz0pibbl3","previousOperationId":null,"operationId":"pslw3k2e2zokbm1"}
{"type":"log","level":"info","message":"Render request 5 queued for execution and waiting for available worker","previousOperationId":"pslw3k2e2zokbm1","timestamp":1708445061844,"id":"il9jfkwwmh7m11d"}
{"type":"operationStart","subtype":"render","name":"InfoList","previousOperationId":"pslw3k2e2zokbm1","timestamp":1708445061847,"id":"1lhu4e92k54t63o","previousEventId":"qlg8pjgz0pibbl3","operationId":"z4hglyu5ehp9df0"}
{"type":"log","timestamp":1708445061848,"level":"info","message":"Starting rendering request 5","meta":{"rootId":"pnw6jqkb2zaz1f8","id":"pnw6jqkb2zaz1f8"},"id":"n6s1hroqzau9f2l","previousOperationId":"z4hglyu5ehp9df0"}
{"type":"log","timestamp":1708445061848,"level":"info","message":"Rendering template { name: InfoList, recipe: chrome-pdf, engine: handlebars, preview: false }","meta":{"rootId":"pnw6jqkb2zaz1f8","id":"pnw6jqkb2zaz1f8"},"id":"9eo7jywg3uu5zbp","previousOperationId":"z4hglyu5ehp9df0"}
{"type":"log","timestamp":1708445061849,"level":"debug","message":"Adding sample data VxpiX4EFd","meta":{"rootId":"pnw6jqkb2zaz1f8","id":"pnw6jqkb2zaz1f8"},"id":"f4o3tre5re2df58","previousOperationId":"z4hglyu5ehp9df0"}
{"type":"log","timestamp":1708445061851,"level":"debug","message":"Base url not specified, skipping its injection.","meta":{"rootId":"pnw6jqkb2zaz1f8","id":"pnw6jqkb2zaz1f8"},"id":"xaw3npdtpodut3w","previousOperationId":"z4hglyu5ehp9df0"}
{"type":"operationStart","subtype":"engine","name":"handlebars","timestamp":1708445061853,"id":"mw9bgtpzpdnpacn","previousEventId":"1lhu4e92k54t63o","operationId":"un2oxa4007hsfx5","previousOperationId":"z4hglyu5ehp9df0"}
{"type":"log","timestamp":1708445061853,"level":"debug","message":"Rendering engine handlebars","meta":{"rootId":"pnw6jqkb2zaz1f8","id":"pnw6jqkb2zaz1f8"},"id":"hwcjemhwue6vpii","previousOperationId":"un2oxa4007hsfx5"}
{"type":"operationEnd","operationId":"un2oxa4007hsfx5","timestamp":1708445062273,"id":"y75b405yuxu5vd0","previousEventId":"mw9bgtpzpdnpacn","previousOperationId":"un2oxa4007hsfx5"}
{"type":"operationStart","subtype":"recipe","name":"chrome-pdf","timestamp":1708445062273,"id":"nvc223ooevbkut8","previousEventId":"y75b405yuxu5vd0","operationId":"0au81igpo0qnpkc","previousOperationId":"un2oxa4007hsfx5"}
{"type":"log","timestamp":1708445062273,"level":"debug","message":"Executing recipe chrome-pdf","meta":{"rootId":"pnw6jqkb2zaz1f8","id":"pnw6jqkb2zaz1f8"},"id":"nb6ga8rlij4lh5q","previousOperationId":"0au81igpo0qnpkc"}
{"type":"log","timestamp":1708445062669,"level":"debug","message":"Converting with chrome HeadlessChrome/117.0.5938.149 using chrome-pool strategy","meta":{"rootId":"pnw6jqkb2zaz1f8","id":"pnw6jqkb2zaz1f8"},"id":"1u5zw9k735k8azh","previousOperationId":"0au81igpo0qnpkc"}
{"type":"log","timestamp":1708445062814,"level":"debug","message":"Page request: GET (document) file:///tmp/jsreport/autocleanup/884aabc0-acbd-4a64-aefa-74b2e7f7dd6c-chrome-pdf.html","meta":{"rootId":"pnw6jqkb2zaz1f8","id":"pnw6jqkb2zaz1f8"},"id":"8levq4h9zvz2r13","previousOperationId":"0au81igpo0qnpkc"}
{"type":"log","timestamp":1708445062824,"level":"debug","message":"Page request finished: GET (document) 200 file:///tmp/jsreport/autocleanup/884aabc0-acbd-4a64-aefa-74b2e7f7dd6c-chrome-pdf.html","meta":{"rootId":"pnw6jqkb2zaz1f8","id":"pnw6jqkb2zaz1f8"},"id":"75771ccv3yhdmrt","previousOperationId":"0au81igpo0qnpkc"}
{"type":"log","timestamp":1708445062825,"level":"debug","message":"Running chrome with params {\"printBackground\":true,\"timeout\":59563,\"margin\":{}}","meta":{"rootId":"pnw6jqkb2zaz1f8","id":"pnw6jqkb2zaz1f8"},"id":"ynfeip4bob8x5jj","previousOperationId":"0au81igpo0qnpkc"}
{"type":"operationEnd","operationId":"0au81igpo0qnpkc","timestamp":1708445062851,"id":"tl4pm8na9jwuirr","previousEventId":"nvc223ooevbkut8","previousOperationId":"0au81igpo0qnpkc"}
{"type":"log","timestamp":1708445062852,"level":"debug","message":"Skipping storing report.","meta":{"rootId":"pnw6jqkb2zaz1f8","id":"pnw6jqkb2zaz1f8"},"id":"l519uk6jzs18qrv","previousOperationId":"0au81igpo0qnpkc"}
{"type":"log","timestamp":1708445062852,"level":"info","message":"Rendering request 5 finished in 1009 ms","meta":{"rootId":"pnw6jqkb2zaz1f8","id":"pnw6jqkb2zaz1f8"},"id":"78h4sgk7xgbwof7","previousOperationId":"0au81igpo0qnpkc"}
{"type":"operationEnd","subtype":"render","operationId":"z4hglyu5ehp9df0","timestamp":1708445062852,"id":"cfoz75le28droh6","previousEventId":"tl4pm8na9jwuirr","previousOperationId":"0au81igpo0qnpkc"}
{"type":"operationEnd","doDiffs":false,"previousEventId":"qlg8pjgz0pibbl3","previousOperationId":"pslw3k2e2zokbm1","operationId":"pslw3k2e2zokbm1","timestamp":1708445062854,"id":"ux949r89nsk6mp7"}
