{"type":"operationStart","subtype":"profile","data":{"_id":"OcHnjN0cKsJOP3u6","timestamp":"2024-02-20T17:00:05.345Z","state":"queued","mode":"standard","creationDate":"2024-02-20T17:00:05.346Z","modificationDate":"2024-02-20T17:00:05.346Z","shortid":"M1gYa1a","$entitySet":"profiles"},"doDiffs":false,"timestamp":1708448405346,"id":"n3sjl6v1fcl3umt","previousOperationId":null,"operationId":"1zhdpjl0mhrknol"}
{"type":"log","level":"info","message":"Render request 27 queued for execution and waiting for available worker","previousOperationId":"1zhdpjl0mhrknol","timestamp":1708448405346,"id":"my2lhusn8r35ajd"}
{"type":"operationStart","subtype":"render","name":"InfoList","previousOperationId":"1zhdpjl0mhrknol","timestamp":1708448405351,"id":"3wnw7xhezwfh65j","previousEventId":"n3sjl6v1fcl3umt","operationId":"cs1rgltcswf1y41"}
{"type":"log","timestamp":1708448405351,"level":"info","message":"Starting rendering request 27","meta":{"rootId":"pp9kh7lmk0eg8vl","id":"pp9kh7lmk0eg8vl"},"id":"spq2a6amice5dcb","previousOperationId":"cs1rgltcswf1y41"}
{"type":"log","timestamp":1708448405351,"level":"info","message":"Rendering template { name: InfoList, recipe: chrome-pdf, engine: handlebars, preview: true }","meta":{"rootId":"pp9kh7lmk0eg8vl","id":"pp9kh7lmk0eg8vl"},"id":"k7cy4nox80wnprv","previousOperationId":"cs1rgltcswf1y41"}
{"type":"log","timestamp":1708448405352,"level":"debug","message":"Data item not defined for this template.","meta":{"rootId":"pp9kh7lmk0eg8vl","id":"pp9kh7lmk0eg8vl"},"id":"ycc2l0d8ooivjhq","previousOperationId":"cs1rgltcswf1y41"}
{"type":"log","timestamp":1708448405354,"level":"debug","message":"Base url not specified, skipping its injection.","meta":{"rootId":"pp9kh7lmk0eg8vl","id":"pp9kh7lmk0eg8vl"},"id":"9nopitc5nudc701","previousOperationId":"cs1rgltcswf1y41"}
{"type":"operationStart","subtype":"engine","name":"handlebars","timestamp":1708448405354,"id":"lxdgm9aq0zoekud","previousEventId":"3wnw7xhezwfh65j","operationId":"jxldyqevd8uwevd","previousOperationId":"cs1rgltcswf1y41"}
{"type":"log","timestamp":1708448405354,"level":"debug","message":"Rendering engine handlebars","meta":{"rootId":"pp9kh7lmk0eg8vl","id":"pp9kh7lmk0eg8vl"},"id":"err3b5bcffm7qiv","previousOperationId":"jxldyqevd8uwevd"}
{"type":"operationEnd","operationId":"jxldyqevd8uwevd","timestamp":1708448405374,"id":"2m7hj98o4wo5pnn","previousEventId":"lxdgm9aq0zoekud","previousOperationId":"jxldyqevd8uwevd"}
{"type":"operationStart","subtype":"recipe","name":"chrome-pdf","timestamp":1708448405375,"id":"34h7be7s9dkzipq","previousEventId":"2m7hj98o4wo5pnn","operationId":"11y91kplwn4yqqh","previousOperationId":"jxldyqevd8uwevd"}
{"type":"log","timestamp":1708448405375,"level":"debug","message":"Executing recipe chrome-pdf","meta":{"rootId":"pp9kh7lmk0eg8vl","id":"pp9kh7lmk0eg8vl"},"id":"hesixxziw24cx1z","previousOperationId":"11y91kplwn4yqqh"}
{"type":"log","timestamp":1708448405378,"level":"debug","message":"Converting with chrome HeadlessChrome/117.0.5938.149 using chrome-pool strategy","meta":{"rootId":"pp9kh7lmk0eg8vl","id":"pp9kh7lmk0eg8vl"},"id":"s4mqw9fqbzz1o6u","previousOperationId":"11y91kplwn4yqqh"}
{"type":"log","timestamp":1708448405416,"level":"debug","message":"Page request: GET (document) file:///tmp/jsreport/autocleanup/906d6544-b3a3-4ae4-a57f-8e20dfe06cba-chrome-pdf.html","meta":{"rootId":"pp9kh7lmk0eg8vl","id":"pp9kh7lmk0eg8vl"},"id":"vxre5h325as9vsd","previousOperationId":"11y91kplwn4yqqh"}
{"type":"log","timestamp":1708448405426,"level":"debug","message":"Page request: GET (stylesheet) https://cdn.jsdelivr.net/chartist.js/latest/chartist.min.css","meta":{"rootId":"pp9kh7lmk0eg8vl","id":"pp9kh7lmk0eg8vl"},"id":"fd1ugol0pljq3y9","previousOperationId":"11y91kplwn4yqqh"}
{"type":"log","timestamp":1708448405427,"level":"debug","message":"Page request: GET (script) https://cdn.jsdelivr.net/chartist.js/latest/chartist.min.js","meta":{"rootId":"pp9kh7lmk0eg8vl","id":"pp9kh7lmk0eg8vl"},"id":"2zddcnc95uriktu","previousOperationId":"11y91kplwn4yqqh"}
{"type":"log","timestamp":1708448405427,"level":"debug","message":"Page request: GET (script) https://code.jquery.com/jquery-3.6.0.min.js","meta":{"rootId":"pp9kh7lmk0eg8vl","id":"pp9kh7lmk0eg8vl"},"id":"guefg1a6k7l4u6x","previousOperationId":"11y91kplwn4yqqh"}
{"type":"log","timestamp":1708448405427,"level":"debug","message":"Page request finished: GET (document) 200 file:///tmp/jsreport/autocleanup/906d6544-b3a3-4ae4-a57f-8e20dfe06cba-chrome-pdf.html","meta":{"rootId":"pp9kh7lmk0eg8vl","id":"pp9kh7lmk0eg8vl"},"id":"kzehr53lpwcd9uc","previousOperationId":"11y91kplwn4yqqh"}
{"type":"log","timestamp":1708448405430,"level":"debug","message":"Page request finished: GET (stylesheet) 200 https://cdn.jsdelivr.net/chartist.js/latest/chartist.min.css","meta":{"rootId":"pp9kh7lmk0eg8vl","id":"pp9kh7lmk0eg8vl"},"id":"ctz6nnlr6enko2q","previousOperationId":"11y91kplwn4yqqh"}
{"type":"log","timestamp":1708448405431,"level":"debug","message":"Page request finished: GET (script) 200 https://cdn.jsdelivr.net/chartist.js/latest/chartist.min.js","meta":{"rootId":"pp9kh7lmk0eg8vl","id":"pp9kh7lmk0eg8vl"},"id":"bjlneqetryc0yzk","previousOperationId":"11y91kplwn4yqqh"}
{"type":"log","timestamp":1708448405436,"level":"debug","message":"Page request finished: GET (script) 200 https://code.jquery.com/jquery-3.6.0.min.js","meta":{"rootId":"pp9kh7lmk0eg8vl","id":"pp9kh7lmk0eg8vl"},"id":"1blv5vuug5hzk1o","previousOperationId":"11y91kplwn4yqqh"}
{"type":"log","timestamp":1708448405450,"level":"debug","message":"Page request: GET (fetch) http://localhost:4000/api/v1/lists","meta":{"rootId":"pp9kh7lmk0eg8vl","id":"pp9kh7lmk0eg8vl"},"id":"g58uvbfhfqthjh2","previousOperationId":"11y91kplwn4yqqh"}
{"type":"log","timestamp":1708448405451,"level":"debug","message":"Running chrome with params {\"printBackground\":true,\"timeout\":59970,\"margin\":{}}","meta":{"rootId":"pp9kh7lmk0eg8vl","id":"pp9kh7lmk0eg8vl"},"id":"vkgbweb7ko7yai9","previousOperationId":"11y91kplwn4yqqh"}
{"type":"operationEnd","operationId":"11y91kplwn4yqqh","timestamp":1708448405460,"id":"7bls8avdmzb3ruo","previousEventId":"34h7be7s9dkzipq","previousOperationId":"11y91kplwn4yqqh"}
{"type":"log","timestamp":1708448405460,"level":"debug","message":"Skipping storing report.","meta":{"rootId":"pp9kh7lmk0eg8vl","id":"pp9kh7lmk0eg8vl"},"id":"8f5jay7zrewq6y6","previousOperationId":"11y91kplwn4yqqh"}
{"type":"log","timestamp":1708448405460,"level":"info","message":"Rendering request 27 finished in 115 ms","meta":{"rootId":"pp9kh7lmk0eg8vl","id":"pp9kh7lmk0eg8vl"},"id":"hkbryvzs1dynxru","previousOperationId":"11y91kplwn4yqqh"}
{"type":"operationEnd","subtype":"render","operationId":"cs1rgltcswf1y41","timestamp":1708448405460,"id":"q2rwo3egvhfj1cb","previousEventId":"7bls8avdmzb3ruo","previousOperationId":"11y91kplwn4yqqh"}
{"type":"operationEnd","doDiffs":false,"previousEventId":"n3sjl6v1fcl3umt","previousOperationId":"1zhdpjl0mhrknol","operationId":"1zhdpjl0mhrknol","timestamp":1708448405466,"id":"45h4bx3rwulx3gd"}
