{"type":"operationStart","subtype":"profile","data":{"_id":"VsPKmTpSm4fJKzVw","timestamp":"2024-02-20T16:56:39.625Z","state":"queued","mode":"standard","creationDate":"2024-02-20T16:56:39.626Z","modificationDate":"2024-02-20T16:56:39.626Z","shortid":"AlqfSXm","$entitySet":"profiles"},"doDiffs":false,"timestamp":1708448199625,"id":"pxd05e6vtlb2h33","previousOperationId":null,"operationId":"kaip1f1djmgz5dq"}
{"type":"log","level":"info","message":"Render request 24 queued for execution and waiting for available worker","previousOperationId":"kaip1f1djmgz5dq","timestamp":1708448199625,"id":"0losg5ifl9vp7b8"}
{"type":"operationStart","subtype":"render","name":"InfoList","previousOperationId":"kaip1f1djmgz5dq","timestamp":1708448199629,"id":"r7d3uox5zgbk7p7","previousEventId":"pxd05e6vtlb2h33","operationId":"tschiymns3aql81"}
{"type":"log","timestamp":1708448199629,"level":"info","message":"Starting rendering request 24","meta":{"rootId":"q3kqiegm0q4qhk0","id":"q3kqiegm0q4qhk0"},"id":"pceu2yxxj0yy5z4","previousOperationId":"tschiymns3aql81"}
{"type":"log","timestamp":1708448199629,"level":"info","message":"Rendering template { name: InfoList, recipe: chrome-pdf, engine: handlebars, preview: true }","meta":{"rootId":"q3kqiegm0q4qhk0","id":"q3kqiegm0q4qhk0"},"id":"ba4kh9myax0qykp","previousOperationId":"tschiymns3aql81"}
{"type":"log","timestamp":1708448199630,"level":"debug","message":"Data item not defined for this template.","meta":{"rootId":"q3kqiegm0q4qhk0","id":"q3kqiegm0q4qhk0"},"id":"5unwh2qinhkbu6o","previousOperationId":"tschiymns3aql81"}
{"type":"log","timestamp":1708448199631,"level":"debug","message":"Base url not specified, skipping its injection.","meta":{"rootId":"q3kqiegm0q4qhk0","id":"q3kqiegm0q4qhk0"},"id":"ogxphf1z7v97sl6","previousOperationId":"tschiymns3aql81"}
{"type":"operationStart","subtype":"engine","name":"handlebars","timestamp":1708448199632,"id":"maa4jijos93efp0","previousEventId":"r7d3uox5zgbk7p7","operationId":"moeca0albwlfmvd","previousOperationId":"tschiymns3aql81"}
{"type":"log","timestamp":1708448199632,"level":"debug","message":"Rendering engine handlebars","meta":{"rootId":"q3kqiegm0q4qhk0","id":"q3kqiegm0q4qhk0"},"id":"ixbpt73u8o6a3x0","previousOperationId":"moeca0albwlfmvd"}
{"type":"operationEnd","operationId":"moeca0albwlfmvd","timestamp":1708448199645,"id":"43fec07gq3cbyb5","previousEventId":"maa4jijos93efp0","previousOperationId":"moeca0albwlfmvd"}
{"type":"operationStart","subtype":"recipe","name":"chrome-pdf","timestamp":1708448199645,"id":"qo8prm186alg2yv","previousEventId":"43fec07gq3cbyb5","operationId":"te1hlrff9pvizqi","previousOperationId":"moeca0albwlfmvd"}
{"type":"log","timestamp":1708448199645,"level":"debug","message":"Executing recipe chrome-pdf","meta":{"rootId":"q3kqiegm0q4qhk0","id":"q3kqiegm0q4qhk0"},"id":"d20na87yi97ajvw","previousOperationId":"te1hlrff9pvizqi"}
{"type":"log","timestamp":1708448199647,"level":"debug","message":"Converting with chrome HeadlessChrome/117.0.5938.149 using chrome-pool strategy","meta":{"rootId":"q3kqiegm0q4qhk0","id":"q3kqiegm0q4qhk0"},"id":"8lk7eef2q88aear","previousOperationId":"te1hlrff9pvizqi"}
{"type":"log","timestamp":1708448199680,"level":"debug","message":"Page request: GET (document) file:///tmp/jsreport/autocleanup/205c2139-1027-4ba0-b043-cce7c8eb468c-chrome-pdf.html","meta":{"rootId":"q3kqiegm0q4qhk0","id":"q3kqiegm0q4qhk0"},"id":"fgq82lqwhwt217h","previousOperationId":"te1hlrff9pvizqi"}
{"type":"log","timestamp":1708448199687,"level":"debug","message":"Page request: GET (stylesheet) https://cdn.jsdelivr.net/chartist.js/latest/chartist.min.css","meta":{"rootId":"q3kqiegm0q4qhk0","id":"q3kqiegm0q4qhk0"},"id":"0ox1ul8dz7p284s","previousOperationId":"te1hlrff9pvizqi"}
{"type":"log","timestamp":1708448199688,"level":"debug","message":"Page request: GET (script) https://cdn.jsdelivr.net/chartist.js/latest/chartist.min.js","meta":{"rootId":"q3kqiegm0q4qhk0","id":"q3kqiegm0q4qhk0"},"id":"r0kl5zuau8lazjq","previousOperationId":"te1hlrff9pvizqi"}
{"type":"log","timestamp":1708448199688,"level":"debug","message":"Page request: GET (script) https://code.jquery.com/jquery-3.6.0.min.js","meta":{"rootId":"q3kqiegm0q4qhk0","id":"q3kqiegm0q4qhk0"},"id":"hgsbqd5fymuyjz7","previousOperationId":"te1hlrff9pvizqi"}
{"type":"log","timestamp":1708448199689,"level":"debug","message":"Page request finished: GET (document) 200 file:///tmp/jsreport/autocleanup/205c2139-1027-4ba0-b043-cce7c8eb468c-chrome-pdf.html","meta":{"rootId":"q3kqiegm0q4qhk0","id":"q3kqiegm0q4qhk0"},"id":"32qqnqnkf3yj2d1","previousOperationId":"te1hlrff9pvizqi"}
{"type":"log","timestamp":1708448199691,"level":"debug","message":"Page request finished: GET (stylesheet) 200 https://cdn.jsdelivr.net/chartist.js/latest/chartist.min.css","meta":{"rootId":"q3kqiegm0q4qhk0","id":"q3kqiegm0q4qhk0"},"id":"paksacumkho940q","previousOperationId":"te1hlrff9pvizqi"}
{"type":"log","timestamp":1708448199691,"level":"debug","message":"Page request finished: GET (script) 200 https://cdn.jsdelivr.net/chartist.js/latest/chartist.min.js","meta":{"rootId":"q3kqiegm0q4qhk0","id":"q3kqiegm0q4qhk0"},"id":"iuy5i1di1y9qkbo","previousOperationId":"te1hlrff9pvizqi"}
{"type":"log","timestamp":1708448199931,"level":"debug","message":"Page request finished: GET (script) 200 https://code.jquery.com/jquery-3.6.0.min.js","meta":{"rootId":"q3kqiegm0q4qhk0","id":"q3kqiegm0q4qhk0"},"id":"m89pmbyh9zlgkh4","previousOperationId":"te1hlrff9pvizqi"}
{"type":"log","timestamp":1708448199973,"level":"debug","message":"Page request: GET (fetch) http://localhost:4000/api/v1/lists","meta":{"rootId":"q3kqiegm0q4qhk0","id":"q3kqiegm0q4qhk0"},"id":"u8yc4lae8o62uec","previousOperationId":"te1hlrff9pvizqi"}
{"type":"log","timestamp":1708448199974,"level":"debug","message":"Running chrome with params {\"printBackground\":true,\"timeout\":59979,\"margin\":{}}","meta":{"rootId":"q3kqiegm0q4qhk0","id":"q3kqiegm0q4qhk0"},"id":"rh126jeimn1heil","previousOperationId":"te1hlrff9pvizqi"}
{"type":"operationEnd","operationId":"te1hlrff9pvizqi","timestamp":1708448199983,"id":"06pey2k2v90l1cd","previousEventId":"qo8prm186alg2yv","previousOperationId":"te1hlrff9pvizqi"}
{"type":"log","timestamp":1708448199983,"level":"debug","message":"Skipping storing report.","meta":{"rootId":"q3kqiegm0q4qhk0","id":"q3kqiegm0q4qhk0"},"id":"oi4bdn4kzl7pxjl","previousOperationId":"te1hlrff9pvizqi"}
{"type":"log","timestamp":1708448199983,"level":"info","message":"Rendering request 24 finished in 358 ms","meta":{"rootId":"q3kqiegm0q4qhk0","id":"q3kqiegm0q4qhk0"},"id":"tqgb3unnd9dfy8j","previousOperationId":"te1hlrff9pvizqi"}
{"type":"operationEnd","subtype":"render","operationId":"tschiymns3aql81","timestamp":1708448199983,"id":"b794qiuca6lfevw","previousEventId":"06pey2k2v90l1cd","previousOperationId":"te1hlrff9pvizqi"}
{"type":"operationEnd","doDiffs":false,"previousEventId":"pxd05e6vtlb2h33","previousOperationId":"kaip1f1djmgz5dq","operationId":"kaip1f1djmgz5dq","timestamp":1708448199987,"id":"s1xb7fyb1v552aw"}
