{"type":"operationStart","subtype":"profile","data":{"_id":"Mq7frDAVqm4l2BRG","timestamp":"2024-02-20T16:04:44.752Z","state":"queued","mode":"standard","creationDate":"2024-02-20T16:04:44.753Z","modificationDate":"2024-02-20T16:04:44.753Z","shortid":"bTBUNFy","$entitySet":"profiles"},"doDiffs":false,"timestamp":1708445084753,"id":"7rahegpvps6gx92","previousOperationId":null,"operationId":"s4zwcpbnl3w44oa"}
{"type":"log","level":"info","message":"Render request 6 queued for execution and waiting for available worker","previousOperationId":"s4zwcpbnl3w44oa","timestamp":1708445084753,"id":"1xhcmuk8vtgl8le"}
{"type":"operationStart","subtype":"render","name":"InfoList","previousOperationId":"s4zwcpbnl3w44oa","timestamp":1708445084757,"id":"xftmjeze1zmn56v","previousEventId":"7rahegpvps6gx92","operationId":"uyrycwbhsw15rmt"}
{"type":"log","timestamp":1708445084757,"level":"info","message":"Starting rendering request 6","meta":{"rootId":"t3ht4dq0dfv73zu","id":"t3ht4dq0dfv73zu"},"id":"k2qvkh312ncuf7f","previousOperationId":"uyrycwbhsw15rmt"}
{"type":"log","timestamp":1708445084757,"level":"info","message":"Rendering template { name: InfoList, recipe: chrome-pdf, engine: handlebars, preview: false }","meta":{"rootId":"t3ht4dq0dfv73zu","id":"t3ht4dq0dfv73zu"},"id":"ag6voggju473bam","previousOperationId":"uyrycwbhsw15rmt"}
{"type":"log","timestamp":1708445084760,"level":"debug","message":"Adding sample data VxpiX4EFd","meta":{"rootId":"t3ht4dq0dfv73zu","id":"t3ht4dq0dfv73zu"},"id":"w7ej1qmwv48o5jo","previousOperationId":"uyrycwbhsw15rmt"}
{"type":"log","timestamp":1708445084763,"level":"debug","message":"Base url not specified, skipping its injection.","meta":{"rootId":"t3ht4dq0dfv73zu","id":"t3ht4dq0dfv73zu"},"id":"7njzj2zrognk7f3","previousOperationId":"uyrycwbhsw15rmt"}
{"type":"operationStart","subtype":"engine","name":"handlebars","timestamp":1708445084766,"id":"fazqq58fkdndlcl","previousEventId":"xftmjeze1zmn56v","operationId":"gyy6hgdstcrgc03","previousOperationId":"uyrycwbhsw15rmt"}
{"type":"log","timestamp":1708445084766,"level":"debug","message":"Rendering engine handlebars","meta":{"rootId":"t3ht4dq0dfv73zu","id":"t3ht4dq0dfv73zu"},"id":"yftmm5d4ffmljm2","previousOperationId":"gyy6hgdstcrgc03"}
{"type":"operationEnd","operationId":"gyy6hgdstcrgc03","timestamp":1708445085118,"id":"vtcwghkwsrj0y0e","previousEventId":"fazqq58fkdndlcl","previousOperationId":"gyy6hgdstcrgc03"}
{"type":"operationStart","subtype":"recipe","name":"chrome-pdf","timestamp":1708445085119,"id":"vqye0toujac2c75","previousEventId":"vtcwghkwsrj0y0e","operationId":"50wiuwjqn3li0bt","previousOperationId":"gyy6hgdstcrgc03"}
{"type":"log","timestamp":1708445085119,"level":"debug","message":"Executing recipe chrome-pdf","meta":{"rootId":"t3ht4dq0dfv73zu","id":"t3ht4dq0dfv73zu"},"id":"q4m98gbjmhjzko1","previousOperationId":"50wiuwjqn3li0bt"}
{"type":"log","timestamp":1708445085290,"level":"debug","message":"Converting with chrome HeadlessChrome/117.0.5938.149 using chrome-pool strategy","meta":{"rootId":"t3ht4dq0dfv73zu","id":"t3ht4dq0dfv73zu"},"id":"1sws91tiguihpdg","previousOperationId":"50wiuwjqn3li0bt"}
{"type":"log","timestamp":1708445085344,"level":"debug","message":"Page request: GET (document) file:///tmp/jsreport/autocleanup/22a6fde2-9b3c-4db6-a77d-3e97bc43e1a0-chrome-pdf.html","meta":{"rootId":"t3ht4dq0dfv73zu","id":"t3ht4dq0dfv73zu"},"id":"hiz5rn2yrhi3ohk","previousOperationId":"50wiuwjqn3li0bt"}
{"type":"log","timestamp":1708445085351,"level":"debug","message":"Page request finished: GET (document) 200 file:///tmp/jsreport/autocleanup/22a6fde2-9b3c-4db6-a77d-3e97bc43e1a0-chrome-pdf.html","meta":{"rootId":"t3ht4dq0dfv73zu","id":"t3ht4dq0dfv73zu"},"id":"mep3v9qougnna85","previousOperationId":"50wiuwjqn3li0bt"}
{"type":"log","timestamp":1708445085353,"level":"debug","message":"Running chrome with params {\"printBackground\":true,\"timeout\":59624,\"margin\":{}}","meta":{"rootId":"t3ht4dq0dfv73zu","id":"t3ht4dq0dfv73zu"},"id":"xxhl4avyzc0tu26","previousOperationId":"50wiuwjqn3li0bt"}
{"type":"operationEnd","operationId":"50wiuwjqn3li0bt","timestamp":1708445085360,"id":"s351rgpw1lt3rty","previousEventId":"vqye0toujac2c75","previousOperationId":"50wiuwjqn3li0bt"}
{"type":"log","timestamp":1708445085361,"level":"debug","message":"Skipping storing report.","meta":{"rootId":"t3ht4dq0dfv73zu","id":"t3ht4dq0dfv73zu"},"id":"t5mr2jmstekkzwx","previousOperationId":"50wiuwjqn3li0bt"}
{"type":"log","timestamp":1708445085361,"level":"info","message":"Rendering request 6 finished in 609 ms","meta":{"rootId":"t3ht4dq0dfv73zu","id":"t3ht4dq0dfv73zu"},"id":"alqq9xnxt10xld2","previousOperationId":"50wiuwjqn3li0bt"}
{"type":"operationEnd","subtype":"render","operationId":"uyrycwbhsw15rmt","timestamp":1708445085361,"id":"bh49ushocnralky","previousEventId":"s351rgpw1lt3rty","previousOperationId":"50wiuwjqn3li0bt"}
{"type":"operationEnd","doDiffs":false,"previousEventId":"7rahegpvps6gx92","previousOperationId":"s4zwcpbnl3w44oa","operationId":"s4zwcpbnl3w44oa","timestamp":1708445085363,"id":"belsesdepoe5ai4"}
