{"type":"operationStart","subtype":"profile","data":{"_id":"JAhldKTdyEB54re8","timestamp":"2024-02-20T16:52:01.054Z","state":"queued","mode":"standard","creationDate":"2024-02-20T16:52:01.055Z","modificationDate":"2024-02-20T16:52:01.055Z","shortid":"p0O0MHq","$entitySet":"profiles"},"doDiffs":false,"timestamp":1708447921055,"id":"rg2qhaaqehp2fys","previousOperationId":null,"operationId":"q4dl89bdd4ywz6p"}
{"type":"log","level":"info","message":"Render request 23 queued for execution and waiting for available worker","previousOperationId":"q4dl89bdd4ywz6p","timestamp":1708447921055,"id":"2bkhfg3y81qw57w"}
{"type":"operationStart","subtype":"render","name":"InfoList","previousOperationId":"q4dl89bdd4ywz6p","timestamp":1708447921059,"id":"z0hof5cjuplw5mj","previousEventId":"rg2qhaaqehp2fys","operationId":"g8c7nz7jmsibuos"}
{"type":"log","timestamp":1708447921060,"level":"info","message":"Starting rendering request 23","meta":{"rootId":"u825qurol7tb5zz","id":"u825qurol7tb5zz"},"id":"10203nvbel6c7gu","previousOperationId":"g8c7nz7jmsibuos"}
{"type":"log","timestamp":1708447921060,"level":"info","message":"Rendering template { name: InfoList, recipe: chrome-pdf, engine: handlebars, preview: true }","meta":{"rootId":"u825qurol7tb5zz","id":"u825qurol7tb5zz"},"id":"027z80m7n57u6oc","previousOperationId":"g8c7nz7jmsibuos"}
{"type":"log","timestamp":1708447921060,"level":"debug","message":"Data item not defined for this template.","meta":{"rootId":"u825qurol7tb5zz","id":"u825qurol7tb5zz"},"id":"s10a196gbujqs0i","previousOperationId":"g8c7nz7jmsibuos"}
{"type":"log","timestamp":1708447921062,"level":"debug","message":"Base url not specified, skipping its injection.","meta":{"rootId":"u825qurol7tb5zz","id":"u825qurol7tb5zz"},"id":"tkdtza7yr8vqzgc","previousOperationId":"g8c7nz7jmsibuos"}
{"type":"operationStart","subtype":"engine","name":"handlebars","timestamp":1708447921062,"id":"srzxaco2ed0e6c8","previousEventId":"z0hof5cjuplw5mj","operationId":"3tsm6xdeom2047h","previousOperationId":"g8c7nz7jmsibuos"}
{"type":"log","timestamp":1708447921062,"level":"debug","message":"Rendering engine handlebars","meta":{"rootId":"u825qurol7tb5zz","id":"u825qurol7tb5zz"},"id":"1bp2l6wvf21ev4w","previousOperationId":"3tsm6xdeom2047h"}
{"type":"operationEnd","operationId":"3tsm6xdeom2047h","timestamp":1708447921078,"id":"jbeiigsqtdn4yyc","previousEventId":"srzxaco2ed0e6c8","previousOperationId":"3tsm6xdeom2047h"}
{"type":"operationStart","subtype":"recipe","name":"chrome-pdf","timestamp":1708447921078,"id":"tbn1ffqfpbfohcj","previousEventId":"jbeiigsqtdn4yyc","operationId":"sn3jjwqb9bteo68","previousOperationId":"3tsm6xdeom2047h"}
{"type":"log","timestamp":1708447921078,"level":"debug","message":"Executing recipe chrome-pdf","meta":{"rootId":"u825qurol7tb5zz","id":"u825qurol7tb5zz"},"id":"ozumhytj9frcn1s","previousOperationId":"sn3jjwqb9bteo68"}
{"type":"log","timestamp":1708447921080,"level":"debug","message":"Converting with chrome HeadlessChrome/117.0.5938.149 using chrome-pool strategy","meta":{"rootId":"u825qurol7tb5zz","id":"u825qurol7tb5zz"},"id":"fs9isx0vbj9uvw6","previousOperationId":"sn3jjwqb9bteo68"}
{"type":"log","timestamp":1708447921131,"level":"debug","message":"Page request: GET (document) file:///tmp/jsreport/autocleanup/557635da-0bca-4850-beb2-6c1529e49d1f-chrome-pdf.html","meta":{"rootId":"u825qurol7tb5zz","id":"u825qurol7tb5zz"},"id":"esexlt7puxtqib8","previousOperationId":"sn3jjwqb9bteo68"}
{"type":"log","timestamp":1708447921138,"level":"debug","message":"Page request: GET (stylesheet) https://cdn.jsdelivr.net/chartist.js/latest/chartist.min.css","meta":{"rootId":"u825qurol7tb5zz","id":"u825qurol7tb5zz"},"id":"8qu5akn9owq0d7g","previousOperationId":"sn3jjwqb9bteo68"}
{"type":"log","timestamp":1708447921139,"level":"debug","message":"Page request: GET (script) https://cdn.jsdelivr.net/chartist.js/latest/chartist.min.js","meta":{"rootId":"u825qurol7tb5zz","id":"u825qurol7tb5zz"},"id":"a87zgvmypo17k8v","previousOperationId":"sn3jjwqb9bteo68"}
{"type":"log","timestamp":1708447921139,"level":"debug","message":"Page request finished: GET (document) 200 file:///tmp/jsreport/autocleanup/557635da-0bca-4850-beb2-6c1529e49d1f-chrome-pdf.html","meta":{"rootId":"u825qurol7tb5zz","id":"u825qurol7tb5zz"},"id":"uw9t5bviefxv715","previousOperationId":"sn3jjwqb9bteo68"}
{"type":"log","timestamp":1708447921140,"level":"debug","message":"Page request finished: GET (stylesheet) 200 https://cdn.jsdelivr.net/chartist.js/latest/chartist.min.css","meta":{"rootId":"u825qurol7tb5zz","id":"u825qurol7tb5zz"},"id":"453aeiia4qnzm09","previousOperationId":"sn3jjwqb9bteo68"}
{"type":"log","timestamp":1708447921141,"level":"debug","message":"Page request finished: GET (script) 200 https://cdn.jsdelivr.net/chartist.js/latest/chartist.min.js","meta":{"rootId":"u825qurol7tb5zz","id":"u825qurol7tb5zz"},"id":"g5po9e3eau3uxf6","previousOperationId":"sn3jjwqb9bteo68"}
{"type":"log","timestamp":1708447921144,"level":"debug","message":"Page request: GET (fetch) http://localhost:4000/api/v1/lists","meta":{"rootId":"u825qurol7tb5zz","id":"u825qurol7tb5zz"},"id":"lxx0h1pb9d117ng","previousOperationId":"sn3jjwqb9bteo68"}
{"type":"log","timestamp":1708447921146,"level":"debug","message":"Running chrome with params {\"printBackground\":true,\"timeout\":59975,\"margin\":{}}","meta":{"rootId":"u825qurol7tb5zz","id":"u825qurol7tb5zz"},"id":"j1q35lkvelsautc","previousOperationId":"sn3jjwqb9bteo68"}
{"type":"operationEnd","operationId":"sn3jjwqb9bteo68","timestamp":1708447921156,"id":"4p43unrkpstykoy","previousEventId":"tbn1ffqfpbfohcj","previousOperationId":"sn3jjwqb9bteo68"}
{"type":"log","timestamp":1708447921156,"level":"debug","message":"Skipping storing report.","meta":{"rootId":"u825qurol7tb5zz","id":"u825qurol7tb5zz"},"id":"197qpydrzvq0ud5","previousOperationId":"sn3jjwqb9bteo68"}
{"type":"log","timestamp":1708447921156,"level":"info","message":"Rendering request 23 finished in 102 ms","meta":{"rootId":"u825qurol7tb5zz","id":"u825qurol7tb5zz"},"id":"kuu0grcv89tgmvb","previousOperationId":"sn3jjwqb9bteo68"}
{"type":"operationEnd","subtype":"render","operationId":"g8c7nz7jmsibuos","timestamp":1708447921156,"id":"bvw3tgc2hb7es3j","previousEventId":"4p43unrkpstykoy","previousOperationId":"sn3jjwqb9bteo68"}
{"type":"operationEnd","doDiffs":false,"previousEventId":"rg2qhaaqehp2fys","previousOperationId":"q4dl89bdd4ywz6p","operationId":"q4dl89bdd4ywz6p","timestamp":1708447921162,"id":"390ox3auogp1src"}
