{"type":"operationStart","subtype":"profile","data":{"_id":"vRq0CaNJAEoTXOho","timestamp":"2024-02-20T16:50:16.043Z","state":"queued","mode":"standard","creationDate":"2024-02-20T16:50:16.044Z","modificationDate":"2024-02-20T16:50:16.044Z","shortid":"2u_E1tT","$entitySet":"profiles"},"doDiffs":false,"timestamp":1708447816043,"id":"49h7s8jrnaz7iaf","previousOperationId":null,"operationId":"h3ji7lynoewcs6n"}
{"type":"log","level":"info","message":"Render request 22 queued for execution and waiting for available worker","previousOperationId":"h3ji7lynoewcs6n","timestamp":1708447816043,"id":"fwvjazjsrhj7czc"}
{"type":"operationStart","subtype":"render","name":"InfoList","previousOperationId":"h3ji7lynoewcs6n","timestamp":1708447816050,"id":"vw5z49m8lgfa9od","previousEventId":"49h7s8jrnaz7iaf","operationId":"34307b9ji8z61ht"}
{"type":"log","timestamp":1708447816050,"level":"info","message":"Starting rendering request 22","meta":{"rootId":"wu1mo7n3ofez7oj","id":"wu1mo7n3ofez7oj"},"id":"9p32ic1kebqfip8","previousOperationId":"34307b9ji8z61ht"}
{"type":"log","timestamp":1708447816050,"level":"info","message":"Rendering template { name: InfoList, recipe: chrome-pdf, engine: handlebars, preview: true }","meta":{"rootId":"wu1mo7n3ofez7oj","id":"wu1mo7n3ofez7oj"},"id":"p0y6kw3uwrijawd","previousOperationId":"34307b9ji8z61ht"}
{"type":"log","timestamp":1708447816051,"level":"debug","message":"Data item not defined for this template.","meta":{"rootId":"wu1mo7n3ofez7oj","id":"wu1mo7n3ofez7oj"},"id":"osj3wm6z7akvbpw","previousOperationId":"34307b9ji8z61ht"}
{"type":"log","timestamp":1708447816053,"level":"debug","message":"Base url not specified, skipping its injection.","meta":{"rootId":"wu1mo7n3ofez7oj","id":"wu1mo7n3ofez7oj"},"id":"2chth8tm2gbm3yu","previousOperationId":"34307b9ji8z61ht"}
{"type":"operationStart","subtype":"engine","name":"handlebars","timestamp":1708447816053,"id":"di9xs0pxgu01xvi","previousEventId":"vw5z49m8lgfa9od","operationId":"rbssx2d9s0hzfvb","previousOperationId":"34307b9ji8z61ht"}
{"type":"log","timestamp":1708447816053,"level":"debug","message":"Rendering engine handlebars","meta":{"rootId":"wu1mo7n3ofez7oj","id":"wu1mo7n3ofez7oj"},"id":"i07vg6q0q323yfe","previousOperationId":"rbssx2d9s0hzfvb"}
{"type":"operationEnd","operationId":"rbssx2d9s0hzfvb","timestamp":1708447816066,"id":"x4378lxkl16e0kv","previousEventId":"di9xs0pxgu01xvi","previousOperationId":"rbssx2d9s0hzfvb"}
{"type":"operationStart","subtype":"recipe","name":"chrome-pdf","timestamp":1708447816066,"id":"4giqmc4xzoh5n5p","previousEventId":"x4378lxkl16e0kv","operationId":"wn9f5ffrdnm9lmw","previousOperationId":"rbssx2d9s0hzfvb"}
{"type":"log","timestamp":1708447816066,"level":"debug","message":"Executing recipe chrome-pdf","meta":{"rootId":"wu1mo7n3ofez7oj","id":"wu1mo7n3ofez7oj"},"id":"z528xwrltr6dufd","previousOperationId":"wn9f5ffrdnm9lmw"}
{"type":"log","timestamp":1708447816068,"level":"debug","message":"Converting with chrome HeadlessChrome/117.0.5938.149 using chrome-pool strategy","meta":{"rootId":"wu1mo7n3ofez7oj","id":"wu1mo7n3ofez7oj"},"id":"m4yyhgy9pimt7vb","previousOperationId":"wn9f5ffrdnm9lmw"}
{"type":"log","timestamp":1708447816099,"level":"debug","message":"Page request: GET (document) file:///tmp/jsreport/autocleanup/43ecead8-f7f7-481b-a87b-4128973b4a8d-chrome-pdf.html","meta":{"rootId":"wu1mo7n3ofez7oj","id":"wu1mo7n3ofez7oj"},"id":"maaxff32mhq8fd4","previousOperationId":"wn9f5ffrdnm9lmw"}
{"type":"log","timestamp":1708447816106,"level":"debug","message":"Page request: GET (stylesheet) https://cdn.jsdelivr.net/chartist.js/latest/chartist.min.css","meta":{"rootId":"wu1mo7n3ofez7oj","id":"wu1mo7n3ofez7oj"},"id":"ku0530n5b8pzo6w","previousOperationId":"wn9f5ffrdnm9lmw"}
{"type":"log","timestamp":1708447816106,"level":"debug","message":"Page request: GET (script) https://cdn.jsdelivr.net/chartist.js/latest/chartist.min.js","meta":{"rootId":"wu1mo7n3ofez7oj","id":"wu1mo7n3ofez7oj"},"id":"kefqxxf8j1mioa8","previousOperationId":"wn9f5ffrdnm9lmw"}
{"type":"log","timestamp":1708447816106,"level":"debug","message":"Page request finished: GET (document) 200 file:///tmp/jsreport/autocleanup/43ecead8-f7f7-481b-a87b-4128973b4a8d-chrome-pdf.html","meta":{"rootId":"wu1mo7n3ofez7oj","id":"wu1mo7n3ofez7oj"},"id":"ic1kw9880t295b6","previousOperationId":"wn9f5ffrdnm9lmw"}
{"type":"log","timestamp":1708447816108,"level":"debug","message":"Page request finished: GET (stylesheet) 200 https://cdn.jsdelivr.net/chartist.js/latest/chartist.min.css","meta":{"rootId":"wu1mo7n3ofez7oj","id":"wu1mo7n3ofez7oj"},"id":"br253awuli107i9","previousOperationId":"wn9f5ffrdnm9lmw"}
{"type":"log","timestamp":1708447816109,"level":"debug","message":"Page request finished: GET (script) 200 https://cdn.jsdelivr.net/chartist.js/latest/chartist.min.js","meta":{"rootId":"wu1mo7n3ofez7oj","id":"wu1mo7n3ofez7oj"},"id":"iepc0w1vfcwhxex","previousOperationId":"wn9f5ffrdnm9lmw"}
{"type":"log","timestamp":1708447816114,"level":"debug","message":"Page request: GET (fetch) http://localhost:4000/api/v1/lists","meta":{"rootId":"wu1mo7n3ofez7oj","id":"wu1mo7n3ofez7oj"},"id":"fs306kce68vr1vx","previousOperationId":"wn9f5ffrdnm9lmw"}
{"type":"log","timestamp":1708447816116,"level":"debug","message":"Running chrome with params {\"printBackground\":true,\"timeout\":59976,\"margin\":{}}","meta":{"rootId":"wu1mo7n3ofez7oj","id":"wu1mo7n3ofez7oj"},"id":"p5e5emkohlmd69y","previousOperationId":"wn9f5ffrdnm9lmw"}
{"type":"operationEnd","operationId":"wn9f5ffrdnm9lmw","timestamp":1708447816127,"id":"tsqt6kbu665agwy","previousEventId":"4giqmc4xzoh5n5p","previousOperationId":"wn9f5ffrdnm9lmw"}
{"type":"log","timestamp":1708447816127,"level":"debug","message":"Skipping storing report.","meta":{"rootId":"wu1mo7n3ofez7oj","id":"wu1mo7n3ofez7oj"},"id":"4fot3h3sdrvf18n","previousOperationId":"wn9f5ffrdnm9lmw"}
{"type":"log","timestamp":1708447816127,"level":"info","message":"Rendering request 22 finished in 84 ms","meta":{"rootId":"wu1mo7n3ofez7oj","id":"wu1mo7n3ofez7oj"},"id":"jwro2oltgdl3zlb","previousOperationId":"wn9f5ffrdnm9lmw"}
{"type":"operationEnd","subtype":"render","operationId":"34307b9ji8z61ht","timestamp":1708447816127,"id":"w7xvj7ru061sgb9","previousEventId":"tsqt6kbu665agwy","previousOperationId":"wn9f5ffrdnm9lmw"}
{"type":"operationEnd","doDiffs":false,"previousEventId":"49h7s8jrnaz7iaf","previousOperationId":"h3ji7lynoewcs6n","operationId":"h3ji7lynoewcs6n","timestamp":1708447816131,"id":"qn23qekifejk0tq"}
