{"type":"operationStart","subtype":"profile","data":{"_id":"GveeLGCvPsplafXq","timestamp":"2024-02-20T16:39:35.615Z","state":"queued","mode":"standard","creationDate":"2024-02-20T16:39:35.616Z","modificationDate":"2024-02-20T16:39:35.616Z","shortid":"VnuyAUk","$entitySet":"profiles"},"doDiffs":false,"timestamp":1708447175615,"id":"et1cl1r3kpjcegu","previousOperationId":null,"operationId":"8q4jzcbvrzrzfj2"}
{"type":"log","level":"info","message":"Render request 14 queued for execution and waiting for available worker","previousOperationId":"8q4jzcbvrzrzfj2","timestamp":1708447175615,"id":"8xyy3yzupzxke3m"}
{"type":"operationStart","subtype":"render","name":"InfoList","previousOperationId":"8q4jzcbvrzrzfj2","timestamp":1708447175621,"id":"zkuoj2bneujorbl","previousEventId":"et1cl1r3kpjcegu","operationId":"7zezo8ulpq0l940"}
{"type":"log","timestamp":1708447175621,"level":"info","message":"Starting rendering request 14","meta":{"rootId":"x7mkehfevnsbepj","id":"x7mkehfevnsbepj"},"id":"033ndh91l2qulin","previousOperationId":"7zezo8ulpq0l940"}
{"type":"log","timestamp":1708447175622,"level":"info","message":"Rendering template { name: InfoList, recipe: chrome-pdf, engine: handlebars, preview: true }","meta":{"rootId":"x7mkehfevnsbepj","id":"x7mkehfevnsbepj"},"id":"s4vh9bn9k5w5xp5","previousOperationId":"7zezo8ulpq0l940"}
{"type":"log","timestamp":1708447175622,"level":"debug","message":"Data item not defined for this template.","meta":{"rootId":"x7mkehfevnsbepj","id":"x7mkehfevnsbepj"},"id":"7mvwue60puid9ku","previousOperationId":"7zezo8ulpq0l940"}
{"type":"log","timestamp":1708447175624,"level":"debug","message":"Base url not specified, skipping its injection.","meta":{"rootId":"x7mkehfevnsbepj","id":"x7mkehfevnsbepj"},"id":"hkok4fnytfp2rsu","previousOperationId":"7zezo8ulpq0l940"}
{"type":"operationStart","subtype":"engine","name":"handlebars","timestamp":1708447175624,"id":"357agellurc53qm","previousEventId":"zkuoj2bneujorbl","operationId":"e7zuopb8fn19avs","previousOperationId":"7zezo8ulpq0l940"}
{"type":"log","timestamp":1708447175624,"level":"debug","message":"Rendering engine handlebars","meta":{"rootId":"x7mkehfevnsbepj","id":"x7mkehfevnsbepj"},"id":"hp52kgj2j579y2u","previousOperationId":"e7zuopb8fn19avs"}
{"type":"operationEnd","operationId":"e7zuopb8fn19avs","timestamp":1708447175639,"id":"nk2nzd09iowpy0j","previousEventId":"357agellurc53qm","previousOperationId":"e7zuopb8fn19avs"}
{"type":"operationStart","subtype":"recipe","name":"chrome-pdf","timestamp":1708447175639,"id":"6iehqdssfnrq676","previousEventId":"nk2nzd09iowpy0j","operationId":"t3jwvveoty2wwcj","previousOperationId":"e7zuopb8fn19avs"}
{"type":"log","timestamp":1708447175639,"level":"debug","message":"Executing recipe chrome-pdf","meta":{"rootId":"x7mkehfevnsbepj","id":"x7mkehfevnsbepj"},"id":"tp5smxa13dtitys","previousOperationId":"t3jwvveoty2wwcj"}
{"type":"log","timestamp":1708447175643,"level":"debug","message":"Converting with chrome HeadlessChrome/117.0.5938.149 using chrome-pool strategy","meta":{"rootId":"x7mkehfevnsbepj","id":"x7mkehfevnsbepj"},"id":"k6ap4jrst4f44nh","previousOperationId":"t3jwvveoty2wwcj"}
{"type":"log","timestamp":1708447175699,"level":"debug","message":"Page request: GET (document) file:///tmp/jsreport/autocleanup/8103484a-342a-4789-a9d8-ff9365b6debb-chrome-pdf.html","meta":{"rootId":"x7mkehfevnsbepj","id":"x7mkehfevnsbepj"},"id":"au0jn2vzfq0rxkj","previousOperationId":"t3jwvveoty2wwcj"}
{"type":"log","timestamp":1708447175708,"level":"debug","message":"Page request: GET (stylesheet) https://cdn.jsdelivr.net/chartist.js/latest/chartist.min.css","meta":{"rootId":"x7mkehfevnsbepj","id":"x7mkehfevnsbepj"},"id":"k9q505kglzqet7r","previousOperationId":"t3jwvveoty2wwcj"}
{"type":"log","timestamp":1708447175708,"level":"debug","message":"Page request: GET (script) https://cdn.jsdelivr.net/chartist.js/latest/chartist.min.js","meta":{"rootId":"x7mkehfevnsbepj","id":"x7mkehfevnsbepj"},"id":"zlt9eo8ztr1tjvh","previousOperationId":"t3jwvveoty2wwcj"}
{"type":"log","timestamp":1708447175709,"level":"debug","message":"Page request finished: GET (document) 200 file:///tmp/jsreport/autocleanup/8103484a-342a-4789-a9d8-ff9365b6debb-chrome-pdf.html","meta":{"rootId":"x7mkehfevnsbepj","id":"x7mkehfevnsbepj"},"id":"rggczbvo6gsg0fh","previousOperationId":"t3jwvveoty2wwcj"}
{"type":"log","timestamp":1708447175711,"level":"debug","message":"Page request finished: GET (stylesheet) 200 https://cdn.jsdelivr.net/chartist.js/latest/chartist.min.css","meta":{"rootId":"x7mkehfevnsbepj","id":"x7mkehfevnsbepj"},"id":"dz83tabgg0d3tzq","previousOperationId":"t3jwvveoty2wwcj"}
{"type":"log","timestamp":1708447175712,"level":"debug","message":"Page request finished: GET (script) 200 https://cdn.jsdelivr.net/chartist.js/latest/chartist.min.js","meta":{"rootId":"x7mkehfevnsbepj","id":"x7mkehfevnsbepj"},"id":"ih99caue1k14j1z","previousOperationId":"t3jwvveoty2wwcj"}
{"type":"log","timestamp":1708447175714,"level":"debug","message":"Page request: GET (fetch) http://localhost:4000/api/v1/lists","meta":{"rootId":"x7mkehfevnsbepj","id":"x7mkehfevnsbepj"},"id":"cri763mavn0h8vb","previousOperationId":"t3jwvveoty2wwcj"}
{"type":"log","timestamp":1708447175717,"level":"debug","message":"Running chrome with params {\"printBackground\":true,\"timeout\":59974,\"margin\":{}}","meta":{"rootId":"x7mkehfevnsbepj","id":"x7mkehfevnsbepj"},"id":"oupp6jgl1o9krhp","previousOperationId":"t3jwvveoty2wwcj"}
{"type":"operationEnd","operationId":"t3jwvveoty2wwcj","timestamp":1708447175726,"id":"73rs1gqo7e6xpp5","previousEventId":"6iehqdssfnrq676","previousOperationId":"t3jwvveoty2wwcj"}
{"type":"log","timestamp":1708447175726,"level":"debug","message":"Skipping storing report.","meta":{"rootId":"x7mkehfevnsbepj","id":"x7mkehfevnsbepj"},"id":"qaveuoca8gop889","previousOperationId":"t3jwvveoty2wwcj"}
{"type":"log","timestamp":1708447175726,"level":"info","message":"Rendering request 14 finished in 111 ms","meta":{"rootId":"x7mkehfevnsbepj","id":"x7mkehfevnsbepj"},"id":"q0pl0idwopdahtp","previousOperationId":"t3jwvveoty2wwcj"}
{"type":"operationEnd","subtype":"render","operationId":"7zezo8ulpq0l940","timestamp":1708447175726,"id":"5dovphdsiwiwprt","previousEventId":"73rs1gqo7e6xpp5","previousOperationId":"t3jwvveoty2wwcj"}
{"type":"operationEnd","doDiffs":false,"previousEventId":"et1cl1r3kpjcegu","previousOperationId":"8q4jzcbvrzrzfj2","operationId":"8q4jzcbvrzrzfj2","timestamp":1708447175743,"id":"8i98lfm53onvfwt"}
