{"type":"operationStart","subtype":"profile","data":{"_id":"Y7uJCsZtBPcxHweD","timestamp":"2024-02-20T16:42:19.326Z","state":"queued","mode":"standard","creationDate":"2024-02-20T16:42:19.328Z","modificationDate":"2024-02-20T16:42:19.328Z","shortid":"ttL9yKU","$entitySet":"profiles"},"doDiffs":false,"timestamp":1708447339327,"id":"cowhv6dh3k6jw7a","previousOperationId":null,"operationId":"rvldjnpu0zgh0rx"}
{"type":"log","level":"info","message":"Render request 16 queued for execution and waiting for available worker","previousOperationId":"rvldjnpu0zgh0rx","timestamp":1708447339327,"id":"ess5ju3t05p7gw5"}
{"type":"operationStart","subtype":"render","name":"InfoList","previousOperationId":"rvldjnpu0zgh0rx","timestamp":1708447339337,"id":"cbc2f6k9frxoexc","previousEventId":"cowhv6dh3k6jw7a","operationId":"o4hto3laj4uj2pg"}
{"type":"log","timestamp":1708447339337,"level":"info","message":"Starting rendering request 16","meta":{"rootId":"xnz67ncz2mw17kr","id":"xnz67ncz2mw17kr"},"id":"l54yrgbnqrmuooh","previousOperationId":"o4hto3laj4uj2pg"}
{"type":"log","timestamp":1708447339337,"level":"info","message":"Rendering template { name: InfoList, recipe: chrome-pdf, engine: handlebars, preview: true }","meta":{"rootId":"xnz67ncz2mw17kr","id":"xnz67ncz2mw17kr"},"id":"e12t54n07sccmij","previousOperationId":"o4hto3laj4uj2pg"}
{"type":"log","timestamp":1708447339338,"level":"debug","message":"Data item not defined for this template.","meta":{"rootId":"xnz67ncz2mw17kr","id":"xnz67ncz2mw17kr"},"id":"i8ykswa9bedr44g","previousOperationId":"o4hto3laj4uj2pg"}
{"type":"log","timestamp":1708447339340,"level":"debug","message":"Base url not specified, skipping its injection.","meta":{"rootId":"xnz67ncz2mw17kr","id":"xnz67ncz2mw17kr"},"id":"aw6f142j1c4jau3","previousOperationId":"o4hto3laj4uj2pg"}
{"type":"operationStart","subtype":"engine","name":"handlebars","timestamp":1708447339340,"id":"stj460na78a3xrr","previousEventId":"cbc2f6k9frxoexc","operationId":"kyowb9msyzowzia","previousOperationId":"o4hto3laj4uj2pg"}
{"type":"log","timestamp":1708447339340,"level":"debug","message":"Rendering engine handlebars","meta":{"rootId":"xnz67ncz2mw17kr","id":"xnz67ncz2mw17kr"},"id":"3zvcj00y604koyr","previousOperationId":"kyowb9msyzowzia"}
{"type":"operationEnd","operationId":"kyowb9msyzowzia","timestamp":1708447339348,"id":"ua742vlol4pnsiy","previousEventId":"stj460na78a3xrr","previousOperationId":"kyowb9msyzowzia"}
{"type":"operationStart","subtype":"recipe","name":"chrome-pdf","timestamp":1708447339348,"id":"fp1gpc9nypt51f1","previousEventId":"ua742vlol4pnsiy","operationId":"36gqwae26goxbxd","previousOperationId":"kyowb9msyzowzia"}
{"type":"log","timestamp":1708447339349,"level":"debug","message":"Executing recipe chrome-pdf","meta":{"rootId":"xnz67ncz2mw17kr","id":"xnz67ncz2mw17kr"},"id":"v4eyguv040oiu1r","previousOperationId":"36gqwae26goxbxd"}
{"type":"log","timestamp":1708447339350,"level":"debug","message":"Converting with chrome HeadlessChrome/117.0.5938.149 using chrome-pool strategy","meta":{"rootId":"xnz67ncz2mw17kr","id":"xnz67ncz2mw17kr"},"id":"t6u1nmvqzb5m2s9","previousOperationId":"36gqwae26goxbxd"}
{"type":"log","timestamp":1708447339380,"level":"debug","message":"Page request: GET (document) file:///tmp/jsreport/autocleanup/5494ee9a-d760-40a3-ae3d-58e48687d8b1-chrome-pdf.html","meta":{"rootId":"xnz67ncz2mw17kr","id":"xnz67ncz2mw17kr"},"id":"btq7cllb9qlkeyt","previousOperationId":"36gqwae26goxbxd"}
{"type":"log","timestamp":1708447339386,"level":"debug","message":"Page request: GET (stylesheet) https://cdn.jsdelivr.net/chartist.js/latest/chartist.min.css","meta":{"rootId":"xnz67ncz2mw17kr","id":"xnz67ncz2mw17kr"},"id":"mpjp3xaylp26jgk","previousOperationId":"36gqwae26goxbxd"}
{"type":"log","timestamp":1708447339387,"level":"debug","message":"Page request: GET (script) https://cdn.jsdelivr.net/chartist.js/latest/chartist.min.js","meta":{"rootId":"xnz67ncz2mw17kr","id":"xnz67ncz2mw17kr"},"id":"kkdmmwgf38n816z","previousOperationId":"36gqwae26goxbxd"}
{"type":"log","timestamp":1708447339387,"level":"debug","message":"Page request finished: GET (document) 200 file:///tmp/jsreport/autocleanup/5494ee9a-d760-40a3-ae3d-58e48687d8b1-chrome-pdf.html","meta":{"rootId":"xnz67ncz2mw17kr","id":"xnz67ncz2mw17kr"},"id":"fzwx2h5xetu55ie","previousOperationId":"36gqwae26goxbxd"}
{"type":"log","timestamp":1708447339390,"level":"debug","message":"Page request finished: GET (stylesheet) 200 https://cdn.jsdelivr.net/chartist.js/latest/chartist.min.css","meta":{"rootId":"xnz67ncz2mw17kr","id":"xnz67ncz2mw17kr"},"id":"dclzcadp134hx29","previousOperationId":"36gqwae26goxbxd"}
{"type":"log","timestamp":1708447339390,"level":"debug","message":"Page request finished: GET (script) 200 https://cdn.jsdelivr.net/chartist.js/latest/chartist.min.js","meta":{"rootId":"xnz67ncz2mw17kr","id":"xnz67ncz2mw17kr"},"id":"7gcuyzjt35skama","previousOperationId":"36gqwae26goxbxd"}
{"type":"log","timestamp":1708447339391,"level":"debug","message":"Page request: GET (fetch) http://localhost:4000/api/v1/lists","meta":{"rootId":"xnz67ncz2mw17kr","id":"xnz67ncz2mw17kr"},"id":"uml7mt27ymjcff0","previousOperationId":"36gqwae26goxbxd"}
{"type":"log","timestamp":1708447339394,"level":"debug","message":"Running chrome with params {\"printBackground\":true,\"timeout\":59977,\"margin\":{}}","meta":{"rootId":"xnz67ncz2mw17kr","id":"xnz67ncz2mw17kr"},"id":"8b1pevaowjpg0kt","previousOperationId":"36gqwae26goxbxd"}
{"type":"operationEnd","operationId":"36gqwae26goxbxd","timestamp":1708447339401,"id":"9900vf6rruc60z3","previousEventId":"fp1gpc9nypt51f1","previousOperationId":"36gqwae26goxbxd"}
{"type":"log","timestamp":1708447339401,"level":"debug","message":"Skipping storing report.","meta":{"rootId":"xnz67ncz2mw17kr","id":"xnz67ncz2mw17kr"},"id":"ysy7fyf52q81e9v","previousOperationId":"36gqwae26goxbxd"}
{"type":"log","timestamp":1708447339401,"level":"info","message":"Rendering request 16 finished in 75 ms","meta":{"rootId":"xnz67ncz2mw17kr","id":"xnz67ncz2mw17kr"},"id":"a81fcp4h55irez7","previousOperationId":"36gqwae26goxbxd"}
{"type":"operationEnd","subtype":"render","operationId":"o4hto3laj4uj2pg","timestamp":1708447339401,"id":"ntnx79d6wrwi9ph","previousEventId":"9900vf6rruc60z3","previousOperationId":"36gqwae26goxbxd"}
{"type":"operationEnd","doDiffs":false,"previousEventId":"cowhv6dh3k6jw7a","previousOperationId":"rvldjnpu0zgh0rx","operationId":"rvldjnpu0zgh0rx","timestamp":1708447339410,"id":"nyg1cays1oftqb2"}
