{"type":"operationStart","subtype":"profile","data":{"_id":"rQmPUcaWgCTgrqKz","timestamp":"2024-02-20T17:07:06.755Z","state":"queued","mode":"standard","creationDate":"2024-02-20T17:07:06.756Z","modificationDate":"2024-02-20T17:07:06.756Z","shortid":"8UpgCG7","$entitySet":"profiles"},"doDiffs":false,"timestamp":1708448826756,"id":"j55p3pzaudcpy5p","previousOperationId":null,"operationId":"r2g65ih2w32fvm4"}
{"type":"log","level":"info","message":"Render request 34 queued for execution and waiting for available worker","previousOperationId":"r2g65ih2w32fvm4","timestamp":1708448826756,"id":"3bu7dezy3u4eh0y"}
{"type":"operationStart","subtype":"render","name":"InfoList","previousOperationId":"r2g65ih2w32fvm4","timestamp":1708448826764,"id":"gkx5ppgzgv0k4if","previousEventId":"j55p3pzaudcpy5p","operationId":"r8blpxoe119r2jc"}
{"type":"log","timestamp":1708448826764,"level":"info","message":"Starting rendering request 34","meta":{"rootId":"ym1slywm8za9tbb","id":"ym1slywm8za9tbb"},"id":"pkj3dk4svji02lb","previousOperationId":"r8blpxoe119r2jc"}
{"type":"log","timestamp":1708448826764,"level":"info","message":"Rendering template { name: InfoList, recipe: chrome-pdf, engine: handlebars, preview: true }","meta":{"rootId":"ym1slywm8za9tbb","id":"ym1slywm8za9tbb"},"id":"40pto0cekdilmw6","previousOperationId":"r8blpxoe119r2jc"}
{"type":"log","timestamp":1708448826765,"level":"debug","message":"Data item not defined for this template.","meta":{"rootId":"ym1slywm8za9tbb","id":"ym1slywm8za9tbb"},"id":"yx6p48u9a9yw47i","previousOperationId":"r8blpxoe119r2jc"}
{"type":"log","timestamp":1708448826767,"level":"debug","message":"Base url not specified, skipping its injection.","meta":{"rootId":"ym1slywm8za9tbb","id":"ym1slywm8za9tbb"},"id":"wfe6ae5mgx49541","previousOperationId":"r8blpxoe119r2jc"}
{"type":"operationStart","subtype":"engine","name":"handlebars","timestamp":1708448826767,"id":"xqz5hbilwwjgivv","previousEventId":"gkx5ppgzgv0k4if","operationId":"ckeyfppc9c3xnc3","previousOperationId":"r8blpxoe119r2jc"}
{"type":"log","timestamp":1708448826767,"level":"debug","message":"Rendering engine handlebars","meta":{"rootId":"ym1slywm8za9tbb","id":"ym1slywm8za9tbb"},"id":"uut1zzkdm7bdltr","previousOperationId":"ckeyfppc9c3xnc3"}
{"type":"operationEnd","operationId":"ckeyfppc9c3xnc3","timestamp":1708448826780,"id":"ab1hbpcwcpdhgiq","previousEventId":"xqz5hbilwwjgivv","previousOperationId":"ckeyfppc9c3xnc3"}
{"type":"operationStart","subtype":"recipe","name":"chrome-pdf","timestamp":1708448826780,"id":"nllociv8x874610","previousEventId":"ab1hbpcwcpdhgiq","operationId":"o9zqt7ho8mvhmy4","previousOperationId":"ckeyfppc9c3xnc3"}
{"type":"log","timestamp":1708448826780,"level":"debug","message":"Executing recipe chrome-pdf","meta":{"rootId":"ym1slywm8za9tbb","id":"ym1slywm8za9tbb"},"id":"eunj6b6teqlpfgz","previousOperationId":"o9zqt7ho8mvhmy4"}
{"type":"log","timestamp":1708448826782,"level":"debug","message":"Converting with chrome HeadlessChrome/117.0.5938.149 using chrome-pool strategy","meta":{"rootId":"ym1slywm8za9tbb","id":"ym1slywm8za9tbb"},"id":"yt14o64oy2067wy","previousOperationId":"o9zqt7ho8mvhmy4"}
{"type":"log","timestamp":1708448826813,"level":"debug","message":"Page request: GET (document) file:///tmp/jsreport/autocleanup/1b4bb481-1b5c-4c93-bbbb-4092f139aa0b-chrome-pdf.html","meta":{"rootId":"ym1slywm8za9tbb","id":"ym1slywm8za9tbb"},"id":"iya323zjjx2nvlu","previousOperationId":"o9zqt7ho8mvhmy4"}
{"type":"log","timestamp":1708448826820,"level":"debug","message":"Page request: GET (stylesheet) https://cdn.jsdelivr.net/chartist.js/latest/chartist.min.css","meta":{"rootId":"ym1slywm8za9tbb","id":"ym1slywm8za9tbb"},"id":"tphmusi3qh2dsk8","previousOperationId":"o9zqt7ho8mvhmy4"}
{"type":"log","timestamp":1708448826820,"level":"debug","message":"Page request: GET (script) https://cdn.jsdelivr.net/chartist.js/latest/chartist.min.js","meta":{"rootId":"ym1slywm8za9tbb","id":"ym1slywm8za9tbb"},"id":"idb15mla5m1hjd2","previousOperationId":"o9zqt7ho8mvhmy4"}
{"type":"log","timestamp":1708448826820,"level":"debug","message":"Page request: GET (script) https://code.jquery.com/jquery-3.6.0.min.js","meta":{"rootId":"ym1slywm8za9tbb","id":"ym1slywm8za9tbb"},"id":"bx9zhwppaphayzd","previousOperationId":"o9zqt7ho8mvhmy4"}
{"type":"log","timestamp":1708448826821,"level":"debug","message":"Page request finished: GET (document) 200 file:///tmp/jsreport/autocleanup/1b4bb481-1b5c-4c93-bbbb-4092f139aa0b-chrome-pdf.html","meta":{"rootId":"ym1slywm8za9tbb","id":"ym1slywm8za9tbb"},"id":"pzgzf77p40juyjx","previousOperationId":"o9zqt7ho8mvhmy4"}
{"type":"log","timestamp":1708448826822,"level":"debug","message":"Page request finished: GET (stylesheet) 200 https://cdn.jsdelivr.net/chartist.js/latest/chartist.min.css","meta":{"rootId":"ym1slywm8za9tbb","id":"ym1slywm8za9tbb"},"id":"xhfmgw2j1fn3pa1","previousOperationId":"o9zqt7ho8mvhmy4"}
{"type":"log","timestamp":1708448826823,"level":"debug","message":"Page request finished: GET (script) 200 https://cdn.jsdelivr.net/chartist.js/latest/chartist.min.js","meta":{"rootId":"ym1slywm8za9tbb","id":"ym1slywm8za9tbb"},"id":"dh2b3nzewr2kj8k","previousOperationId":"o9zqt7ho8mvhmy4"}
{"type":"log","timestamp":1708448826825,"level":"debug","message":"Page request finished: GET (script) 200 https://code.jquery.com/jquery-3.6.0.min.js","meta":{"rootId":"ym1slywm8za9tbb","id":"ym1slywm8za9tbb"},"id":"5cot3ws2kojofgw","previousOperationId":"o9zqt7ho8mvhmy4"}
{"type":"log","timestamp":1708448826833,"level":"debug","message":"Running chrome with params {\"printBackground\":true,\"timeout\":59974,\"margin\":{}}","meta":{"rootId":"ym1slywm8za9tbb","id":"ym1slywm8za9tbb"},"id":"q4n1f72lx83qfeq","previousOperationId":"o9zqt7ho8mvhmy4"}
{"type":"operationEnd","operationId":"o9zqt7ho8mvhmy4","timestamp":1708448826842,"id":"d5kb0fkaebcgkp6","previousEventId":"nllociv8x874610","previousOperationId":"o9zqt7ho8mvhmy4"}
{"type":"log","timestamp":1708448826843,"level":"debug","message":"Skipping storing report.","meta":{"rootId":"ym1slywm8za9tbb","id":"ym1slywm8za9tbb"},"id":"cs1o8ct2x1hmwkm","previousOperationId":"o9zqt7ho8mvhmy4"}
{"type":"log","timestamp":1708448826843,"level":"info","message":"Rendering request 34 finished in 88 ms","meta":{"rootId":"ym1slywm8za9tbb","id":"ym1slywm8za9tbb"},"id":"2ninwx9sn0apc9u","previousOperationId":"o9zqt7ho8mvhmy4"}
{"type":"operationEnd","subtype":"render","operationId":"r8blpxoe119r2jc","timestamp":1708448826843,"id":"69rw4jm2wtio9jc","previousEventId":"d5kb0fkaebcgkp6","previousOperationId":"o9zqt7ho8mvhmy4"}
{"type":"operationEnd","doDiffs":false,"previousEventId":"j55p3pzaudcpy5p","previousOperationId":"r2g65ih2w32fvm4","operationId":"r2g65ih2w32fvm4","timestamp":1708448826850,"id":"2ylqt4e69f8agpl"}
