{"type":"operationStart","subtype":"profile","data":{"_id":"lYQ5quNzlrra3qat","timestamp":"2024-02-21T08:42:33.307Z","state":"queued","mode":"standard","creationDate":"2024-02-21T08:42:33.308Z","modificationDate":"2024-02-21T08:42:33.308Z","shortid":"hL6cQcV","$entitySet":"profiles"},"doDiffs":false,"timestamp":1708504953307,"id":"flep06ahtn9zsey","previousOperationId":null,"operationId":"k252xut87mzoy5a"}
{"type":"log","level":"info","message":"Render request 5 queued for execution and waiting for available worker","previousOperationId":"k252xut87mzoy5a","timestamp":1708504953308,"id":"35g3axqref6dpgm"}
{"type":"operationStart","subtype":"render","name":"TemplateCalc","previousOperationId":"k252xut87mzoy5a","timestamp":1708504953312,"id":"jy6it8e1srg7by7","previousEventId":"flep06ahtn9zsey","operationId":"uohx30v9rthcr7u"}
{"type":"log","timestamp":1708504953312,"level":"info","message":"Starting rendering request 5","meta":{"rootId":"4ppne37yxvx1yic","id":"4ppne37yxvx1yic"},"id":"cefi30tcps6d4x2","previousOperationId":"uohx30v9rthcr7u"}
{"type":"log","timestamp":1708504953312,"level":"info","message":"Rendering template { name: TemplateCalc, recipe: chrome-pdf, engine: handlebars, preview: true }","meta":{"rootId":"4ppne37yxvx1yic","id":"4ppne37yxvx1yic"},"id":"alqdamxn55ra74v","previousOperationId":"uohx30v9rthcr7u"}
{"type":"log","timestamp":1708504953312,"level":"debug","message":"Data item not defined for this template.","meta":{"rootId":"4ppne37yxvx1yic","id":"4ppne37yxvx1yic"},"id":"blm7ywc87g1cvua","previousOperationId":"uohx30v9rthcr7u"}
{"type":"log","timestamp":1708504953314,"level":"debug","message":"Executing script list-data (beforeRender)","meta":{"rootId":"4ppne37yxvx1yic","id":"4ppne37yxvx1yic"},"id":"i6ktmywna9mhdzg","previousOperationId":"uohx30v9rthcr7u"}
{"type":"operationStart","subtype":"scriptsBeforeRender","name":"scripts beforeRender","timestamp":1708504953319,"id":"15m7xbggsi1cco8","previousEventId":"jy6it8e1srg7by7","operationId":"cuhc963q8y0frfk","previousOperationId":"uohx30v9rthcr7u"}
{"type":"operationStart","subtype":"script","name":"scripts list-data","previousOperationId":"cuhc963q8y0frfk","timestamp":1708504953319,"id":"axnv9oc21llpzwj","previousEventId":"15m7xbggsi1cco8","operationId":"tt6ausfwg4elubi"}
{"type":"log","timestamp":1708504953330,"level":"debug","message":"(console:log) [\n  {\n    list_description: {\n      id: 1,\n      list_name: 'charcuteria',\n      list_current_number: 22,\n      list_limit_number: 100\n    },\n    list_image: {\n      url: 'http://localhost:4000/rails/active_storage/blobs/redirect/eyJfcmFpbHMiOnsiZGF0YSI6MiwicHVyIjoiYmxvYl9pZCJ9fQ==--ee6d56bf52163135b48a4ba2c22b11a93e94d3b3/meat.jpg'\n    }\n  }\n]","meta":{"userLevel":true,"rootId":"4ppne37yxvx1yic","id":"4ppne37yxvx1yic"},"id":"nhcfpnknqvf809v","previousOperationId":"tt6ausfwg4elubi"}
{"type":"log","timestamp":1708504953340,"level":"debug","message":"(console:log) [\n  {\n    id: 1,\n    nickname: 'a',\n    is_admin: true,\n    suscriptor: null,\n    created_at: '2024-02-21T08:40:20.412Z',\n    updated_at: '2024-02-21T08:40:20.504Z',\n    email: 'a@a.a',\n    jti: 'd586867c-1112-405a-bf37-1c4c895aa19f'\n  }\n]","meta":{"userLevel":true,"rootId":"4ppne37yxvx1yic","id":"4ppne37yxvx1yic"},"id":"v1d3iw0wwkylyb8","previousOperationId":"tt6ausfwg4elubi"}
{"type":"operationEnd","operationId":"tt6ausfwg4elubi","timestamp":1708504953340,"id":"fkj52ybdq5gdz4x","previousEventId":"jy6it8e1srg7by7","previousOperationId":"uohx30v9rthcr7u"}
{"type":"operationEnd","operationId":"cuhc963q8y0frfk","timestamp":1708504953341,"id":"2qwv5zxhhfxyjqq","previousEventId":"fkj52ybdq5gdz4x","previousOperationId":"uohx30v9rthcr7u"}
{"type":"log","timestamp":1708504953341,"level":"debug","message":"Base url not specified, skipping its injection.","meta":{"rootId":"4ppne37yxvx1yic","id":"4ppne37yxvx1yic"},"id":"gdgke8qqkmg3b9l","previousOperationId":"cuhc963q8y0frfk"}
{"type":"operationStart","subtype":"engine","name":"handlebars","timestamp":1708504953341,"id":"q0ou1iepw3k8u5o","previousEventId":"2qwv5zxhhfxyjqq","operationId":"isiaf97yka5b12a","previousOperationId":"cuhc963q8y0frfk"}
{"type":"log","timestamp":1708504953341,"level":"debug","message":"Rendering engine handlebars","meta":{"rootId":"4ppne37yxvx1yic","id":"4ppne37yxvx1yic"},"id":"irsb6ji4epfg5h2","previousOperationId":"isiaf97yka5b12a"}
{"type":"operationEnd","operationId":"isiaf97yka5b12a","timestamp":1708504953352,"id":"m8dm43y8ceze0hd","previousEventId":"q0ou1iepw3k8u5o","previousOperationId":"isiaf97yka5b12a"}
{"type":"operationStart","subtype":"recipe","name":"chrome-pdf","timestamp":1708504953352,"id":"vq4m9243ebkll0j","previousEventId":"m8dm43y8ceze0hd","operationId":"ai09c2q4eh3kljy","previousOperationId":"isiaf97yka5b12a"}
{"type":"log","timestamp":1708504953352,"level":"debug","message":"Executing recipe chrome-pdf","meta":{"rootId":"4ppne37yxvx1yic","id":"4ppne37yxvx1yic"},"id":"x8vcnstxzihs4k5","previousOperationId":"ai09c2q4eh3kljy"}
{"type":"log","timestamp":1708504953354,"level":"debug","message":"Converting with chrome HeadlessChrome/117.0.5938.149 using chrome-pool strategy","meta":{"rootId":"4ppne37yxvx1yic","id":"4ppne37yxvx1yic"},"id":"bypslvkqrb1hjcy","previousOperationId":"ai09c2q4eh3kljy"}
{"type":"log","timestamp":1708504953384,"level":"debug","message":"Page request: GET (document) file:///tmp/jsreport/autocleanup/22663464-c8cc-44d3-b192-13ed0f5725ee-chrome-pdf.html","meta":{"rootId":"4ppne37yxvx1yic","id":"4ppne37yxvx1yic"},"id":"81zzj7q4d6ygmlt","previousOperationId":"ai09c2q4eh3kljy"}
{"type":"log","timestamp":1708504953392,"level":"debug","message":"Page request: GET (stylesheet) https://cdn.jsdelivr.net/chartist.js/latest/chartist.min.css","meta":{"rootId":"4ppne37yxvx1yic","id":"4ppne37yxvx1yic"},"id":"wg74xsotj73d87b","previousOperationId":"ai09c2q4eh3kljy"}
{"type":"log","timestamp":1708504953392,"level":"debug","message":"Page request: GET (script) https://cdn.jsdelivr.net/chartist.js/latest/chartist.min.js","meta":{"rootId":"4ppne37yxvx1yic","id":"4ppne37yxvx1yic"},"id":"iy2zgskp7o8i773","previousOperationId":"ai09c2q4eh3kljy"}
{"type":"log","timestamp":1708504953392,"level":"debug","message":"Page request finished: GET (document) 200 file:///tmp/jsreport/autocleanup/22663464-c8cc-44d3-b192-13ed0f5725ee-chrome-pdf.html","meta":{"rootId":"4ppne37yxvx1yic","id":"4ppne37yxvx1yic"},"id":"ob70rkqmkjp88vi","previousOperationId":"ai09c2q4eh3kljy"}
{"type":"log","timestamp":1708504953396,"level":"debug","message":"Page request finished: GET (stylesheet) 200 https://cdn.jsdelivr.net/chartist.js/latest/chartist.min.css","meta":{"rootId":"4ppne37yxvx1yic","id":"4ppne37yxvx1yic"},"id":"7lvuuab9q1shcbb","previousOperationId":"ai09c2q4eh3kljy"}
{"type":"log","timestamp":1708504953397,"level":"debug","message":"Page request finished: GET (script) 200 https://cdn.jsdelivr.net/chartist.js/latest/chartist.min.js","meta":{"rootId":"4ppne37yxvx1yic","id":"4ppne37yxvx1yic"},"id":"7xtjpf0elj5s57a","previousOperationId":"ai09c2q4eh3kljy"}
{"type":"log","timestamp":1708504953405,"level":"debug","message":"Running chrome with params {\"printBackground\":true,\"timeout\":59954,\"margin\":{}}","meta":{"rootId":"4ppne37yxvx1yic","id":"4ppne37yxvx1yic"},"id":"mlggecyqwqz7fae","previousOperationId":"ai09c2q4eh3kljy"}
{"type":"operationEnd","operationId":"ai09c2q4eh3kljy","timestamp":1708504953417,"id":"9fo0mjcypj6j6xo","previousEventId":"vq4m9243ebkll0j","previousOperationId":"ai09c2q4eh3kljy"}
{"type":"log","timestamp":1708504953417,"level":"debug","message":"Skipping storing report.","meta":{"rootId":"4ppne37yxvx1yic","id":"4ppne37yxvx1yic"},"id":"6mrdw5b57u2ztbr","previousOperationId":"ai09c2q4eh3kljy"}
{"type":"log","timestamp":1708504953418,"level":"info","message":"Rendering request 5 finished in 111 ms","meta":{"rootId":"4ppne37yxvx1yic","id":"4ppne37yxvx1yic"},"id":"99vuvp4n3qd91co","previousOperationId":"ai09c2q4eh3kljy"}
{"type":"operationEnd","subtype":"render","operationId":"uohx30v9rthcr7u","timestamp":1708504953418,"id":"vcjb87rzkdzj49b","previousEventId":"9fo0mjcypj6j6xo","previousOperationId":"ai09c2q4eh3kljy"}
{"type":"operationEnd","doDiffs":false,"previousEventId":"flep06ahtn9zsey","previousOperationId":"k252xut87mzoy5a","operationId":"k252xut87mzoy5a","timestamp":1708504953422,"id":"pf2u31ko9k2wc2c"}
