{"type":"operationStart","subtype":"profile","data":{"_id":"WqX0zB9VGepSlPzM","timestamp":"2024-02-21T08:42:16.937Z","state":"queued","mode":"standard","creationDate":"2024-02-21T08:42:16.938Z","modificationDate":"2024-02-21T08:42:16.938Z","shortid":"_bY1jDi","$entitySet":"profiles"},"doDiffs":false,"timestamp":1708504936938,"id":"yyuca39kwzih1vd","previousOperationId":null,"operationId":"jc87uvjsdurqnh8"}
{"type":"log","level":"info","message":"Render request 4 queued for execution and waiting for available worker","previousOperationId":"jc87uvjsdurqnh8","timestamp":1708504936938,"id":"zl71m2uq33rlc8y"}
{"type":"operationStart","subtype":"render","name":"TemplateCalc","previousOperationId":"jc87uvjsdurqnh8","timestamp":1708504936945,"id":"putf08hvgnenyy5","previousEventId":"yyuca39kwzih1vd","operationId":"i6pm9zkijejgoq5"}
{"type":"log","timestamp":1708504936945,"level":"info","message":"Starting rendering request 4","meta":{"rootId":"4tw1vbloprvpibi","id":"4tw1vbloprvpibi"},"id":"4ozesi0lwh3x4dl","previousOperationId":"i6pm9zkijejgoq5"}
{"type":"log","timestamp":1708504936945,"level":"info","message":"Rendering template { name: TemplateCalc, recipe: chrome-pdf, engine: handlebars, preview: true }","meta":{"rootId":"4tw1vbloprvpibi","id":"4tw1vbloprvpibi"},"id":"gyx9u6zf3e4y7k2","previousOperationId":"i6pm9zkijejgoq5"}
{"type":"log","timestamp":1708504936945,"level":"debug","message":"Data item not defined for this template.","meta":{"rootId":"4tw1vbloprvpibi","id":"4tw1vbloprvpibi"},"id":"ec4lke4n9sxwuef","previousOperationId":"i6pm9zkijejgoq5"}
{"type":"log","timestamp":1708504936948,"level":"debug","message":"Executing script list-data (beforeRender)","meta":{"rootId":"4tw1vbloprvpibi","id":"4tw1vbloprvpibi"},"id":"5bzt81ozt5n98h5","previousOperationId":"i6pm9zkijejgoq5"}
{"type":"operationStart","subtype":"scriptsBeforeRender","name":"scripts beforeRender","timestamp":1708504936953,"id":"abh2ur5t8dfhfgo","previousEventId":"putf08hvgnenyy5","operationId":"m2omlstp9wk3vix","previousOperationId":"i6pm9zkijejgoq5"}
{"type":"operationStart","subtype":"script","name":"scripts list-data","previousOperationId":"m2omlstp9wk3vix","timestamp":1708504936953,"id":"3gzzx1nrbe2600n","previousEventId":"abh2ur5t8dfhfgo","operationId":"l2f15dfk6k8ovzj"}
{"type":"log","timestamp":1708504936972,"level":"debug","message":"(console:log) [\n  {\n    list_description: {\n      id: 1,\n      list_name: 'charcuteria',\n      list_current_number: 22,\n      list_limit_number: 100\n    },\n    list_image: {\n      url: 'http://localhost:4000/rails/active_storage/blobs/redirect/eyJfcmFpbHMiOnsiZGF0YSI6MiwicHVyIjoiYmxvYl9pZCJ9fQ==--ee6d56bf52163135b48a4ba2c22b11a93e94d3b3/meat.jpg'\n    }\n  }\n]","meta":{"userLevel":true,"rootId":"4tw1vbloprvpibi","id":"4tw1vbloprvpibi"},"id":"5enl1naq9vsl3zo","previousOperationId":"l2f15dfk6k8ovzj"}
{"type":"log","timestamp":1708504936982,"level":"debug","message":"(console:log) [\n  {\n    id: 1,\n    nickname: 'a',\n    is_admin: true,\n    suscriptor: null,\n    created_at: '2024-02-21T08:40:20.412Z',\n    updated_at: '2024-02-21T08:40:20.504Z',\n    email: 'a@a.a',\n    jti: 'd586867c-1112-405a-bf37-1c4c895aa19f'\n  }\n]","meta":{"userLevel":true,"rootId":"4tw1vbloprvpibi","id":"4tw1vbloprvpibi"},"id":"64lbozpnx4zerf0","previousOperationId":"l2f15dfk6k8ovzj"}
{"type":"operationEnd","operationId":"l2f15dfk6k8ovzj","timestamp":1708504936983,"id":"x0echtgkz8uquc8","previousEventId":"putf08hvgnenyy5","previousOperationId":"i6pm9zkijejgoq5"}
{"type":"operationEnd","operationId":"m2omlstp9wk3vix","timestamp":1708504936983,"id":"gjmm302z6mi0nbq","previousEventId":"x0echtgkz8uquc8","previousOperationId":"i6pm9zkijejgoq5"}
{"type":"log","timestamp":1708504936983,"level":"debug","message":"Base url not specified, skipping its injection.","meta":{"rootId":"4tw1vbloprvpibi","id":"4tw1vbloprvpibi"},"id":"gpf8sqflman0tgi","previousOperationId":"m2omlstp9wk3vix"}
{"type":"operationStart","subtype":"engine","name":"handlebars","timestamp":1708504936983,"id":"tamx9zgpsgp9f4e","previousEventId":"gjmm302z6mi0nbq","operationId":"0keovg1sgbg9pfc","previousOperationId":"m2omlstp9wk3vix"}
{"type":"log","timestamp":1708504936983,"level":"debug","message":"Rendering engine handlebars","meta":{"rootId":"4tw1vbloprvpibi","id":"4tw1vbloprvpibi"},"id":"vctnuhm3a2cpqje","previousOperationId":"0keovg1sgbg9pfc"}
{"type":"operationEnd","operationId":"0keovg1sgbg9pfc","timestamp":1708504937007,"id":"v8csfdrwqg7dih7","previousEventId":"tamx9zgpsgp9f4e","previousOperationId":"0keovg1sgbg9pfc"}
{"type":"operationStart","subtype":"recipe","name":"chrome-pdf","timestamp":1708504937007,"id":"mw3cushqmcqeuff","previousEventId":"v8csfdrwqg7dih7","operationId":"hdzct3mwu2bmp9z","previousOperationId":"0keovg1sgbg9pfc"}
{"type":"log","timestamp":1708504937007,"level":"debug","message":"Executing recipe chrome-pdf","meta":{"rootId":"4tw1vbloprvpibi","id":"4tw1vbloprvpibi"},"id":"i6y0x6irvlhk2r7","previousOperationId":"hdzct3mwu2bmp9z"}
{"type":"log","timestamp":1708504937013,"level":"debug","message":"Converting with chrome HeadlessChrome/117.0.5938.149 using chrome-pool strategy","meta":{"rootId":"4tw1vbloprvpibi","id":"4tw1vbloprvpibi"},"id":"he2mcoo0bx6qttw","previousOperationId":"hdzct3mwu2bmp9z"}
{"type":"log","timestamp":1708504937054,"level":"debug","message":"Page request: GET (document) file:///tmp/jsreport/autocleanup/1efafb87-c10d-456c-9c7b-ef4635fdc186-chrome-pdf.html","meta":{"rootId":"4tw1vbloprvpibi","id":"4tw1vbloprvpibi"},"id":"ced45ednd75reks","previousOperationId":"hdzct3mwu2bmp9z"}
{"type":"log","timestamp":1708504937062,"level":"debug","message":"Page request: GET (stylesheet) https://cdn.jsdelivr.net/chartist.js/latest/chartist.min.css","meta":{"rootId":"4tw1vbloprvpibi","id":"4tw1vbloprvpibi"},"id":"7xb8bqp4g2vcjt3","previousOperationId":"hdzct3mwu2bmp9z"}
{"type":"log","timestamp":1708504937062,"level":"debug","message":"Page request: GET (script) https://cdn.jsdelivr.net/chartist.js/latest/chartist.min.js","meta":{"rootId":"4tw1vbloprvpibi","id":"4tw1vbloprvpibi"},"id":"qp7clxu04spccm6","previousOperationId":"hdzct3mwu2bmp9z"}
{"type":"log","timestamp":1708504937062,"level":"debug","message":"Page request finished: GET (document) 200 file:///tmp/jsreport/autocleanup/1efafb87-c10d-456c-9c7b-ef4635fdc186-chrome-pdf.html","meta":{"rootId":"4tw1vbloprvpibi","id":"4tw1vbloprvpibi"},"id":"zo253b3vwswkyac","previousOperationId":"hdzct3mwu2bmp9z"}
{"type":"log","timestamp":1708504937064,"level":"debug","message":"Page request finished: GET (stylesheet) 200 https://cdn.jsdelivr.net/chartist.js/latest/chartist.min.css","meta":{"rootId":"4tw1vbloprvpibi","id":"4tw1vbloprvpibi"},"id":"xpu2djfa4ht7v9n","previousOperationId":"hdzct3mwu2bmp9z"}
{"type":"log","timestamp":1708504937065,"level":"debug","message":"Page request finished: GET (script) 200 https://cdn.jsdelivr.net/chartist.js/latest/chartist.min.js","meta":{"rootId":"4tw1vbloprvpibi","id":"4tw1vbloprvpibi"},"id":"gr3i8adndwawcrj","previousOperationId":"hdzct3mwu2bmp9z"}
{"type":"log","timestamp":1708504937071,"level":"debug","message":"Running chrome with params {\"printBackground\":true,\"timeout\":59929,\"margin\":{}}","meta":{"rootId":"4tw1vbloprvpibi","id":"4tw1vbloprvpibi"},"id":"eux0899be0b3rm5","previousOperationId":"hdzct3mwu2bmp9z"}
{"type":"operationEnd","operationId":"hdzct3mwu2bmp9z","timestamp":1708504937082,"id":"oc0tdctwoyqd0rz","previousEventId":"mw3cushqmcqeuff","previousOperationId":"hdzct3mwu2bmp9z"}
{"type":"log","timestamp":1708504937082,"level":"debug","message":"Skipping storing report.","meta":{"rootId":"4tw1vbloprvpibi","id":"4tw1vbloprvpibi"},"id":"gpmrjvyn68aonxn","previousOperationId":"hdzct3mwu2bmp9z"}
{"type":"log","timestamp":1708504937082,"level":"info","message":"Rendering request 4 finished in 145 ms","meta":{"rootId":"4tw1vbloprvpibi","id":"4tw1vbloprvpibi"},"id":"x82b9t5rqnz46uz","previousOperationId":"hdzct3mwu2bmp9z"}
{"type":"operationEnd","subtype":"render","operationId":"i6pm9zkijejgoq5","timestamp":1708504937082,"id":"akz0xobqyq3q0f2","previousEventId":"oc0tdctwoyqd0rz","previousOperationId":"hdzct3mwu2bmp9z"}
{"type":"operationEnd","doDiffs":false,"previousEventId":"yyuca39kwzih1vd","previousOperationId":"jc87uvjsdurqnh8","operationId":"jc87uvjsdurqnh8","timestamp":1708504937090,"id":"kjz9t9hzgrghrzc"}
