{"type":"operationStart","subtype":"profile","data":{"_id":"kxNoyg5gY5NC2N7w","timestamp":"2024-02-21T08:56:17.567Z","state":"queued","mode":"standard","creationDate":"2024-02-21T08:56:17.568Z","modificationDate":"2024-02-21T08:56:17.568Z","shortid":"y-ao2f7","$entitySet":"profiles"},"doDiffs":false,"timestamp":1708505777568,"id":"obapmkvpgqgt8k4","previousOperationId":null,"operationId":"9f0xgj3h9ewr6gd"}
{"type":"log","level":"info","message":"Render request 17 queued for execution and waiting for available worker","previousOperationId":"9f0xgj3h9ewr6gd","timestamp":1708505777568,"id":"unu13hgcsrs63mj"}
{"type":"operationStart","subtype":"render","name":"TemplateCalc","previousOperationId":"9f0xgj3h9ewr6gd","timestamp":1708505777573,"id":"ub2ecte7csunamg","previousEventId":"obapmkvpgqgt8k4","operationId":"0auiqb7nmcq9ltu"}
{"type":"log","timestamp":1708505777573,"level":"info","message":"Starting rendering request 17","meta":{"rootId":"687670cz9poo34i","id":"687670cz9poo34i"},"id":"axhpnl9784rzkdh","previousOperationId":"0auiqb7nmcq9ltu"}
{"type":"log","timestamp":1708505777573,"level":"info","message":"Rendering template { name: TemplateCalc, recipe: chrome-pdf, engine: handlebars, preview: true }","meta":{"rootId":"687670cz9poo34i","id":"687670cz9poo34i"},"id":"bmceaq2lvts0hvs","previousOperationId":"0auiqb7nmcq9ltu"}
{"type":"log","timestamp":1708505777573,"level":"debug","message":"Data item not defined for this template.","meta":{"rootId":"687670cz9poo34i","id":"687670cz9poo34i"},"id":"2f6pxzsbsmbvon1","previousOperationId":"0auiqb7nmcq9ltu"}
{"type":"log","timestamp":1708505777576,"level":"debug","message":"Executing script list-data (beforeRender)","meta":{"rootId":"687670cz9poo34i","id":"687670cz9poo34i"},"id":"8h3l2yuvdx3zai3","previousOperationId":"0auiqb7nmcq9ltu"}
{"type":"operationStart","subtype":"scriptsBeforeRender","name":"scripts beforeRender","timestamp":1708505777581,"id":"31p8246ix5i9sfp","previousEventId":"ub2ecte7csunamg","operationId":"gt28fi1r6nwtzy4","previousOperationId":"0auiqb7nmcq9ltu"}
{"type":"operationStart","subtype":"script","name":"scripts list-data","previousOperationId":"gt28fi1r6nwtzy4","timestamp":1708505777581,"id":"2c2shrcd5zxo4xk","previousEventId":"31p8246ix5i9sfp","operationId":"qzxe38v6t3q4us2"}
{"type":"log","timestamp":1708505777592,"level":"debug","message":"(console:log) [\n  {\n    list_description: {\n      id: 1,\n      list_name: 'charcuteria',\n      list_current_number: 22,\n      list_limit_number: 100\n    },\n    list_image: {\n      url: 'http://localhost:4000/rails/active_storage/blobs/redirect/eyJfcmFpbHMiOnsiZGF0YSI6MiwicHVyIjoiYmxvYl9pZCJ9fQ==--ee6d56bf52163135b48a4ba2c22b11a93e94d3b3/meat.jpg'\n    }\n  }\n]","meta":{"userLevel":true,"rootId":"687670cz9poo34i","id":"687670cz9poo34i"},"id":"wmxb25ks904pj97","previousOperationId":"qzxe38v6t3q4us2"}
{"type":"log","timestamp":1708505777603,"level":"debug","message":"(console:log) [\n  {\n    id: 1,\n    nickname: 'a',\n    is_admin: true,\n    suscriptor: null,\n    created_at: '2024-02-21T08:40:20.412Z',\n    updated_at: '2024-02-21T08:40:20.504Z',\n    email: 'a@a.a',\n    jti: 'd586867c-1112-405a-bf37-1c4c895aa19f'\n  }\n]","meta":{"userLevel":true,"rootId":"687670cz9poo34i","id":"687670cz9poo34i"},"id":"iu6zsxei53rn6lt","previousOperationId":"qzxe38v6t3q4us2"}
{"type":"operationEnd","operationId":"qzxe38v6t3q4us2","timestamp":1708505777604,"id":"voftkbfelrpa62u","previousEventId":"ub2ecte7csunamg","previousOperationId":"0auiqb7nmcq9ltu"}
{"type":"operationEnd","operationId":"gt28fi1r6nwtzy4","timestamp":1708505777604,"id":"q64pu70gtpqjkyx","previousEventId":"voftkbfelrpa62u","previousOperationId":"0auiqb7nmcq9ltu"}
{"type":"log","timestamp":1708505777604,"level":"debug","message":"Base url not specified, skipping its injection.","meta":{"rootId":"687670cz9poo34i","id":"687670cz9poo34i"},"id":"cay81y937tb3vjo","previousOperationId":"gt28fi1r6nwtzy4"}
{"type":"operationStart","subtype":"engine","name":"handlebars","timestamp":1708505777604,"id":"x5h46s7ycmg4ua0","previousEventId":"q64pu70gtpqjkyx","operationId":"1okq98k59i56b3z","previousOperationId":"gt28fi1r6nwtzy4"}
{"type":"log","timestamp":1708505777604,"level":"debug","message":"Rendering engine handlebars","meta":{"rootId":"687670cz9poo34i","id":"687670cz9poo34i"},"id":"ffusg2vus4e4cg8","previousOperationId":"1okq98k59i56b3z"}
{"type":"operationEnd","operationId":"1okq98k59i56b3z","timestamp":1708505777616,"id":"twcghajgiejtf4w","previousEventId":"x5h46s7ycmg4ua0","previousOperationId":"1okq98k59i56b3z"}
{"type":"operationStart","subtype":"recipe","name":"chrome-pdf","timestamp":1708505777616,"id":"pyz8buuysep9qyy","previousEventId":"twcghajgiejtf4w","operationId":"hhq9n9iw40ohrpn","previousOperationId":"1okq98k59i56b3z"}
{"type":"log","timestamp":1708505777616,"level":"debug","message":"Executing recipe chrome-pdf","meta":{"rootId":"687670cz9poo34i","id":"687670cz9poo34i"},"id":"4opetqz1fc62ax9","previousOperationId":"hhq9n9iw40ohrpn"}
{"type":"log","timestamp":1708505777624,"level":"debug","message":"Converting with chrome HeadlessChrome/117.0.5938.149 using chrome-pool strategy","meta":{"rootId":"687670cz9poo34i","id":"687670cz9poo34i"},"id":"we0akgmytde1scc","previousOperationId":"hhq9n9iw40ohrpn"}
{"type":"log","timestamp":1708505777688,"level":"debug","message":"Page request: GET (document) file:///tmp/jsreport/autocleanup/7359ece7-bbbc-4e9d-958f-03ebf381e61b-chrome-pdf.html","meta":{"rootId":"687670cz9poo34i","id":"687670cz9poo34i"},"id":"xxole3qnbsjfucs","previousOperationId":"hhq9n9iw40ohrpn"}
{"type":"log","timestamp":1708505777694,"level":"debug","message":"Page request: GET (stylesheet) https://cdn.jsdelivr.net/chartist.js/latest/chartist.min.css","meta":{"rootId":"687670cz9poo34i","id":"687670cz9poo34i"},"id":"cjehnvknqu883nl","previousOperationId":"hhq9n9iw40ohrpn"}
{"type":"log","timestamp":1708505777695,"level":"debug","message":"Page request: GET (script) https://cdn.jsdelivr.net/chartist.js/latest/chartist.min.js","meta":{"rootId":"687670cz9poo34i","id":"687670cz9poo34i"},"id":"cn2soyqv6r723pi","previousOperationId":"hhq9n9iw40ohrpn"}
{"type":"log","timestamp":1708505777695,"level":"debug","message":"Page request finished: GET (document) 200 file:///tmp/jsreport/autocleanup/7359ece7-bbbc-4e9d-958f-03ebf381e61b-chrome-pdf.html","meta":{"rootId":"687670cz9poo34i","id":"687670cz9poo34i"},"id":"j1afiv4gyeyq2me","previousOperationId":"hhq9n9iw40ohrpn"}
{"type":"log","timestamp":1708505777696,"level":"debug","message":"Page request finished: GET (stylesheet) 200 https://cdn.jsdelivr.net/chartist.js/latest/chartist.min.css","meta":{"rootId":"687670cz9poo34i","id":"687670cz9poo34i"},"id":"g8jy9c4li89zw5n","previousOperationId":"hhq9n9iw40ohrpn"}
{"type":"log","timestamp":1708505777697,"level":"debug","message":"Page request finished: GET (script) 200 https://cdn.jsdelivr.net/chartist.js/latest/chartist.min.js","meta":{"rootId":"687670cz9poo34i","id":"687670cz9poo34i"},"id":"fg4cs8eusawbvub","previousOperationId":"hhq9n9iw40ohrpn"}
{"type":"log","timestamp":1708505777701,"level":"debug","message":"Running chrome with params {\"printBackground\":true,\"timeout\":59950,\"margin\":{}}","meta":{"rootId":"687670cz9poo34i","id":"687670cz9poo34i"},"id":"x5lej093zzb4nc2","previousOperationId":"hhq9n9iw40ohrpn"}
{"type":"operationEnd","operationId":"hhq9n9iw40ohrpn","timestamp":1708505777711,"id":"gps953v2b49cek3","previousEventId":"pyz8buuysep9qyy","previousOperationId":"hhq9n9iw40ohrpn"}
{"type":"log","timestamp":1708505777711,"level":"debug","message":"Skipping storing report.","meta":{"rootId":"687670cz9poo34i","id":"687670cz9poo34i"},"id":"faz6y6znkl47l81","previousOperationId":"hhq9n9iw40ohrpn"}
{"type":"log","timestamp":1708505777711,"level":"info","message":"Rendering request 17 finished in 144 ms","meta":{"rootId":"687670cz9poo34i","id":"687670cz9poo34i"},"id":"m5fv2hiz8egrv6h","previousOperationId":"hhq9n9iw40ohrpn"}
{"type":"operationEnd","subtype":"render","operationId":"0auiqb7nmcq9ltu","timestamp":1708505777711,"id":"ynodklophprcg22","previousEventId":"gps953v2b49cek3","previousOperationId":"hhq9n9iw40ohrpn"}
{"type":"operationEnd","doDiffs":false,"previousEventId":"obapmkvpgqgt8k4","previousOperationId":"9f0xgj3h9ewr6gd","operationId":"9f0xgj3h9ewr6gd","timestamp":1708505777716,"id":"dex23rcpnckheqg"}
