{"type":"operationStart","subtype":"profile","data":{"_id":"TNlyjCsjYezQP0tB","timestamp":"2024-02-21T08:20:39.068Z","state":"queued","mode":"standard","creationDate":"2024-02-21T08:20:39.069Z","modificationDate":"2024-02-21T08:20:39.069Z","shortid":"lCeBqOm","$entitySet":"profiles"},"doDiffs":false,"timestamp":1708503639068,"id":"66wyehcu76bebvs","previousOperationId":null,"operationId":"5v6t0ut3oq9jy18"}
{"type":"log","level":"info","message":"Render request 4 queued for execution and waiting for available worker","previousOperationId":"5v6t0ut3oq9jy18","timestamp":1708503639068,"id":"v1skccgu8tctxn4"}
{"type":"operationStart","subtype":"render","name":"TemplateCalc","previousOperationId":"5v6t0ut3oq9jy18","timestamp":1708503639075,"id":"uvlz2cp7q2cq9q9","previousEventId":"66wyehcu76bebvs","operationId":"ikkmquz79c9xqm6"}
{"type":"log","timestamp":1708503639075,"level":"info","message":"Starting rendering request 4","meta":{"rootId":"7zrat0tw0e4dpam","id":"7zrat0tw0e4dpam"},"id":"xhshhdnhgs8uxxo","previousOperationId":"ikkmquz79c9xqm6"}
{"type":"log","timestamp":1708503639075,"level":"info","message":"Rendering template { name: TemplateCalc, recipe: chrome-pdf, engine: handlebars, preview: true }","meta":{"rootId":"7zrat0tw0e4dpam","id":"7zrat0tw0e4dpam"},"id":"p18o36ma6486uxt","previousOperationId":"ikkmquz79c9xqm6"}
{"type":"log","timestamp":1708503639076,"level":"debug","message":"Data item not defined for this template.","meta":{"rootId":"7zrat0tw0e4dpam","id":"7zrat0tw0e4dpam"},"id":"7g89lxbfjbeovkg","previousOperationId":"ikkmquz79c9xqm6"}
{"type":"log","timestamp":1708503639078,"level":"debug","message":"Executing script list-data (beforeRender)","meta":{"rootId":"7zrat0tw0e4dpam","id":"7zrat0tw0e4dpam"},"id":"69hjkfmi7h7271j","previousOperationId":"ikkmquz79c9xqm6"}
{"type":"operationStart","subtype":"scriptsBeforeRender","name":"scripts beforeRender","timestamp":1708503639086,"id":"jcu9tvwtgfgeyvp","previousEventId":"uvlz2cp7q2cq9q9","operationId":"i8vswrgap5ph2zi","previousOperationId":"ikkmquz79c9xqm6"}
{"type":"operationStart","subtype":"script","name":"scripts list-data","previousOperationId":"i8vswrgap5ph2zi","timestamp":1708503639086,"id":"a1vsmqr50oaznhg","previousEventId":"jcu9tvwtgfgeyvp","operationId":"gcvwg9ha57fw099"}
{"type":"log","timestamp":1708503639123,"level":"debug","message":"(console:log) [\n  {\n    list_description: {\n      id: 2,\n      list_name: 'sarshisha',\n      list_current_number: 13,\n      list_limit_number: 0\n    },\n    list_image: {\n      url: 'http://localhost:4000/rails/active_storage/blobs/redirect/eyJfcmFpbHMiOnsiZGF0YSI6MywicHVyIjoiYmxvYl9pZCJ9fQ==--07183cfade35ce6ffe715f60749642919ec61f5d/charcuteria.png'\n    }\n  },\n  {\n    list_description: {\n      id: 3,\n      list_name: 'stjsjshtshn',\n      list_current_number: 4,\n      list_limit_number: 0\n    },\n    list_image: {\n      url: 'http://localhost:4000/rails/active_storage/blobs/redirect/eyJfcmFpbHMiOnsiZGF0YSI6NCwicHVyIjoiYmxvYl9pZCJ9fQ==--023aae65cb60b3f6c6d73a9c76e14c0b0df6ad86/dibujoadrian.jpg'\n    }\n  },\n  {\n    list_description: {\n      id: 1,\n      list_name: 'charcuteria',\n      list_current_number: 1,\n      list_limit_number: 0\n    },\n    list_image: {\n      url: 'http://localhost:4000/rails/active_storage/blobs/redirect/eyJfcmFpbHMiOnsiZGF0YSI6MiwicHVyIjoiYmxvYl9pZCJ9fQ==--ee6d56bf52163135b48a4ba2c22b11a93e94d3b3/charcuteria.png'\n    }\n  }\n]","meta":{"userLevel":true,"rootId":"7zrat0tw0e4dpam","id":"7zrat0tw0e4dpam"},"id":"8xk1vfavdlvxlag","previousOperationId":"gcvwg9ha57fw099"}
{"type":"log","timestamp":1708503639132,"level":"debug","message":"(console:log) [\n  {\n    id: 1,\n    nickname: 'a',\n    is_admin: true,\n    suscriptor: null,\n    created_at: '2024-02-20T16:45:37.609Z',\n    updated_at: '2024-02-20T16:45:37.729Z',\n    email: 'a@a.a',\n    jti: '6a2b57ca-af4b-47a0-8285-477cffafa34b'\n  }\n]","meta":{"userLevel":true,"rootId":"7zrat0tw0e4dpam","id":"7zrat0tw0e4dpam"},"id":"ub3m4r1rbcdpomx","previousOperationId":"gcvwg9ha57fw099"}
{"type":"operationEnd","operationId":"gcvwg9ha57fw099","timestamp":1708503639133,"id":"29iefig3bscam08","previousEventId":"uvlz2cp7q2cq9q9","previousOperationId":"ikkmquz79c9xqm6"}
{"type":"operationEnd","operationId":"i8vswrgap5ph2zi","timestamp":1708503639133,"id":"aw34grfe1p8ngqp","previousEventId":"29iefig3bscam08","previousOperationId":"ikkmquz79c9xqm6"}
{"type":"log","timestamp":1708503639133,"level":"debug","message":"Base url not specified, skipping its injection.","meta":{"rootId":"7zrat0tw0e4dpam","id":"7zrat0tw0e4dpam"},"id":"qiev9qgn45oapwp","previousOperationId":"i8vswrgap5ph2zi"}
{"type":"operationStart","subtype":"engine","name":"handlebars","timestamp":1708503639133,"id":"kxefn1vpje9l9wm","previousEventId":"aw34grfe1p8ngqp","operationId":"qsvbopnrd57fs9u","previousOperationId":"i8vswrgap5ph2zi"}
{"type":"log","timestamp":1708503639133,"level":"debug","message":"Rendering engine handlebars","meta":{"rootId":"7zrat0tw0e4dpam","id":"7zrat0tw0e4dpam"},"id":"tnof2bsjckrk5y6","previousOperationId":"qsvbopnrd57fs9u"}
{"type":"operationEnd","operationId":"qsvbopnrd57fs9u","timestamp":1708503639151,"id":"sa87xr7fk5gjl8p","previousEventId":"kxefn1vpje9l9wm","previousOperationId":"qsvbopnrd57fs9u"}
{"type":"operationStart","subtype":"recipe","name":"chrome-pdf","timestamp":1708503639152,"id":"6uxob33y622jy0f","previousEventId":"sa87xr7fk5gjl8p","operationId":"w2s7vuxv3medyis","previousOperationId":"qsvbopnrd57fs9u"}
{"type":"log","timestamp":1708503639152,"level":"debug","message":"Executing recipe chrome-pdf","meta":{"rootId":"7zrat0tw0e4dpam","id":"7zrat0tw0e4dpam"},"id":"qbx7l92wm5b0wo5","previousOperationId":"w2s7vuxv3medyis"}
{"type":"log","timestamp":1708503639453,"level":"debug","message":"Converting with chrome HeadlessChrome/117.0.5938.149 using chrome-pool strategy","meta":{"rootId":"7zrat0tw0e4dpam","id":"7zrat0tw0e4dpam"},"id":"5mac56a8brdpd5r","previousOperationId":"w2s7vuxv3medyis"}
{"type":"log","timestamp":1708503639504,"level":"debug","message":"Page request: GET (document) file:///tmp/jsreport/autocleanup/e040cd02-caf3-49c9-957e-0a339ceb3c0c-chrome-pdf.html","meta":{"rootId":"7zrat0tw0e4dpam","id":"7zrat0tw0e4dpam"},"id":"5v8rkypganzx5sw","previousOperationId":"w2s7vuxv3medyis"}
{"type":"log","timestamp":1708503639512,"level":"debug","message":"Page request: GET (stylesheet) https://cdn.jsdelivr.net/chartist.js/latest/chartist.min.css","meta":{"rootId":"7zrat0tw0e4dpam","id":"7zrat0tw0e4dpam"},"id":"ilqkalto8q7mhpl","previousOperationId":"w2s7vuxv3medyis"}
{"type":"log","timestamp":1708503639512,"level":"debug","message":"Page request: GET (script) https://cdn.jsdelivr.net/chartist.js/latest/chartist.min.js","meta":{"rootId":"7zrat0tw0e4dpam","id":"7zrat0tw0e4dpam"},"id":"aytbnx48pb8zwm7","previousOperationId":"w2s7vuxv3medyis"}
{"type":"log","timestamp":1708503639512,"level":"debug","message":"Page request finished: GET (document) 200 file:///tmp/jsreport/autocleanup/e040cd02-caf3-49c9-957e-0a339ceb3c0c-chrome-pdf.html","meta":{"rootId":"7zrat0tw0e4dpam","id":"7zrat0tw0e4dpam"},"id":"r73rwzjh1pz8mdb","previousOperationId":"w2s7vuxv3medyis"}
{"type":"log","timestamp":1708503639674,"level":"debug","message":"Page request finished: GET (stylesheet) 200 https://cdn.jsdelivr.net/chartist.js/latest/chartist.min.css","meta":{"rootId":"7zrat0tw0e4dpam","id":"7zrat0tw0e4dpam"},"id":"03bzvf85hef2h70","previousOperationId":"w2s7vuxv3medyis"}
{"type":"log","timestamp":1708503639678,"level":"debug","message":"Page request finished: GET (script) 200 https://cdn.jsdelivr.net/chartist.js/latest/chartist.min.js","meta":{"rootId":"7zrat0tw0e4dpam","id":"7zrat0tw0e4dpam"},"id":"chyalciaysq0bh7","previousOperationId":"w2s7vuxv3medyis"}
{"type":"log","timestamp":1708503639687,"level":"warn","message":"Page error: Unexpected token ';' , stack: SyntaxError: Unexpected token ';'","meta":{"rootId":"7zrat0tw0e4dpam","id":"7zrat0tw0e4dpam"},"id":"x0pl852fn27pp1x","previousOperationId":"w2s7vuxv3medyis"}
{"type":"log","timestamp":1708503639694,"level":"debug","message":"Running chrome with params {\"printBackground\":true,\"timeout\":59733,\"margin\":{}}","meta":{"rootId":"7zrat0tw0e4dpam","id":"7zrat0tw0e4dpam"},"id":"kzqhi9umqbmcuzw","previousOperationId":"w2s7vuxv3medyis"}
{"type":"operationEnd","operationId":"w2s7vuxv3medyis","timestamp":1708503639704,"id":"18t5ty3twy8rou4","previousEventId":"6uxob33y622jy0f","previousOperationId":"w2s7vuxv3medyis"}
{"type":"log","timestamp":1708503639704,"level":"debug","message":"Skipping storing report.","meta":{"rootId":"7zrat0tw0e4dpam","id":"7zrat0tw0e4dpam"},"id":"cvujeoc3kwbt49c","previousOperationId":"w2s7vuxv3medyis"}
{"type":"log","timestamp":1708503639704,"level":"info","message":"Rendering request 4 finished in 636 ms","meta":{"rootId":"7zrat0tw0e4dpam","id":"7zrat0tw0e4dpam"},"id":"39ooywbhddq4vwl","previousOperationId":"w2s7vuxv3medyis"}
{"type":"operationEnd","subtype":"render","operationId":"ikkmquz79c9xqm6","timestamp":1708503639704,"id":"cxaijj1vla5bnwp","previousEventId":"18t5ty3twy8rou4","previousOperationId":"w2s7vuxv3medyis"}
{"type":"operationEnd","doDiffs":false,"previousEventId":"66wyehcu76bebvs","previousOperationId":"5v6t0ut3oq9jy18","operationId":"5v6t0ut3oq9jy18","timestamp":1708503639711,"id":"qpdbetzbll6dw3g"}
