{"type":"operationStart","subtype":"profile","data":{"_id":"LTg1TM0wWrc3Vgy3","timestamp":"2024-02-23T19:27:00.107Z","state":"queued","mode":"standard","creationDate":"2024-02-23T19:27:00.108Z","modificationDate":"2024-02-23T19:27:00.108Z","shortid":"N8XI_UG","$entitySet":"profiles"},"doDiffs":false,"timestamp":1708716420107,"id":"2gfhgnsclsext07","previousOperationId":null,"operationId":"hzc0j4hqh9xpekj"}
{"type":"log","level":"info","message":"Render request 2 queued for execution and waiting for available worker","previousOperationId":"hzc0j4hqh9xpekj","timestamp":1708716420107,"id":"72jfmusugotwce8"}
{"type":"operationStart","subtype":"render","name":"TemplateCalc","previousOperationId":"hzc0j4hqh9xpekj","timestamp":1708716420112,"id":"p17t2yhn7wex3s7","previousEventId":"2gfhgnsclsext07","operationId":"sstpigjqcxy065f"}
{"type":"log","timestamp":1708716420113,"level":"info","message":"Starting rendering request 2","meta":{"rootId":"a2fp5cf5r4mm0a3","id":"a2fp5cf5r4mm0a3"},"id":"f6ncuhlnv8juuqg","previousOperationId":"sstpigjqcxy065f"}
{"type":"log","timestamp":1708716420113,"level":"info","message":"Rendering template { name: TemplateCalc, recipe: chrome-pdf, engine: handlebars, preview: false }","meta":{"rootId":"a2fp5cf5r4mm0a3","id":"a2fp5cf5r4mm0a3"},"id":"n117yyhkc2gx0br","previousOperationId":"sstpigjqcxy065f"}
{"type":"log","timestamp":1708716420114,"level":"debug","message":"Inline data specified.","meta":{"rootId":"a2fp5cf5r4mm0a3","id":"a2fp5cf5r4mm0a3"},"id":"nkokaa4lgjuim9a","previousOperationId":"sstpigjqcxy065f"}
{"type":"log","timestamp":1708716420116,"level":"debug","message":"Executing script list-data (beforeRender)","meta":{"rootId":"a2fp5cf5r4mm0a3","id":"a2fp5cf5r4mm0a3"},"id":"9hf1boltrx7v6zt","previousOperationId":"sstpigjqcxy065f"}
{"type":"operationStart","subtype":"scriptsBeforeRender","name":"scripts beforeRender","timestamp":1708716420249,"id":"7af6ab4h5213ryz","previousEventId":"p17t2yhn7wex3s7","operationId":"gvutzprlkq178ue","previousOperationId":"sstpigjqcxy065f"}
{"type":"operationStart","subtype":"script","name":"scripts list-data","previousOperationId":"gvutzprlkq178ue","timestamp":1708716420249,"id":"edkaq30tsh297tp","previousEventId":"7af6ab4h5213ryz","operationId":"r2cbgywy7vtn44w"}
{"type":"log","timestamp":1708716420266,"level":"debug","message":"(console:log) []","meta":{"userLevel":true,"rootId":"a2fp5cf5r4mm0a3","id":"a2fp5cf5r4mm0a3"},"id":"k4haeu36zt6we5v","previousOperationId":"r2cbgywy7vtn44w"}
{"type":"log","timestamp":1708716420272,"level":"debug","message":"(console:log) [\n  {\n    id: 1,\n    nickname: 'a',\n    is_admin: true,\n    created_at: '2024-02-23T19:14:46.163Z',\n    updated_at: '2024-02-23T19:14:46.163Z',\n    email: 'aa@aa',\n    jti: '7d063848-c0b0-4f26-996a-27f50d4f2951'\n  }\n]","meta":{"userLevel":true,"rootId":"a2fp5cf5r4mm0a3","id":"a2fp5cf5r4mm0a3"},"id":"m6z0rs4gl8drk0z","previousOperationId":"r2cbgywy7vtn44w"}
{"type":"operationEnd","operationId":"r2cbgywy7vtn44w","timestamp":1708716420273,"id":"zpzta229d1076pq","previousEventId":"p17t2yhn7wex3s7","previousOperationId":"sstpigjqcxy065f"}
{"type":"operationEnd","operationId":"gvutzprlkq178ue","timestamp":1708716420273,"id":"7kjp4uhcuoxwewc","previousEventId":"zpzta229d1076pq","previousOperationId":"sstpigjqcxy065f"}
{"type":"log","timestamp":1708716420273,"level":"debug","message":"Base url not specified, skipping its injection.","meta":{"rootId":"a2fp5cf5r4mm0a3","id":"a2fp5cf5r4mm0a3"},"id":"9o9wfzaomqbox89","previousOperationId":"gvutzprlkq178ue"}
{"type":"operationStart","subtype":"engine","name":"handlebars","timestamp":1708716420274,"id":"memswdyd8fvaqto","previousEventId":"7kjp4uhcuoxwewc","operationId":"hw0nh5uuyzuowvl","previousOperationId":"gvutzprlkq178ue"}
{"type":"log","timestamp":1708716420274,"level":"debug","message":"Rendering engine handlebars","meta":{"rootId":"a2fp5cf5r4mm0a3","id":"a2fp5cf5r4mm0a3"},"id":"n0q5f0aodg8h41p","previousOperationId":"hw0nh5uuyzuowvl"}
{"type":"operationEnd","operationId":"hw0nh5uuyzuowvl","timestamp":1708716420408,"id":"ylbyn72ic8ost2d","previousEventId":"memswdyd8fvaqto","previousOperationId":"hw0nh5uuyzuowvl"}
{"type":"operationStart","subtype":"recipe","name":"chrome-pdf","timestamp":1708716420408,"id":"hscm4jaqrtsrzve","previousEventId":"ylbyn72ic8ost2d","operationId":"udawaafw2wc3rdf","previousOperationId":"hw0nh5uuyzuowvl"}
{"type":"log","timestamp":1708716420408,"level":"debug","message":"Executing recipe chrome-pdf","meta":{"rootId":"a2fp5cf5r4mm0a3","id":"a2fp5cf5r4mm0a3"},"id":"sljem8iwnrm6ejc","previousOperationId":"udawaafw2wc3rdf"}
{"type":"log","timestamp":1708716420643,"level":"debug","message":"Converting with chrome HeadlessChrome/117.0.5938.149 using chrome-pool strategy","meta":{"rootId":"a2fp5cf5r4mm0a3","id":"a2fp5cf5r4mm0a3"},"id":"x510cz453drgecx","previousOperationId":"udawaafw2wc3rdf"}
{"type":"log","timestamp":1708716420680,"level":"debug","message":"Page request: GET (document) file:///tmp/jsreport/autocleanup/a5ad64ea-9e0e-482c-937f-e8cc2294e4c6-chrome-pdf.html","meta":{"rootId":"a2fp5cf5r4mm0a3","id":"a2fp5cf5r4mm0a3"},"id":"ai377hswty8tjq0","previousOperationId":"udawaafw2wc3rdf"}
{"type":"log","timestamp":1708716420685,"level":"debug","message":"Page request: GET (stylesheet) https://cdn.jsdelivr.net/chartist.js/latest/chartist.min.css","meta":{"rootId":"a2fp5cf5r4mm0a3","id":"a2fp5cf5r4mm0a3"},"id":"w8wv6ieznc529qc","previousOperationId":"udawaafw2wc3rdf"}
{"type":"log","timestamp":1708716420686,"level":"debug","message":"Page request: GET (script) https://cdn.jsdelivr.net/chartist.js/latest/chartist.min.js","meta":{"rootId":"a2fp5cf5r4mm0a3","id":"a2fp5cf5r4mm0a3"},"id":"rdgf9fc1x74au7u","previousOperationId":"udawaafw2wc3rdf"}
{"type":"log","timestamp":1708716420686,"level":"debug","message":"Page request finished: GET (document) 200 file:///tmp/jsreport/autocleanup/a5ad64ea-9e0e-482c-937f-e8cc2294e4c6-chrome-pdf.html","meta":{"rootId":"a2fp5cf5r4mm0a3","id":"a2fp5cf5r4mm0a3"},"id":"pj2bsmjo4il1kah","previousOperationId":"udawaafw2wc3rdf"}
{"type":"log","timestamp":1708716420796,"level":"debug","message":"Page request finished: GET (stylesheet) 200 https://cdn.jsdelivr.net/chartist.js/latest/chartist.min.css","meta":{"rootId":"a2fp5cf5r4mm0a3","id":"a2fp5cf5r4mm0a3"},"id":"u6f208u9qeirora","previousOperationId":"udawaafw2wc3rdf"}
{"type":"log","timestamp":1708716420800,"level":"debug","message":"Page request finished: GET (script) 200 https://cdn.jsdelivr.net/chartist.js/latest/chartist.min.js","meta":{"rootId":"a2fp5cf5r4mm0a3","id":"a2fp5cf5r4mm0a3"},"id":"cpr56rzdzgzun9y","previousOperationId":"udawaafw2wc3rdf"}
{"type":"log","timestamp":1708716420807,"level":"debug","message":"Running chrome with params {\"printBackground\":true,\"timeout\":59576,\"margin\":{}}","meta":{"rootId":"a2fp5cf5r4mm0a3","id":"a2fp5cf5r4mm0a3"},"id":"b1len1ltukrd9f5","previousOperationId":"udawaafw2wc3rdf"}
{"type":"operationEnd","operationId":"udawaafw2wc3rdf","timestamp":1708716420815,"id":"k67e73igmvuafwr","previousEventId":"hscm4jaqrtsrzve","previousOperationId":"udawaafw2wc3rdf"}
{"type":"log","timestamp":1708716420815,"level":"debug","message":"Executing script list-data (afterRender)","meta":{"rootId":"a2fp5cf5r4mm0a3","id":"a2fp5cf5r4mm0a3"},"id":"f2ri9fo7b2dzmtl","previousOperationId":"udawaafw2wc3rdf"}
{"type":"operationStart","subtype":"scriptsAfterRender","name":"scripts afterRender","timestamp":1708716420818,"id":"mfb59w0nbfztzza","previousEventId":"k67e73igmvuafwr","operationId":"8fedvu15l44l1b5","previousOperationId":"udawaafw2wc3rdf"}
{"type":"operationStart","subtype":"script","name":"scripts list-data","previousOperationId":"8fedvu15l44l1b5","timestamp":1708716420819,"id":"8kl2i12kmdrdsf0","previousEventId":"mfb59w0nbfztzza","operationId":"d3qyvk3mlfe9qgi"}
{"type":"operationEnd","operationId":"d3qyvk3mlfe9qgi","timestamp":1708716420823,"id":"pt25ygsf5jel1vg","previousEventId":"k67e73igmvuafwr","previousOperationId":"udawaafw2wc3rdf"}
{"type":"operationEnd","operationId":"8fedvu15l44l1b5","timestamp":1708716420823,"id":"cz4xkkii06o2toq","previousEventId":"pt25ygsf5jel1vg","previousOperationId":"udawaafw2wc3rdf"}
{"type":"log","timestamp":1708716420823,"level":"debug","message":"Skipping storing report.","meta":{"rootId":"a2fp5cf5r4mm0a3","id":"a2fp5cf5r4mm0a3"},"id":"kdp717k2k30a3vo","previousOperationId":"8fedvu15l44l1b5"}
{"type":"log","timestamp":1708716420823,"level":"info","message":"Rendering request 2 finished in 717 ms","meta":{"rootId":"a2fp5cf5r4mm0a3","id":"a2fp5cf5r4mm0a3"},"id":"r4plb7mihexwk2c","previousOperationId":"8fedvu15l44l1b5"}
{"type":"operationEnd","subtype":"render","operationId":"sstpigjqcxy065f","timestamp":1708716420823,"id":"8kvlf2k4pyniap7","previousEventId":"cz4xkkii06o2toq","previousOperationId":"8fedvu15l44l1b5"}
{"type":"operationEnd","doDiffs":false,"previousEventId":"2gfhgnsclsext07","previousOperationId":"hzc0j4hqh9xpekj","operationId":"hzc0j4hqh9xpekj","timestamp":1708716420824,"id":"jwljt8i4me85xnl"}
