{"type":"operationStart","subtype":"profile","data":{"_id":"x02bEVdhxcwIlh09","timestamp":"2024-02-21T08:49:52.607Z","state":"queued","mode":"standard","creationDate":"2024-02-21T08:49:52.608Z","modificationDate":"2024-02-21T08:49:52.608Z","shortid":"owA6IeT","$entitySet":"profiles"},"doDiffs":false,"timestamp":1708505392608,"id":"zapy5158ihhlf80","previousOperationId":null,"operationId":"dc244nn06yj3gun"}
{"type":"log","level":"info","message":"Render request 12 queued for execution and waiting for available worker","previousOperationId":"dc244nn06yj3gun","timestamp":1708505392608,"id":"z2duzzqa7zv3qhw"}
{"type":"operationStart","subtype":"render","name":"TemplateCalc","previousOperationId":"dc244nn06yj3gun","timestamp":1708505392613,"id":"mzhgstv9tyixsn7","previousEventId":"zapy5158ihhlf80","operationId":"8huhqz1a7vnltin"}
{"type":"log","timestamp":1708505392613,"level":"info","message":"Starting rendering request 12","meta":{"rootId":"a75t2ca8ql1j6xu","id":"a75t2ca8ql1j6xu"},"id":"010aosyo447mzmn","previousOperationId":"8huhqz1a7vnltin"}
{"type":"log","timestamp":1708505392613,"level":"info","message":"Rendering template { name: TemplateCalc, recipe: chrome-pdf, engine: handlebars, preview: true }","meta":{"rootId":"a75t2ca8ql1j6xu","id":"a75t2ca8ql1j6xu"},"id":"squt0fkwg5erkdz","previousOperationId":"8huhqz1a7vnltin"}
{"type":"log","timestamp":1708505392614,"level":"debug","message":"Data item not defined for this template.","meta":{"rootId":"a75t2ca8ql1j6xu","id":"a75t2ca8ql1j6xu"},"id":"jyuld7d4ucuy2e0","previousOperationId":"8huhqz1a7vnltin"}
{"type":"log","timestamp":1708505392616,"level":"debug","message":"Executing script list-data (beforeRender)","meta":{"rootId":"a75t2ca8ql1j6xu","id":"a75t2ca8ql1j6xu"},"id":"su1jn8didxiwro3","previousOperationId":"8huhqz1a7vnltin"}
{"type":"operationStart","subtype":"scriptsBeforeRender","name":"scripts beforeRender","timestamp":1708505392621,"id":"78z6ljqu3d7qiuq","previousEventId":"mzhgstv9tyixsn7","operationId":"wz9uk524k3jo5rg","previousOperationId":"8huhqz1a7vnltin"}
{"type":"operationStart","subtype":"script","name":"scripts list-data","previousOperationId":"wz9uk524k3jo5rg","timestamp":1708505392621,"id":"bo2ox5glcsmcskm","previousEventId":"78z6ljqu3d7qiuq","operationId":"r5x60pqltcirrbi"}
{"type":"log","timestamp":1708505392643,"level":"debug","message":"(console:log) [\n  {\n    list_description: {\n      id: 1,\n      list_name: 'charcuteria',\n      list_current_number: 22,\n      list_limit_number: 100\n    },\n    list_image: {\n      url: 'http://localhost:4000/rails/active_storage/blobs/redirect/eyJfcmFpbHMiOnsiZGF0YSI6MiwicHVyIjoiYmxvYl9pZCJ9fQ==--ee6d56bf52163135b48a4ba2c22b11a93e94d3b3/meat.jpg'\n    }\n  }\n]","meta":{"userLevel":true,"rootId":"a75t2ca8ql1j6xu","id":"a75t2ca8ql1j6xu"},"id":"9s2959c61w74n2c","previousOperationId":"r5x60pqltcirrbi"}
{"type":"log","timestamp":1708505392653,"level":"debug","message":"(console:log) [\n  {\n    id: 1,\n    nickname: 'a',\n    is_admin: true,\n    suscriptor: null,\n    created_at: '2024-02-21T08:40:20.412Z',\n    updated_at: '2024-02-21T08:40:20.504Z',\n    email: 'a@a.a',\n    jti: 'd586867c-1112-405a-bf37-1c4c895aa19f'\n  }\n]","meta":{"userLevel":true,"rootId":"a75t2ca8ql1j6xu","id":"a75t2ca8ql1j6xu"},"id":"b1fy5j8629he35z","previousOperationId":"r5x60pqltcirrbi"}
{"type":"operationEnd","operationId":"r5x60pqltcirrbi","timestamp":1708505392653,"id":"tdvcbgkjig3ra3s","previousEventId":"mzhgstv9tyixsn7","previousOperationId":"8huhqz1a7vnltin"}
{"type":"operationEnd","operationId":"wz9uk524k3jo5rg","timestamp":1708505392654,"id":"j4y7ij6kdfvp3gn","previousEventId":"tdvcbgkjig3ra3s","previousOperationId":"8huhqz1a7vnltin"}
{"type":"log","timestamp":1708505392654,"level":"debug","message":"Base url not specified, skipping its injection.","meta":{"rootId":"a75t2ca8ql1j6xu","id":"a75t2ca8ql1j6xu"},"id":"8ppqr7ikohcru1z","previousOperationId":"wz9uk524k3jo5rg"}
{"type":"operationStart","subtype":"engine","name":"handlebars","timestamp":1708505392654,"id":"0i8j5k024dfiyys","previousEventId":"j4y7ij6kdfvp3gn","operationId":"daiz67hmkr3n08p","previousOperationId":"wz9uk524k3jo5rg"}
{"type":"log","timestamp":1708505392654,"level":"debug","message":"Rendering engine handlebars","meta":{"rootId":"a75t2ca8ql1j6xu","id":"a75t2ca8ql1j6xu"},"id":"sendyfqgwrlwrxw","previousOperationId":"daiz67hmkr3n08p"}
{"type":"operationEnd","operationId":"daiz67hmkr3n08p","timestamp":1708505392666,"id":"ox6wrv041joh43r","previousEventId":"0i8j5k024dfiyys","previousOperationId":"daiz67hmkr3n08p"}
{"type":"operationStart","subtype":"recipe","name":"chrome-pdf","timestamp":1708505392666,"id":"902zjqndgfmv3xp","previousEventId":"ox6wrv041joh43r","operationId":"eancbc12n5mox7w","previousOperationId":"daiz67hmkr3n08p"}
{"type":"log","timestamp":1708505392666,"level":"debug","message":"Executing recipe chrome-pdf","meta":{"rootId":"a75t2ca8ql1j6xu","id":"a75t2ca8ql1j6xu"},"id":"qlvy0jrjl3vrwtn","previousOperationId":"eancbc12n5mox7w"}
{"type":"log","timestamp":1708505392668,"level":"debug","message":"Converting with chrome HeadlessChrome/117.0.5938.149 using chrome-pool strategy","meta":{"rootId":"a75t2ca8ql1j6xu","id":"a75t2ca8ql1j6xu"},"id":"t2id1gjdrxoz4df","previousOperationId":"eancbc12n5mox7w"}
{"type":"log","timestamp":1708505392719,"level":"debug","message":"Page request: GET (document) file:///tmp/jsreport/autocleanup/93a81303-fcc3-4517-91e0-d209d5fd1e32-chrome-pdf.html","meta":{"rootId":"a75t2ca8ql1j6xu","id":"a75t2ca8ql1j6xu"},"id":"8d9l1m7rbhnu7f3","previousOperationId":"eancbc12n5mox7w"}
{"type":"log","timestamp":1708505392728,"level":"debug","message":"Page request: GET (stylesheet) https://cdn.jsdelivr.net/chartist.js/latest/chartist.min.css","meta":{"rootId":"a75t2ca8ql1j6xu","id":"a75t2ca8ql1j6xu"},"id":"iarqvnsu3cdj1jh","previousOperationId":"eancbc12n5mox7w"}
{"type":"log","timestamp":1708505392728,"level":"debug","message":"Page request: GET (script) https://cdn.jsdelivr.net/chartist.js/latest/chartist.min.js","meta":{"rootId":"a75t2ca8ql1j6xu","id":"a75t2ca8ql1j6xu"},"id":"evs677g2im8i2y0","previousOperationId":"eancbc12n5mox7w"}
{"type":"log","timestamp":1708505392729,"level":"debug","message":"Page request finished: GET (document) 200 file:///tmp/jsreport/autocleanup/93a81303-fcc3-4517-91e0-d209d5fd1e32-chrome-pdf.html","meta":{"rootId":"a75t2ca8ql1j6xu","id":"a75t2ca8ql1j6xu"},"id":"c9w31tgeb9fk589","previousOperationId":"eancbc12n5mox7w"}
{"type":"log","timestamp":1708505392731,"level":"debug","message":"Page request finished: GET (stylesheet) 200 https://cdn.jsdelivr.net/chartist.js/latest/chartist.min.css","meta":{"rootId":"a75t2ca8ql1j6xu","id":"a75t2ca8ql1j6xu"},"id":"7e7ixrtdzbempy9","previousOperationId":"eancbc12n5mox7w"}
{"type":"log","timestamp":1708505392731,"level":"debug","message":"Page request finished: GET (script) 200 https://cdn.jsdelivr.net/chartist.js/latest/chartist.min.js","meta":{"rootId":"a75t2ca8ql1j6xu","id":"a75t2ca8ql1j6xu"},"id":"sfumrphfnya3lip","previousOperationId":"eancbc12n5mox7w"}
{"type":"log","timestamp":1708505392736,"level":"debug","message":"Running chrome with params {\"printBackground\":true,\"timeout\":59940,\"margin\":{}}","meta":{"rootId":"a75t2ca8ql1j6xu","id":"a75t2ca8ql1j6xu"},"id":"06mmt1qmwsat6hl","previousOperationId":"eancbc12n5mox7w"}
{"type":"operationEnd","operationId":"eancbc12n5mox7w","timestamp":1708505392745,"id":"7b21saurwej0xa5","previousEventId":"902zjqndgfmv3xp","previousOperationId":"eancbc12n5mox7w"}
{"type":"log","timestamp":1708505392745,"level":"debug","message":"Skipping storing report.","meta":{"rootId":"a75t2ca8ql1j6xu","id":"a75t2ca8ql1j6xu"},"id":"smvnbfc5dpok7ki","previousOperationId":"eancbc12n5mox7w"}
{"type":"log","timestamp":1708505392745,"level":"info","message":"Rendering request 12 finished in 138 ms","meta":{"rootId":"a75t2ca8ql1j6xu","id":"a75t2ca8ql1j6xu"},"id":"e3zifcbfbi5y3hb","previousOperationId":"eancbc12n5mox7w"}
{"type":"operationEnd","subtype":"render","operationId":"8huhqz1a7vnltin","timestamp":1708505392745,"id":"w0xylemnbrvxfsy","previousEventId":"7b21saurwej0xa5","previousOperationId":"eancbc12n5mox7w"}
{"type":"operationEnd","doDiffs":false,"previousEventId":"zapy5158ihhlf80","previousOperationId":"dc244nn06yj3gun","operationId":"dc244nn06yj3gun","timestamp":1708505392754,"id":"xj2k7n98bctqpav"}
