{"type":"operationStart","subtype":"profile","data":{"_id":"bCxFaVuHye5B1GqW","timestamp":"2024-02-21T08:32:12.287Z","state":"queued","mode":"standard","creationDate":"2024-02-21T08:32:12.289Z","modificationDate":"2024-02-21T08:32:12.289Z","shortid":"lLMduS7","$entitySet":"profiles"},"doDiffs":false,"timestamp":1708504332288,"id":"jw1qi5ia1orgnpt","previousOperationId":null,"operationId":"ehg7zdafins1fqc"}
{"type":"log","level":"info","message":"Render request 11 queued for execution and waiting for available worker","previousOperationId":"ehg7zdafins1fqc","timestamp":1708504332288,"id":"o9gkb9px0c9j1tn"}
{"type":"operationStart","subtype":"render","name":"TemplateCalc","previousOperationId":"ehg7zdafins1fqc","timestamp":1708504332294,"id":"yg6l9bu5b4yqsgk","previousEventId":"jw1qi5ia1orgnpt","operationId":"sy6cm4jjdkzaq8l"}
{"type":"log","timestamp":1708504332294,"level":"info","message":"Starting rendering request 11","meta":{"rootId":"bgawm741j7hq3pr","id":"bgawm741j7hq3pr"},"id":"doe9v5kxm1o2caa","previousOperationId":"sy6cm4jjdkzaq8l"}
{"type":"log","timestamp":1708504332294,"level":"info","message":"Rendering template { name: TemplateCalc, recipe: chrome-pdf, engine: handlebars, preview: true }","meta":{"rootId":"bgawm741j7hq3pr","id":"bgawm741j7hq3pr"},"id":"jrm9oi5wbhadckj","previousOperationId":"sy6cm4jjdkzaq8l"}
{"type":"log","timestamp":1708504332295,"level":"debug","message":"Data item not defined for this template.","meta":{"rootId":"bgawm741j7hq3pr","id":"bgawm741j7hq3pr"},"id":"er14qok8nays0p2","previousOperationId":"sy6cm4jjdkzaq8l"}
{"type":"log","timestamp":1708504332296,"level":"debug","message":"Executing script list-data (beforeRender)","meta":{"rootId":"bgawm741j7hq3pr","id":"bgawm741j7hq3pr"},"id":"u3waf9o3lfxj2vk","previousOperationId":"sy6cm4jjdkzaq8l"}
{"type":"operationStart","subtype":"scriptsBeforeRender","name":"scripts beforeRender","timestamp":1708504332303,"id":"elzkh2mm66y03lx","previousEventId":"yg6l9bu5b4yqsgk","operationId":"rjhl2ef4weozyan","previousOperationId":"sy6cm4jjdkzaq8l"}
{"type":"operationStart","subtype":"script","name":"scripts list-data","previousOperationId":"rjhl2ef4weozyan","timestamp":1708504332303,"id":"uw93f9rg52lz7y2","previousEventId":"elzkh2mm66y03lx","operationId":"cjqky5a2h8xpof9"}
{"type":"log","timestamp":1708504332333,"level":"debug","message":"(console:log) [\n  {\n    list_description: {\n      id: 2,\n      list_name: 'sarshisha',\n      list_current_number: 13,\n      list_limit_number: 0\n    },\n    list_image: {\n      url: 'http://localhost:4000/rails/active_storage/blobs/redirect/eyJfcmFpbHMiOnsiZGF0YSI6MywicHVyIjoiYmxvYl9pZCJ9fQ==--07183cfade35ce6ffe715f60749642919ec61f5d/charcuteria.png'\n    }\n  },\n  {\n    list_description: {\n      id: 3,\n      list_name: 'stjsjshtshn',\n      list_current_number: 4,\n      list_limit_number: 0\n    },\n    list_image: {\n      url: 'http://localhost:4000/rails/active_storage/blobs/redirect/eyJfcmFpbHMiOnsiZGF0YSI6NCwicHVyIjoiYmxvYl9pZCJ9fQ==--023aae65cb60b3f6c6d73a9c76e14c0b0df6ad86/dibujoadrian.jpg'\n    }\n  },\n  {\n    list_description: {\n      id: 1,\n      list_name: 'charcuteria',\n      list_current_number: 1,\n      list_limit_number: 0\n    },\n    list_image: {\n      url: 'http://localhost:4000/rails/active_storage/blobs/redirect/eyJfcmFpbHMiOnsiZGF0YSI6MiwicHVyIjoiYmxvYl9pZCJ9fQ==--ee6d56bf52163135b48a4ba2c22b11a93e94d3b3/charcuteria.png'\n    }\n  }\n]","meta":{"userLevel":true,"rootId":"bgawm741j7hq3pr","id":"bgawm741j7hq3pr"},"id":"j3idoo7watl2g1e","previousOperationId":"cjqky5a2h8xpof9"}
{"type":"log","timestamp":1708504332340,"level":"debug","message":"(console:log) [\n  {\n    id: 1,\n    nickname: 'a',\n    is_admin: true,\n    suscriptor: null,\n    created_at: '2024-02-20T16:45:37.609Z',\n    updated_at: '2024-02-20T16:45:37.729Z',\n    email: 'a@a.a',\n    jti: '6a2b57ca-af4b-47a0-8285-477cffafa34b'\n  }\n]","meta":{"userLevel":true,"rootId":"bgawm741j7hq3pr","id":"bgawm741j7hq3pr"},"id":"4n8okmutwil591m","previousOperationId":"cjqky5a2h8xpof9"}
{"type":"operationEnd","operationId":"cjqky5a2h8xpof9","timestamp":1708504332341,"id":"75lacscnl2wchuk","previousEventId":"yg6l9bu5b4yqsgk","previousOperationId":"sy6cm4jjdkzaq8l"}
{"type":"operationEnd","operationId":"rjhl2ef4weozyan","timestamp":1708504332341,"id":"8rfazlqlw80tt3r","previousEventId":"75lacscnl2wchuk","previousOperationId":"sy6cm4jjdkzaq8l"}
{"type":"log","timestamp":1708504332341,"level":"debug","message":"Base url not specified, skipping its injection.","meta":{"rootId":"bgawm741j7hq3pr","id":"bgawm741j7hq3pr"},"id":"r1rkpb06rjbmmuy","previousOperationId":"rjhl2ef4weozyan"}
{"type":"operationStart","subtype":"engine","name":"handlebars","timestamp":1708504332341,"id":"ifmghmkxd6lq8ye","previousEventId":"8rfazlqlw80tt3r","operationId":"qjq6nm7ghp3o8tt","previousOperationId":"rjhl2ef4weozyan"}
{"type":"log","timestamp":1708504332341,"level":"debug","message":"Rendering engine handlebars","meta":{"rootId":"bgawm741j7hq3pr","id":"bgawm741j7hq3pr"},"id":"oqnek9oj886yqtq","previousOperationId":"qjq6nm7ghp3o8tt"}
{"type":"operationEnd","operationId":"qjq6nm7ghp3o8tt","timestamp":1708504332353,"id":"3b2rw66hz80pe4j","previousEventId":"ifmghmkxd6lq8ye","previousOperationId":"qjq6nm7ghp3o8tt"}
{"type":"operationStart","subtype":"recipe","name":"chrome-pdf","timestamp":1708504332353,"id":"6r1z3fyaeshjhi8","previousEventId":"3b2rw66hz80pe4j","operationId":"7sepx2s0aqai42u","previousOperationId":"qjq6nm7ghp3o8tt"}
{"type":"log","timestamp":1708504332353,"level":"debug","message":"Executing recipe chrome-pdf","meta":{"rootId":"bgawm741j7hq3pr","id":"bgawm741j7hq3pr"},"id":"8zojaonaaz7fgn6","previousOperationId":"7sepx2s0aqai42u"}
{"type":"log","timestamp":1708504332355,"level":"debug","message":"Converting with chrome HeadlessChrome/117.0.5938.149 using chrome-pool strategy","meta":{"rootId":"bgawm741j7hq3pr","id":"bgawm741j7hq3pr"},"id":"znveu3ftbojd05r","previousOperationId":"7sepx2s0aqai42u"}
{"type":"log","timestamp":1708504332419,"level":"debug","message":"Page request: GET (document) file:///tmp/jsreport/autocleanup/61eae873-734a-4b1c-a202-b8e88fbe0614-chrome-pdf.html","meta":{"rootId":"bgawm741j7hq3pr","id":"bgawm741j7hq3pr"},"id":"c0lqro5entzvgj1","previousOperationId":"7sepx2s0aqai42u"}
{"type":"log","timestamp":1708504332426,"level":"debug","message":"Page request: GET (stylesheet) https://cdn.jsdelivr.net/chartist.js/latest/chartist.min.css","meta":{"rootId":"bgawm741j7hq3pr","id":"bgawm741j7hq3pr"},"id":"bqr560o6o6xf9xt","previousOperationId":"7sepx2s0aqai42u"}
{"type":"log","timestamp":1708504332426,"level":"debug","message":"Page request: GET (script) https://cdn.jsdelivr.net/chartist.js/latest/chartist.min.js","meta":{"rootId":"bgawm741j7hq3pr","id":"bgawm741j7hq3pr"},"id":"f3584xewc9ixlih","previousOperationId":"7sepx2s0aqai42u"}
{"type":"log","timestamp":1708504332427,"level":"debug","message":"Page request finished: GET (document) 200 file:///tmp/jsreport/autocleanup/61eae873-734a-4b1c-a202-b8e88fbe0614-chrome-pdf.html","meta":{"rootId":"bgawm741j7hq3pr","id":"bgawm741j7hq3pr"},"id":"zjtxfmq66vomj3a","previousOperationId":"7sepx2s0aqai42u"}
{"type":"log","timestamp":1708504332429,"level":"debug","message":"Page request finished: GET (stylesheet) 200 https://cdn.jsdelivr.net/chartist.js/latest/chartist.min.css","meta":{"rootId":"bgawm741j7hq3pr","id":"bgawm741j7hq3pr"},"id":"9rc33yd3qlpelnb","previousOperationId":"7sepx2s0aqai42u"}
{"type":"log","timestamp":1708504332429,"level":"debug","message":"Page request finished: GET (script) 200 https://cdn.jsdelivr.net/chartist.js/latest/chartist.min.js","meta":{"rootId":"bgawm741j7hq3pr","id":"bgawm741j7hq3pr"},"id":"a0j84dvmkfdxqs1","previousOperationId":"7sepx2s0aqai42u"}
{"type":"log","timestamp":1708504332434,"level":"debug","message":"Running chrome with params {\"printBackground\":true,\"timeout\":59933,\"margin\":{}}","meta":{"rootId":"bgawm741j7hq3pr","id":"bgawm741j7hq3pr"},"id":"dipqj8rt6l39tfo","previousOperationId":"7sepx2s0aqai42u"}
{"type":"operationEnd","operationId":"7sepx2s0aqai42u","timestamp":1708504332442,"id":"xrm41fz30ouppyo","previousEventId":"6r1z3fyaeshjhi8","previousOperationId":"7sepx2s0aqai42u"}
{"type":"log","timestamp":1708504332442,"level":"debug","message":"Skipping storing report.","meta":{"rootId":"bgawm741j7hq3pr","id":"bgawm741j7hq3pr"},"id":"mepm64bpbhiicj9","previousOperationId":"7sepx2s0aqai42u"}
{"type":"log","timestamp":1708504332443,"level":"info","message":"Rendering request 11 finished in 156 ms","meta":{"rootId":"bgawm741j7hq3pr","id":"bgawm741j7hq3pr"},"id":"m5abejsg725dght","previousOperationId":"7sepx2s0aqai42u"}
{"type":"operationEnd","subtype":"render","operationId":"sy6cm4jjdkzaq8l","timestamp":1708504332443,"id":"hd57cw1xjubpjkg","previousEventId":"xrm41fz30ouppyo","previousOperationId":"7sepx2s0aqai42u"}
{"type":"operationEnd","doDiffs":false,"previousEventId":"jw1qi5ia1orgnpt","previousOperationId":"ehg7zdafins1fqc","operationId":"ehg7zdafins1fqc","timestamp":1708504332449,"id":"6ddis6jrv30eyth"}
