{"type":"operationStart","subtype":"profile","data":{"_id":"nYwSNKi448hoVjpy","timestamp":"2024-02-21T08:50:06.657Z","state":"queued","mode":"standard","creationDate":"2024-02-21T08:50:06.658Z","modificationDate":"2024-02-21T08:50:06.658Z","shortid":"3dfGti1","$entitySet":"profiles"},"doDiffs":false,"timestamp":1708505406657,"id":"2g9dezf2ffwdwvw","previousOperationId":null,"operationId":"j2n7qv06oggmn96"}
{"type":"log","level":"info","message":"Render request 13 queued for execution and waiting for available worker","previousOperationId":"j2n7qv06oggmn96","timestamp":1708505406658,"id":"dxqw8jkolfolzqv"}
{"type":"operationStart","subtype":"render","name":"TemplateCalc","previousOperationId":"j2n7qv06oggmn96","timestamp":1708505406662,"id":"rkuwi0lr84lx9zj","previousEventId":"2g9dezf2ffwdwvw","operationId":"2hrknrit1kngz16"}
{"type":"log","timestamp":1708505406662,"level":"info","message":"Starting rendering request 13","meta":{"rootId":"cv4rm52n342hncz","id":"cv4rm52n342hncz"},"id":"9ynlxhq5stsldky","previousOperationId":"2hrknrit1kngz16"}
{"type":"log","timestamp":1708505406662,"level":"info","message":"Rendering template { name: TemplateCalc, recipe: chrome-pdf, engine: handlebars, preview: true }","meta":{"rootId":"cv4rm52n342hncz","id":"cv4rm52n342hncz"},"id":"w6qhl6wlede68hg","previousOperationId":"2hrknrit1kngz16"}
{"type":"log","timestamp":1708505406663,"level":"debug","message":"Data item not defined for this template.","meta":{"rootId":"cv4rm52n342hncz","id":"cv4rm52n342hncz"},"id":"tzo41xdn9jg9x8c","previousOperationId":"2hrknrit1kngz16"}
{"type":"log","timestamp":1708505406665,"level":"debug","message":"Executing script list-data (beforeRender)","meta":{"rootId":"cv4rm52n342hncz","id":"cv4rm52n342hncz"},"id":"92bi3bdsvzpiaud","previousOperationId":"2hrknrit1kngz16"}
{"type":"operationStart","subtype":"scriptsBeforeRender","name":"scripts beforeRender","timestamp":1708505406669,"id":"gmyhu82rv4vz3tk","previousEventId":"rkuwi0lr84lx9zj","operationId":"wcz4ect12jfvb9h","previousOperationId":"2hrknrit1kngz16"}
{"type":"operationStart","subtype":"script","name":"scripts list-data","previousOperationId":"wcz4ect12jfvb9h","timestamp":1708505406669,"id":"c1d8zd2jt3t6bcq","previousEventId":"gmyhu82rv4vz3tk","operationId":"80zhd6vuhcj9rh9"}
{"type":"log","timestamp":1708505406680,"level":"debug","message":"(console:log) [\n  {\n    list_description: {\n      id: 1,\n      list_name: 'charcuteria',\n      list_current_number: 22,\n      list_limit_number: 100\n    },\n    list_image: {\n      url: 'http://localhost:4000/rails/active_storage/blobs/redirect/eyJfcmFpbHMiOnsiZGF0YSI6MiwicHVyIjoiYmxvYl9pZCJ9fQ==--ee6d56bf52163135b48a4ba2c22b11a93e94d3b3/meat.jpg'\n    }\n  }\n]","meta":{"userLevel":true,"rootId":"cv4rm52n342hncz","id":"cv4rm52n342hncz"},"id":"idavxloj47ku2uf","previousOperationId":"80zhd6vuhcj9rh9"}
{"type":"log","timestamp":1708505406690,"level":"debug","message":"(console:log) [\n  {\n    id: 1,\n    nickname: 'a',\n    is_admin: true,\n    suscriptor: null,\n    created_at: '2024-02-21T08:40:20.412Z',\n    updated_at: '2024-02-21T08:40:20.504Z',\n    email: 'a@a.a',\n    jti: 'd586867c-1112-405a-bf37-1c4c895aa19f'\n  }\n]","meta":{"userLevel":true,"rootId":"cv4rm52n342hncz","id":"cv4rm52n342hncz"},"id":"9650bxz2o7h21ud","previousOperationId":"80zhd6vuhcj9rh9"}
{"type":"operationEnd","operationId":"80zhd6vuhcj9rh9","timestamp":1708505406691,"id":"83zhjcmddrxdwfr","previousEventId":"rkuwi0lr84lx9zj","previousOperationId":"2hrknrit1kngz16"}
{"type":"operationEnd","operationId":"wcz4ect12jfvb9h","timestamp":1708505406691,"id":"fzjsh5dbkqcaio9","previousEventId":"83zhjcmddrxdwfr","previousOperationId":"2hrknrit1kngz16"}
{"type":"log","timestamp":1708505406691,"level":"debug","message":"Base url not specified, skipping its injection.","meta":{"rootId":"cv4rm52n342hncz","id":"cv4rm52n342hncz"},"id":"zr6rx6yaqttcuuf","previousOperationId":"wcz4ect12jfvb9h"}
{"type":"operationStart","subtype":"engine","name":"handlebars","timestamp":1708505406691,"id":"dtj307z8my03zzw","previousEventId":"fzjsh5dbkqcaio9","operationId":"v6cmt36ghjd206f","previousOperationId":"wcz4ect12jfvb9h"}
{"type":"log","timestamp":1708505406691,"level":"debug","message":"Rendering engine handlebars","meta":{"rootId":"cv4rm52n342hncz","id":"cv4rm52n342hncz"},"id":"c4xamrlm8m79nsn","previousOperationId":"v6cmt36ghjd206f"}
{"type":"operationEnd","operationId":"v6cmt36ghjd206f","timestamp":1708505406703,"id":"hn234z16xdqswgu","previousEventId":"dtj307z8my03zzw","previousOperationId":"v6cmt36ghjd206f"}
{"type":"operationStart","subtype":"recipe","name":"chrome-pdf","timestamp":1708505406703,"id":"cu4l5sz5xjhpnhf","previousEventId":"hn234z16xdqswgu","operationId":"jhoe9o4wzh2remi","previousOperationId":"v6cmt36ghjd206f"}
{"type":"log","timestamp":1708505406703,"level":"debug","message":"Executing recipe chrome-pdf","meta":{"rootId":"cv4rm52n342hncz","id":"cv4rm52n342hncz"},"id":"mkvh6lqx3ldt3t7","previousOperationId":"jhoe9o4wzh2remi"}
{"type":"log","timestamp":1708505406704,"level":"debug","message":"Converting with chrome HeadlessChrome/117.0.5938.149 using chrome-pool strategy","meta":{"rootId":"cv4rm52n342hncz","id":"cv4rm52n342hncz"},"id":"xw4otye2vknwrw4","previousOperationId":"jhoe9o4wzh2remi"}
{"type":"log","timestamp":1708505406749,"level":"debug","message":"Page request: GET (document) file:///tmp/jsreport/autocleanup/2e4d0753-0710-4fe4-845b-ea9d9bcc810a-chrome-pdf.html","meta":{"rootId":"cv4rm52n342hncz","id":"cv4rm52n342hncz"},"id":"vrsa99j5173v6ef","previousOperationId":"jhoe9o4wzh2remi"}
{"type":"log","timestamp":1708505406756,"level":"debug","message":"Page request: GET (stylesheet) https://cdn.jsdelivr.net/chartist.js/latest/chartist.min.css","meta":{"rootId":"cv4rm52n342hncz","id":"cv4rm52n342hncz"},"id":"7vtfnb8xummryvs","previousOperationId":"jhoe9o4wzh2remi"}
{"type":"log","timestamp":1708505406756,"level":"debug","message":"Page request: GET (script) https://cdn.jsdelivr.net/chartist.js/latest/chartist.min.js","meta":{"rootId":"cv4rm52n342hncz","id":"cv4rm52n342hncz"},"id":"v4j5us68er8w5uu","previousOperationId":"jhoe9o4wzh2remi"}
{"type":"log","timestamp":1708505406756,"level":"debug","message":"Page request finished: GET (document) 200 file:///tmp/jsreport/autocleanup/2e4d0753-0710-4fe4-845b-ea9d9bcc810a-chrome-pdf.html","meta":{"rootId":"cv4rm52n342hncz","id":"cv4rm52n342hncz"},"id":"j02i4dhbkpp3e1m","previousOperationId":"jhoe9o4wzh2remi"}
{"type":"log","timestamp":1708505406758,"level":"debug","message":"Page request finished: GET (stylesheet) 200 https://cdn.jsdelivr.net/chartist.js/latest/chartist.min.css","meta":{"rootId":"cv4rm52n342hncz","id":"cv4rm52n342hncz"},"id":"dylhf2bo2nsy39t","previousOperationId":"jhoe9o4wzh2remi"}
{"type":"log","timestamp":1708505406759,"level":"debug","message":"Page request finished: GET (script) 200 https://cdn.jsdelivr.net/chartist.js/latest/chartist.min.js","meta":{"rootId":"cv4rm52n342hncz","id":"cv4rm52n342hncz"},"id":"41m381luvtgsxm0","previousOperationId":"jhoe9o4wzh2remi"}
{"type":"log","timestamp":1708505406763,"level":"debug","message":"Running chrome with params {\"printBackground\":true,\"timeout\":59953,\"margin\":{}}","meta":{"rootId":"cv4rm52n342hncz","id":"cv4rm52n342hncz"},"id":"eo1mm1b68k2n8y1","previousOperationId":"jhoe9o4wzh2remi"}
{"type":"operationEnd","operationId":"jhoe9o4wzh2remi","timestamp":1708505406771,"id":"9zqknfawzpuzi4r","previousEventId":"cu4l5sz5xjhpnhf","previousOperationId":"jhoe9o4wzh2remi"}
{"type":"log","timestamp":1708505406771,"level":"debug","message":"Skipping storing report.","meta":{"rootId":"cv4rm52n342hncz","id":"cv4rm52n342hncz"},"id":"bw94dkeox050xzw","previousOperationId":"jhoe9o4wzh2remi"}
{"type":"log","timestamp":1708505406771,"level":"info","message":"Rendering request 13 finished in 114 ms","meta":{"rootId":"cv4rm52n342hncz","id":"cv4rm52n342hncz"},"id":"jik0c0y515tv6zd","previousOperationId":"jhoe9o4wzh2remi"}
{"type":"operationEnd","subtype":"render","operationId":"2hrknrit1kngz16","timestamp":1708505406771,"id":"wd1oq0jdag40mhf","previousEventId":"9zqknfawzpuzi4r","previousOperationId":"jhoe9o4wzh2remi"}
{"type":"operationEnd","doDiffs":false,"previousEventId":"2g9dezf2ffwdwvw","previousOperationId":"j2n7qv06oggmn96","operationId":"j2n7qv06oggmn96","timestamp":1708505406778,"id":"nqwbfwyx82qpfbv"}
