{"type":"operationStart","subtype":"profile","data":{"_id":"JXAGksN77NXsQqAQ","timestamp":"2024-02-21T09:02:37.503Z","state":"queued","mode":"standard","creationDate":"2024-02-21T09:02:37.504Z","modificationDate":"2024-02-21T09:02:37.504Z","shortid":"tfMum2m","$entitySet":"profiles"},"doDiffs":false,"timestamp":1708506157503,"id":"pygsezoys0wa3fj","previousOperationId":null,"operationId":"36t97l2bz2ljsg5"}
{"type":"log","level":"info","message":"Render request 2 queued for execution and waiting for available worker","previousOperationId":"36t97l2bz2ljsg5","timestamp":1708506157503,"id":"hvohld3pxsiprk9"}
{"type":"operationStart","subtype":"render","name":"TemplateCalc","previousOperationId":"36t97l2bz2ljsg5","timestamp":1708506157509,"id":"7u7i7qrlmokz1l5","previousEventId":"pygsezoys0wa3fj","operationId":"2swmwykjspfs52w"}
{"type":"log","timestamp":1708506157510,"level":"info","message":"Starting rendering request 2","meta":{"rootId":"fczi6bj84aal5vq","id":"fczi6bj84aal5vq"},"id":"eew8xk3ds8thvuc","previousOperationId":"2swmwykjspfs52w"}
{"type":"log","timestamp":1708506157510,"level":"info","message":"Rendering template { name: TemplateCalc, recipe: chrome-pdf, engine: handlebars, preview: false }","meta":{"rootId":"fczi6bj84aal5vq","id":"fczi6bj84aal5vq"},"id":"sc7psk3f1e5doe6","previousOperationId":"2swmwykjspfs52w"}
{"type":"log","timestamp":1708506157511,"level":"debug","message":"Data item not defined for this template.","meta":{"rootId":"fczi6bj84aal5vq","id":"fczi6bj84aal5vq"},"id":"mn5r7cfe6vv8foh","previousOperationId":"2swmwykjspfs52w"}
{"type":"log","timestamp":1708506157515,"level":"debug","message":"Executing script list-data (beforeRender)","meta":{"rootId":"fczi6bj84aal5vq","id":"fczi6bj84aal5vq"},"id":"atb5chdhmpj7y5r","previousOperationId":"2swmwykjspfs52w"}
{"type":"operationStart","subtype":"scriptsBeforeRender","name":"scripts beforeRender","timestamp":1708506157663,"id":"07n3qi2wk7duaq4","previousEventId":"7u7i7qrlmokz1l5","operationId":"3ziz392boknfpqs","previousOperationId":"2swmwykjspfs52w"}
{"type":"operationStart","subtype":"script","name":"scripts list-data","previousOperationId":"3ziz392boknfpqs","timestamp":1708506157663,"id":"mp0ojm0bs6xwjqs","previousEventId":"07n3qi2wk7duaq4","operationId":"1mffavncq1egp9i"}
{"type":"log","timestamp":1708506157691,"level":"debug","message":"(console:log) [\n  {\n    list_description: {\n      id: 1,\n      list_name: 'charcuteria',\n      list_current_number: 22,\n      list_limit_number: 100\n    },\n    list_image: {\n      url: 'http://localhost:4000/rails/active_storage/blobs/redirect/eyJfcmFpbHMiOnsiZGF0YSI6MiwicHVyIjoiYmxvYl9pZCJ9fQ==--ee6d56bf52163135b48a4ba2c22b11a93e94d3b3/meat.jpg'\n    }\n  }\n]","meta":{"userLevel":true,"rootId":"fczi6bj84aal5vq","id":"fczi6bj84aal5vq"},"id":"nsf8e8caoovbecw","previousOperationId":"1mffavncq1egp9i"}
{"type":"log","timestamp":1708506157745,"level":"debug","message":"(console:log) [\n  {\n    id: 1,\n    nickname: 'a',\n    is_admin: true,\n    suscriptor: null,\n    created_at: '2024-02-21T08:40:20.412Z',\n    updated_at: '2024-02-21T08:40:20.504Z',\n    email: 'a@a.a',\n    jti: 'd586867c-1112-405a-bf37-1c4c895aa19f'\n  }\n]","meta":{"userLevel":true,"rootId":"fczi6bj84aal5vq","id":"fczi6bj84aal5vq"},"id":"b0btttd1549hb0l","previousOperationId":"1mffavncq1egp9i"}
{"type":"operationEnd","operationId":"1mffavncq1egp9i","timestamp":1708506157746,"id":"ic9wwg3ahqnsuas","previousEventId":"7u7i7qrlmokz1l5","previousOperationId":"2swmwykjspfs52w"}
{"type":"operationEnd","operationId":"3ziz392boknfpqs","timestamp":1708506157746,"id":"6bx2mzp9aoyn073","previousEventId":"ic9wwg3ahqnsuas","previousOperationId":"2swmwykjspfs52w"}
{"type":"log","timestamp":1708506157746,"level":"debug","message":"Base url not specified, skipping its injection.","meta":{"rootId":"fczi6bj84aal5vq","id":"fczi6bj84aal5vq"},"id":"iynszhrwckp4qx4","previousOperationId":"3ziz392boknfpqs"}
{"type":"operationStart","subtype":"engine","name":"handlebars","timestamp":1708506157746,"id":"2iz3rt1eo9lpuvk","previousEventId":"6bx2mzp9aoyn073","operationId":"wrr4j1ha9tuwoe6","previousOperationId":"3ziz392boknfpqs"}
{"type":"log","timestamp":1708506157746,"level":"debug","message":"Rendering engine handlebars","meta":{"rootId":"fczi6bj84aal5vq","id":"fczi6bj84aal5vq"},"id":"aj2j3oy78jvf576","previousOperationId":"wrr4j1ha9tuwoe6"}
{"type":"operationEnd","operationId":"wrr4j1ha9tuwoe6","timestamp":1708506157925,"id":"arav3d5ocj6rfz6","previousEventId":"2iz3rt1eo9lpuvk","previousOperationId":"wrr4j1ha9tuwoe6"}
{"type":"operationStart","subtype":"recipe","name":"chrome-pdf","timestamp":1708506157925,"id":"0n2x82dw9yne4sg","previousEventId":"arav3d5ocj6rfz6","operationId":"pbm7tiihnybtqin","previousOperationId":"wrr4j1ha9tuwoe6"}
{"type":"log","timestamp":1708506157925,"level":"debug","message":"Executing recipe chrome-pdf","meta":{"rootId":"fczi6bj84aal5vq","id":"fczi6bj84aal5vq"},"id":"vpsocmjy8puvb06","previousOperationId":"pbm7tiihnybtqin"}
{"type":"log","timestamp":1708506158173,"level":"debug","message":"Converting with chrome HeadlessChrome/117.0.5938.149 using chrome-pool strategy","meta":{"rootId":"fczi6bj84aal5vq","id":"fczi6bj84aal5vq"},"id":"oitg38kzpffdq9g","previousOperationId":"pbm7tiihnybtqin"}
{"type":"log","timestamp":1708506158227,"level":"debug","message":"Page request: GET (document) file:///tmp/jsreport/autocleanup/9b3cfe8e-aa67-411c-a654-87920a0e81f5-chrome-pdf.html","meta":{"rootId":"fczi6bj84aal5vq","id":"fczi6bj84aal5vq"},"id":"nmplksxs6xon8yz","previousOperationId":"pbm7tiihnybtqin"}
{"type":"log","timestamp":1708506158234,"level":"debug","message":"Page request: GET (stylesheet) https://cdn.jsdelivr.net/chartist.js/latest/chartist.min.css","meta":{"rootId":"fczi6bj84aal5vq","id":"fczi6bj84aal5vq"},"id":"o3yvsmb2hl32lmw","previousOperationId":"pbm7tiihnybtqin"}
{"type":"log","timestamp":1708506158234,"level":"debug","message":"Page request: GET (script) https://cdn.jsdelivr.net/chartist.js/latest/chartist.min.js","meta":{"rootId":"fczi6bj84aal5vq","id":"fczi6bj84aal5vq"},"id":"24c3hvvd00sjuro","previousOperationId":"pbm7tiihnybtqin"}
{"type":"log","timestamp":1708506158235,"level":"debug","message":"Page request finished: GET (document) 200 file:///tmp/jsreport/autocleanup/9b3cfe8e-aa67-411c-a654-87920a0e81f5-chrome-pdf.html","meta":{"rootId":"fczi6bj84aal5vq","id":"fczi6bj84aal5vq"},"id":"94s41m1az3iw1u5","previousOperationId":"pbm7tiihnybtqin"}
{"type":"log","timestamp":1708506158399,"level":"debug","message":"Page request finished: GET (stylesheet) 200 https://cdn.jsdelivr.net/chartist.js/latest/chartist.min.css","meta":{"rootId":"fczi6bj84aal5vq","id":"fczi6bj84aal5vq"},"id":"d73oa4ho41vc7fu","previousOperationId":"pbm7tiihnybtqin"}
{"type":"log","timestamp":1708506158401,"level":"debug","message":"Page request finished: GET (script) 200 https://cdn.jsdelivr.net/chartist.js/latest/chartist.min.js","meta":{"rootId":"fczi6bj84aal5vq","id":"fczi6bj84aal5vq"},"id":"cs9bkojfg067rw9","previousOperationId":"pbm7tiihnybtqin"}
{"type":"log","timestamp":1708506158408,"level":"debug","message":"Running chrome with params {\"printBackground\":true,\"timeout\":59441,\"margin\":{}}","meta":{"rootId":"fczi6bj84aal5vq","id":"fczi6bj84aal5vq"},"id":"oxuzk3rd6meczyn","previousOperationId":"pbm7tiihnybtqin"}
{"type":"operationEnd","operationId":"pbm7tiihnybtqin","timestamp":1708506158417,"id":"ui3lxffrvnzgxo4","previousEventId":"0n2x82dw9yne4sg","previousOperationId":"pbm7tiihnybtqin"}
{"type":"log","timestamp":1708506158418,"level":"debug","message":"Skipping storing report.","meta":{"rootId":"fczi6bj84aal5vq","id":"fczi6bj84aal5vq"},"id":"6osqgnumt4ixlv9","previousOperationId":"pbm7tiihnybtqin"}
{"type":"log","timestamp":1708506158418,"level":"info","message":"Rendering request 2 finished in 916 ms","meta":{"rootId":"fczi6bj84aal5vq","id":"fczi6bj84aal5vq"},"id":"oj42g5o9zy5bt2y","previousOperationId":"pbm7tiihnybtqin"}
{"type":"operationEnd","subtype":"render","operationId":"2swmwykjspfs52w","timestamp":1708506158418,"id":"2zs6ujy63mmp7z5","previousEventId":"ui3lxffrvnzgxo4","previousOperationId":"pbm7tiihnybtqin"}
{"type":"operationEnd","doDiffs":false,"previousEventId":"pygsezoys0wa3fj","previousOperationId":"36t97l2bz2ljsg5","operationId":"36t97l2bz2ljsg5","timestamp":1708506158420,"id":"xlsf2vk62nfc47t"}
