{"type":"operationStart","subtype":"profile","data":{"_id":"NY3eE7Xx8fXZXwyY","timestamp":"2024-02-21T08:20:54.217Z","state":"queued","mode":"standard","creationDate":"2024-02-21T08:20:54.218Z","modificationDate":"2024-02-21T08:20:54.218Z","shortid":"3TZxm7g","$entitySet":"profiles"},"doDiffs":false,"timestamp":1708503654217,"id":"u9nzvew4qizvnrt","previousOperationId":null,"operationId":"gidf6b5w9pcqdg4"}
{"type":"log","level":"info","message":"Render request 5 queued for execution and waiting for available worker","previousOperationId":"gidf6b5w9pcqdg4","timestamp":1708503654217,"id":"by6a9nbxxtxqd4f"}
{"type":"operationStart","subtype":"render","name":"TemplateCalc","previousOperationId":"gidf6b5w9pcqdg4","timestamp":1708503654222,"id":"gyqzmvurz8h5ceb","previousEventId":"u9nzvew4qizvnrt","operationId":"6mbtexkb160dh2o"}
{"type":"log","timestamp":1708503654222,"level":"info","message":"Starting rendering request 5","meta":{"rootId":"frml3ka68igawq7","id":"frml3ka68igawq7"},"id":"gufk8nnfm04whn1","previousOperationId":"6mbtexkb160dh2o"}
{"type":"log","timestamp":1708503654222,"level":"info","message":"Rendering template { name: TemplateCalc, recipe: chrome-pdf, engine: handlebars, preview: true }","meta":{"rootId":"frml3ka68igawq7","id":"frml3ka68igawq7"},"id":"k642fto7nf4roqs","previousOperationId":"6mbtexkb160dh2o"}
{"type":"log","timestamp":1708503654223,"level":"debug","message":"Data item not defined for this template.","meta":{"rootId":"frml3ka68igawq7","id":"frml3ka68igawq7"},"id":"hjju4n9792p3r8u","previousOperationId":"6mbtexkb160dh2o"}
{"type":"log","timestamp":1708503654224,"level":"debug","message":"Executing script list-data (beforeRender)","meta":{"rootId":"frml3ka68igawq7","id":"frml3ka68igawq7"},"id":"2y7v4ds0tmldq8q","previousOperationId":"6mbtexkb160dh2o"}
{"type":"operationStart","subtype":"scriptsBeforeRender","name":"scripts beforeRender","timestamp":1708503654230,"id":"ppt806df4mmgjo2","previousEventId":"gyqzmvurz8h5ceb","operationId":"aiab6h6yv6lk0gj","previousOperationId":"6mbtexkb160dh2o"}
{"type":"operationStart","subtype":"script","name":"scripts list-data","previousOperationId":"aiab6h6yv6lk0gj","timestamp":1708503654230,"id":"gp4qqbbdo3ar37p","previousEventId":"ppt806df4mmgjo2","operationId":"1vo5o4k0beft7oq"}
{"type":"log","timestamp":1708503654253,"level":"debug","message":"(console:log) [\n  {\n    list_description: {\n      id: 2,\n      list_name: 'sarshisha',\n      list_current_number: 13,\n      list_limit_number: 0\n    },\n    list_image: {\n      url: 'http://localhost:4000/rails/active_storage/blobs/redirect/eyJfcmFpbHMiOnsiZGF0YSI6MywicHVyIjoiYmxvYl9pZCJ9fQ==--07183cfade35ce6ffe715f60749642919ec61f5d/charcuteria.png'\n    }\n  },\n  {\n    list_description: {\n      id: 3,\n      list_name: 'stjsjshtshn',\n      list_current_number: 4,\n      list_limit_number: 0\n    },\n    list_image: {\n      url: 'http://localhost:4000/rails/active_storage/blobs/redirect/eyJfcmFpbHMiOnsiZGF0YSI6NCwicHVyIjoiYmxvYl9pZCJ9fQ==--023aae65cb60b3f6c6d73a9c76e14c0b0df6ad86/dibujoadrian.jpg'\n    }\n  },\n  {\n    list_description: {\n      id: 1,\n      list_name: 'charcuteria',\n      list_current_number: 1,\n      list_limit_number: 0\n    },\n    list_image: {\n      url: 'http://localhost:4000/rails/active_storage/blobs/redirect/eyJfcmFpbHMiOnsiZGF0YSI6MiwicHVyIjoiYmxvYl9pZCJ9fQ==--ee6d56bf52163135b48a4ba2c22b11a93e94d3b3/charcuteria.png'\n    }\n  }\n]","meta":{"userLevel":true,"rootId":"frml3ka68igawq7","id":"frml3ka68igawq7"},"id":"wv21tvi16265wwl","previousOperationId":"1vo5o4k0beft7oq"}
{"type":"log","timestamp":1708503654261,"level":"debug","message":"(console:log) [\n  {\n    id: 1,\n    nickname: 'a',\n    is_admin: true,\n    suscriptor: null,\n    created_at: '2024-02-20T16:45:37.609Z',\n    updated_at: '2024-02-20T16:45:37.729Z',\n    email: 'a@a.a',\n    jti: '6a2b57ca-af4b-47a0-8285-477cffafa34b'\n  }\n]","meta":{"userLevel":true,"rootId":"frml3ka68igawq7","id":"frml3ka68igawq7"},"id":"4jfo02j4w5qyrkg","previousOperationId":"1vo5o4k0beft7oq"}
{"type":"operationEnd","operationId":"1vo5o4k0beft7oq","timestamp":1708503654261,"id":"k1t742r1iei9hso","previousEventId":"gyqzmvurz8h5ceb","previousOperationId":"6mbtexkb160dh2o"}
{"type":"operationEnd","operationId":"aiab6h6yv6lk0gj","timestamp":1708503654261,"id":"abj9ox0alt0uq8r","previousEventId":"k1t742r1iei9hso","previousOperationId":"6mbtexkb160dh2o"}
{"type":"log","timestamp":1708503654261,"level":"debug","message":"Base url not specified, skipping its injection.","meta":{"rootId":"frml3ka68igawq7","id":"frml3ka68igawq7"},"id":"368o9x87j4mx3yq","previousOperationId":"aiab6h6yv6lk0gj"}
{"type":"operationStart","subtype":"engine","name":"handlebars","timestamp":1708503654261,"id":"4m6tnwed9e8zjo9","previousEventId":"abj9ox0alt0uq8r","operationId":"a8k6rcjqljgfrul","previousOperationId":"aiab6h6yv6lk0gj"}
{"type":"log","timestamp":1708503654261,"level":"debug","message":"Rendering engine handlebars","meta":{"rootId":"frml3ka68igawq7","id":"frml3ka68igawq7"},"id":"1g1qlslxtbwq9du","previousOperationId":"a8k6rcjqljgfrul"}
{"type":"operationEnd","operationId":"a8k6rcjqljgfrul","timestamp":1708503654273,"id":"g3b5bfbhas30b83","previousEventId":"4m6tnwed9e8zjo9","previousOperationId":"a8k6rcjqljgfrul"}
{"type":"operationStart","subtype":"recipe","name":"chrome-pdf","timestamp":1708503654273,"id":"63laog2aiou54kb","previousEventId":"g3b5bfbhas30b83","operationId":"8k0vn7ei9h4hnbj","previousOperationId":"a8k6rcjqljgfrul"}
{"type":"log","timestamp":1708503654273,"level":"debug","message":"Executing recipe chrome-pdf","meta":{"rootId":"frml3ka68igawq7","id":"frml3ka68igawq7"},"id":"29t5a3x3au8587k","previousOperationId":"8k0vn7ei9h4hnbj"}
{"type":"log","timestamp":1708503654274,"level":"debug","message":"Converting with chrome HeadlessChrome/117.0.5938.149 using chrome-pool strategy","meta":{"rootId":"frml3ka68igawq7","id":"frml3ka68igawq7"},"id":"fz50b407gtoz655","previousOperationId":"8k0vn7ei9h4hnbj"}
{"type":"log","timestamp":1708503654308,"level":"debug","message":"Page request: GET (document) file:///tmp/jsreport/autocleanup/4fb9e569-5634-45c9-8238-4c57ab086593-chrome-pdf.html","meta":{"rootId":"frml3ka68igawq7","id":"frml3ka68igawq7"},"id":"6ovyxoi9z2iyhnx","previousOperationId":"8k0vn7ei9h4hnbj"}
{"type":"log","timestamp":1708503654316,"level":"debug","message":"Page request: GET (stylesheet) https://cdn.jsdelivr.net/chartist.js/latest/chartist.min.css","meta":{"rootId":"frml3ka68igawq7","id":"frml3ka68igawq7"},"id":"rfriqbn6dxj9l5n","previousOperationId":"8k0vn7ei9h4hnbj"}
{"type":"log","timestamp":1708503654317,"level":"debug","message":"Page request: GET (script) https://cdn.jsdelivr.net/chartist.js/latest/chartist.min.js","meta":{"rootId":"frml3ka68igawq7","id":"frml3ka68igawq7"},"id":"3zhjzrihrunjude","previousOperationId":"8k0vn7ei9h4hnbj"}
{"type":"log","timestamp":1708503654317,"level":"debug","message":"Page request finished: GET (document) 200 file:///tmp/jsreport/autocleanup/4fb9e569-5634-45c9-8238-4c57ab086593-chrome-pdf.html","meta":{"rootId":"frml3ka68igawq7","id":"frml3ka68igawq7"},"id":"94nsm506bhymeiy","previousOperationId":"8k0vn7ei9h4hnbj"}
{"type":"log","timestamp":1708503654320,"level":"debug","message":"Page request finished: GET (stylesheet) 200 https://cdn.jsdelivr.net/chartist.js/latest/chartist.min.css","meta":{"rootId":"frml3ka68igawq7","id":"frml3ka68igawq7"},"id":"68it9l68mv9j10y","previousOperationId":"8k0vn7ei9h4hnbj"}
{"type":"log","timestamp":1708503654321,"level":"debug","message":"Page request finished: GET (script) 200 https://cdn.jsdelivr.net/chartist.js/latest/chartist.min.js","meta":{"rootId":"frml3ka68igawq7","id":"frml3ka68igawq7"},"id":"lbpew80x6df90o4","previousOperationId":"8k0vn7ei9h4hnbj"}
{"type":"log","timestamp":1708503654324,"level":"warn","message":"Page error: Unexpected token ';' , stack: SyntaxError: Unexpected token ';'","meta":{"rootId":"frml3ka68igawq7","id":"frml3ka68igawq7"},"id":"3lcieg9g6rn80n7","previousOperationId":"8k0vn7ei9h4hnbj"}
{"type":"log","timestamp":1708503654327,"level":"debug","message":"Running chrome with params {\"printBackground\":true,\"timeout\":59944,\"margin\":{}}","meta":{"rootId":"frml3ka68igawq7","id":"frml3ka68igawq7"},"id":"ab776yxrumnw1m9","previousOperationId":"8k0vn7ei9h4hnbj"}
{"type":"operationEnd","operationId":"8k0vn7ei9h4hnbj","timestamp":1708503654336,"id":"pcad0s6mx41eb6f","previousEventId":"63laog2aiou54kb","previousOperationId":"8k0vn7ei9h4hnbj"}
{"type":"log","timestamp":1708503654336,"level":"debug","message":"Skipping storing report.","meta":{"rootId":"frml3ka68igawq7","id":"frml3ka68igawq7"},"id":"cdeybq1rxs9721x","previousOperationId":"8k0vn7ei9h4hnbj"}
{"type":"log","timestamp":1708503654336,"level":"info","message":"Rendering request 5 finished in 119 ms","meta":{"rootId":"frml3ka68igawq7","id":"frml3ka68igawq7"},"id":"vbvzawbhqt23p10","previousOperationId":"8k0vn7ei9h4hnbj"}
{"type":"operationEnd","subtype":"render","operationId":"6mbtexkb160dh2o","timestamp":1708503654336,"id":"q719kjm4chlmpsg","previousEventId":"pcad0s6mx41eb6f","previousOperationId":"8k0vn7ei9h4hnbj"}
{"type":"operationEnd","doDiffs":false,"previousEventId":"u9nzvew4qizvnrt","previousOperationId":"gidf6b5w9pcqdg4","operationId":"gidf6b5w9pcqdg4","timestamp":1708503654344,"id":"8257zkedi0podxt"}
