{"type":"operationStart","subtype":"profile","data":{"_id":"lHiVxRrirkPnrpiB","timestamp":"2024-02-21T08:26:17.777Z","state":"queued","mode":"standard","creationDate":"2024-02-21T08:26:17.778Z","modificationDate":"2024-02-21T08:26:17.778Z","shortid":"XS7AtgN","$entitySet":"profiles"},"doDiffs":false,"timestamp":1708503977778,"id":"5fglu3fh9ogft34","previousOperationId":null,"operationId":"gz09gs26c6681bw"}
{"type":"log","level":"info","message":"Render request 9 queued for execution and waiting for available worker","previousOperationId":"gz09gs26c6681bw","timestamp":1708503977778,"id":"cg1c176m05gbpff"}
{"type":"operationStart","subtype":"render","name":"TemplateCalc","previousOperationId":"gz09gs26c6681bw","timestamp":1708503977783,"id":"hcxr64bg39w7stj","previousEventId":"5fglu3fh9ogft34","operationId":"1ep62udl5v3nu55"}
{"type":"log","timestamp":1708503977783,"level":"info","message":"Starting rendering request 9","meta":{"rootId":"gfbjj6jdqo0ykyx","id":"gfbjj6jdqo0ykyx"},"id":"kxecuwt4pd1lj7o","previousOperationId":"1ep62udl5v3nu55"}
{"type":"log","timestamp":1708503977783,"level":"info","message":"Rendering template { name: TemplateCalc, recipe: chrome-pdf, engine: handlebars, preview: true }","meta":{"rootId":"gfbjj6jdqo0ykyx","id":"gfbjj6jdqo0ykyx"},"id":"1ftcbq12sgflovh","previousOperationId":"1ep62udl5v3nu55"}
{"type":"log","timestamp":1708503977783,"level":"debug","message":"Data item not defined for this template.","meta":{"rootId":"gfbjj6jdqo0ykyx","id":"gfbjj6jdqo0ykyx"},"id":"avlvm647j9e0sop","previousOperationId":"1ep62udl5v3nu55"}
{"type":"log","timestamp":1708503977786,"level":"debug","message":"Executing script list-data (beforeRender)","meta":{"rootId":"gfbjj6jdqo0ykyx","id":"gfbjj6jdqo0ykyx"},"id":"2wl6s3k6mv16xhq","previousOperationId":"1ep62udl5v3nu55"}
{"type":"operationStart","subtype":"scriptsBeforeRender","name":"scripts beforeRender","timestamp":1708503977790,"id":"j3ct613rmqj1egu","previousEventId":"hcxr64bg39w7stj","operationId":"lf0avt9nfo6k3sy","previousOperationId":"1ep62udl5v3nu55"}
{"type":"operationStart","subtype":"script","name":"scripts list-data","previousOperationId":"lf0avt9nfo6k3sy","timestamp":1708503977790,"id":"v03aei34f1hn5yn","previousEventId":"j3ct613rmqj1egu","operationId":"zd1slgyjqbufdky"}
{"type":"log","timestamp":1708503977815,"level":"debug","message":"(console:log) [\n  {\n    list_description: {\n      id: 2,\n      list_name: 'sarshisha',\n      list_current_number: 13,\n      list_limit_number: 0\n    },\n    list_image: {\n      url: 'http://localhost:4000/rails/active_storage/blobs/redirect/eyJfcmFpbHMiOnsiZGF0YSI6MywicHVyIjoiYmxvYl9pZCJ9fQ==--07183cfade35ce6ffe715f60749642919ec61f5d/charcuteria.png'\n    }\n  },\n  {\n    list_description: {\n      id: 3,\n      list_name: 'stjsjshtshn',\n      list_current_number: 4,\n      list_limit_number: 0\n    },\n    list_image: {\n      url: 'http://localhost:4000/rails/active_storage/blobs/redirect/eyJfcmFpbHMiOnsiZGF0YSI6NCwicHVyIjoiYmxvYl9pZCJ9fQ==--023aae65cb60b3f6c6d73a9c76e14c0b0df6ad86/dibujoadrian.jpg'\n    }\n  },\n  {\n    list_description: {\n      id: 1,\n      list_name: 'charcuteria',\n      list_current_number: 1,\n      list_limit_number: 0\n    },\n    list_image: {\n      url: 'http://localhost:4000/rails/active_storage/blobs/redirect/eyJfcmFpbHMiOnsiZGF0YSI6MiwicHVyIjoiYmxvYl9pZCJ9fQ==--ee6d56bf52163135b48a4ba2c22b11a93e94d3b3/charcuteria.png'\n    }\n  }\n]","meta":{"userLevel":true,"rootId":"gfbjj6jdqo0ykyx","id":"gfbjj6jdqo0ykyx"},"id":"zfia8u2w3ngm3mk","previousOperationId":"zd1slgyjqbufdky"}
{"type":"log","timestamp":1708503977824,"level":"debug","message":"(console:log) [\n  {\n    id: 1,\n    nickname: 'a',\n    is_admin: true,\n    suscriptor: null,\n    created_at: '2024-02-20T16:45:37.609Z',\n    updated_at: '2024-02-20T16:45:37.729Z',\n    email: 'a@a.a',\n    jti: '6a2b57ca-af4b-47a0-8285-477cffafa34b'\n  }\n]","meta":{"userLevel":true,"rootId":"gfbjj6jdqo0ykyx","id":"gfbjj6jdqo0ykyx"},"id":"cfaee0ln5xtfztl","previousOperationId":"zd1slgyjqbufdky"}
{"type":"operationEnd","operationId":"zd1slgyjqbufdky","timestamp":1708503977824,"id":"pmyne3st15qogp9","previousEventId":"hcxr64bg39w7stj","previousOperationId":"1ep62udl5v3nu55"}
{"type":"operationEnd","operationId":"lf0avt9nfo6k3sy","timestamp":1708503977824,"id":"kleecgp7a48ls8h","previousEventId":"pmyne3st15qogp9","previousOperationId":"1ep62udl5v3nu55"}
{"type":"log","timestamp":1708503977824,"level":"debug","message":"Base url not specified, skipping its injection.","meta":{"rootId":"gfbjj6jdqo0ykyx","id":"gfbjj6jdqo0ykyx"},"id":"d23m6u4zwosps32","previousOperationId":"lf0avt9nfo6k3sy"}
{"type":"operationStart","subtype":"engine","name":"handlebars","timestamp":1708503977824,"id":"1qph7sno516f62t","previousEventId":"kleecgp7a48ls8h","operationId":"ry8re12fzl4bei5","previousOperationId":"lf0avt9nfo6k3sy"}
{"type":"log","timestamp":1708503977824,"level":"debug","message":"Rendering engine handlebars","meta":{"rootId":"gfbjj6jdqo0ykyx","id":"gfbjj6jdqo0ykyx"},"id":"nrgy2fcqgryxhwv","previousOperationId":"ry8re12fzl4bei5"}
{"type":"operationEnd","operationId":"ry8re12fzl4bei5","timestamp":1708503977836,"id":"qc85tn9srxnwe57","previousEventId":"1qph7sno516f62t","previousOperationId":"ry8re12fzl4bei5"}
{"type":"operationStart","subtype":"recipe","name":"chrome-pdf","timestamp":1708503977836,"id":"jte17jug7ddaj6b","previousEventId":"qc85tn9srxnwe57","operationId":"oeba3i51h1046a9","previousOperationId":"ry8re12fzl4bei5"}
{"type":"log","timestamp":1708503977836,"level":"debug","message":"Executing recipe chrome-pdf","meta":{"rootId":"gfbjj6jdqo0ykyx","id":"gfbjj6jdqo0ykyx"},"id":"44v8jrceh61faok","previousOperationId":"oeba3i51h1046a9"}
{"type":"log","timestamp":1708503977838,"level":"debug","message":"Converting with chrome HeadlessChrome/117.0.5938.149 using chrome-pool strategy","meta":{"rootId":"gfbjj6jdqo0ykyx","id":"gfbjj6jdqo0ykyx"},"id":"m1inx0myh197xzq","previousOperationId":"oeba3i51h1046a9"}
{"type":"log","timestamp":1708503977893,"level":"debug","message":"Page request: GET (document) file:///tmp/jsreport/autocleanup/9ce6fa12-1e35-4200-abd9-9c46ac7513b6-chrome-pdf.html","meta":{"rootId":"gfbjj6jdqo0ykyx","id":"gfbjj6jdqo0ykyx"},"id":"pwvuc449nkljtt6","previousOperationId":"oeba3i51h1046a9"}
{"type":"log","timestamp":1708503977903,"level":"debug","message":"Page request: GET (stylesheet) https://cdn.jsdelivr.net/chartist.js/latest/chartist.min.css","meta":{"rootId":"gfbjj6jdqo0ykyx","id":"gfbjj6jdqo0ykyx"},"id":"w1vo4envr804mhf","previousOperationId":"oeba3i51h1046a9"}
{"type":"log","timestamp":1708503977904,"level":"debug","message":"Page request: GET (script) https://cdn.jsdelivr.net/chartist.js/latest/chartist.min.js","meta":{"rootId":"gfbjj6jdqo0ykyx","id":"gfbjj6jdqo0ykyx"},"id":"sutkifashx5k7il","previousOperationId":"oeba3i51h1046a9"}
{"type":"log","timestamp":1708503977904,"level":"debug","message":"Page request finished: GET (document) 200 file:///tmp/jsreport/autocleanup/9ce6fa12-1e35-4200-abd9-9c46ac7513b6-chrome-pdf.html","meta":{"rootId":"gfbjj6jdqo0ykyx","id":"gfbjj6jdqo0ykyx"},"id":"41jr8qx8mt9n8xd","previousOperationId":"oeba3i51h1046a9"}
{"type":"log","timestamp":1708503977907,"level":"debug","message":"Page request finished: GET (stylesheet) 200 https://cdn.jsdelivr.net/chartist.js/latest/chartist.min.css","meta":{"rootId":"gfbjj6jdqo0ykyx","id":"gfbjj6jdqo0ykyx"},"id":"wnhvoutzoi8fvc4","previousOperationId":"oeba3i51h1046a9"}
{"type":"log","timestamp":1708503977907,"level":"debug","message":"Page request finished: GET (script) 200 https://cdn.jsdelivr.net/chartist.js/latest/chartist.min.js","meta":{"rootId":"gfbjj6jdqo0ykyx","id":"gfbjj6jdqo0ykyx"},"id":"jjsc55s5f2k7842","previousOperationId":"oeba3i51h1046a9"}
{"type":"log","timestamp":1708503977912,"level":"debug","message":"Running chrome with params {\"printBackground\":true,\"timeout\":59940,\"margin\":{}}","meta":{"rootId":"gfbjj6jdqo0ykyx","id":"gfbjj6jdqo0ykyx"},"id":"oyv1zq83wr2a1vx","previousOperationId":"oeba3i51h1046a9"}
{"type":"operationEnd","operationId":"oeba3i51h1046a9","timestamp":1708503977922,"id":"j0fxdmh1q8m1i5b","previousEventId":"jte17jug7ddaj6b","previousOperationId":"oeba3i51h1046a9"}
{"type":"log","timestamp":1708503977922,"level":"debug","message":"Skipping storing report.","meta":{"rootId":"gfbjj6jdqo0ykyx","id":"gfbjj6jdqo0ykyx"},"id":"ppc8ryigqyhexhs","previousOperationId":"oeba3i51h1046a9"}
{"type":"log","timestamp":1708503977922,"level":"info","message":"Rendering request 9 finished in 145 ms","meta":{"rootId":"gfbjj6jdqo0ykyx","id":"gfbjj6jdqo0ykyx"},"id":"8eakhlqsjyea9ai","previousOperationId":"oeba3i51h1046a9"}
{"type":"operationEnd","subtype":"render","operationId":"1ep62udl5v3nu55","timestamp":1708503977922,"id":"d6edes6fj5oapvg","previousEventId":"j0fxdmh1q8m1i5b","previousOperationId":"oeba3i51h1046a9"}
{"type":"operationEnd","doDiffs":false,"previousEventId":"5fglu3fh9ogft34","previousOperationId":"gz09gs26c6681bw","operationId":"gz09gs26c6681bw","timestamp":1708503977928,"id":"no01okdxllfduqw"}
