{"type":"operationStart","subtype":"profile","data":{"_id":"KgRsAxFTsJTI07W5","timestamp":"2024-02-23T19:15:53.000Z","state":"queued","mode":"standard","creationDate":"2024-02-23T19:15:53.001Z","modificationDate":"2024-02-23T19:15:53.001Z","shortid":"d8JoSOd","$entitySet":"profiles"},"doDiffs":false,"timestamp":1708715753001,"id":"3gw7n44jp3m9f4d","previousOperationId":null,"operationId":"v2v20hk9k3mq00i"}
{"type":"log","level":"info","message":"Render request 2 queued for execution and waiting for available worker","previousOperationId":"v2v20hk9k3mq00i","timestamp":1708715753001,"id":"hk4tgeotdwnf2gy"}
{"type":"operationStart","subtype":"render","name":"TemplateCalc","previousOperationId":"v2v20hk9k3mq00i","timestamp":1708715753005,"id":"j704x8x0v4cj288","previousEventId":"3gw7n44jp3m9f4d","operationId":"rct3n504cneau05"}
{"type":"log","timestamp":1708715753005,"level":"info","message":"Starting rendering request 2","meta":{"rootId":"o5ry8vr3gosp1c4","id":"o5ry8vr3gosp1c4"},"id":"qmrzxhix4z8h01v","previousOperationId":"rct3n504cneau05"}
{"type":"log","timestamp":1708715753006,"level":"info","message":"Rendering template { name: TemplateCalc, recipe: chrome-pdf, engine: handlebars, preview: false }","meta":{"rootId":"o5ry8vr3gosp1c4","id":"o5ry8vr3gosp1c4"},"id":"e5u90ocgp0snisc","previousOperationId":"rct3n504cneau05"}
{"type":"log","timestamp":1708715753006,"level":"debug","message":"Inline data specified.","meta":{"rootId":"o5ry8vr3gosp1c4","id":"o5ry8vr3gosp1c4"},"id":"kc4cqnda2ibyr0u","previousOperationId":"rct3n504cneau05"}
{"type":"log","timestamp":1708715753008,"level":"debug","message":"Executing script list-data (beforeRender)","meta":{"rootId":"o5ry8vr3gosp1c4","id":"o5ry8vr3gosp1c4"},"id":"bv0idipj1bpwaaw","previousOperationId":"rct3n504cneau05"}
{"type":"operationStart","subtype":"scriptsBeforeRender","name":"scripts beforeRender","timestamp":1708715753153,"id":"jtopkguvlfb5r7g","previousEventId":"j704x8x0v4cj288","operationId":"0fihvt2lonv67zv","previousOperationId":"rct3n504cneau05"}
{"type":"operationStart","subtype":"script","name":"scripts list-data","previousOperationId":"0fihvt2lonv67zv","timestamp":1708715753153,"id":"7hz87nkcko1yl2w","previousEventId":"jtopkguvlfb5r7g","operationId":"fkdpcdxv66t1mnv"}
{"type":"log","timestamp":1708715753175,"level":"debug","message":"(console:log) []","meta":{"userLevel":true,"rootId":"o5ry8vr3gosp1c4","id":"o5ry8vr3gosp1c4"},"id":"ea4vqj0tniz1pc8","previousOperationId":"fkdpcdxv66t1mnv"}
{"type":"log","timestamp":1708715753181,"level":"debug","message":"(console:log) [\n  {\n    id: 1,\n    nickname: 'a',\n    is_admin: true,\n    created_at: '2024-02-23T19:14:46.163Z',\n    updated_at: '2024-02-23T19:14:46.163Z',\n    email: 'aa@aa',\n    jti: '91d3f777-c410-4b69-91f1-d374ed9d3894'\n  }\n]","meta":{"userLevel":true,"rootId":"o5ry8vr3gosp1c4","id":"o5ry8vr3gosp1c4"},"id":"lo7zmi9ghs4o6tw","previousOperationId":"fkdpcdxv66t1mnv"}
{"type":"operationEnd","operationId":"fkdpcdxv66t1mnv","timestamp":1708715753182,"id":"tqy9tj2hxmhl9wx","previousEventId":"j704x8x0v4cj288","previousOperationId":"rct3n504cneau05"}
{"type":"operationEnd","operationId":"0fihvt2lonv67zv","timestamp":1708715753182,"id":"onjyz4evbszvye7","previousEventId":"tqy9tj2hxmhl9wx","previousOperationId":"rct3n504cneau05"}
{"type":"log","timestamp":1708715753182,"level":"debug","message":"Base url not specified, skipping its injection.","meta":{"rootId":"o5ry8vr3gosp1c4","id":"o5ry8vr3gosp1c4"},"id":"bpp3wj330smsb12","previousOperationId":"0fihvt2lonv67zv"}
{"type":"operationStart","subtype":"engine","name":"handlebars","timestamp":1708715753183,"id":"x2ewt236xtbpbkw","previousEventId":"onjyz4evbszvye7","operationId":"5ip4hi6lyg5a5iu","previousOperationId":"0fihvt2lonv67zv"}
{"type":"log","timestamp":1708715753183,"level":"debug","message":"Rendering engine handlebars","meta":{"rootId":"o5ry8vr3gosp1c4","id":"o5ry8vr3gosp1c4"},"id":"4m0sc9xox902hhq","previousOperationId":"5ip4hi6lyg5a5iu"}
{"type":"operationEnd","operationId":"5ip4hi6lyg5a5iu","timestamp":1708715753331,"id":"vvrhu09p4r7qhlg","previousEventId":"x2ewt236xtbpbkw","previousOperationId":"5ip4hi6lyg5a5iu"}
{"type":"operationStart","subtype":"recipe","name":"chrome-pdf","timestamp":1708715753331,"id":"qix403gq1r9yu3c","previousEventId":"vvrhu09p4r7qhlg","operationId":"hs9qwjxt20sfc8b","previousOperationId":"5ip4hi6lyg5a5iu"}
{"type":"log","timestamp":1708715753331,"level":"debug","message":"Executing recipe chrome-pdf","meta":{"rootId":"o5ry8vr3gosp1c4","id":"o5ry8vr3gosp1c4"},"id":"fuylgsq38hfkh09","previousOperationId":"hs9qwjxt20sfc8b"}
{"type":"log","timestamp":1708715753608,"level":"debug","message":"Converting with chrome HeadlessChrome/117.0.5938.149 using chrome-pool strategy","meta":{"rootId":"o5ry8vr3gosp1c4","id":"o5ry8vr3gosp1c4"},"id":"hcwbehupy7gmhft","previousOperationId":"hs9qwjxt20sfc8b"}
{"type":"log","timestamp":1708715753647,"level":"debug","message":"Page request: GET (document) file:///tmp/jsreport/autocleanup/c0fa6a1b-034f-4ef9-8541-56c4106c1886-chrome-pdf.html","meta":{"rootId":"o5ry8vr3gosp1c4","id":"o5ry8vr3gosp1c4"},"id":"gq77ii8nmy7fevz","previousOperationId":"hs9qwjxt20sfc8b"}
{"type":"log","timestamp":1708715753653,"level":"debug","message":"Page request: GET (stylesheet) https://cdn.jsdelivr.net/chartist.js/latest/chartist.min.css","meta":{"rootId":"o5ry8vr3gosp1c4","id":"o5ry8vr3gosp1c4"},"id":"7cnedbt1qnzkt6n","previousOperationId":"hs9qwjxt20sfc8b"}
{"type":"log","timestamp":1708715753654,"level":"debug","message":"Page request: GET (script) https://cdn.jsdelivr.net/chartist.js/latest/chartist.min.js","meta":{"rootId":"o5ry8vr3gosp1c4","id":"o5ry8vr3gosp1c4"},"id":"pv874gkcbajzwgd","previousOperationId":"hs9qwjxt20sfc8b"}
{"type":"log","timestamp":1708715753654,"level":"debug","message":"Page request finished: GET (document) 200 file:///tmp/jsreport/autocleanup/c0fa6a1b-034f-4ef9-8541-56c4106c1886-chrome-pdf.html","meta":{"rootId":"o5ry8vr3gosp1c4","id":"o5ry8vr3gosp1c4"},"id":"1ojfll6vi92kzbq","previousOperationId":"hs9qwjxt20sfc8b"}
{"type":"log","timestamp":1708715753804,"level":"debug","message":"Page request finished: GET (stylesheet) 200 https://cdn.jsdelivr.net/chartist.js/latest/chartist.min.css","meta":{"rootId":"o5ry8vr3gosp1c4","id":"o5ry8vr3gosp1c4"},"id":"6g73n0x4rkouzop","previousOperationId":"hs9qwjxt20sfc8b"}
{"type":"log","timestamp":1708715753805,"level":"debug","message":"Page request finished: GET (script) 200 https://cdn.jsdelivr.net/chartist.js/latest/chartist.min.js","meta":{"rootId":"o5ry8vr3gosp1c4","id":"o5ry8vr3gosp1c4"},"id":"jsl6b1xpa3a5hi4","previousOperationId":"hs9qwjxt20sfc8b"}
{"type":"log","timestamp":1708715753813,"level":"debug","message":"Running chrome with params {\"printBackground\":true,\"timeout\":59538,\"margin\":{}}","meta":{"rootId":"o5ry8vr3gosp1c4","id":"o5ry8vr3gosp1c4"},"id":"7jqpbns527415do","previousOperationId":"hs9qwjxt20sfc8b"}
{"type":"operationEnd","operationId":"hs9qwjxt20sfc8b","timestamp":1708715753822,"id":"d31qzmz0395n4n2","previousEventId":"qix403gq1r9yu3c","previousOperationId":"hs9qwjxt20sfc8b"}
{"type":"log","timestamp":1708715753822,"level":"debug","message":"Executing script list-data (afterRender)","meta":{"rootId":"o5ry8vr3gosp1c4","id":"o5ry8vr3gosp1c4"},"id":"cdhbnl2advdgd26","previousOperationId":"hs9qwjxt20sfc8b"}
{"type":"operationStart","subtype":"scriptsAfterRender","name":"scripts afterRender","timestamp":1708715753826,"id":"yzqktlgx6ufnmlb","previousEventId":"d31qzmz0395n4n2","operationId":"oqzgdpf8gzaoiko","previousOperationId":"hs9qwjxt20sfc8b"}
{"type":"operationStart","subtype":"script","name":"scripts list-data","previousOperationId":"oqzgdpf8gzaoiko","timestamp":1708715753826,"id":"s8p75neqtnxav5z","previousEventId":"yzqktlgx6ufnmlb","operationId":"z5ryqlnz5q4z0s9"}
{"type":"operationEnd","operationId":"z5ryqlnz5q4z0s9","timestamp":1708715753830,"id":"7714rn55494trkd","previousEventId":"d31qzmz0395n4n2","previousOperationId":"hs9qwjxt20sfc8b"}
{"type":"operationEnd","operationId":"oqzgdpf8gzaoiko","timestamp":1708715753830,"id":"56r9ja70qt3is4d","previousEventId":"7714rn55494trkd","previousOperationId":"hs9qwjxt20sfc8b"}
{"type":"log","timestamp":1708715753830,"level":"debug","message":"Skipping storing report.","meta":{"rootId":"o5ry8vr3gosp1c4","id":"o5ry8vr3gosp1c4"},"id":"mrlhifb26fawp0x","previousOperationId":"oqzgdpf8gzaoiko"}
{"type":"log","timestamp":1708715753830,"level":"info","message":"Rendering request 2 finished in 830 ms","meta":{"rootId":"o5ry8vr3gosp1c4","id":"o5ry8vr3gosp1c4"},"id":"ang4y7lbojac0og","previousOperationId":"oqzgdpf8gzaoiko"}
{"type":"operationEnd","subtype":"render","operationId":"rct3n504cneau05","timestamp":1708715753830,"id":"g1u6m7l2bt80e5a","previousEventId":"56r9ja70qt3is4d","previousOperationId":"oqzgdpf8gzaoiko"}
{"type":"operationEnd","doDiffs":false,"previousEventId":"3gw7n44jp3m9f4d","previousOperationId":"v2v20hk9k3mq00i","operationId":"v2v20hk9k3mq00i","timestamp":1708715753831,"id":"esdye0gdxrjprn0"}
