{"type":"operationStart","subtype":"profile","data":{"_id":"DLfQ17kgXIzGfdZr","timestamp":"2024-02-21T08:57:42.947Z","state":"queued","mode":"standard","creationDate":"2024-02-21T08:57:42.949Z","modificationDate":"2024-02-21T08:57:42.949Z","shortid":"Gb4dSc6","$entitySet":"profiles"},"doDiffs":false,"timestamp":1708505862948,"id":"xof88loqtz3oak2","previousOperationId":null,"operationId":"nbyvdxkulepy1p8"}
{"type":"log","level":"info","message":"Render request 19 queued for execution and waiting for available worker","previousOperationId":"nbyvdxkulepy1p8","timestamp":1708505862949,"id":"ozfr69vxwe88v3z"}
{"type":"operationStart","subtype":"render","name":"TemplateCalc","previousOperationId":"nbyvdxkulepy1p8","timestamp":1708505862953,"id":"i9unhh9oja747bi","previousEventId":"xof88loqtz3oak2","operationId":"250583wfsukc4ej"}
{"type":"log","timestamp":1708505862953,"level":"info","message":"Starting rendering request 19","meta":{"rootId":"pykfbbn84eoyo25","id":"pykfbbn84eoyo25"},"id":"8r2tdit4s1js26n","previousOperationId":"250583wfsukc4ej"}
{"type":"log","timestamp":1708505862953,"level":"info","message":"Rendering template { name: TemplateCalc, recipe: chrome-pdf, engine: handlebars, preview: true }","meta":{"rootId":"pykfbbn84eoyo25","id":"pykfbbn84eoyo25"},"id":"0od551pub3k6lp1","previousOperationId":"250583wfsukc4ej"}
{"type":"log","timestamp":1708505862954,"level":"debug","message":"Data item not defined for this template.","meta":{"rootId":"pykfbbn84eoyo25","id":"pykfbbn84eoyo25"},"id":"pcp7qhmjsfzkn4c","previousOperationId":"250583wfsukc4ej"}
{"type":"log","timestamp":1708505862957,"level":"debug","message":"Executing script list-data (beforeRender)","meta":{"rootId":"pykfbbn84eoyo25","id":"pykfbbn84eoyo25"},"id":"a02nlrb57sp0g2g","previousOperationId":"250583wfsukc4ej"}
{"type":"operationStart","subtype":"scriptsBeforeRender","name":"scripts beforeRender","timestamp":1708505862960,"id":"avnsabctbao3hlq","previousEventId":"i9unhh9oja747bi","operationId":"ky064c5121tjyif","previousOperationId":"250583wfsukc4ej"}
{"type":"operationStart","subtype":"script","name":"scripts list-data","previousOperationId":"ky064c5121tjyif","timestamp":1708505862960,"id":"3im3wg2reblcgnb","previousEventId":"avnsabctbao3hlq","operationId":"xtaq9ye3gdjwzaq"}
{"type":"log","timestamp":1708505862972,"level":"debug","message":"(console:log) [\n  {\n    list_description: {\n      id: 1,\n      list_name: 'charcuteria',\n      list_current_number: 22,\n      list_limit_number: 100\n    },\n    list_image: {\n      url: 'http://localhost:4000/rails/active_storage/blobs/redirect/eyJfcmFpbHMiOnsiZGF0YSI6MiwicHVyIjoiYmxvYl9pZCJ9fQ==--ee6d56bf52163135b48a4ba2c22b11a93e94d3b3/meat.jpg'\n    }\n  }\n]","meta":{"userLevel":true,"rootId":"pykfbbn84eoyo25","id":"pykfbbn84eoyo25"},"id":"28cfsu2uwz1lxtp","previousOperationId":"xtaq9ye3gdjwzaq"}
{"type":"log","timestamp":1708505862985,"level":"debug","message":"(console:log) [\n  {\n    id: 1,\n    nickname: 'a',\n    is_admin: true,\n    suscriptor: null,\n    created_at: '2024-02-21T08:40:20.412Z',\n    updated_at: '2024-02-21T08:40:20.504Z',\n    email: 'a@a.a',\n    jti: 'd586867c-1112-405a-bf37-1c4c895aa19f'\n  }\n]","meta":{"userLevel":true,"rootId":"pykfbbn84eoyo25","id":"pykfbbn84eoyo25"},"id":"y25f7cc2pwz86yy","previousOperationId":"xtaq9ye3gdjwzaq"}
{"type":"operationEnd","operationId":"xtaq9ye3gdjwzaq","timestamp":1708505862985,"id":"eqwyjamct8zfrnm","previousEventId":"i9unhh9oja747bi","previousOperationId":"250583wfsukc4ej"}
{"type":"operationEnd","operationId":"ky064c5121tjyif","timestamp":1708505862985,"id":"lerh1s4fr7fp4m2","previousEventId":"eqwyjamct8zfrnm","previousOperationId":"250583wfsukc4ej"}
{"type":"log","timestamp":1708505862985,"level":"debug","message":"Base url not specified, skipping its injection.","meta":{"rootId":"pykfbbn84eoyo25","id":"pykfbbn84eoyo25"},"id":"hqw89e1lgta6exl","previousOperationId":"ky064c5121tjyif"}
{"type":"operationStart","subtype":"engine","name":"handlebars","timestamp":1708505862985,"id":"nbkdbulkj82yba6","previousEventId":"lerh1s4fr7fp4m2","operationId":"tk5vlam5z11e72w","previousOperationId":"ky064c5121tjyif"}
{"type":"log","timestamp":1708505862985,"level":"debug","message":"Rendering engine handlebars","meta":{"rootId":"pykfbbn84eoyo25","id":"pykfbbn84eoyo25"},"id":"va9n5nh1jwomt60","previousOperationId":"tk5vlam5z11e72w"}
{"type":"operationEnd","operationId":"tk5vlam5z11e72w","timestamp":1708505862999,"id":"7tpomg7gnqnvbjk","previousEventId":"nbkdbulkj82yba6","previousOperationId":"tk5vlam5z11e72w"}
{"type":"operationStart","subtype":"recipe","name":"chrome-pdf","timestamp":1708505862999,"id":"brlg3sr3wmcf4xo","previousEventId":"7tpomg7gnqnvbjk","operationId":"ecz67a05fckzzc6","previousOperationId":"tk5vlam5z11e72w"}
{"type":"log","timestamp":1708505862999,"level":"debug","message":"Executing recipe chrome-pdf","meta":{"rootId":"pykfbbn84eoyo25","id":"pykfbbn84eoyo25"},"id":"tuo2dkwegny8ayw","previousOperationId":"ecz67a05fckzzc6"}
{"type":"log","timestamp":1708505863000,"level":"debug","message":"Converting with chrome HeadlessChrome/117.0.5938.149 using chrome-pool strategy","meta":{"rootId":"pykfbbn84eoyo25","id":"pykfbbn84eoyo25"},"id":"e159sclx6lbtg6c","previousOperationId":"ecz67a05fckzzc6"}
{"type":"log","timestamp":1708505863036,"level":"debug","message":"Page request: GET (document) file:///tmp/jsreport/autocleanup/0805fac7-4916-4fe6-bed3-3880c6d791b7-chrome-pdf.html","meta":{"rootId":"pykfbbn84eoyo25","id":"pykfbbn84eoyo25"},"id":"ki2n1jb4437jz9c","previousOperationId":"ecz67a05fckzzc6"}
{"type":"log","timestamp":1708505863043,"level":"debug","message":"Page request: GET (stylesheet) https://cdn.jsdelivr.net/chartist.js/latest/chartist.min.css","meta":{"rootId":"pykfbbn84eoyo25","id":"pykfbbn84eoyo25"},"id":"57ngj9s9bu9jwc4","previousOperationId":"ecz67a05fckzzc6"}
{"type":"log","timestamp":1708505863044,"level":"debug","message":"Page request: GET (script) https://cdn.jsdelivr.net/chartist.js/latest/chartist.min.js","meta":{"rootId":"pykfbbn84eoyo25","id":"pykfbbn84eoyo25"},"id":"crlq3s9t8drap46","previousOperationId":"ecz67a05fckzzc6"}
{"type":"log","timestamp":1708505863044,"level":"debug","message":"Page request finished: GET (document) 200 file:///tmp/jsreport/autocleanup/0805fac7-4916-4fe6-bed3-3880c6d791b7-chrome-pdf.html","meta":{"rootId":"pykfbbn84eoyo25","id":"pykfbbn84eoyo25"},"id":"ve1rwfx7tkf3ds8","previousOperationId":"ecz67a05fckzzc6"}
{"type":"log","timestamp":1708505863046,"level":"debug","message":"Page request finished: GET (stylesheet) 200 https://cdn.jsdelivr.net/chartist.js/latest/chartist.min.css","meta":{"rootId":"pykfbbn84eoyo25","id":"pykfbbn84eoyo25"},"id":"l4l691pv57hqtzm","previousOperationId":"ecz67a05fckzzc6"}
{"type":"log","timestamp":1708505863047,"level":"debug","message":"Page request finished: GET (script) 200 https://cdn.jsdelivr.net/chartist.js/latest/chartist.min.js","meta":{"rootId":"pykfbbn84eoyo25","id":"pykfbbn84eoyo25"},"id":"98h2lxewq24xr23","previousOperationId":"ecz67a05fckzzc6"}
{"type":"log","timestamp":1708505863051,"level":"debug","message":"Running chrome with params {\"printBackground\":true,\"timeout\":59947,\"margin\":{}}","meta":{"rootId":"pykfbbn84eoyo25","id":"pykfbbn84eoyo25"},"id":"79l1hzk8p1en7fs","previousOperationId":"ecz67a05fckzzc6"}
{"type":"operationEnd","operationId":"ecz67a05fckzzc6","timestamp":1708505863059,"id":"mhmvcq1raie6wvn","previousEventId":"brlg3sr3wmcf4xo","previousOperationId":"ecz67a05fckzzc6"}
{"type":"log","timestamp":1708505863059,"level":"debug","message":"Skipping storing report.","meta":{"rootId":"pykfbbn84eoyo25","id":"pykfbbn84eoyo25"},"id":"nkehqbxpyd936jq","previousOperationId":"ecz67a05fckzzc6"}
{"type":"log","timestamp":1708505863059,"level":"info","message":"Rendering request 19 finished in 112 ms","meta":{"rootId":"pykfbbn84eoyo25","id":"pykfbbn84eoyo25"},"id":"jmr1u7637uj9leo","previousOperationId":"ecz67a05fckzzc6"}
{"type":"operationEnd","subtype":"render","operationId":"250583wfsukc4ej","timestamp":1708505863059,"id":"brezbgeggxxuyd5","previousEventId":"mhmvcq1raie6wvn","previousOperationId":"ecz67a05fckzzc6"}
{"type":"operationEnd","doDiffs":false,"previousEventId":"xof88loqtz3oak2","previousOperationId":"nbyvdxkulepy1p8","operationId":"nbyvdxkulepy1p8","timestamp":1708505863065,"id":"d527v5h6fzzvw6u"}
