{"type":"operationStart","subtype":"profile","data":{"_id":"KyXrcPnawbPRvt43","timestamp":"2024-02-21T08:57:19.414Z","state":"queued","mode":"standard","creationDate":"2024-02-21T08:57:19.414Z","modificationDate":"2024-02-21T08:57:19.414Z","shortid":"B6u6-LW","$entitySet":"profiles"},"doDiffs":false,"timestamp":1708505839414,"id":"ij0bsu1jcylmov6","previousOperationId":null,"operationId":"do8jr24ou8u1ikh"}
{"type":"log","level":"info","message":"Render request 18 queued for execution and waiting for available worker","previousOperationId":"do8jr24ou8u1ikh","timestamp":1708505839414,"id":"189jx8meksddeyo"}
{"type":"operationStart","subtype":"render","name":"TemplateCalc","previousOperationId":"do8jr24ou8u1ikh","timestamp":1708505839419,"id":"g9ahc8es4ic766y","previousEventId":"ij0bsu1jcylmov6","operationId":"wt9qgx3d7ie5ycs"}
{"type":"log","timestamp":1708505839420,"level":"info","message":"Starting rendering request 18","meta":{"rootId":"qy1aeakcbrv3t4v","id":"qy1aeakcbrv3t4v"},"id":"r4qwjm1n3nm8lzp","previousOperationId":"wt9qgx3d7ie5ycs"}
{"type":"log","timestamp":1708505839420,"level":"info","message":"Rendering template { name: TemplateCalc, recipe: chrome-pdf, engine: handlebars, preview: true }","meta":{"rootId":"qy1aeakcbrv3t4v","id":"qy1aeakcbrv3t4v"},"id":"2npzqcrcv93kkr6","previousOperationId":"wt9qgx3d7ie5ycs"}
{"type":"log","timestamp":1708505839420,"level":"debug","message":"Data item not defined for this template.","meta":{"rootId":"qy1aeakcbrv3t4v","id":"qy1aeakcbrv3t4v"},"id":"utbkotq1eo0cvax","previousOperationId":"wt9qgx3d7ie5ycs"}
{"type":"log","timestamp":1708505839423,"level":"debug","message":"Executing script list-data (beforeRender)","meta":{"rootId":"qy1aeakcbrv3t4v","id":"qy1aeakcbrv3t4v"},"id":"cdighgx098g1sz0","previousOperationId":"wt9qgx3d7ie5ycs"}
{"type":"operationStart","subtype":"scriptsBeforeRender","name":"scripts beforeRender","timestamp":1708505839428,"id":"ouuuoqth7mbe7q5","previousEventId":"g9ahc8es4ic766y","operationId":"3cef4z54oi962ro","previousOperationId":"wt9qgx3d7ie5ycs"}
{"type":"operationStart","subtype":"script","name":"scripts list-data","previousOperationId":"3cef4z54oi962ro","timestamp":1708505839428,"id":"1u29hy451aihbes","previousEventId":"ouuuoqth7mbe7q5","operationId":"bgqikmqn06kr7su"}
{"type":"log","timestamp":1708505839440,"level":"debug","message":"(console:log) [\n  {\n    list_description: {\n      id: 1,\n      list_name: 'charcuteria',\n      list_current_number: 22,\n      list_limit_number: 100\n    },\n    list_image: {\n      url: 'http://localhost:4000/rails/active_storage/blobs/redirect/eyJfcmFpbHMiOnsiZGF0YSI6MiwicHVyIjoiYmxvYl9pZCJ9fQ==--ee6d56bf52163135b48a4ba2c22b11a93e94d3b3/meat.jpg'\n    }\n  }\n]","meta":{"userLevel":true,"rootId":"qy1aeakcbrv3t4v","id":"qy1aeakcbrv3t4v"},"id":"a8aoj591zws1wxs","previousOperationId":"bgqikmqn06kr7su"}
{"type":"log","timestamp":1708505839450,"level":"debug","message":"(console:log) [\n  {\n    id: 1,\n    nickname: 'a',\n    is_admin: true,\n    suscriptor: null,\n    created_at: '2024-02-21T08:40:20.412Z',\n    updated_at: '2024-02-21T08:40:20.504Z',\n    email: 'a@a.a',\n    jti: 'd586867c-1112-405a-bf37-1c4c895aa19f'\n  }\n]","meta":{"userLevel":true,"rootId":"qy1aeakcbrv3t4v","id":"qy1aeakcbrv3t4v"},"id":"j7ogio2dh8gvef4","previousOperationId":"bgqikmqn06kr7su"}
{"type":"operationEnd","operationId":"bgqikmqn06kr7su","timestamp":1708505839450,"id":"4op6giqssvpgjsn","previousEventId":"g9ahc8es4ic766y","previousOperationId":"wt9qgx3d7ie5ycs"}
{"type":"operationEnd","operationId":"3cef4z54oi962ro","timestamp":1708505839450,"id":"fzzegtiadz3s3b2","previousEventId":"4op6giqssvpgjsn","previousOperationId":"wt9qgx3d7ie5ycs"}
{"type":"log","timestamp":1708505839450,"level":"debug","message":"Base url not specified, skipping its injection.","meta":{"rootId":"qy1aeakcbrv3t4v","id":"qy1aeakcbrv3t4v"},"id":"upoxid521845zce","previousOperationId":"3cef4z54oi962ro"}
{"type":"operationStart","subtype":"engine","name":"handlebars","timestamp":1708505839450,"id":"dndrh3vt9vp1ivl","previousEventId":"fzzegtiadz3s3b2","operationId":"0k7gopy095y1sqq","previousOperationId":"3cef4z54oi962ro"}
{"type":"log","timestamp":1708505839450,"level":"debug","message":"Rendering engine handlebars","meta":{"rootId":"qy1aeakcbrv3t4v","id":"qy1aeakcbrv3t4v"},"id":"t1rfm30lo41pdt3","previousOperationId":"0k7gopy095y1sqq"}
{"type":"operationEnd","operationId":"0k7gopy095y1sqq","timestamp":1708505839465,"id":"34ncy0wwlrnui48","previousEventId":"dndrh3vt9vp1ivl","previousOperationId":"0k7gopy095y1sqq"}
{"type":"operationStart","subtype":"recipe","name":"chrome-pdf","timestamp":1708505839465,"id":"uubzy4pvxqyhw7k","previousEventId":"34ncy0wwlrnui48","operationId":"xz6n573y1ob3jo7","previousOperationId":"0k7gopy095y1sqq"}
{"type":"log","timestamp":1708505839465,"level":"debug","message":"Executing recipe chrome-pdf","meta":{"rootId":"qy1aeakcbrv3t4v","id":"qy1aeakcbrv3t4v"},"id":"n6rl583t3nw5cml","previousOperationId":"xz6n573y1ob3jo7"}
{"type":"log","timestamp":1708505839467,"level":"debug","message":"Converting with chrome HeadlessChrome/117.0.5938.149 using chrome-pool strategy","meta":{"rootId":"qy1aeakcbrv3t4v","id":"qy1aeakcbrv3t4v"},"id":"xiko12mft0p7tcv","previousOperationId":"xz6n573y1ob3jo7"}
{"type":"log","timestamp":1708505839507,"level":"debug","message":"Page request: GET (document) file:///tmp/jsreport/autocleanup/3d07568a-eb47-41c2-865e-c1eb4e291a14-chrome-pdf.html","meta":{"rootId":"qy1aeakcbrv3t4v","id":"qy1aeakcbrv3t4v"},"id":"cav5917mq2u67c9","previousOperationId":"xz6n573y1ob3jo7"}
{"type":"log","timestamp":1708505839516,"level":"debug","message":"Page request: GET (stylesheet) https://cdn.jsdelivr.net/chartist.js/latest/chartist.min.css","meta":{"rootId":"qy1aeakcbrv3t4v","id":"qy1aeakcbrv3t4v"},"id":"5v1934wp9mem0z4","previousOperationId":"xz6n573y1ob3jo7"}
{"type":"log","timestamp":1708505839516,"level":"debug","message":"Page request: GET (script) https://cdn.jsdelivr.net/chartist.js/latest/chartist.min.js","meta":{"rootId":"qy1aeakcbrv3t4v","id":"qy1aeakcbrv3t4v"},"id":"i4v7x9jupvnx5yy","previousOperationId":"xz6n573y1ob3jo7"}
{"type":"log","timestamp":1708505839517,"level":"debug","message":"Page request finished: GET (document) 200 file:///tmp/jsreport/autocleanup/3d07568a-eb47-41c2-865e-c1eb4e291a14-chrome-pdf.html","meta":{"rootId":"qy1aeakcbrv3t4v","id":"qy1aeakcbrv3t4v"},"id":"igs0a67q03gtwrb","previousOperationId":"xz6n573y1ob3jo7"}
{"type":"log","timestamp":1708505839520,"level":"debug","message":"Page request finished: GET (stylesheet) 200 https://cdn.jsdelivr.net/chartist.js/latest/chartist.min.css","meta":{"rootId":"qy1aeakcbrv3t4v","id":"qy1aeakcbrv3t4v"},"id":"8xh8dr35p7epjwj","previousOperationId":"xz6n573y1ob3jo7"}
{"type":"log","timestamp":1708505839520,"level":"debug","message":"Page request finished: GET (script) 200 https://cdn.jsdelivr.net/chartist.js/latest/chartist.min.js","meta":{"rootId":"qy1aeakcbrv3t4v","id":"qy1aeakcbrv3t4v"},"id":"9dz1oquhneis1ki","previousOperationId":"xz6n573y1ob3jo7"}
{"type":"log","timestamp":1708505839529,"level":"debug","message":"Running chrome with params {\"printBackground\":true,\"timeout\":59948,\"margin\":{}}","meta":{"rootId":"qy1aeakcbrv3t4v","id":"qy1aeakcbrv3t4v"},"id":"8r4qlk28rxsfizf","previousOperationId":"xz6n573y1ob3jo7"}
{"type":"operationEnd","operationId":"xz6n573y1ob3jo7","timestamp":1708505839537,"id":"9jtxxxzbwd58jij","previousEventId":"uubzy4pvxqyhw7k","previousOperationId":"xz6n573y1ob3jo7"}
{"type":"log","timestamp":1708505839538,"level":"debug","message":"Skipping storing report.","meta":{"rootId":"qy1aeakcbrv3t4v","id":"qy1aeakcbrv3t4v"},"id":"mksu1yz34je2ij7","previousOperationId":"xz6n573y1ob3jo7"}
{"type":"log","timestamp":1708505839538,"level":"info","message":"Rendering request 18 finished in 124 ms","meta":{"rootId":"qy1aeakcbrv3t4v","id":"qy1aeakcbrv3t4v"},"id":"vmkja9269937q4s","previousOperationId":"xz6n573y1ob3jo7"}
{"type":"operationEnd","subtype":"render","operationId":"wt9qgx3d7ie5ycs","timestamp":1708505839538,"id":"3xfobsew310dsqp","previousEventId":"9jtxxxzbwd58jij","previousOperationId":"xz6n573y1ob3jo7"}
{"type":"operationEnd","doDiffs":false,"previousEventId":"ij0bsu1jcylmov6","previousOperationId":"do8jr24ou8u1ikh","operationId":"do8jr24ou8u1ikh","timestamp":1708505839544,"id":"hkdb8ehs2qpptht"}
