{"type":"operationStart","subtype":"profile","data":{"_id":"Ztg6vmBPKxS8EaTQ","timestamp":"2024-02-21T08:12:35.379Z","state":"queued","mode":"standard","creationDate":"2024-02-21T08:12:35.381Z","modificationDate":"2024-02-21T08:12:35.381Z","shortid":"mbWAAh4","$entitySet":"profiles"},"doDiffs":false,"timestamp":1708503155380,"id":"4jf466ahtj9nob7","previousOperationId":null,"operationId":"s95fvg7z6t7s1j5"}
{"type":"log","level":"info","message":"Render request 1 queued for execution and waiting for available worker","previousOperationId":"s95fvg7z6t7s1j5","timestamp":1708503155381,"id":"e946ptkbdt14w6p"}
{"type":"operationStart","subtype":"render","name":"TemplateCalc","previousOperationId":"s95fvg7z6t7s1j5","timestamp":1708503155391,"id":"spmu44aj3qk3az0","previousEventId":"4jf466ahtj9nob7","operationId":"zp7qmv9r6vsr08b"}
{"type":"log","timestamp":1708503155392,"level":"info","message":"Starting rendering request 1","meta":{"rootId":"qy73v5y9ahxnx7o","id":"qy73v5y9ahxnx7o"},"id":"pn0qeuphkck0ilv","previousOperationId":"zp7qmv9r6vsr08b"}
{"type":"log","timestamp":1708503155392,"level":"info","message":"Rendering template { name: TemplateCalc, recipe: chrome-pdf, engine: handlebars, preview: true }","meta":{"rootId":"qy73v5y9ahxnx7o","id":"qy73v5y9ahxnx7o"},"id":"xc4b81ygra7kj6m","previousOperationId":"zp7qmv9r6vsr08b"}
{"type":"log","timestamp":1708503155394,"level":"debug","message":"Data item not defined for this template.","meta":{"rootId":"qy73v5y9ahxnx7o","id":"qy73v5y9ahxnx7o"},"id":"xcp8xvnkjt6p86v","previousOperationId":"zp7qmv9r6vsr08b"}
{"type":"log","timestamp":1708503155398,"level":"debug","message":"Executing script list-data (beforeRender)","meta":{"rootId":"qy73v5y9ahxnx7o","id":"qy73v5y9ahxnx7o"},"id":"1464gfo9des3tuf","previousOperationId":"zp7qmv9r6vsr08b"}
{"type":"operationStart","subtype":"scriptsBeforeRender","name":"scripts beforeRender","timestamp":1708503155596,"id":"v6tyv08vkwaphec","previousEventId":"spmu44aj3qk3az0","operationId":"xfpphrg2djr6y46","previousOperationId":"zp7qmv9r6vsr08b"}
{"type":"operationStart","subtype":"script","name":"scripts list-data","previousOperationId":"xfpphrg2djr6y46","timestamp":1708503155596,"id":"7110hv09geghk6o","previousEventId":"v6tyv08vkwaphec","operationId":"qh96wpt89k2vh96"}
{"type":"log","timestamp":1708503155864,"level":"debug","message":"(console:log) [\n  {\n    list_description: {\n      id: 2,\n      list_name: 'sarshisha',\n      list_current_number: 13,\n      list_limit_number: 0\n    },\n    list_image: {\n      url: 'http://localhost:4000/rails/active_storage/blobs/redirect/eyJfcmFpbHMiOnsiZGF0YSI6MywicHVyIjoiYmxvYl9pZCJ9fQ==--07183cfade35ce6ffe715f60749642919ec61f5d/charcuteria.png'\n    }\n  },\n  {\n    list_description: {\n      id: 3,\n      list_name: 'stjsjshtshn',\n      list_current_number: 4,\n      list_limit_number: 0\n    },\n    list_image: {\n      url: 'http://localhost:4000/rails/active_storage/blobs/redirect/eyJfcmFpbHMiOnsiZGF0YSI6NCwicHVyIjoiYmxvYl9pZCJ9fQ==--023aae65cb60b3f6c6d73a9c76e14c0b0df6ad86/dibujoadrian.jpg'\n    }\n  },\n  {\n    list_description: {\n      id: 1,\n      list_name: 'charcuteria',\n      list_current_number: 1,\n      list_limit_number: 0\n    },\n    list_image: {\n      url: 'http://localhost:4000/rails/active_storage/blobs/redirect/eyJfcmFpbHMiOnsiZGF0YSI6MiwicHVyIjoiYmxvYl9pZCJ9fQ==--ee6d56bf52163135b48a4ba2c22b11a93e94d3b3/charcuteria.png'\n    }\n  }\n]","meta":{"userLevel":true,"rootId":"qy73v5y9ahxnx7o","id":"qy73v5y9ahxnx7o"},"id":"ehavix79no2kvhk","previousOperationId":"qh96wpt89k2vh96"}
{"type":"log","timestamp":1708503155917,"level":"debug","message":"(console:log) [\n  {\n    id: 1,\n    nickname: 'a',\n    is_admin: true,\n    suscriptor: null,\n    created_at: '2024-02-20T16:45:37.609Z',\n    updated_at: '2024-02-20T16:45:37.729Z',\n    email: 'a@a.a',\n    jti: '6a2b57ca-af4b-47a0-8285-477cffafa34b'\n  }\n]","meta":{"userLevel":true,"rootId":"qy73v5y9ahxnx7o","id":"qy73v5y9ahxnx7o"},"id":"sf5xei53qxjbnp9","previousOperationId":"qh96wpt89k2vh96"}
{"type":"operationEnd","operationId":"qh96wpt89k2vh96","timestamp":1708503155919,"id":"ouoixt9lmwyrdgw","previousEventId":"spmu44aj3qk3az0","previousOperationId":"zp7qmv9r6vsr08b"}
{"type":"operationEnd","operationId":"xfpphrg2djr6y46","timestamp":1708503155919,"id":"py1ro4v0e0e6rcp","previousEventId":"ouoixt9lmwyrdgw","previousOperationId":"zp7qmv9r6vsr08b"}
{"type":"log","timestamp":1708503155919,"level":"debug","message":"Base url not specified, skipping its injection.","meta":{"rootId":"qy73v5y9ahxnx7o","id":"qy73v5y9ahxnx7o"},"id":"opp4dfrq39w5v3i","previousOperationId":"xfpphrg2djr6y46"}
{"type":"operationStart","subtype":"engine","name":"handlebars","timestamp":1708503155919,"id":"ciaxejdkf4k9dc8","previousEventId":"py1ro4v0e0e6rcp","operationId":"7d0onrqum5pckfu","previousOperationId":"xfpphrg2djr6y46"}
{"type":"log","timestamp":1708503155919,"level":"debug","message":"Rendering engine handlebars","meta":{"rootId":"qy73v5y9ahxnx7o","id":"qy73v5y9ahxnx7o"},"id":"7actn8p9qrve6h9","previousOperationId":"7d0onrqum5pckfu"}
{"type":"operationEnd","operationId":"7d0onrqum5pckfu","timestamp":1708503156135,"id":"raghi7gxwziiged","previousEventId":"ciaxejdkf4k9dc8","previousOperationId":"7d0onrqum5pckfu"}
{"type":"operationStart","subtype":"recipe","name":"chrome-pdf","timestamp":1708503156136,"id":"t7t8n43tvrop0dp","previousEventId":"raghi7gxwziiged","operationId":"g492uzbtc2jq6s9","previousOperationId":"7d0onrqum5pckfu"}
{"type":"log","timestamp":1708503156136,"level":"debug","message":"Executing recipe chrome-pdf","meta":{"rootId":"qy73v5y9ahxnx7o","id":"qy73v5y9ahxnx7o"},"id":"bkgke2qgeg0lkma","previousOperationId":"g492uzbtc2jq6s9"}
{"type":"log","timestamp":1708503156697,"level":"debug","message":"Converting with chrome HeadlessChrome/117.0.5938.149 using chrome-pool strategy","meta":{"rootId":"qy73v5y9ahxnx7o","id":"qy73v5y9ahxnx7o"},"id":"824g2i7f6fhf3it","previousOperationId":"g492uzbtc2jq6s9"}
{"type":"log","timestamp":1708503156794,"level":"debug","message":"Page request: GET (document) file:///tmp/jsreport/autocleanup/14eee0f1-acbe-4b62-96f9-c8242174a83a-chrome-pdf.html","meta":{"rootId":"qy73v5y9ahxnx7o","id":"qy73v5y9ahxnx7o"},"id":"vuzhvx5iaxnu0oc","previousOperationId":"g492uzbtc2jq6s9"}
{"type":"log","timestamp":1708503156809,"level":"debug","message":"Page request: GET (stylesheet) https://cdn.jsdelivr.net/chartist.js/latest/chartist.min.css","meta":{"rootId":"qy73v5y9ahxnx7o","id":"qy73v5y9ahxnx7o"},"id":"iuti59hiog9adv8","previousOperationId":"g492uzbtc2jq6s9"}
{"type":"log","timestamp":1708503156809,"level":"debug","message":"Page request: GET (script) https://cdn.jsdelivr.net/chartist.js/latest/chartist.min.js","meta":{"rootId":"qy73v5y9ahxnx7o","id":"qy73v5y9ahxnx7o"},"id":"mglvuroowmn5rj1","previousOperationId":"g492uzbtc2jq6s9"}
{"type":"log","timestamp":1708503156810,"level":"debug","message":"Page request finished: GET (document) 200 file:///tmp/jsreport/autocleanup/14eee0f1-acbe-4b62-96f9-c8242174a83a-chrome-pdf.html","meta":{"rootId":"qy73v5y9ahxnx7o","id":"qy73v5y9ahxnx7o"},"id":"t939pjdy0o5tzs9","previousOperationId":"g492uzbtc2jq6s9"}
{"type":"log","timestamp":1708503156990,"level":"debug","message":"Page request finished: GET (stylesheet) 200 https://cdn.jsdelivr.net/chartist.js/latest/chartist.min.css","meta":{"rootId":"qy73v5y9ahxnx7o","id":"qy73v5y9ahxnx7o"},"id":"dgs5bb1px76trme","previousOperationId":"g492uzbtc2jq6s9"}
{"type":"log","timestamp":1708503156993,"level":"debug","message":"Page request finished: GET (script) 200 https://cdn.jsdelivr.net/chartist.js/latest/chartist.min.js","meta":{"rootId":"qy73v5y9ahxnx7o","id":"qy73v5y9ahxnx7o"},"id":"tvd0fjvoezaqjza","previousOperationId":"g492uzbtc2jq6s9"}
{"type":"log","timestamp":1708503157010,"level":"debug","message":"Running chrome with params {\"printBackground\":true,\"timeout\":59100,\"margin\":{}}","meta":{"rootId":"qy73v5y9ahxnx7o","id":"qy73v5y9ahxnx7o"},"id":"w2o97x6r5d2j6jw","previousOperationId":"g492uzbtc2jq6s9"}
{"type":"operationEnd","operationId":"g492uzbtc2jq6s9","timestamp":1708503157038,"id":"n92h13zrbeqc4gp","previousEventId":"t7t8n43tvrop0dp","previousOperationId":"g492uzbtc2jq6s9"}
{"type":"log","timestamp":1708503157039,"level":"debug","message":"Skipping storing report.","meta":{"rootId":"qy73v5y9ahxnx7o","id":"qy73v5y9ahxnx7o"},"id":"zcygiks9fmc1vod","previousOperationId":"g492uzbtc2jq6s9"}
{"type":"log","timestamp":1708503157039,"level":"info","message":"Rendering request 1 finished in 1661 ms","meta":{"rootId":"qy73v5y9ahxnx7o","id":"qy73v5y9ahxnx7o"},"id":"no9wnb14yjegd4m","previousOperationId":"g492uzbtc2jq6s9"}
{"type":"operationEnd","subtype":"render","operationId":"zp7qmv9r6vsr08b","timestamp":1708503157039,"id":"rtat56on5xcpv0g","previousEventId":"n92h13zrbeqc4gp","previousOperationId":"g492uzbtc2jq6s9"}
{"type":"operationEnd","doDiffs":false,"previousEventId":"4jf466ahtj9nob7","previousOperationId":"s95fvg7z6t7s1j5","operationId":"s95fvg7z6t7s1j5","timestamp":1708503157044,"id":"vmo2cd3y3s32jvl"}
