{"type":"operationStart","subtype":"profile","data":{"_id":"wFst0ZAqp8AqZl6e","timestamp":"2024-02-23T19:19:32.974Z","state":"queued","mode":"standard","creationDate":"2024-02-23T19:19:32.976Z","modificationDate":"2024-02-23T19:19:32.976Z","shortid":"qieLMJ1","$entitySet":"profiles"},"doDiffs":false,"timestamp":1708715972975,"id":"9ak24jdw9dfi8t4","previousOperationId":null,"operationId":"55v2ktn0chwqz3v"}
{"type":"log","level":"info","message":"Render request 1 queued for execution and waiting for available worker","previousOperationId":"55v2ktn0chwqz3v","timestamp":1708715972976,"id":"6q52qwl1iodt31b"}
{"type":"operationStart","subtype":"render","name":"TemplateCalc","previousOperationId":"55v2ktn0chwqz3v","timestamp":1708715972990,"id":"fkxejiuhj53jzg2","previousEventId":"9ak24jdw9dfi8t4","operationId":"2yh87dzrvfh3kjb"}
{"type":"log","timestamp":1708715972991,"level":"info","message":"Starting rendering request 1","meta":{"rootId":"rdzu0n9s5oppcmc","id":"rdzu0n9s5oppcmc"},"id":"fqjnt3znuwn1ckn","previousOperationId":"2yh87dzrvfh3kjb"}
{"type":"log","timestamp":1708715972991,"level":"info","message":"Rendering template { name: TemplateCalc, recipe: chrome-pdf, engine: handlebars, preview: false }","meta":{"rootId":"rdzu0n9s5oppcmc","id":"rdzu0n9s5oppcmc"},"id":"born2s5pqp4xeqv","previousOperationId":"2yh87dzrvfh3kjb"}
{"type":"log","timestamp":1708715972992,"level":"debug","message":"Inline data specified.","meta":{"rootId":"rdzu0n9s5oppcmc","id":"rdzu0n9s5oppcmc"},"id":"v1s3uenn5htuvis","previousOperationId":"2yh87dzrvfh3kjb"}
{"type":"log","timestamp":1708715972994,"level":"debug","message":"Executing script list-data (beforeRender)","meta":{"rootId":"rdzu0n9s5oppcmc","id":"rdzu0n9s5oppcmc"},"id":"7heuc2802jklwp3","previousOperationId":"2yh87dzrvfh3kjb"}
{"type":"operationStart","subtype":"scriptsBeforeRender","name":"scripts beforeRender","timestamp":1708715973133,"id":"id08mkobegpgr7q","previousEventId":"fkxejiuhj53jzg2","operationId":"3vhqvd03p8nj2c8","previousOperationId":"2yh87dzrvfh3kjb"}
{"type":"operationStart","subtype":"script","name":"scripts list-data","previousOperationId":"3vhqvd03p8nj2c8","timestamp":1708715973133,"id":"4dwqkrpmwo25h4k","previousEventId":"id08mkobegpgr7q","operationId":"pmkju7u92tzg920"}
{"type":"log","timestamp":1708715973175,"level":"debug","message":"(console:log) []","meta":{"userLevel":true,"rootId":"rdzu0n9s5oppcmc","id":"rdzu0n9s5oppcmc"},"id":"regxomgccljf5zw","previousOperationId":"pmkju7u92tzg920"}
{"type":"log","timestamp":1708715973194,"level":"debug","message":"(console:log) [\n  {\n    id: 1,\n    nickname: 'a',\n    is_admin: true,\n    created_at: '2024-02-23T19:14:46.163Z',\n    updated_at: '2024-02-23T19:14:46.163Z',\n    email: 'aa@aa',\n    jti: '91d3f777-c410-4b69-91f1-d374ed9d3894'\n  }\n]","meta":{"userLevel":true,"rootId":"rdzu0n9s5oppcmc","id":"rdzu0n9s5oppcmc"},"id":"29w9gm47sy9d8vy","previousOperationId":"pmkju7u92tzg920"}
{"type":"operationEnd","operationId":"pmkju7u92tzg920","timestamp":1708715973195,"id":"5mvt9gaszdbi8zu","previousEventId":"fkxejiuhj53jzg2","previousOperationId":"2yh87dzrvfh3kjb"}
{"type":"operationEnd","operationId":"3vhqvd03p8nj2c8","timestamp":1708715973195,"id":"j2sa3m01q8nyjfj","previousEventId":"5mvt9gaszdbi8zu","previousOperationId":"2yh87dzrvfh3kjb"}
{"type":"log","timestamp":1708715973195,"level":"debug","message":"Base url not specified, skipping its injection.","meta":{"rootId":"rdzu0n9s5oppcmc","id":"rdzu0n9s5oppcmc"},"id":"rc6xkk7yobx4zb3","previousOperationId":"3vhqvd03p8nj2c8"}
{"type":"operationStart","subtype":"engine","name":"handlebars","timestamp":1708715973195,"id":"ptwsdfzspu9a6lg","previousEventId":"j2sa3m01q8nyjfj","operationId":"zgzfsjqwuprm1vv","previousOperationId":"3vhqvd03p8nj2c8"}
{"type":"log","timestamp":1708715973195,"level":"debug","message":"Rendering engine handlebars","meta":{"rootId":"rdzu0n9s5oppcmc","id":"rdzu0n9s5oppcmc"},"id":"4hfztpgi12u963f","previousOperationId":"zgzfsjqwuprm1vv"}
{"type":"operationEnd","operationId":"zgzfsjqwuprm1vv","timestamp":1708715973335,"id":"1b57bc48nn5e0hw","previousEventId":"ptwsdfzspu9a6lg","previousOperationId":"zgzfsjqwuprm1vv"}
{"type":"operationStart","subtype":"recipe","name":"chrome-pdf","timestamp":1708715973335,"id":"djpezgcj9vu6y3l","previousEventId":"1b57bc48nn5e0hw","operationId":"eozfzhze96nwy9z","previousOperationId":"zgzfsjqwuprm1vv"}
{"type":"log","timestamp":1708715973335,"level":"debug","message":"Executing recipe chrome-pdf","meta":{"rootId":"rdzu0n9s5oppcmc","id":"rdzu0n9s5oppcmc"},"id":"9u2wodofv28tzu3","previousOperationId":"eozfzhze96nwy9z"}
{"type":"log","timestamp":1708715973598,"level":"debug","message":"Converting with chrome HeadlessChrome/117.0.5938.149 using chrome-pool strategy","meta":{"rootId":"rdzu0n9s5oppcmc","id":"rdzu0n9s5oppcmc"},"id":"pnozfbrirm9lmq1","previousOperationId":"eozfzhze96nwy9z"}
{"type":"log","timestamp":1708715973635,"level":"debug","message":"Page request: GET (document) file:///tmp/jsreport/autocleanup/803f7c30-d7e1-42d4-ab5a-7e7ee025559d-chrome-pdf.html","meta":{"rootId":"rdzu0n9s5oppcmc","id":"rdzu0n9s5oppcmc"},"id":"wg1jd68kna7z280","previousOperationId":"eozfzhze96nwy9z"}
{"type":"log","timestamp":1708715973641,"level":"debug","message":"Page request: GET (stylesheet) https://cdn.jsdelivr.net/chartist.js/latest/chartist.min.css","meta":{"rootId":"rdzu0n9s5oppcmc","id":"rdzu0n9s5oppcmc"},"id":"0g6hygrve7zombd","previousOperationId":"eozfzhze96nwy9z"}
{"type":"log","timestamp":1708715973641,"level":"debug","message":"Page request: GET (script) https://cdn.jsdelivr.net/chartist.js/latest/chartist.min.js","meta":{"rootId":"rdzu0n9s5oppcmc","id":"rdzu0n9s5oppcmc"},"id":"z3f6praec7fh6za","previousOperationId":"eozfzhze96nwy9z"}
{"type":"log","timestamp":1708715973641,"level":"debug","message":"Page request finished: GET (document) 200 file:///tmp/jsreport/autocleanup/803f7c30-d7e1-42d4-ab5a-7e7ee025559d-chrome-pdf.html","meta":{"rootId":"rdzu0n9s5oppcmc","id":"rdzu0n9s5oppcmc"},"id":"kavtkjbysz7vfum","previousOperationId":"eozfzhze96nwy9z"}
{"type":"log","timestamp":1708715973825,"level":"debug","message":"Page request finished: GET (stylesheet) 200 https://cdn.jsdelivr.net/chartist.js/latest/chartist.min.css","meta":{"rootId":"rdzu0n9s5oppcmc","id":"rdzu0n9s5oppcmc"},"id":"3bpvlgdyy4h8xi1","previousOperationId":"eozfzhze96nwy9z"}
{"type":"log","timestamp":1708715973828,"level":"debug","message":"Page request finished: GET (script) 200 https://cdn.jsdelivr.net/chartist.js/latest/chartist.min.js","meta":{"rootId":"rdzu0n9s5oppcmc","id":"rdzu0n9s5oppcmc"},"id":"s5jvkh26gesi70e","previousOperationId":"eozfzhze96nwy9z"}
{"type":"log","timestamp":1708715973834,"level":"debug","message":"Running chrome with params {\"printBackground\":true,\"timeout\":59511,\"margin\":{}}","meta":{"rootId":"rdzu0n9s5oppcmc","id":"rdzu0n9s5oppcmc"},"id":"k5wet2764g9dr93","previousOperationId":"eozfzhze96nwy9z"}
{"type":"operationEnd","operationId":"eozfzhze96nwy9z","timestamp":1708715973843,"id":"p4uh71nb9yuip93","previousEventId":"djpezgcj9vu6y3l","previousOperationId":"eozfzhze96nwy9z"}
{"type":"log","timestamp":1708715973844,"level":"debug","message":"Executing script list-data (afterRender)","meta":{"rootId":"rdzu0n9s5oppcmc","id":"rdzu0n9s5oppcmc"},"id":"73qllxmdktlb40w","previousOperationId":"eozfzhze96nwy9z"}
{"type":"operationStart","subtype":"scriptsAfterRender","name":"scripts afterRender","timestamp":1708715973847,"id":"ivp8nh88um9n7cz","previousEventId":"p4uh71nb9yuip93","operationId":"m5rr31majp913r7","previousOperationId":"eozfzhze96nwy9z"}
{"type":"operationStart","subtype":"script","name":"scripts list-data","previousOperationId":"m5rr31majp913r7","timestamp":1708715973847,"id":"inuj8491q1s2q0a","previousEventId":"ivp8nh88um9n7cz","operationId":"enj4d8p5ns4bmew"}
{"type":"operationEnd","operationId":"enj4d8p5ns4bmew","timestamp":1708715973851,"id":"6gy4uk4xgu7ijd0","previousEventId":"p4uh71nb9yuip93","previousOperationId":"eozfzhze96nwy9z"}
{"type":"operationEnd","operationId":"m5rr31majp913r7","timestamp":1708715973851,"id":"k8lix9684z6ev9n","previousEventId":"6gy4uk4xgu7ijd0","previousOperationId":"eozfzhze96nwy9z"}
{"type":"log","timestamp":1708715973851,"level":"debug","message":"Skipping storing report.","meta":{"rootId":"rdzu0n9s5oppcmc","id":"rdzu0n9s5oppcmc"},"id":"h7cvkpb6694236i","previousOperationId":"m5rr31majp913r7"}
{"type":"log","timestamp":1708715973851,"level":"info","message":"Rendering request 1 finished in 877 ms","meta":{"rootId":"rdzu0n9s5oppcmc","id":"rdzu0n9s5oppcmc"},"id":"2pv9x4qur9y59cf","previousOperationId":"m5rr31majp913r7"}
{"type":"operationEnd","subtype":"render","operationId":"2yh87dzrvfh3kjb","timestamp":1708715973851,"id":"cu6h1y7nanwiu1v","previousEventId":"k8lix9684z6ev9n","previousOperationId":"m5rr31majp913r7"}
{"type":"operationEnd","doDiffs":false,"previousEventId":"9ak24jdw9dfi8t4","previousOperationId":"55v2ktn0chwqz3v","operationId":"55v2ktn0chwqz3v","timestamp":1708715973853,"id":"9zmkdorrfn8l1t1"}
