{"type":"operationStart","subtype":"profile","data":{"_id":"aKixtQevMGis1gnr","timestamp":"2024-02-22T11:33:36.228Z","state":"queued","mode":"standard","creationDate":"2024-02-22T11:33:36.229Z","modificationDate":"2024-02-22T11:33:36.229Z","shortid":"Jx-UMSz","$entitySet":"profiles"},"doDiffs":false,"timestamp":1708601616228,"id":"i70ym79kzoru002","previousOperationId":null,"operationId":"tivuvafna8dxcwf"}
{"type":"log","level":"info","message":"Render request 1 queued for execution and waiting for available worker","previousOperationId":"tivuvafna8dxcwf","timestamp":1708601616229,"id":"v3l0p9h4pzrqq94"}
{"type":"operationStart","subtype":"render","name":"TemplateCalc","previousOperationId":"tivuvafna8dxcwf","timestamp":1708601616244,"id":"99ewqb89nvp58xm","previousEventId":"i70ym79kzoru002","operationId":"vxk5fb9n1tc9wk4"}
{"type":"log","timestamp":1708601616244,"level":"info","message":"Starting rendering request 1","meta":{"rootId":"uejo0zw8xcaomya","id":"uejo0zw8xcaomya"},"id":"nwn4svxx0mb84gx","previousOperationId":"vxk5fb9n1tc9wk4"}
{"type":"log","timestamp":1708601616244,"level":"info","message":"Rendering template { name: TemplateCalc, recipe: chrome-pdf, engine: handlebars, preview: false }","meta":{"rootId":"uejo0zw8xcaomya","id":"uejo0zw8xcaomya"},"id":"3342f4fgbu4d6qo","previousOperationId":"vxk5fb9n1tc9wk4"}
{"type":"log","timestamp":1708601616245,"level":"debug","message":"Inline data specified.","meta":{"rootId":"uejo0zw8xcaomya","id":"uejo0zw8xcaomya"},"id":"asxtpr6um7tosea","previousOperationId":"vxk5fb9n1tc9wk4"}
{"type":"log","timestamp":1708601616248,"level":"debug","message":"Executing script list-data (beforeRender)","meta":{"rootId":"uejo0zw8xcaomya","id":"uejo0zw8xcaomya"},"id":"k5z7fzvapnxi1jn","previousOperationId":"vxk5fb9n1tc9wk4"}
{"type":"operationStart","subtype":"scriptsBeforeRender","name":"scripts beforeRender","timestamp":1708601616378,"id":"6ze23681gm0h5cd","previousEventId":"99ewqb89nvp58xm","operationId":"e9nk5wcallwpwwy","previousOperationId":"vxk5fb9n1tc9wk4"}
{"type":"operationStart","subtype":"script","name":"scripts list-data","previousOperationId":"e9nk5wcallwpwwy","timestamp":1708601616378,"id":"ikqm6sa1fm67vts","previousEventId":"6ze23681gm0h5cd","operationId":"ksqja9g5bfu5zfi"}
{"type":"log","timestamp":1708601616409,"level":"debug","message":"(console:log) [\n  {\n    list_description: {\n      id: 18,\n      list_name: 'Carniceria',\n      list_current_number: 8,\n      list_limit_number: 8\n    },\n    list_image: null\n  }\n]","meta":{"userLevel":true,"rootId":"uejo0zw8xcaomya","id":"uejo0zw8xcaomya"},"id":"zxsd3cjlbyf6m53","previousOperationId":"ksqja9g5bfu5zfi"}
{"type":"log","timestamp":1708601616443,"level":"debug","message":"(console:log) [\n  {\n    id: 2,\n    nickname: 'b',\n    is_admin: false,\n    suscriptor: null,\n    created_at: '2024-02-21T23:47:29.172Z',\n    updated_at: '2024-02-21T23:47:29.172Z',\n    email: 'bb@bb',\n    jti: '62833e03-1133-42e0-853e-8e2ccbe222d2'\n  },\n  {\n    id: 1,\n    nickname: 'a',\n    is_admin: true,\n    suscriptor: null,\n    created_at: '2024-02-21T23:00:33.561Z',\n    updated_at: '2024-02-21T23:00:33.561Z',\n    email: 'aa@aa',\n    jti: '70657dc9-914d-4451-94bf-b46a06ad9706'\n  }\n]","meta":{"userLevel":true,"rootId":"uejo0zw8xcaomya","id":"uejo0zw8xcaomya"},"id":"v124rygyv3erxhz","previousOperationId":"ksqja9g5bfu5zfi"}
{"type":"operationEnd","operationId":"ksqja9g5bfu5zfi","timestamp":1708601616443,"id":"pv9i0j596o61qp1","previousEventId":"99ewqb89nvp58xm","previousOperationId":"vxk5fb9n1tc9wk4"}
{"type":"operationEnd","operationId":"e9nk5wcallwpwwy","timestamp":1708601616443,"id":"e30kyzy30tgup7a","previousEventId":"pv9i0j596o61qp1","previousOperationId":"vxk5fb9n1tc9wk4"}
{"type":"log","timestamp":1708601616444,"level":"debug","message":"Base url not specified, skipping its injection.","meta":{"rootId":"uejo0zw8xcaomya","id":"uejo0zw8xcaomya"},"id":"jepdlyujfsob6qf","previousOperationId":"e9nk5wcallwpwwy"}
{"type":"operationStart","subtype":"engine","name":"handlebars","timestamp":1708601616444,"id":"5lecc4c4brxe45i","previousEventId":"e30kyzy30tgup7a","operationId":"r422endoupd50v1","previousOperationId":"e9nk5wcallwpwwy"}
{"type":"log","timestamp":1708601616444,"level":"debug","message":"Rendering engine handlebars","meta":{"rootId":"uejo0zw8xcaomya","id":"uejo0zw8xcaomya"},"id":"9km86mft95rgth0","previousOperationId":"r422endoupd50v1"}
{"type":"operationEnd","operationId":"r422endoupd50v1","timestamp":1708601616612,"id":"ivhj1psq8bnu5ow","previousEventId":"5lecc4c4brxe45i","previousOperationId":"r422endoupd50v1"}
{"type":"operationStart","subtype":"recipe","name":"chrome-pdf","timestamp":1708601616612,"id":"40kfhh1nd4nfrkv","previousEventId":"ivhj1psq8bnu5ow","operationId":"q3vtkln066ftwem","previousOperationId":"r422endoupd50v1"}
{"type":"log","timestamp":1708601616612,"level":"debug","message":"Executing recipe chrome-pdf","meta":{"rootId":"uejo0zw8xcaomya","id":"uejo0zw8xcaomya"},"id":"f88u74uordxn8o7","previousOperationId":"q3vtkln066ftwem"}
{"type":"log","timestamp":1708601617239,"level":"debug","message":"Converting with chrome HeadlessChrome/117.0.5938.149 using chrome-pool strategy","meta":{"rootId":"uejo0zw8xcaomya","id":"uejo0zw8xcaomya"},"id":"2j6thv4cdg5sazp","previousOperationId":"q3vtkln066ftwem"}
{"type":"log","timestamp":1708601617432,"level":"debug","message":"Page request: GET (document) file:///tmp/jsreport/autocleanup/7e3b7453-56a4-4c64-b446-0ac6f911ea35-chrome-pdf.html","meta":{"rootId":"uejo0zw8xcaomya","id":"uejo0zw8xcaomya"},"id":"17ku5yudv7nvh5k","previousOperationId":"q3vtkln066ftwem"}
{"type":"log","timestamp":1708601617458,"level":"debug","message":"Page request: GET (stylesheet) https://cdn.jsdelivr.net/chartist.js/latest/chartist.min.css","meta":{"rootId":"uejo0zw8xcaomya","id":"uejo0zw8xcaomya"},"id":"0pap00m827lumax","previousOperationId":"q3vtkln066ftwem"}
{"type":"log","timestamp":1708601617459,"level":"debug","message":"Page request: GET (script) https://cdn.jsdelivr.net/chartist.js/latest/chartist.min.js","meta":{"rootId":"uejo0zw8xcaomya","id":"uejo0zw8xcaomya"},"id":"jpttk5gfs06vwbl","previousOperationId":"q3vtkln066ftwem"}
{"type":"log","timestamp":1708601617459,"level":"debug","message":"Page request finished: GET (document) 200 file:///tmp/jsreport/autocleanup/7e3b7453-56a4-4c64-b446-0ac6f911ea35-chrome-pdf.html","meta":{"rootId":"uejo0zw8xcaomya","id":"uejo0zw8xcaomya"},"id":"twyq1rdygnrowcq","previousOperationId":"q3vtkln066ftwem"}
{"type":"log","timestamp":1708601617622,"level":"debug","message":"Page request finished: GET (stylesheet) 200 https://cdn.jsdelivr.net/chartist.js/latest/chartist.min.css","meta":{"rootId":"uejo0zw8xcaomya","id":"uejo0zw8xcaomya"},"id":"r1vcjzklrswmpa5","previousOperationId":"q3vtkln066ftwem"}
{"type":"log","timestamp":1708601617627,"level":"debug","message":"Page request finished: GET (script) 200 https://cdn.jsdelivr.net/chartist.js/latest/chartist.min.js","meta":{"rootId":"uejo0zw8xcaomya","id":"uejo0zw8xcaomya"},"id":"em7hhwojuw2pt3v","previousOperationId":"q3vtkln066ftwem"}
{"type":"log","timestamp":1708601617650,"level":"debug","message":"Running chrome with params {\"printBackground\":true,\"timeout\":59486,\"margin\":{}}","meta":{"rootId":"uejo0zw8xcaomya","id":"uejo0zw8xcaomya"},"id":"yg5s03sg5fh7n46","previousOperationId":"q3vtkln066ftwem"}
{"type":"operationEnd","operationId":"q3vtkln066ftwem","timestamp":1708601617681,"id":"73pm33m5fq93twy","previousEventId":"40kfhh1nd4nfrkv","previousOperationId":"q3vtkln066ftwem"}
{"type":"log","timestamp":1708601617681,"level":"debug","message":"Executing script list-data (afterRender)","meta":{"rootId":"uejo0zw8xcaomya","id":"uejo0zw8xcaomya"},"id":"08m33ub41eo5zt0","previousOperationId":"q3vtkln066ftwem"}
{"type":"operationStart","subtype":"scriptsAfterRender","name":"scripts afterRender","timestamp":1708601617684,"id":"cwjqap7kupamgoi","previousEventId":"73pm33m5fq93twy","operationId":"z6twujxwfy7ye2j","previousOperationId":"q3vtkln066ftwem"}
{"type":"operationStart","subtype":"script","name":"scripts list-data","previousOperationId":"z6twujxwfy7ye2j","timestamp":1708601617684,"id":"ybed1mz1b5x5l4w","previousEventId":"cwjqap7kupamgoi","operationId":"0xg2e56i7zgx6kw"}
{"type":"operationEnd","operationId":"0xg2e56i7zgx6kw","timestamp":1708601617688,"id":"hoyx9qwiblugy68","previousEventId":"73pm33m5fq93twy","previousOperationId":"q3vtkln066ftwem"}
{"type":"operationEnd","operationId":"z6twujxwfy7ye2j","timestamp":1708601617689,"id":"40j0fn033tn4yv0","previousEventId":"hoyx9qwiblugy68","previousOperationId":"q3vtkln066ftwem"}
{"type":"log","timestamp":1708601617689,"level":"debug","message":"Skipping storing report.","meta":{"rootId":"uejo0zw8xcaomya","id":"uejo0zw8xcaomya"},"id":"8bmatzjjgqtoy3i","previousOperationId":"z6twujxwfy7ye2j"}
{"type":"log","timestamp":1708601617689,"level":"info","message":"Rendering request 1 finished in 1462 ms","meta":{"rootId":"uejo0zw8xcaomya","id":"uejo0zw8xcaomya"},"id":"cj0eob67zodyni7","previousOperationId":"z6twujxwfy7ye2j"}
{"type":"operationEnd","subtype":"render","operationId":"vxk5fb9n1tc9wk4","timestamp":1708601617689,"id":"gwkjtvpt5v7t03o","previousEventId":"40j0fn033tn4yv0","previousOperationId":"z6twujxwfy7ye2j"}
{"type":"operationEnd","doDiffs":false,"previousEventId":"i70ym79kzoru002","previousOperationId":"tivuvafna8dxcwf","operationId":"tivuvafna8dxcwf","timestamp":1708601617690,"id":"lsk7litrzwvep2g"}
