{"type":"operationStart","subtype":"profile","data":{"_id":"DFTNsceaNNtqQ8Ow","timestamp":"2024-02-21T08:41:41.424Z","state":"queued","mode":"standard","creationDate":"2024-02-21T08:41:41.426Z","modificationDate":"2024-02-21T08:41:41.426Z","shortid":"5Sx4bTe","$entitySet":"profiles"},"doDiffs":false,"timestamp":1708504901424,"id":"s7ggmojo7l0yh65","previousOperationId":null,"operationId":"8dm4u4cl0ouait0"}
{"type":"log","level":"info","message":"Render request 1 queued for execution and waiting for available worker","previousOperationId":"8dm4u4cl0ouait0","timestamp":1708504901425,"id":"y5shldufnzpsod5"}
{"type":"operationStart","subtype":"render","name":"TemplateCalc","previousOperationId":"8dm4u4cl0ouait0","timestamp":1708504901448,"id":"lhqig42w29csmku","previousEventId":"s7ggmojo7l0yh65","operationId":"9fpap93j3z2q5a3"}
{"type":"log","timestamp":1708504901449,"level":"info","message":"Starting rendering request 1","meta":{"rootId":"v0on7k6cm7p08bw","id":"v0on7k6cm7p08bw"},"id":"e22z8je2p1ak9lr","previousOperationId":"9fpap93j3z2q5a3"}
{"type":"log","timestamp":1708504901450,"level":"info","message":"Rendering template { name: TemplateCalc, recipe: chrome-pdf, engine: handlebars, preview: true }","meta":{"rootId":"v0on7k6cm7p08bw","id":"v0on7k6cm7p08bw"},"id":"n088680xn0hr9il","previousOperationId":"9fpap93j3z2q5a3"}
{"type":"log","timestamp":1708504901451,"level":"debug","message":"Data item not defined for this template.","meta":{"rootId":"v0on7k6cm7p08bw","id":"v0on7k6cm7p08bw"},"id":"xotqeq8xvpsks1j","previousOperationId":"9fpap93j3z2q5a3"}
{"type":"log","timestamp":1708504901454,"level":"debug","message":"Executing script list-data (beforeRender)","meta":{"rootId":"v0on7k6cm7p08bw","id":"v0on7k6cm7p08bw"},"id":"juffl32d1f4klzt","previousOperationId":"9fpap93j3z2q5a3"}
{"type":"operationStart","subtype":"scriptsBeforeRender","name":"scripts beforeRender","timestamp":1708504901601,"id":"9pe95hgbpqftycv","previousEventId":"lhqig42w29csmku","operationId":"1uwk8o215b7mg6s","previousOperationId":"9fpap93j3z2q5a3"}
{"type":"operationStart","subtype":"script","name":"scripts list-data","previousOperationId":"1uwk8o215b7mg6s","timestamp":1708504901601,"id":"7a0z30a1fdkcldp","previousEventId":"9pe95hgbpqftycv","operationId":"qh7eo3n2ii0qy70"}
{"type":"log","timestamp":1708504901628,"level":"debug","message":"(console:log) [\n  {\n    list_description: {\n      id: 1,\n      list_name: 'charcuteria',\n      list_current_number: 22,\n      list_limit_number: 100\n    },\n    list_image: {\n      url: 'http://localhost:4000/rails/active_storage/blobs/redirect/eyJfcmFpbHMiOnsiZGF0YSI6MiwicHVyIjoiYmxvYl9pZCJ9fQ==--ee6d56bf52163135b48a4ba2c22b11a93e94d3b3/meat.jpg'\n    }\n  }\n]","meta":{"userLevel":true,"rootId":"v0on7k6cm7p08bw","id":"v0on7k6cm7p08bw"},"id":"58q6rzb12nr1qwk","previousOperationId":"qh7eo3n2ii0qy70"}
{"type":"log","timestamp":1708504901639,"level":"debug","message":"(console:log) [\n  {\n    id: 1,\n    nickname: 'a',\n    is_admin: true,\n    suscriptor: null,\n    created_at: '2024-02-21T08:40:20.412Z',\n    updated_at: '2024-02-21T08:40:20.504Z',\n    email: 'a@a.a',\n    jti: 'd586867c-1112-405a-bf37-1c4c895aa19f'\n  }\n]","meta":{"userLevel":true,"rootId":"v0on7k6cm7p08bw","id":"v0on7k6cm7p08bw"},"id":"nmaxgqk815i4mfg","previousOperationId":"qh7eo3n2ii0qy70"}
{"type":"operationEnd","operationId":"qh7eo3n2ii0qy70","timestamp":1708504901640,"id":"ktfbj7b05lo3ttx","previousEventId":"lhqig42w29csmku","previousOperationId":"9fpap93j3z2q5a3"}
{"type":"operationEnd","operationId":"1uwk8o215b7mg6s","timestamp":1708504901640,"id":"wq77kw9kuk8ysnk","previousEventId":"ktfbj7b05lo3ttx","previousOperationId":"9fpap93j3z2q5a3"}
{"type":"log","timestamp":1708504901640,"level":"debug","message":"Base url not specified, skipping its injection.","meta":{"rootId":"v0on7k6cm7p08bw","id":"v0on7k6cm7p08bw"},"id":"y5yr8biqhjuvb3h","previousOperationId":"1uwk8o215b7mg6s"}
{"type":"operationStart","subtype":"engine","name":"handlebars","timestamp":1708504901641,"id":"en4xlpuoxv5uptr","previousEventId":"wq77kw9kuk8ysnk","operationId":"y6bjfdtsfe9dln3","previousOperationId":"1uwk8o215b7mg6s"}
{"type":"log","timestamp":1708504901641,"level":"debug","message":"Rendering engine handlebars","meta":{"rootId":"v0on7k6cm7p08bw","id":"v0on7k6cm7p08bw"},"id":"oyyvgsigr7n93yg","previousOperationId":"y6bjfdtsfe9dln3"}
{"type":"operationEnd","operationId":"y6bjfdtsfe9dln3","timestamp":1708504901813,"id":"opksr4hnbhkx6hk","previousEventId":"en4xlpuoxv5uptr","previousOperationId":"y6bjfdtsfe9dln3"}
{"type":"operationStart","subtype":"recipe","name":"chrome-pdf","timestamp":1708504901814,"id":"xpvnz9t1m4ha946","previousEventId":"opksr4hnbhkx6hk","operationId":"kyxw772rtkp3rmf","previousOperationId":"y6bjfdtsfe9dln3"}
{"type":"log","timestamp":1708504901814,"level":"debug","message":"Executing recipe chrome-pdf","meta":{"rootId":"v0on7k6cm7p08bw","id":"v0on7k6cm7p08bw"},"id":"e1td5trgkeswq6a","previousOperationId":"kyxw772rtkp3rmf"}
{"type":"log","timestamp":1708504902072,"level":"debug","message":"Converting with chrome HeadlessChrome/117.0.5938.149 using chrome-pool strategy","meta":{"rootId":"v0on7k6cm7p08bw","id":"v0on7k6cm7p08bw"},"id":"cafaq4xko0jm4v5","previousOperationId":"kyxw772rtkp3rmf"}
{"type":"log","timestamp":1708504902122,"level":"debug","message":"Page request: GET (document) file:///tmp/jsreport/autocleanup/800d08ff-4f39-4865-8c57-be10e3f695fc-chrome-pdf.html","meta":{"rootId":"v0on7k6cm7p08bw","id":"v0on7k6cm7p08bw"},"id":"rwfaj9stnqbcbtg","previousOperationId":"kyxw772rtkp3rmf"}
{"type":"log","timestamp":1708504902129,"level":"debug","message":"Page request: GET (stylesheet) https://cdn.jsdelivr.net/chartist.js/latest/chartist.min.css","meta":{"rootId":"v0on7k6cm7p08bw","id":"v0on7k6cm7p08bw"},"id":"fmvz00xbutzft7f","previousOperationId":"kyxw772rtkp3rmf"}
{"type":"log","timestamp":1708504902130,"level":"debug","message":"Page request: GET (script) https://cdn.jsdelivr.net/chartist.js/latest/chartist.min.js","meta":{"rootId":"v0on7k6cm7p08bw","id":"v0on7k6cm7p08bw"},"id":"8t9z9bv3k0ynitb","previousOperationId":"kyxw772rtkp3rmf"}
{"type":"log","timestamp":1708504902130,"level":"debug","message":"Page request finished: GET (document) 200 file:///tmp/jsreport/autocleanup/800d08ff-4f39-4865-8c57-be10e3f695fc-chrome-pdf.html","meta":{"rootId":"v0on7k6cm7p08bw","id":"v0on7k6cm7p08bw"},"id":"sndxc8o07fexytw","previousOperationId":"kyxw772rtkp3rmf"}
{"type":"log","timestamp":1708504902294,"level":"debug","message":"Page request finished: GET (stylesheet) 200 https://cdn.jsdelivr.net/chartist.js/latest/chartist.min.css","meta":{"rootId":"v0on7k6cm7p08bw","id":"v0on7k6cm7p08bw"},"id":"soybr7qlwc9jgtp","previousOperationId":"kyxw772rtkp3rmf"}
{"type":"log","timestamp":1708504902295,"level":"debug","message":"Page request finished: GET (script) 200 https://cdn.jsdelivr.net/chartist.js/latest/chartist.min.js","meta":{"rootId":"v0on7k6cm7p08bw","id":"v0on7k6cm7p08bw"},"id":"rjnhj6ikwzipd6q","previousOperationId":"kyxw772rtkp3rmf"}
{"type":"log","timestamp":1708504902302,"level":"debug","message":"Running chrome with params {\"printBackground\":true,\"timeout\":59471,\"margin\":{}}","meta":{"rootId":"v0on7k6cm7p08bw","id":"v0on7k6cm7p08bw"},"id":"9b30em4w8ke6xby","previousOperationId":"kyxw772rtkp3rmf"}
{"type":"operationEnd","operationId":"kyxw772rtkp3rmf","timestamp":1708504902317,"id":"xagrrx9x22kl8jt","previousEventId":"xpvnz9t1m4ha946","previousOperationId":"kyxw772rtkp3rmf"}
{"type":"log","timestamp":1708504902318,"level":"debug","message":"Skipping storing report.","meta":{"rootId":"v0on7k6cm7p08bw","id":"v0on7k6cm7p08bw"},"id":"ii6k6ywb1869bxq","previousOperationId":"kyxw772rtkp3rmf"}
{"type":"log","timestamp":1708504902318,"level":"info","message":"Rendering request 1 finished in 895 ms","meta":{"rootId":"v0on7k6cm7p08bw","id":"v0on7k6cm7p08bw"},"id":"xb13l526p4f9hob","previousOperationId":"kyxw772rtkp3rmf"}
{"type":"operationEnd","subtype":"render","operationId":"9fpap93j3z2q5a3","timestamp":1708504902318,"id":"o227fepnxadwnsr","previousEventId":"xagrrx9x22kl8jt","previousOperationId":"kyxw772rtkp3rmf"}
{"type":"operationEnd","doDiffs":false,"previousEventId":"s7ggmojo7l0yh65","previousOperationId":"8dm4u4cl0ouait0","operationId":"8dm4u4cl0ouait0","timestamp":1708504902324,"id":"ctrknazl9dc44w2"}
