{"type":"operationStart","subtype":"profile","data":{"_id":"gNCxfShKkyQ5XUAn","timestamp":"2024-02-21T08:41:42.667Z","state":"queued","mode":"standard","creationDate":"2024-02-21T08:41:42.668Z","modificationDate":"2024-02-21T08:41:42.668Z","shortid":"0rqydu5","$entitySet":"profiles"},"doDiffs":false,"timestamp":1708504902667,"id":"0sa5rqxxkjz9egc","previousOperationId":null,"operationId":"sbpb1twioo7o4o4"}
{"type":"log","level":"info","message":"Render request 2 queued for execution and waiting for available worker","previousOperationId":"sbpb1twioo7o4o4","timestamp":1708504902668,"id":"nd5sqp2wswqrqi1"}
{"type":"operationStart","subtype":"render","name":"TemplateCalc","previousOperationId":"sbpb1twioo7o4o4","timestamp":1708504902673,"id":"3p2gsv76lq8h6vh","previousEventId":"0sa5rqxxkjz9egc","operationId":"8vqopdgf6pbjdm7"}
{"type":"log","timestamp":1708504902674,"level":"info","message":"Starting rendering request 2","meta":{"rootId":"vk7rgcvt0fzzfeh","id":"vk7rgcvt0fzzfeh"},"id":"hbzo4kh3fozrszd","previousOperationId":"8vqopdgf6pbjdm7"}
{"type":"log","timestamp":1708504902674,"level":"info","message":"Rendering template { name: TemplateCalc, recipe: chrome-pdf, engine: handlebars, preview: true }","meta":{"rootId":"vk7rgcvt0fzzfeh","id":"vk7rgcvt0fzzfeh"},"id":"jlnmfoh1nbmvyo1","previousOperationId":"8vqopdgf6pbjdm7"}
{"type":"log","timestamp":1708504902676,"level":"debug","message":"Data item not defined for this template.","meta":{"rootId":"vk7rgcvt0fzzfeh","id":"vk7rgcvt0fzzfeh"},"id":"43hm87jwmiwx23s","previousOperationId":"8vqopdgf6pbjdm7"}
{"type":"log","timestamp":1708504902678,"level":"debug","message":"Executing script list-data (beforeRender)","meta":{"rootId":"vk7rgcvt0fzzfeh","id":"vk7rgcvt0fzzfeh"},"id":"67zu1z9te6qedmu","previousOperationId":"8vqopdgf6pbjdm7"}
{"type":"operationStart","subtype":"scriptsBeforeRender","name":"scripts beforeRender","timestamp":1708504902819,"id":"vli3ict8bx1uqdn","previousEventId":"3p2gsv76lq8h6vh","operationId":"k7n6v6rf0aoazs9","previousOperationId":"8vqopdgf6pbjdm7"}
{"type":"operationStart","subtype":"script","name":"scripts list-data","previousOperationId":"k7n6v6rf0aoazs9","timestamp":1708504902819,"id":"jllk0mf1vti1tf9","previousEventId":"vli3ict8bx1uqdn","operationId":"3e2rt2xrejunhvh"}
{"type":"log","timestamp":1708504902853,"level":"debug","message":"(console:log) [\n  {\n    list_description: {\n      id: 1,\n      list_name: 'charcuteria',\n      list_current_number: 22,\n      list_limit_number: 100\n    },\n    list_image: {\n      url: 'http://localhost:4000/rails/active_storage/blobs/redirect/eyJfcmFpbHMiOnsiZGF0YSI6MiwicHVyIjoiYmxvYl9pZCJ9fQ==--ee6d56bf52163135b48a4ba2c22b11a93e94d3b3/meat.jpg'\n    }\n  }\n]","meta":{"userLevel":true,"rootId":"vk7rgcvt0fzzfeh","id":"vk7rgcvt0fzzfeh"},"id":"52judit64lgxruo","previousOperationId":"3e2rt2xrejunhvh"}
{"type":"log","timestamp":1708504902861,"level":"debug","message":"(console:log) [\n  {\n    id: 1,\n    nickname: 'a',\n    is_admin: true,\n    suscriptor: null,\n    created_at: '2024-02-21T08:40:20.412Z',\n    updated_at: '2024-02-21T08:40:20.504Z',\n    email: 'a@a.a',\n    jti: 'd586867c-1112-405a-bf37-1c4c895aa19f'\n  }\n]","meta":{"userLevel":true,"rootId":"vk7rgcvt0fzzfeh","id":"vk7rgcvt0fzzfeh"},"id":"0r81el0lkyz2h2x","previousOperationId":"3e2rt2xrejunhvh"}
{"type":"operationEnd","operationId":"3e2rt2xrejunhvh","timestamp":1708504902861,"id":"mmju0d0vvbivskb","previousEventId":"3p2gsv76lq8h6vh","previousOperationId":"8vqopdgf6pbjdm7"}
{"type":"operationEnd","operationId":"k7n6v6rf0aoazs9","timestamp":1708504902861,"id":"bam1jzi6o7558t2","previousEventId":"mmju0d0vvbivskb","previousOperationId":"8vqopdgf6pbjdm7"}
{"type":"log","timestamp":1708504902862,"level":"debug","message":"Base url not specified, skipping its injection.","meta":{"rootId":"vk7rgcvt0fzzfeh","id":"vk7rgcvt0fzzfeh"},"id":"ywjil9tes0mex8d","previousOperationId":"k7n6v6rf0aoazs9"}
{"type":"operationStart","subtype":"engine","name":"handlebars","timestamp":1708504902862,"id":"sksyxzmcyhjutwi","previousEventId":"bam1jzi6o7558t2","operationId":"tuzd0i248tynvjq","previousOperationId":"k7n6v6rf0aoazs9"}
{"type":"log","timestamp":1708504902862,"level":"debug","message":"Rendering engine handlebars","meta":{"rootId":"vk7rgcvt0fzzfeh","id":"vk7rgcvt0fzzfeh"},"id":"oz7k8zvaysymehc","previousOperationId":"tuzd0i248tynvjq"}
{"type":"operationEnd","operationId":"tuzd0i248tynvjq","timestamp":1708504903057,"id":"bmjn3y2jpqfh4iu","previousEventId":"sksyxzmcyhjutwi","previousOperationId":"tuzd0i248tynvjq"}
{"type":"operationStart","subtype":"recipe","name":"chrome-pdf","timestamp":1708504903057,"id":"ayqwsvcj5sfq2kg","previousEventId":"bmjn3y2jpqfh4iu","operationId":"85m70m1vanc23c4","previousOperationId":"tuzd0i248tynvjq"}
{"type":"log","timestamp":1708504903058,"level":"debug","message":"Executing recipe chrome-pdf","meta":{"rootId":"vk7rgcvt0fzzfeh","id":"vk7rgcvt0fzzfeh"},"id":"a6ejyqd85f7ik9j","previousOperationId":"85m70m1vanc23c4"}
{"type":"log","timestamp":1708504903360,"level":"debug","message":"Converting with chrome HeadlessChrome/117.0.5938.149 using chrome-pool strategy","meta":{"rootId":"vk7rgcvt0fzzfeh","id":"vk7rgcvt0fzzfeh"},"id":"j2uujjpjoop45nd","previousOperationId":"85m70m1vanc23c4"}
{"type":"log","timestamp":1708504903414,"level":"debug","message":"Page request: GET (document) file:///tmp/jsreport/autocleanup/17cea487-d334-49fd-a6b5-3e48dda99c52-chrome-pdf.html","meta":{"rootId":"vk7rgcvt0fzzfeh","id":"vk7rgcvt0fzzfeh"},"id":"eqgovsbfjiuwleo","previousOperationId":"85m70m1vanc23c4"}
{"type":"log","timestamp":1708504903422,"level":"debug","message":"Page request: GET (stylesheet) https://cdn.jsdelivr.net/chartist.js/latest/chartist.min.css","meta":{"rootId":"vk7rgcvt0fzzfeh","id":"vk7rgcvt0fzzfeh"},"id":"a5wk0qa17ip911v","previousOperationId":"85m70m1vanc23c4"}
{"type":"log","timestamp":1708504903423,"level":"debug","message":"Page request: GET (script) https://cdn.jsdelivr.net/chartist.js/latest/chartist.min.js","meta":{"rootId":"vk7rgcvt0fzzfeh","id":"vk7rgcvt0fzzfeh"},"id":"r3t09rlpy187zar","previousOperationId":"85m70m1vanc23c4"}
{"type":"log","timestamp":1708504903423,"level":"debug","message":"Page request finished: GET (document) 200 file:///tmp/jsreport/autocleanup/17cea487-d334-49fd-a6b5-3e48dda99c52-chrome-pdf.html","meta":{"rootId":"vk7rgcvt0fzzfeh","id":"vk7rgcvt0fzzfeh"},"id":"ztonf2vklksch6v","previousOperationId":"85m70m1vanc23c4"}
{"type":"log","timestamp":1708504903549,"level":"debug","message":"Page request finished: GET (stylesheet) 200 https://cdn.jsdelivr.net/chartist.js/latest/chartist.min.css","meta":{"rootId":"vk7rgcvt0fzzfeh","id":"vk7rgcvt0fzzfeh"},"id":"3qr50bayq0jhhlu","previousOperationId":"85m70m1vanc23c4"}
{"type":"log","timestamp":1708504903552,"level":"debug","message":"Page request finished: GET (script) 200 https://cdn.jsdelivr.net/chartist.js/latest/chartist.min.js","meta":{"rootId":"vk7rgcvt0fzzfeh","id":"vk7rgcvt0fzzfeh"},"id":"tfjwu6kpwf166y7","previousOperationId":"85m70m1vanc23c4"}
{"type":"log","timestamp":1708504903559,"level":"debug","message":"Running chrome with params {\"printBackground\":true,\"timeout\":59470,\"margin\":{}}","meta":{"rootId":"vk7rgcvt0fzzfeh","id":"vk7rgcvt0fzzfeh"},"id":"qjltupu2doyh5h9","previousOperationId":"85m70m1vanc23c4"}
{"type":"operationEnd","operationId":"85m70m1vanc23c4","timestamp":1708504903570,"id":"wis2q6e3313w8ed","previousEventId":"ayqwsvcj5sfq2kg","previousOperationId":"85m70m1vanc23c4"}
{"type":"log","timestamp":1708504903571,"level":"debug","message":"Skipping storing report.","meta":{"rootId":"vk7rgcvt0fzzfeh","id":"vk7rgcvt0fzzfeh"},"id":"xw60mh9eacj5aro","previousOperationId":"85m70m1vanc23c4"}
{"type":"log","timestamp":1708504903571,"level":"info","message":"Rendering request 2 finished in 904 ms","meta":{"rootId":"vk7rgcvt0fzzfeh","id":"vk7rgcvt0fzzfeh"},"id":"ztwwfnb5v9ufa8t","previousOperationId":"85m70m1vanc23c4"}
{"type":"operationEnd","subtype":"render","operationId":"8vqopdgf6pbjdm7","timestamp":1708504903571,"id":"xo3e0vrue0frl89","previousEventId":"wis2q6e3313w8ed","previousOperationId":"85m70m1vanc23c4"}
{"type":"operationEnd","doDiffs":false,"previousEventId":"0sa5rqxxkjz9egc","previousOperationId":"sbpb1twioo7o4o4","operationId":"sbpb1twioo7o4o4","timestamp":1708504903576,"id":"bx6p0pir052mmd7"}
