{"type":"operationStart","subtype":"profile","data":{"_id":"35DDp4JCYv2iNbZi","timestamp":"2024-02-21T15:12:25.833Z","state":"queued","mode":"standard","creationDate":"2024-02-21T15:12:25.834Z","modificationDate":"2024-02-21T15:12:25.834Z","shortid":"9-ou4XR","$entitySet":"profiles"},"doDiffs":false,"timestamp":1708528345833,"id":"pptvfajmknru28d","previousOperationId":null,"operationId":"9n7v1m0sob0j987"}
{"type":"log","level":"info","message":"Render request 1 queued for execution and waiting for available worker","previousOperationId":"9n7v1m0sob0j987","timestamp":1708528345833,"id":"pc2m4bx8lf3dq4l"}
{"type":"operationStart","subtype":"render","name":"TemplateCalc","previousOperationId":"9n7v1m0sob0j987","timestamp":1708528345847,"id":"3bk5k2s0gxjqncr","previousEventId":"pptvfajmknru28d","operationId":"0be7we8v248y5kq"}
{"type":"log","timestamp":1708528345848,"level":"info","message":"Starting rendering request 1","meta":{"rootId":"y5ne1rwevrhzecu","id":"y5ne1rwevrhzecu"},"id":"qb0crvql8nh7gjx","previousOperationId":"0be7we8v248y5kq"}
{"type":"log","timestamp":1708528345848,"level":"info","message":"Rendering template { name: TemplateCalc, recipe: chrome-pdf, engine: handlebars, preview: false }","meta":{"rootId":"y5ne1rwevrhzecu","id":"y5ne1rwevrhzecu"},"id":"xbrpur7en6wos5v","previousOperationId":"0be7we8v248y5kq"}
{"type":"log","timestamp":1708528345849,"level":"debug","message":"Data item not defined for this template.","meta":{"rootId":"y5ne1rwevrhzecu","id":"y5ne1rwevrhzecu"},"id":"pi8lq6rv39gk767","previousOperationId":"0be7we8v248y5kq"}
{"type":"log","timestamp":1708528345851,"level":"debug","message":"Executing script list-data (beforeRender)","meta":{"rootId":"y5ne1rwevrhzecu","id":"y5ne1rwevrhzecu"},"id":"8vx27lw50fsbunw","previousOperationId":"0be7we8v248y5kq"}
{"type":"operationStart","subtype":"scriptsBeforeRender","name":"scripts beforeRender","timestamp":1708528345961,"id":"6oyc1caeb024e87","previousEventId":"3bk5k2s0gxjqncr","operationId":"awmyp68uggksdrm","previousOperationId":"0be7we8v248y5kq"}
{"type":"operationStart","subtype":"script","name":"scripts list-data","previousOperationId":"awmyp68uggksdrm","timestamp":1708528345961,"id":"os9ng7h5e8sw53z","previousEventId":"6oyc1caeb024e87","operationId":"poq9uhi961lxfus"}
{"type":"log","timestamp":1708528345975,"level":"debug","message":"(console:log) []","meta":{"userLevel":true,"rootId":"y5ne1rwevrhzecu","id":"y5ne1rwevrhzecu"},"id":"hd7e3nqpcxnqkur","previousOperationId":"poq9uhi961lxfus"}
{"type":"log","timestamp":1708528345986,"level":"debug","message":"(console:log) [\n  {\n    id: 1,\n    nickname: 'a',\n    is_admin: true,\n    suscriptor: null,\n    created_at: '2024-02-21T15:10:53.705Z',\n    updated_at: '2024-02-21T15:10:53.705Z',\n    email: 'aa@aa',\n    jti: '19ae21bd-9ffc-485b-939b-487af72659c6'\n  }\n]","meta":{"userLevel":true,"rootId":"y5ne1rwevrhzecu","id":"y5ne1rwevrhzecu"},"id":"0v4glvycav2r4mv","previousOperationId":"poq9uhi961lxfus"}
{"type":"operationEnd","operationId":"poq9uhi961lxfus","timestamp":1708528345986,"id":"i3fxwf01bjcxewi","previousEventId":"3bk5k2s0gxjqncr","previousOperationId":"0be7we8v248y5kq"}
{"type":"operationEnd","operationId":"awmyp68uggksdrm","timestamp":1708528345986,"id":"ojsaom8idwtk52f","previousEventId":"i3fxwf01bjcxewi","previousOperationId":"0be7we8v248y5kq"}
{"type":"log","timestamp":1708528345986,"level":"debug","message":"Base url not specified, skipping its injection.","meta":{"rootId":"y5ne1rwevrhzecu","id":"y5ne1rwevrhzecu"},"id":"bpcj0qsxjy8wlxk","previousOperationId":"awmyp68uggksdrm"}
{"type":"operationStart","subtype":"engine","name":"handlebars","timestamp":1708528345987,"id":"l5f63a5pd83i765","previousEventId":"ojsaom8idwtk52f","operationId":"qq0bb225z399yva","previousOperationId":"awmyp68uggksdrm"}
{"type":"log","timestamp":1708528345987,"level":"debug","message":"Rendering engine handlebars","meta":{"rootId":"y5ne1rwevrhzecu","id":"y5ne1rwevrhzecu"},"id":"3wyyd8fvc08xqjg","previousOperationId":"qq0bb225z399yva"}
{"type":"operationEnd","operationId":"qq0bb225z399yva","timestamp":1708528346120,"id":"48xrj064bw1s4oc","previousEventId":"l5f63a5pd83i765","previousOperationId":"qq0bb225z399yva"}
{"type":"operationStart","subtype":"recipe","name":"chrome-pdf","timestamp":1708528346120,"id":"552nn2e7jpsnbc5","previousEventId":"48xrj064bw1s4oc","operationId":"rukferaxqc689yd","previousOperationId":"qq0bb225z399yva"}
{"type":"log","timestamp":1708528346120,"level":"debug","message":"Executing recipe chrome-pdf","meta":{"rootId":"y5ne1rwevrhzecu","id":"y5ne1rwevrhzecu"},"id":"wo35upt4v0xjsf6","previousOperationId":"rukferaxqc689yd"}
{"type":"log","timestamp":1708528346709,"level":"debug","message":"Converting with chrome HeadlessChrome/117.0.5938.149 using chrome-pool strategy","meta":{"rootId":"y5ne1rwevrhzecu","id":"y5ne1rwevrhzecu"},"id":"h6bf6q681sf4o9r","previousOperationId":"rukferaxqc689yd"}
{"type":"log","timestamp":1708528346945,"level":"debug","message":"Page request: GET (document) file:///tmp/jsreport/autocleanup/36d44e13-989b-457c-a253-3f86f5081f95-chrome-pdf.html","meta":{"rootId":"y5ne1rwevrhzecu","id":"y5ne1rwevrhzecu"},"id":"8k9jjqjfxhd67lx","previousOperationId":"rukferaxqc689yd"}
{"type":"log","timestamp":1708528346958,"level":"debug","message":"Page request: GET (stylesheet) https://cdn.jsdelivr.net/chartist.js/latest/chartist.min.css","meta":{"rootId":"y5ne1rwevrhzecu","id":"y5ne1rwevrhzecu"},"id":"nkixpq83svw3wes","previousOperationId":"rukferaxqc689yd"}
{"type":"log","timestamp":1708528346958,"level":"debug","message":"Page request: GET (script) https://cdn.jsdelivr.net/chartist.js/latest/chartist.min.js","meta":{"rootId":"y5ne1rwevrhzecu","id":"y5ne1rwevrhzecu"},"id":"qelg7mbxzlrgsxv","previousOperationId":"rukferaxqc689yd"}
{"type":"log","timestamp":1708528346958,"level":"debug","message":"Page request finished: GET (document) 200 file:///tmp/jsreport/autocleanup/36d44e13-989b-457c-a253-3f86f5081f95-chrome-pdf.html","meta":{"rootId":"y5ne1rwevrhzecu","id":"y5ne1rwevrhzecu"},"id":"njbm1bas61vsz0u","previousOperationId":"rukferaxqc689yd"}
{"type":"log","timestamp":1708528347165,"level":"debug","message":"Page request finished: GET (stylesheet) 200 https://cdn.jsdelivr.net/chartist.js/latest/chartist.min.css","meta":{"rootId":"y5ne1rwevrhzecu","id":"y5ne1rwevrhzecu"},"id":"l56j7c1z6v989z8","previousOperationId":"rukferaxqc689yd"}
{"type":"log","timestamp":1708528347170,"level":"debug","message":"Page request finished: GET (script) 200 https://cdn.jsdelivr.net/chartist.js/latest/chartist.min.js","meta":{"rootId":"y5ne1rwevrhzecu","id":"y5ne1rwevrhzecu"},"id":"77792iwrkr5hfw1","previousOperationId":"rukferaxqc689yd"}
{"type":"log","timestamp":1708528347187,"level":"debug","message":"Running chrome with params {\"printBackground\":true,\"timeout\":59579,\"margin\":{}}","meta":{"rootId":"y5ne1rwevrhzecu","id":"y5ne1rwevrhzecu"},"id":"87yz9ld5x15f7pv","previousOperationId":"rukferaxqc689yd"}
{"type":"operationEnd","operationId":"rukferaxqc689yd","timestamp":1708528347213,"id":"sog6bd8ddi8qt8a","previousEventId":"552nn2e7jpsnbc5","previousOperationId":"rukferaxqc689yd"}
{"type":"log","timestamp":1708528347214,"level":"debug","message":"Skipping storing report.","meta":{"rootId":"y5ne1rwevrhzecu","id":"y5ne1rwevrhzecu"},"id":"kl05hs1e6enh6zi","previousOperationId":"rukferaxqc689yd"}
{"type":"log","timestamp":1708528347214,"level":"info","message":"Rendering request 1 finished in 1382 ms","meta":{"rootId":"y5ne1rwevrhzecu","id":"y5ne1rwevrhzecu"},"id":"rrhxld38jpe0myl","previousOperationId":"rukferaxqc689yd"}
{"type":"operationEnd","subtype":"render","operationId":"0be7we8v248y5kq","timestamp":1708528347214,"id":"d9tgge2fnqbb1oe","previousEventId":"sog6bd8ddi8qt8a","previousOperationId":"rukferaxqc689yd"}
{"type":"operationEnd","doDiffs":false,"previousEventId":"pptvfajmknru28d","previousOperationId":"9n7v1m0sob0j987","operationId":"9n7v1m0sob0j987","timestamp":1708528347216,"id":"yptcsi10361gcut"}
